running egg_info
writing ../../build/task5/task5.egg-info/PKG-INFO
writing dependency_links to ../../build/task5/task5.egg-info/dependency_links.txt
writing entry points to ../../build/task5/task5.egg-info/entry_points.txt
writing requirements to ../../build/task5/task5.egg-info/requires.txt
writing top-level names to ../../build/task5/task5.egg-info/top_level.txt
reading manifest file '../../build/task5/task5.egg-info/SOURCES.txt'
adding license file 'LICENSE'
writing manifest file '../../build/task5/task5.egg-info/SOURCES.txt'
running build
running build_py
running install
running install_lib
running install_data
running install_egg_info
removing '/home/michael/robo_ai_turku_2025/lab_1/ros2_ws/install/task5/lib/python3.10/site-packages/task5-0.0.0-py3.10.egg-info' (and everything under it)
Copying ../../build/task5/task5.egg-info to /home/michael/robo_ai_turku_2025/lab_1/ros2_ws/install/task5/lib/python3.10/site-packages/task5-0.0.0-py3.10.egg-info
running install_scripts
Installing cancel_client script to /home/michael/robo_ai_turku_2025/lab_1/ros2_ws/install/task5/lib/task5
Installing client script to /home/michael/robo_ai_turku_2025/lab_1/ros2_ws/install/task5/lib/task5
Installing server script to /home/michael/robo_ai_turku_2025/lab_1/ros2_ws/install/task5/lib/task5
writing list of installed files to '/home/michael/robo_ai_turku_2025/lab_1/ros2_ws/build/task5/install.log'
