[0.279s] DEBUG:colcon:Command line arguments: ['/usr/bin/colcon', 'build']
[0.279s] DEBUG:colcon:Parsed command line arguments: Namespace(log_base=None, log_level=None, verb_name='build', build_base='build', install_base='install', merge_install=False, symlink_install=False, test_result_base=None, continue_on_error=False, executor='parallel', parallel_workers=22, event_handlers=None, ignore_user_meta=False, metas=['./colcon.meta'], base_paths=['.'], packages_ignore=None, packages_ignore_regex=None, paths=None, packages_up_to=None, packages_up_to_regex=None, packages_above=None, packages_above_and_dependencies=None, packages_above_depth=None, packages_select_by_dep=None, packages_skip_by_dep=None, packages_skip_up_to=None, packages_select_build_failed=False, packages_skip_build_finished=False, packages_select_test_failures=False, packages_skip_test_passed=False, packages_select=None, packages_skip=None, packages_select_regex=None, packages_skip_regex=None, packages_start=None, packages_end=None, allow_overriding=[], cmake_args=None, cmake_target=None, cmake_target_skip_unavailable=False, cmake_clean_cache=False, cmake_clean_first=False, cmake_force_configure=False, ament_cmake_args=None, catkin_cmake_args=None, catkin_skip_building_tests=False, verb_parser=<colcon_defaults.argument_parser.defaults.DefaultArgumentsDecorator object at 0x7b5ea1339e70>, verb_extension=<colcon_core.verb.build.BuildVerb object at 0x7b5ea14bb5e0>, main=<bound method BuildVerb.main of <colcon_core.verb.build.BuildVerb object at 0x7b5ea14bb5e0>>)
[0.806s] Level 1:colcon.colcon_core.package_discovery:discover_packages(colcon_meta) check parameters
[0.807s] Level 1:colcon.colcon_core.package_discovery:discover_packages(recursive) check parameters
[0.807s] Level 1:colcon.colcon_core.package_discovery:discover_packages(ignore) check parameters
[0.807s] Level 1:colcon.colcon_core.package_discovery:discover_packages(path) check parameters
[0.807s] Level 1:colcon.colcon_core.package_discovery:discover_packages(colcon_meta) discover
[0.807s] Level 1:colcon.colcon_core.package_discovery:discover_packages(recursive) discover
[0.807s] INFO:colcon.colcon_core.package_discovery:Crawling recursively for packages in '/home/felix/robo/robo_ai_turku_2025/ros2_ws'
[0.807s] Level 1:colcon.colcon_core.package_identification:_identify(.) by extensions ['ignore', 'ignore_ament_install']
[0.807s] Level 1:colcon.colcon_core.package_identification:_identify(.) by extension 'ignore'
[0.807s] Level 1:colcon.colcon_core.package_identification:_identify(.) by extension 'ignore_ament_install'
[0.807s] Level 1:colcon.colcon_core.package_identification:_identify(.) by extensions ['colcon_pkg']
[0.807s] Level 1:colcon.colcon_core.package_identification:_identify(.) by extension 'colcon_pkg'
[0.807s] Level 1:colcon.colcon_core.package_identification:_identify(.) by extensions ['colcon_meta']
[0.807s] Level 1:colcon.colcon_core.package_identification:_identify(.) by extension 'colcon_meta'
[0.807s] Level 1:colcon.colcon_core.package_identification:_identify(.) by extensions ['ros']
[0.807s] Level 1:colcon.colcon_core.package_identification:_identify(.) by extension 'ros'
[0.827s] Level 1:colcon.colcon_core.package_identification:_identify(.) by extensions ['cmake', 'python']
[0.828s] Level 1:colcon.colcon_core.package_identification:_identify(.) by extension 'cmake'
[0.828s] Level 1:colcon.colcon_core.package_identification:_identify(.) by extension 'python'
[0.828s] Level 1:colcon.colcon_core.package_identification:_identify(.) by extensions ['python_setup_py']
[0.828s] Level 1:colcon.colcon_core.package_identification:_identify(.) by extension 'python_setup_py'
[0.829s] Level 1:colcon.colcon_core.package_identification:_identify(build) by extensions ['ignore', 'ignore_ament_install']
[0.829s] Level 1:colcon.colcon_core.package_identification:_identify(build) by extension 'ignore'
[0.829s] Level 1:colcon.colcon_core.package_identification:_identify(build) ignored
[0.829s] Level 1:colcon.colcon_core.package_identification:_identify(install) by extensions ['ignore', 'ignore_ament_install']
[0.829s] Level 1:colcon.colcon_core.package_identification:_identify(install) by extension 'ignore'
[0.829s] Level 1:colcon.colcon_core.package_identification:_identify(install) ignored
[0.829s] Level 1:colcon.colcon_core.package_identification:_identify(log) by extensions ['ignore', 'ignore_ament_install']
[0.829s] Level 1:colcon.colcon_core.package_identification:_identify(log) by extension 'ignore'
[0.829s] Level 1:colcon.colcon_core.package_identification:_identify(log) ignored
[0.830s] Level 1:colcon.colcon_core.package_identification:_identify(src) by extensions ['ignore', 'ignore_ament_install']
[0.830s] Level 1:colcon.colcon_core.package_identification:_identify(src) by extension 'ignore'
[0.830s] Level 1:colcon.colcon_core.package_identification:_identify(src) by extension 'ignore_ament_install'
[0.830s] Level 1:colcon.colcon_core.package_identification:_identify(src) by extensions ['colcon_pkg']
[0.830s] Level 1:colcon.colcon_core.package_identification:_identify(src) by extension 'colcon_pkg'
[0.830s] Level 1:colcon.colcon_core.package_identification:_identify(src) by extensions ['colcon_meta']
[0.830s] Level 1:colcon.colcon_core.package_identification:_identify(src) by extension 'colcon_meta'
[0.830s] Level 1:colcon.colcon_core.package_identification:_identify(src) by extensions ['ros']
[0.830s] Level 1:colcon.colcon_core.package_identification:_identify(src) by extension 'ros'
[0.830s] Level 1:colcon.colcon_core.package_identification:_identify(src) by extensions ['cmake', 'python']
[0.830s] Level 1:colcon.colcon_core.package_identification:_identify(src) by extension 'cmake'
[0.830s] Level 1:colcon.colcon_core.package_identification:_identify(src) by extension 'python'
[0.830s] Level 1:colcon.colcon_core.package_identification:_identify(src) by extensions ['python_setup_py']
[0.830s] Level 1:colcon.colcon_core.package_identification:_identify(src) by extension 'python_setup_py'
[0.831s] Level 1:colcon.colcon_core.package_identification:_identify(src/build) by extensions ['ignore', 'ignore_ament_install']
[0.831s] Level 1:colcon.colcon_core.package_identification:_identify(src/build) by extension 'ignore'
[0.831s] Level 1:colcon.colcon_core.package_identification:_identify(src/build) ignored
[0.832s] Level 1:colcon.colcon_core.package_identification:_identify(src/custom_interface) by extensions ['ignore', 'ignore_ament_install']
[0.833s] Level 1:colcon.colcon_core.package_identification:_identify(src/custom_interface) by extension 'ignore'
[0.833s] Level 1:colcon.colcon_core.package_identification:_identify(src/custom_interface) by extension 'ignore_ament_install'
[0.833s] Level 1:colcon.colcon_core.package_identification:_identify(src/custom_interface) by extensions ['colcon_pkg']
[0.833s] Level 1:colcon.colcon_core.package_identification:_identify(src/custom_interface) by extension 'colcon_pkg'
[0.833s] Level 1:colcon.colcon_core.package_identification:_identify(src/custom_interface) by extensions ['colcon_meta']
[0.833s] Level 1:colcon.colcon_core.package_identification:_identify(src/custom_interface) by extension 'colcon_meta'
[0.833s] Level 1:colcon.colcon_core.package_identification:_identify(src/custom_interface) by extensions ['ros']
[0.834s] Level 1:colcon.colcon_core.package_identification:_identify(src/custom_interface) by extension 'ros'
[0.839s] DEBUG:colcon.colcon_core.package_identification:Package 'src/custom_interface' with type 'ros.ament_cmake' and name 'custom_interface'
[0.840s] Level 1:colcon.colcon_core.package_identification:_identify(src/install) by extensions ['ignore', 'ignore_ament_install']
[0.840s] Level 1:colcon.colcon_core.package_identification:_identify(src/install) by extension 'ignore'
[0.840s] Level 1:colcon.colcon_core.package_identification:_identify(src/install) ignored
[0.840s] Level 1:colcon.colcon_core.package_identification:_identify(src/lab01_task01) by extensions ['ignore', 'ignore_ament_install']
[0.841s] Level 1:colcon.colcon_core.package_identification:_identify(src/lab01_task01) by extension 'ignore'
[0.841s] Level 1:colcon.colcon_core.package_identification:_identify(src/lab01_task01) by extension 'ignore_ament_install'
[0.841s] Level 1:colcon.colcon_core.package_identification:_identify(src/lab01_task01) by extensions ['colcon_pkg']
[0.841s] Level 1:colcon.colcon_core.package_identification:_identify(src/lab01_task01) by extension 'colcon_pkg'
[0.841s] Level 1:colcon.colcon_core.package_identification:_identify(src/lab01_task01) by extensions ['colcon_meta']
[0.841s] Level 1:colcon.colcon_core.package_identification:_identify(src/lab01_task01) by extension 'colcon_meta'
[0.841s] Level 1:colcon.colcon_core.package_identification:_identify(src/lab01_task01) by extensions ['ros']
[0.841s] Level 1:colcon.colcon_core.package_identification:_identify(src/lab01_task01) by extension 'ros'
[0.842s] DEBUG:colcon.colcon_core.package_identification:Package 'src/lab01_task01' with type 'ros.ament_python' and name 'lab01_task01'
[0.843s] Level 1:colcon.colcon_core.package_identification:_identify(src/lab01_task02) by extensions ['ignore', 'ignore_ament_install']
[0.843s] Level 1:colcon.colcon_core.package_identification:_identify(src/lab01_task02) by extension 'ignore'
[0.843s] Level 1:colcon.colcon_core.package_identification:_identify(src/lab01_task02) by extension 'ignore_ament_install'
[0.843s] Level 1:colcon.colcon_core.package_identification:_identify(src/lab01_task02) by extensions ['colcon_pkg']
[0.843s] Level 1:colcon.colcon_core.package_identification:_identify(src/lab01_task02) by extension 'colcon_pkg'
[0.843s] Level 1:colcon.colcon_core.package_identification:_identify(src/lab01_task02) by extensions ['colcon_meta']
[0.843s] Level 1:colcon.colcon_core.package_identification:_identify(src/lab01_task02) by extension 'colcon_meta'
[0.843s] Level 1:colcon.colcon_core.package_identification:_identify(src/lab01_task02) by extensions ['ros']
[0.843s] Level 1:colcon.colcon_core.package_identification:_identify(src/lab01_task02) by extension 'ros'
[0.845s] DEBUG:colcon.colcon_core.package_identification:Package 'src/lab01_task02' with type 'ros.ament_python' and name 'lab01_task02'
[0.845s] Level 1:colcon.colcon_core.package_identification:_identify(src/lab01_task03) by extensions ['ignore', 'ignore_ament_install']
[0.845s] Level 1:colcon.colcon_core.package_identification:_identify(src/lab01_task03) by extension 'ignore'
[0.845s] Level 1:colcon.colcon_core.package_identification:_identify(src/lab01_task03) by extension 'ignore_ament_install'
[0.845s] Level 1:colcon.colcon_core.package_identification:_identify(src/lab01_task03) by extensions ['colcon_pkg']
[0.845s] Level 1:colcon.colcon_core.package_identification:_identify(src/lab01_task03) by extension 'colcon_pkg'
[0.845s] Level 1:colcon.colcon_core.package_identification:_identify(src/lab01_task03) by extensions ['colcon_meta']
[0.845s] Level 1:colcon.colcon_core.package_identification:_identify(src/lab01_task03) by extension 'colcon_meta'
[0.845s] Level 1:colcon.colcon_core.package_identification:_identify(src/lab01_task03) by extensions ['ros']
[0.845s] Level 1:colcon.colcon_core.package_identification:_identify(src/lab01_task03) by extension 'ros'
[0.846s] DEBUG:colcon.colcon_core.package_identification:Package 'src/lab01_task03' with type 'ros.ament_python' and name 'lab01_task03'
[0.847s] Level 1:colcon.colcon_core.package_identification:_identify(src/lab01_task05) by extensions ['ignore', 'ignore_ament_install']
[0.847s] Level 1:colcon.colcon_core.package_identification:_identify(src/lab01_task05) by extension 'ignore'
[0.847s] Level 1:colcon.colcon_core.package_identification:_identify(src/lab01_task05) by extension 'ignore_ament_install'
[0.847s] Level 1:colcon.colcon_core.package_identification:_identify(src/lab01_task05) by extensions ['colcon_pkg']
[0.847s] Level 1:colcon.colcon_core.package_identification:_identify(src/lab01_task05) by extension 'colcon_pkg'
[0.847s] Level 1:colcon.colcon_core.package_identification:_identify(src/lab01_task05) by extensions ['colcon_meta']
[0.847s] Level 1:colcon.colcon_core.package_identification:_identify(src/lab01_task05) by extension 'colcon_meta'
[0.847s] Level 1:colcon.colcon_core.package_identification:_identify(src/lab01_task05) by extensions ['ros']
[0.847s] Level 1:colcon.colcon_core.package_identification:_identify(src/lab01_task05) by extension 'ros'
[0.848s] DEBUG:colcon.colcon_core.package_identification:Package 'src/lab01_task05' with type 'ros.ament_python' and name 'lab01_task05'
[0.848s] Level 1:colcon.colcon_core.package_identification:_identify(src/lab1_bringup) by extensions ['ignore', 'ignore_ament_install']
[0.848s] Level 1:colcon.colcon_core.package_identification:_identify(src/lab1_bringup) by extension 'ignore'
[0.849s] Level 1:colcon.colcon_core.package_identification:_identify(src/lab1_bringup) by extension 'ignore_ament_install'
[0.849s] Level 1:colcon.colcon_core.package_identification:_identify(src/lab1_bringup) by extensions ['colcon_pkg']
[0.849s] Level 1:colcon.colcon_core.package_identification:_identify(src/lab1_bringup) by extension 'colcon_pkg'
[0.849s] Level 1:colcon.colcon_core.package_identification:_identify(src/lab1_bringup) by extensions ['colcon_meta']
[0.849s] Level 1:colcon.colcon_core.package_identification:_identify(src/lab1_bringup) by extension 'colcon_meta'
[0.849s] Level 1:colcon.colcon_core.package_identification:_identify(src/lab1_bringup) by extensions ['ros']
[0.849s] Level 1:colcon.colcon_core.package_identification:_identify(src/lab1_bringup) by extension 'ros'
[0.850s] DEBUG:colcon.colcon_core.package_identification:Package 'src/lab1_bringup' with type 'ros.ament_python' and name 'lab1_bringup'
[0.850s] Level 1:colcon.colcon_core.package_identification:_identify(src/log) by extensions ['ignore', 'ignore_ament_install']
[0.851s] Level 1:colcon.colcon_core.package_identification:_identify(src/log) by extension 'ignore'
[0.851s] Level 1:colcon.colcon_core.package_identification:_identify(src/log) ignored
[0.851s] Level 1:colcon.colcon_core.package_identification:_identify(src/task1) by extensions ['ignore', 'ignore_ament_install']
[0.851s] Level 1:colcon.colcon_core.package_identification:_identify(src/task1) by extension 'ignore'
[0.851s] Level 1:colcon.colcon_core.package_identification:_identify(src/task1) by extension 'ignore_ament_install'
[0.851s] Level 1:colcon.colcon_core.package_identification:_identify(src/task1) by extensions ['colcon_pkg']
[0.851s] Level 1:colcon.colcon_core.package_identification:_identify(src/task1) by extension 'colcon_pkg'
[0.851s] Level 1:colcon.colcon_core.package_identification:_identify(src/task1) by extensions ['colcon_meta']
[0.851s] Level 1:colcon.colcon_core.package_identification:_identify(src/task1) by extension 'colcon_meta'
[0.851s] Level 1:colcon.colcon_core.package_identification:_identify(src/task1) by extensions ['ros']
[0.852s] Level 1:colcon.colcon_core.package_identification:_identify(src/task1) by extension 'ros'
[0.853s] DEBUG:colcon.colcon_core.package_identification:Package 'src/task1' with type 'ros.ament_python' and name 'task1'
[0.853s] Level 1:colcon.colcon_core.package_discovery:discover_packages(recursive) using defaults
[0.853s] Level 1:colcon.colcon_core.package_discovery:discover_packages(ignore) discover
[0.853s] Level 1:colcon.colcon_core.package_discovery:discover_packages(ignore) using defaults
[0.853s] Level 1:colcon.colcon_core.package_discovery:discover_packages(path) discover
[0.853s] Level 1:colcon.colcon_core.package_discovery:discover_packages(path) using defaults
[0.898s] Level 1:colcon.colcon_core.package_discovery:discover_packages(prefix_path) check parameters
[0.898s] Level 1:colcon.colcon_core.package_discovery:discover_packages(prefix_path) discover
[0.907s] DEBUG:colcon.colcon_installed_package_information.package_discovery:Found 7 installed packages in /home/felix/robo/robo_ai_turku_2025/ros2_ws/install
[0.907s] DEBUG:colcon.colcon_installed_package_information.package_discovery:Found 7 installed packages in /home/felix/robo/robo_ai_turku_2025/install
[0.909s] DEBUG:colcon.colcon_installed_package_information.package_discovery:Found 0 installed packages in /home/felix/robo/robo_ai_turku_2025/ros2_ws/src/install
[0.909s] DEBUG:colcon.colcon_installed_package_information.package_discovery:Found 1 installed packages in /home/felix/robo/robo_ai_turku_2025/ros2_ws/src/custom_interface/install
[0.910s] DEBUG:colcon.colcon_installed_package_information.package_discovery:Found 271 installed packages in /opt/ros/humble
[0.925s] Level 1:colcon.colcon_core.package_discovery:discover_packages(prefix_path) using defaults
[0.978s] Level 5:colcon.colcon_core.verb:set package 'custom_interface' build argument 'cmake_args' from command line to 'None'
[0.979s] Level 5:colcon.colcon_core.verb:set package 'custom_interface' build argument 'cmake_target' from command line to 'None'
[0.979s] Level 5:colcon.colcon_core.verb:set package 'custom_interface' build argument 'cmake_target_skip_unavailable' from command line to 'False'
[0.979s] Level 5:colcon.colcon_core.verb:set package 'custom_interface' build argument 'cmake_clean_cache' from command line to 'False'
[0.979s] Level 5:colcon.colcon_core.verb:set package 'custom_interface' build argument 'cmake_clean_first' from command line to 'False'
[0.979s] Level 5:colcon.colcon_core.verb:set package 'custom_interface' build argument 'cmake_force_configure' from command line to 'False'
[0.979s] Level 5:colcon.colcon_core.verb:set package 'custom_interface' build argument 'ament_cmake_args' from command line to 'None'
[0.979s] Level 5:colcon.colcon_core.verb:set package 'custom_interface' build argument 'catkin_cmake_args' from command line to 'None'
[0.979s] Level 5:colcon.colcon_core.verb:set package 'custom_interface' build argument 'catkin_skip_building_tests' from command line to 'False'
[0.979s] DEBUG:colcon.colcon_core.verb:Building package 'custom_interface' with the following arguments: {'ament_cmake_args': None, 'build_base': '/home/felix/robo/robo_ai_turku_2025/ros2_ws/build/custom_interface', 'catkin_cmake_args': None, 'catkin_skip_building_tests': False, 'cmake_args': None, 'cmake_clean_cache': False, 'cmake_clean_first': False, 'cmake_force_configure': False, 'cmake_target': None, 'cmake_target_skip_unavailable': False, 'install_base': '/home/felix/robo/robo_ai_turku_2025/ros2_ws/install/custom_interface', 'merge_install': False, 'path': '/home/felix/robo/robo_ai_turku_2025/ros2_ws/src/custom_interface', 'symlink_install': False, 'test_result_base': None}
[0.979s] Level 5:colcon.colcon_core.verb:set package 'lab01_task01' build argument 'cmake_args' from command line to 'None'
[0.980s] Level 5:colcon.colcon_core.verb:set package 'lab01_task01' build argument 'cmake_target' from command line to 'None'
[0.980s] Level 5:colcon.colcon_core.verb:set package 'lab01_task01' build argument 'cmake_target_skip_unavailable' from command line to 'False'
[0.980s] Level 5:colcon.colcon_core.verb:set package 'lab01_task01' build argument 'cmake_clean_cache' from command line to 'False'
[0.980s] Level 5:colcon.colcon_core.verb:set package 'lab01_task01' build argument 'cmake_clean_first' from command line to 'False'
[0.980s] Level 5:colcon.colcon_core.verb:set package 'lab01_task01' build argument 'cmake_force_configure' from command line to 'False'
[0.980s] Level 5:colcon.colcon_core.verb:set package 'lab01_task01' build argument 'ament_cmake_args' from command line to 'None'
[0.980s] Level 5:colcon.colcon_core.verb:set package 'lab01_task01' build argument 'catkin_cmake_args' from command line to 'None'
[0.980s] Level 5:colcon.colcon_core.verb:set package 'lab01_task01' build argument 'catkin_skip_building_tests' from command line to 'False'
[0.980s] DEBUG:colcon.colcon_core.verb:Building package 'lab01_task01' with the following arguments: {'ament_cmake_args': None, 'build_base': '/home/felix/robo/robo_ai_turku_2025/ros2_ws/build/lab01_task01', 'catkin_cmake_args': None, 'catkin_skip_building_tests': False, 'cmake_args': None, 'cmake_clean_cache': False, 'cmake_clean_first': False, 'cmake_force_configure': False, 'cmake_target': None, 'cmake_target_skip_unavailable': False, 'install_base': '/home/felix/robo/robo_ai_turku_2025/ros2_ws/install/lab01_task01', 'merge_install': False, 'path': '/home/felix/robo/robo_ai_turku_2025/ros2_ws/src/lab01_task01', 'symlink_install': False, 'test_result_base': None}
[0.980s] Level 5:colcon.colcon_core.verb:set package 'lab01_task02' build argument 'cmake_args' from command line to 'None'
[0.980s] Level 5:colcon.colcon_core.verb:set package 'lab01_task02' build argument 'cmake_target' from command line to 'None'
[0.980s] Level 5:colcon.colcon_core.verb:set package 'lab01_task02' build argument 'cmake_target_skip_unavailable' from command line to 'False'
[0.980s] Level 5:colcon.colcon_core.verb:set package 'lab01_task02' build argument 'cmake_clean_cache' from command line to 'False'
[0.980s] Level 5:colcon.colcon_core.verb:set package 'lab01_task02' build argument 'cmake_clean_first' from command line to 'False'
[0.980s] Level 5:colcon.colcon_core.verb:set package 'lab01_task02' build argument 'cmake_force_configure' from command line to 'False'
[0.980s] Level 5:colcon.colcon_core.verb:set package 'lab01_task02' build argument 'ament_cmake_args' from command line to 'None'
[0.980s] Level 5:colcon.colcon_core.verb:set package 'lab01_task02' build argument 'catkin_cmake_args' from command line to 'None'
[0.981s] Level 5:colcon.colcon_core.verb:set package 'lab01_task02' build argument 'catkin_skip_building_tests' from command line to 'False'
[0.981s] DEBUG:colcon.colcon_core.verb:Building package 'lab01_task02' with the following arguments: {'ament_cmake_args': None, 'build_base': '/home/felix/robo/robo_ai_turku_2025/ros2_ws/build/lab01_task02', 'catkin_cmake_args': None, 'catkin_skip_building_tests': False, 'cmake_args': None, 'cmake_clean_cache': False, 'cmake_clean_first': False, 'cmake_force_configure': False, 'cmake_target': None, 'cmake_target_skip_unavailable': False, 'install_base': '/home/felix/robo/robo_ai_turku_2025/ros2_ws/install/lab01_task02', 'merge_install': False, 'path': '/home/felix/robo/robo_ai_turku_2025/ros2_ws/src/lab01_task02', 'symlink_install': False, 'test_result_base': None}
[0.981s] Level 5:colcon.colcon_core.verb:set package 'lab1_bringup' build argument 'cmake_args' from command line to 'None'
[0.981s] Level 5:colcon.colcon_core.verb:set package 'lab1_bringup' build argument 'cmake_target' from command line to 'None'
[0.981s] Level 5:colcon.colcon_core.verb:set package 'lab1_bringup' build argument 'cmake_target_skip_unavailable' from command line to 'False'
[0.981s] Level 5:colcon.colcon_core.verb:set package 'lab1_bringup' build argument 'cmake_clean_cache' from command line to 'False'
[0.981s] Level 5:colcon.colcon_core.verb:set package 'lab1_bringup' build argument 'cmake_clean_first' from command line to 'False'
[0.981s] Level 5:colcon.colcon_core.verb:set package 'lab1_bringup' build argument 'cmake_force_configure' from command line to 'False'
[0.981s] Level 5:colcon.colcon_core.verb:set package 'lab1_bringup' build argument 'ament_cmake_args' from command line to 'None'
[0.981s] Level 5:colcon.colcon_core.verb:set package 'lab1_bringup' build argument 'catkin_cmake_args' from command line to 'None'
[0.981s] Level 5:colcon.colcon_core.verb:set package 'lab1_bringup' build argument 'catkin_skip_building_tests' from command line to 'False'
[0.981s] DEBUG:colcon.colcon_core.verb:Building package 'lab1_bringup' with the following arguments: {'ament_cmake_args': None, 'build_base': '/home/felix/robo/robo_ai_turku_2025/ros2_ws/build/lab1_bringup', 'catkin_cmake_args': None, 'catkin_skip_building_tests': False, 'cmake_args': None, 'cmake_clean_cache': False, 'cmake_clean_first': False, 'cmake_force_configure': False, 'cmake_target': None, 'cmake_target_skip_unavailable': False, 'install_base': '/home/felix/robo/robo_ai_turku_2025/ros2_ws/install/lab1_bringup', 'merge_install': False, 'path': '/home/felix/robo/robo_ai_turku_2025/ros2_ws/src/lab1_bringup', 'symlink_install': False, 'test_result_base': None}
[0.982s] Level 5:colcon.colcon_core.verb:set package 'task1' build argument 'cmake_args' from command line to 'None'
[0.982s] Level 5:colcon.colcon_core.verb:set package 'task1' build argument 'cmake_target' from command line to 'None'
[0.982s] Level 5:colcon.colcon_core.verb:set package 'task1' build argument 'cmake_target_skip_unavailable' from command line to 'False'
[0.982s] Level 5:colcon.colcon_core.verb:set package 'task1' build argument 'cmake_clean_cache' from command line to 'False'
[0.982s] Level 5:colcon.colcon_core.verb:set package 'task1' build argument 'cmake_clean_first' from command line to 'False'
[0.982s] Level 5:colcon.colcon_core.verb:set package 'task1' build argument 'cmake_force_configure' from command line to 'False'
[0.982s] Level 5:colcon.colcon_core.verb:set package 'task1' build argument 'ament_cmake_args' from command line to 'None'
[0.982s] Level 5:colcon.colcon_core.verb:set package 'task1' build argument 'catkin_cmake_args' from command line to 'None'
[0.982s] Level 5:colcon.colcon_core.verb:set package 'task1' build argument 'catkin_skip_building_tests' from command line to 'False'
[0.982s] DEBUG:colcon.colcon_core.verb:Building package 'task1' with the following arguments: {'ament_cmake_args': None, 'build_base': '/home/felix/robo/robo_ai_turku_2025/ros2_ws/build/task1', 'catkin_cmake_args': None, 'catkin_skip_building_tests': False, 'cmake_args': None, 'cmake_clean_cache': False, 'cmake_clean_first': False, 'cmake_force_configure': False, 'cmake_target': None, 'cmake_target_skip_unavailable': False, 'install_base': '/home/felix/robo/robo_ai_turku_2025/ros2_ws/install/task1', 'merge_install': False, 'path': '/home/felix/robo/robo_ai_turku_2025/ros2_ws/src/task1', 'symlink_install': False, 'test_result_base': None}
[0.982s] Level 5:colcon.colcon_core.verb:set package 'lab01_task03' build argument 'cmake_args' from command line to 'None'
[0.983s] Level 5:colcon.colcon_core.verb:set package 'lab01_task03' build argument 'cmake_target' from command line to 'None'
[0.983s] Level 5:colcon.colcon_core.verb:set package 'lab01_task03' build argument 'cmake_target_skip_unavailable' from command line to 'False'
[0.983s] Level 5:colcon.colcon_core.verb:set package 'lab01_task03' build argument 'cmake_clean_cache' from command line to 'False'
[0.983s] Level 5:colcon.colcon_core.verb:set package 'lab01_task03' build argument 'cmake_clean_first' from command line to 'False'
[0.983s] Level 5:colcon.colcon_core.verb:set package 'lab01_task03' build argument 'cmake_force_configure' from command line to 'False'
[0.983s] Level 5:colcon.colcon_core.verb:set package 'lab01_task03' build argument 'ament_cmake_args' from command line to 'None'
[0.983s] Level 5:colcon.colcon_core.verb:set package 'lab01_task03' build argument 'catkin_cmake_args' from command line to 'None'
[0.983s] Level 5:colcon.colcon_core.verb:set package 'lab01_task03' build argument 'catkin_skip_building_tests' from command line to 'False'
[0.983s] DEBUG:colcon.colcon_core.verb:Building package 'lab01_task03' with the following arguments: {'ament_cmake_args': None, 'build_base': '/home/felix/robo/robo_ai_turku_2025/ros2_ws/build/lab01_task03', 'catkin_cmake_args': None, 'catkin_skip_building_tests': False, 'cmake_args': None, 'cmake_clean_cache': False, 'cmake_clean_first': False, 'cmake_force_configure': False, 'cmake_target': None, 'cmake_target_skip_unavailable': False, 'install_base': '/home/felix/robo/robo_ai_turku_2025/ros2_ws/install/lab01_task03', 'merge_install': False, 'path': '/home/felix/robo/robo_ai_turku_2025/ros2_ws/src/lab01_task03', 'symlink_install': False, 'test_result_base': None}
[0.983s] Level 5:colcon.colcon_core.verb:set package 'lab01_task05' build argument 'cmake_args' from command line to 'None'
[0.984s] Level 5:colcon.colcon_core.verb:set package 'lab01_task05' build argument 'cmake_target' from command line to 'None'
[0.984s] Level 5:colcon.colcon_core.verb:set package 'lab01_task05' build argument 'cmake_target_skip_unavailable' from command line to 'False'
[0.984s] Level 5:colcon.colcon_core.verb:set package 'lab01_task05' build argument 'cmake_clean_cache' from command line to 'False'
[0.984s] Level 5:colcon.colcon_core.verb:set package 'lab01_task05' build argument 'cmake_clean_first' from command line to 'False'
[0.984s] Level 5:colcon.colcon_core.verb:set package 'lab01_task05' build argument 'cmake_force_configure' from command line to 'False'
[0.984s] Level 5:colcon.colcon_core.verb:set package 'lab01_task05' build argument 'ament_cmake_args' from command line to 'None'
[0.984s] Level 5:colcon.colcon_core.verb:set package 'lab01_task05' build argument 'catkin_cmake_args' from command line to 'None'
[0.984s] Level 5:colcon.colcon_core.verb:set package 'lab01_task05' build argument 'catkin_skip_building_tests' from command line to 'False'
[0.984s] DEBUG:colcon.colcon_core.verb:Building package 'lab01_task05' with the following arguments: {'ament_cmake_args': None, 'build_base': '/home/felix/robo/robo_ai_turku_2025/ros2_ws/build/lab01_task05', 'catkin_cmake_args': None, 'catkin_skip_building_tests': False, 'cmake_args': None, 'cmake_clean_cache': False, 'cmake_clean_first': False, 'cmake_force_configure': False, 'cmake_target': None, 'cmake_target_skip_unavailable': False, 'install_base': '/home/felix/robo/robo_ai_turku_2025/ros2_ws/install/lab01_task05', 'merge_install': False, 'path': '/home/felix/robo/robo_ai_turku_2025/ros2_ws/src/lab01_task05', 'symlink_install': False, 'test_result_base': None}
[0.984s] INFO:colcon.colcon_core.executor:Executing jobs using 'parallel' executor
[0.986s] DEBUG:colcon.colcon_parallel_executor.executor.parallel:run_until_complete
[0.987s] INFO:colcon.colcon_ros.task.ament_cmake.build:Building ROS package in '/home/felix/robo/robo_ai_turku_2025/ros2_ws/src/custom_interface' with build type 'ament_cmake'
[0.987s] INFO:colcon.colcon_cmake.task.cmake.build:Building CMake package in '/home/felix/robo/robo_ai_turku_2025/ros2_ws/src/custom_interface'
[0.997s] INFO:colcon.colcon_core.plugin_system:Skipping extension 'colcon_core.shell.bat': Not used on non-Windows systems
[0.998s] INFO:colcon.colcon_core.shell:Skip shell extension 'powershell' for command environment: Not usable outside of PowerShell
[0.998s] DEBUG:colcon.colcon_core.shell:Skip shell extension 'dsv' for command environment
[1.004s] INFO:colcon.colcon_ros.task.ament_python.build:Building ROS package in '/home/felix/robo/robo_ai_turku_2025/ros2_ws/src/lab01_task01' with build type 'ament_python'
[1.005s] Level 1:colcon.colcon_core.shell:create_environment_hook('lab01_task01', 'ament_prefix_path')
[1.005s] INFO:colcon.colcon_core.shell:Creating environment hook '/home/felix/robo/robo_ai_turku_2025/ros2_ws/install/lab01_task01/share/lab01_task01/hook/ament_prefix_path.ps1'
[1.010s] INFO:colcon.colcon_core.shell:Creating environment descriptor '/home/felix/robo/robo_ai_turku_2025/ros2_ws/install/lab01_task01/share/lab01_task01/hook/ament_prefix_path.dsv'
[1.011s] INFO:colcon.colcon_core.shell:Creating environment hook '/home/felix/robo/robo_ai_turku_2025/ros2_ws/install/lab01_task01/share/lab01_task01/hook/ament_prefix_path.sh'
[1.013s] INFO:colcon.colcon_core.shell:Skip shell extension 'powershell' for command environment: Not usable outside of PowerShell
[1.013s] DEBUG:colcon.colcon_core.shell:Skip shell extension 'dsv' for command environment
[1.019s] INFO:colcon.colcon_ros.task.ament_python.build:Building ROS package in '/home/felix/robo/robo_ai_turku_2025/ros2_ws/src/lab01_task02' with build type 'ament_python'
[1.019s] Level 1:colcon.colcon_core.shell:create_environment_hook('lab01_task02', 'ament_prefix_path')
[1.019s] INFO:colcon.colcon_core.shell:Creating environment hook '/home/felix/robo/robo_ai_turku_2025/ros2_ws/install/lab01_task02/share/lab01_task02/hook/ament_prefix_path.ps1'
[1.020s] INFO:colcon.colcon_core.shell:Creating environment descriptor '/home/felix/robo/robo_ai_turku_2025/ros2_ws/install/lab01_task02/share/lab01_task02/hook/ament_prefix_path.dsv'
[1.022s] INFO:colcon.colcon_core.shell:Creating environment hook '/home/felix/robo/robo_ai_turku_2025/ros2_ws/install/lab01_task02/share/lab01_task02/hook/ament_prefix_path.sh'
[1.024s] INFO:colcon.colcon_core.shell:Skip shell extension 'powershell' for command environment: Not usable outside of PowerShell
[1.024s] DEBUG:colcon.colcon_core.shell:Skip shell extension 'dsv' for command environment
[1.032s] INFO:colcon.colcon_ros.task.ament_python.build:Building ROS package in '/home/felix/robo/robo_ai_turku_2025/ros2_ws/src/lab1_bringup' with build type 'ament_python'
[1.033s] Level 1:colcon.colcon_core.shell:create_environment_hook('lab1_bringup', 'ament_prefix_path')
[1.033s] INFO:colcon.colcon_core.shell:Creating environment hook '/home/felix/robo/robo_ai_turku_2025/ros2_ws/install/lab1_bringup/share/lab1_bringup/hook/ament_prefix_path.ps1'
[1.035s] INFO:colcon.colcon_core.shell:Creating environment descriptor '/home/felix/robo/robo_ai_turku_2025/ros2_ws/install/lab1_bringup/share/lab1_bringup/hook/ament_prefix_path.dsv'
[1.035s] INFO:colcon.colcon_core.shell:Creating environment hook '/home/felix/robo/robo_ai_turku_2025/ros2_ws/install/lab1_bringup/share/lab1_bringup/hook/ament_prefix_path.sh'
[1.036s] INFO:colcon.colcon_core.shell:Skip shell extension 'powershell' for command environment: Not usable outside of PowerShell
[1.036s] DEBUG:colcon.colcon_core.shell:Skip shell extension 'dsv' for command environment
[1.046s] INFO:colcon.colcon_ros.task.ament_python.build:Building ROS package in '/home/felix/robo/robo_ai_turku_2025/ros2_ws/src/task1' with build type 'ament_python'
[1.047s] Level 1:colcon.colcon_core.shell:create_environment_hook('task1', 'ament_prefix_path')
[1.048s] INFO:colcon.colcon_core.shell:Creating environment hook '/home/felix/robo/robo_ai_turku_2025/ros2_ws/install/task1/share/task1/hook/ament_prefix_path.ps1'
[1.049s] INFO:colcon.colcon_core.shell:Creating environment descriptor '/home/felix/robo/robo_ai_turku_2025/ros2_ws/install/task1/share/task1/hook/ament_prefix_path.dsv'
[1.050s] INFO:colcon.colcon_core.shell:Creating environment hook '/home/felix/robo/robo_ai_turku_2025/ros2_ws/install/task1/share/task1/hook/ament_prefix_path.sh'
[1.050s] INFO:colcon.colcon_core.shell:Skip shell extension 'powershell' for command environment: Not usable outside of PowerShell
[1.050s] DEBUG:colcon.colcon_core.shell:Skip shell extension 'dsv' for command environment
[1.071s] DEBUG:colcon.colcon_core.event_handler.log_command:Invoking command in '/home/felix/robo/robo_ai_turku_2025/ros2_ws/build/custom_interface': CMAKE_PREFIX_PATH=${CMAKE_PREFIX_PATH}:/home/felix/robo/robo_ai_turku_2025/ros2_ws/install/task1:/home/felix/robo/robo_ai_turku_2025/ros2_ws/install/lab1_bringup:/home/felix/robo/robo_ai_turku_2025/ros2_ws/install/lab01_task05:/home/felix/robo/robo_ai_turku_2025/ros2_ws/install/lab01_task03:/home/felix/robo/robo_ai_turku_2025/ros2_ws/install/lab01_task02:/home/felix/robo/robo_ai_turku_2025/ros2_ws/install/lab01_task01:/home/felix/robo/robo_ai_turku_2025/install/task1:/home/felix/robo/robo_ai_turku_2025/install/lab1_bringup:/home/felix/robo/robo_ai_turku_2025/install/lab01_task05:/home/felix/robo/robo_ai_turku_2025/install/lab01_task03:/home/felix/robo/robo_ai_turku_2025/install/lab01_task02:/home/felix/robo/robo_ai_turku_2025/install/lab01_task01:/opt/ros/humble /usr/bin/cmake --build /home/felix/robo/robo_ai_turku_2025/ros2_ws/build/custom_interface -- -j22 -l22
[1.388s] INFO:colcon.colcon_core.task.python.build:Building Python package in '/home/felix/robo/robo_ai_turku_2025/ros2_ws/src/lab01_task01'
[1.388s] INFO:colcon.colcon_core.shell:Skip shell extension 'powershell' for command environment: Not usable outside of PowerShell
[1.388s] DEBUG:colcon.colcon_core.shell:Skip shell extension 'dsv' for command environment
[1.692s] INFO:colcon.colcon_core.task.python.build:Building Python package in '/home/felix/robo/robo_ai_turku_2025/ros2_ws/src/lab01_task02'
[1.693s] INFO:colcon.colcon_core.shell:Skip shell extension 'powershell' for command environment: Not usable outside of PowerShell
[1.693s] DEBUG:colcon.colcon_core.shell:Skip shell extension 'dsv' for command environment
[2.041s] INFO:colcon.colcon_core.task.python.build:Building Python package in '/home/felix/robo/robo_ai_turku_2025/ros2_ws/src/lab1_bringup'
[2.042s] INFO:colcon.colcon_core.shell:Skip shell extension 'powershell' for command environment: Not usable outside of PowerShell
[2.042s] DEBUG:colcon.colcon_core.shell:Skip shell extension 'dsv' for command environment
[2.358s] INFO:colcon.colcon_core.task.python.build:Building Python package in '/home/felix/robo/robo_ai_turku_2025/ros2_ws/src/task1'
[2.358s] INFO:colcon.colcon_core.shell:Skip shell extension 'powershell' for command environment: Not usable outside of PowerShell
[2.359s] DEBUG:colcon.colcon_core.shell:Skip shell extension 'dsv' for command environment
[2.386s] DEBUG:colcon.colcon_core.event_handler.log_command:Invoked command in '/home/felix/robo/robo_ai_turku_2025/ros2_ws/build/custom_interface' returned '0': CMAKE_PREFIX_PATH=${CMAKE_PREFIX_PATH}:/home/felix/robo/robo_ai_turku_2025/ros2_ws/install/task1:/home/felix/robo/robo_ai_turku_2025/ros2_ws/install/lab1_bringup:/home/felix/robo/robo_ai_turku_2025/ros2_ws/install/lab01_task05:/home/felix/robo/robo_ai_turku_2025/ros2_ws/install/lab01_task03:/home/felix/robo/robo_ai_turku_2025/ros2_ws/install/lab01_task02:/home/felix/robo/robo_ai_turku_2025/ros2_ws/install/lab01_task01:/home/felix/robo/robo_ai_turku_2025/install/task1:/home/felix/robo/robo_ai_turku_2025/install/lab1_bringup:/home/felix/robo/robo_ai_turku_2025/install/lab01_task05:/home/felix/robo/robo_ai_turku_2025/install/lab01_task03:/home/felix/robo/robo_ai_turku_2025/install/lab01_task02:/home/felix/robo/robo_ai_turku_2025/install/lab01_task01:/opt/ros/humble /usr/bin/cmake --build /home/felix/robo/robo_ai_turku_2025/ros2_ws/build/custom_interface -- -j22 -l22
[2.409s] DEBUG:colcon.colcon_core.event_handler.log_command:Invoking command in '/home/felix/robo/robo_ai_turku_2025/ros2_ws/build/custom_interface': CMAKE_PREFIX_PATH=${CMAKE_PREFIX_PATH}:/home/felix/robo/robo_ai_turku_2025/ros2_ws/install/task1:/home/felix/robo/robo_ai_turku_2025/ros2_ws/install/lab1_bringup:/home/felix/robo/robo_ai_turku_2025/ros2_ws/install/lab01_task05:/home/felix/robo/robo_ai_turku_2025/ros2_ws/install/lab01_task03:/home/felix/robo/robo_ai_turku_2025/ros2_ws/install/lab01_task02:/home/felix/robo/robo_ai_turku_2025/ros2_ws/install/lab01_task01:/home/felix/robo/robo_ai_turku_2025/install/task1:/home/felix/robo/robo_ai_turku_2025/install/lab1_bringup:/home/felix/robo/robo_ai_turku_2025/install/lab01_task05:/home/felix/robo/robo_ai_turku_2025/install/lab01_task03:/home/felix/robo/robo_ai_turku_2025/install/lab01_task02:/home/felix/robo/robo_ai_turku_2025/install/lab01_task01:/opt/ros/humble /usr/bin/cmake --install /home/felix/robo/robo_ai_turku_2025/ros2_ws/build/custom_interface
[2.610s] Level 1:colcon.colcon_core.environment:create_environment_scripts_only(custom_interface)
[2.611s] DEBUG:colcon.colcon_core.event_handler.log_command:Invoked command in '/home/felix/robo/robo_ai_turku_2025/ros2_ws/build/custom_interface' returned '0': CMAKE_PREFIX_PATH=${CMAKE_PREFIX_PATH}:/home/felix/robo/robo_ai_turku_2025/ros2_ws/install/task1:/home/felix/robo/robo_ai_turku_2025/ros2_ws/install/lab1_bringup:/home/felix/robo/robo_ai_turku_2025/ros2_ws/install/lab01_task05:/home/felix/robo/robo_ai_turku_2025/ros2_ws/install/lab01_task03:/home/felix/robo/robo_ai_turku_2025/ros2_ws/install/lab01_task02:/home/felix/robo/robo_ai_turku_2025/ros2_ws/install/lab01_task01:/home/felix/robo/robo_ai_turku_2025/install/task1:/home/felix/robo/robo_ai_turku_2025/install/lab1_bringup:/home/felix/robo/robo_ai_turku_2025/install/lab01_task05:/home/felix/robo/robo_ai_turku_2025/install/lab01_task03:/home/felix/robo/robo_ai_turku_2025/install/lab01_task02:/home/felix/robo/robo_ai_turku_2025/install/lab01_task01:/opt/ros/humble /usr/bin/cmake --install /home/felix/robo/robo_ai_turku_2025/ros2_ws/build/custom_interface
[2.625s] Level 1:colcon.colcon_core.environment:checking '/home/felix/robo/robo_ai_turku_2025/ros2_ws/install/custom_interface' for CMake module files
[2.628s] Level 1:colcon.colcon_core.environment:checking '/home/felix/robo/robo_ai_turku_2025/ros2_ws/install/custom_interface' for CMake config files
[2.645s] Level 1:colcon.colcon_core.shell:create_environment_hook('custom_interface', 'cmake_prefix_path')
[2.646s] INFO:colcon.colcon_core.shell:Creating environment hook '/home/felix/robo/robo_ai_turku_2025/ros2_ws/install/custom_interface/share/custom_interface/hook/cmake_prefix_path.ps1'
[2.647s] INFO:colcon.colcon_core.shell:Creating environment descriptor '/home/felix/robo/robo_ai_turku_2025/ros2_ws/install/custom_interface/share/custom_interface/hook/cmake_prefix_path.dsv'
[2.648s] INFO:colcon.colcon_core.shell:Creating environment hook '/home/felix/robo/robo_ai_turku_2025/ros2_ws/install/custom_interface/share/custom_interface/hook/cmake_prefix_path.sh'
[2.649s] Level 1:colcon.colcon_core.environment:checking '/home/felix/robo/robo_ai_turku_2025/ros2_ws/install/custom_interface/lib'
[2.650s] Level 1:colcon.colcon_core.shell:create_environment_hook('custom_interface', 'ld_library_path_lib')
[2.650s] INFO:colcon.colcon_core.shell:Creating environment hook '/home/felix/robo/robo_ai_turku_2025/ros2_ws/install/custom_interface/share/custom_interface/hook/ld_library_path_lib.ps1'
[2.651s] INFO:colcon.colcon_core.shell:Creating environment descriptor '/home/felix/robo/robo_ai_turku_2025/ros2_ws/install/custom_interface/share/custom_interface/hook/ld_library_path_lib.dsv'
[2.653s] INFO:colcon.colcon_core.shell:Creating environment hook '/home/felix/robo/robo_ai_turku_2025/ros2_ws/install/custom_interface/share/custom_interface/hook/ld_library_path_lib.sh'
[2.654s] Level 1:colcon.colcon_core.environment:checking '/home/felix/robo/robo_ai_turku_2025/ros2_ws/install/custom_interface/bin'
[2.654s] Level 1:colcon.colcon_core.environment:checking '/home/felix/robo/robo_ai_turku_2025/ros2_ws/install/custom_interface/lib/pkgconfig/custom_interface.pc'
[2.654s] Level 1:colcon.colcon_core.environment:checking '/home/felix/robo/robo_ai_turku_2025/ros2_ws/install/custom_interface/lib/python3.10/site-packages'
[2.655s] Level 1:colcon.colcon_core.environment:checking '/home/felix/robo/robo_ai_turku_2025/ros2_ws/install/custom_interface/bin'
[2.656s] INFO:colcon.colcon_core.shell:Creating package script '/home/felix/robo/robo_ai_turku_2025/ros2_ws/install/custom_interface/share/custom_interface/package.ps1'
[2.658s] INFO:colcon.colcon_core.shell:Creating package descriptor '/home/felix/robo/robo_ai_turku_2025/ros2_ws/install/custom_interface/share/custom_interface/package.dsv'
[2.660s] INFO:colcon.colcon_core.shell:Creating package script '/home/felix/robo/robo_ai_turku_2025/ros2_ws/install/custom_interface/share/custom_interface/package.sh'
[2.662s] INFO:colcon.colcon_core.shell:Creating package script '/home/felix/robo/robo_ai_turku_2025/ros2_ws/install/custom_interface/share/custom_interface/package.bash'
[2.663s] INFO:colcon.colcon_core.shell:Creating package script '/home/felix/robo/robo_ai_turku_2025/ros2_ws/install/custom_interface/share/custom_interface/package.zsh'
[2.665s] Level 1:colcon.colcon_core.environment:create_file_with_runtime_dependencies(/home/felix/robo/robo_ai_turku_2025/ros2_ws/install/custom_interface/share/colcon-core/packages/custom_interface)
[2.666s] Level 1:colcon.colcon_core.environment:create_environment_scripts_only(custom_interface)
[2.667s] Level 1:colcon.colcon_core.environment:checking '/home/felix/robo/robo_ai_turku_2025/ros2_ws/install/custom_interface' for CMake module files
[2.667s] Level 1:colcon.colcon_core.environment:checking '/home/felix/robo/robo_ai_turku_2025/ros2_ws/install/custom_interface' for CMake config files
[2.668s] Level 1:colcon.colcon_core.shell:create_environment_hook('custom_interface', 'cmake_prefix_path')
[2.668s] INFO:colcon.colcon_core.shell:Creating environment hook '/home/felix/robo/robo_ai_turku_2025/ros2_ws/install/custom_interface/share/custom_interface/hook/cmake_prefix_path.ps1'
[2.669s] INFO:colcon.colcon_core.shell:Creating environment descriptor '/home/felix/robo/robo_ai_turku_2025/ros2_ws/install/custom_interface/share/custom_interface/hook/cmake_prefix_path.dsv'
[2.669s] INFO:colcon.colcon_core.shell:Creating environment hook '/home/felix/robo/robo_ai_turku_2025/ros2_ws/install/custom_interface/share/custom_interface/hook/cmake_prefix_path.sh'
[2.670s] Level 1:colcon.colcon_core.environment:checking '/home/felix/robo/robo_ai_turku_2025/ros2_ws/install/custom_interface/lib'
[2.670s] Level 1:colcon.colcon_core.shell:create_environment_hook('custom_interface', 'ld_library_path_lib')
[2.670s] INFO:colcon.colcon_core.shell:Creating environment hook '/home/felix/robo/robo_ai_turku_2025/ros2_ws/install/custom_interface/share/custom_interface/hook/ld_library_path_lib.ps1'
[2.671s] INFO:colcon.colcon_core.shell:Creating environment descriptor '/home/felix/robo/robo_ai_turku_2025/ros2_ws/install/custom_interface/share/custom_interface/hook/ld_library_path_lib.dsv'
[2.671s] INFO:colcon.colcon_core.shell:Creating environment hook '/home/felix/robo/robo_ai_turku_2025/ros2_ws/install/custom_interface/share/custom_interface/hook/ld_library_path_lib.sh'
[2.672s] Level 1:colcon.colcon_core.environment:checking '/home/felix/robo/robo_ai_turku_2025/ros2_ws/install/custom_interface/bin'
[2.672s] Level 1:colcon.colcon_core.environment:checking '/home/felix/robo/robo_ai_turku_2025/ros2_ws/install/custom_interface/lib/pkgconfig/custom_interface.pc'
[2.672s] Level 1:colcon.colcon_core.environment:checking '/home/felix/robo/robo_ai_turku_2025/ros2_ws/install/custom_interface/lib/python3.10/site-packages'
[2.672s] Level 1:colcon.colcon_core.environment:checking '/home/felix/robo/robo_ai_turku_2025/ros2_ws/install/custom_interface/bin'
[2.673s] INFO:colcon.colcon_core.shell:Creating package script '/home/felix/robo/robo_ai_turku_2025/ros2_ws/install/custom_interface/share/custom_interface/package.ps1'
[2.673s] INFO:colcon.colcon_core.shell:Creating package descriptor '/home/felix/robo/robo_ai_turku_2025/ros2_ws/install/custom_interface/share/custom_interface/package.dsv'
[2.674s] INFO:colcon.colcon_core.shell:Creating package script '/home/felix/robo/robo_ai_turku_2025/ros2_ws/install/custom_interface/share/custom_interface/package.sh'
[2.674s] INFO:colcon.colcon_core.shell:Creating package script '/home/felix/robo/robo_ai_turku_2025/ros2_ws/install/custom_interface/share/custom_interface/package.bash'
[2.675s] INFO:colcon.colcon_core.shell:Creating package script '/home/felix/robo/robo_ai_turku_2025/ros2_ws/install/custom_interface/share/custom_interface/package.zsh'
[2.676s] Level 1:colcon.colcon_core.environment:create_file_with_runtime_dependencies(/home/felix/robo/robo_ai_turku_2025/ros2_ws/install/custom_interface/share/colcon-core/packages/custom_interface)
[2.676s] INFO:colcon.colcon_ros.task.ament_python.build:Building ROS package in '/home/felix/robo/robo_ai_turku_2025/ros2_ws/src/lab01_task03' with build type 'ament_python'
[2.676s] Level 1:colcon.colcon_core.shell:create_environment_hook('lab01_task03', 'ament_prefix_path')
[2.677s] INFO:colcon.colcon_core.shell:Creating environment hook '/home/felix/robo/robo_ai_turku_2025/ros2_ws/install/lab01_task03/share/lab01_task03/hook/ament_prefix_path.ps1'
[2.678s] INFO:colcon.colcon_core.shell:Creating environment descriptor '/home/felix/robo/robo_ai_turku_2025/ros2_ws/install/lab01_task03/share/lab01_task03/hook/ament_prefix_path.dsv'
[2.678s] INFO:colcon.colcon_core.shell:Creating environment hook '/home/felix/robo/robo_ai_turku_2025/ros2_ws/install/lab01_task03/share/lab01_task03/hook/ament_prefix_path.sh'
[2.679s] INFO:colcon.colcon_core.shell:Skip shell extension 'powershell' for command environment: Not usable outside of PowerShell
[2.680s] DEBUG:colcon.colcon_core.shell:Skip shell extension 'dsv' for command environment
[2.689s] INFO:colcon.colcon_ros.task.ament_python.build:Building ROS package in '/home/felix/robo/robo_ai_turku_2025/ros2_ws/src/lab01_task05' with build type 'ament_python'
[2.690s] Level 1:colcon.colcon_core.shell:create_environment_hook('lab01_task05', 'ament_prefix_path')
[2.690s] INFO:colcon.colcon_core.shell:Creating environment hook '/home/felix/robo/robo_ai_turku_2025/ros2_ws/install/lab01_task05/share/lab01_task05/hook/ament_prefix_path.ps1'
[2.692s] INFO:colcon.colcon_core.shell:Creating environment descriptor '/home/felix/robo/robo_ai_turku_2025/ros2_ws/install/lab01_task05/share/lab01_task05/hook/ament_prefix_path.dsv'
[2.693s] INFO:colcon.colcon_core.shell:Creating environment hook '/home/felix/robo/robo_ai_turku_2025/ros2_ws/install/lab01_task05/share/lab01_task05/hook/ament_prefix_path.sh'
[2.695s] INFO:colcon.colcon_core.shell:Skip shell extension 'powershell' for command environment: Not usable outside of PowerShell
[2.696s] DEBUG:colcon.colcon_core.shell:Skip shell extension 'dsv' for command environment
[3.075s] INFO:colcon.colcon_core.task.python.build:Building Python package in '/home/felix/robo/robo_ai_turku_2025/ros2_ws/src/lab01_task03'
[3.075s] INFO:colcon.colcon_core.shell:Skip shell extension 'powershell' for command environment: Not usable outside of PowerShell
[3.075s] DEBUG:colcon.colcon_core.shell:Skip shell extension 'dsv' for command environment
[2.759s] INFO:colcon.colcon_core.task.python.build:Building Python package in '/home/felix/robo/robo_ai_turku_2025/ros2_ws/src/lab01_task05'
[2.760s] INFO:colcon.colcon_core.shell:Skip shell extension 'powershell' for command environment: Not usable outside of PowerShell
[2.760s] DEBUG:colcon.colcon_core.shell:Skip shell extension 'dsv' for command environment
[2.770s] DEBUG:colcon.colcon_core.event_handler.log_command:Invoking command in '/home/felix/robo/robo_ai_turku_2025/ros2_ws/src/lab01_task01': PYTHONPATH=/home/felix/robo/robo_ai_turku_2025/ros2_ws/build/lab01_task01/prefix_override:/usr/lib/python3/dist-packages/colcon_core/task/python/colcon_distutils_commands:/home/felix/robo/robo_ai_turku_2025/ros2_ws/install/lab01_task01/lib/python3.10/site-packages:${PYTHONPATH} /usr/bin/python3 -W ignore:setup.py install is deprecated -W ignore:easy_install command is deprecated setup.py egg_info --egg-base ../../build/lab01_task01 build --build-base /home/felix/robo/robo_ai_turku_2025/ros2_ws/build/lab01_task01/build install --record /home/felix/robo/robo_ai_turku_2025/ros2_ws/build/lab01_task01/install.log --single-version-externally-managed install_data
[2.789s] DEBUG:colcon.colcon_core.event_handler.log_command:Invoking command in '/home/felix/robo/robo_ai_turku_2025/ros2_ws/src/lab1_bringup': PYTHONPATH=/home/felix/robo/robo_ai_turku_2025/ros2_ws/build/lab1_bringup/prefix_override:/usr/lib/python3/dist-packages/colcon_core/task/python/colcon_distutils_commands:/home/felix/robo/robo_ai_turku_2025/ros2_ws/install/lab1_bringup/lib/python3.10/site-packages:${PYTHONPATH} /usr/bin/python3 -W ignore:setup.py install is deprecated -W ignore:easy_install command is deprecated setup.py egg_info --egg-base ../../build/lab1_bringup build --build-base /home/felix/robo/robo_ai_turku_2025/ros2_ws/build/lab1_bringup/build install --record /home/felix/robo/robo_ai_turku_2025/ros2_ws/build/lab1_bringup/install.log --single-version-externally-managed install_data
[2.790s] DEBUG:colcon.colcon_core.event_handler.log_command:Invoking command in '/home/felix/robo/robo_ai_turku_2025/ros2_ws/src/task1': PYTHONPATH=/home/felix/robo/robo_ai_turku_2025/ros2_ws/build/task1/prefix_override:/usr/lib/python3/dist-packages/colcon_core/task/python/colcon_distutils_commands:/home/felix/robo/robo_ai_turku_2025/ros2_ws/install/task1/lib/python3.10/site-packages:${PYTHONPATH} /usr/bin/python3 -W ignore:setup.py install is deprecated -W ignore:easy_install command is deprecated setup.py egg_info --egg-base ../../build/task1 build --build-base /home/felix/robo/robo_ai_turku_2025/ros2_ws/build/task1/build install --record /home/felix/robo/robo_ai_turku_2025/ros2_ws/build/task1/install.log --single-version-externally-managed install_data
[2.799s] DEBUG:colcon.colcon_core.event_handler.log_command:Invoking command in '/home/felix/robo/robo_ai_turku_2025/ros2_ws/src/lab01_task02': PYTHONPATH=/home/felix/robo/robo_ai_turku_2025/ros2_ws/build/lab01_task02/prefix_override:/usr/lib/python3/dist-packages/colcon_core/task/python/colcon_distutils_commands:/home/felix/robo/robo_ai_turku_2025/ros2_ws/install/lab01_task02/lib/python3.10/site-packages:${PYTHONPATH} /usr/bin/python3 -W ignore:setup.py install is deprecated -W ignore:easy_install command is deprecated setup.py egg_info --egg-base ../../build/lab01_task02 build --build-base /home/felix/robo/robo_ai_turku_2025/ros2_ws/build/lab01_task02/build install --record /home/felix/robo/robo_ai_turku_2025/ros2_ws/build/lab01_task02/install.log --single-version-externally-managed install_data
[3.166s] Level 1:colcon.colcon_core.environment:checking '/home/felix/robo/robo_ai_turku_2025/ros2_ws/install/lab01_task02' for CMake module files
[3.168s] DEBUG:colcon.colcon_core.event_handler.log_command:Invoked command in '/home/felix/robo/robo_ai_turku_2025/ros2_ws/src/lab01_task02' returned '0': PYTHONPATH=/home/felix/robo/robo_ai_turku_2025/ros2_ws/build/lab01_task02/prefix_override:/usr/lib/python3/dist-packages/colcon_core/task/python/colcon_distutils_commands:/home/felix/robo/robo_ai_turku_2025/ros2_ws/install/lab01_task02/lib/python3.10/site-packages:${PYTHONPATH} /usr/bin/python3 -W ignore:setup.py install is deprecated -W ignore:easy_install command is deprecated setup.py egg_info --egg-base ../../build/lab01_task02 build --build-base /home/felix/robo/robo_ai_turku_2025/ros2_ws/build/lab01_task02/build install --record /home/felix/robo/robo_ai_turku_2025/ros2_ws/build/lab01_task02/install.log --single-version-externally-managed install_data
[3.169s] Level 1:colcon.colcon_core.environment:checking '/home/felix/robo/robo_ai_turku_2025/ros2_ws/install/lab01_task02' for CMake config files
[3.181s] Level 1:colcon.colcon_core.environment:checking '/home/felix/robo/robo_ai_turku_2025/ros2_ws/install/lab01_task02/lib'
[3.181s] Level 1:colcon.colcon_core.environment:checking '/home/felix/robo/robo_ai_turku_2025/ros2_ws/install/lab01_task02/bin'
[3.181s] Level 1:colcon.colcon_core.environment:checking '/home/felix/robo/robo_ai_turku_2025/ros2_ws/install/lab01_task02/lib/pkgconfig/lab01_task02.pc'
[3.182s] Level 1:colcon.colcon_core.environment:checking '/home/felix/robo/robo_ai_turku_2025/ros2_ws/install/lab01_task02/lib/python3.10/site-packages'
[3.182s] Level 1:colcon.colcon_core.shell:create_environment_hook('lab01_task02', 'pythonpath')
[3.183s] INFO:colcon.colcon_core.shell:Creating environment hook '/home/felix/robo/robo_ai_turku_2025/ros2_ws/install/lab01_task02/share/lab01_task02/hook/pythonpath.ps1'
[3.184s] INFO:colcon.colcon_core.shell:Creating environment descriptor '/home/felix/robo/robo_ai_turku_2025/ros2_ws/install/lab01_task02/share/lab01_task02/hook/pythonpath.dsv'
[3.185s] INFO:colcon.colcon_core.shell:Creating environment hook '/home/felix/robo/robo_ai_turku_2025/ros2_ws/install/lab01_task02/share/lab01_task02/hook/pythonpath.sh'
[3.186s] Level 1:colcon.colcon_core.environment:checking '/home/felix/robo/robo_ai_turku_2025/ros2_ws/install/lab01_task02/bin'
[3.186s] Level 1:colcon.colcon_core.environment:create_environment_scripts_only(lab01_task02)
[3.186s] INFO:colcon.colcon_core.shell:Creating package script '/home/felix/robo/robo_ai_turku_2025/ros2_ws/install/lab01_task02/share/lab01_task02/package.ps1'
[3.188s] INFO:colcon.colcon_core.shell:Creating package descriptor '/home/felix/robo/robo_ai_turku_2025/ros2_ws/install/lab01_task02/share/lab01_task02/package.dsv'
[3.189s] INFO:colcon.colcon_core.shell:Creating package script '/home/felix/robo/robo_ai_turku_2025/ros2_ws/install/lab01_task02/share/lab01_task02/package.sh'
[3.192s] INFO:colcon.colcon_core.shell:Creating package script '/home/felix/robo/robo_ai_turku_2025/ros2_ws/install/lab01_task02/share/lab01_task02/package.bash'
[3.192s] INFO:colcon.colcon_core.shell:Creating package script '/home/felix/robo/robo_ai_turku_2025/ros2_ws/install/lab01_task02/share/lab01_task02/package.zsh'
[3.194s] Level 1:colcon.colcon_core.environment:create_file_with_runtime_dependencies(/home/felix/robo/robo_ai_turku_2025/ros2_ws/install/lab01_task02/share/colcon-core/packages/lab01_task02)
[3.201s] Level 1:colcon.colcon_core.environment:checking '/home/felix/robo/robo_ai_turku_2025/ros2_ws/install/task1' for CMake module files
[3.202s] DEBUG:colcon.colcon_core.event_handler.log_command:Invoked command in '/home/felix/robo/robo_ai_turku_2025/ros2_ws/src/task1' returned '0': PYTHONPATH=/home/felix/robo/robo_ai_turku_2025/ros2_ws/build/task1/prefix_override:/usr/lib/python3/dist-packages/colcon_core/task/python/colcon_distutils_commands:/home/felix/robo/robo_ai_turku_2025/ros2_ws/install/task1/lib/python3.10/site-packages:${PYTHONPATH} /usr/bin/python3 -W ignore:setup.py install is deprecated -W ignore:easy_install command is deprecated setup.py egg_info --egg-base ../../build/task1 build --build-base /home/felix/robo/robo_ai_turku_2025/ros2_ws/build/task1/build install --record /home/felix/robo/robo_ai_turku_2025/ros2_ws/build/task1/install.log --single-version-externally-managed install_data
[3.207s] Level 1:colcon.colcon_core.environment:checking '/home/felix/robo/robo_ai_turku_2025/ros2_ws/install/task1' for CMake config files
[3.211s] Level 1:colcon.colcon_core.environment:checking '/home/felix/robo/robo_ai_turku_2025/ros2_ws/install/task1/lib'
[3.211s] Level 1:colcon.colcon_core.environment:checking '/home/felix/robo/robo_ai_turku_2025/ros2_ws/install/task1/bin'
[3.211s] Level 1:colcon.colcon_core.environment:checking '/home/felix/robo/robo_ai_turku_2025/ros2_ws/install/task1/lib/pkgconfig/task1.pc'
[3.212s] Level 1:colcon.colcon_core.environment:checking '/home/felix/robo/robo_ai_turku_2025/ros2_ws/install/task1/lib/python3.10/site-packages'
[3.212s] Level 1:colcon.colcon_core.shell:create_environment_hook('task1', 'pythonpath')
[3.212s] INFO:colcon.colcon_core.shell:Creating environment hook '/home/felix/robo/robo_ai_turku_2025/ros2_ws/install/task1/share/task1/hook/pythonpath.ps1'
[3.213s] INFO:colcon.colcon_core.shell:Creating environment descriptor '/home/felix/robo/robo_ai_turku_2025/ros2_ws/install/task1/share/task1/hook/pythonpath.dsv'
[3.213s] INFO:colcon.colcon_core.shell:Creating environment hook '/home/felix/robo/robo_ai_turku_2025/ros2_ws/install/task1/share/task1/hook/pythonpath.sh'
[3.214s] Level 1:colcon.colcon_core.environment:checking '/home/felix/robo/robo_ai_turku_2025/ros2_ws/install/task1/bin'
[3.214s] Level 1:colcon.colcon_core.environment:create_environment_scripts_only(task1)
[3.214s] INFO:colcon.colcon_core.shell:Creating package script '/home/felix/robo/robo_ai_turku_2025/ros2_ws/install/task1/share/task1/package.ps1'
[3.215s] INFO:colcon.colcon_core.shell:Creating package descriptor '/home/felix/robo/robo_ai_turku_2025/ros2_ws/install/task1/share/task1/package.dsv'
[3.215s] INFO:colcon.colcon_core.shell:Creating package script '/home/felix/robo/robo_ai_turku_2025/ros2_ws/install/task1/share/task1/package.sh'
[3.216s] INFO:colcon.colcon_core.shell:Creating package script '/home/felix/robo/robo_ai_turku_2025/ros2_ws/install/task1/share/task1/package.bash'
[3.216s] INFO:colcon.colcon_core.shell:Creating package script '/home/felix/robo/robo_ai_turku_2025/ros2_ws/install/task1/share/task1/package.zsh'
[3.217s] Level 1:colcon.colcon_core.environment:create_file_with_runtime_dependencies(/home/felix/robo/robo_ai_turku_2025/ros2_ws/install/task1/share/colcon-core/packages/task1)
[3.220s] Level 1:colcon.colcon_core.environment:checking '/home/felix/robo/robo_ai_turku_2025/ros2_ws/install/lab1_bringup' for CMake module files
[3.221s] DEBUG:colcon.colcon_core.event_handler.log_command:Invoked command in '/home/felix/robo/robo_ai_turku_2025/ros2_ws/src/lab1_bringup' returned '0': PYTHONPATH=/home/felix/robo/robo_ai_turku_2025/ros2_ws/build/lab1_bringup/prefix_override:/usr/lib/python3/dist-packages/colcon_core/task/python/colcon_distutils_commands:/home/felix/robo/robo_ai_turku_2025/ros2_ws/install/lab1_bringup/lib/python3.10/site-packages:${PYTHONPATH} /usr/bin/python3 -W ignore:setup.py install is deprecated -W ignore:easy_install command is deprecated setup.py egg_info --egg-base ../../build/lab1_bringup build --build-base /home/felix/robo/robo_ai_turku_2025/ros2_ws/build/lab1_bringup/build install --record /home/felix/robo/robo_ai_turku_2025/ros2_ws/build/lab1_bringup/install.log --single-version-externally-managed install_data
[3.221s] Level 1:colcon.colcon_core.environment:checking '/home/felix/robo/robo_ai_turku_2025/ros2_ws/install/lab1_bringup' for CMake config files
[3.227s] Level 1:colcon.colcon_core.environment:checking '/home/felix/robo/robo_ai_turku_2025/ros2_ws/install/lab1_bringup/lib'
[3.227s] Level 1:colcon.colcon_core.environment:checking '/home/felix/robo/robo_ai_turku_2025/ros2_ws/install/lab1_bringup/bin'
[3.227s] Level 1:colcon.colcon_core.environment:checking '/home/felix/robo/robo_ai_turku_2025/ros2_ws/install/lab1_bringup/lib/pkgconfig/lab1_bringup.pc'
[3.227s] Level 1:colcon.colcon_core.environment:checking '/home/felix/robo/robo_ai_turku_2025/ros2_ws/install/lab1_bringup/lib/python3.10/site-packages'
[3.227s] Level 1:colcon.colcon_core.shell:create_environment_hook('lab1_bringup', 'pythonpath')
[3.227s] INFO:colcon.colcon_core.shell:Creating environment hook '/home/felix/robo/robo_ai_turku_2025/ros2_ws/install/lab1_bringup/share/lab1_bringup/hook/pythonpath.ps1'
[3.229s] INFO:colcon.colcon_core.shell:Creating environment descriptor '/home/felix/robo/robo_ai_turku_2025/ros2_ws/install/lab1_bringup/share/lab1_bringup/hook/pythonpath.dsv'
[3.229s] INFO:colcon.colcon_core.shell:Creating environment hook '/home/felix/robo/robo_ai_turku_2025/ros2_ws/install/lab1_bringup/share/lab1_bringup/hook/pythonpath.sh'
[3.230s] Level 1:colcon.colcon_core.environment:checking '/home/felix/robo/robo_ai_turku_2025/ros2_ws/install/lab1_bringup/bin'
[3.230s] Level 1:colcon.colcon_core.environment:create_environment_scripts_only(lab1_bringup)
[3.231s] INFO:colcon.colcon_core.shell:Creating package script '/home/felix/robo/robo_ai_turku_2025/ros2_ws/install/lab1_bringup/share/lab1_bringup/package.ps1'
[3.231s] INFO:colcon.colcon_core.shell:Creating package descriptor '/home/felix/robo/robo_ai_turku_2025/ros2_ws/install/lab1_bringup/share/lab1_bringup/package.dsv'
[3.232s] INFO:colcon.colcon_core.shell:Creating package script '/home/felix/robo/robo_ai_turku_2025/ros2_ws/install/lab1_bringup/share/lab1_bringup/package.sh'
[3.233s] INFO:colcon.colcon_core.shell:Creating package script '/home/felix/robo/robo_ai_turku_2025/ros2_ws/install/lab1_bringup/share/lab1_bringup/package.bash'
[3.233s] INFO:colcon.colcon_core.shell:Creating package script '/home/felix/robo/robo_ai_turku_2025/ros2_ws/install/lab1_bringup/share/lab1_bringup/package.zsh'
[3.234s] Level 1:colcon.colcon_core.environment:create_file_with_runtime_dependencies(/home/felix/robo/robo_ai_turku_2025/ros2_ws/install/lab1_bringup/share/colcon-core/packages/lab1_bringup)
[3.265s] Level 1:colcon.colcon_core.environment:checking '/home/felix/robo/robo_ai_turku_2025/ros2_ws/install/lab01_task01' for CMake module files
[3.266s] DEBUG:colcon.colcon_core.event_handler.log_command:Invoked command in '/home/felix/robo/robo_ai_turku_2025/ros2_ws/src/lab01_task01' returned '0': PYTHONPATH=/home/felix/robo/robo_ai_turku_2025/ros2_ws/build/lab01_task01/prefix_override:/usr/lib/python3/dist-packages/colcon_core/task/python/colcon_distutils_commands:/home/felix/robo/robo_ai_turku_2025/ros2_ws/install/lab01_task01/lib/python3.10/site-packages:${PYTHONPATH} /usr/bin/python3 -W ignore:setup.py install is deprecated -W ignore:easy_install command is deprecated setup.py egg_info --egg-base ../../build/lab01_task01 build --build-base /home/felix/robo/robo_ai_turku_2025/ros2_ws/build/lab01_task01/build install --record /home/felix/robo/robo_ai_turku_2025/ros2_ws/build/lab01_task01/install.log --single-version-externally-managed install_data
[3.267s] Level 1:colcon.colcon_core.environment:checking '/home/felix/robo/robo_ai_turku_2025/ros2_ws/install/lab01_task01' for CMake config files
[3.271s] Level 1:colcon.colcon_core.environment:checking '/home/felix/robo/robo_ai_turku_2025/ros2_ws/install/lab01_task01/lib'
[3.271s] Level 1:colcon.colcon_core.environment:checking '/home/felix/robo/robo_ai_turku_2025/ros2_ws/install/lab01_task01/bin'
[3.271s] Level 1:colcon.colcon_core.environment:checking '/home/felix/robo/robo_ai_turku_2025/ros2_ws/install/lab01_task01/lib/pkgconfig/lab01_task01.pc'
[3.271s] Level 1:colcon.colcon_core.environment:checking '/home/felix/robo/robo_ai_turku_2025/ros2_ws/install/lab01_task01/lib/python3.10/site-packages'
[3.272s] Level 1:colcon.colcon_core.shell:create_environment_hook('lab01_task01', 'pythonpath')
[3.272s] INFO:colcon.colcon_core.shell:Creating environment hook '/home/felix/robo/robo_ai_turku_2025/ros2_ws/install/lab01_task01/share/lab01_task01/hook/pythonpath.ps1'
[3.272s] INFO:colcon.colcon_core.shell:Creating environment descriptor '/home/felix/robo/robo_ai_turku_2025/ros2_ws/install/lab01_task01/share/lab01_task01/hook/pythonpath.dsv'
[3.273s] INFO:colcon.colcon_core.shell:Creating environment hook '/home/felix/robo/robo_ai_turku_2025/ros2_ws/install/lab01_task01/share/lab01_task01/hook/pythonpath.sh'
[3.274s] Level 1:colcon.colcon_core.environment:checking '/home/felix/robo/robo_ai_turku_2025/ros2_ws/install/lab01_task01/bin'
[3.274s] Level 1:colcon.colcon_core.environment:create_environment_scripts_only(lab01_task01)
[3.274s] INFO:colcon.colcon_core.shell:Creating package script '/home/felix/robo/robo_ai_turku_2025/ros2_ws/install/lab01_task01/share/lab01_task01/package.ps1'
[3.275s] INFO:colcon.colcon_core.shell:Creating package descriptor '/home/felix/robo/robo_ai_turku_2025/ros2_ws/install/lab01_task01/share/lab01_task01/package.dsv'
[3.275s] INFO:colcon.colcon_core.shell:Creating package script '/home/felix/robo/robo_ai_turku_2025/ros2_ws/install/lab01_task01/share/lab01_task01/package.sh'
[3.276s] INFO:colcon.colcon_core.shell:Creating package script '/home/felix/robo/robo_ai_turku_2025/ros2_ws/install/lab01_task01/share/lab01_task01/package.bash'
[3.276s] INFO:colcon.colcon_core.shell:Creating package script '/home/felix/robo/robo_ai_turku_2025/ros2_ws/install/lab01_task01/share/lab01_task01/package.zsh'
[3.276s] Level 1:colcon.colcon_core.environment:create_file_with_runtime_dependencies(/home/felix/robo/robo_ai_turku_2025/ros2_ws/install/lab01_task01/share/colcon-core/packages/lab01_task01)
[3.321s] DEBUG:colcon.colcon_core.event_handler.log_command:Invoking command in '/home/felix/robo/robo_ai_turku_2025/ros2_ws/src/lab01_task03': PYTHONPATH=/home/felix/robo/robo_ai_turku_2025/ros2_ws/build/lab01_task03/prefix_override:/usr/lib/python3/dist-packages/colcon_core/task/python/colcon_distutils_commands:/home/felix/robo/robo_ai_turku_2025/ros2_ws/install/lab01_task03/lib/python3.10/site-packages:${PYTHONPATH} /usr/bin/python3 -W ignore:setup.py install is deprecated -W ignore:easy_install command is deprecated setup.py egg_info --egg-base ../../build/lab01_task03 build --build-base /home/felix/robo/robo_ai_turku_2025/ros2_ws/build/lab01_task03/build install --record /home/felix/robo/robo_ai_turku_2025/ros2_ws/build/lab01_task03/install.log --single-version-externally-managed install_data
[3.370s] DEBUG:colcon.colcon_core.event_handler.log_command:Invoking command in '/home/felix/robo/robo_ai_turku_2025/ros2_ws/src/lab01_task05': PYTHONPATH=/home/felix/robo/robo_ai_turku_2025/ros2_ws/build/lab01_task05/prefix_override:/usr/lib/python3/dist-packages/colcon_core/task/python/colcon_distutils_commands:/home/felix/robo/robo_ai_turku_2025/ros2_ws/install/lab01_task05/lib/python3.10/site-packages:${PYTHONPATH} /usr/bin/python3 -W ignore:setup.py install is deprecated -W ignore:easy_install command is deprecated setup.py egg_info --egg-base ../../build/lab01_task05 build --build-base /home/felix/robo/robo_ai_turku_2025/ros2_ws/build/lab01_task05/build install --record /home/felix/robo/robo_ai_turku_2025/ros2_ws/build/lab01_task05/install.log --single-version-externally-managed install_data
[3.689s] Level 1:colcon.colcon_core.environment:checking '/home/felix/robo/robo_ai_turku_2025/ros2_ws/install/lab01_task03' for CMake module files
[3.690s] DEBUG:colcon.colcon_core.event_handler.log_command:Invoked command in '/home/felix/robo/robo_ai_turku_2025/ros2_ws/src/lab01_task03' returned '0': PYTHONPATH=/home/felix/robo/robo_ai_turku_2025/ros2_ws/build/lab01_task03/prefix_override:/usr/lib/python3/dist-packages/colcon_core/task/python/colcon_distutils_commands:/home/felix/robo/robo_ai_turku_2025/ros2_ws/install/lab01_task03/lib/python3.10/site-packages:${PYTHONPATH} /usr/bin/python3 -W ignore:setup.py install is deprecated -W ignore:easy_install command is deprecated setup.py egg_info --egg-base ../../build/lab01_task03 build --build-base /home/felix/robo/robo_ai_turku_2025/ros2_ws/build/lab01_task03/build install --record /home/felix/robo/robo_ai_turku_2025/ros2_ws/build/lab01_task03/install.log --single-version-externally-managed install_data
[3.694s] Level 1:colcon.colcon_core.environment:checking '/home/felix/robo/robo_ai_turku_2025/ros2_ws/install/lab01_task03' for CMake config files
[3.704s] Level 1:colcon.colcon_core.environment:checking '/home/felix/robo/robo_ai_turku_2025/ros2_ws/install/lab01_task03/lib'
[3.704s] Level 1:colcon.colcon_core.environment:checking '/home/felix/robo/robo_ai_turku_2025/ros2_ws/install/lab01_task03/bin'
[3.704s] Level 1:colcon.colcon_core.environment:checking '/home/felix/robo/robo_ai_turku_2025/ros2_ws/install/lab01_task03/lib/pkgconfig/lab01_task03.pc'
[3.704s] Level 1:colcon.colcon_core.environment:checking '/home/felix/robo/robo_ai_turku_2025/ros2_ws/install/lab01_task03/lib/python3.10/site-packages'
[3.704s] Level 1:colcon.colcon_core.shell:create_environment_hook('lab01_task03', 'pythonpath')
[3.705s] INFO:colcon.colcon_core.shell:Creating environment hook '/home/felix/robo/robo_ai_turku_2025/ros2_ws/install/lab01_task03/share/lab01_task03/hook/pythonpath.ps1'
[3.705s] INFO:colcon.colcon_core.shell:Creating environment descriptor '/home/felix/robo/robo_ai_turku_2025/ros2_ws/install/lab01_task03/share/lab01_task03/hook/pythonpath.dsv'
[3.706s] INFO:colcon.colcon_core.shell:Creating environment hook '/home/felix/robo/robo_ai_turku_2025/ros2_ws/install/lab01_task03/share/lab01_task03/hook/pythonpath.sh'
[3.706s] Level 1:colcon.colcon_core.environment:checking '/home/felix/robo/robo_ai_turku_2025/ros2_ws/install/lab01_task03/bin'
[3.706s] Level 1:colcon.colcon_core.environment:create_environment_scripts_only(lab01_task03)
[3.707s] INFO:colcon.colcon_core.shell:Creating package script '/home/felix/robo/robo_ai_turku_2025/ros2_ws/install/lab01_task03/share/lab01_task03/package.ps1'
[3.707s] INFO:colcon.colcon_core.shell:Creating package descriptor '/home/felix/robo/robo_ai_turku_2025/ros2_ws/install/lab01_task03/share/lab01_task03/package.dsv'
[3.708s] INFO:colcon.colcon_core.shell:Creating package script '/home/felix/robo/robo_ai_turku_2025/ros2_ws/install/lab01_task03/share/lab01_task03/package.sh'
[3.708s] INFO:colcon.colcon_core.shell:Creating package script '/home/felix/robo/robo_ai_turku_2025/ros2_ws/install/lab01_task03/share/lab01_task03/package.bash'
[3.709s] INFO:colcon.colcon_core.shell:Creating package script '/home/felix/robo/robo_ai_turku_2025/ros2_ws/install/lab01_task03/share/lab01_task03/package.zsh'
[3.709s] Level 1:colcon.colcon_core.environment:create_file_with_runtime_dependencies(/home/felix/robo/robo_ai_turku_2025/ros2_ws/install/lab01_task03/share/colcon-core/packages/lab01_task03)
[3.713s] Level 1:colcon.colcon_core.environment:checking '/home/felix/robo/robo_ai_turku_2025/ros2_ws/install/lab01_task05' for CMake module files
[3.714s] DEBUG:colcon.colcon_core.event_handler.log_command:Invoked command in '/home/felix/robo/robo_ai_turku_2025/ros2_ws/src/lab01_task05' returned '0': PYTHONPATH=/home/felix/robo/robo_ai_turku_2025/ros2_ws/build/lab01_task05/prefix_override:/usr/lib/python3/dist-packages/colcon_core/task/python/colcon_distutils_commands:/home/felix/robo/robo_ai_turku_2025/ros2_ws/install/lab01_task05/lib/python3.10/site-packages:${PYTHONPATH} /usr/bin/python3 -W ignore:setup.py install is deprecated -W ignore:easy_install command is deprecated setup.py egg_info --egg-base ../../build/lab01_task05 build --build-base /home/felix/robo/robo_ai_turku_2025/ros2_ws/build/lab01_task05/build install --record /home/felix/robo/robo_ai_turku_2025/ros2_ws/build/lab01_task05/install.log --single-version-externally-managed install_data
[3.716s] Level 1:colcon.colcon_core.environment:checking '/home/felix/robo/robo_ai_turku_2025/ros2_ws/install/lab01_task05' for CMake config files
[3.723s] Level 1:colcon.colcon_core.environment:checking '/home/felix/robo/robo_ai_turku_2025/ros2_ws/install/lab01_task05/lib'
[3.723s] Level 1:colcon.colcon_core.environment:checking '/home/felix/robo/robo_ai_turku_2025/ros2_ws/install/lab01_task05/bin'
[3.723s] Level 1:colcon.colcon_core.environment:checking '/home/felix/robo/robo_ai_turku_2025/ros2_ws/install/lab01_task05/lib/pkgconfig/lab01_task05.pc'
[3.723s] Level 1:colcon.colcon_core.environment:checking '/home/felix/robo/robo_ai_turku_2025/ros2_ws/install/lab01_task05/lib/python3.10/site-packages'
[3.723s] Level 1:colcon.colcon_core.shell:create_environment_hook('lab01_task05', 'pythonpath')
[3.724s] INFO:colcon.colcon_core.shell:Creating environment hook '/home/felix/robo/robo_ai_turku_2025/ros2_ws/install/lab01_task05/share/lab01_task05/hook/pythonpath.ps1'
[3.724s] INFO:colcon.colcon_core.shell:Creating environment descriptor '/home/felix/robo/robo_ai_turku_2025/ros2_ws/install/lab01_task05/share/lab01_task05/hook/pythonpath.dsv'
[3.725s] INFO:colcon.colcon_core.shell:Creating environment hook '/home/felix/robo/robo_ai_turku_2025/ros2_ws/install/lab01_task05/share/lab01_task05/hook/pythonpath.sh'
[3.725s] Level 1:colcon.colcon_core.environment:checking '/home/felix/robo/robo_ai_turku_2025/ros2_ws/install/lab01_task05/bin'
[3.725s] Level 1:colcon.colcon_core.environment:create_environment_scripts_only(lab01_task05)
[3.726s] INFO:colcon.colcon_core.shell:Creating package script '/home/felix/robo/robo_ai_turku_2025/ros2_ws/install/lab01_task05/share/lab01_task05/package.ps1'
[3.726s] INFO:colcon.colcon_core.shell:Creating package descriptor '/home/felix/robo/robo_ai_turku_2025/ros2_ws/install/lab01_task05/share/lab01_task05/package.dsv'
[3.727s] INFO:colcon.colcon_core.shell:Creating package script '/home/felix/robo/robo_ai_turku_2025/ros2_ws/install/lab01_task05/share/lab01_task05/package.sh'
[3.728s] INFO:colcon.colcon_core.shell:Creating package script '/home/felix/robo/robo_ai_turku_2025/ros2_ws/install/lab01_task05/share/lab01_task05/package.bash'
[3.729s] INFO:colcon.colcon_core.shell:Creating package script '/home/felix/robo/robo_ai_turku_2025/ros2_ws/install/lab01_task05/share/lab01_task05/package.zsh'
[3.729s] Level 1:colcon.colcon_core.environment:create_file_with_runtime_dependencies(/home/felix/robo/robo_ai_turku_2025/ros2_ws/install/lab01_task05/share/colcon-core/packages/lab01_task05)
[3.730s] DEBUG:colcon.colcon_parallel_executor.executor.parallel:closing loop
[3.731s] DEBUG:colcon.colcon_parallel_executor.executor.parallel:loop closed
[3.731s] DEBUG:colcon.colcon_parallel_executor.executor.parallel:run_until_complete finished with '0'
[3.731s] DEBUG:colcon.colcon_core.event_reactor:joining thread
[3.794s] INFO:colcon.colcon_core.plugin_system:Skipping extension 'colcon_notification.desktop_notification.notify_send': Could not find 'notify-send'
[3.794s] INFO:colcon.colcon_core.plugin_system:Skipping extension 'colcon_notification.desktop_notification.terminal_notifier': Not used on non-Darwin systems
[3.794s] INFO:colcon.colcon_core.plugin_system:Skipping extension 'colcon_notification.desktop_notification.win32': Not used on non-Windows systems
[3.794s] INFO:colcon.colcon_notification.desktop_notification:Sending desktop notification using 'notify2'
[3.795s] DEBUG:colcon.colcon_notification.desktop_notification.notify2:Failed to initialize notify2: org.freedesktop.DBus.Error.FileNotFound: Failed to connect to socket /run/user/1000/bus: No such file or directory
[3.795s] DEBUG:colcon.colcon_core.event_reactor:joined thread
[3.796s] INFO:colcon.colcon_core.shell:Creating prefix script '/home/felix/robo/robo_ai_turku_2025/ros2_ws/install/local_setup.ps1'
[3.798s] INFO:colcon.colcon_core.shell:Creating prefix util module '/home/felix/robo/robo_ai_turku_2025/ros2_ws/install/_local_setup_util_ps1.py'
[3.801s] INFO:colcon.colcon_core.shell:Creating prefix chain script '/home/felix/robo/robo_ai_turku_2025/ros2_ws/install/setup.ps1'
[3.803s] INFO:colcon.colcon_core.shell:Creating prefix script '/home/felix/robo/robo_ai_turku_2025/ros2_ws/install/local_setup.sh'
[3.805s] INFO:colcon.colcon_core.shell:Creating prefix util module '/home/felix/robo/robo_ai_turku_2025/ros2_ws/install/_local_setup_util_sh.py'
[3.805s] INFO:colcon.colcon_core.shell:Creating prefix chain script '/home/felix/robo/robo_ai_turku_2025/ros2_ws/install/setup.sh'
[3.808s] INFO:colcon.colcon_core.shell:Creating prefix script '/home/felix/robo/robo_ai_turku_2025/ros2_ws/install/local_setup.bash'
[3.810s] INFO:colcon.colcon_core.shell:Creating prefix chain script '/home/felix/robo/robo_ai_turku_2025/ros2_ws/install/setup.bash'
[3.812s] INFO:colcon.colcon_core.shell:Creating prefix script '/home/felix/robo/robo_ai_turku_2025/ros2_ws/install/local_setup.zsh'
[3.813s] INFO:colcon.colcon_core.shell:Creating prefix chain script '/home/felix/robo/robo_ai_turku_2025/ros2_ws/install/setup.zsh'
