[0.455s] Invoking command in '/home/michael/robo_ai_turku_2025/lab_1/ros2_ws/src/task1': PYTHONPATH=/home/michael/robo_ai_turku_2025/lab_1/ros2_ws/build/task1/prefix_override:/usr/lib/python3/dist-packages/colcon_core/task/python/colcon_distutils_commands:/home/michael/robo_ai_turku_2025/lab_1/ros2_ws/install/task1/lib/python3.10/site-packages:${PYTHONPATH} /usr/bin/python3 -W ignore:setup.py install is deprecated -W ignore:easy_install command is deprecated setup.py egg_info --egg-base ../../build/task1 build --build-base /home/michael/robo_ai_turku_2025/lab_1/ros2_ws/build/task1/build install --record /home/michael/robo_ai_turku_2025/lab_1/ros2_ws/build/task1/install.log --single-version-externally-managed install_data
[0.546s] running egg_info
[0.546s] writing ../../build/task1/task1.egg-info/PKG-INFO
[0.547s] writing dependency_links to ../../build/task1/task1.egg-info/dependency_links.txt
[0.547s] writing entry points to ../../build/task1/task1.egg-info/entry_points.txt
[0.547s] writing requirements to ../../build/task1/task1.egg-info/requires.txt
[0.547s] writing top-level names to ../../build/task1/task1.egg-info/top_level.txt
[0.548s] reading manifest file '../../build/task1/task1.egg-info/SOURCES.txt'
[0.548s] adding license file 'LICENSE'
[0.548s] writing manifest file '../../build/task1/task1.egg-info/SOURCES.txt'
[0.549s] running build
[0.549s] running build_py
[0.549s] copying task1/publisher.py -> /home/michael/robo_ai_turku_2025/lab_1/ros2_ws/build/task1/build/lib/task1
[0.549s] running install
[0.549s] running install_lib
[0.550s] copying /home/michael/robo_ai_turku_2025/lab_1/ros2_ws/build/task1/build/lib/task1/publisher.py -> /home/michael/robo_ai_turku_2025/lab_1/ros2_ws/install/task1/lib/python3.10/site-packages/task1
[0.550s] byte-compiling /home/michael/robo_ai_turku_2025/lab_1/ros2_ws/install/task1/lib/python3.10/site-packages/task1/publisher.py to publisher.cpython-310.pyc
[0.550s] running install_data
[0.550s] running install_egg_info
[0.551s] removing '/home/michael/robo_ai_turku_2025/lab_1/ros2_ws/install/task1/lib/python3.10/site-packages/task1-0.0.0-py3.10.egg-info' (and everything under it)
[0.560s] Copying ../../build/task1/task1.egg-info to /home/michael/robo_ai_turku_2025/lab_1/ros2_ws/install/task1/lib/python3.10/site-packages/task1-0.0.0-py3.10.egg-info
[0.567s] running install_scripts
[0.577s] Installing publisher script to /home/michael/robo_ai_turku_2025/lab_1/ros2_ws/install/task1/lib/task1
[0.577s] Installing subscriber script to /home/michael/robo_ai_turku_2025/lab_1/ros2_ws/install/task1/lib/task1
[0.578s] writing list of installed files to '/home/michael/robo_ai_turku_2025/lab_1/ros2_ws/build/task1/install.log'
[0.592s] Invoked command in '/home/michael/robo_ai_turku_2025/lab_1/ros2_ws/src/task1' returned '0': PYTHONPATH=/home/michael/robo_ai_turku_2025/lab_1/ros2_ws/build/task1/prefix_override:/usr/lib/python3/dist-packages/colcon_core/task/python/colcon_distutils_commands:/home/michael/robo_ai_turku_2025/lab_1/ros2_ws/install/task1/lib/python3.10/site-packages:${PYTHONPATH} /usr/bin/python3 -W ignore:setup.py install is deprecated -W ignore:easy_install command is deprecated setup.py egg_info --egg-base ../../build/task1 build --build-base /home/michael/robo_ai_turku_2025/lab_1/ros2_ws/build/task1/build install --record /home/michael/robo_ai_turku_2025/lab_1/ros2_ws/build/task1/install.log --single-version-externally-managed install_data
