[0.754s] Invoking command in '/home/felix/robo/robo_ai_turku_2025/ros2_ws/src/lab01_task05': PYTHONPATH=/home/felix/robo/robo_ai_turku_2025/build/lab01_task05/prefix_override:/usr/lib/python3/dist-packages/colcon_core/task/python/colcon_distutils_commands:/home/felix/robo/robo_ai_turku_2025/install/lab01_task05/lib/python3.10/site-packages:${PYTHONPATH} /usr/bin/python3 -W ignore:setup.py install is deprecated -W ignore:easy_install command is deprecated setup.py egg_info --egg-base ../../../build/lab01_task05 build --build-base /home/felix/robo/robo_ai_turku_2025/build/lab01_task05/build install --record /home/felix/robo/robo_ai_turku_2025/build/lab01_task05/install.log --single-version-externally-managed install_data
[0.942s] running egg_info
[0.942s] writing ../../../build/lab01_task05/lab01_task05.egg-info/PKG-INFO
[0.943s] writing dependency_links to ../../../build/lab01_task05/lab01_task05.egg-info/dependency_links.txt
[0.943s] writing entry points to ../../../build/lab01_task05/lab01_task05.egg-info/entry_points.txt
[0.944s] writing requirements to ../../../build/lab01_task05/lab01_task05.egg-info/requires.txt
[0.944s] writing top-level names to ../../../build/lab01_task05/lab01_task05.egg-info/top_level.txt
[0.945s] reading manifest file '../../../build/lab01_task05/lab01_task05.egg-info/SOURCES.txt'
[0.946s] writing manifest file '../../../build/lab01_task05/lab01_task05.egg-info/SOURCES.txt'
[0.946s] running build
[0.946s] running build_py
[0.947s] copying lab01_task05/countdown_server.py -> /home/felix/robo/robo_ai_turku_2025/build/lab01_task05/build/lib/lab01_task05
[0.947s] copying lab01_task05/countdown_client.py -> /home/felix/robo/robo_ai_turku_2025/build/lab01_task05/build/lib/lab01_task05
[0.947s] running install
[0.947s] running install_lib
[0.948s] copying /home/felix/robo/robo_ai_turku_2025/build/lab01_task05/build/lib/lab01_task05/countdown_server.py -> /home/felix/robo/robo_ai_turku_2025/install/lab01_task05/lib/python3.10/site-packages/lab01_task05
[0.948s] copying /home/felix/robo/robo_ai_turku_2025/build/lab01_task05/build/lib/lab01_task05/countdown_client.py -> /home/felix/robo/robo_ai_turku_2025/install/lab01_task05/lib/python3.10/site-packages/lab01_task05
[0.949s] byte-compiling /home/felix/robo/robo_ai_turku_2025/install/lab01_task05/lib/python3.10/site-packages/lab01_task05/countdown_server.py to countdown_server.cpython-310.pyc
[0.950s] byte-compiling /home/felix/robo/robo_ai_turku_2025/install/lab01_task05/lib/python3.10/site-packages/lab01_task05/countdown_client.py to countdown_client.cpython-310.pyc
[0.951s] running install_data
[0.951s] running install_egg_info
[0.952s] removing '/home/felix/robo/robo_ai_turku_2025/install/lab01_task05/lib/python3.10/site-packages/lab01_task05-0.0.0-py3.10.egg-info' (and everything under it)
[0.952s] Copying ../../../build/lab01_task05/lab01_task05.egg-info to /home/felix/robo/robo_ai_turku_2025/install/lab01_task05/lib/python3.10/site-packages/lab01_task05-0.0.0-py3.10.egg-info
[0.953s] running install_scripts
[0.972s] Installing cancel_service_server script to /home/felix/robo/robo_ai_turku_2025/install/lab01_task05/lib/lab01_task05
[0.972s] Installing countdown_cancel_client script to /home/felix/robo/robo_ai_turku_2025/install/lab01_task05/lib/lab01_task05
[0.972s] Installing countdown_client script to /home/felix/robo/robo_ai_turku_2025/install/lab01_task05/lib/lab01_task05
[0.973s] Installing countdown_server script to /home/felix/robo/robo_ai_turku_2025/install/lab01_task05/lib/lab01_task05
[0.973s] writing list of installed files to '/home/felix/robo/robo_ai_turku_2025/build/lab01_task05/install.log'
[0.990s] Invoked command in '/home/felix/robo/robo_ai_turku_2025/ros2_ws/src/lab01_task05' returned '0': PYTHONPATH=/home/felix/robo/robo_ai_turku_2025/build/lab01_task05/prefix_override:/usr/lib/python3/dist-packages/colcon_core/task/python/colcon_distutils_commands:/home/felix/robo/robo_ai_turku_2025/install/lab01_task05/lib/python3.10/site-packages:${PYTHONPATH} /usr/bin/python3 -W ignore:setup.py install is deprecated -W ignore:easy_install command is deprecated setup.py egg_info --egg-base ../../../build/lab01_task05 build --build-base /home/felix/robo/robo_ai_turku_2025/build/lab01_task05/build install --record /home/felix/robo/robo_ai_turku_2025/build/lab01_task05/install.log --single-version-externally-managed install_data
