[1.109s] Invoking command in '/home/felix/robo/robo_ai_turku_2025/ros2_ws/src/lab01_task05': PYTHONPATH=/home/felix/robo/robo_ai_turku_2025/ros2_ws/build/lab01_task05/prefix_override:/usr/lib/python3/dist-packages/colcon_core/task/python/colcon_distutils_commands:/home/felix/robo/robo_ai_turku_2025/ros2_ws/install/lab01_task05/lib/python3.10/site-packages:${PYTHONPATH} /usr/bin/python3 -W ignore:setup.py install is deprecated -W ignore:easy_install command is deprecated setup.py egg_info --egg-base ../../build/lab01_task05 build --build-base /home/felix/robo/robo_ai_turku_2025/ros2_ws/build/lab01_task05/build install --record /home/felix/robo/robo_ai_turku_2025/ros2_ws/build/lab01_task05/install.log --single-version-externally-managed install_data
[1.353s] running egg_info
[1.353s] writing ../../build/lab01_task05/lab01_task05.egg-info/PKG-INFO
[1.354s] writing dependency_links to ../../build/lab01_task05/lab01_task05.egg-info/dependency_links.txt
[1.355s] writing entry points to ../../build/lab01_task05/lab01_task05.egg-info/entry_points.txt
[1.355s] writing requirements to ../../build/lab01_task05/lab01_task05.egg-info/requires.txt
[1.355s] writing top-level names to ../../build/lab01_task05/lab01_task05.egg-info/top_level.txt
[1.362s] reading manifest file '../../build/lab01_task05/lab01_task05.egg-info/SOURCES.txt'
[1.364s] writing manifest file '../../build/lab01_task05/lab01_task05.egg-info/SOURCES.txt'
[1.365s] running build
[1.365s] running build_py
[1.365s] copying lab01_task05/countdown_server.py -> /home/felix/robo/robo_ai_turku_2025/ros2_ws/build/lab01_task05/build/lib/lab01_task05
[1.365s] running install
[1.366s] running install_lib
[1.367s] copying /home/felix/robo/robo_ai_turku_2025/ros2_ws/build/lab01_task05/build/lib/lab01_task05/countdown_server.py -> /home/felix/robo/robo_ai_turku_2025/ros2_ws/install/lab01_task05/lib/python3.10/site-packages/lab01_task05
[1.368s] byte-compiling /home/felix/robo/robo_ai_turku_2025/ros2_ws/install/lab01_task05/lib/python3.10/site-packages/lab01_task05/countdown_server.py to countdown_server.cpython-310.pyc
[1.369s] running install_data
[1.369s] running install_egg_info
[1.371s] removing '/home/felix/robo/robo_ai_turku_2025/ros2_ws/install/lab01_task05/lib/python3.10/site-packages/lab01_task05-0.0.0-py3.10.egg-info' (and everything under it)
[1.371s] Copying ../../build/lab01_task05/lab01_task05.egg-info to /home/felix/robo/robo_ai_turku_2025/ros2_ws/install/lab01_task05/lib/python3.10/site-packages/lab01_task05-0.0.0-py3.10.egg-info
[1.374s] running install_scripts
[1.397s] Installing countdown_cancel_client script to /home/felix/robo/robo_ai_turku_2025/ros2_ws/install/lab01_task05/lib/lab01_task05
[1.398s] Installing countdown_client script to /home/felix/robo/robo_ai_turku_2025/ros2_ws/install/lab01_task05/lib/lab01_task05
[1.398s] Installing countdown_server script to /home/felix/robo/robo_ai_turku_2025/ros2_ws/install/lab01_task05/lib/lab01_task05
[1.398s] writing list of installed files to '/home/felix/robo/robo_ai_turku_2025/ros2_ws/build/lab01_task05/install.log'
[1.424s] Invoked command in '/home/felix/robo/robo_ai_turku_2025/ros2_ws/src/lab01_task05' returned '0': PYTHONPATH=/home/felix/robo/robo_ai_turku_2025/ros2_ws/build/lab01_task05/prefix_override:/usr/lib/python3/dist-packages/colcon_core/task/python/colcon_distutils_commands:/home/felix/robo/robo_ai_turku_2025/ros2_ws/install/lab01_task05/lib/python3.10/site-packages:${PYTHONPATH} /usr/bin/python3 -W ignore:setup.py install is deprecated -W ignore:easy_install command is deprecated setup.py egg_info --egg-base ../../build/lab01_task05 build --build-base /home/felix/robo/robo_ai_turku_2025/ros2_ws/build/lab01_task05/build install --record /home/felix/robo/robo_ai_turku_2025/ros2_ws/build/lab01_task05/install.log --single-version-externally-managed install_data
