[0.004s] Invoking command in '/home/michael/robo_ai_turku_2025/lab_1/ros2_ws/build/custom_interface': CMAKE_PREFIX_PATH=${CMAKE_PREFIX_PATH}:/home/michael/robo_ai_turku_2025/lab_1/ros2_ws/install/task5:/home/michael/robo_ai_turku_2025/lab_1/ros2_ws/install/task3:/home/michael/robo_ai_turku_2025/lab_1/ros2_ws/install/task2:/home/michael/robo_ai_turku_2025/lab_1/ros2_ws/install/task1:/home/michael/robo_ai_turku_2025/lab_1/ros2_ws/install/lap:/opt/ros/humble /usr/bin/cmake --build /home/michael/robo_ai_turku_2025/lab_1/ros2_ws/build/custom_interface -- -j3 -l3
[0.036s] [  2%] Built target custom_interface__cpp
[0.041s] [  2%] Built target ament_cmake_python_copy_custom_interface
[0.041s] [ 12%] Built target custom_interface__rosidl_generator_c
[0.052s] [ 23%] Built target custom_interface__rosidl_typesupport_cpp
[0.058s] [ 34%] Built target custom_interface__rosidl_typesupport_fastrtps_cpp
[0.061s] [ 44%] Built target custom_interface__rosidl_typesupport_introspection_cpp
[0.073s] [ 55%] Built target custom_interface__rosidl_typesupport_fastrtps_c
[0.073s] [ 65%] Built target custom_interface__rosidl_typesupport_introspection_c
[0.086s] [ 76%] Built target custom_interface__rosidl_typesupport_c
[0.097s] [ 76%] Built target custom_interface
[0.109s] [ 78%] Built target custom_interface__py
[0.123s] [ 87%] Built target custom_interface__rosidl_generator_py
[0.138s] [ 91%] Built target custom_interface__rosidl_typesupport_introspection_c__pyext
[0.138s] [ 95%] Built target custom_interface__rosidl_typesupport_fastrtps_c__pyext
[0.151s] [100%] Built target custom_interface__rosidl_typesupport_c__pyext
[0.210s] running egg_info
[0.210s] writing custom_interface.egg-info/PKG-INFO
[0.211s] writing dependency_links to custom_interface.egg-info/dependency_links.txt
[0.211s] writing top-level names to custom_interface.egg-info/top_level.txt
[0.212s] reading manifest file 'custom_interface.egg-info/SOURCES.txt'
[0.213s] writing manifest file 'custom_interface.egg-info/SOURCES.txt'
[0.232s] [100%] Built target ament_cmake_python_build_custom_interface_egg
[0.240s] Invoked command in '/home/michael/robo_ai_turku_2025/lab_1/ros2_ws/build/custom_interface' returned '0': CMAKE_PREFIX_PATH=${CMAKE_PREFIX_PATH}:/home/michael/robo_ai_turku_2025/lab_1/ros2_ws/install/task5:/home/michael/robo_ai_turku_2025/lab_1/ros2_ws/install/task3:/home/michael/robo_ai_turku_2025/lab_1/ros2_ws/install/task2:/home/michael/robo_ai_turku_2025/lab_1/ros2_ws/install/task1:/home/michael/robo_ai_turku_2025/lab_1/ros2_ws/install/lap:/opt/ros/humble /usr/bin/cmake --build /home/michael/robo_ai_turku_2025/lab_1/ros2_ws/build/custom_interface -- -j3 -l3
[0.245s] Invoking command in '/home/michael/robo_ai_turku_2025/lab_1/ros2_ws/build/custom_interface': CMAKE_PREFIX_PATH=${CMAKE_PREFIX_PATH}:/home/michael/robo_ai_turku_2025/lab_1/ros2_ws/install/task5:/home/michael/robo_ai_turku_2025/lab_1/ros2_ws/install/task3:/home/michael/robo_ai_turku_2025/lab_1/ros2_ws/install/task2:/home/michael/robo_ai_turku_2025/lab_1/ros2_ws/install/task1:/home/michael/robo_ai_turku_2025/lab_1/ros2_ws/install/lap:/opt/ros/humble /usr/bin/cmake --install /home/michael/robo_ai_turku_2025/lab_1/ros2_ws/build/custom_interface
[0.250s] -- Install configuration: ""
[0.250s] -- Up-to-date: /home/michael/robo_ai_turku_2025/lab_1/ros2_ws/install/custom_interface/share/ament_index/resource_index/rosidl_interfaces/custom_interface
[0.250s] -- Up-to-date: /home/michael/robo_ai_turku_2025/lab_1/ros2_ws/install/custom_interface/include/custom_interface/custom_interface
[0.250s] -- Up-to-date: /home/michael/robo_ai_turku_2025/lab_1/ros2_ws/install/custom_interface/include/custom_interface/custom_interface/action
[0.250s] -- Up-to-date: /home/michael/robo_ai_turku_2025/lab_1/ros2_ws/install/custom_interface/include/custom_interface/custom_interface/action/countdown.h
[0.250s] -- Up-to-date: /home/michael/robo_ai_turku_2025/lab_1/ros2_ws/install/custom_interface/include/custom_interface/custom_interface/action/detail
[0.250s] -- Up-to-date: /home/michael/robo_ai_turku_2025/lab_1/ros2_ws/install/custom_interface/include/custom_interface/custom_interface/action/detail/countdown__functions.h
[0.250s] -- Up-to-date: /home/michael/robo_ai_turku_2025/lab_1/ros2_ws/install/custom_interface/include/custom_interface/custom_interface/action/detail/countdown__functions.c
[0.250s] -- Up-to-date: /home/michael/robo_ai_turku_2025/lab_1/ros2_ws/install/custom_interface/include/custom_interface/custom_interface/action/detail/countdown__struct.h
[0.250s] -- Up-to-date: /home/michael/robo_ai_turku_2025/lab_1/ros2_ws/install/custom_interface/include/custom_interface/custom_interface/action/detail/countdown__type_support.h
[0.250s] -- Up-to-date: /home/michael/robo_ai_turku_2025/lab_1/ros2_ws/install/custom_interface/include/custom_interface/custom_interface/srv
[0.250s] -- Up-to-date: /home/michael/robo_ai_turku_2025/lab_1/ros2_ws/install/custom_interface/include/custom_interface/custom_interface/srv/calculate_distance.h
[0.251s] -- Up-to-date: /home/michael/robo_ai_turku_2025/lab_1/ros2_ws/install/custom_interface/include/custom_interface/custom_interface/srv/detail
[0.251s] -- Up-to-date: /home/michael/robo_ai_turku_2025/lab_1/ros2_ws/install/custom_interface/include/custom_interface/custom_interface/srv/detail/calculate_distance__type_support.h
[0.251s] -- Up-to-date: /home/michael/robo_ai_turku_2025/lab_1/ros2_ws/install/custom_interface/include/custom_interface/custom_interface/srv/detail/calculate_distance__struct.h
[0.251s] -- Up-to-date: /home/michael/robo_ai_turku_2025/lab_1/ros2_ws/install/custom_interface/include/custom_interface/custom_interface/srv/detail/calculate_distance__functions.c
[0.251s] -- Up-to-date: /home/michael/robo_ai_turku_2025/lab_1/ros2_ws/install/custom_interface/include/custom_interface/custom_interface/srv/detail/calculate_distance__functions.h
[0.251s] -- Up-to-date: /home/michael/robo_ai_turku_2025/lab_1/ros2_ws/install/custom_interface/include/custom_interface/custom_interface/msg
[0.251s] -- Up-to-date: /home/michael/robo_ai_turku_2025/lab_1/ros2_ws/install/custom_interface/include/custom_interface/custom_interface/msg/person.h
[0.251s] -- Up-to-date: /home/michael/robo_ai_turku_2025/lab_1/ros2_ws/install/custom_interface/include/custom_interface/custom_interface/msg/detail
[0.251s] -- Up-to-date: /home/michael/robo_ai_turku_2025/lab_1/ros2_ws/install/custom_interface/include/custom_interface/custom_interface/msg/detail/person__functions.h
[0.251s] -- Up-to-date: /home/michael/robo_ai_turku_2025/lab_1/ros2_ws/install/custom_interface/include/custom_interface/custom_interface/msg/detail/person__type_support.h
[0.251s] -- Up-to-date: /home/michael/robo_ai_turku_2025/lab_1/ros2_ws/install/custom_interface/include/custom_interface/custom_interface/msg/detail/person__struct.h
[0.251s] -- Up-to-date: /home/michael/robo_ai_turku_2025/lab_1/ros2_ws/install/custom_interface/include/custom_interface/custom_interface/msg/detail/person__functions.c
[0.251s] -- Up-to-date: /home/michael/robo_ai_turku_2025/lab_1/ros2_ws/install/custom_interface/include/custom_interface/custom_interface/msg/rosidl_generator_c__visibility_control.h
[0.251s] -- Up-to-date: /home/michael/robo_ai_turku_2025/lab_1/ros2_ws/install/custom_interface/share/custom_interface/environment/library_path.sh
[0.251s] -- Up-to-date: /home/michael/robo_ai_turku_2025/lab_1/ros2_ws/install/custom_interface/share/custom_interface/environment/library_path.dsv
[0.251s] -- Up-to-date: /home/michael/robo_ai_turku_2025/lab_1/ros2_ws/install/custom_interface/lib/libcustom_interface__rosidl_generator_c.so
[0.251s] -- Up-to-date: /home/michael/robo_ai_turku_2025/lab_1/ros2_ws/install/custom_interface/include/custom_interface/custom_interface
[0.251s] -- Up-to-date: /home/michael/robo_ai_turku_2025/lab_1/ros2_ws/install/custom_interface/include/custom_interface/custom_interface/action
[0.251s] -- Up-to-date: /home/michael/robo_ai_turku_2025/lab_1/ros2_ws/install/custom_interface/include/custom_interface/custom_interface/action/detail
[0.251s] -- Up-to-date: /home/michael/robo_ai_turku_2025/lab_1/ros2_ws/install/custom_interface/include/custom_interface/custom_interface/action/detail/countdown__rosidl_typesupport_fastrtps_c.h
[0.251s] -- Up-to-date: /home/michael/robo_ai_turku_2025/lab_1/ros2_ws/install/custom_interface/include/custom_interface/custom_interface/srv
[0.252s] -- Up-to-date: /home/michael/robo_ai_turku_2025/lab_1/ros2_ws/install/custom_interface/include/custom_interface/custom_interface/srv/detail
[0.252s] -- Up-to-date: /home/michael/robo_ai_turku_2025/lab_1/ros2_ws/install/custom_interface/include/custom_interface/custom_interface/srv/detail/calculate_distance__rosidl_typesupport_fastrtps_c.h
[0.252s] -- Up-to-date: /home/michael/robo_ai_turku_2025/lab_1/ros2_ws/install/custom_interface/include/custom_interface/custom_interface/msg
[0.252s] -- Up-to-date: /home/michael/robo_ai_turku_2025/lab_1/ros2_ws/install/custom_interface/include/custom_interface/custom_interface/msg/rosidl_typesupport_fastrtps_c__visibility_control.h
[0.252s] -- Up-to-date: /home/michael/robo_ai_turku_2025/lab_1/ros2_ws/install/custom_interface/include/custom_interface/custom_interface/msg/detail
[0.252s] -- Up-to-date: /home/michael/robo_ai_turku_2025/lab_1/ros2_ws/install/custom_interface/include/custom_interface/custom_interface/msg/detail/person__rosidl_typesupport_fastrtps_c.h
[0.252s] -- Up-to-date: /home/michael/robo_ai_turku_2025/lab_1/ros2_ws/install/custom_interface/lib/libcustom_interface__rosidl_typesupport_fastrtps_c.so
[0.252s] -- Up-to-date: /home/michael/robo_ai_turku_2025/lab_1/ros2_ws/install/custom_interface/include/custom_interface/custom_interface
[0.252s] -- Up-to-date: /home/michael/robo_ai_turku_2025/lab_1/ros2_ws/install/custom_interface/include/custom_interface/custom_interface/action
[0.252s] -- Up-to-date: /home/michael/robo_ai_turku_2025/lab_1/ros2_ws/install/custom_interface/include/custom_interface/custom_interface/action/countdown.hpp
[0.252s] -- Up-to-date: /home/michael/robo_ai_turku_2025/lab_1/ros2_ws/install/custom_interface/include/custom_interface/custom_interface/action/detail
[0.252s] -- Up-to-date: /home/michael/robo_ai_turku_2025/lab_1/ros2_ws/install/custom_interface/include/custom_interface/custom_interface/action/detail/countdown__type_support.hpp
[0.252s] -- Up-to-date: /home/michael/robo_ai_turku_2025/lab_1/ros2_ws/install/custom_interface/include/custom_interface/custom_interface/action/detail/countdown__struct.hpp
[0.252s] -- Up-to-date: /home/michael/robo_ai_turku_2025/lab_1/ros2_ws/install/custom_interface/include/custom_interface/custom_interface/action/detail/countdown__builder.hpp
[0.252s] -- Up-to-date: /home/michael/robo_ai_turku_2025/lab_1/ros2_ws/install/custom_interface/include/custom_interface/custom_interface/action/detail/countdown__traits.hpp
[0.252s] -- Up-to-date: /home/michael/robo_ai_turku_2025/lab_1/ros2_ws/install/custom_interface/include/custom_interface/custom_interface/srv
[0.252s] -- Up-to-date: /home/michael/robo_ai_turku_2025/lab_1/ros2_ws/install/custom_interface/include/custom_interface/custom_interface/srv/detail
[0.252s] -- Up-to-date: /home/michael/robo_ai_turku_2025/lab_1/ros2_ws/install/custom_interface/include/custom_interface/custom_interface/srv/detail/calculate_distance__builder.hpp
[0.253s] -- Up-to-date: /home/michael/robo_ai_turku_2025/lab_1/ros2_ws/install/custom_interface/include/custom_interface/custom_interface/srv/detail/calculate_distance__type_support.hpp
[0.253s] -- Up-to-date: /home/michael/robo_ai_turku_2025/lab_1/ros2_ws/install/custom_interface/include/custom_interface/custom_interface/srv/detail/calculate_distance__struct.hpp
[0.253s] -- Up-to-date: /home/michael/robo_ai_turku_2025/lab_1/ros2_ws/install/custom_interface/include/custom_interface/custom_interface/srv/detail/calculate_distance__traits.hpp
[0.253s] -- Up-to-date: /home/michael/robo_ai_turku_2025/lab_1/ros2_ws/install/custom_interface/include/custom_interface/custom_interface/srv/calculate_distance.hpp
[0.253s] -- Up-to-date: /home/michael/robo_ai_turku_2025/lab_1/ros2_ws/install/custom_interface/include/custom_interface/custom_interface/msg
[0.253s] -- Up-to-date: /home/michael/robo_ai_turku_2025/lab_1/ros2_ws/install/custom_interface/include/custom_interface/custom_interface/msg/detail
[0.253s] -- Up-to-date: /home/michael/robo_ai_turku_2025/lab_1/ros2_ws/install/custom_interface/include/custom_interface/custom_interface/msg/detail/person__type_support.hpp
[0.253s] -- Up-to-date: /home/michael/robo_ai_turku_2025/lab_1/ros2_ws/install/custom_interface/include/custom_interface/custom_interface/msg/detail/person__struct.hpp
[0.253s] -- Up-to-date: /home/michael/robo_ai_turku_2025/lab_1/ros2_ws/install/custom_interface/include/custom_interface/custom_interface/msg/detail/person__traits.hpp
[0.253s] -- Up-to-date: /home/michael/robo_ai_turku_2025/lab_1/ros2_ws/install/custom_interface/include/custom_interface/custom_interface/msg/detail/person__builder.hpp
[0.253s] -- Up-to-date: /home/michael/robo_ai_turku_2025/lab_1/ros2_ws/install/custom_interface/include/custom_interface/custom_interface/msg/rosidl_generator_cpp__visibility_control.hpp
[0.253s] -- Up-to-date: /home/michael/robo_ai_turku_2025/lab_1/ros2_ws/install/custom_interface/include/custom_interface/custom_interface/msg/person.hpp
[0.254s] -- Up-to-date: /home/michael/robo_ai_turku_2025/lab_1/ros2_ws/install/custom_interface/include/custom_interface/custom_interface
[0.254s] -- Up-to-date: /home/michael/robo_ai_turku_2025/lab_1/ros2_ws/install/custom_interface/include/custom_interface/custom_interface/action
[0.254s] -- Up-to-date: /home/michael/robo_ai_turku_2025/lab_1/ros2_ws/install/custom_interface/include/custom_interface/custom_interface/action/detail
[0.254s] -- Up-to-date: /home/michael/robo_ai_turku_2025/lab_1/ros2_ws/install/custom_interface/include/custom_interface/custom_interface/action/detail/dds_fastrtps
[0.254s] -- Up-to-date: /home/michael/robo_ai_turku_2025/lab_1/ros2_ws/install/custom_interface/include/custom_interface/custom_interface/action/detail/countdown__rosidl_typesupport_fastrtps_cpp.hpp
[0.254s] -- Up-to-date: /home/michael/robo_ai_turku_2025/lab_1/ros2_ws/install/custom_interface/include/custom_interface/custom_interface/srv
[0.254s] -- Up-to-date: /home/michael/robo_ai_turku_2025/lab_1/ros2_ws/install/custom_interface/include/custom_interface/custom_interface/srv/detail
[0.254s] -- Up-to-date: /home/michael/robo_ai_turku_2025/lab_1/ros2_ws/install/custom_interface/include/custom_interface/custom_interface/srv/detail/calculate_distance__rosidl_typesupport_fastrtps_cpp.hpp
[0.254s] -- Up-to-date: /home/michael/robo_ai_turku_2025/lab_1/ros2_ws/install/custom_interface/include/custom_interface/custom_interface/srv/detail/dds_fastrtps
[0.254s] -- Up-to-date: /home/michael/robo_ai_turku_2025/lab_1/ros2_ws/install/custom_interface/include/custom_interface/custom_interface/msg
[0.254s] -- Up-to-date: /home/michael/robo_ai_turku_2025/lab_1/ros2_ws/install/custom_interface/include/custom_interface/custom_interface/msg/detail
[0.254s] -- Up-to-date: /home/michael/robo_ai_turku_2025/lab_1/ros2_ws/install/custom_interface/include/custom_interface/custom_interface/msg/detail/person__rosidl_typesupport_fastrtps_cpp.hpp
[0.255s] -- Up-to-date: /home/michael/robo_ai_turku_2025/lab_1/ros2_ws/install/custom_interface/include/custom_interface/custom_interface/msg/detail/dds_fastrtps
[0.255s] -- Up-to-date: /home/michael/robo_ai_turku_2025/lab_1/ros2_ws/install/custom_interface/include/custom_interface/custom_interface/msg/rosidl_typesupport_fastrtps_cpp__visibility_control.h
[0.255s] -- Up-to-date: /home/michael/robo_ai_turku_2025/lab_1/ros2_ws/install/custom_interface/lib/libcustom_interface__rosidl_typesupport_fastrtps_cpp.so
[0.255s] -- Up-to-date: /home/michael/robo_ai_turku_2025/lab_1/ros2_ws/install/custom_interface/include/custom_interface/custom_interface
[0.255s] -- Up-to-date: /home/michael/robo_ai_turku_2025/lab_1/ros2_ws/install/custom_interface/include/custom_interface/custom_interface/action
[0.255s] -- Up-to-date: /home/michael/robo_ai_turku_2025/lab_1/ros2_ws/install/custom_interface/include/custom_interface/custom_interface/action/detail
[0.255s] -- Up-to-date: /home/michael/robo_ai_turku_2025/lab_1/ros2_ws/install/custom_interface/include/custom_interface/custom_interface/action/detail/countdown__type_support.c
[0.255s] -- Up-to-date: /home/michael/robo_ai_turku_2025/lab_1/ros2_ws/install/custom_interface/include/custom_interface/custom_interface/action/detail/countdown__rosidl_typesupport_introspection_c.h
[0.255s] -- Up-to-date: /home/michael/robo_ai_turku_2025/lab_1/ros2_ws/install/custom_interface/include/custom_interface/custom_interface/srv
[0.255s] -- Up-to-date: /home/michael/robo_ai_turku_2025/lab_1/ros2_ws/install/custom_interface/include/custom_interface/custom_interface/srv/detail
[0.255s] -- Up-to-date: /home/michael/robo_ai_turku_2025/lab_1/ros2_ws/install/custom_interface/include/custom_interface/custom_interface/srv/detail/calculate_distance__type_support.c
[0.255s] -- Up-to-date: /home/michael/robo_ai_turku_2025/lab_1/ros2_ws/install/custom_interface/include/custom_interface/custom_interface/srv/detail/calculate_distance__rosidl_typesupport_introspection_c.h
[0.256s] -- Up-to-date: /home/michael/robo_ai_turku_2025/lab_1/ros2_ws/install/custom_interface/include/custom_interface/custom_interface/msg
[0.256s] -- Up-to-date: /home/michael/robo_ai_turku_2025/lab_1/ros2_ws/install/custom_interface/include/custom_interface/custom_interface/msg/rosidl_typesupport_introspection_c__visibility_control.h
[0.256s] -- Up-to-date: /home/michael/robo_ai_turku_2025/lab_1/ros2_ws/install/custom_interface/include/custom_interface/custom_interface/msg/detail
[0.256s] -- Up-to-date: /home/michael/robo_ai_turku_2025/lab_1/ros2_ws/install/custom_interface/include/custom_interface/custom_interface/msg/detail/person__rosidl_typesupport_introspection_c.h
[0.256s] -- Up-to-date: /home/michael/robo_ai_turku_2025/lab_1/ros2_ws/install/custom_interface/include/custom_interface/custom_interface/msg/detail/person__type_support.c
[0.256s] -- Up-to-date: /home/michael/robo_ai_turku_2025/lab_1/ros2_ws/install/custom_interface/lib/libcustom_interface__rosidl_typesupport_introspection_c.so
[0.256s] -- Up-to-date: /home/michael/robo_ai_turku_2025/lab_1/ros2_ws/install/custom_interface/lib/libcustom_interface__rosidl_typesupport_c.so
[0.256s] -- Up-to-date: /home/michael/robo_ai_turku_2025/lab_1/ros2_ws/install/custom_interface/include/custom_interface/custom_interface
[0.256s] -- Up-to-date: /home/michael/robo_ai_turku_2025/lab_1/ros2_ws/install/custom_interface/include/custom_interface/custom_interface/action
[0.256s] -- Up-to-date: /home/michael/robo_ai_turku_2025/lab_1/ros2_ws/install/custom_interface/include/custom_interface/custom_interface/action/detail
[0.256s] -- Up-to-date: /home/michael/robo_ai_turku_2025/lab_1/ros2_ws/install/custom_interface/include/custom_interface/custom_interface/action/detail/countdown__type_support.cpp
[0.256s] -- Up-to-date: /home/michael/robo_ai_turku_2025/lab_1/ros2_ws/install/custom_interface/include/custom_interface/custom_interface/action/detail/countdown__rosidl_typesupport_introspection_cpp.hpp
[0.256s] -- Up-to-date: /home/michael/robo_ai_turku_2025/lab_1/ros2_ws/install/custom_interface/include/custom_interface/custom_interface/srv
[0.256s] -- Up-to-date: /home/michael/robo_ai_turku_2025/lab_1/ros2_ws/install/custom_interface/include/custom_interface/custom_interface/srv/detail
[0.257s] -- Up-to-date: /home/michael/robo_ai_turku_2025/lab_1/ros2_ws/install/custom_interface/include/custom_interface/custom_interface/srv/detail/calculate_distance__rosidl_typesupport_introspection_cpp.hpp
[0.257s] -- Up-to-date: /home/michael/robo_ai_turku_2025/lab_1/ros2_ws/install/custom_interface/include/custom_interface/custom_interface/srv/detail/calculate_distance__type_support.cpp
[0.257s] -- Up-to-date: /home/michael/robo_ai_turku_2025/lab_1/ros2_ws/install/custom_interface/include/custom_interface/custom_interface/msg
[0.257s] -- Up-to-date: /home/michael/robo_ai_turku_2025/lab_1/ros2_ws/install/custom_interface/include/custom_interface/custom_interface/msg/detail
[0.257s] -- Up-to-date: /home/michael/robo_ai_turku_2025/lab_1/ros2_ws/install/custom_interface/include/custom_interface/custom_interface/msg/detail/person__type_support.cpp
[0.257s] -- Up-to-date: /home/michael/robo_ai_turku_2025/lab_1/ros2_ws/install/custom_interface/include/custom_interface/custom_interface/msg/detail/person__rosidl_typesupport_introspection_cpp.hpp
[0.258s] -- Up-to-date: /home/michael/robo_ai_turku_2025/lab_1/ros2_ws/install/custom_interface/lib/libcustom_interface__rosidl_typesupport_introspection_cpp.so
[0.258s] -- Up-to-date: /home/michael/robo_ai_turku_2025/lab_1/ros2_ws/install/custom_interface/lib/libcustom_interface__rosidl_typesupport_cpp.so
[0.258s] -- Up-to-date: /home/michael/robo_ai_turku_2025/lab_1/ros2_ws/install/custom_interface/share/custom_interface/environment/pythonpath.sh
[0.258s] -- Up-to-date: /home/michael/robo_ai_turku_2025/lab_1/ros2_ws/install/custom_interface/share/custom_interface/environment/pythonpath.dsv
[0.258s] -- Up-to-date: /home/michael/robo_ai_turku_2025/lab_1/ros2_ws/install/custom_interface/local/lib/python3.10/dist-packages/custom_interface-0.0.0-py3.10.egg-info
[0.258s] -- Installing: /home/michael/robo_ai_turku_2025/lab_1/ros2_ws/install/custom_interface/local/lib/python3.10/dist-packages/custom_interface-0.0.0-py3.10.egg-info/SOURCES.txt
[0.258s] -- Installing: /home/michael/robo_ai_turku_2025/lab_1/ros2_ws/install/custom_interface/local/lib/python3.10/dist-packages/custom_interface-0.0.0-py3.10.egg-info/top_level.txt
[0.258s] -- Installing: /home/michael/robo_ai_turku_2025/lab_1/ros2_ws/install/custom_interface/local/lib/python3.10/dist-packages/custom_interface-0.0.0-py3.10.egg-info/PKG-INFO
[0.258s] -- Installing: /home/michael/robo_ai_turku_2025/lab_1/ros2_ws/install/custom_interface/local/lib/python3.10/dist-packages/custom_interface-0.0.0-py3.10.egg-info/dependency_links.txt
[0.258s] -- Up-to-date: /home/michael/robo_ai_turku_2025/lab_1/ros2_ws/install/custom_interface/local/lib/python3.10/dist-packages/custom_interface
[0.258s] -- Up-to-date: /home/michael/robo_ai_turku_2025/lab_1/ros2_ws/install/custom_interface/local/lib/python3.10/dist-packages/custom_interface/custom_interface_s__rosidl_typesupport_introspection_c.cpython-310-aarch64-linux-gnu.so
[0.258s] -- Up-to-date: /home/michael/robo_ai_turku_2025/lab_1/ros2_ws/install/custom_interface/local/lib/python3.10/dist-packages/custom_interface/libcustom_interface__rosidl_generator_py.so
[0.258s] -- Up-to-date: /home/michael/robo_ai_turku_2025/lab_1/ros2_ws/install/custom_interface/local/lib/python3.10/dist-packages/custom_interface/_custom_interface_s.ep.rosidl_typesupport_c.c
[0.258s] -- Up-to-date: /home/michael/robo_ai_turku_2025/lab_1/ros2_ws/install/custom_interface/local/lib/python3.10/dist-packages/custom_interface/action
[0.258s] -- Up-to-date: /home/michael/robo_ai_turku_2025/lab_1/ros2_ws/install/custom_interface/local/lib/python3.10/dist-packages/custom_interface/action/_countdown.py
[0.258s] -- Up-to-date: /home/michael/robo_ai_turku_2025/lab_1/ros2_ws/install/custom_interface/local/lib/python3.10/dist-packages/custom_interface/action/_countdown_s.c
[0.258s] -- Up-to-date: /home/michael/robo_ai_turku_2025/lab_1/ros2_ws/install/custom_interface/local/lib/python3.10/dist-packages/custom_interface/action/__init__.py
[0.258s] -- Up-to-date: /home/michael/robo_ai_turku_2025/lab_1/ros2_ws/install/custom_interface/local/lib/python3.10/dist-packages/custom_interface/_custom_interface_s.ep.rosidl_typesupport_introspection_c.c
[0.258s] -- Up-to-date: /home/michael/robo_ai_turku_2025/lab_1/ros2_ws/install/custom_interface/local/lib/python3.10/dist-packages/custom_interface/custom_interface_s__rosidl_typesupport_fastrtps_c.cpython-310-aarch64-linux-gnu.so
[0.258s] -- Up-to-date: /home/michael/robo_ai_turku_2025/lab_1/ros2_ws/install/custom_interface/local/lib/python3.10/dist-packages/custom_interface/srv
[0.258s] -- Up-to-date: /home/michael/robo_ai_turku_2025/lab_1/ros2_ws/install/custom_interface/local/lib/python3.10/dist-packages/custom_interface/srv/_calculate_distance.py
[0.258s] -- Up-to-date: /home/michael/robo_ai_turku_2025/lab_1/ros2_ws/install/custom_interface/local/lib/python3.10/dist-packages/custom_interface/srv/__init__.py
[0.258s] -- Up-to-date: /home/michael/robo_ai_turku_2025/lab_1/ros2_ws/install/custom_interface/local/lib/python3.10/dist-packages/custom_interface/srv/_calculate_distance_s.c
[0.258s] -- Up-to-date: /home/michael/robo_ai_turku_2025/lab_1/ros2_ws/install/custom_interface/local/lib/python3.10/dist-packages/custom_interface/msg
[0.258s] -- Up-to-date: /home/michael/robo_ai_turku_2025/lab_1/ros2_ws/install/custom_interface/local/lib/python3.10/dist-packages/custom_interface/msg/_person.py
[0.258s] -- Up-to-date: /home/michael/robo_ai_turku_2025/lab_1/ros2_ws/install/custom_interface/local/lib/python3.10/dist-packages/custom_interface/msg/__init__.py
[0.258s] -- Up-to-date: /home/michael/robo_ai_turku_2025/lab_1/ros2_ws/install/custom_interface/local/lib/python3.10/dist-packages/custom_interface/msg/_person_s.c
[0.258s] -- Up-to-date: /home/michael/robo_ai_turku_2025/lab_1/ros2_ws/install/custom_interface/local/lib/python3.10/dist-packages/custom_interface/__init__.py
[0.259s] -- Up-to-date: /home/michael/robo_ai_turku_2025/lab_1/ros2_ws/install/custom_interface/local/lib/python3.10/dist-packages/custom_interface/_custom_interface_s.ep.rosidl_typesupport_fastrtps_c.c
[0.259s] -- Up-to-date: /home/michael/robo_ai_turku_2025/lab_1/ros2_ws/install/custom_interface/local/lib/python3.10/dist-packages/custom_interface/custom_interface_s__rosidl_typesupport_c.cpython-310-aarch64-linux-gnu.so
[0.281s] Listing '/home/michael/robo_ai_turku_2025/lab_1/ros2_ws/install/custom_interface/local/lib/python3.10/dist-packages/custom_interface'...
[0.281s] Listing '/home/michael/robo_ai_turku_2025/lab_1/ros2_ws/install/custom_interface/local/lib/python3.10/dist-packages/custom_interface/action'...
[0.281s] Listing '/home/michael/robo_ai_turku_2025/lab_1/ros2_ws/install/custom_interface/local/lib/python3.10/dist-packages/custom_interface/msg'...
[0.281s] Listing '/home/michael/robo_ai_turku_2025/lab_1/ros2_ws/install/custom_interface/local/lib/python3.10/dist-packages/custom_interface/srv'...
[0.285s] -- Up-to-date: /home/michael/robo_ai_turku_2025/lab_1/ros2_ws/install/custom_interface/local/lib/python3.10/dist-packages/custom_interface/custom_interface_s__rosidl_typesupport_fastrtps_c.cpython-310-aarch64-linux-gnu.so
[0.285s] -- Up-to-date: /home/michael/robo_ai_turku_2025/lab_1/ros2_ws/install/custom_interface/local/lib/python3.10/dist-packages/custom_interface/custom_interface_s__rosidl_typesupport_introspection_c.cpython-310-aarch64-linux-gnu.so
[0.285s] -- Up-to-date: /home/michael/robo_ai_turku_2025/lab_1/ros2_ws/install/custom_interface/local/lib/python3.10/dist-packages/custom_interface/custom_interface_s__rosidl_typesupport_c.cpython-310-aarch64-linux-gnu.so
[0.285s] -- Up-to-date: /home/michael/robo_ai_turku_2025/lab_1/ros2_ws/install/custom_interface/lib/libcustom_interface__rosidl_generator_py.so
[0.285s] -- Up-to-date: /home/michael/robo_ai_turku_2025/lab_1/ros2_ws/install/custom_interface/share/custom_interface/msg/Person.idl
[0.286s] -- Up-to-date: /home/michael/robo_ai_turku_2025/lab_1/ros2_ws/install/custom_interface/share/custom_interface/srv/CalculateDistance.idl
[0.286s] -- Up-to-date: /home/michael/robo_ai_turku_2025/lab_1/ros2_ws/install/custom_interface/share/custom_interface/action/Countdown.idl
[0.286s] -- Up-to-date: /home/michael/robo_ai_turku_2025/lab_1/ros2_ws/install/custom_interface/share/custom_interface/msg/Person.msg
[0.286s] -- Up-to-date: /home/michael/robo_ai_turku_2025/lab_1/ros2_ws/install/custom_interface/share/custom_interface/srv/CalculateDistance.srv
[0.286s] -- Up-to-date: /home/michael/robo_ai_turku_2025/lab_1/ros2_ws/install/custom_interface/share/custom_interface/srv/CalculateDistance_Request.msg
[0.286s] -- Up-to-date: /home/michael/robo_ai_turku_2025/lab_1/ros2_ws/install/custom_interface/share/custom_interface/srv/CalculateDistance_Response.msg
[0.287s] -- Up-to-date: /home/michael/robo_ai_turku_2025/lab_1/ros2_ws/install/custom_interface/share/custom_interface/action/Countdown.action
[0.287s] -- Up-to-date: /home/michael/robo_ai_turku_2025/lab_1/ros2_ws/install/custom_interface/share/ament_index/resource_index/package_run_dependencies/custom_interface
[0.287s] -- Up-to-date: /home/michael/robo_ai_turku_2025/lab_1/ros2_ws/install/custom_interface/share/ament_index/resource_index/parent_prefix_path/custom_interface
[0.287s] -- Up-to-date: /home/michael/robo_ai_turku_2025/lab_1/ros2_ws/install/custom_interface/share/custom_interface/environment/ament_prefix_path.sh
[0.287s] -- Up-to-date: /home/michael/robo_ai_turku_2025/lab_1/ros2_ws/install/custom_interface/share/custom_interface/environment/ament_prefix_path.dsv
[0.288s] -- Up-to-date: /home/michael/robo_ai_turku_2025/lab_1/ros2_ws/install/custom_interface/share/custom_interface/environment/path.sh
[0.288s] -- Up-to-date: /home/michael/robo_ai_turku_2025/lab_1/ros2_ws/install/custom_interface/share/custom_interface/environment/path.dsv
[0.288s] -- Up-to-date: /home/michael/robo_ai_turku_2025/lab_1/ros2_ws/install/custom_interface/share/custom_interface/local_setup.bash
[0.288s] -- Up-to-date: /home/michael/robo_ai_turku_2025/lab_1/ros2_ws/install/custom_interface/share/custom_interface/local_setup.sh
[0.288s] -- Up-to-date: /home/michael/robo_ai_turku_2025/lab_1/ros2_ws/install/custom_interface/share/custom_interface/local_setup.zsh
[0.288s] -- Up-to-date: /home/michael/robo_ai_turku_2025/lab_1/ros2_ws/install/custom_interface/share/custom_interface/local_setup.dsv
[0.288s] -- Installing: /home/michael/robo_ai_turku_2025/lab_1/ros2_ws/install/custom_interface/share/custom_interface/package.dsv
[0.288s] -- Up-to-date: /home/michael/robo_ai_turku_2025/lab_1/ros2_ws/install/custom_interface/share/ament_index/resource_index/packages/custom_interface
[0.288s] -- Up-to-date: /home/michael/robo_ai_turku_2025/lab_1/ros2_ws/install/custom_interface/share/custom_interface/cmake/export_custom_interface__rosidl_generator_cExport.cmake
[0.288s] -- Up-to-date: /home/michael/robo_ai_turku_2025/lab_1/ros2_ws/install/custom_interface/share/custom_interface/cmake/export_custom_interface__rosidl_generator_cExport-noconfig.cmake
[0.288s] -- Up-to-date: /home/michael/robo_ai_turku_2025/lab_1/ros2_ws/install/custom_interface/share/custom_interface/cmake/export_custom_interface__rosidl_typesupport_fastrtps_cExport.cmake
[0.288s] -- Up-to-date: /home/michael/robo_ai_turku_2025/lab_1/ros2_ws/install/custom_interface/share/custom_interface/cmake/export_custom_interface__rosidl_typesupport_fastrtps_cExport-noconfig.cmake
[0.288s] -- Up-to-date: /home/michael/robo_ai_turku_2025/lab_1/ros2_ws/install/custom_interface/share/custom_interface/cmake/export_custom_interface__rosidl_generator_cppExport.cmake
[0.288s] -- Up-to-date: /home/michael/robo_ai_turku_2025/lab_1/ros2_ws/install/custom_interface/share/custom_interface/cmake/export_custom_interface__rosidl_typesupport_fastrtps_cppExport.cmake
[0.288s] -- Up-to-date: /home/michael/robo_ai_turku_2025/lab_1/ros2_ws/install/custom_interface/share/custom_interface/cmake/export_custom_interface__rosidl_typesupport_fastrtps_cppExport-noconfig.cmake
[0.288s] -- Up-to-date: /home/michael/robo_ai_turku_2025/lab_1/ros2_ws/install/custom_interface/share/custom_interface/cmake/custom_interface__rosidl_typesupport_introspection_cExport.cmake
[0.288s] -- Up-to-date: /home/michael/robo_ai_turku_2025/lab_1/ros2_ws/install/custom_interface/share/custom_interface/cmake/custom_interface__rosidl_typesupport_introspection_cExport-noconfig.cmake
[0.288s] -- Up-to-date: /home/michael/robo_ai_turku_2025/lab_1/ros2_ws/install/custom_interface/share/custom_interface/cmake/custom_interface__rosidl_typesupport_cExport.cmake
[0.288s] -- Up-to-date: /home/michael/robo_ai_turku_2025/lab_1/ros2_ws/install/custom_interface/share/custom_interface/cmake/custom_interface__rosidl_typesupport_cExport-noconfig.cmake
[0.288s] -- Up-to-date: /home/michael/robo_ai_turku_2025/lab_1/ros2_ws/install/custom_interface/share/custom_interface/cmake/custom_interface__rosidl_typesupport_introspection_cppExport.cmake
[0.288s] -- Up-to-date: /home/michael/robo_ai_turku_2025/lab_1/ros2_ws/install/custom_interface/share/custom_interface/cmake/custom_interface__rosidl_typesupport_introspection_cppExport-noconfig.cmake
[0.288s] -- Up-to-date: /home/michael/robo_ai_turku_2025/lab_1/ros2_ws/install/custom_interface/share/custom_interface/cmake/custom_interface__rosidl_typesupport_cppExport.cmake
[0.288s] -- Up-to-date: /home/michael/robo_ai_turku_2025/lab_1/ros2_ws/install/custom_interface/share/custom_interface/cmake/custom_interface__rosidl_typesupport_cppExport-noconfig.cmake
[0.288s] -- Up-to-date: /home/michael/robo_ai_turku_2025/lab_1/ros2_ws/install/custom_interface/share/custom_interface/cmake/export_custom_interface__rosidl_generator_pyExport.cmake
[0.288s] -- Up-to-date: /home/michael/robo_ai_turku_2025/lab_1/ros2_ws/install/custom_interface/share/custom_interface/cmake/export_custom_interface__rosidl_generator_pyExport-noconfig.cmake
[0.288s] -- Up-to-date: /home/michael/robo_ai_turku_2025/lab_1/ros2_ws/install/custom_interface/share/custom_interface/cmake/rosidl_cmake-extras.cmake
[0.288s] -- Up-to-date: /home/michael/robo_ai_turku_2025/lab_1/ros2_ws/install/custom_interface/share/custom_interface/cmake/ament_cmake_export_dependencies-extras.cmake
[0.289s] -- Up-to-date: /home/michael/robo_ai_turku_2025/lab_1/ros2_ws/install/custom_interface/share/custom_interface/cmake/ament_cmake_export_include_directories-extras.cmake
[0.289s] -- Up-to-date: /home/michael/robo_ai_turku_2025/lab_1/ros2_ws/install/custom_interface/share/custom_interface/cmake/ament_cmake_export_libraries-extras.cmake
[0.289s] -- Up-to-date: /home/michael/robo_ai_turku_2025/lab_1/ros2_ws/install/custom_interface/share/custom_interface/cmake/ament_cmake_export_targets-extras.cmake
[0.289s] -- Up-to-date: /home/michael/robo_ai_turku_2025/lab_1/ros2_ws/install/custom_interface/share/custom_interface/cmake/rosidl_cmake_export_typesupport_targets-extras.cmake
[0.289s] -- Up-to-date: /home/michael/robo_ai_turku_2025/lab_1/ros2_ws/install/custom_interface/share/custom_interface/cmake/rosidl_cmake_export_typesupport_libraries-extras.cmake
[0.290s] -- Up-to-date: /home/michael/robo_ai_turku_2025/lab_1/ros2_ws/install/custom_interface/share/custom_interface/cmake/custom_interfaceConfig.cmake
[0.290s] -- Up-to-date: /home/michael/robo_ai_turku_2025/lab_1/ros2_ws/install/custom_interface/share/custom_interface/cmake/custom_interfaceConfig-version.cmake
[0.290s] -- Up-to-date: /home/michael/robo_ai_turku_2025/lab_1/ros2_ws/install/custom_interface/share/custom_interface/package.xml
[0.290s] Invoked command in '/home/michael/robo_ai_turku_2025/lab_1/ros2_ws/build/custom_interface' returned '0': CMAKE_PREFIX_PATH=${CMAKE_PREFIX_PATH}:/home/michael/robo_ai_turku_2025/lab_1/ros2_ws/install/task5:/home/michael/robo_ai_turku_2025/lab_1/ros2_ws/install/task3:/home/michael/robo_ai_turku_2025/lab_1/ros2_ws/install/task2:/home/michael/robo_ai_turku_2025/lab_1/ros2_ws/install/task1:/home/michael/robo_ai_turku_2025/lab_1/ros2_ws/install/lap:/opt/ros/humble /usr/bin/cmake --install /home/michael/robo_ai_turku_2025/lab_1/ros2_ws/build/custom_interface
