[0.491s] Invoking command in '/home/michael/robo_ai_turku_2025/ros2_lab2_ws/src/lab02_task03': PYTHONPATH=/home/michael/robo_ai_turku_2025/ros2_lab2_ws/build/lab02_task03/prefix_override:/usr/lib/python3/dist-packages/colcon_core/task/python/colcon_distutils_commands:/home/michael/robo_ai_turku_2025/ros2_lab2_ws/install/lab02_task03/lib/python3.10/site-packages:${PYTHONPATH} /usr/bin/python3 -W ignore:setup.py install is deprecated -W ignore:easy_install command is deprecated setup.py egg_info --egg-base ../../build/lab02_task03 build --build-base /home/michael/robo_ai_turku_2025/ros2_lab2_ws/build/lab02_task03/build install --record /home/michael/robo_ai_turku_2025/ros2_lab2_ws/build/lab02_task03/install.log --single-version-externally-managed install_data
[0.648s] running egg_info
[0.648s] writing ../../build/lab02_task03/lab02_task03.egg-info/PKG-INFO
[0.648s] writing dependency_links to ../../build/lab02_task03/lab02_task03.egg-info/dependency_links.txt
[0.648s] writing entry points to ../../build/lab02_task03/lab02_task03.egg-info/entry_points.txt
[0.649s] writing requirements to ../../build/lab02_task03/lab02_task03.egg-info/requires.txt
[0.649s] writing top-level names to ../../build/lab02_task03/lab02_task03.egg-info/top_level.txt
[0.650s] reading manifest file '../../build/lab02_task03/lab02_task03.egg-info/SOURCES.txt'
[0.651s] writing manifest file '../../build/lab02_task03/lab02_task03.egg-info/SOURCES.txt'
[0.651s] running build
[0.651s] running build_py
[0.651s] running install
[0.651s] running install_lib
[0.652s] running install_data
[0.652s] running install_egg_info
[0.654s] removing '/home/michael/robo_ai_turku_2025/ros2_lab2_ws/install/lab02_task03/lib/python3.10/site-packages/lab02_task03-0.0.0-py3.10.egg-info' (and everything under it)
[0.654s] Copying ../../build/lab02_task03/lab02_task03.egg-info to /home/michael/robo_ai_turku_2025/ros2_lab2_ws/install/lab02_task03/lib/python3.10/site-packages/lab02_task03-0.0.0-py3.10.egg-info
[0.655s] running install_scripts
[0.668s] Installing static_broadcaster script to /home/michael/robo_ai_turku_2025/ros2_lab2_ws/install/lab02_task03/lib/lab02_task03
[0.669s] writing list of installed files to '/home/michael/robo_ai_turku_2025/ros2_lab2_ws/build/lab02_task03/install.log'
[0.686s] Invoked command in '/home/michael/robo_ai_turku_2025/ros2_lab2_ws/src/lab02_task03' returned '0': PYTHONPATH=/home/michael/robo_ai_turku_2025/ros2_lab2_ws/build/lab02_task03/prefix_override:/usr/lib/python3/dist-packages/colcon_core/task/python/colcon_distutils_commands:/home/michael/robo_ai_turku_2025/ros2_lab2_ws/install/lab02_task03/lib/python3.10/site-packages:${PYTHONPATH} /usr/bin/python3 -W ignore:setup.py install is deprecated -W ignore:easy_install command is deprecated setup.py egg_info --egg-base ../../build/lab02_task03 build --build-base /home/michael/robo_ai_turku_2025/ros2_lab2_ws/build/lab02_task03/build install --record /home/michael/robo_ai_turku_2025/ros2_lab2_ws/build/lab02_task03/install.log --single-version-externally-managed install_data
