[0.625s] Invoking command in '/home/felix/robo/robo_ai_turku_2025/ros2_ws/src/lab1_bringup': PYTHONPATH=/home/felix/robo/robo_ai_turku_2025/ros2_ws/build/lab1_bringup/prefix_override:/usr/lib/python3/dist-packages/colcon_core/task/python/colcon_distutils_commands:/home/felix/robo/robo_ai_turku_2025/ros2_ws/install/lab1_bringup/lib/python3.10/site-packages:${PYTHONPATH} /usr/bin/python3 -W ignore:setup.py install is deprecated -W ignore:easy_install command is deprecated setup.py egg_info --egg-base ../../build/lab1_bringup build --build-base /home/felix/robo/robo_ai_turku_2025/ros2_ws/build/lab1_bringup/build install --record /home/felix/robo/robo_ai_turku_2025/ros2_ws/build/lab1_bringup/install.log --single-version-externally-managed install_data
[0.766s] running egg_info
[0.766s] writing ../../build/lab1_bringup/lab1_bringup.egg-info/PKG-INFO
[0.768s] writing dependency_links to ../../build/lab1_bringup/lab1_bringup.egg-info/dependency_links.txt
[0.768s] writing entry points to ../../build/lab1_bringup/lab1_bringup.egg-info/entry_points.txt
[0.769s] writing requirements to ../../build/lab1_bringup/lab1_bringup.egg-info/requires.txt
[0.769s] writing top-level names to ../../build/lab1_bringup/lab1_bringup.egg-info/top_level.txt
[0.771s] reading manifest file '../../build/lab1_bringup/lab1_bringup.egg-info/SOURCES.txt'
[0.772s] adding license file 'LICENSE'
[0.773s] writing manifest file '../../build/lab1_bringup/lab1_bringup.egg-info/SOURCES.txt'
[0.773s] running build
[0.773s] running build_py
[0.773s] creating /home/felix/robo/robo_ai_turku_2025/ros2_ws/build/lab1_bringup/build
[0.773s] creating /home/felix/robo/robo_ai_turku_2025/ros2_ws/build/lab1_bringup/build/lib
[0.774s] creating /home/felix/robo/robo_ai_turku_2025/ros2_ws/build/lab1_bringup/build/lib/lab1_bringup
[0.774s] copying lab1_bringup/__init__.py -> /home/felix/robo/robo_ai_turku_2025/ros2_ws/build/lab1_bringup/build/lib/lab1_bringup
[0.774s] running install
[0.775s] running install_lib
[0.776s] creating /home/felix/robo/robo_ai_turku_2025/ros2_ws/install/lab1_bringup/lib/python3.10/site-packages/lab1_bringup
[0.776s] copying /home/felix/robo/robo_ai_turku_2025/ros2_ws/build/lab1_bringup/build/lib/lab1_bringup/__init__.py -> /home/felix/robo/robo_ai_turku_2025/ros2_ws/install/lab1_bringup/lib/python3.10/site-packages/lab1_bringup
[0.777s] byte-compiling /home/felix/robo/robo_ai_turku_2025/ros2_ws/install/lab1_bringup/lib/python3.10/site-packages/lab1_bringup/__init__.py to __init__.cpython-310.pyc
[0.777s] running install_data
[0.778s] copying resource/lab1_bringup -> /home/felix/robo/robo_ai_turku_2025/ros2_ws/install/lab1_bringup/share/ament_index/resource_index/packages
[0.778s] copying package.xml -> /home/felix/robo/robo_ai_turku_2025/ros2_ws/install/lab1_bringup/share/lab1_bringup
[0.778s] creating /home/felix/robo/robo_ai_turku_2025/ros2_ws/install/lab1_bringup/share/lab1_bringup/launch
[0.778s] copying launch/launch_task1.py -> /home/felix/robo/robo_ai_turku_2025/ros2_ws/install/lab1_bringup/share/lab1_bringup/launch
[0.779s] creating /home/felix/robo/robo_ai_turku_2025/ros2_ws/install/lab1_bringup/share/lab1_bringup/config
[0.779s] running install_egg_info
[0.781s] Copying ../../build/lab1_bringup/lab1_bringup.egg-info to /home/felix/robo/robo_ai_turku_2025/ros2_ws/install/lab1_bringup/lib/python3.10/site-packages/lab1_bringup-0.0.0-py3.10.egg-info
[0.783s] running install_scripts
[0.798s] writing list of installed files to '/home/felix/robo/robo_ai_turku_2025/ros2_ws/build/lab1_bringup/install.log'
[0.819s] Invoked command in '/home/felix/robo/robo_ai_turku_2025/ros2_ws/src/lab1_bringup' returned '0': PYTHONPATH=/home/felix/robo/robo_ai_turku_2025/ros2_ws/build/lab1_bringup/prefix_override:/usr/lib/python3/dist-packages/colcon_core/task/python/colcon_distutils_commands:/home/felix/robo/robo_ai_turku_2025/ros2_ws/install/lab1_bringup/lib/python3.10/site-packages:${PYTHONPATH} /usr/bin/python3 -W ignore:setup.py install is deprecated -W ignore:easy_install command is deprecated setup.py egg_info --egg-base ../../build/lab1_bringup build --build-base /home/felix/robo/robo_ai_turku_2025/ros2_ws/build/lab1_bringup/build install --record /home/felix/robo/robo_ai_turku_2025/ros2_ws/build/lab1_bringup/install.log --single-version-externally-managed install_data
