[0.727s] Invoking command in '/home/felix/robo/robo_ai_turku_2025/ros2_ws/src/lab01_task03': PYTHONPATH=/home/felix/robo/robo_ai_turku_2025/build/lab01_task03/prefix_override:/usr/lib/python3/dist-packages/colcon_core/task/python/colcon_distutils_commands:/home/felix/robo/robo_ai_turku_2025/install/lab01_task03/lib/python3.10/site-packages:${PYTHONPATH} /usr/bin/python3 -W ignore:setup.py install is deprecated -W ignore:easy_install command is deprecated setup.py egg_info --egg-base ../../../build/lab01_task03 build --build-base /home/felix/robo/robo_ai_turku_2025/build/lab01_task03/build install --record /home/felix/robo/robo_ai_turku_2025/build/lab01_task03/install.log --single-version-externally-managed install_data
[0.914s] running egg_info
[0.914s] writing ../../../build/lab01_task03/lab01_task03.egg-info/PKG-INFO
[0.914s] writing dependency_links to ../../../build/lab01_task03/lab01_task03.egg-info/dependency_links.txt
[0.914s] writing entry points to ../../../build/lab01_task03/lab01_task03.egg-info/entry_points.txt
[0.914s] writing requirements to ../../../build/lab01_task03/lab01_task03.egg-info/requires.txt
[0.914s] writing top-level names to ../../../build/lab01_task03/lab01_task03.egg-info/top_level.txt
[0.916s] reading manifest file '../../../build/lab01_task03/lab01_task03.egg-info/SOURCES.txt'
[0.917s] adding license file 'LICENSE'
[0.918s] writing manifest file '../../../build/lab01_task03/lab01_task03.egg-info/SOURCES.txt'
[0.918s] running build
[0.918s] running build_py
[0.918s] running install
[0.919s] running install_lib
[0.921s] running install_data
[0.921s] running install_egg_info
[0.923s] removing '/home/felix/robo/robo_ai_turku_2025/install/lab01_task03/lib/python3.10/site-packages/lab01_task03-0.0.0-py3.10.egg-info' (and everything under it)
[0.923s] Copying ../../../build/lab01_task03/lab01_task03.egg-info to /home/felix/robo/robo_ai_turku_2025/install/lab01_task03/lib/python3.10/site-packages/lab01_task03-0.0.0-py3.10.egg-info
[0.924s] running install_scripts
[0.939s] Installing client script to /home/felix/robo/robo_ai_turku_2025/install/lab01_task03/lib/lab01_task03
[0.939s] Installing server script to /home/felix/robo/robo_ai_turku_2025/install/lab01_task03/lib/lab01_task03
[0.939s] writing list of installed files to '/home/felix/robo/robo_ai_turku_2025/build/lab01_task03/install.log'
[0.954s] Invoked command in '/home/felix/robo/robo_ai_turku_2025/ros2_ws/src/lab01_task03' returned '0': PYTHONPATH=/home/felix/robo/robo_ai_turku_2025/build/lab01_task03/prefix_override:/usr/lib/python3/dist-packages/colcon_core/task/python/colcon_distutils_commands:/home/felix/robo/robo_ai_turku_2025/install/lab01_task03/lib/python3.10/site-packages:${PYTHONPATH} /usr/bin/python3 -W ignore:setup.py install is deprecated -W ignore:easy_install command is deprecated setup.py egg_info --egg-base ../../../build/lab01_task03 build --build-base /home/felix/robo/robo_ai_turku_2025/build/lab01_task03/build install --record /home/felix/robo/robo_ai_turku_2025/build/lab01_task03/install.log --single-version-externally-managed install_data
