[1.747s] Invoking command in '/home/felix/robo/robo_ai_turku_2025/ros2_ws/src/lab1_bringup': PYTHONPATH=/home/felix/robo/robo_ai_turku_2025/ros2_ws/build/lab1_bringup/prefix_override:/usr/lib/python3/dist-packages/colcon_core/task/python/colcon_distutils_commands:/home/felix/robo/robo_ai_turku_2025/ros2_ws/install/lab1_bringup/lib/python3.10/site-packages:${PYTHONPATH} /usr/bin/python3 -W ignore:setup.py install is deprecated -W ignore:easy_install command is deprecated setup.py egg_info --egg-base ../../build/lab1_bringup build --build-base /home/felix/robo/robo_ai_turku_2025/ros2_ws/build/lab1_bringup/build install --record /home/felix/robo/robo_ai_turku_2025/ros2_ws/build/lab1_bringup/install.log --single-version-externally-managed install_data
[1.999s] running egg_info
[2.000s] writing ../../build/lab1_bringup/lab1_bringup.egg-info/PKG-INFO
[2.000s] writing dependency_links to ../../build/lab1_bringup/lab1_bringup.egg-info/dependency_links.txt
[2.000s] writing entry points to ../../build/lab1_bringup/lab1_bringup.egg-info/entry_points.txt
[2.000s] writing requirements to ../../build/lab1_bringup/lab1_bringup.egg-info/requires.txt
[2.000s] writing top-level names to ../../build/lab1_bringup/lab1_bringup.egg-info/top_level.txt
[2.002s] reading manifest file '../../build/lab1_bringup/lab1_bringup.egg-info/SOURCES.txt'
[2.003s] adding license file 'LICENSE'
[2.004s] writing manifest file '../../build/lab1_bringup/lab1_bringup.egg-info/SOURCES.txt'
[2.005s] running build
[2.005s] running build_py
[2.005s] running install
[2.006s] running install_lib
[2.008s] running install_data
[2.009s] running install_egg_info
[2.011s] removing '/home/felix/robo/robo_ai_turku_2025/ros2_ws/install/lab1_bringup/lib/python3.10/site-packages/lab1_bringup-0.0.0-py3.10.egg-info' (and everything under it)
[2.012s] Copying ../../build/lab1_bringup/lab1_bringup.egg-info to /home/felix/robo/robo_ai_turku_2025/ros2_ws/install/lab1_bringup/lib/python3.10/site-packages/lab1_bringup-0.0.0-py3.10.egg-info
[2.015s] running install_scripts
[2.039s] writing list of installed files to '/home/felix/robo/robo_ai_turku_2025/ros2_ws/build/lab1_bringup/install.log'
[2.067s] Invoked command in '/home/felix/robo/robo_ai_turku_2025/ros2_ws/src/lab1_bringup' returned '0': PYTHONPATH=/home/felix/robo/robo_ai_turku_2025/ros2_ws/build/lab1_bringup/prefix_override:/usr/lib/python3/dist-packages/colcon_core/task/python/colcon_distutils_commands:/home/felix/robo/robo_ai_turku_2025/ros2_ws/install/lab1_bringup/lib/python3.10/site-packages:${PYTHONPATH} /usr/bin/python3 -W ignore:setup.py install is deprecated -W ignore:easy_install command is deprecated setup.py egg_info --egg-base ../../build/lab1_bringup build --build-base /home/felix/robo/robo_ai_turku_2025/ros2_ws/build/lab1_bringup/build install --record /home/felix/robo/robo_ai_turku_2025/ros2_ws/build/lab1_bringup/install.log --single-version-externally-managed install_data
