[0.410s] DEBUG:colcon:Command line arguments: ['/usr/bin/colcon', 'build']
[0.410s] DEBUG:colcon:Parsed command line arguments: Namespace(log_base=None, log_level=None, verb_name='build', build_base='build', install_base='install', merge_install=False, symlink_install=False, test_result_base=None, continue_on_error=False, executor='parallel', parallel_workers=22, event_handlers=None, ignore_user_meta=False, metas=['./colcon.meta'], base_paths=['.'], packages_ignore=None, packages_ignore_regex=None, paths=None, packages_up_to=None, packages_up_to_regex=None, packages_above=None, packages_above_and_dependencies=None, packages_above_depth=None, packages_select_by_dep=None, packages_skip_by_dep=None, packages_skip_up_to=None, packages_select_build_failed=False, packages_skip_build_finished=False, packages_select_test_failures=False, packages_skip_test_passed=False, packages_select=None, packages_skip=None, packages_select_regex=None, packages_skip_regex=None, packages_start=None, packages_end=None, allow_overriding=[], cmake_args=None, cmake_target=None, cmake_target_skip_unavailable=False, cmake_clean_cache=False, cmake_clean_first=False, cmake_force_configure=False, ament_cmake_args=None, catkin_cmake_args=None, catkin_skip_building_tests=False, verb_parser=<colcon_defaults.argument_parser.defaults.DefaultArgumentsDecorator object at 0x71b32880bdc0>, verb_extension=<colcon_core.verb.build.BuildVerb object at 0x71b3289b9600>, main=<bound method BuildVerb.main of <colcon_core.verb.build.BuildVerb object at 0x71b3289b9600>>)
[0.959s] Level 1:colcon.colcon_core.package_discovery:discover_packages(colcon_meta) check parameters
[0.960s] Level 1:colcon.colcon_core.package_discovery:discover_packages(recursive) check parameters
[0.960s] Level 1:colcon.colcon_core.package_discovery:discover_packages(ignore) check parameters
[0.960s] Level 1:colcon.colcon_core.package_discovery:discover_packages(path) check parameters
[0.960s] Level 1:colcon.colcon_core.package_discovery:discover_packages(colcon_meta) discover
[0.960s] Level 1:colcon.colcon_core.package_discovery:discover_packages(recursive) discover
[0.960s] INFO:colcon.colcon_core.package_discovery:Crawling recursively for packages in '/home/felix/robo/robo_ai_turku_2025/ros2_ws'
[0.960s] Level 1:colcon.colcon_core.package_identification:_identify(.) by extensions ['ignore', 'ignore_ament_install']
[0.960s] Level 1:colcon.colcon_core.package_identification:_identify(.) by extension 'ignore'
[0.960s] Level 1:colcon.colcon_core.package_identification:_identify(.) by extension 'ignore_ament_install'
[0.960s] Level 1:colcon.colcon_core.package_identification:_identify(.) by extensions ['colcon_pkg']
[0.960s] Level 1:colcon.colcon_core.package_identification:_identify(.) by extension 'colcon_pkg'
[0.961s] Level 1:colcon.colcon_core.package_identification:_identify(.) by extensions ['colcon_meta']
[0.961s] Level 1:colcon.colcon_core.package_identification:_identify(.) by extension 'colcon_meta'
[0.961s] Level 1:colcon.colcon_core.package_identification:_identify(.) by extensions ['ros']
[0.961s] Level 1:colcon.colcon_core.package_identification:_identify(.) by extension 'ros'
[0.987s] Level 1:colcon.colcon_core.package_identification:_identify(.) by extensions ['cmake', 'python']
[0.987s] Level 1:colcon.colcon_core.package_identification:_identify(.) by extension 'cmake'
[0.987s] Level 1:colcon.colcon_core.package_identification:_identify(.) by extension 'python'
[0.987s] Level 1:colcon.colcon_core.package_identification:_identify(.) by extensions ['python_setup_py']
[0.987s] Level 1:colcon.colcon_core.package_identification:_identify(.) by extension 'python_setup_py'
[0.988s] Level 1:colcon.colcon_core.package_identification:_identify(build) by extensions ['ignore', 'ignore_ament_install']
[0.988s] Level 1:colcon.colcon_core.package_identification:_identify(build) by extension 'ignore'
[0.988s] Level 1:colcon.colcon_core.package_identification:_identify(build) ignored
[0.989s] Level 1:colcon.colcon_core.package_identification:_identify(install) by extensions ['ignore', 'ignore_ament_install']
[0.989s] Level 1:colcon.colcon_core.package_identification:_identify(install) by extension 'ignore'
[0.989s] Level 1:colcon.colcon_core.package_identification:_identify(install) ignored
[0.990s] Level 1:colcon.colcon_core.package_identification:_identify(log) by extensions ['ignore', 'ignore_ament_install']
[0.990s] Level 1:colcon.colcon_core.package_identification:_identify(log) by extension 'ignore'
[0.990s] Level 1:colcon.colcon_core.package_identification:_identify(log) ignored
[0.990s] Level 1:colcon.colcon_core.package_identification:_identify(src) by extensions ['ignore', 'ignore_ament_install']
[0.990s] Level 1:colcon.colcon_core.package_identification:_identify(src) by extension 'ignore'
[0.990s] Level 1:colcon.colcon_core.package_identification:_identify(src) by extension 'ignore_ament_install'
[0.990s] Level 1:colcon.colcon_core.package_identification:_identify(src) by extensions ['colcon_pkg']
[0.990s] Level 1:colcon.colcon_core.package_identification:_identify(src) by extension 'colcon_pkg'
[0.990s] Level 1:colcon.colcon_core.package_identification:_identify(src) by extensions ['colcon_meta']
[0.990s] Level 1:colcon.colcon_core.package_identification:_identify(src) by extension 'colcon_meta'
[0.990s] Level 1:colcon.colcon_core.package_identification:_identify(src) by extensions ['ros']
[0.990s] Level 1:colcon.colcon_core.package_identification:_identify(src) by extension 'ros'
[0.990s] Level 1:colcon.colcon_core.package_identification:_identify(src) by extensions ['cmake', 'python']
[0.990s] Level 1:colcon.colcon_core.package_identification:_identify(src) by extension 'cmake'
[0.990s] Level 1:colcon.colcon_core.package_identification:_identify(src) by extension 'python'
[0.990s] Level 1:colcon.colcon_core.package_identification:_identify(src) by extensions ['python_setup_py']
[0.990s] Level 1:colcon.colcon_core.package_identification:_identify(src) by extension 'python_setup_py'
[0.990s] Level 1:colcon.colcon_core.package_identification:_identify(src/lab01_task01) by extensions ['ignore', 'ignore_ament_install']
[0.991s] Level 1:colcon.colcon_core.package_identification:_identify(src/lab01_task01) by extension 'ignore'
[0.991s] Level 1:colcon.colcon_core.package_identification:_identify(src/lab01_task01) by extension 'ignore_ament_install'
[0.991s] Level 1:colcon.colcon_core.package_identification:_identify(src/lab01_task01) by extensions ['colcon_pkg']
[0.991s] Level 1:colcon.colcon_core.package_identification:_identify(src/lab01_task01) by extension 'colcon_pkg'
[0.991s] Level 1:colcon.colcon_core.package_identification:_identify(src/lab01_task01) by extensions ['colcon_meta']
[0.991s] Level 1:colcon.colcon_core.package_identification:_identify(src/lab01_task01) by extension 'colcon_meta'
[0.991s] Level 1:colcon.colcon_core.package_identification:_identify(src/lab01_task01) by extensions ['ros']
[0.991s] Level 1:colcon.colcon_core.package_identification:_identify(src/lab01_task01) by extension 'ros'
[0.997s] DEBUG:colcon.colcon_core.package_identification:Package 'src/lab01_task01' with type 'ros.ament_python' and name 'lab01_task01'
[0.998s] Level 1:colcon.colcon_core.package_identification:_identify(src/lab1_bringup) by extensions ['ignore', 'ignore_ament_install']
[0.998s] Level 1:colcon.colcon_core.package_identification:_identify(src/lab1_bringup) by extension 'ignore'
[0.998s] Level 1:colcon.colcon_core.package_identification:_identify(src/lab1_bringup) by extension 'ignore_ament_install'
[0.998s] Level 1:colcon.colcon_core.package_identification:_identify(src/lab1_bringup) by extensions ['colcon_pkg']
[0.998s] Level 1:colcon.colcon_core.package_identification:_identify(src/lab1_bringup) by extension 'colcon_pkg'
[0.998s] Level 1:colcon.colcon_core.package_identification:_identify(src/lab1_bringup) by extensions ['colcon_meta']
[0.998s] Level 1:colcon.colcon_core.package_identification:_identify(src/lab1_bringup) by extension 'colcon_meta'
[0.998s] Level 1:colcon.colcon_core.package_identification:_identify(src/lab1_bringup) by extensions ['ros']
[0.998s] Level 1:colcon.colcon_core.package_identification:_identify(src/lab1_bringup) by extension 'ros'
[1.000s] DEBUG:colcon.colcon_core.package_identification:Package 'src/lab1_bringup' with type 'ros.ament_python' and name 'lab1_bringup'
[1.001s] Level 1:colcon.colcon_core.package_identification:_identify(src/task1) by extensions ['ignore', 'ignore_ament_install']
[1.001s] Level 1:colcon.colcon_core.package_identification:_identify(src/task1) by extension 'ignore'
[1.001s] Level 1:colcon.colcon_core.package_identification:_identify(src/task1) by extension 'ignore_ament_install'
[1.001s] Level 1:colcon.colcon_core.package_identification:_identify(src/task1) by extensions ['colcon_pkg']
[1.001s] Level 1:colcon.colcon_core.package_identification:_identify(src/task1) by extension 'colcon_pkg'
[1.001s] Level 1:colcon.colcon_core.package_identification:_identify(src/task1) by extensions ['colcon_meta']
[1.001s] Level 1:colcon.colcon_core.package_identification:_identify(src/task1) by extension 'colcon_meta'
[1.001s] Level 1:colcon.colcon_core.package_identification:_identify(src/task1) by extensions ['ros']
[1.001s] Level 1:colcon.colcon_core.package_identification:_identify(src/task1) by extension 'ros'
[1.002s] DEBUG:colcon.colcon_core.package_identification:Package 'src/task1' with type 'ros.ament_python' and name 'task1'
[1.002s] Level 1:colcon.colcon_core.package_discovery:discover_packages(recursive) using defaults
[1.002s] Level 1:colcon.colcon_core.package_discovery:discover_packages(ignore) discover
[1.002s] Level 1:colcon.colcon_core.package_discovery:discover_packages(ignore) using defaults
[1.003s] Level 1:colcon.colcon_core.package_discovery:discover_packages(path) discover
[1.003s] Level 1:colcon.colcon_core.package_discovery:discover_packages(path) using defaults
[1.057s] Level 1:colcon.colcon_core.package_discovery:discover_packages(prefix_path) check parameters
[1.058s] Level 1:colcon.colcon_core.package_discovery:discover_packages(prefix_path) discover
[1.070s] DEBUG:colcon.colcon_installed_package_information.package_discovery:Found 3 installed packages in /home/felix/robo/robo_ai_turku_2025/ros2_ws/install
[1.074s] DEBUG:colcon.colcon_installed_package_information.package_discovery:Found 271 installed packages in /opt/ros/humble
[1.077s] Level 1:colcon.colcon_core.package_discovery:discover_packages(prefix_path) using defaults
[1.265s] Level 5:colcon.colcon_core.verb:set package 'lab01_task01' build argument 'cmake_args' from command line to 'None'
[1.265s] Level 5:colcon.colcon_core.verb:set package 'lab01_task01' build argument 'cmake_target' from command line to 'None'
[1.265s] Level 5:colcon.colcon_core.verb:set package 'lab01_task01' build argument 'cmake_target_skip_unavailable' from command line to 'False'
[1.265s] Level 5:colcon.colcon_core.verb:set package 'lab01_task01' build argument 'cmake_clean_cache' from command line to 'False'
[1.266s] Level 5:colcon.colcon_core.verb:set package 'lab01_task01' build argument 'cmake_clean_first' from command line to 'False'
[1.266s] Level 5:colcon.colcon_core.verb:set package 'lab01_task01' build argument 'cmake_force_configure' from command line to 'False'
[1.266s] Level 5:colcon.colcon_core.verb:set package 'lab01_task01' build argument 'ament_cmake_args' from command line to 'None'
[1.266s] Level 5:colcon.colcon_core.verb:set package 'lab01_task01' build argument 'catkin_cmake_args' from command line to 'None'
[1.266s] Level 5:colcon.colcon_core.verb:set package 'lab01_task01' build argument 'catkin_skip_building_tests' from command line to 'False'
[1.266s] DEBUG:colcon.colcon_core.verb:Building package 'lab01_task01' with the following arguments: {'ament_cmake_args': None, 'build_base': '/home/felix/robo/robo_ai_turku_2025/ros2_ws/build/lab01_task01', 'catkin_cmake_args': None, 'catkin_skip_building_tests': False, 'cmake_args': None, 'cmake_clean_cache': False, 'cmake_clean_first': False, 'cmake_force_configure': False, 'cmake_target': None, 'cmake_target_skip_unavailable': False, 'install_base': '/home/felix/robo/robo_ai_turku_2025/ros2_ws/install/lab01_task01', 'merge_install': False, 'path': '/home/felix/robo/robo_ai_turku_2025/ros2_ws/src/lab01_task01', 'symlink_install': False, 'test_result_base': None}
[1.266s] Level 5:colcon.colcon_core.verb:set package 'lab1_bringup' build argument 'cmake_args' from command line to 'None'
[1.266s] Level 5:colcon.colcon_core.verb:set package 'lab1_bringup' build argument 'cmake_target' from command line to 'None'
[1.266s] Level 5:colcon.colcon_core.verb:set package 'lab1_bringup' build argument 'cmake_target_skip_unavailable' from command line to 'False'
[1.266s] Level 5:colcon.colcon_core.verb:set package 'lab1_bringup' build argument 'cmake_clean_cache' from command line to 'False'
[1.266s] Level 5:colcon.colcon_core.verb:set package 'lab1_bringup' build argument 'cmake_clean_first' from command line to 'False'
[1.266s] Level 5:colcon.colcon_core.verb:set package 'lab1_bringup' build argument 'cmake_force_configure' from command line to 'False'
[1.266s] Level 5:colcon.colcon_core.verb:set package 'lab1_bringup' build argument 'ament_cmake_args' from command line to 'None'
[1.266s] Level 5:colcon.colcon_core.verb:set package 'lab1_bringup' build argument 'catkin_cmake_args' from command line to 'None'
[1.266s] Level 5:colcon.colcon_core.verb:set package 'lab1_bringup' build argument 'catkin_skip_building_tests' from command line to 'False'
[1.266s] DEBUG:colcon.colcon_core.verb:Building package 'lab1_bringup' with the following arguments: {'ament_cmake_args': None, 'build_base': '/home/felix/robo/robo_ai_turku_2025/ros2_ws/build/lab1_bringup', 'catkin_cmake_args': None, 'catkin_skip_building_tests': False, 'cmake_args': None, 'cmake_clean_cache': False, 'cmake_clean_first': False, 'cmake_force_configure': False, 'cmake_target': None, 'cmake_target_skip_unavailable': False, 'install_base': '/home/felix/robo/robo_ai_turku_2025/ros2_ws/install/lab1_bringup', 'merge_install': False, 'path': '/home/felix/robo/robo_ai_turku_2025/ros2_ws/src/lab1_bringup', 'symlink_install': False, 'test_result_base': None}
[1.267s] Level 5:colcon.colcon_core.verb:set package 'task1' build argument 'cmake_args' from command line to 'None'
[1.267s] Level 5:colcon.colcon_core.verb:set package 'task1' build argument 'cmake_target' from command line to 'None'
[1.267s] Level 5:colcon.colcon_core.verb:set package 'task1' build argument 'cmake_target_skip_unavailable' from command line to 'False'
[1.267s] Level 5:colcon.colcon_core.verb:set package 'task1' build argument 'cmake_clean_cache' from command line to 'False'
[1.267s] Level 5:colcon.colcon_core.verb:set package 'task1' build argument 'cmake_clean_first' from command line to 'False'
[1.267s] Level 5:colcon.colcon_core.verb:set package 'task1' build argument 'cmake_force_configure' from command line to 'False'
[1.267s] Level 5:colcon.colcon_core.verb:set package 'task1' build argument 'ament_cmake_args' from command line to 'None'
[1.267s] Level 5:colcon.colcon_core.verb:set package 'task1' build argument 'catkin_cmake_args' from command line to 'None'
[1.267s] Level 5:colcon.colcon_core.verb:set package 'task1' build argument 'catkin_skip_building_tests' from command line to 'False'
[1.267s] DEBUG:colcon.colcon_core.verb:Building package 'task1' with the following arguments: {'ament_cmake_args': None, 'build_base': '/home/felix/robo/robo_ai_turku_2025/ros2_ws/build/task1', 'catkin_cmake_args': None, 'catkin_skip_building_tests': False, 'cmake_args': None, 'cmake_clean_cache': False, 'cmake_clean_first': False, 'cmake_force_configure': False, 'cmake_target': None, 'cmake_target_skip_unavailable': False, 'install_base': '/home/felix/robo/robo_ai_turku_2025/ros2_ws/install/task1', 'merge_install': False, 'path': '/home/felix/robo/robo_ai_turku_2025/ros2_ws/src/task1', 'symlink_install': False, 'test_result_base': None}
[1.267s] INFO:colcon.colcon_core.executor:Executing jobs using 'parallel' executor
[1.269s] DEBUG:colcon.colcon_parallel_executor.executor.parallel:run_until_complete
[1.270s] INFO:colcon.colcon_ros.task.ament_python.build:Building ROS package in '/home/felix/robo/robo_ai_turku_2025/ros2_ws/src/lab01_task01' with build type 'ament_python'
[1.271s] Level 1:colcon.colcon_core.shell:create_environment_hook('lab01_task01', 'ament_prefix_path')
[1.280s] INFO:colcon.colcon_core.plugin_system:Skipping extension 'colcon_core.shell.bat': Not used on non-Windows systems
[1.280s] INFO:colcon.colcon_core.shell:Creating environment hook '/home/felix/robo/robo_ai_turku_2025/ros2_ws/install/lab01_task01/share/lab01_task01/hook/ament_prefix_path.ps1'
[1.282s] INFO:colcon.colcon_core.shell:Creating environment descriptor '/home/felix/robo/robo_ai_turku_2025/ros2_ws/install/lab01_task01/share/lab01_task01/hook/ament_prefix_path.dsv'
[1.283s] INFO:colcon.colcon_core.shell:Creating environment hook '/home/felix/robo/robo_ai_turku_2025/ros2_ws/install/lab01_task01/share/lab01_task01/hook/ament_prefix_path.sh'
[1.284s] INFO:colcon.colcon_core.shell:Skip shell extension 'powershell' for command environment: Not usable outside of PowerShell
[1.284s] DEBUG:colcon.colcon_core.shell:Skip shell extension 'dsv' for command environment
[1.289s] INFO:colcon.colcon_ros.task.ament_python.build:Building ROS package in '/home/felix/robo/robo_ai_turku_2025/ros2_ws/src/lab1_bringup' with build type 'ament_python'
[1.290s] Level 1:colcon.colcon_core.shell:create_environment_hook('lab1_bringup', 'ament_prefix_path')
[1.290s] INFO:colcon.colcon_core.shell:Creating environment hook '/home/felix/robo/robo_ai_turku_2025/ros2_ws/install/lab1_bringup/share/lab1_bringup/hook/ament_prefix_path.ps1'
[1.291s] INFO:colcon.colcon_core.shell:Creating environment descriptor '/home/felix/robo/robo_ai_turku_2025/ros2_ws/install/lab1_bringup/share/lab1_bringup/hook/ament_prefix_path.dsv'
[1.292s] INFO:colcon.colcon_core.shell:Creating environment hook '/home/felix/robo/robo_ai_turku_2025/ros2_ws/install/lab1_bringup/share/lab1_bringup/hook/ament_prefix_path.sh'
[1.293s] INFO:colcon.colcon_core.shell:Skip shell extension 'powershell' for command environment: Not usable outside of PowerShell
[1.294s] DEBUG:colcon.colcon_core.shell:Skip shell extension 'dsv' for command environment
[1.299s] INFO:colcon.colcon_ros.task.ament_python.build:Building ROS package in '/home/felix/robo/robo_ai_turku_2025/ros2_ws/src/task1' with build type 'ament_python'
[1.299s] Level 1:colcon.colcon_core.shell:create_environment_hook('task1', 'ament_prefix_path')
[1.300s] INFO:colcon.colcon_core.shell:Creating environment hook '/home/felix/robo/robo_ai_turku_2025/ros2_ws/install/task1/share/task1/hook/ament_prefix_path.ps1'
[1.301s] INFO:colcon.colcon_core.shell:Creating environment descriptor '/home/felix/robo/robo_ai_turku_2025/ros2_ws/install/task1/share/task1/hook/ament_prefix_path.dsv'
[1.302s] INFO:colcon.colcon_core.shell:Creating environment hook '/home/felix/robo/robo_ai_turku_2025/ros2_ws/install/task1/share/task1/hook/ament_prefix_path.sh'
[1.302s] INFO:colcon.colcon_core.shell:Skip shell extension 'powershell' for command environment: Not usable outside of PowerShell
[1.302s] DEBUG:colcon.colcon_core.shell:Skip shell extension 'dsv' for command environment
[1.605s] INFO:colcon.colcon_core.task.python.build:Building Python package in '/home/felix/robo/robo_ai_turku_2025/ros2_ws/src/lab01_task01'
[1.605s] INFO:colcon.colcon_core.shell:Skip shell extension 'powershell' for command environment: Not usable outside of PowerShell
[1.606s] DEBUG:colcon.colcon_core.shell:Skip shell extension 'dsv' for command environment
[1.898s] INFO:colcon.colcon_core.task.python.build:Building Python package in '/home/felix/robo/robo_ai_turku_2025/ros2_ws/src/lab1_bringup'
[1.898s] INFO:colcon.colcon_core.shell:Skip shell extension 'powershell' for command environment: Not usable outside of PowerShell
[1.898s] DEBUG:colcon.colcon_core.shell:Skip shell extension 'dsv' for command environment
[2.206s] INFO:colcon.colcon_core.task.python.build:Building Python package in '/home/felix/robo/robo_ai_turku_2025/ros2_ws/src/task1'
[2.206s] INFO:colcon.colcon_core.shell:Skip shell extension 'powershell' for command environment: Not usable outside of PowerShell
[2.206s] DEBUG:colcon.colcon_core.shell:Skip shell extension 'dsv' for command environment
[2.891s] DEBUG:colcon.colcon_core.event_handler.log_command:Invoking command in '/home/felix/robo/robo_ai_turku_2025/ros2_ws/src/lab01_task01': PYTHONPATH=/home/felix/robo/robo_ai_turku_2025/ros2_ws/build/lab01_task01/prefix_override:/usr/lib/python3/dist-packages/colcon_core/task/python/colcon_distutils_commands:/home/felix/robo/robo_ai_turku_2025/ros2_ws/install/lab01_task01/lib/python3.10/site-packages:${PYTHONPATH} /usr/bin/python3 -W ignore:setup.py install is deprecated -W ignore:easy_install command is deprecated setup.py egg_info --egg-base ../../build/lab01_task01 build --build-base /home/felix/robo/robo_ai_turku_2025/ros2_ws/build/lab01_task01/build install --record /home/felix/robo/robo_ai_turku_2025/ros2_ws/build/lab01_task01/install.log --single-version-externally-managed install_data
[2.902s] DEBUG:colcon.colcon_core.event_handler.log_command:Invoking command in '/home/felix/robo/robo_ai_turku_2025/ros2_ws/src/task1': PYTHONPATH=/home/felix/robo/robo_ai_turku_2025/ros2_ws/build/task1/prefix_override:/usr/lib/python3/dist-packages/colcon_core/task/python/colcon_distutils_commands:/home/felix/robo/robo_ai_turku_2025/ros2_ws/install/task1/lib/python3.10/site-packages:${PYTHONPATH} /usr/bin/python3 -W ignore:setup.py install is deprecated -W ignore:easy_install command is deprecated setup.py egg_info --egg-base ../../build/task1 build --build-base /home/felix/robo/robo_ai_turku_2025/ros2_ws/build/task1/build install --record /home/felix/robo/robo_ai_turku_2025/ros2_ws/build/task1/install.log --single-version-externally-managed install_data
[2.909s] DEBUG:colcon.colcon_core.event_handler.log_command:Invoking command in '/home/felix/robo/robo_ai_turku_2025/ros2_ws/src/lab1_bringup': PYTHONPATH=/home/felix/robo/robo_ai_turku_2025/ros2_ws/build/lab1_bringup/prefix_override:/usr/lib/python3/dist-packages/colcon_core/task/python/colcon_distutils_commands:/home/felix/robo/robo_ai_turku_2025/ros2_ws/install/lab1_bringup/lib/python3.10/site-packages:${PYTHONPATH} /usr/bin/python3 -W ignore:setup.py install is deprecated -W ignore:easy_install command is deprecated setup.py egg_info --egg-base ../../build/lab1_bringup build --build-base /home/felix/robo/robo_ai_turku_2025/ros2_ws/build/lab1_bringup/build install --record /home/felix/robo/robo_ai_turku_2025/ros2_ws/build/lab1_bringup/install.log --single-version-externally-managed install_data
[3.226s] DEBUG:colcon.colcon_core.event_handler.log_command:Invoked command in '/home/felix/robo/robo_ai_turku_2025/ros2_ws/src/task1' returned '0': PYTHONPATH=/home/felix/robo/robo_ai_turku_2025/ros2_ws/build/task1/prefix_override:/usr/lib/python3/dist-packages/colcon_core/task/python/colcon_distutils_commands:/home/felix/robo/robo_ai_turku_2025/ros2_ws/install/task1/lib/python3.10/site-packages:${PYTHONPATH} /usr/bin/python3 -W ignore:setup.py install is deprecated -W ignore:easy_install command is deprecated setup.py egg_info --egg-base ../../build/task1 build --build-base /home/felix/robo/robo_ai_turku_2025/ros2_ws/build/task1/build install --record /home/felix/robo/robo_ai_turku_2025/ros2_ws/build/task1/install.log --single-version-externally-managed install_data
[3.236s] Level 1:colcon.colcon_core.environment:checking '/home/felix/robo/robo_ai_turku_2025/ros2_ws/install/task1' for CMake module files
[3.237s] Level 1:colcon.colcon_core.environment:checking '/home/felix/robo/robo_ai_turku_2025/ros2_ws/install/task1' for CMake config files
[3.240s] Level 1:colcon.colcon_core.environment:checking '/home/felix/robo/robo_ai_turku_2025/ros2_ws/install/task1/lib'
[3.241s] Level 1:colcon.colcon_core.environment:checking '/home/felix/robo/robo_ai_turku_2025/ros2_ws/install/task1/bin'
[3.241s] Level 1:colcon.colcon_core.environment:checking '/home/felix/robo/robo_ai_turku_2025/ros2_ws/install/task1/lib/pkgconfig/task1.pc'
[3.241s] Level 1:colcon.colcon_core.environment:checking '/home/felix/robo/robo_ai_turku_2025/ros2_ws/install/task1/lib/python3.10/site-packages'
[3.241s] Level 1:colcon.colcon_core.shell:create_environment_hook('task1', 'pythonpath')
[3.241s] INFO:colcon.colcon_core.shell:Creating environment hook '/home/felix/robo/robo_ai_turku_2025/ros2_ws/install/task1/share/task1/hook/pythonpath.ps1'
[3.242s] INFO:colcon.colcon_core.shell:Creating environment descriptor '/home/felix/robo/robo_ai_turku_2025/ros2_ws/install/task1/share/task1/hook/pythonpath.dsv'
[3.243s] INFO:colcon.colcon_core.shell:Creating environment hook '/home/felix/robo/robo_ai_turku_2025/ros2_ws/install/task1/share/task1/hook/pythonpath.sh'
[3.243s] Level 1:colcon.colcon_core.environment:checking '/home/felix/robo/robo_ai_turku_2025/ros2_ws/install/task1/bin'
[3.243s] Level 1:colcon.colcon_core.environment:create_environment_scripts_only(task1)
[3.244s] INFO:colcon.colcon_core.shell:Creating package script '/home/felix/robo/robo_ai_turku_2025/ros2_ws/install/task1/share/task1/package.ps1'
[3.245s] INFO:colcon.colcon_core.shell:Creating package descriptor '/home/felix/robo/robo_ai_turku_2025/ros2_ws/install/task1/share/task1/package.dsv'
[3.246s] INFO:colcon.colcon_core.shell:Creating package script '/home/felix/robo/robo_ai_turku_2025/ros2_ws/install/task1/share/task1/package.sh'
[3.247s] INFO:colcon.colcon_core.shell:Creating package script '/home/felix/robo/robo_ai_turku_2025/ros2_ws/install/task1/share/task1/package.bash'
[3.248s] INFO:colcon.colcon_core.shell:Creating package script '/home/felix/robo/robo_ai_turku_2025/ros2_ws/install/task1/share/task1/package.zsh'
[3.250s] Level 1:colcon.colcon_core.environment:create_file_with_runtime_dependencies(/home/felix/robo/robo_ai_turku_2025/ros2_ws/install/task1/share/colcon-core/packages/task1)
[3.252s] Level 1:colcon.colcon_core.environment:checking '/home/felix/robo/robo_ai_turku_2025/ros2_ws/install/lab01_task01' for CMake module files
[3.254s] DEBUG:colcon.colcon_core.event_handler.log_command:Invoked command in '/home/felix/robo/robo_ai_turku_2025/ros2_ws/src/lab01_task01' returned '0': PYTHONPATH=/home/felix/robo/robo_ai_turku_2025/ros2_ws/build/lab01_task01/prefix_override:/usr/lib/python3/dist-packages/colcon_core/task/python/colcon_distutils_commands:/home/felix/robo/robo_ai_turku_2025/ros2_ws/install/lab01_task01/lib/python3.10/site-packages:${PYTHONPATH} /usr/bin/python3 -W ignore:setup.py install is deprecated -W ignore:easy_install command is deprecated setup.py egg_info --egg-base ../../build/lab01_task01 build --build-base /home/felix/robo/robo_ai_turku_2025/ros2_ws/build/lab01_task01/build install --record /home/felix/robo/robo_ai_turku_2025/ros2_ws/build/lab01_task01/install.log --single-version-externally-managed install_data
[3.254s] Level 1:colcon.colcon_core.environment:checking '/home/felix/robo/robo_ai_turku_2025/ros2_ws/install/lab01_task01' for CMake config files
[3.257s] Level 1:colcon.colcon_core.environment:checking '/home/felix/robo/robo_ai_turku_2025/ros2_ws/install/lab01_task01/lib'
[3.258s] Level 1:colcon.colcon_core.environment:checking '/home/felix/robo/robo_ai_turku_2025/ros2_ws/install/lab01_task01/bin'
[3.258s] Level 1:colcon.colcon_core.environment:checking '/home/felix/robo/robo_ai_turku_2025/ros2_ws/install/lab01_task01/lib/pkgconfig/lab01_task01.pc'
[3.258s] Level 1:colcon.colcon_core.environment:checking '/home/felix/robo/robo_ai_turku_2025/ros2_ws/install/lab01_task01/lib/python3.10/site-packages'
[3.258s] Level 1:colcon.colcon_core.shell:create_environment_hook('lab01_task01', 'pythonpath')
[3.258s] INFO:colcon.colcon_core.shell:Creating environment hook '/home/felix/robo/robo_ai_turku_2025/ros2_ws/install/lab01_task01/share/lab01_task01/hook/pythonpath.ps1'
[3.259s] INFO:colcon.colcon_core.shell:Creating environment descriptor '/home/felix/robo/robo_ai_turku_2025/ros2_ws/install/lab01_task01/share/lab01_task01/hook/pythonpath.dsv'
[3.259s] INFO:colcon.colcon_core.shell:Creating environment hook '/home/felix/robo/robo_ai_turku_2025/ros2_ws/install/lab01_task01/share/lab01_task01/hook/pythonpath.sh'
[3.260s] Level 1:colcon.colcon_core.environment:checking '/home/felix/robo/robo_ai_turku_2025/ros2_ws/install/lab01_task01/bin'
[3.260s] Level 1:colcon.colcon_core.environment:create_environment_scripts_only(lab01_task01)
[3.260s] INFO:colcon.colcon_core.shell:Creating package script '/home/felix/robo/robo_ai_turku_2025/ros2_ws/install/lab01_task01/share/lab01_task01/package.ps1'
[3.261s] INFO:colcon.colcon_core.shell:Creating package descriptor '/home/felix/robo/robo_ai_turku_2025/ros2_ws/install/lab01_task01/share/lab01_task01/package.dsv'
[3.261s] INFO:colcon.colcon_core.shell:Creating package script '/home/felix/robo/robo_ai_turku_2025/ros2_ws/install/lab01_task01/share/lab01_task01/package.sh'
[3.262s] INFO:colcon.colcon_core.shell:Creating package script '/home/felix/robo/robo_ai_turku_2025/ros2_ws/install/lab01_task01/share/lab01_task01/package.bash'
[3.262s] INFO:colcon.colcon_core.shell:Creating package script '/home/felix/robo/robo_ai_turku_2025/ros2_ws/install/lab01_task01/share/lab01_task01/package.zsh'
[3.263s] Level 1:colcon.colcon_core.environment:create_file_with_runtime_dependencies(/home/felix/robo/robo_ai_turku_2025/ros2_ws/install/lab01_task01/share/colcon-core/packages/lab01_task01)
[3.263s] Level 1:colcon.colcon_core.environment:checking '/home/felix/robo/robo_ai_turku_2025/ros2_ws/install/lab1_bringup' for CMake module files
[3.265s] DEBUG:colcon.colcon_core.event_handler.log_command:Invoked command in '/home/felix/robo/robo_ai_turku_2025/ros2_ws/src/lab1_bringup' returned '0': PYTHONPATH=/home/felix/robo/robo_ai_turku_2025/ros2_ws/build/lab1_bringup/prefix_override:/usr/lib/python3/dist-packages/colcon_core/task/python/colcon_distutils_commands:/home/felix/robo/robo_ai_turku_2025/ros2_ws/install/lab1_bringup/lib/python3.10/site-packages:${PYTHONPATH} /usr/bin/python3 -W ignore:setup.py install is deprecated -W ignore:easy_install command is deprecated setup.py egg_info --egg-base ../../build/lab1_bringup build --build-base /home/felix/robo/robo_ai_turku_2025/ros2_ws/build/lab1_bringup/build install --record /home/felix/robo/robo_ai_turku_2025/ros2_ws/build/lab1_bringup/install.log --single-version-externally-managed install_data
[3.266s] Level 1:colcon.colcon_core.environment:checking '/home/felix/robo/robo_ai_turku_2025/ros2_ws/install/lab1_bringup' for CMake config files
[3.272s] Level 1:colcon.colcon_core.environment:checking '/home/felix/robo/robo_ai_turku_2025/ros2_ws/install/lab1_bringup/lib'
[3.272s] Level 1:colcon.colcon_core.environment:checking '/home/felix/robo/robo_ai_turku_2025/ros2_ws/install/lab1_bringup/bin'
[3.272s] Level 1:colcon.colcon_core.environment:checking '/home/felix/robo/robo_ai_turku_2025/ros2_ws/install/lab1_bringup/lib/pkgconfig/lab1_bringup.pc'
[3.272s] Level 1:colcon.colcon_core.environment:checking '/home/felix/robo/robo_ai_turku_2025/ros2_ws/install/lab1_bringup/lib/python3.10/site-packages'
[3.272s] Level 1:colcon.colcon_core.shell:create_environment_hook('lab1_bringup', 'pythonpath')
[3.273s] INFO:colcon.colcon_core.shell:Creating environment hook '/home/felix/robo/robo_ai_turku_2025/ros2_ws/install/lab1_bringup/share/lab1_bringup/hook/pythonpath.ps1'
[3.273s] INFO:colcon.colcon_core.shell:Creating environment descriptor '/home/felix/robo/robo_ai_turku_2025/ros2_ws/install/lab1_bringup/share/lab1_bringup/hook/pythonpath.dsv'
[3.274s] INFO:colcon.colcon_core.shell:Creating environment hook '/home/felix/robo/robo_ai_turku_2025/ros2_ws/install/lab1_bringup/share/lab1_bringup/hook/pythonpath.sh'
[3.275s] Level 1:colcon.colcon_core.environment:checking '/home/felix/robo/robo_ai_turku_2025/ros2_ws/install/lab1_bringup/bin'
[3.275s] Level 1:colcon.colcon_core.environment:create_environment_scripts_only(lab1_bringup)
[3.275s] INFO:colcon.colcon_core.shell:Creating package script '/home/felix/robo/robo_ai_turku_2025/ros2_ws/install/lab1_bringup/share/lab1_bringup/package.ps1'
[3.276s] INFO:colcon.colcon_core.shell:Creating package descriptor '/home/felix/robo/robo_ai_turku_2025/ros2_ws/install/lab1_bringup/share/lab1_bringup/package.dsv'
[3.277s] INFO:colcon.colcon_core.shell:Creating package script '/home/felix/robo/robo_ai_turku_2025/ros2_ws/install/lab1_bringup/share/lab1_bringup/package.sh'
[3.277s] INFO:colcon.colcon_core.shell:Creating package script '/home/felix/robo/robo_ai_turku_2025/ros2_ws/install/lab1_bringup/share/lab1_bringup/package.bash'
[3.278s] INFO:colcon.colcon_core.shell:Creating package script '/home/felix/robo/robo_ai_turku_2025/ros2_ws/install/lab1_bringup/share/lab1_bringup/package.zsh'
[3.278s] Level 1:colcon.colcon_core.environment:create_file_with_runtime_dependencies(/home/felix/robo/robo_ai_turku_2025/ros2_ws/install/lab1_bringup/share/colcon-core/packages/lab1_bringup)
[3.279s] DEBUG:colcon.colcon_parallel_executor.executor.parallel:closing loop
[3.280s] DEBUG:colcon.colcon_parallel_executor.executor.parallel:loop closed
[3.280s] DEBUG:colcon.colcon_parallel_executor.executor.parallel:run_until_complete finished with '0'
[3.281s] DEBUG:colcon.colcon_core.event_reactor:joining thread
[3.346s] INFO:colcon.colcon_core.plugin_system:Skipping extension 'colcon_notification.desktop_notification.notify_send': Could not find 'notify-send'
[3.346s] INFO:colcon.colcon_core.plugin_system:Skipping extension 'colcon_notification.desktop_notification.terminal_notifier': Not used on non-Darwin systems
[3.347s] INFO:colcon.colcon_core.plugin_system:Skipping extension 'colcon_notification.desktop_notification.win32': Not used on non-Windows systems
[3.347s] INFO:colcon.colcon_notification.desktop_notification:Sending desktop notification using 'notify2'
[3.347s] DEBUG:colcon.colcon_notification.desktop_notification.notify2:Failed to initialize notify2: org.freedesktop.DBus.Error.FileNotFound: Failed to connect to socket /run/user/1000/bus: No such file or directory
[3.348s] DEBUG:colcon.colcon_core.event_reactor:joined thread
[3.348s] INFO:colcon.colcon_core.shell:Creating prefix script '/home/felix/robo/robo_ai_turku_2025/ros2_ws/install/local_setup.ps1'
[3.351s] INFO:colcon.colcon_core.shell:Creating prefix util module '/home/felix/robo/robo_ai_turku_2025/ros2_ws/install/_local_setup_util_ps1.py'
[3.355s] INFO:colcon.colcon_core.shell:Creating prefix chain script '/home/felix/robo/robo_ai_turku_2025/ros2_ws/install/setup.ps1'
[3.357s] INFO:colcon.colcon_core.shell:Creating prefix script '/home/felix/robo/robo_ai_turku_2025/ros2_ws/install/local_setup.sh'
[3.360s] INFO:colcon.colcon_core.shell:Creating prefix util module '/home/felix/robo/robo_ai_turku_2025/ros2_ws/install/_local_setup_util_sh.py'
[3.362s] INFO:colcon.colcon_core.shell:Creating prefix chain script '/home/felix/robo/robo_ai_turku_2025/ros2_ws/install/setup.sh'
[3.365s] INFO:colcon.colcon_core.shell:Creating prefix script '/home/felix/robo/robo_ai_turku_2025/ros2_ws/install/local_setup.bash'
[3.367s] INFO:colcon.colcon_core.shell:Creating prefix chain script '/home/felix/robo/robo_ai_turku_2025/ros2_ws/install/setup.bash'
[3.370s] INFO:colcon.colcon_core.shell:Creating prefix script '/home/felix/robo/robo_ai_turku_2025/ros2_ws/install/local_setup.zsh'
[3.372s] INFO:colcon.colcon_core.shell:Creating prefix chain script '/home/felix/robo/robo_ai_turku_2025/ros2_ws/install/setup.zsh'
