[1.145s] Invoking command in '/home/felix/robo/robo_ai_turku_2025/ros2_ws/src/lab01_task05': AMENT_PREFIX_PATH=/home/felix/robo/robo_ai_turku_2025/install/custom_interface:${AMENT_PREFIX_PATH} CMAKE_PREFIX_PATH=/home/felix/robo/robo_ai_turku_2025/install/custom_interface:${CMAKE_PREFIX_PATH} LD_LIBRARY_PATH=/home/felix/robo/robo_ai_turku_2025/install/custom_interface/lib:${LD_LIBRARY_PATH} PYTHONPATH=/home/felix/robo/robo_ai_turku_2025/build/lab01_task05/prefix_override:/usr/lib/python3/dist-packages/colcon_core/task/python/colcon_distutils_commands:/home/felix/robo/robo_ai_turku_2025/install/lab01_task05/lib/python3.10/site-packages:/home/felix/robo/robo_ai_turku_2025/install/custom_interface/local/lib/python3.10/dist-packages:${PYTHONPATH} /usr/bin/python3 -W ignore:setup.py install is deprecated -W ignore:easy_install command is deprecated setup.py egg_info --egg-base ../../../build/lab01_task05 build --build-base /home/felix/robo/robo_ai_turku_2025/build/lab01_task05/build install --record /home/felix/robo/robo_ai_turku_2025/build/lab01_task05/install.log --single-version-externally-managed install_data
[1.387s] running egg_info
[1.388s] creating ../../../build/lab01_task05/lab01_task05.egg-info
[1.388s] writing ../../../build/lab01_task05/lab01_task05.egg-info/PKG-INFO
[1.389s] writing dependency_links to ../../../build/lab01_task05/lab01_task05.egg-info/dependency_links.txt
[1.389s] writing entry points to ../../../build/lab01_task05/lab01_task05.egg-info/entry_points.txt
[1.389s] writing requirements to ../../../build/lab01_task05/lab01_task05.egg-info/requires.txt
[1.389s] writing top-level names to ../../../build/lab01_task05/lab01_task05.egg-info/top_level.txt
[1.390s] writing manifest file '../../../build/lab01_task05/lab01_task05.egg-info/SOURCES.txt'
[1.392s] reading manifest file '../../../build/lab01_task05/lab01_task05.egg-info/SOURCES.txt'
[1.393s] writing manifest file '../../../build/lab01_task05/lab01_task05.egg-info/SOURCES.txt'
[1.393s] running build
[1.393s] running build_py
[1.393s] creating /home/felix/robo/robo_ai_turku_2025/build/lab01_task05/build
[1.394s] creating /home/felix/robo/robo_ai_turku_2025/build/lab01_task05/build/lib
[1.394s] creating /home/felix/robo/robo_ai_turku_2025/build/lab01_task05/build/lib/lab01_task05
[1.394s] copying lab01_task05/__init__.py -> /home/felix/robo/robo_ai_turku_2025/build/lab01_task05/build/lib/lab01_task05
[1.395s] copying lab01_task05/countdown_server.py -> /home/felix/robo/robo_ai_turku_2025/build/lab01_task05/build/lib/lab01_task05
[1.395s] copying lab01_task05/countdown_cancel_client.py -> /home/felix/robo/robo_ai_turku_2025/build/lab01_task05/build/lib/lab01_task05
[1.396s] copying lab01_task05/countdown_client.py -> /home/felix/robo/robo_ai_turku_2025/build/lab01_task05/build/lib/lab01_task05
[1.396s] running install
[1.396s] running install_lib
[1.397s] creating /home/felix/robo/robo_ai_turku_2025/install/lab01_task05/lib/python3.10/site-packages/lab01_task05
[1.398s] copying /home/felix/robo/robo_ai_turku_2025/build/lab01_task05/build/lib/lab01_task05/__init__.py -> /home/felix/robo/robo_ai_turku_2025/install/lab01_task05/lib/python3.10/site-packages/lab01_task05
[1.398s] copying /home/felix/robo/robo_ai_turku_2025/build/lab01_task05/build/lib/lab01_task05/countdown_server.py -> /home/felix/robo/robo_ai_turku_2025/install/lab01_task05/lib/python3.10/site-packages/lab01_task05
[1.398s] copying /home/felix/robo/robo_ai_turku_2025/build/lab01_task05/build/lib/lab01_task05/countdown_cancel_client.py -> /home/felix/robo/robo_ai_turku_2025/install/lab01_task05/lib/python3.10/site-packages/lab01_task05
[1.398s] copying /home/felix/robo/robo_ai_turku_2025/build/lab01_task05/build/lib/lab01_task05/countdown_client.py -> /home/felix/robo/robo_ai_turku_2025/install/lab01_task05/lib/python3.10/site-packages/lab01_task05
[1.398s] byte-compiling /home/felix/robo/robo_ai_turku_2025/install/lab01_task05/lib/python3.10/site-packages/lab01_task05/__init__.py to __init__.cpython-310.pyc
[1.399s] byte-compiling /home/felix/robo/robo_ai_turku_2025/install/lab01_task05/lib/python3.10/site-packages/lab01_task05/countdown_server.py to countdown_server.cpython-310.pyc
[1.400s] byte-compiling /home/felix/robo/robo_ai_turku_2025/install/lab01_task05/lib/python3.10/site-packages/lab01_task05/countdown_cancel_client.py to countdown_cancel_client.cpython-310.pyc
[1.400s] byte-compiling /home/felix/robo/robo_ai_turku_2025/install/lab01_task05/lib/python3.10/site-packages/lab01_task05/countdown_client.py to countdown_client.cpython-310.pyc
[1.401s] running install_data
[1.401s] creating /home/felix/robo/robo_ai_turku_2025/install/lab01_task05/share/ament_index
[1.401s] creating /home/felix/robo/robo_ai_turku_2025/install/lab01_task05/share/ament_index/resource_index
[1.401s] creating /home/felix/robo/robo_ai_turku_2025/install/lab01_task05/share/ament_index/resource_index/packages
[1.402s] copying resource/lab01_task05 -> /home/felix/robo/robo_ai_turku_2025/install/lab01_task05/share/ament_index/resource_index/packages
[1.402s] copying package.xml -> /home/felix/robo/robo_ai_turku_2025/install/lab01_task05/share/lab01_task05
[1.402s] running install_egg_info
[1.404s] Copying ../../../build/lab01_task05/lab01_task05.egg-info to /home/felix/robo/robo_ai_turku_2025/install/lab01_task05/lib/python3.10/site-packages/lab01_task05-0.0.0-py3.10.egg-info
[1.405s] running install_scripts
[1.428s] Installing countdown_cancel_client script to /home/felix/robo/robo_ai_turku_2025/install/lab01_task05/lib/lab01_task05
[1.429s] Installing countdown_client script to /home/felix/robo/robo_ai_turku_2025/install/lab01_task05/lib/lab01_task05
[1.429s] Installing countdown_server script to /home/felix/robo/robo_ai_turku_2025/install/lab01_task05/lib/lab01_task05
[1.429s] writing list of installed files to '/home/felix/robo/robo_ai_turku_2025/build/lab01_task05/install.log'
[1.457s] Invoked command in '/home/felix/robo/robo_ai_turku_2025/ros2_ws/src/lab01_task05' returned '0': AMENT_PREFIX_PATH=/home/felix/robo/robo_ai_turku_2025/install/custom_interface:${AMENT_PREFIX_PATH} CMAKE_PREFIX_PATH=/home/felix/robo/robo_ai_turku_2025/install/custom_interface:${CMAKE_PREFIX_PATH} LD_LIBRARY_PATH=/home/felix/robo/robo_ai_turku_2025/install/custom_interface/lib:${LD_LIBRARY_PATH} PYTHONPATH=/home/felix/robo/robo_ai_turku_2025/build/lab01_task05/prefix_override:/usr/lib/python3/dist-packages/colcon_core/task/python/colcon_distutils_commands:/home/felix/robo/robo_ai_turku_2025/install/lab01_task05/lib/python3.10/site-packages:/home/felix/robo/robo_ai_turku_2025/install/custom_interface/local/lib/python3.10/dist-packages:${PYTHONPATH} /usr/bin/python3 -W ignore:setup.py install is deprecated -W ignore:easy_install command is deprecated setup.py egg_info --egg-base ../../../build/lab01_task05 build --build-base /home/felix/robo/robo_ai_turku_2025/build/lab01_task05/build install --record /home/felix/robo/robo_ai_turku_2025/build/lab01_task05/install.log --single-version-externally-managed install_data
