[1.760s] Invoking command in '/home/felix/robo/robo_ai_turku_2025/ros2_ws/src/task1': PYTHONPATH=/home/felix/robo/robo_ai_turku_2025/ros2_ws/build/task1/prefix_override:/usr/lib/python3/dist-packages/colcon_core/task/python/colcon_distutils_commands:/home/felix/robo/robo_ai_turku_2025/ros2_ws/install/task1/lib/python3.10/site-packages:${PYTHONPATH} /usr/bin/python3 -W ignore:setup.py install is deprecated -W ignore:easy_install command is deprecated setup.py egg_info --egg-base ../../build/task1 build --build-base /home/felix/robo/robo_ai_turku_2025/ros2_ws/build/task1/build install --record /home/felix/robo/robo_ai_turku_2025/ros2_ws/build/task1/install.log --single-version-externally-managed install_data
[1.999s] running egg_info
[2.000s] writing ../../build/task1/task1.egg-info/PKG-INFO
[2.001s] writing dependency_links to ../../build/task1/task1.egg-info/dependency_links.txt
[2.001s] writing entry points to ../../build/task1/task1.egg-info/entry_points.txt
[2.001s] writing requirements to ../../build/task1/task1.egg-info/requires.txt
[2.002s] writing top-level names to ../../build/task1/task1.egg-info/top_level.txt
[2.004s] reading manifest file '../../build/task1/task1.egg-info/SOURCES.txt'
[2.007s] adding license file 'LICENSE'
[2.008s] writing manifest file '../../build/task1/task1.egg-info/SOURCES.txt'
[2.008s] running build
[2.008s] running build_py
[2.008s] running install
[2.009s] running install_lib
[2.010s] running install_data
[2.010s] running install_egg_info
[2.013s] removing '/home/felix/robo/robo_ai_turku_2025/ros2_ws/install/task1/lib/python3.10/site-packages/task1-0.0.0-py3.10.egg-info' (and everything under it)
[2.013s] Copying ../../build/task1/task1.egg-info to /home/felix/robo/robo_ai_turku_2025/ros2_ws/install/task1/lib/python3.10/site-packages/task1-0.0.0-py3.10.egg-info
[2.016s] running install_scripts
[2.045s] Installing publisher script to /home/felix/robo/robo_ai_turku_2025/ros2_ws/install/task1/lib/task1
[2.045s] Installing subscriber script to /home/felix/robo/robo_ai_turku_2025/ros2_ws/install/task1/lib/task1
[2.046s] writing list of installed files to '/home/felix/robo/robo_ai_turku_2025/ros2_ws/build/task1/install.log'
[2.073s] Invoked command in '/home/felix/robo/robo_ai_turku_2025/ros2_ws/src/task1' returned '0': PYTHONPATH=/home/felix/robo/robo_ai_turku_2025/ros2_ws/build/task1/prefix_override:/usr/lib/python3/dist-packages/colcon_core/task/python/colcon_distutils_commands:/home/felix/robo/robo_ai_turku_2025/ros2_ws/install/task1/lib/python3.10/site-packages:${PYTHONPATH} /usr/bin/python3 -W ignore:setup.py install is deprecated -W ignore:easy_install command is deprecated setup.py egg_info --egg-base ../../build/task1 build --build-base /home/felix/robo/robo_ai_turku_2025/ros2_ws/build/task1/build install --record /home/felix/robo/robo_ai_turku_2025/ros2_ws/build/task1/install.log --single-version-externally-managed install_data
