In file included from [01m[K/home/michael/robo_ai_turku_2025/lab_1/ros2_ws/build/custom_interface/rosidl_generator_c/custom_interface/msg/detail/person__functions.h:19[m[K,
                 from [01m[K/home/michael/robo_ai_turku_2025/lab_1/ros2_ws/build/custom_interface/rosidl_generator_c/custom_interface/msg/detail/person__functions.c:4[m[K:
[01m[K/home/michael/robo_ai_turku_2025/lab_1/ros2_ws/build/custom_interface/rosidl_generator_c/custom_interface/msg/detail/person__struct.h:22:10:[m[K [01;31m[Kfatal error: [m[Kstd_msgs/msg/detail/header__struct.h: No such file or directory
   22 | #include [01;31m[K"std_msgs/msg/detail/header__struct.h"[m[K
      |          [01;31m[K^~~~~~~~~~~~~~~~~~~~~~~~~~~~~~~~~~~~~~[m[K
compilation terminated.
gmake[2]: *** [CMakeFiles/custom_interface__rosidl_generator_c.dir/build.make:144: CMakeFiles/custom_interface__rosidl_generator_c.dir/rosidl_generator_c/custom_interface/msg/detail/person__functions.c.o] Error 1
gmake[2]: *** Waiting for unfinished jobs....
In file included from [01m[K/home/michael/robo_ai_turku_2025/lab_1/ros2_ws/build/custom_interface/rosidl_generator_c/custom_interface/srv/detail/calculate_distance__functions.h:19[m[K,
                 from [01m[K/home/michael/robo_ai_turku_2025/lab_1/ros2_ws/build/custom_interface/rosidl_generator_c/custom_interface/srv/detail/calculate_distance__functions.c:4[m[K:
[01m[K/home/michael/robo_ai_turku_2025/lab_1/ros2_ws/build/custom_interface/rosidl_generator_c/custom_interface/srv/detail/calculate_distance__struct.h:23:10:[m[K [01;31m[Kfatal error: [m[Kgeometry_msgs/msg/detail/point__struct.h: No such file or directory
   23 | #include [01;31m[K"geometry_msgs/msg/detail/point__struct.h"[m[K
      |          [01;31m[K^~~~~~~~~~~~~~~~~~~~~~~~~~~~~~~~~~~~~~~~~~[m[K
compilation terminated.
gmake[2]: *** [CMakeFiles/custom_interface__rosidl_generator_c.dir/build.make:158: CMakeFiles/custom_interface__rosidl_generator_c.dir/rosidl_generator_c/custom_interface/srv/detail/calculate_distance__functions.c.o] Error 1
gmake[1]: *** [CMakeFiles/Makefile2:213: CMakeFiles/custom_interface__rosidl_generator_c.dir/all] Error 2
gmake[1]: *** Waiting for unfinished jobs....
In file included from [01m[K/home/michael/robo_ai_turku_2025/lab_1/ros2_ws/build/custom_interface/rosidl_typesupport_cpp/custom_interface/srv/calculate_distance__type_support.cpp:7[m[K:
[01m[K/home/michael/robo_ai_turku_2025/lab_1/ros2_ws/build/custom_interface/rosidl_generator_cpp/custom_interface/srv/detail/calculate_distance__struct.hpp:21:10:[m[K [01;31m[Kfatal error: [m[Kgeometry_msgs/msg/detail/point__struct.hpp: No such file or directory
   21 | #include [01;31m[K"geometry_msgs/msg/detail/point__struct.hpp"[m[K
      |          [01;31m[K^~~~~~~~~~~~~~~~~~~~~~~~~~~~~~~~~~~~~~~~~~~~[m[K
compilation terminated.
In file included from [01m[K/home/michael/robo_ai_turku_2025/lab_1/ros2_ws/build/custom_interface/rosidl_typesupport_cpp/custom_interface/msg/person__type_support.cpp:7[m[K:
[01m[K/home/michael/robo_ai_turku_2025/lab_1/ros2_ws/build/custom_interface/rosidl_generator_cpp/custom_interface/msg/detail/person__struct.hpp:20:10:[m[K [01;31m[Kfatal error: [m[Kstd_msgs/msg/detail/header__struct.hpp: No such file or directory
   20 | #include [01;31m[K"std_msgs/msg/detail/header__struct.hpp"[m[K
      |          [01;31m[K^~~~~~~~~~~~~~~~~~~~~~~~~~~~~~~~~~~~~~~~[m[K
compilation terminated.
gmake[2]: *** [CMakeFiles/custom_interface__rosidl_typesupport_cpp.dir/build.make:115: CMakeFiles/custom_interface__rosidl_typesupport_cpp.dir/rosidl_typesupport_cpp/custom_interface/srv/calculate_distance__type_support.cpp.o] Error 1
gmake[2]: *** Waiting for unfinished jobs....
gmake[2]: *** [CMakeFiles/custom_interface__rosidl_typesupport_cpp.dir/build.make:101: CMakeFiles/custom_interface__rosidl_typesupport_cpp.dir/rosidl_typesupport_cpp/custom_interface/msg/person__type_support.cpp.o] Error 1
gmake[1]: *** [CMakeFiles/Makefile2:395: CMakeFiles/custom_interface__rosidl_typesupport_cpp.dir/all] Error 2
In file included from [01m[K/home/michael/robo_ai_turku_2025/lab_1/ros2_ws/build/custom_interface/rosidl_typesupport_fastrtps_cpp/custom_interface/msg/detail/person__rosidl_typesupport_fastrtps_cpp.hpp:11[m[K,
                 from [01m[K/home/michael/robo_ai_turku_2025/lab_1/ros2_ws/build/custom_interface/rosidl_typesupport_fastrtps_cpp/custom_interface/msg/detail/dds_fastrtps/person__type_support.cpp:4[m[K:
[01m[K/home/michael/robo_ai_turku_2025/lab_1/ros2_ws/build/custom_interface/rosidl_generator_cpp/custom_interface/msg/detail/person__struct.hpp:20:10:[m[K [01;31m[Kfatal error: [m[Kstd_msgs/msg/detail/header__struct.hpp: No such file or directory
   20 | #include [01;31m[K"std_msgs/msg/detail/header__struct.hpp"[m[K
      |          [01;31m[K^~~~~~~~~~~~~~~~~~~~~~~~~~~~~~~~~~~~~~~~[m[K
compilation terminated.
In file included from [01m[K/home/michael/robo_ai_turku_2025/lab_1/ros2_ws/build/custom_interface/rosidl_typesupport_fastrtps_cpp/custom_interface/srv/detail/calculate_distance__rosidl_typesupport_fastrtps_cpp.hpp:11[m[K,
                 from [01m[K/home/michael/robo_ai_turku_2025/lab_1/ros2_ws/build/custom_interface/rosidl_typesupport_fastrtps_cpp/custom_interface/srv/detail/dds_fastrtps/calculate_distance__type_support.cpp:4[m[K:
[01m[K/home/michael/robo_ai_turku_2025/lab_1/ros2_ws/build/custom_interface/rosidl_generator_cpp/custom_interface/srv/detail/calculate_distance__struct.hpp:21:10:[m[K [01;31m[Kfatal error: [m[Kgeometry_msgs/msg/detail/point__struct.hpp: No such file or directory
   21 | #include [01;31m[K"geometry_msgs/msg/detail/point__struct.hpp"[m[K
      |          [01;31m[K^~~~~~~~~~~~~~~~~~~~~~~~~~~~~~~~~~~~~~~~~~~~[m[K
compilation terminated.
gmake[2]: *** [CMakeFiles/custom_interface__rosidl_typesupport_fastrtps_cpp.dir/build.make:112: CMakeFiles/custom_interface__rosidl_typesupport_fastrtps_cpp.dir/rosidl_typesupport_fastrtps_cpp/custom_interface/msg/detail/dds_fastrtps/person__type_support.cpp.o] Error 1
gmake[2]: *** Waiting for unfinished jobs....
gmake[2]: *** [CMakeFiles/custom_interface__rosidl_typesupport_fastrtps_cpp.dir/build.make:126: CMakeFiles/custom_interface__rosidl_typesupport_fastrtps_cpp.dir/rosidl_typesupport_fastrtps_cpp/custom_interface/srv/detail/dds_fastrtps/calculate_distance__type_support.cpp.o] Error 1
gmake[1]: *** [CMakeFiles/Makefile2:291: CMakeFiles/custom_interface__rosidl_typesupport_fastrtps_cpp.dir/all] Error 2
gmake: *** [Makefile:146: all] Error 2
