[0.466s] Invoking command in '/home/felix/robo/robo_ai_turku_2025/ros2_ws/src/lab01_task03': PYTHONPATH=/home/felix/robo/robo_ai_turku_2025/ros2_ws/build/lab01_task03/prefix_override:/usr/lib/python3/dist-packages/colcon_core/task/python/colcon_distutils_commands:/home/felix/robo/robo_ai_turku_2025/ros2_ws/install/lab01_task03/lib/python3.10/site-packages:${PYTHONPATH} /usr/bin/python3 -W ignore:setup.py install is deprecated -W ignore:easy_install command is deprecated setup.py egg_info --egg-base ../../build/lab01_task03 build --build-base /home/felix/robo/robo_ai_turku_2025/ros2_ws/build/lab01_task03/build install --record /home/felix/robo/robo_ai_turku_2025/ros2_ws/build/lab01_task03/install.log --single-version-externally-managed install_data
[0.666s] running egg_info
[0.667s] writing ../../build/lab01_task03/lab01_task03.egg-info/PKG-INFO
[0.667s] writing dependency_links to ../../build/lab01_task03/lab01_task03.egg-info/dependency_links.txt
[0.667s] writing entry points to ../../build/lab01_task03/lab01_task03.egg-info/entry_points.txt
[0.667s] writing requirements to ../../build/lab01_task03/lab01_task03.egg-info/requires.txt
[0.667s] writing top-level names to ../../build/lab01_task03/lab01_task03.egg-info/top_level.txt
[0.670s] reading manifest file '../../build/lab01_task03/lab01_task03.egg-info/SOURCES.txt'
[0.671s] adding license file 'LICENSE'
[0.672s] writing manifest file '../../build/lab01_task03/lab01_task03.egg-info/SOURCES.txt'
[0.672s] running build
[0.672s] running build_py
[0.672s] copying lab01_task03/client.py -> /home/felix/robo/robo_ai_turku_2025/ros2_ws/build/lab01_task03/build/lib/lab01_task03
[0.673s] running install
[0.673s] running install_lib
[0.674s] copying /home/felix/robo/robo_ai_turku_2025/ros2_ws/build/lab01_task03/build/lib/lab01_task03/client.py -> /home/felix/robo/robo_ai_turku_2025/ros2_ws/install/lab01_task03/lib/python3.10/site-packages/lab01_task03
[0.675s] byte-compiling /home/felix/robo/robo_ai_turku_2025/ros2_ws/install/lab01_task03/lib/python3.10/site-packages/lab01_task03/client.py to client.cpython-310.pyc
[0.677s] running install_data
[0.677s] running install_egg_info
[0.679s] removing '/home/felix/robo/robo_ai_turku_2025/ros2_ws/install/lab01_task03/lib/python3.10/site-packages/lab01_task03-0.0.0-py3.10.egg-info' (and everything under it)
[0.680s] Copying ../../build/lab01_task03/lab01_task03.egg-info to /home/felix/robo/robo_ai_turku_2025/ros2_ws/install/lab01_task03/lib/python3.10/site-packages/lab01_task03-0.0.0-py3.10.egg-info
[0.681s] running install_scripts
[0.696s] Installing client script to /home/felix/robo/robo_ai_turku_2025/ros2_ws/install/lab01_task03/lib/lab01_task03
[0.697s] Installing server script to /home/felix/robo/robo_ai_turku_2025/ros2_ws/install/lab01_task03/lib/lab01_task03
[0.697s] writing list of installed files to '/home/felix/robo/robo_ai_turku_2025/ros2_ws/build/lab01_task03/install.log'
[0.713s] Invoked command in '/home/felix/robo/robo_ai_turku_2025/ros2_ws/src/lab01_task03' returned '0': PYTHONPATH=/home/felix/robo/robo_ai_turku_2025/ros2_ws/build/lab01_task03/prefix_override:/usr/lib/python3/dist-packages/colcon_core/task/python/colcon_distutils_commands:/home/felix/robo/robo_ai_turku_2025/ros2_ws/install/lab01_task03/lib/python3.10/site-packages:${PYTHONPATH} /usr/bin/python3 -W ignore:setup.py install is deprecated -W ignore:easy_install command is deprecated setup.py egg_info --egg-base ../../build/lab01_task03 build --build-base /home/felix/robo/robo_ai_turku_2025/ros2_ws/build/lab01_task03/build install --record /home/felix/robo/robo_ai_turku_2025/ros2_ws/build/lab01_task03/install.log --single-version-externally-managed install_data
