[0.485s] Invoking command in '/home/felix/robo/robo_ai_turku_2025/ros2_ws/src/lab01_task03': PYTHONPATH=/home/felix/robo/robo_ai_turku_2025/ros2_ws/build/lab01_task03/prefix_override:/usr/lib/python3/dist-packages/colcon_core/task/python/colcon_distutils_commands:/home/felix/robo/robo_ai_turku_2025/ros2_ws/install/lab01_task03/lib/python3.10/site-packages:${PYTHONPATH} /usr/bin/python3 -W ignore:setup.py install is deprecated -W ignore:easy_install command is deprecated setup.py egg_info --egg-base ../../build/lab01_task03 build --build-base /home/felix/robo/robo_ai_turku_2025/ros2_ws/build/lab01_task03/build install --record /home/felix/robo/robo_ai_turku_2025/ros2_ws/build/lab01_task03/install.log --single-version-externally-managed install_data
[0.634s] running egg_info
[0.634s] writing ../../build/lab01_task03/lab01_task03.egg-info/PKG-INFO
[0.634s] writing dependency_links to ../../build/lab01_task03/lab01_task03.egg-info/dependency_links.txt
[0.634s] writing entry points to ../../build/lab01_task03/lab01_task03.egg-info/entry_points.txt
[0.635s] writing requirements to ../../build/lab01_task03/lab01_task03.egg-info/requires.txt
[0.635s] writing top-level names to ../../build/lab01_task03/lab01_task03.egg-info/top_level.txt
[0.638s] reading manifest file '../../build/lab01_task03/lab01_task03.egg-info/SOURCES.txt'
[0.639s] adding license file 'LICENSE'
[0.639s] writing manifest file '../../build/lab01_task03/lab01_task03.egg-info/SOURCES.txt'
[0.639s] running build
[0.639s] running build_py
[0.640s] running install
[0.640s] running install_lib
[0.642s] running install_data
[0.642s] running install_egg_info
[0.644s] removing '/home/felix/robo/robo_ai_turku_2025/ros2_ws/install/lab01_task03/lib/python3.10/site-packages/lab01_task03-0.0.0-py3.10.egg-info' (and everything under it)
[0.644s] Copying ../../build/lab01_task03/lab01_task03.egg-info to /home/felix/robo/robo_ai_turku_2025/ros2_ws/install/lab01_task03/lib/python3.10/site-packages/lab01_task03-0.0.0-py3.10.egg-info
[0.647s] running install_scripts
[0.663s] Installing client script to /home/felix/robo/robo_ai_turku_2025/ros2_ws/install/lab01_task03/lib/lab01_task03
[0.663s] Installing server script to /home/felix/robo/robo_ai_turku_2025/ros2_ws/install/lab01_task03/lib/lab01_task03
[0.663s] writing list of installed files to '/home/felix/robo/robo_ai_turku_2025/ros2_ws/build/lab01_task03/install.log'
[0.682s] Invoked command in '/home/felix/robo/robo_ai_turku_2025/ros2_ws/src/lab01_task03' returned '0': PYTHONPATH=/home/felix/robo/robo_ai_turku_2025/ros2_ws/build/lab01_task03/prefix_override:/usr/lib/python3/dist-packages/colcon_core/task/python/colcon_distutils_commands:/home/felix/robo/robo_ai_turku_2025/ros2_ws/install/lab01_task03/lib/python3.10/site-packages:${PYTHONPATH} /usr/bin/python3 -W ignore:setup.py install is deprecated -W ignore:easy_install command is deprecated setup.py egg_info --egg-base ../../build/lab01_task03 build --build-base /home/felix/robo/robo_ai_turku_2025/ros2_ws/build/lab01_task03/build install --record /home/felix/robo/robo_ai_turku_2025/ros2_ws/build/lab01_task03/install.log --single-version-externally-managed install_data
