[1.346s] Invoking command in '/home/felix/robo/robo_ai_turku_2025/ros2_ws/src/lab01_task03': CMAKE_PREFIX_PATH=/home/felix/robo/robo_ai_turku_2025/ros2_ws/install/custom_interface:/home/felix/robo/robo_ai_turku_2025/install/custom_interface:/home/felix/robo/robo_ai_turku_2025/ros2_ws/src/custom_interface/install/custom_interface LD_LIBRARY_PATH=/home/felix/robo/robo_ai_turku_2025/ros2_ws/install/custom_interface/lib:/home/felix/robo/robo_ai_turku_2025/install/custom_interface/lib:/home/felix/robo/robo_ai_turku_2025/ros2_ws/src/custom_interface/install/custom_interface/lib:/opt/ros/humble/opt/rviz_ogre_vendor/lib:/opt/ros/humble/lib/x86_64-linux-gnu:/opt/ros/humble/lib PYTHONPATH=/home/felix/robo/robo_ai_turku_2025/ros2_ws/build/lab01_task03/prefix_override:/usr/lib/python3/dist-packages/colcon_core/task/python/colcon_distutils_commands:/home/felix/robo/robo_ai_turku_2025/ros2_ws/install/lab01_task03/lib/python3.10/site-packages:${PYTHONPATH} /usr/bin/python3 -W ignore:setup.py install is deprecated -W ignore:easy_install command is deprecated setup.py egg_info --egg-base ../../build/lab01_task03 build --build-base /home/felix/robo/robo_ai_turku_2025/ros2_ws/build/lab01_task03/build install --record /home/felix/robo/robo_ai_turku_2025/ros2_ws/build/lab01_task03/install.log --single-version-externally-managed install_data
[1.632s] running egg_info
[1.633s] writing ../../build/lab01_task03/lab01_task03.egg-info/PKG-INFO
[1.634s] writing dependency_links to ../../build/lab01_task03/lab01_task03.egg-info/dependency_links.txt
[1.634s] writing entry points to ../../build/lab01_task03/lab01_task03.egg-info/entry_points.txt
[1.635s] writing requirements to ../../build/lab01_task03/lab01_task03.egg-info/requires.txt
[1.635s] writing top-level names to ../../build/lab01_task03/lab01_task03.egg-info/top_level.txt
[1.637s] reading manifest file '../../build/lab01_task03/lab01_task03.egg-info/SOURCES.txt'
[1.639s] adding license file 'LICENSE'
[1.640s] writing manifest file '../../build/lab01_task03/lab01_task03.egg-info/SOURCES.txt'
[1.641s] running build
[1.641s] running build_py
[1.641s] running install
[1.642s] running install_lib
[1.643s] running install_data
[1.643s] running install_egg_info
[1.647s] removing '/home/felix/robo/robo_ai_turku_2025/ros2_ws/install/lab01_task03/lib/python3.10/site-packages/lab01_task03-0.0.0-py3.10.egg-info' (and everything under it)
[1.647s] Copying ../../build/lab01_task03/lab01_task03.egg-info to /home/felix/robo/robo_ai_turku_2025/ros2_ws/install/lab01_task03/lib/python3.10/site-packages/lab01_task03-0.0.0-py3.10.egg-info
[1.648s] running install_scripts
[1.673s] Installing client script to /home/felix/robo/robo_ai_turku_2025/ros2_ws/install/lab01_task03/lib/lab01_task03
[1.673s] Installing server script to /home/felix/robo/robo_ai_turku_2025/ros2_ws/install/lab01_task03/lib/lab01_task03
[1.673s] writing list of installed files to '/home/felix/robo/robo_ai_turku_2025/ros2_ws/build/lab01_task03/install.log'
[1.701s] Invoked command in '/home/felix/robo/robo_ai_turku_2025/ros2_ws/src/lab01_task03' returned '0': CMAKE_PREFIX_PATH=/home/felix/robo/robo_ai_turku_2025/ros2_ws/install/custom_interface:/home/felix/robo/robo_ai_turku_2025/install/custom_interface:/home/felix/robo/robo_ai_turku_2025/ros2_ws/src/custom_interface/install/custom_interface LD_LIBRARY_PATH=/home/felix/robo/robo_ai_turku_2025/ros2_ws/install/custom_interface/lib:/home/felix/robo/robo_ai_turku_2025/install/custom_interface/lib:/home/felix/robo/robo_ai_turku_2025/ros2_ws/src/custom_interface/install/custom_interface/lib:/opt/ros/humble/opt/rviz_ogre_vendor/lib:/opt/ros/humble/lib/x86_64-linux-gnu:/opt/ros/humble/lib PYTHONPATH=/home/felix/robo/robo_ai_turku_2025/ros2_ws/build/lab01_task03/prefix_override:/usr/lib/python3/dist-packages/colcon_core/task/python/colcon_distutils_commands:/home/felix/robo/robo_ai_turku_2025/ros2_ws/install/lab01_task03/lib/python3.10/site-packages:${PYTHONPATH} /usr/bin/python3 -W ignore:setup.py install is deprecated -W ignore:easy_install command is deprecated setup.py egg_info --egg-base ../../build/lab01_task03 build --build-base /home/felix/robo/robo_ai_turku_2025/ros2_ws/build/lab01_task03/build install --record /home/felix/robo/robo_ai_turku_2025/ros2_ws/build/lab01_task03/install.log --single-version-externally-managed install_data
