-- Found ament_cmake: 1.3.12 (/opt/ros/humble/share/ament_cmake/cmake)
-- Found rclcpp: 16.0.14 (/opt/ros/humble/share/rclcpp/cmake)
-- Found rosidl_generator_c: 3.1.7 (/opt/ros/humble/share/rosidl_generator_c/cmake)
-- Found rosidl_adapter: 3.1.7 (/opt/ros/humble/share/rosidl_adapter/cmake)
-- Found rosidl_generator_cpp: 3.1.7 (/opt/ros/humble/share/rosidl_generator_cpp/cmake)
-- Using all available rosidl_typesupport_c: rosidl_typesupport_fastrtps_c;rosidl_typesupport_introspection_c
-- Using all available rosidl_typesupport_cpp: rosidl_typesupport_fastrtps_cpp;rosidl_typesupport_introspection_cpp
-- Found rmw_implementation_cmake: 6.1.2 (/opt/ros/humble/share/rmw_implementation_cmake/cmake)
-- Found rmw_fastrtps_cpp: 6.2.8 (/opt/ros/humble/share/rmw_fastrtps_cpp/cmake)
-- Using RMW implementation 'rmw_fastrtps_cpp' as default
-- Found rosidl_default_generators: 1.2.0 (/opt/ros/humble/share/rosidl_default_generators/cmake)
-- Found ament_cmake_ros: 0.10.0 (/opt/ros/humble/share/ament_cmake_ros/cmake)
-- Using all available rosidl_typesupport_c: rosidl_typesupport_fastrtps_c;rosidl_typesupport_introspection_c
-- Using all available rosidl_typesupport_cpp: rosidl_typesupport_fastrtps_cpp;rosidl_typesupport_introspection_cpp
-- Found PythonInterp: /usr/bin/python3 (found suitable version "3.10.12", minimum required is "3.6") 
-- Found python_cmake_module: 0.10.0 (/opt/ros/humble/share/python_cmake_module/cmake)
-- Found PythonLibs: /usr/lib/x86_64-linux-gnu/libpython3.10.so (found suitable version "3.10.12", minimum required is "3.5") 
-- Using PYTHON_EXECUTABLE: /usr/bin/python3
-- Using PYTHON_INCLUDE_DIRS: /usr/include/python3.10
-- Using PYTHON_LIBRARIES: /usr/lib/x86_64-linux-gnu/libpython3.10.so
-- Found PythonExtra: .so  
-- Found ament_lint_auto: 0.12.14 (/opt/ros/humble/share/ament_lint_auto/cmake)
-- Added test 'cppcheck' to perform static code analysis on C / C++ code
-- Configured cppcheck include dirs: 
-- Configured cppcheck exclude dirs and/or files: 
-- Added test 'flake8' to check Python code syntax and style conventions
-- Added test 'lint_cmake' to check CMake code style
-- Added test 'pep257' to check Python code against some of the docstring style conventions in PEP 257
-- Added test 'uncrustify' to check C / C++ code style
-- Configured uncrustify additional arguments: 
-- Added test 'xmllint' to check XML markup files
-- Configuring done
-- Generating done
-- Build files have been written to: /home/felix/robo/robo_ai_turku_2025/ros2_ws/build/custom_interface
[  3%] [34m[1mGenerating C code for ROS interfaces[0m
[  6%] [34m[1mGenerating C++ code for ROS interfaces[0m
[  6%] Built target ament_cmake_python_copy_custom_interface
[  9%] [32mBuilding C object CMakeFiles/custom_interface__rosidl_generator_c.dir/rosidl_generator_c/custom_interface/msg/detail/task_msg__functions.c.o[0m
running egg_info
[  9%] Built target custom_interface__cpp
creating custom_interface.egg-info
writing custom_interface.egg-info/PKG-INFO
writing dependency_links to custom_interface.egg-info/dependency_links.txt
writing top-level names to custom_interface.egg-info/top_level.txt
writing manifest file 'custom_interface.egg-info/SOURCES.txt'
reading manifest file 'custom_interface.egg-info/SOURCES.txt'
writing manifest file 'custom_interface.egg-info/SOURCES.txt'
[ 12%] [34m[1mGenerating C++ type support for eProsima Fast-RTPS[0m
[ 16%] [34m[1mGenerating C++ type support dispatch for ROS interfaces[0m
[ 19%] [34m[1mGenerating C++ introspection for ROS interfaces[0m
[ 19%] Built target ament_cmake_python_build_custom_interface_egg
[ 22%] [32m[1mLinking C shared library libcustom_interface__rosidl_generator_c.so[0m
[ 25%] [32mBuilding CXX object CMakeFiles/custom_interface__rosidl_typesupport_introspection_cpp.dir/rosidl_typesupport_introspection_cpp/custom_interface/msg/detail/task_msg__type_support.cpp.o[0m
[ 29%] [32mBuilding CXX object CMakeFiles/custom_interface__rosidl_typesupport_cpp.dir/rosidl_typesupport_cpp/custom_interface/msg/task_msg__type_support.cpp.o[0m
[ 32%] [32mBuilding CXX object CMakeFiles/custom_interface__rosidl_typesupport_fastrtps_cpp.dir/rosidl_typesupport_fastrtps_cpp/custom_interface/msg/detail/dds_fastrtps/task_msg__type_support.cpp.o[0m
[ 32%] Built target custom_interface__rosidl_generator_c
[ 35%] [34m[1mGenerating C introspection for ROS interfaces[0m
[ 38%] [34m[1mGenerating C type support for eProsima Fast-RTPS[0m
[ 41%] [34m[1mGenerating C type support dispatch for ROS interfaces[0m
[ 45%] [32mBuilding CXX object CMakeFiles/custom_interface__rosidl_typesupport_c.dir/rosidl_typesupport_c/custom_interface/msg/task_msg__type_support.cpp.o[0m
[ 48%] [32mBuilding C object CMakeFiles/custom_interface__rosidl_typesupport_introspection_c.dir/rosidl_typesupport_introspection_c/custom_interface/msg/detail/task_msg__type_support.c.o[0m
[ 51%] [32mBuilding CXX object CMakeFiles/custom_interface__rosidl_typesupport_fastrtps_c.dir/rosidl_typesupport_fastrtps_c/custom_interface/msg/detail/task_msg__type_support_c.cpp.o[0m
[ 54%] [32m[1mLinking C shared library libcustom_interface__rosidl_typesupport_introspection_c.so[0m
[ 58%] [32m[1mLinking CXX shared library libcustom_interface__rosidl_typesupport_c.so[0m
[ 61%] [32m[1mLinking CXX shared library libcustom_interface__rosidl_typesupport_cpp.so[0m
[ 61%] Built target custom_interface__rosidl_typesupport_introspection_c
[ 61%] Built target custom_interface__rosidl_typesupport_c
[ 61%] Built target custom_interface__rosidl_typesupport_cpp
[ 64%] [32m[1mLinking CXX shared library libcustom_interface__rosidl_typesupport_introspection_cpp.so[0m
[ 67%] [32m[1mLinking CXX shared library libcustom_interface__rosidl_typesupport_fastrtps_cpp.so[0m
[ 67%] Built target custom_interface__rosidl_typesupport_introspection_cpp
[ 67%] Built target custom_interface__rosidl_typesupport_fastrtps_cpp
[ 70%] [32m[1mLinking CXX shared library libcustom_interface__rosidl_typesupport_fastrtps_c.so[0m
[ 70%] Built target custom_interface__rosidl_typesupport_fastrtps_c
[ 70%] Built target custom_interface
[ 74%] [34m[1mGenerating Python code for ROS interfaces[0m
[ 74%] Built target custom_interface__py
[ 77%] [32mBuilding C object CMakeFiles/custom_interface__rosidl_generator_py.dir/rosidl_generator_py/custom_interface/msg/_task_msg_s.c.o[0m
[ 80%] [32m[1mLinking C shared library rosidl_generator_py/custom_interface/libcustom_interface__rosidl_generator_py.so[0m
[ 80%] Built target custom_interface__rosidl_generator_py
[ 83%] [32mBuilding C object CMakeFiles/custom_interface__rosidl_typesupport_fastrtps_c__pyext.dir/rosidl_generator_py/custom_interface/_custom_interface_s.ep.rosidl_typesupport_fastrtps_c.c.o[0m
[ 87%] [32mBuilding C object CMakeFiles/custom_interface__rosidl_typesupport_c__pyext.dir/rosidl_generator_py/custom_interface/_custom_interface_s.ep.rosidl_typesupport_c.c.o[0m
[ 90%] [32mBuilding C object CMakeFiles/custom_interface__rosidl_typesupport_introspection_c__pyext.dir/rosidl_generator_py/custom_interface/_custom_interface_s.ep.rosidl_typesupport_introspection_c.c.o[0m
[ 96%] [32m[1mLinking C shared library rosidl_generator_py/custom_interface/custom_interface_s__rosidl_typesupport_c.cpython-310-x86_64-linux-gnu.so[0m
[ 96%] [32m[1mLinking C shared library rosidl_generator_py/custom_interface/custom_interface_s__rosidl_typesupport_introspection_c.cpython-310-x86_64-linux-gnu.so[0m
[100%] [32m[1mLinking C shared library rosidl_generator_py/custom_interface/custom_interface_s__rosidl_typesupport_fastrtps_c.cpython-310-x86_64-linux-gnu.so[0m
[100%] Built target custom_interface__rosidl_typesupport_fastrtps_c__pyext
[100%] Built target custom_interface__rosidl_typesupport_introspection_c__pyext
[100%] Built target custom_interface__rosidl_typesupport_c__pyext
-- Install configuration: ""
-- Installing: /home/felix/robo/robo_ai_turku_2025/ros2_ws/install/custom_interface/share/ament_index/resource_index/rosidl_interfaces/custom_interface
-- Installing: /home/felix/robo/robo_ai_turku_2025/ros2_ws/install/custom_interface/include/custom_interface/custom_interface
-- Installing: /home/felix/robo/robo_ai_turku_2025/ros2_ws/install/custom_interface/include/custom_interface/custom_interface/msg
-- Installing: /home/felix/robo/robo_ai_turku_2025/ros2_ws/install/custom_interface/include/custom_interface/custom_interface/msg/task_msg.h
-- Installing: /home/felix/robo/robo_ai_turku_2025/ros2_ws/install/custom_interface/include/custom_interface/custom_interface/msg/rosidl_generator_c__visibility_control.h
-- Installing: /home/felix/robo/robo_ai_turku_2025/ros2_ws/install/custom_interface/include/custom_interface/custom_interface/msg/detail
-- Installing: /home/felix/robo/robo_ai_turku_2025/ros2_ws/install/custom_interface/include/custom_interface/custom_interface/msg/detail/task_msg__struct.h
-- Installing: /home/felix/robo/robo_ai_turku_2025/ros2_ws/install/custom_interface/include/custom_interface/custom_interface/msg/detail/task_msg__functions.c
-- Installing: /home/felix/robo/robo_ai_turku_2025/ros2_ws/install/custom_interface/include/custom_interface/custom_interface/msg/detail/task_msg__functions.h
-- Installing: /home/felix/robo/robo_ai_turku_2025/ros2_ws/install/custom_interface/include/custom_interface/custom_interface/msg/detail/task_msg__type_support.h
-- Installing: /home/felix/robo/robo_ai_turku_2025/ros2_ws/install/custom_interface/share/custom_interface/environment/library_path.sh
-- Installing: /home/felix/robo/robo_ai_turku_2025/ros2_ws/install/custom_interface/share/custom_interface/environment/library_path.dsv
-- Installing: /home/felix/robo/robo_ai_turku_2025/ros2_ws/install/custom_interface/lib/libcustom_interface__rosidl_generator_c.so
-- Set runtime path of "/home/felix/robo/robo_ai_turku_2025/ros2_ws/install/custom_interface/lib/libcustom_interface__rosidl_generator_c.so" to ""
-- Up-to-date: /home/felix/robo/robo_ai_turku_2025/ros2_ws/install/custom_interface/include/custom_interface/custom_interface
-- Up-to-date: /home/felix/robo/robo_ai_turku_2025/ros2_ws/install/custom_interface/include/custom_interface/custom_interface/msg
-- Up-to-date: /home/felix/robo/robo_ai_turku_2025/ros2_ws/install/custom_interface/include/custom_interface/custom_interface/msg/detail
-- Installing: /home/felix/robo/robo_ai_turku_2025/ros2_ws/install/custom_interface/include/custom_interface/custom_interface/msg/detail/task_msg__rosidl_typesupport_fastrtps_c.h
-- Installing: /home/felix/robo/robo_ai_turku_2025/ros2_ws/install/custom_interface/include/custom_interface/custom_interface/msg/rosidl_typesupport_fastrtps_c__visibility_control.h
-- Installing: /home/felix/robo/robo_ai_turku_2025/ros2_ws/install/custom_interface/lib/libcustom_interface__rosidl_typesupport_fastrtps_c.so
-- Set runtime path of "/home/felix/robo/robo_ai_turku_2025/ros2_ws/install/custom_interface/lib/libcustom_interface__rosidl_typesupport_fastrtps_c.so" to ""
-- Up-to-date: /home/felix/robo/robo_ai_turku_2025/ros2_ws/install/custom_interface/include/custom_interface/custom_interface
-- Up-to-date: /home/felix/robo/robo_ai_turku_2025/ros2_ws/install/custom_interface/include/custom_interface/custom_interface/msg
-- Installing: /home/felix/robo/robo_ai_turku_2025/ros2_ws/install/custom_interface/include/custom_interface/custom_interface/msg/rosidl_generator_cpp__visibility_control.hpp
-- Installing: /home/felix/robo/robo_ai_turku_2025/ros2_ws/install/custom_interface/include/custom_interface/custom_interface/msg/task_msg.hpp
-- Up-to-date: /home/felix/robo/robo_ai_turku_2025/ros2_ws/install/custom_interface/include/custom_interface/custom_interface/msg/detail
-- Installing: /home/felix/robo/robo_ai_turku_2025/ros2_ws/install/custom_interface/include/custom_interface/custom_interface/msg/detail/task_msg__traits.hpp
-- Installing: /home/felix/robo/robo_ai_turku_2025/ros2_ws/install/custom_interface/include/custom_interface/custom_interface/msg/detail/task_msg__builder.hpp
-- Installing: /home/felix/robo/robo_ai_turku_2025/ros2_ws/install/custom_interface/include/custom_interface/custom_interface/msg/detail/task_msg__struct.hpp
-- Installing: /home/felix/robo/robo_ai_turku_2025/ros2_ws/install/custom_interface/include/custom_interface/custom_interface/msg/detail/task_msg__type_support.hpp
-- Up-to-date: /home/felix/robo/robo_ai_turku_2025/ros2_ws/install/custom_interface/include/custom_interface/custom_interface
-- Up-to-date: /home/felix/robo/robo_ai_turku_2025/ros2_ws/install/custom_interface/include/custom_interface/custom_interface/msg
-- Installing: /home/felix/robo/robo_ai_turku_2025/ros2_ws/install/custom_interface/include/custom_interface/custom_interface/msg/rosidl_typesupport_fastrtps_cpp__visibility_control.h
-- Up-to-date: /home/felix/robo/robo_ai_turku_2025/ros2_ws/install/custom_interface/include/custom_interface/custom_interface/msg/detail
-- Installing: /home/felix/robo/robo_ai_turku_2025/ros2_ws/install/custom_interface/include/custom_interface/custom_interface/msg/detail/task_msg__rosidl_typesupport_fastrtps_cpp.hpp
-- Installing: /home/felix/robo/robo_ai_turku_2025/ros2_ws/install/custom_interface/include/custom_interface/custom_interface/msg/detail/dds_fastrtps
-- Installing: /home/felix/robo/robo_ai_turku_2025/ros2_ws/install/custom_interface/lib/libcustom_interface__rosidl_typesupport_fastrtps_cpp.so
-- Set runtime path of "/home/felix/robo/robo_ai_turku_2025/ros2_ws/install/custom_interface/lib/libcustom_interface__rosidl_typesupport_fastrtps_cpp.so" to ""
-- Up-to-date: /home/felix/robo/robo_ai_turku_2025/ros2_ws/install/custom_interface/include/custom_interface/custom_interface
-- Up-to-date: /home/felix/robo/robo_ai_turku_2025/ros2_ws/install/custom_interface/include/custom_interface/custom_interface/msg
-- Installing: /home/felix/robo/robo_ai_turku_2025/ros2_ws/install/custom_interface/include/custom_interface/custom_interface/msg/rosidl_typesupport_introspection_c__visibility_control.h
-- Up-to-date: /home/felix/robo/robo_ai_turku_2025/ros2_ws/install/custom_interface/include/custom_interface/custom_interface/msg/detail
-- Installing: /home/felix/robo/robo_ai_turku_2025/ros2_ws/install/custom_interface/include/custom_interface/custom_interface/msg/detail/task_msg__rosidl_typesupport_introspection_c.h
-- Installing: /home/felix/robo/robo_ai_turku_2025/ros2_ws/install/custom_interface/include/custom_interface/custom_interface/msg/detail/task_msg__type_support.c
-- Installing: /home/felix/robo/robo_ai_turku_2025/ros2_ws/install/custom_interface/lib/libcustom_interface__rosidl_typesupport_introspection_c.so
-- Set runtime path of "/home/felix/robo/robo_ai_turku_2025/ros2_ws/install/custom_interface/lib/libcustom_interface__rosidl_typesupport_introspection_c.so" to ""
-- Installing: /home/felix/robo/robo_ai_turku_2025/ros2_ws/install/custom_interface/lib/libcustom_interface__rosidl_typesupport_c.so
-- Set runtime path of "/home/felix/robo/robo_ai_turku_2025/ros2_ws/install/custom_interface/lib/libcustom_interface__rosidl_typesupport_c.so" to ""
-- Up-to-date: /home/felix/robo/robo_ai_turku_2025/ros2_ws/install/custom_interface/include/custom_interface/custom_interface
-- Up-to-date: /home/felix/robo/robo_ai_turku_2025/ros2_ws/install/custom_interface/include/custom_interface/custom_interface/msg
-- Up-to-date: /home/felix/robo/robo_ai_turku_2025/ros2_ws/install/custom_interface/include/custom_interface/custom_interface/msg/detail
-- Installing: /home/felix/robo/robo_ai_turku_2025/ros2_ws/install/custom_interface/include/custom_interface/custom_interface/msg/detail/task_msg__rosidl_typesupport_introspection_cpp.hpp
-- Installing: /home/felix/robo/robo_ai_turku_2025/ros2_ws/install/custom_interface/include/custom_interface/custom_interface/msg/detail/task_msg__type_support.cpp
-- Installing: /home/felix/robo/robo_ai_turku_2025/ros2_ws/install/custom_interface/lib/libcustom_interface__rosidl_typesupport_introspection_cpp.so
-- Set runtime path of "/home/felix/robo/robo_ai_turku_2025/ros2_ws/install/custom_interface/lib/libcustom_interface__rosidl_typesupport_introspection_cpp.so" to ""
-- Installing: /home/felix/robo/robo_ai_turku_2025/ros2_ws/install/custom_interface/lib/libcustom_interface__rosidl_typesupport_cpp.so
-- Set runtime path of "/home/felix/robo/robo_ai_turku_2025/ros2_ws/install/custom_interface/lib/libcustom_interface__rosidl_typesupport_cpp.so" to ""
-- Installing: /home/felix/robo/robo_ai_turku_2025/ros2_ws/install/custom_interface/share/custom_interface/environment/pythonpath.sh
-- Installing: /home/felix/robo/robo_ai_turku_2025/ros2_ws/install/custom_interface/share/custom_interface/environment/pythonpath.dsv
-- Installing: /home/felix/robo/robo_ai_turku_2025/ros2_ws/install/custom_interface/local/lib/python3.10/dist-packages/custom_interface-0.0.0-py3.10.egg-info
-- Installing: /home/felix/robo/robo_ai_turku_2025/ros2_ws/install/custom_interface/local/lib/python3.10/dist-packages/custom_interface-0.0.0-py3.10.egg-info/dependency_links.txt
-- Installing: /home/felix/robo/robo_ai_turku_2025/ros2_ws/install/custom_interface/local/lib/python3.10/dist-packages/custom_interface-0.0.0-py3.10.egg-info/PKG-INFO
-- Installing: /home/felix/robo/robo_ai_turku_2025/ros2_ws/install/custom_interface/local/lib/python3.10/dist-packages/custom_interface-0.0.0-py3.10.egg-info/SOURCES.txt
-- Installing: /home/felix/robo/robo_ai_turku_2025/ros2_ws/install/custom_interface/local/lib/python3.10/dist-packages/custom_interface-0.0.0-py3.10.egg-info/top_level.txt
-- Installing: /home/felix/robo/robo_ai_turku_2025/ros2_ws/install/custom_interface/local/lib/python3.10/dist-packages/custom_interface
-- Installing: /home/felix/robo/robo_ai_turku_2025/ros2_ws/install/custom_interface/local/lib/python3.10/dist-packages/custom_interface/_custom_interface_s.ep.rosidl_typesupport_fastrtps_c.c
-- Installing: /home/felix/robo/robo_ai_turku_2025/ros2_ws/install/custom_interface/local/lib/python3.10/dist-packages/custom_interface/__init__.py
-- Installing: /home/felix/robo/robo_ai_turku_2025/ros2_ws/install/custom_interface/local/lib/python3.10/dist-packages/custom_interface/msg
-- Installing: /home/felix/robo/robo_ai_turku_2025/ros2_ws/install/custom_interface/local/lib/python3.10/dist-packages/custom_interface/msg/__init__.py
-- Installing: /home/felix/robo/robo_ai_turku_2025/ros2_ws/install/custom_interface/local/lib/python3.10/dist-packages/custom_interface/msg/_task_msg_s.c
-- Installing: /home/felix/robo/robo_ai_turku_2025/ros2_ws/install/custom_interface/local/lib/python3.10/dist-packages/custom_interface/msg/_task_msg.py
-- Installing: /home/felix/robo/robo_ai_turku_2025/ros2_ws/install/custom_interface/local/lib/python3.10/dist-packages/custom_interface/custom_interface_s__rosidl_typesupport_c.cpython-310-x86_64-linux-gnu.so
-- Installing: /home/felix/robo/robo_ai_turku_2025/ros2_ws/install/custom_interface/local/lib/python3.10/dist-packages/custom_interface/libcustom_interface__rosidl_generator_py.so
-- Installing: /home/felix/robo/robo_ai_turku_2025/ros2_ws/install/custom_interface/local/lib/python3.10/dist-packages/custom_interface/custom_interface_s__rosidl_typesupport_fastrtps_c.cpython-310-x86_64-linux-gnu.so
-- Installing: /home/felix/robo/robo_ai_turku_2025/ros2_ws/install/custom_interface/local/lib/python3.10/dist-packages/custom_interface/custom_interface_s__rosidl_typesupport_introspection_c.cpython-310-x86_64-linux-gnu.so
-- Installing: /home/felix/robo/robo_ai_turku_2025/ros2_ws/install/custom_interface/local/lib/python3.10/dist-packages/custom_interface/_custom_interface_s.ep.rosidl_typesupport_introspection_c.c
-- Installing: /home/felix/robo/robo_ai_turku_2025/ros2_ws/install/custom_interface/local/lib/python3.10/dist-packages/custom_interface/_custom_interface_s.ep.rosidl_typesupport_c.c
Listing '/home/felix/robo/robo_ai_turku_2025/ros2_ws/install/custom_interface/local/lib/python3.10/dist-packages/custom_interface'...
Compiling '/home/felix/robo/robo_ai_turku_2025/ros2_ws/install/custom_interface/local/lib/python3.10/dist-packages/custom_interface/__init__.py'...
Listing '/home/felix/robo/robo_ai_turku_2025/ros2_ws/install/custom_interface/local/lib/python3.10/dist-packages/custom_interface/msg'...
Compiling '/home/felix/robo/robo_ai_turku_2025/ros2_ws/install/custom_interface/local/lib/python3.10/dist-packages/custom_interface/msg/__init__.py'...
Compiling '/home/felix/robo/robo_ai_turku_2025/ros2_ws/install/custom_interface/local/lib/python3.10/dist-packages/custom_interface/msg/_task_msg.py'...
-- Installing: /home/felix/robo/robo_ai_turku_2025/ros2_ws/install/custom_interface/local/lib/python3.10/dist-packages/custom_interface/custom_interface_s__rosidl_typesupport_fastrtps_c.cpython-310-x86_64-linux-gnu.so
-- Set runtime path of "/home/felix/robo/robo_ai_turku_2025/ros2_ws/install/custom_interface/local/lib/python3.10/dist-packages/custom_interface/custom_interface_s__rosidl_typesupport_fastrtps_c.cpython-310-x86_64-linux-gnu.so" to ""
-- Installing: /home/felix/robo/robo_ai_turku_2025/ros2_ws/install/custom_interface/local/lib/python3.10/dist-packages/custom_interface/custom_interface_s__rosidl_typesupport_introspection_c.cpython-310-x86_64-linux-gnu.so
-- Set runtime path of "/home/felix/robo/robo_ai_turku_2025/ros2_ws/install/custom_interface/local/lib/python3.10/dist-packages/custom_interface/custom_interface_s__rosidl_typesupport_introspection_c.cpython-310-x86_64-linux-gnu.so" to ""
-- Installing: /home/felix/robo/robo_ai_turku_2025/ros2_ws/install/custom_interface/local/lib/python3.10/dist-packages/custom_interface/custom_interface_s__rosidl_typesupport_c.cpython-310-x86_64-linux-gnu.so
-- Set runtime path of "/home/felix/robo/robo_ai_turku_2025/ros2_ws/install/custom_interface/local/lib/python3.10/dist-packages/custom_interface/custom_interface_s__rosidl_typesupport_c.cpython-310-x86_64-linux-gnu.so" to ""
-- Installing: /home/felix/robo/robo_ai_turku_2025/ros2_ws/install/custom_interface/lib/libcustom_interface__rosidl_generator_py.so
-- Set runtime path of "/home/felix/robo/robo_ai_turku_2025/ros2_ws/install/custom_interface/lib/libcustom_interface__rosidl_generator_py.so" to ""
-- Installing: /home/felix/robo/robo_ai_turku_2025/ros2_ws/install/custom_interface/share/custom_interface/msg/TaskMsg.idl
-- Installing: /home/felix/robo/robo_ai_turku_2025/ros2_ws/install/custom_interface/share/custom_interface/msg/TaskMsg.msg
-- Installing: /home/felix/robo/robo_ai_turku_2025/ros2_ws/install/custom_interface/share/ament_index/resource_index/package_run_dependencies/custom_interface
-- Installing: /home/felix/robo/robo_ai_turku_2025/ros2_ws/install/custom_interface/share/ament_index/resource_index/parent_prefix_path/custom_interface
-- Installing: /home/felix/robo/robo_ai_turku_2025/ros2_ws/install/custom_interface/share/custom_interface/environment/ament_prefix_path.sh
-- Installing: /home/felix/robo/robo_ai_turku_2025/ros2_ws/install/custom_interface/share/custom_interface/environment/ament_prefix_path.dsv
-- Installing: /home/felix/robo/robo_ai_turku_2025/ros2_ws/install/custom_interface/share/custom_interface/environment/path.sh
-- Installing: /home/felix/robo/robo_ai_turku_2025/ros2_ws/install/custom_interface/share/custom_interface/environment/path.dsv
-- Installing: /home/felix/robo/robo_ai_turku_2025/ros2_ws/install/custom_interface/share/custom_interface/local_setup.bash
-- Installing: /home/felix/robo/robo_ai_turku_2025/ros2_ws/install/custom_interface/share/custom_interface/local_setup.sh
-- Installing: /home/felix/robo/robo_ai_turku_2025/ros2_ws/install/custom_interface/share/custom_interface/local_setup.zsh
-- Installing: /home/felix/robo/robo_ai_turku_2025/ros2_ws/install/custom_interface/share/custom_interface/local_setup.dsv
-- Installing: /home/felix/robo/robo_ai_turku_2025/ros2_ws/install/custom_interface/share/custom_interface/package.dsv
-- Installing: /home/felix/robo/robo_ai_turku_2025/ros2_ws/install/custom_interface/share/ament_index/resource_index/packages/custom_interface
-- Installing: /home/felix/robo/robo_ai_turku_2025/ros2_ws/install/custom_interface/share/custom_interface/cmake/export_custom_interface__rosidl_generator_cExport.cmake
-- Installing: /home/felix/robo/robo_ai_turku_2025/ros2_ws/install/custom_interface/share/custom_interface/cmake/export_custom_interface__rosidl_generator_cExport-noconfig.cmake
-- Installing: /home/felix/robo/robo_ai_turku_2025/ros2_ws/install/custom_interface/share/custom_interface/cmake/export_custom_interface__rosidl_typesupport_fastrtps_cExport.cmake
-- Installing: /home/felix/robo/robo_ai_turku_2025/ros2_ws/install/custom_interface/share/custom_interface/cmake/export_custom_interface__rosidl_typesupport_fastrtps_cExport-noconfig.cmake
-- Installing: /home/felix/robo/robo_ai_turku_2025/ros2_ws/install/custom_interface/share/custom_interface/cmake/export_custom_interface__rosidl_generator_cppExport.cmake
-- Installing: /home/felix/robo/robo_ai_turku_2025/ros2_ws/install/custom_interface/share/custom_interface/cmake/export_custom_interface__rosidl_typesupport_fastrtps_cppExport.cmake
-- Installing: /home/felix/robo/robo_ai_turku_2025/ros2_ws/install/custom_interface/share/custom_interface/cmake/export_custom_interface__rosidl_typesupport_fastrtps_cppExport-noconfig.cmake
-- Installing: /home/felix/robo/robo_ai_turku_2025/ros2_ws/install/custom_interface/share/custom_interface/cmake/custom_interface__rosidl_typesupport_introspection_cExport.cmake
-- Installing: /home/felix/robo/robo_ai_turku_2025/ros2_ws/install/custom_interface/share/custom_interface/cmake/custom_interface__rosidl_typesupport_introspection_cExport-noconfig.cmake
-- Installing: /home/felix/robo/robo_ai_turku_2025/ros2_ws/install/custom_interface/share/custom_interface/cmake/custom_interface__rosidl_typesupport_cExport.cmake
-- Installing: /home/felix/robo/robo_ai_turku_2025/ros2_ws/install/custom_interface/share/custom_interface/cmake/custom_interface__rosidl_typesupport_cExport-noconfig.cmake
-- Installing: /home/felix/robo/robo_ai_turku_2025/ros2_ws/install/custom_interface/share/custom_interface/cmake/custom_interface__rosidl_typesupport_introspection_cppExport.cmake
-- Installing: /home/felix/robo/robo_ai_turku_2025/ros2_ws/install/custom_interface/share/custom_interface/cmake/custom_interface__rosidl_typesupport_introspection_cppExport-noconfig.cmake
-- Installing: /home/felix/robo/robo_ai_turku_2025/ros2_ws/install/custom_interface/share/custom_interface/cmake/custom_interface__rosidl_typesupport_cppExport.cmake
-- Installing: /home/felix/robo/robo_ai_turku_2025/ros2_ws/install/custom_interface/share/custom_interface/cmake/custom_interface__rosidl_typesupport_cppExport-noconfig.cmake
-- Installing: /home/felix/robo/robo_ai_turku_2025/ros2_ws/install/custom_interface/share/custom_interface/cmake/export_custom_interface__rosidl_generator_pyExport.cmake
-- Installing: /home/felix/robo/robo_ai_turku_2025/ros2_ws/install/custom_interface/share/custom_interface/cmake/export_custom_interface__rosidl_generator_pyExport-noconfig.cmake
-- Installing: /home/felix/robo/robo_ai_turku_2025/ros2_ws/install/custom_interface/share/custom_interface/cmake/rosidl_cmake-extras.cmake
-- Installing: /home/felix/robo/robo_ai_turku_2025/ros2_ws/install/custom_interface/share/custom_interface/cmake/ament_cmake_export_include_directories-extras.cmake
-- Installing: /home/felix/robo/robo_ai_turku_2025/ros2_ws/install/custom_interface/share/custom_interface/cmake/ament_cmake_export_libraries-extras.cmake
-- Installing: /home/felix/robo/robo_ai_turku_2025/ros2_ws/install/custom_interface/share/custom_interface/cmake/ament_cmake_export_targets-extras.cmake
-- Installing: /home/felix/robo/robo_ai_turku_2025/ros2_ws/install/custom_interface/share/custom_interface/cmake/rosidl_cmake_export_typesupport_targets-extras.cmake
-- Installing: /home/felix/robo/robo_ai_turku_2025/ros2_ws/install/custom_interface/share/custom_interface/cmake/ament_cmake_export_dependencies-extras.cmake
-- Installing: /home/felix/robo/robo_ai_turku_2025/ros2_ws/install/custom_interface/share/custom_interface/cmake/rosidl_cmake_export_typesupport_libraries-extras.cmake
-- Installing: /home/felix/robo/robo_ai_turku_2025/ros2_ws/install/custom_interface/share/custom_interface/cmake/custom_interfaceConfig.cmake
-- Installing: /home/felix/robo/robo_ai_turku_2025/ros2_ws/install/custom_interface/share/custom_interface/cmake/custom_interfaceConfig-version.cmake
-- Installing: /home/felix/robo/robo_ai_turku_2025/ros2_ws/install/custom_interface/share/custom_interface/package.xml
