[0.434s] Invoking command in '/home/michael/robo_ai_turku_2025/ros2_ws/src/task1': PYTHONPATH=/home/michael/robo_ai_turku_2025/build/task1/prefix_override:/usr/lib/python3/dist-packages/colcon_core/task/python/colcon_distutils_commands:/home/michael/robo_ai_turku_2025/install/task1/lib/python3.10/site-packages:${PYTHONPATH} /usr/bin/python3 -W ignore:setup.py install is deprecated -W ignore:easy_install command is deprecated setup.py egg_info --egg-base ../../../build/task1 build --build-base /home/michael/robo_ai_turku_2025/build/task1/build install --record /home/michael/robo_ai_turku_2025/build/task1/install.log --single-version-externally-managed install_data
[0.600s] running egg_info
[0.601s] creating ../../../build/task1/task1.egg-info
[0.602s] writing ../../../build/task1/task1.egg-info/PKG-INFO
[0.602s] writing dependency_links to ../../../build/task1/task1.egg-info/dependency_links.txt
[0.602s] writing entry points to ../../../build/task1/task1.egg-info/entry_points.txt
[0.603s] writing requirements to ../../../build/task1/task1.egg-info/requires.txt
[0.603s] writing top-level names to ../../../build/task1/task1.egg-info/top_level.txt
[0.603s] writing manifest file '../../../build/task1/task1.egg-info/SOURCES.txt'
[0.604s] reading manifest file '../../../build/task1/task1.egg-info/SOURCES.txt'
[0.605s] adding license file 'LICENSE'
[0.605s] writing manifest file '../../../build/task1/task1.egg-info/SOURCES.txt'
[0.606s] running build
[0.606s] running build_py
[0.606s] creating /home/michael/robo_ai_turku_2025/build/task1/build
[0.606s] creating /home/michael/robo_ai_turku_2025/build/task1/build/lib
[0.606s] creating /home/michael/robo_ai_turku_2025/build/task1/build/lib/task1
[0.607s] copying task1/publisher.py -> /home/michael/robo_ai_turku_2025/build/task1/build/lib/task1
[0.608s] copying task1/__init__.py -> /home/michael/robo_ai_turku_2025/build/task1/build/lib/task1
[0.608s] copying task1/subscriber.py -> /home/michael/robo_ai_turku_2025/build/task1/build/lib/task1
[0.616s] running install
[0.617s] running install_lib
[0.617s] creating /home/michael/robo_ai_turku_2025/install/task1/lib/python3.10/site-packages/task1
[0.618s] copying /home/michael/robo_ai_turku_2025/build/task1/build/lib/task1/publisher.py -> /home/michael/robo_ai_turku_2025/install/task1/lib/python3.10/site-packages/task1
[0.618s] copying /home/michael/robo_ai_turku_2025/build/task1/build/lib/task1/__init__.py -> /home/michael/robo_ai_turku_2025/install/task1/lib/python3.10/site-packages/task1
[0.618s] copying /home/michael/robo_ai_turku_2025/build/task1/build/lib/task1/subscriber.py -> /home/michael/robo_ai_turku_2025/install/task1/lib/python3.10/site-packages/task1
[0.619s] byte-compiling /home/michael/robo_ai_turku_2025/install/task1/lib/python3.10/site-packages/task1/publisher.py to publisher.cpython-310.pyc
[0.628s] byte-compiling /home/michael/robo_ai_turku_2025/install/task1/lib/python3.10/site-packages/task1/__init__.py to __init__.cpython-310.pyc
[0.629s] byte-compiling /home/michael/robo_ai_turku_2025/install/task1/lib/python3.10/site-packages/task1/subscriber.py to subscriber.cpython-310.pyc
[0.629s] running install_data
[0.629s] creating /home/michael/robo_ai_turku_2025/install/task1/share/ament_index
[0.629s] creating /home/michael/robo_ai_turku_2025/install/task1/share/ament_index/resource_index
[0.630s] creating /home/michael/robo_ai_turku_2025/install/task1/share/ament_index/resource_index/packages
[0.630s] copying resource/task1 -> /home/michael/robo_ai_turku_2025/install/task1/share/ament_index/resource_index/packages
[0.630s] copying package.xml -> /home/michael/robo_ai_turku_2025/install/task1/share/task1
[0.630s] running install_egg_info
[0.633s] Copying ../../../build/task1/task1.egg-info to /home/michael/robo_ai_turku_2025/install/task1/lib/python3.10/site-packages/task1-0.0.0-py3.10.egg-info
[0.633s] running install_scripts
[0.672s] Installing publisher script to /home/michael/robo_ai_turku_2025/install/task1/lib/task1
[0.673s] Installing subscriber script to /home/michael/robo_ai_turku_2025/install/task1/lib/task1
[0.673s] writing list of installed files to '/home/michael/robo_ai_turku_2025/build/task1/install.log'
[0.711s] Invoked command in '/home/michael/robo_ai_turku_2025/ros2_ws/src/task1' returned '0': PYTHONPATH=/home/michael/robo_ai_turku_2025/build/task1/prefix_override:/usr/lib/python3/dist-packages/colcon_core/task/python/colcon_distutils_commands:/home/michael/robo_ai_turku_2025/install/task1/lib/python3.10/site-packages:${PYTHONPATH} /usr/bin/python3 -W ignore:setup.py install is deprecated -W ignore:easy_install command is deprecated setup.py egg_info --egg-base ../../../build/task1 build --build-base /home/michael/robo_ai_turku_2025/build/task1/build install --record /home/michael/robo_ai_turku_2025/build/task1/install.log --single-version-externally-managed install_data
