running egg_info
writing ../../../build/lab01_task05/lab01_task05.egg-info/PKG-INFO
writing dependency_links to ../../../build/lab01_task05/lab01_task05.egg-info/dependency_links.txt
writing entry points to ../../../build/lab01_task05/lab01_task05.egg-info/entry_points.txt
writing requirements to ../../../build/lab01_task05/lab01_task05.egg-info/requires.txt
writing top-level names to ../../../build/lab01_task05/lab01_task05.egg-info/top_level.txt
reading manifest file '../../../build/lab01_task05/lab01_task05.egg-info/SOURCES.txt'
writing manifest file '../../../build/lab01_task05/lab01_task05.egg-info/SOURCES.txt'
running build
running build_py
copying lab01_task05/countdown_server.py -> /home/felix/robo/robo_ai_turku_2025/build/lab01_task05/build/lib/lab01_task05
copying lab01_task05/countdown_cancel_server.py -> /home/felix/robo/robo_ai_turku_2025/build/lab01_task05/build/lib/lab01_task05
running install
running install_lib
copying /home/felix/robo/robo_ai_turku_2025/build/lab01_task05/build/lib/lab01_task05/countdown_server.py -> /home/felix/robo/robo_ai_turku_2025/install/lab01_task05/lib/python3.10/site-packages/lab01_task05
copying /home/felix/robo/robo_ai_turku_2025/build/lab01_task05/build/lib/lab01_task05/countdown_cancel_server.py -> /home/felix/robo/robo_ai_turku_2025/install/lab01_task05/lib/python3.10/site-packages/lab01_task05
byte-compiling /home/felix/robo/robo_ai_turku_2025/install/lab01_task05/lib/python3.10/site-packages/lab01_task05/countdown_server.py to countdown_server.cpython-310.pyc
byte-compiling /home/felix/robo/robo_ai_turku_2025/install/lab01_task05/lib/python3.10/site-packages/lab01_task05/countdown_cancel_server.py to countdown_cancel_server.cpython-310.pyc
running install_data
running install_egg_info
removing '/home/felix/robo/robo_ai_turku_2025/install/lab01_task05/lib/python3.10/site-packages/lab01_task05-0.0.0-py3.10.egg-info' (and everything under it)
Copying ../../../build/lab01_task05/lab01_task05.egg-info to /home/felix/robo/robo_ai_turku_2025/install/lab01_task05/lib/python3.10/site-packages/lab01_task05-0.0.0-py3.10.egg-info
running install_scripts
Installing cancel_service_server script to /home/felix/robo/robo_ai_turku_2025/install/lab01_task05/lib/lab01_task05
Installing countdown_cancel_client script to /home/felix/robo/robo_ai_turku_2025/install/lab01_task05/lib/lab01_task05
Installing countdown_client script to /home/felix/robo/robo_ai_turku_2025/install/lab01_task05/lib/lab01_task05
Installing countdown_server script to /home/felix/robo/robo_ai_turku_2025/install/lab01_task05/lib/lab01_task05
writing list of installed files to '/home/felix/robo/robo_ai_turku_2025/build/lab01_task05/install.log'
