[1.813s] Invoking command in '/home/felix/robo/robo_ai_turku_2025/ros2_ws/src/lab01_task02': PYTHONPATH=/home/felix/robo/robo_ai_turku_2025/ros2_ws/build/lab01_task02/prefix_override:/usr/lib/python3/dist-packages/colcon_core/task/python/colcon_distutils_commands:/home/felix/robo/robo_ai_turku_2025/ros2_ws/install/lab01_task02/lib/python3.10/site-packages:${PYTHONPATH} /usr/bin/python3 -W ignore:setup.py install is deprecated -W ignore:easy_install command is deprecated setup.py egg_info --egg-base ../../build/lab01_task02 build --build-base /home/felix/robo/robo_ai_turku_2025/ros2_ws/build/lab01_task02/build install --record /home/felix/robo/robo_ai_turku_2025/ros2_ws/build/lab01_task02/install.log --single-version-externally-managed install_data
[2.047s] running egg_info
[2.047s] writing ../../build/lab01_task02/lab01_task02.egg-info/PKG-INFO
[2.049s] writing dependency_links to ../../build/lab01_task02/lab01_task02.egg-info/dependency_links.txt
[2.050s] writing entry points to ../../build/lab01_task02/lab01_task02.egg-info/entry_points.txt
[2.051s] writing requirements to ../../build/lab01_task02/lab01_task02.egg-info/requires.txt
[2.052s] writing top-level names to ../../build/lab01_task02/lab01_task02.egg-info/top_level.txt
[2.058s] reading manifest file '../../build/lab01_task02/lab01_task02.egg-info/SOURCES.txt'
[2.058s] adding license file 'LICENSE'
[2.060s] writing manifest file '../../build/lab01_task02/lab01_task02.egg-info/SOURCES.txt'
[2.060s] running build
[2.060s] running build_py
[2.061s] copying lab01_task02/publisher.py -> /home/felix/robo/robo_ai_turku_2025/ros2_ws/build/lab01_task02/build/lib/lab01_task02
[2.061s] copying lab01_task02/subscriber.py -> /home/felix/robo/robo_ai_turku_2025/ros2_ws/build/lab01_task02/build/lib/lab01_task02
[2.061s] running install
[2.063s] running install_lib
[2.063s] copying /home/felix/robo/robo_ai_turku_2025/ros2_ws/build/lab01_task02/build/lib/lab01_task02/publisher.py -> /home/felix/robo/robo_ai_turku_2025/ros2_ws/install/lab01_task02/lib/python3.10/site-packages/lab01_task02
[2.063s] copying /home/felix/robo/robo_ai_turku_2025/ros2_ws/build/lab01_task02/build/lib/lab01_task02/subscriber.py -> /home/felix/robo/robo_ai_turku_2025/ros2_ws/install/lab01_task02/lib/python3.10/site-packages/lab01_task02
[2.064s] byte-compiling /home/felix/robo/robo_ai_turku_2025/ros2_ws/install/lab01_task02/lib/python3.10/site-packages/lab01_task02/publisher.py to publisher.cpython-310.pyc
[2.064s] byte-compiling /home/felix/robo/robo_ai_turku_2025/ros2_ws/install/lab01_task02/lib/python3.10/site-packages/lab01_task02/subscriber.py to subscriber.cpython-310.pyc
[2.064s] running install_data
[2.064s] running install_egg_info
[2.065s] removing '/home/felix/robo/robo_ai_turku_2025/ros2_ws/install/lab01_task02/lib/python3.10/site-packages/lab01_task02-0.0.0-py3.10.egg-info' (and everything under it)
[2.066s] Copying ../../build/lab01_task02/lab01_task02.egg-info to /home/felix/robo/robo_ai_turku_2025/ros2_ws/install/lab01_task02/lib/python3.10/site-packages/lab01_task02-0.0.0-py3.10.egg-info
[2.068s] running install_scripts
[2.093s] Installing publisher = lab01_task02.publisher:mainsubscriber script to /home/felix/robo/robo_ai_turku_2025/ros2_ws/install/lab01_task02/lib/lab01_task02
[2.094s] writing list of installed files to '/home/felix/robo/robo_ai_turku_2025/ros2_ws/build/lab01_task02/install.log'
[2.146s] Invoked command in '/home/felix/robo/robo_ai_turku_2025/ros2_ws/src/lab01_task02' returned '0': PYTHONPATH=/home/felix/robo/robo_ai_turku_2025/ros2_ws/build/lab01_task02/prefix_override:/usr/lib/python3/dist-packages/colcon_core/task/python/colcon_distutils_commands:/home/felix/robo/robo_ai_turku_2025/ros2_ws/install/lab01_task02/lib/python3.10/site-packages:${PYTHONPATH} /usr/bin/python3 -W ignore:setup.py install is deprecated -W ignore:easy_install command is deprecated setup.py egg_info --egg-base ../../build/lab01_task02 build --build-base /home/felix/robo/robo_ai_turku_2025/ros2_ws/build/lab01_task02/build install --record /home/felix/robo/robo_ai_turku_2025/ros2_ws/build/lab01_task02/install.log --single-version-externally-managed install_data
