running egg_info
creating ../../../build/lab01_task01/lab01_task01.egg-info
writing ../../../build/lab01_task01/lab01_task01.egg-info/PKG-INFO
writing dependency_links to ../../../build/lab01_task01/lab01_task01.egg-info/dependency_links.txt
writing entry points to ../../../build/lab01_task01/lab01_task01.egg-info/entry_points.txt
writing requirements to ../../../build/lab01_task01/lab01_task01.egg-info/requires.txt
writing top-level names to ../../../build/lab01_task01/lab01_task01.egg-info/top_level.txt
writing manifest file '../../../build/lab01_task01/lab01_task01.egg-info/SOURCES.txt'
reading manifest file '../../../build/lab01_task01/lab01_task01.egg-info/SOURCES.txt'
adding license file 'LICENSE'
writing manifest file '../../../build/lab01_task01/lab01_task01.egg-info/SOURCES.txt'
running build
running build_py
creating /home/michael/robo_ai_turku_2025/build/lab01_task01/build
creating /home/michael/robo_ai_turku_2025/build/lab01_task01/build/lib
creating /home/michael/robo_ai_turku_2025/build/lab01_task01/build/lib/lab01_task01
copying lab01_task01/publisher.py -> /home/michael/robo_ai_turku_2025/build/lab01_task01/build/lib/lab01_task01
copying lab01_task01/__init__.py -> /home/michael/robo_ai_turku_2025/build/lab01_task01/build/lib/lab01_task01
copying lab01_task01/subscriber.py -> /home/michael/robo_ai_turku_2025/build/lab01_task01/build/lib/lab01_task01
running install
running install_lib
creating /home/michael/robo_ai_turku_2025/install/lab01_task01/lib/python3.10/site-packages/lab01_task01
copying /home/michael/robo_ai_turku_2025/build/lab01_task01/build/lib/lab01_task01/publisher.py -> /home/michael/robo_ai_turku_2025/install/lab01_task01/lib/python3.10/site-packages/lab01_task01
copying /home/michael/robo_ai_turku_2025/build/lab01_task01/build/lib/lab01_task01/__init__.py -> /home/michael/robo_ai_turku_2025/install/lab01_task01/lib/python3.10/site-packages/lab01_task01
copying /home/michael/robo_ai_turku_2025/build/lab01_task01/build/lib/lab01_task01/subscriber.py -> /home/michael/robo_ai_turku_2025/install/lab01_task01/lib/python3.10/site-packages/lab01_task01
byte-compiling /home/michael/robo_ai_turku_2025/install/lab01_task01/lib/python3.10/site-packages/lab01_task01/publisher.py to publisher.cpython-310.pyc
byte-compiling /home/michael/robo_ai_turku_2025/install/lab01_task01/lib/python3.10/site-packages/lab01_task01/__init__.py to __init__.cpython-310.pyc
byte-compiling /home/michael/robo_ai_turku_2025/install/lab01_task01/lib/python3.10/site-packages/lab01_task01/subscriber.py to subscriber.cpython-310.pyc
running install_data
creating /home/michael/robo_ai_turku_2025/install/lab01_task01/share/ament_index
creating /home/michael/robo_ai_turku_2025/install/lab01_task01/share/ament_index/resource_index
creating /home/michael/robo_ai_turku_2025/install/lab01_task01/share/ament_index/resource_index/packages
copying resource/lab01_task01 -> /home/michael/robo_ai_turku_2025/install/lab01_task01/share/ament_index/resource_index/packages
copying package.xml -> /home/michael/robo_ai_turku_2025/install/lab01_task01/share/lab01_task01
running install_egg_info
Copying ../../../build/lab01_task01/lab01_task01.egg-info to /home/michael/robo_ai_turku_2025/install/lab01_task01/lib/python3.10/site-packages/lab01_task01-0.0.0-py3.10.egg-info
running install_scripts
Installing publisher script to /home/michael/robo_ai_turku_2025/install/lab01_task01/lib/lab01_task01
Installing subscriber script to /home/michael/robo_ai_turku_2025/install/lab01_task01/lib/lab01_task01
writing list of installed files to '/home/michael/robo_ai_turku_2025/build/lab01_task01/install.log'
