running egg_info
creating ../../../build/lab5_task6/lab5_task6.egg-info
writing ../../../build/lab5_task6/lab5_task6.egg-info/PKG-INFO
writing dependency_links to ../../../build/lab5_task6/lab5_task6.egg-info/dependency_links.txt
writing entry points to ../../../build/lab5_task6/lab5_task6.egg-info/entry_points.txt
writing requirements to ../../../build/lab5_task6/lab5_task6.egg-info/requires.txt
writing top-level names to ../../../build/lab5_task6/lab5_task6.egg-info/top_level.txt
writing manifest file '../../../build/lab5_task6/lab5_task6.egg-info/SOURCES.txt'
reading manifest file '../../../build/lab5_task6/lab5_task6.egg-info/SOURCES.txt'
writing manifest file '../../../build/lab5_task6/lab5_task6.egg-info/SOURCES.txt'
running build
running build_py
creating /home/bot/Algo2025/robo_ai_turku_2025/build/lab5_task6/build
creating /home/bot/Algo2025/robo_ai_turku_2025/build/lab5_task6/build/lib
creating /home/bot/Algo2025/robo_ai_turku_2025/build/lab5_task6/build/lib/lab5_task6
copying lab5_task6/objectDetection.py -> /home/bot/Algo2025/robo_ai_turku_2025/build/lab5_task6/build/lib/lab5_task6
copying lab5_task6/__init__.py -> /home/bot/Algo2025/robo_ai_turku_2025/build/lab5_task6/build/lib/lab5_task6
running install
running install_lib
creating /home/bot/Algo2025/robo_ai_turku_2025/install/lab5_task6/lib/python3.10/site-packages/lab5_task6
copying /home/bot/Algo2025/robo_ai_turku_2025/build/lab5_task6/build/lib/lab5_task6/objectDetection.py -> /home/bot/Algo2025/robo_ai_turku_2025/install/lab5_task6/lib/python3.10/site-packages/lab5_task6
copying /home/bot/Algo2025/robo_ai_turku_2025/build/lab5_task6/build/lib/lab5_task6/__init__.py -> /home/bot/Algo2025/robo_ai_turku_2025/install/lab5_task6/lib/python3.10/site-packages/lab5_task6
byte-compiling /home/bot/Algo2025/robo_ai_turku_2025/install/lab5_task6/lib/python3.10/site-packages/lab5_task6/objectDetection.py to objectDetection.cpython-310.pyc
byte-compiling /home/bot/Algo2025/robo_ai_turku_2025/install/lab5_task6/lib/python3.10/site-packages/lab5_task6/__init__.py to __init__.cpython-310.pyc
running install_data
creating /home/bot/Algo2025/robo_ai_turku_2025/install/lab5_task6/share/ament_index
creating /home/bot/Algo2025/robo_ai_turku_2025/install/lab5_task6/share/ament_index/resource_index
creating /home/bot/Algo2025/robo_ai_turku_2025/install/lab5_task6/share/ament_index/resource_index/packages
copying resource/lab5_task6 -> /home/bot/Algo2025/robo_ai_turku_2025/install/lab5_task6/share/ament_index/resource_index/packages
copying package.xml -> /home/bot/Algo2025/robo_ai_turku_2025/install/lab5_task6/share/lab5_task6
running install_egg_info
Copying ../../../build/lab5_task6/lab5_task6.egg-info to /home/bot/Algo2025/robo_ai_turku_2025/install/lab5_task6/lib/python3.10/site-packages/lab5_task6-0.0.0-py3.10.egg-info
running install_scripts
Installing map script to /home/bot/Algo2025/robo_ai_turku_2025/install/lab5_task6/lib/lab5_task6
writing list of installed files to '/home/bot/Algo2025/robo_ai_turku_2025/build/lab5_task6/install.log'
