[0.052s] Invoking command in '/home/felix/robo/robo_ai_turku_2025/ros2_ws/build/custom_interface': CMAKE_PREFIX_PATH=${CMAKE_PREFIX_PATH}:/home/felix/robo/robo_ai_turku_2025/ros2_ws/install/lab01_task02:/home/felix/robo/robo_ai_turku_2025/ros2_ws/install/lab01_task01:/home/felix/robo/robo_ai_turku_2025/ros2_ws/install/lab1_bringup:/home/felix/robo/robo_ai_turku_2025/ros2_ws/install/task1:/opt/ros/humble /usr/bin/cmake --build /home/felix/robo/robo_ai_turku_2025/ros2_ws/build/custom_interface -- -j22 -l22
[0.873s] -- Found ament_cmake: 1.3.12 (/opt/ros/humble/share/ament_cmake/cmake)
[0.873s] -- Found rclcpp: 16.0.14 (/opt/ros/humble/share/rclcpp/cmake)
[0.873s] -- Found rosidl_generator_c: 3.1.7 (/opt/ros/humble/share/rosidl_generator_c/cmake)
[0.874s] -- Found rosidl_adapter: 3.1.7 (/opt/ros/humble/share/rosidl_adapter/cmake)
[0.874s] -- Found rosidl_generator_cpp: 3.1.7 (/opt/ros/humble/share/rosidl_generator_cpp/cmake)
[0.874s] -- Using all available rosidl_typesupport_c: rosidl_typesupport_fastrtps_c;rosidl_typesupport_introspection_c
[0.874s] -- Using all available rosidl_typesupport_cpp: rosidl_typesupport_fastrtps_cpp;rosidl_typesupport_introspection_cpp
[0.874s] -- Found rmw_implementation_cmake: 6.1.2 (/opt/ros/humble/share/rmw_implementation_cmake/cmake)
[0.874s] -- Found rmw_fastrtps_cpp: 6.2.8 (/opt/ros/humble/share/rmw_fastrtps_cpp/cmake)
[4.719s] -- Using RMW implementation 'rmw_fastrtps_cpp' as default
[4.783s] -- Found geometry_msgs: 4.9.0 (/opt/ros/humble/share/geometry_msgs/cmake)
[4.805s] -- Found rosidl_default_generators: 1.2.0 (/opt/ros/humble/share/rosidl_default_generators/cmake)
[5.154s] -- Found ament_cmake_ros: 0.10.0 (/opt/ros/humble/share/ament_cmake_ros/cmake)
[5.615s] -- Using all available rosidl_typesupport_c: rosidl_typesupport_fastrtps_c;rosidl_typesupport_introspection_c
[5.797s] -- Using all available rosidl_typesupport_cpp: rosidl_typesupport_fastrtps_cpp;rosidl_typesupport_introspection_cpp
[5.830s] -- Found python_cmake_module: 0.10.0 (/opt/ros/humble/share/python_cmake_module/cmake)
[5.867s] -- Using PYTHON_EXECUTABLE: /usr/bin/python3
[5.867s] -- Using PYTHON_INCLUDE_DIRS: /usr/include/python3.10
[5.867s] -- Using PYTHON_LIBRARIES: /usr/lib/x86_64-linux-gnu/libpython3.10.so
[6.054s] [31mCMake Error at /opt/ros/humble/share/rosidl_cmake/cmake/rosidl_generate_interfaces.cmake:213 (add_custom_target):
[6.054s]   add_custom_target cannot create target "custom_interface" because another
[6.054s]   target with the same name already exists.  The existing target is a custom
[6.054s]   target created in source directory
[6.054s]   "/home/felix/robo/robo_ai_turku_2025/ros2_ws/src/custom_interface".  See
[6.055s]   documentation for policy CMP0002 for more details.
[6.055s] Call Stack (most recent call first):
[6.055s]   CMakeLists.txt:15 (rosidl_generate_interfaces)
[6.055s] 
[6.055s] [0m
[6.210s] [31mCMake Error at /opt/ros/humble/share/rosidl_cmake/cmake/rosidl_generate_interfaces.cmake:213 (add_custom_target):
[6.211s]   add_custom_target cannot create target "custom_interface" because another
[6.211s]   target with the same name already exists.  The existing target is a custom
[6.211s]   target created in source directory
[6.211s]   "/home/felix/robo/robo_ai_turku_2025/ros2_ws/src/custom_interface".  See
[6.211s]   documentation for policy CMP0002 for more details.
[6.211s] Call Stack (most recent call first):
[6.211s]   CMakeLists.txt:16 (rosidl_generate_interfaces)
[6.211s] 
[6.211s] [0m
[6.474s] [31mCMake Error at /opt/ros/humble/share/rosidl_adapter/cmake/rosidl_adapt_interfaces.cmake:59 (message):
[6.474s]   execute_process(/usr/bin/python3 -m rosidl_adapter --package-name
[6.474s]   custom_interface --arguments-file
[6.474s]   /home/felix/robo/robo_ai_turku_2025/ros2_ws/build/custom_interface/rosidl_adapter__arguments__custom_interface.json
[6.474s]   --output-dir
[6.474s]   /home/felix/robo/robo_ai_turku_2025/ros2_ws/build/custom_interface/rosidl_adapter/custom_interface
[6.474s]   --output-file
[6.474s]   /home/felix/robo/robo_ai_turku_2025/ros2_ws/build/custom_interface/rosidl_adapter/custom_interface.idls)
[6.474s]   returned error code 1:
[6.474s] 
[6.474s]   Traceback (most recent call last):
[6.475s] 
[6.475s]     File "/usr/lib/python3.10/runpy.py", line 196, in _run_module_as_main
[6.475s]       return _run_code(code, main_globals, None,
[6.475s]     File "/usr/lib/python3.10/runpy.py", line 86, in _run_code
[6.475s]       exec(code, run_globals)
[6.479s]     File "/opt/ros/humble/local/lib/python3.10/dist-packages/rosidl_adapter/__main__.py", line 19, in <module>
[6.479s]       sys.exit(main())
[6.479s]     File "/opt/ros/humble/local/lib/python3.10/dist-packages/rosidl_adapter/main.py", line 53, in main
[6.480s]       abs_idl_file = convert_to_idl(
[6.480s]     File "/opt/ros/humble/local/lib/python3.10/dist-packages/rosidl_adapter/__init__.py", line 24, in convert_to_idl
[6.480s]       return convert_srv_to_idl(
[6.480s]     File "/opt/ros/humble/local/lib/python3.10/dist-packages/rosidl_adapter/srv/__init__.py", line 28, in convert_srv_to_idl
[6.480s]       srv = parse_service_string(package_name, input_file.stem, content)
[6.480s]     File "/opt/ros/humble/local/lib/python3.10/dist-packages/rosidl_adapter/parser.py", line 859, in parse_service_string
[6.480s]       request_message = parse_message_string(
[6.480s]     File "/opt/ros/humble/local/lib/python3.10/dist-packages/rosidl_adapter/parser.py", line 544, in parse_message_string
[6.480s]       msg = MessageSpecification(pkg_name, msg_name, fields, constants)
[6.480s]     File "/opt/ros/humble/local/lib/python3.10/dist-packages/rosidl_adapter/parser.py", line 388, in __init__
[6.480s]       self.base_type = BaseType(
[6.480s]     File "/opt/ros/humble/local/lib/python3.10/dist-packages/rosidl_adapter/parser.py", line 205, in __init__
[6.480s]       raise InvalidResourceName(
[6.480s] 
[6.480s]   rosidl_adapter.parser.InvalidResourceName: 'Calculate_distance_Request' is
[6.480s]   an invalid message name.  It should have the pattern '^[A-Z][A-Za-z0-9]*$'
[6.480s] 
[6.481s] Call Stack (most recent call first):
[6.481s]   /opt/ros/humble/share/rosidl_cmake/cmake/rosidl_generate_interfaces.cmake:130 (rosidl_adapt_interfaces)
[6.481s]   CMakeLists.txt:17 (rosidl_generate_interfaces)
[6.481s] 
[6.481s] -- Configuring incomplete, errors occurred!
[6.481s] See also "/home/felix/robo/robo_ai_turku_2025/ros2_ws/build/custom_interface/CMakeFiles/CMakeOutput.log".
[6.481s] [0m
[6.494s] gmake: *** [Makefile:747: cmake_check_build_system] Error 1
[6.500s] Invoked command in '/home/felix/robo/robo_ai_turku_2025/ros2_ws/build/custom_interface' returned '2': CMAKE_PREFIX_PATH=${CMAKE_PREFIX_PATH}:/home/felix/robo/robo_ai_turku_2025/ros2_ws/install/lab01_task02:/home/felix/robo/robo_ai_turku_2025/ros2_ws/install/lab01_task01:/home/felix/robo/robo_ai_turku_2025/ros2_ws/install/lab1_bringup:/home/felix/robo/robo_ai_turku_2025/ros2_ws/install/task1:/opt/ros/humble /usr/bin/cmake --build /home/felix/robo/robo_ai_turku_2025/ros2_ws/build/custom_interface -- -j22 -l22
