running egg_info
writing ../../build/lab1_bringup/lab1_bringup.egg-info/PKG-INFO
writing dependency_links to ../../build/lab1_bringup/lab1_bringup.egg-info/dependency_links.txt
writing entry points to ../../build/lab1_bringup/lab1_bringup.egg-info/entry_points.txt
writing requirements to ../../build/lab1_bringup/lab1_bringup.egg-info/requires.txt
writing top-level names to ../../build/lab1_bringup/lab1_bringup.egg-info/top_level.txt
reading manifest file '../../build/lab1_bringup/lab1_bringup.egg-info/SOURCES.txt'
adding license file 'LICENSE'
writing manifest file '../../build/lab1_bringup/lab1_bringup.egg-info/SOURCES.txt'
running build
running build_py
running install
running install_lib
running install_data
copying launch/launch_lab01_task02.launch.py -> /home/felix/robo/robo_ai_turku_2025/ros2_ws/install/lab1_bringup/share/lab1_bringup/launch
running install_egg_info
removing '/home/felix/robo/robo_ai_turku_2025/ros2_ws/install/lab1_bringup/lib/python3.10/site-packages/lab1_bringup-0.0.0-py3.10.egg-info' (and everything under it)
Copying ../../build/lab1_bringup/lab1_bringup.egg-info to /home/felix/robo/robo_ai_turku_2025/ros2_ws/install/lab1_bringup/lib/python3.10/site-packages/lab1_bringup-0.0.0-py3.10.egg-info
running install_scripts
writing list of installed files to '/home/felix/robo/robo_ai_turku_2025/ros2_ws/build/lab1_bringup/install.log'
