running egg_info
writing ../../build/task2/task2.egg-info/PKG-INFO
writing dependency_links to ../../build/task2/task2.egg-info/dependency_links.txt
writing entry points to ../../build/task2/task2.egg-info/entry_points.txt
writing requirements to ../../build/task2/task2.egg-info/requires.txt
writing top-level names to ../../build/task2/task2.egg-info/top_level.txt
reading manifest file '../../build/task2/task2.egg-info/SOURCES.txt'
adding license file 'LICENSE'
writing manifest file '../../build/task2/task2.egg-info/SOURCES.txt'
running build
running build_py
running install
running install_lib
creating /home/michael/robo_ai_turku_2025/lab_1/ros2_ws/install/task2/lib/python3.10/site-packages/task2
copying /home/michael/robo_ai_turku_2025/lab_1/ros2_ws/build/task2/build/lib/task2/publisher.py -> /home/michael/robo_ai_turku_2025/lab_1/ros2_ws/install/task2/lib/python3.10/site-packages/task2
copying /home/michael/robo_ai_turku_2025/lab_1/ros2_ws/build/task2/build/lib/task2/__init__.py -> /home/michael/robo_ai_turku_2025/lab_1/ros2_ws/install/task2/lib/python3.10/site-packages/task2
copying /home/michael/robo_ai_turku_2025/lab_1/ros2_ws/build/task2/build/lib/task2/subscriber.py -> /home/michael/robo_ai_turku_2025/lab_1/ros2_ws/install/task2/lib/python3.10/site-packages/task2
byte-compiling /home/michael/robo_ai_turku_2025/lab_1/ros2_ws/install/task2/lib/python3.10/site-packages/task2/publisher.py to publisher.cpython-310.pyc
byte-compiling /home/michael/robo_ai_turku_2025/lab_1/ros2_ws/install/task2/lib/python3.10/site-packages/task2/__init__.py to __init__.cpython-310.pyc
byte-compiling /home/michael/robo_ai_turku_2025/lab_1/ros2_ws/install/task2/lib/python3.10/site-packages/task2/subscriber.py to subscriber.cpython-310.pyc
running install_data
creating /home/michael/robo_ai_turku_2025/lab_1/ros2_ws/install/task2/share/ament_index
creating /home/michael/robo_ai_turku_2025/lab_1/ros2_ws/install/task2/share/ament_index/resource_index
creating /home/michael/robo_ai_turku_2025/lab_1/ros2_ws/install/task2/share/ament_index/resource_index/packages
copying resource/task2 -> /home/michael/robo_ai_turku_2025/lab_1/ros2_ws/install/task2/share/ament_index/resource_index/packages
copying package.xml -> /home/michael/robo_ai_turku_2025/lab_1/ros2_ws/install/task2/share/task2
running install_egg_info
Copying ../../build/task2/task2.egg-info to /home/michael/robo_ai_turku_2025/lab_1/ros2_ws/install/task2/lib/python3.10/site-packages/task2-0.0.0-py3.10.egg-info
running install_scripts
Installing publisher script to /home/michael/robo_ai_turku_2025/lab_1/ros2_ws/install/task2/lib/task2
Installing subscriber script to /home/michael/robo_ai_turku_2025/lab_1/ros2_ws/install/task2/lib/task2
writing list of installed files to '/home/michael/robo_ai_turku_2025/lab_1/ros2_ws/build/task2/install.log'
