[2.353s] Invoking command in '/home/bot/Algo2025/robo_ai_turku_2025/ros2_lab5_ws/src/lab5_task5': PYTHONPATH=/home/bot/Algo2025/robo_ai_turku_2025/build/lab5_task5/prefix_override:/usr/lib/python3/dist-packages/colcon_core/task/python/colcon_distutils_commands:/home/bot/Algo2025/robo_ai_turku_2025/install/lab5_task5/lib/python3.10/site-packages:${PYTHONPATH} /usr/bin/python3 -W ignore:setup.py install is deprecated -W ignore:easy_install command is deprecated setup.py egg_info --egg-base ../../../build/lab5_task5 build --build-base /home/bot/Algo2025/robo_ai_turku_2025/build/lab5_task5/build install --record /home/bot/Algo2025/robo_ai_turku_2025/build/lab5_task5/install.log --single-version-externally-managed install_data
[2.927s] running egg_info
[2.929s] creating ../../../build/lab5_task5/lab5_task5.egg-info
[2.930s] writing ../../../build/lab5_task5/lab5_task5.egg-info/PKG-INFO
[2.930s] writing dependency_links to ../../../build/lab5_task5/lab5_task5.egg-info/dependency_links.txt
[2.931s] writing entry points to ../../../build/lab5_task5/lab5_task5.egg-info/entry_points.txt
[2.931s] writing requirements to ../../../build/lab5_task5/lab5_task5.egg-info/requires.txt
[2.931s] writing top-level names to ../../../build/lab5_task5/lab5_task5.egg-info/top_level.txt
[2.933s] writing manifest file '../../../build/lab5_task5/lab5_task5.egg-info/SOURCES.txt'
[2.936s] reading manifest file '../../../build/lab5_task5/lab5_task5.egg-info/SOURCES.txt'
[2.937s] adding license file 'LICENSE'
[2.937s] writing manifest file '../../../build/lab5_task5/lab5_task5.egg-info/SOURCES.txt'
[2.937s] running build
[2.937s] running build_py
[2.937s] creating /home/bot/Algo2025/robo_ai_turku_2025/build/lab5_task5/build
[2.937s] creating /home/bot/Algo2025/robo_ai_turku_2025/build/lab5_task5/build/lib
[2.937s] creating /home/bot/Algo2025/robo_ai_turku_2025/build/lab5_task5/build/lib/lab5_task5
[2.937s] copying lab5_task5/__init__.py -> /home/bot/Algo2025/robo_ai_turku_2025/build/lab5_task5/build/lib/lab5_task5
[2.937s] copying lab5_task5/pfc.py -> /home/bot/Algo2025/robo_ai_turku_2025/build/lab5_task5/build/lib/lab5_task5
[2.938s] running install
[2.939s] running install_lib
[2.942s] creating /home/bot/Algo2025/robo_ai_turku_2025/install/lab5_task5/lib/python3.10/site-packages/lab5_task5
[2.942s] copying /home/bot/Algo2025/robo_ai_turku_2025/build/lab5_task5/build/lib/lab5_task5/__init__.py -> /home/bot/Algo2025/robo_ai_turku_2025/install/lab5_task5/lib/python3.10/site-packages/lab5_task5
[2.942s] copying /home/bot/Algo2025/robo_ai_turku_2025/build/lab5_task5/build/lib/lab5_task5/pfc.py -> /home/bot/Algo2025/robo_ai_turku_2025/install/lab5_task5/lib/python3.10/site-packages/lab5_task5
[2.942s] byte-compiling /home/bot/Algo2025/robo_ai_turku_2025/install/lab5_task5/lib/python3.10/site-packages/lab5_task5/__init__.py to __init__.cpython-310.pyc
[2.942s] byte-compiling /home/bot/Algo2025/robo_ai_turku_2025/install/lab5_task5/lib/python3.10/site-packages/lab5_task5/pfc.py to pfc.cpython-310.pyc
[2.945s] running install_data
[2.946s] creating /home/bot/Algo2025/robo_ai_turku_2025/install/lab5_task5/share/ament_index
[2.946s] creating /home/bot/Algo2025/robo_ai_turku_2025/install/lab5_task5/share/ament_index/resource_index
[2.946s] creating /home/bot/Algo2025/robo_ai_turku_2025/install/lab5_task5/share/ament_index/resource_index/packages
[2.946s] copying resource/lab5_task5 -> /home/bot/Algo2025/robo_ai_turku_2025/install/lab5_task5/share/ament_index/resource_index/packages
[2.946s] copying package.xml -> /home/bot/Algo2025/robo_ai_turku_2025/install/lab5_task5/share/lab5_task5
[2.946s] running install_egg_info
[2.949s] Copying ../../../build/lab5_task5/lab5_task5.egg-info to /home/bot/Algo2025/robo_ai_turku_2025/install/lab5_task5/lib/python3.10/site-packages/lab5_task5-0.0.0-py3.10.egg-info
[2.950s] running install_scripts
[2.982s] Installing pfc script to /home/bot/Algo2025/robo_ai_turku_2025/install/lab5_task5/lib/lab5_task5
[2.991s] writing list of installed files to '/home/bot/Algo2025/robo_ai_turku_2025/build/lab5_task5/install.log'
[3.035s] Invoked command in '/home/bot/Algo2025/robo_ai_turku_2025/ros2_lab5_ws/src/lab5_task5' returned '0': PYTHONPATH=/home/bot/Algo2025/robo_ai_turku_2025/build/lab5_task5/prefix_override:/usr/lib/python3/dist-packages/colcon_core/task/python/colcon_distutils_commands:/home/bot/Algo2025/robo_ai_turku_2025/install/lab5_task5/lib/python3.10/site-packages:${PYTHONPATH} /usr/bin/python3 -W ignore:setup.py install is deprecated -W ignore:easy_install command is deprecated setup.py egg_info --egg-base ../../../build/lab5_task5 build --build-base /home/bot/Algo2025/robo_ai_turku_2025/build/lab5_task5/build install --record /home/bot/Algo2025/robo_ai_turku_2025/build/lab5_task5/install.log --single-version-externally-managed install_data
