[0.192s] DEBUG:colcon:Command line arguments: ['/usr/bin/colcon', 'build']
[0.192s] DEBUG:colcon:Parsed command line arguments: Namespace(log_base=None, log_level=None, verb_name='build', build_base='build', install_base='install', merge_install=False, symlink_install=False, test_result_base=None, continue_on_error=False, executor='parallel', parallel_workers=22, event_handlers=None, ignore_user_meta=False, metas=['./colcon.meta'], base_paths=['.'], packages_ignore=None, packages_ignore_regex=None, paths=None, packages_up_to=None, packages_up_to_regex=None, packages_above=None, packages_above_and_dependencies=None, packages_above_depth=None, packages_select_by_dep=None, packages_skip_by_dep=None, packages_skip_up_to=None, packages_select_build_failed=False, packages_skip_build_finished=False, packages_select_test_failures=False, packages_skip_test_passed=False, packages_select=None, packages_skip=None, packages_select_regex=None, packages_skip_regex=None, packages_start=None, packages_end=None, allow_overriding=[], cmake_args=None, cmake_target=None, cmake_target_skip_unavailable=False, cmake_clean_cache=False, cmake_clean_first=False, cmake_force_configure=False, ament_cmake_args=None, catkin_cmake_args=None, catkin_skip_building_tests=False, verb_parser=<colcon_defaults.argument_parser.defaults.DefaultArgumentsDecorator object at 0x7e4839e9b310>, verb_extension=<colcon_core.verb.build.BuildVerb object at 0x7e483a050ac0>, main=<bound method BuildVerb.main of <colcon_core.verb.build.BuildVerb object at 0x7e483a050ac0>>)
[0.369s] Level 1:colcon.colcon_core.package_discovery:discover_packages(colcon_meta) check parameters
[0.370s] Level 1:colcon.colcon_core.package_discovery:discover_packages(recursive) check parameters
[0.370s] Level 1:colcon.colcon_core.package_discovery:discover_packages(ignore) check parameters
[0.370s] Level 1:colcon.colcon_core.package_discovery:discover_packages(path) check parameters
[0.370s] Level 1:colcon.colcon_core.package_discovery:discover_packages(colcon_meta) discover
[0.370s] Level 1:colcon.colcon_core.package_discovery:discover_packages(recursive) discover
[0.370s] INFO:colcon.colcon_core.package_discovery:Crawling recursively for packages in '/home/felix/robo/robo_ai_turku_2025/ros2_ws'
[0.370s] Level 1:colcon.colcon_core.package_identification:_identify(.) by extensions ['ignore', 'ignore_ament_install']
[0.370s] Level 1:colcon.colcon_core.package_identification:_identify(.) by extension 'ignore'
[0.370s] Level 1:colcon.colcon_core.package_identification:_identify(.) by extension 'ignore_ament_install'
[0.370s] Level 1:colcon.colcon_core.package_identification:_identify(.) by extensions ['colcon_pkg']
[0.370s] Level 1:colcon.colcon_core.package_identification:_identify(.) by extension 'colcon_pkg'
[0.370s] Level 1:colcon.colcon_core.package_identification:_identify(.) by extensions ['colcon_meta']
[0.370s] Level 1:colcon.colcon_core.package_identification:_identify(.) by extension 'colcon_meta'
[0.370s] Level 1:colcon.colcon_core.package_identification:_identify(.) by extensions ['ros']
[0.370s] Level 1:colcon.colcon_core.package_identification:_identify(.) by extension 'ros'
[0.385s] Level 1:colcon.colcon_core.package_identification:_identify(.) by extensions ['cmake', 'python']
[0.385s] Level 1:colcon.colcon_core.package_identification:_identify(.) by extension 'cmake'
[0.385s] Level 1:colcon.colcon_core.package_identification:_identify(.) by extension 'python'
[0.385s] Level 1:colcon.colcon_core.package_identification:_identify(.) by extensions ['python_setup_py']
[0.385s] Level 1:colcon.colcon_core.package_identification:_identify(.) by extension 'python_setup_py'
[0.385s] Level 1:colcon.colcon_core.package_identification:_identify(build) by extensions ['ignore', 'ignore_ament_install']
[0.385s] Level 1:colcon.colcon_core.package_identification:_identify(build) by extension 'ignore'
[0.386s] Level 1:colcon.colcon_core.package_identification:_identify(build) ignored
[0.386s] Level 1:colcon.colcon_core.package_identification:_identify(install) by extensions ['ignore', 'ignore_ament_install']
[0.386s] Level 1:colcon.colcon_core.package_identification:_identify(install) by extension 'ignore'
[0.386s] Level 1:colcon.colcon_core.package_identification:_identify(install) ignored
[0.386s] Level 1:colcon.colcon_core.package_identification:_identify(log) by extensions ['ignore', 'ignore_ament_install']
[0.386s] Level 1:colcon.colcon_core.package_identification:_identify(log) by extension 'ignore'
[0.386s] Level 1:colcon.colcon_core.package_identification:_identify(log) ignored
[0.386s] Level 1:colcon.colcon_core.package_identification:_identify(src) by extensions ['ignore', 'ignore_ament_install']
[0.386s] Level 1:colcon.colcon_core.package_identification:_identify(src) by extension 'ignore'
[0.386s] Level 1:colcon.colcon_core.package_identification:_identify(src) by extension 'ignore_ament_install'
[0.386s] Level 1:colcon.colcon_core.package_identification:_identify(src) by extensions ['colcon_pkg']
[0.386s] Level 1:colcon.colcon_core.package_identification:_identify(src) by extension 'colcon_pkg'
[0.386s] Level 1:colcon.colcon_core.package_identification:_identify(src) by extensions ['colcon_meta']
[0.386s] Level 1:colcon.colcon_core.package_identification:_identify(src) by extension 'colcon_meta'
[0.386s] Level 1:colcon.colcon_core.package_identification:_identify(src) by extensions ['ros']
[0.386s] Level 1:colcon.colcon_core.package_identification:_identify(src) by extension 'ros'
[0.387s] Level 1:colcon.colcon_core.package_identification:_identify(src) by extensions ['cmake', 'python']
[0.387s] Level 1:colcon.colcon_core.package_identification:_identify(src) by extension 'cmake'
[0.387s] Level 1:colcon.colcon_core.package_identification:_identify(src) by extension 'python'
[0.387s] Level 1:colcon.colcon_core.package_identification:_identify(src) by extensions ['python_setup_py']
[0.387s] Level 1:colcon.colcon_core.package_identification:_identify(src) by extension 'python_setup_py'
[0.387s] Level 1:colcon.colcon_core.package_identification:_identify(src/task1) by extensions ['ignore', 'ignore_ament_install']
[0.387s] Level 1:colcon.colcon_core.package_identification:_identify(src/task1) by extension 'ignore'
[0.387s] Level 1:colcon.colcon_core.package_identification:_identify(src/task1) by extension 'ignore_ament_install'
[0.387s] Level 1:colcon.colcon_core.package_identification:_identify(src/task1) by extensions ['colcon_pkg']
[0.387s] Level 1:colcon.colcon_core.package_identification:_identify(src/task1) by extension 'colcon_pkg'
[0.387s] Level 1:colcon.colcon_core.package_identification:_identify(src/task1) by extensions ['colcon_meta']
[0.387s] Level 1:colcon.colcon_core.package_identification:_identify(src/task1) by extension 'colcon_meta'
[0.387s] Level 1:colcon.colcon_core.package_identification:_identify(src/task1) by extensions ['ros']
[0.387s] Level 1:colcon.colcon_core.package_identification:_identify(src/task1) by extension 'ros'
[0.390s] DEBUG:colcon.colcon_core.package_identification:Package 'src/task1' with type 'ros.ament_python' and name 'task1'
[0.390s] Level 1:colcon.colcon_core.package_discovery:discover_packages(recursive) using defaults
[0.390s] Level 1:colcon.colcon_core.package_discovery:discover_packages(ignore) discover
[0.390s] Level 1:colcon.colcon_core.package_discovery:discover_packages(ignore) using defaults
[0.391s] Level 1:colcon.colcon_core.package_discovery:discover_packages(path) discover
[0.391s] Level 1:colcon.colcon_core.package_discovery:discover_packages(path) using defaults
[0.416s] Level 1:colcon.colcon_core.package_discovery:discover_packages(prefix_path) check parameters
[0.416s] Level 1:colcon.colcon_core.package_discovery:discover_packages(prefix_path) discover
[0.418s] DEBUG:colcon.colcon_installed_package_information.package_discovery:Found 1 installed packages in /home/felix/robo/robo_ai_turku_2025/ros2_ws/install
[0.419s] DEBUG:colcon.colcon_installed_package_information.package_discovery:Found 271 installed packages in /opt/ros/humble
[0.423s] Level 1:colcon.colcon_core.package_discovery:discover_packages(prefix_path) using defaults
[0.471s] Level 5:colcon.colcon_core.verb:set package 'task1' build argument 'cmake_args' from command line to 'None'
[0.471s] Level 5:colcon.colcon_core.verb:set package 'task1' build argument 'cmake_target' from command line to 'None'
[0.471s] Level 5:colcon.colcon_core.verb:set package 'task1' build argument 'cmake_target_skip_unavailable' from command line to 'False'
[0.471s] Level 5:colcon.colcon_core.verb:set package 'task1' build argument 'cmake_clean_cache' from command line to 'False'
[0.471s] Level 5:colcon.colcon_core.verb:set package 'task1' build argument 'cmake_clean_first' from command line to 'False'
[0.471s] Level 5:colcon.colcon_core.verb:set package 'task1' build argument 'cmake_force_configure' from command line to 'False'
[0.471s] Level 5:colcon.colcon_core.verb:set package 'task1' build argument 'ament_cmake_args' from command line to 'None'
[0.471s] Level 5:colcon.colcon_core.verb:set package 'task1' build argument 'catkin_cmake_args' from command line to 'None'
[0.471s] Level 5:colcon.colcon_core.verb:set package 'task1' build argument 'catkin_skip_building_tests' from command line to 'False'
[0.471s] DEBUG:colcon.colcon_core.verb:Building package 'task1' with the following arguments: {'ament_cmake_args': None, 'build_base': '/home/felix/robo/robo_ai_turku_2025/ros2_ws/build/task1', 'catkin_cmake_args': None, 'catkin_skip_building_tests': False, 'cmake_args': None, 'cmake_clean_cache': False, 'cmake_clean_first': False, 'cmake_force_configure': False, 'cmake_target': None, 'cmake_target_skip_unavailable': False, 'install_base': '/home/felix/robo/robo_ai_turku_2025/ros2_ws/install/task1', 'merge_install': False, 'path': '/home/felix/robo/robo_ai_turku_2025/ros2_ws/src/task1', 'symlink_install': False, 'test_result_base': None}
[0.471s] INFO:colcon.colcon_core.executor:Executing jobs using 'parallel' executor
[0.473s] DEBUG:colcon.colcon_parallel_executor.executor.parallel:run_until_complete
[0.473s] INFO:colcon.colcon_ros.task.ament_python.build:Building ROS package in '/home/felix/robo/robo_ai_turku_2025/ros2_ws/src/task1' with build type 'ament_python'
[0.473s] Level 1:colcon.colcon_core.shell:create_environment_hook('task1', 'ament_prefix_path')
[0.476s] INFO:colcon.colcon_core.plugin_system:Skipping extension 'colcon_core.shell.bat': Not used on non-Windows systems
[0.477s] INFO:colcon.colcon_core.shell:Creating environment hook '/home/felix/robo/robo_ai_turku_2025/ros2_ws/install/task1/share/task1/hook/ament_prefix_path.ps1'
[0.478s] INFO:colcon.colcon_core.shell:Creating environment descriptor '/home/felix/robo/robo_ai_turku_2025/ros2_ws/install/task1/share/task1/hook/ament_prefix_path.dsv'
[0.479s] INFO:colcon.colcon_core.shell:Creating environment hook '/home/felix/robo/robo_ai_turku_2025/ros2_ws/install/task1/share/task1/hook/ament_prefix_path.sh'
[0.480s] INFO:colcon.colcon_core.shell:Skip shell extension 'powershell' for command environment: Not usable outside of PowerShell
[0.480s] DEBUG:colcon.colcon_core.shell:Skip shell extension 'dsv' for command environment
[0.766s] INFO:colcon.colcon_core.task.python.build:Building Python package in '/home/felix/robo/robo_ai_turku_2025/ros2_ws/src/task1'
[0.767s] INFO:colcon.colcon_core.shell:Skip shell extension 'powershell' for command environment: Not usable outside of PowerShell
[0.767s] DEBUG:colcon.colcon_core.shell:Skip shell extension 'dsv' for command environment
[1.132s] DEBUG:colcon.colcon_core.event_handler.log_command:Invoking command in '/home/felix/robo/robo_ai_turku_2025/ros2_ws/src/task1': PYTHONPATH=/home/felix/robo/robo_ai_turku_2025/ros2_ws/build/task1/prefix_override:/usr/lib/python3/dist-packages/colcon_core/task/python/colcon_distutils_commands:/home/felix/robo/robo_ai_turku_2025/ros2_ws/install/task1/lib/python3.10/site-packages:${PYTHONPATH} /usr/bin/python3 -W ignore:setup.py install is deprecated -W ignore:easy_install command is deprecated setup.py egg_info --egg-base ../../build/task1 build --build-base /home/felix/robo/robo_ai_turku_2025/ros2_ws/build/task1/build install --record /home/felix/robo/robo_ai_turku_2025/ros2_ws/build/task1/install.log --single-version-externally-managed install_data
[1.406s] DEBUG:colcon.colcon_core.event_handler.log_command:Invoked command in '/home/felix/robo/robo_ai_turku_2025/ros2_ws/src/task1' returned '0': PYTHONPATH=/home/felix/robo/robo_ai_turku_2025/ros2_ws/build/task1/prefix_override:/usr/lib/python3/dist-packages/colcon_core/task/python/colcon_distutils_commands:/home/felix/robo/robo_ai_turku_2025/ros2_ws/install/task1/lib/python3.10/site-packages:${PYTHONPATH} /usr/bin/python3 -W ignore:setup.py install is deprecated -W ignore:easy_install command is deprecated setup.py egg_info --egg-base ../../build/task1 build --build-base /home/felix/robo/robo_ai_turku_2025/ros2_ws/build/task1/build install --record /home/felix/robo/robo_ai_turku_2025/ros2_ws/build/task1/install.log --single-version-externally-managed install_data
[1.408s] Level 1:colcon.colcon_core.environment:checking '/home/felix/robo/robo_ai_turku_2025/ros2_ws/install/task1' for CMake module files
[1.408s] Level 1:colcon.colcon_core.environment:checking '/home/felix/robo/robo_ai_turku_2025/ros2_ws/install/task1' for CMake config files
[1.409s] Level 1:colcon.colcon_core.environment:checking '/home/felix/robo/robo_ai_turku_2025/ros2_ws/install/task1/lib'
[1.409s] Level 1:colcon.colcon_core.environment:checking '/home/felix/robo/robo_ai_turku_2025/ros2_ws/install/task1/bin'
[1.409s] Level 1:colcon.colcon_core.environment:checking '/home/felix/robo/robo_ai_turku_2025/ros2_ws/install/task1/lib/pkgconfig/task1.pc'
[1.409s] Level 1:colcon.colcon_core.environment:checking '/home/felix/robo/robo_ai_turku_2025/ros2_ws/install/task1/lib/python3.10/site-packages'
[1.409s] Level 1:colcon.colcon_core.shell:create_environment_hook('task1', 'pythonpath')
[1.410s] INFO:colcon.colcon_core.shell:Creating environment hook '/home/felix/robo/robo_ai_turku_2025/ros2_ws/install/task1/share/task1/hook/pythonpath.ps1'
[1.410s] INFO:colcon.colcon_core.shell:Creating environment descriptor '/home/felix/robo/robo_ai_turku_2025/ros2_ws/install/task1/share/task1/hook/pythonpath.dsv'
[1.411s] INFO:colcon.colcon_core.shell:Creating environment hook '/home/felix/robo/robo_ai_turku_2025/ros2_ws/install/task1/share/task1/hook/pythonpath.sh'
[1.411s] Level 1:colcon.colcon_core.environment:checking '/home/felix/robo/robo_ai_turku_2025/ros2_ws/install/task1/bin'
[1.411s] Level 1:colcon.colcon_core.environment:create_environment_scripts_only(task1)
[1.412s] INFO:colcon.colcon_core.shell:Creating package script '/home/felix/robo/robo_ai_turku_2025/ros2_ws/install/task1/share/task1/package.ps1'
[1.412s] INFO:colcon.colcon_core.shell:Creating package descriptor '/home/felix/robo/robo_ai_turku_2025/ros2_ws/install/task1/share/task1/package.dsv'
[1.413s] INFO:colcon.colcon_core.shell:Creating package script '/home/felix/robo/robo_ai_turku_2025/ros2_ws/install/task1/share/task1/package.sh'
[1.414s] INFO:colcon.colcon_core.shell:Creating package script '/home/felix/robo/robo_ai_turku_2025/ros2_ws/install/task1/share/task1/package.bash'
[1.414s] INFO:colcon.colcon_core.shell:Creating package script '/home/felix/robo/robo_ai_turku_2025/ros2_ws/install/task1/share/task1/package.zsh'
[1.415s] Level 1:colcon.colcon_core.environment:create_file_with_runtime_dependencies(/home/felix/robo/robo_ai_turku_2025/ros2_ws/install/task1/share/colcon-core/packages/task1)
[1.416s] DEBUG:colcon.colcon_parallel_executor.executor.parallel:closing loop
[1.419s] DEBUG:colcon.colcon_parallel_executor.executor.parallel:loop closed
[1.420s] DEBUG:colcon.colcon_parallel_executor.executor.parallel:run_until_complete finished with '0'
[1.420s] DEBUG:colcon.colcon_core.event_reactor:joining thread
[1.449s] INFO:colcon.colcon_core.plugin_system:Skipping extension 'colcon_notification.desktop_notification.notify_send': Could not find 'notify-send'
[1.449s] INFO:colcon.colcon_core.plugin_system:Skipping extension 'colcon_notification.desktop_notification.terminal_notifier': Not used on non-Darwin systems
[1.449s] INFO:colcon.colcon_core.plugin_system:Skipping extension 'colcon_notification.desktop_notification.win32': Not used on non-Windows systems
[1.449s] INFO:colcon.colcon_notification.desktop_notification:Sending desktop notification using 'notify2'
[1.450s] DEBUG:colcon.colcon_notification.desktop_notification.notify2:Failed to initialize notify2: org.freedesktop.DBus.Error.FileNotFound: Failed to connect to socket /run/user/1000/bus: No such file or directory
[1.450s] DEBUG:colcon.colcon_core.event_reactor:joined thread
[1.450s] INFO:colcon.colcon_core.shell:Creating prefix script '/home/felix/robo/robo_ai_turku_2025/ros2_ws/install/local_setup.ps1'
[1.451s] INFO:colcon.colcon_core.shell:Creating prefix util module '/home/felix/robo/robo_ai_turku_2025/ros2_ws/install/_local_setup_util_ps1.py'
[1.452s] INFO:colcon.colcon_core.shell:Creating prefix chain script '/home/felix/robo/robo_ai_turku_2025/ros2_ws/install/setup.ps1'
[1.453s] INFO:colcon.colcon_core.shell:Creating prefix script '/home/felix/robo/robo_ai_turku_2025/ros2_ws/install/local_setup.sh'
[1.454s] INFO:colcon.colcon_core.shell:Creating prefix util module '/home/felix/robo/robo_ai_turku_2025/ros2_ws/install/_local_setup_util_sh.py'
[1.456s] INFO:colcon.colcon_core.shell:Creating prefix chain script '/home/felix/robo/robo_ai_turku_2025/ros2_ws/install/setup.sh'
[1.458s] INFO:colcon.colcon_core.shell:Creating prefix script '/home/felix/robo/robo_ai_turku_2025/ros2_ws/install/local_setup.bash'
[1.462s] INFO:colcon.colcon_core.shell:Creating prefix chain script '/home/felix/robo/robo_ai_turku_2025/ros2_ws/install/setup.bash'
[1.464s] INFO:colcon.colcon_core.shell:Creating prefix script '/home/felix/robo/robo_ai_turku_2025/ros2_ws/install/local_setup.zsh'
[1.465s] INFO:colcon.colcon_core.shell:Creating prefix chain script '/home/felix/robo/robo_ai_turku_2025/ros2_ws/install/setup.zsh'
