running egg_info
creating ../../../build/lab1_bringup/lab1_bringup.egg-info
writing ../../../build/lab1_bringup/lab1_bringup.egg-info/PKG-INFO
writing dependency_links to ../../../build/lab1_bringup/lab1_bringup.egg-info/dependency_links.txt
writing entry points to ../../../build/lab1_bringup/lab1_bringup.egg-info/entry_points.txt
writing requirements to ../../../build/lab1_bringup/lab1_bringup.egg-info/requires.txt
writing top-level names to ../../../build/lab1_bringup/lab1_bringup.egg-info/top_level.txt
writing manifest file '../../../build/lab1_bringup/lab1_bringup.egg-info/SOURCES.txt'
reading manifest file '../../../build/lab1_bringup/lab1_bringup.egg-info/SOURCES.txt'
adding license file 'LICENSE'
writing manifest file '../../../build/lab1_bringup/lab1_bringup.egg-info/SOURCES.txt'
running build
running build_py
creating /home/bot/Algo2025/robo_ai_turku_2025/build/lab1_bringup/build
creating /home/bot/Algo2025/robo_ai_turku_2025/build/lab1_bringup/build/lib
creating /home/bot/Algo2025/robo_ai_turku_2025/build/lab1_bringup/build/lib/lab1_bringup
copying lab1_bringup/__init__.py -> /home/bot/Algo2025/robo_ai_turku_2025/build/lab1_bringup/build/lib/lab1_bringup
running install
running install_lib
creating /home/bot/Algo2025/robo_ai_turku_2025/install/lab1_bringup/lib/python3.10/site-packages/lab1_bringup
copying /home/bot/Algo2025/robo_ai_turku_2025/build/lab1_bringup/build/lib/lab1_bringup/__init__.py -> /home/bot/Algo2025/robo_ai_turku_2025/install/lab1_bringup/lib/python3.10/site-packages/lab1_bringup
byte-compiling /home/bot/Algo2025/robo_ai_turku_2025/install/lab1_bringup/lib/python3.10/site-packages/lab1_bringup/__init__.py to __init__.cpython-310.pyc
running install_data
creating /home/bot/Algo2025/robo_ai_turku_2025/install/lab1_bringup/share/ament_index
creating /home/bot/Algo2025/robo_ai_turku_2025/install/lab1_bringup/share/ament_index/resource_index
creating /home/bot/Algo2025/robo_ai_turku_2025/install/lab1_bringup/share/ament_index/resource_index/packages
copying resource/lab1_bringup -> /home/bot/Algo2025/robo_ai_turku_2025/install/lab1_bringup/share/ament_index/resource_index/packages
copying package.xml -> /home/bot/Algo2025/robo_ai_turku_2025/install/lab1_bringup/share/lab1_bringup
creating /home/bot/Algo2025/robo_ai_turku_2025/install/lab1_bringup/share/lab1_bringup/launch
copying launch/launch_lab01_task03.launch.py -> /home/bot/Algo2025/robo_ai_turku_2025/install/lab1_bringup/share/lab1_bringup/launch
copying launch/launch_lab01_task01.launch.py -> /home/bot/Algo2025/robo_ai_turku_2025/install/lab1_bringup/share/lab1_bringup/launch
copying launch/launch_task1.launch.py -> /home/bot/Algo2025/robo_ai_turku_2025/install/lab1_bringup/share/lab1_bringup/launch
copying launch/launch_lab01_task02.launch.py -> /home/bot/Algo2025/robo_ai_turku_2025/install/lab1_bringup/share/lab1_bringup/launch
copying launch/launch_lab01_task05.launch.py -> /home/bot/Algo2025/robo_ai_turku_2025/install/lab1_bringup/share/lab1_bringup/launch
creating /home/bot/Algo2025/robo_ai_turku_2025/install/lab1_bringup/share/lab1_bringup/config
running install_egg_info
Copying ../../../build/lab1_bringup/lab1_bringup.egg-info to /home/bot/Algo2025/robo_ai_turku_2025/install/lab1_bringup/lib/python3.10/site-packages/lab1_bringup-0.0.0-py3.10.egg-info
running install_scripts
writing list of installed files to '/home/bot/Algo2025/robo_ai_turku_2025/build/lab1_bringup/install.log'
