[2.009s] Invoking command in '/home/bot/Algo2025/robo_ai_turku_2025/ros2_lab5_ws/src/lab5_task1': PYTHONPATH=/home/bot/Algo2025/robo_ai_turku_2025/build/lab5_task1/prefix_override:/usr/lib/python3/dist-packages/colcon_core/task/python/colcon_distutils_commands:/home/bot/Algo2025/robo_ai_turku_2025/install/lab5_task1/lib/python3.10/site-packages:${PYTHONPATH} /usr/bin/python3 -W ignore:setup.py install is deprecated -W ignore:easy_install command is deprecated setup.py egg_info --egg-base ../../../build/lab5_task1 build --build-base /home/bot/Algo2025/robo_ai_turku_2025/build/lab5_task1/build install --record /home/bot/Algo2025/robo_ai_turku_2025/build/lab5_task1/install.log --single-version-externally-managed install_data
[2.347s] running egg_info
[2.353s] writing ../../../build/lab5_task1/lab5_task1.egg-info/PKG-INFO
[2.354s] writing dependency_links to ../../../build/lab5_task1/lab5_task1.egg-info/dependency_links.txt
[2.354s] writing entry points to ../../../build/lab5_task1/lab5_task1.egg-info/entry_points.txt
[2.354s] writing requirements to ../../../build/lab5_task1/lab5_task1.egg-info/requires.txt
[2.354s] writing top-level names to ../../../build/lab5_task1/lab5_task1.egg-info/top_level.txt
[2.366s] reading manifest file '../../../build/lab5_task1/lab5_task1.egg-info/SOURCES.txt'
[2.366s] writing manifest file '../../../build/lab5_task1/lab5_task1.egg-info/SOURCES.txt'
[2.367s] running build
[2.367s] running build_py
[2.369s] running install
[2.370s] running install_lib
[2.375s] running install_data
[2.375s] running install_egg_info
[2.379s] removing '/home/bot/Algo2025/robo_ai_turku_2025/install/lab5_task1/lib/python3.10/site-packages/lab5_task1-0.0.0-py3.10.egg-info' (and everything under it)
[2.382s] Copying ../../../build/lab5_task1/lab5_task1.egg-info to /home/bot/Algo2025/robo_ai_turku_2025/install/lab5_task1/lib/python3.10/site-packages/lab5_task1-0.0.0-py3.10.egg-info
[2.383s] running install_scripts
[2.429s] Installing feature_detector script to /home/bot/Algo2025/robo_ai_turku_2025/install/lab5_task1/lib/lab5_task1
[2.429s] Installing lidar_plot script to /home/bot/Algo2025/robo_ai_turku_2025/install/lab5_task1/lib/lab5_task1
[2.429s] Installing line_detector script to /home/bot/Algo2025/robo_ai_turku_2025/install/lab5_task1/lib/lab5_task1
[2.436s] writing list of installed files to '/home/bot/Algo2025/robo_ai_turku_2025/build/lab5_task1/install.log'
[2.714s] Invoked command in '/home/bot/Algo2025/robo_ai_turku_2025/ros2_lab5_ws/src/lab5_task1' returned '0': PYTHONPATH=/home/bot/Algo2025/robo_ai_turku_2025/build/lab5_task1/prefix_override:/usr/lib/python3/dist-packages/colcon_core/task/python/colcon_distutils_commands:/home/bot/Algo2025/robo_ai_turku_2025/install/lab5_task1/lib/python3.10/site-packages:${PYTHONPATH} /usr/bin/python3 -W ignore:setup.py install is deprecated -W ignore:easy_install command is deprecated setup.py egg_info --egg-base ../../../build/lab5_task1 build --build-base /home/bot/Algo2025/robo_ai_turku_2025/build/lab5_task1/build install --record /home/bot/Algo2025/robo_ai_turku_2025/build/lab5_task1/install.log --single-version-externally-managed install_data
