[0.279s] DEBUG:colcon:Command line arguments: ['/usr/bin/colcon', 'build']
[0.279s] DEBUG:colcon:Parsed command line arguments: Namespace(log_base=None, log_level=None, verb_name='build', build_base='build', install_base='install', merge_install=False, symlink_install=False, test_result_base=None, continue_on_error=False, executor='parallel', parallel_workers=22, event_handlers=None, ignore_user_meta=False, metas=['./colcon.meta'], base_paths=['.'], packages_ignore=None, packages_ignore_regex=None, paths=None, packages_up_to=None, packages_up_to_regex=None, packages_above=None, packages_above_and_dependencies=None, packages_above_depth=None, packages_select_by_dep=None, packages_skip_by_dep=None, packages_skip_up_to=None, packages_select_build_failed=False, packages_skip_build_finished=False, packages_select_test_failures=False, packages_skip_test_passed=False, packages_select=None, packages_skip=None, packages_select_regex=None, packages_skip_regex=None, packages_start=None, packages_end=None, allow_overriding=[], cmake_args=None, cmake_target=None, cmake_target_skip_unavailable=False, cmake_clean_cache=False, cmake_clean_first=False, cmake_force_configure=False, ament_cmake_args=None, catkin_cmake_args=None, catkin_skip_building_tests=False, verb_parser=<colcon_defaults.argument_parser.defaults.DefaultArgumentsDecorator object at 0x7207b5235e70>, verb_extension=<colcon_core.verb.build.BuildVerb object at 0x7207b53b75e0>, main=<bound method BuildVerb.main of <colcon_core.verb.build.BuildVerb object at 0x7207b53b75e0>>)
[0.453s] Level 1:colcon.colcon_core.package_discovery:discover_packages(colcon_meta) check parameters
[0.454s] Level 1:colcon.colcon_core.package_discovery:discover_packages(recursive) check parameters
[0.455s] Level 1:colcon.colcon_core.package_discovery:discover_packages(ignore) check parameters
[0.455s] Level 1:colcon.colcon_core.package_discovery:discover_packages(path) check parameters
[0.455s] Level 1:colcon.colcon_core.package_discovery:discover_packages(colcon_meta) discover
[0.455s] Level 1:colcon.colcon_core.package_discovery:discover_packages(recursive) discover
[0.455s] INFO:colcon.colcon_core.package_discovery:Crawling recursively for packages in '/home/felix/robo/robo_ai_turku_2025/ros2_ws'
[0.455s] Level 1:colcon.colcon_core.package_identification:_identify(.) by extensions ['ignore', 'ignore_ament_install']
[0.455s] Level 1:colcon.colcon_core.package_identification:_identify(.) by extension 'ignore'
[0.455s] Level 1:colcon.colcon_core.package_identification:_identify(.) by extension 'ignore_ament_install'
[0.455s] Level 1:colcon.colcon_core.package_identification:_identify(.) by extensions ['colcon_pkg']
[0.455s] Level 1:colcon.colcon_core.package_identification:_identify(.) by extension 'colcon_pkg'
[0.455s] Level 1:colcon.colcon_core.package_identification:_identify(.) by extensions ['colcon_meta']
[0.455s] Level 1:colcon.colcon_core.package_identification:_identify(.) by extension 'colcon_meta'
[0.455s] Level 1:colcon.colcon_core.package_identification:_identify(.) by extensions ['ros']
[0.455s] Level 1:colcon.colcon_core.package_identification:_identify(.) by extension 'ros'
[0.468s] Level 1:colcon.colcon_core.package_identification:_identify(.) by extensions ['cmake', 'python']
[0.468s] Level 1:colcon.colcon_core.package_identification:_identify(.) by extension 'cmake'
[0.468s] Level 1:colcon.colcon_core.package_identification:_identify(.) by extension 'python'
[0.468s] Level 1:colcon.colcon_core.package_identification:_identify(.) by extensions ['python_setup_py']
[0.468s] Level 1:colcon.colcon_core.package_identification:_identify(.) by extension 'python_setup_py'
[0.468s] Level 1:colcon.colcon_core.package_identification:_identify(build) by extensions ['ignore', 'ignore_ament_install']
[0.469s] Level 1:colcon.colcon_core.package_identification:_identify(build) by extension 'ignore'
[0.469s] Level 1:colcon.colcon_core.package_identification:_identify(build) ignored
[0.469s] Level 1:colcon.colcon_core.package_identification:_identify(install) by extensions ['ignore', 'ignore_ament_install']
[0.469s] Level 1:colcon.colcon_core.package_identification:_identify(install) by extension 'ignore'
[0.469s] Level 1:colcon.colcon_core.package_identification:_identify(install) ignored
[0.469s] Level 1:colcon.colcon_core.package_identification:_identify(log) by extensions ['ignore', 'ignore_ament_install']
[0.469s] Level 1:colcon.colcon_core.package_identification:_identify(log) by extension 'ignore'
[0.469s] Level 1:colcon.colcon_core.package_identification:_identify(log) ignored
[0.469s] Level 1:colcon.colcon_core.package_identification:_identify(src) by extensions ['ignore', 'ignore_ament_install']
[0.470s] Level 1:colcon.colcon_core.package_identification:_identify(src) by extension 'ignore'
[0.470s] Level 1:colcon.colcon_core.package_identification:_identify(src) by extension 'ignore_ament_install'
[0.470s] Level 1:colcon.colcon_core.package_identification:_identify(src) by extensions ['colcon_pkg']
[0.470s] Level 1:colcon.colcon_core.package_identification:_identify(src) by extension 'colcon_pkg'
[0.470s] Level 1:colcon.colcon_core.package_identification:_identify(src) by extensions ['colcon_meta']
[0.470s] Level 1:colcon.colcon_core.package_identification:_identify(src) by extension 'colcon_meta'
[0.470s] Level 1:colcon.colcon_core.package_identification:_identify(src) by extensions ['ros']
[0.470s] Level 1:colcon.colcon_core.package_identification:_identify(src) by extension 'ros'
[0.470s] Level 1:colcon.colcon_core.package_identification:_identify(src) by extensions ['cmake', 'python']
[0.470s] Level 1:colcon.colcon_core.package_identification:_identify(src) by extension 'cmake'
[0.470s] Level 1:colcon.colcon_core.package_identification:_identify(src) by extension 'python'
[0.470s] Level 1:colcon.colcon_core.package_identification:_identify(src) by extensions ['python_setup_py']
[0.470s] Level 1:colcon.colcon_core.package_identification:_identify(src) by extension 'python_setup_py'
[0.470s] Level 1:colcon.colcon_core.package_identification:_identify(src/build) by extensions ['ignore', 'ignore_ament_install']
[0.471s] Level 1:colcon.colcon_core.package_identification:_identify(src/build) by extension 'ignore'
[0.471s] Level 1:colcon.colcon_core.package_identification:_identify(src/build) ignored
[0.471s] Level 1:colcon.colcon_core.package_identification:_identify(src/custom_interface) by extensions ['ignore', 'ignore_ament_install']
[0.471s] Level 1:colcon.colcon_core.package_identification:_identify(src/custom_interface) by extension 'ignore'
[0.471s] Level 1:colcon.colcon_core.package_identification:_identify(src/custom_interface) by extension 'ignore_ament_install'
[0.471s] Level 1:colcon.colcon_core.package_identification:_identify(src/custom_interface) by extensions ['colcon_pkg']
[0.471s] Level 1:colcon.colcon_core.package_identification:_identify(src/custom_interface) by extension 'colcon_pkg'
[0.471s] Level 1:colcon.colcon_core.package_identification:_identify(src/custom_interface) by extensions ['colcon_meta']
[0.471s] Level 1:colcon.colcon_core.package_identification:_identify(src/custom_interface) by extension 'colcon_meta'
[0.471s] Level 1:colcon.colcon_core.package_identification:_identify(src/custom_interface) by extensions ['ros']
[0.471s] Level 1:colcon.colcon_core.package_identification:_identify(src/custom_interface) by extension 'ros'
[0.475s] DEBUG:colcon.colcon_core.package_identification:Package 'src/custom_interface' with type 'ros.ament_cmake' and name 'custom_interface'
[0.475s] Level 1:colcon.colcon_core.package_identification:_identify(src/install) by extensions ['ignore', 'ignore_ament_install']
[0.475s] Level 1:colcon.colcon_core.package_identification:_identify(src/install) by extension 'ignore'
[0.475s] Level 1:colcon.colcon_core.package_identification:_identify(src/install) ignored
[0.475s] Level 1:colcon.colcon_core.package_identification:_identify(src/lab01_task01) by extensions ['ignore', 'ignore_ament_install']
[0.475s] Level 1:colcon.colcon_core.package_identification:_identify(src/lab01_task01) by extension 'ignore'
[0.475s] Level 1:colcon.colcon_core.package_identification:_identify(src/lab01_task01) by extension 'ignore_ament_install'
[0.475s] Level 1:colcon.colcon_core.package_identification:_identify(src/lab01_task01) by extensions ['colcon_pkg']
[0.475s] Level 1:colcon.colcon_core.package_identification:_identify(src/lab01_task01) by extension 'colcon_pkg'
[0.476s] Level 1:colcon.colcon_core.package_identification:_identify(src/lab01_task01) by extensions ['colcon_meta']
[0.476s] Level 1:colcon.colcon_core.package_identification:_identify(src/lab01_task01) by extension 'colcon_meta'
[0.476s] Level 1:colcon.colcon_core.package_identification:_identify(src/lab01_task01) by extensions ['ros']
[0.476s] Level 1:colcon.colcon_core.package_identification:_identify(src/lab01_task01) by extension 'ros'
[0.477s] DEBUG:colcon.colcon_core.package_identification:Package 'src/lab01_task01' with type 'ros.ament_python' and name 'lab01_task01'
[0.477s] Level 1:colcon.colcon_core.package_identification:_identify(src/lab01_task02) by extensions ['ignore', 'ignore_ament_install']
[0.477s] Level 1:colcon.colcon_core.package_identification:_identify(src/lab01_task02) by extension 'ignore'
[0.477s] Level 1:colcon.colcon_core.package_identification:_identify(src/lab01_task02) by extension 'ignore_ament_install'
[0.477s] Level 1:colcon.colcon_core.package_identification:_identify(src/lab01_task02) by extensions ['colcon_pkg']
[0.477s] Level 1:colcon.colcon_core.package_identification:_identify(src/lab01_task02) by extension 'colcon_pkg'
[0.477s] Level 1:colcon.colcon_core.package_identification:_identify(src/lab01_task02) by extensions ['colcon_meta']
[0.477s] Level 1:colcon.colcon_core.package_identification:_identify(src/lab01_task02) by extension 'colcon_meta'
[0.477s] Level 1:colcon.colcon_core.package_identification:_identify(src/lab01_task02) by extensions ['ros']
[0.477s] Level 1:colcon.colcon_core.package_identification:_identify(src/lab01_task02) by extension 'ros'
[0.478s] DEBUG:colcon.colcon_core.package_identification:Package 'src/lab01_task02' with type 'ros.ament_python' and name 'lab01_task02'
[0.478s] Level 1:colcon.colcon_core.package_identification:_identify(src/lab01_task03) by extensions ['ignore', 'ignore_ament_install']
[0.478s] Level 1:colcon.colcon_core.package_identification:_identify(src/lab01_task03) by extension 'ignore'
[0.478s] Level 1:colcon.colcon_core.package_identification:_identify(src/lab01_task03) by extension 'ignore_ament_install'
[0.478s] Level 1:colcon.colcon_core.package_identification:_identify(src/lab01_task03) by extensions ['colcon_pkg']
[0.478s] Level 1:colcon.colcon_core.package_identification:_identify(src/lab01_task03) by extension 'colcon_pkg'
[0.478s] Level 1:colcon.colcon_core.package_identification:_identify(src/lab01_task03) by extensions ['colcon_meta']
[0.478s] Level 1:colcon.colcon_core.package_identification:_identify(src/lab01_task03) by extension 'colcon_meta'
[0.478s] Level 1:colcon.colcon_core.package_identification:_identify(src/lab01_task03) by extensions ['ros']
[0.478s] Level 1:colcon.colcon_core.package_identification:_identify(src/lab01_task03) by extension 'ros'
[0.479s] DEBUG:colcon.colcon_core.package_identification:Package 'src/lab01_task03' with type 'ros.ament_python' and name 'lab01_task03'
[0.479s] Level 1:colcon.colcon_core.package_identification:_identify(src/lab01_task05) by extensions ['ignore', 'ignore_ament_install']
[0.479s] Level 1:colcon.colcon_core.package_identification:_identify(src/lab01_task05) by extension 'ignore'
[0.479s] Level 1:colcon.colcon_core.package_identification:_identify(src/lab01_task05) by extension 'ignore_ament_install'
[0.479s] Level 1:colcon.colcon_core.package_identification:_identify(src/lab01_task05) by extensions ['colcon_pkg']
[0.479s] Level 1:colcon.colcon_core.package_identification:_identify(src/lab01_task05) by extension 'colcon_pkg'
[0.479s] Level 1:colcon.colcon_core.package_identification:_identify(src/lab01_task05) by extensions ['colcon_meta']
[0.479s] Level 1:colcon.colcon_core.package_identification:_identify(src/lab01_task05) by extension 'colcon_meta'
[0.479s] Level 1:colcon.colcon_core.package_identification:_identify(src/lab01_task05) by extensions ['ros']
[0.479s] Level 1:colcon.colcon_core.package_identification:_identify(src/lab01_task05) by extension 'ros'
[0.480s] DEBUG:colcon.colcon_core.package_identification:Package 'src/lab01_task05' with type 'ros.ament_python' and name 'lab01_task05'
[0.481s] Level 1:colcon.colcon_core.package_identification:_identify(src/lab1_bringup) by extensions ['ignore', 'ignore_ament_install']
[0.481s] Level 1:colcon.colcon_core.package_identification:_identify(src/lab1_bringup) by extension 'ignore'
[0.481s] Level 1:colcon.colcon_core.package_identification:_identify(src/lab1_bringup) by extension 'ignore_ament_install'
[0.481s] Level 1:colcon.colcon_core.package_identification:_identify(src/lab1_bringup) by extensions ['colcon_pkg']
[0.481s] Level 1:colcon.colcon_core.package_identification:_identify(src/lab1_bringup) by extension 'colcon_pkg'
[0.481s] Level 1:colcon.colcon_core.package_identification:_identify(src/lab1_bringup) by extensions ['colcon_meta']
[0.481s] Level 1:colcon.colcon_core.package_identification:_identify(src/lab1_bringup) by extension 'colcon_meta'
[0.481s] Level 1:colcon.colcon_core.package_identification:_identify(src/lab1_bringup) by extensions ['ros']
[0.481s] Level 1:colcon.colcon_core.package_identification:_identify(src/lab1_bringup) by extension 'ros'
[0.481s] DEBUG:colcon.colcon_core.package_identification:Package 'src/lab1_bringup' with type 'ros.ament_python' and name 'lab1_bringup'
[0.482s] Level 1:colcon.colcon_core.package_identification:_identify(src/log) by extensions ['ignore', 'ignore_ament_install']
[0.482s] Level 1:colcon.colcon_core.package_identification:_identify(src/log) by extension 'ignore'
[0.482s] Level 1:colcon.colcon_core.package_identification:_identify(src/log) ignored
[0.482s] Level 1:colcon.colcon_core.package_identification:_identify(src/task1) by extensions ['ignore', 'ignore_ament_install']
[0.482s] Level 1:colcon.colcon_core.package_identification:_identify(src/task1) by extension 'ignore'
[0.482s] Level 1:colcon.colcon_core.package_identification:_identify(src/task1) by extension 'ignore_ament_install'
[0.482s] Level 1:colcon.colcon_core.package_identification:_identify(src/task1) by extensions ['colcon_pkg']
[0.482s] Level 1:colcon.colcon_core.package_identification:_identify(src/task1) by extension 'colcon_pkg'
[0.482s] Level 1:colcon.colcon_core.package_identification:_identify(src/task1) by extensions ['colcon_meta']
[0.482s] Level 1:colcon.colcon_core.package_identification:_identify(src/task1) by extension 'colcon_meta'
[0.482s] Level 1:colcon.colcon_core.package_identification:_identify(src/task1) by extensions ['ros']
[0.482s] Level 1:colcon.colcon_core.package_identification:_identify(src/task1) by extension 'ros'
[0.483s] DEBUG:colcon.colcon_core.package_identification:Package 'src/task1' with type 'ros.ament_python' and name 'task1'
[0.483s] Level 1:colcon.colcon_core.package_discovery:discover_packages(recursive) using defaults
[0.483s] Level 1:colcon.colcon_core.package_discovery:discover_packages(ignore) discover
[0.483s] Level 1:colcon.colcon_core.package_discovery:discover_packages(ignore) using defaults
[0.483s] Level 1:colcon.colcon_core.package_discovery:discover_packages(path) discover
[0.483s] Level 1:colcon.colcon_core.package_discovery:discover_packages(path) using defaults
[0.508s] Level 1:colcon.colcon_core.package_discovery:discover_packages(prefix_path) check parameters
[0.508s] Level 1:colcon.colcon_core.package_discovery:discover_packages(prefix_path) discover
[0.510s] DEBUG:colcon.colcon_installed_package_information.package_discovery:Found 7 installed packages in /home/felix/robo/robo_ai_turku_2025/ros2_ws/install
[0.511s] DEBUG:colcon.colcon_installed_package_information.package_discovery:Found 7 installed packages in /home/felix/robo/robo_ai_turku_2025/install
[0.512s] DEBUG:colcon.colcon_installed_package_information.package_discovery:Found 0 installed packages in /home/felix/robo/robo_ai_turku_2025/ros2_ws/src/install
[0.513s] DEBUG:colcon.colcon_installed_package_information.package_discovery:Found 1 installed packages in /home/felix/robo/robo_ai_turku_2025/ros2_ws/src/custom_interface/install
[0.514s] DEBUG:colcon.colcon_installed_package_information.package_discovery:Found 271 installed packages in /opt/ros/humble
[0.525s] Level 1:colcon.colcon_core.package_discovery:discover_packages(prefix_path) using defaults
[0.561s] Level 5:colcon.colcon_core.verb:set package 'custom_interface' build argument 'cmake_args' from command line to 'None'
[0.562s] Level 5:colcon.colcon_core.verb:set package 'custom_interface' build argument 'cmake_target' from command line to 'None'
[0.562s] Level 5:colcon.colcon_core.verb:set package 'custom_interface' build argument 'cmake_target_skip_unavailable' from command line to 'False'
[0.562s] Level 5:colcon.colcon_core.verb:set package 'custom_interface' build argument 'cmake_clean_cache' from command line to 'False'
[0.562s] Level 5:colcon.colcon_core.verb:set package 'custom_interface' build argument 'cmake_clean_first' from command line to 'False'
[0.562s] Level 5:colcon.colcon_core.verb:set package 'custom_interface' build argument 'cmake_force_configure' from command line to 'False'
[0.562s] Level 5:colcon.colcon_core.verb:set package 'custom_interface' build argument 'ament_cmake_args' from command line to 'None'
[0.562s] Level 5:colcon.colcon_core.verb:set package 'custom_interface' build argument 'catkin_cmake_args' from command line to 'None'
[0.562s] Level 5:colcon.colcon_core.verb:set package 'custom_interface' build argument 'catkin_skip_building_tests' from command line to 'False'
[0.562s] DEBUG:colcon.colcon_core.verb:Building package 'custom_interface' with the following arguments: {'ament_cmake_args': None, 'build_base': '/home/felix/robo/robo_ai_turku_2025/ros2_ws/build/custom_interface', 'catkin_cmake_args': None, 'catkin_skip_building_tests': False, 'cmake_args': None, 'cmake_clean_cache': False, 'cmake_clean_first': False, 'cmake_force_configure': False, 'cmake_target': None, 'cmake_target_skip_unavailable': False, 'install_base': '/home/felix/robo/robo_ai_turku_2025/ros2_ws/install/custom_interface', 'merge_install': False, 'path': '/home/felix/robo/robo_ai_turku_2025/ros2_ws/src/custom_interface', 'symlink_install': False, 'test_result_base': None}
[0.562s] Level 5:colcon.colcon_core.verb:set package 'lab01_task01' build argument 'cmake_args' from command line to 'None'
[0.562s] Level 5:colcon.colcon_core.verb:set package 'lab01_task01' build argument 'cmake_target' from command line to 'None'
[0.563s] Level 5:colcon.colcon_core.verb:set package 'lab01_task01' build argument 'cmake_target_skip_unavailable' from command line to 'False'
[0.563s] Level 5:colcon.colcon_core.verb:set package 'lab01_task01' build argument 'cmake_clean_cache' from command line to 'False'
[0.563s] Level 5:colcon.colcon_core.verb:set package 'lab01_task01' build argument 'cmake_clean_first' from command line to 'False'
[0.563s] Level 5:colcon.colcon_core.verb:set package 'lab01_task01' build argument 'cmake_force_configure' from command line to 'False'
[0.563s] Level 5:colcon.colcon_core.verb:set package 'lab01_task01' build argument 'ament_cmake_args' from command line to 'None'
[0.563s] Level 5:colcon.colcon_core.verb:set package 'lab01_task01' build argument 'catkin_cmake_args' from command line to 'None'
[0.563s] Level 5:colcon.colcon_core.verb:set package 'lab01_task01' build argument 'catkin_skip_building_tests' from command line to 'False'
[0.563s] DEBUG:colcon.colcon_core.verb:Building package 'lab01_task01' with the following arguments: {'ament_cmake_args': None, 'build_base': '/home/felix/robo/robo_ai_turku_2025/ros2_ws/build/lab01_task01', 'catkin_cmake_args': None, 'catkin_skip_building_tests': False, 'cmake_args': None, 'cmake_clean_cache': False, 'cmake_clean_first': False, 'cmake_force_configure': False, 'cmake_target': None, 'cmake_target_skip_unavailable': False, 'install_base': '/home/felix/robo/robo_ai_turku_2025/ros2_ws/install/lab01_task01', 'merge_install': False, 'path': '/home/felix/robo/robo_ai_turku_2025/ros2_ws/src/lab01_task01', 'symlink_install': False, 'test_result_base': None}
[0.563s] Level 5:colcon.colcon_core.verb:set package 'lab01_task02' build argument 'cmake_args' from command line to 'None'
[0.563s] Level 5:colcon.colcon_core.verb:set package 'lab01_task02' build argument 'cmake_target' from command line to 'None'
[0.563s] Level 5:colcon.colcon_core.verb:set package 'lab01_task02' build argument 'cmake_target_skip_unavailable' from command line to 'False'
[0.563s] Level 5:colcon.colcon_core.verb:set package 'lab01_task02' build argument 'cmake_clean_cache' from command line to 'False'
[0.563s] Level 5:colcon.colcon_core.verb:set package 'lab01_task02' build argument 'cmake_clean_first' from command line to 'False'
[0.563s] Level 5:colcon.colcon_core.verb:set package 'lab01_task02' build argument 'cmake_force_configure' from command line to 'False'
[0.563s] Level 5:colcon.colcon_core.verb:set package 'lab01_task02' build argument 'ament_cmake_args' from command line to 'None'
[0.563s] Level 5:colcon.colcon_core.verb:set package 'lab01_task02' build argument 'catkin_cmake_args' from command line to 'None'
[0.563s] Level 5:colcon.colcon_core.verb:set package 'lab01_task02' build argument 'catkin_skip_building_tests' from command line to 'False'
[0.563s] DEBUG:colcon.colcon_core.verb:Building package 'lab01_task02' with the following arguments: {'ament_cmake_args': None, 'build_base': '/home/felix/robo/robo_ai_turku_2025/ros2_ws/build/lab01_task02', 'catkin_cmake_args': None, 'catkin_skip_building_tests': False, 'cmake_args': None, 'cmake_clean_cache': False, 'cmake_clean_first': False, 'cmake_force_configure': False, 'cmake_target': None, 'cmake_target_skip_unavailable': False, 'install_base': '/home/felix/robo/robo_ai_turku_2025/ros2_ws/install/lab01_task02', 'merge_install': False, 'path': '/home/felix/robo/robo_ai_turku_2025/ros2_ws/src/lab01_task02', 'symlink_install': False, 'test_result_base': None}
[0.564s] Level 5:colcon.colcon_core.verb:set package 'lab1_bringup' build argument 'cmake_args' from command line to 'None'
[0.564s] Level 5:colcon.colcon_core.verb:set package 'lab1_bringup' build argument 'cmake_target' from command line to 'None'
[0.564s] Level 5:colcon.colcon_core.verb:set package 'lab1_bringup' build argument 'cmake_target_skip_unavailable' from command line to 'False'
[0.564s] Level 5:colcon.colcon_core.verb:set package 'lab1_bringup' build argument 'cmake_clean_cache' from command line to 'False'
[0.564s] Level 5:colcon.colcon_core.verb:set package 'lab1_bringup' build argument 'cmake_clean_first' from command line to 'False'
[0.564s] Level 5:colcon.colcon_core.verb:set package 'lab1_bringup' build argument 'cmake_force_configure' from command line to 'False'
[0.564s] Level 5:colcon.colcon_core.verb:set package 'lab1_bringup' build argument 'ament_cmake_args' from command line to 'None'
[0.564s] Level 5:colcon.colcon_core.verb:set package 'lab1_bringup' build argument 'catkin_cmake_args' from command line to 'None'
[0.564s] Level 5:colcon.colcon_core.verb:set package 'lab1_bringup' build argument 'catkin_skip_building_tests' from command line to 'False'
[0.564s] DEBUG:colcon.colcon_core.verb:Building package 'lab1_bringup' with the following arguments: {'ament_cmake_args': None, 'build_base': '/home/felix/robo/robo_ai_turku_2025/ros2_ws/build/lab1_bringup', 'catkin_cmake_args': None, 'catkin_skip_building_tests': False, 'cmake_args': None, 'cmake_clean_cache': False, 'cmake_clean_first': False, 'cmake_force_configure': False, 'cmake_target': None, 'cmake_target_skip_unavailable': False, 'install_base': '/home/felix/robo/robo_ai_turku_2025/ros2_ws/install/lab1_bringup', 'merge_install': False, 'path': '/home/felix/robo/robo_ai_turku_2025/ros2_ws/src/lab1_bringup', 'symlink_install': False, 'test_result_base': None}
[0.564s] Level 5:colcon.colcon_core.verb:set package 'task1' build argument 'cmake_args' from command line to 'None'
[0.564s] Level 5:colcon.colcon_core.verb:set package 'task1' build argument 'cmake_target' from command line to 'None'
[0.564s] Level 5:colcon.colcon_core.verb:set package 'task1' build argument 'cmake_target_skip_unavailable' from command line to 'False'
[0.564s] Level 5:colcon.colcon_core.verb:set package 'task1' build argument 'cmake_clean_cache' from command line to 'False'
[0.564s] Level 5:colcon.colcon_core.verb:set package 'task1' build argument 'cmake_clean_first' from command line to 'False'
[0.565s] Level 5:colcon.colcon_core.verb:set package 'task1' build argument 'cmake_force_configure' from command line to 'False'
[0.565s] Level 5:colcon.colcon_core.verb:set package 'task1' build argument 'ament_cmake_args' from command line to 'None'
[0.565s] Level 5:colcon.colcon_core.verb:set package 'task1' build argument 'catkin_cmake_args' from command line to 'None'
[0.565s] Level 5:colcon.colcon_core.verb:set package 'task1' build argument 'catkin_skip_building_tests' from command line to 'False'
[0.565s] DEBUG:colcon.colcon_core.verb:Building package 'task1' with the following arguments: {'ament_cmake_args': None, 'build_base': '/home/felix/robo/robo_ai_turku_2025/ros2_ws/build/task1', 'catkin_cmake_args': None, 'catkin_skip_building_tests': False, 'cmake_args': None, 'cmake_clean_cache': False, 'cmake_clean_first': False, 'cmake_force_configure': False, 'cmake_target': None, 'cmake_target_skip_unavailable': False, 'install_base': '/home/felix/robo/robo_ai_turku_2025/ros2_ws/install/task1', 'merge_install': False, 'path': '/home/felix/robo/robo_ai_turku_2025/ros2_ws/src/task1', 'symlink_install': False, 'test_result_base': None}
[0.565s] Level 5:colcon.colcon_core.verb:set package 'lab01_task03' build argument 'cmake_args' from command line to 'None'
[0.565s] Level 5:colcon.colcon_core.verb:set package 'lab01_task03' build argument 'cmake_target' from command line to 'None'
[0.565s] Level 5:colcon.colcon_core.verb:set package 'lab01_task03' build argument 'cmake_target_skip_unavailable' from command line to 'False'
[0.565s] Level 5:colcon.colcon_core.verb:set package 'lab01_task03' build argument 'cmake_clean_cache' from command line to 'False'
[0.565s] Level 5:colcon.colcon_core.verb:set package 'lab01_task03' build argument 'cmake_clean_first' from command line to 'False'
[0.565s] Level 5:colcon.colcon_core.verb:set package 'lab01_task03' build argument 'cmake_force_configure' from command line to 'False'
[0.565s] Level 5:colcon.colcon_core.verb:set package 'lab01_task03' build argument 'ament_cmake_args' from command line to 'None'
[0.565s] Level 5:colcon.colcon_core.verb:set package 'lab01_task03' build argument 'catkin_cmake_args' from command line to 'None'
[0.565s] Level 5:colcon.colcon_core.verb:set package 'lab01_task03' build argument 'catkin_skip_building_tests' from command line to 'False'
[0.565s] DEBUG:colcon.colcon_core.verb:Building package 'lab01_task03' with the following arguments: {'ament_cmake_args': None, 'build_base': '/home/felix/robo/robo_ai_turku_2025/ros2_ws/build/lab01_task03', 'catkin_cmake_args': None, 'catkin_skip_building_tests': False, 'cmake_args': None, 'cmake_clean_cache': False, 'cmake_clean_first': False, 'cmake_force_configure': False, 'cmake_target': None, 'cmake_target_skip_unavailable': False, 'install_base': '/home/felix/robo/robo_ai_turku_2025/ros2_ws/install/lab01_task03', 'merge_install': False, 'path': '/home/felix/robo/robo_ai_turku_2025/ros2_ws/src/lab01_task03', 'symlink_install': False, 'test_result_base': None}
[0.566s] Level 5:colcon.colcon_core.verb:set package 'lab01_task05' build argument 'cmake_args' from command line to 'None'
[0.566s] Level 5:colcon.colcon_core.verb:set package 'lab01_task05' build argument 'cmake_target' from command line to 'None'
[0.566s] Level 5:colcon.colcon_core.verb:set package 'lab01_task05' build argument 'cmake_target_skip_unavailable' from command line to 'False'
[0.566s] Level 5:colcon.colcon_core.verb:set package 'lab01_task05' build argument 'cmake_clean_cache' from command line to 'False'
[0.566s] Level 5:colcon.colcon_core.verb:set package 'lab01_task05' build argument 'cmake_clean_first' from command line to 'False'
[0.566s] Level 5:colcon.colcon_core.verb:set package 'lab01_task05' build argument 'cmake_force_configure' from command line to 'False'
[0.566s] Level 5:colcon.colcon_core.verb:set package 'lab01_task05' build argument 'ament_cmake_args' from command line to 'None'
[0.566s] Level 5:colcon.colcon_core.verb:set package 'lab01_task05' build argument 'catkin_cmake_args' from command line to 'None'
[0.566s] Level 5:colcon.colcon_core.verb:set package 'lab01_task05' build argument 'catkin_skip_building_tests' from command line to 'False'
[0.566s] DEBUG:colcon.colcon_core.verb:Building package 'lab01_task05' with the following arguments: {'ament_cmake_args': None, 'build_base': '/home/felix/robo/robo_ai_turku_2025/ros2_ws/build/lab01_task05', 'catkin_cmake_args': None, 'catkin_skip_building_tests': False, 'cmake_args': None, 'cmake_clean_cache': False, 'cmake_clean_first': False, 'cmake_force_configure': False, 'cmake_target': None, 'cmake_target_skip_unavailable': False, 'install_base': '/home/felix/robo/robo_ai_turku_2025/ros2_ws/install/lab01_task05', 'merge_install': False, 'path': '/home/felix/robo/robo_ai_turku_2025/ros2_ws/src/lab01_task05', 'symlink_install': False, 'test_result_base': None}
[0.566s] INFO:colcon.colcon_core.executor:Executing jobs using 'parallel' executor
[0.568s] DEBUG:colcon.colcon_parallel_executor.executor.parallel:run_until_complete
[0.569s] INFO:colcon.colcon_ros.task.ament_cmake.build:Building ROS package in '/home/felix/robo/robo_ai_turku_2025/ros2_ws/src/custom_interface' with build type 'ament_cmake'
[0.570s] INFO:colcon.colcon_cmake.task.cmake.build:Building CMake package in '/home/felix/robo/robo_ai_turku_2025/ros2_ws/src/custom_interface'
[0.572s] INFO:colcon.colcon_core.plugin_system:Skipping extension 'colcon_core.shell.bat': Not used on non-Windows systems
[0.573s] INFO:colcon.colcon_core.shell:Skip shell extension 'powershell' for command environment: Not usable outside of PowerShell
[0.573s] DEBUG:colcon.colcon_core.shell:Skip shell extension 'dsv' for command environment
[0.579s] INFO:colcon.colcon_ros.task.ament_python.build:Building ROS package in '/home/felix/robo/robo_ai_turku_2025/ros2_ws/src/lab01_task01' with build type 'ament_python'
[0.579s] Level 1:colcon.colcon_core.shell:create_environment_hook('lab01_task01', 'ament_prefix_path')
[0.580s] INFO:colcon.colcon_core.shell:Creating environment hook '/home/felix/robo/robo_ai_turku_2025/ros2_ws/install/lab01_task01/share/lab01_task01/hook/ament_prefix_path.ps1'
[0.581s] INFO:colcon.colcon_core.shell:Creating environment descriptor '/home/felix/robo/robo_ai_turku_2025/ros2_ws/install/lab01_task01/share/lab01_task01/hook/ament_prefix_path.dsv'
[0.582s] INFO:colcon.colcon_core.shell:Creating environment hook '/home/felix/robo/robo_ai_turku_2025/ros2_ws/install/lab01_task01/share/lab01_task01/hook/ament_prefix_path.sh'
[0.582s] INFO:colcon.colcon_core.shell:Skip shell extension 'powershell' for command environment: Not usable outside of PowerShell
[0.583s] DEBUG:colcon.colcon_core.shell:Skip shell extension 'dsv' for command environment
[0.590s] INFO:colcon.colcon_ros.task.ament_python.build:Building ROS package in '/home/felix/robo/robo_ai_turku_2025/ros2_ws/src/lab01_task02' with build type 'ament_python'
[0.590s] Level 1:colcon.colcon_core.shell:create_environment_hook('lab01_task02', 'ament_prefix_path')
[0.590s] INFO:colcon.colcon_core.shell:Creating environment hook '/home/felix/robo/robo_ai_turku_2025/ros2_ws/install/lab01_task02/share/lab01_task02/hook/ament_prefix_path.ps1'
[0.591s] INFO:colcon.colcon_core.shell:Creating environment descriptor '/home/felix/robo/robo_ai_turku_2025/ros2_ws/install/lab01_task02/share/lab01_task02/hook/ament_prefix_path.dsv'
[0.591s] INFO:colcon.colcon_core.shell:Creating environment hook '/home/felix/robo/robo_ai_turku_2025/ros2_ws/install/lab01_task02/share/lab01_task02/hook/ament_prefix_path.sh'
[0.592s] INFO:colcon.colcon_core.shell:Skip shell extension 'powershell' for command environment: Not usable outside of PowerShell
[0.592s] DEBUG:colcon.colcon_core.shell:Skip shell extension 'dsv' for command environment
[0.599s] INFO:colcon.colcon_ros.task.ament_python.build:Building ROS package in '/home/felix/robo/robo_ai_turku_2025/ros2_ws/src/lab1_bringup' with build type 'ament_python'
[0.599s] Level 1:colcon.colcon_core.shell:create_environment_hook('lab1_bringup', 'ament_prefix_path')
[0.600s] INFO:colcon.colcon_core.shell:Creating environment hook '/home/felix/robo/robo_ai_turku_2025/ros2_ws/install/lab1_bringup/share/lab1_bringup/hook/ament_prefix_path.ps1'
[0.601s] INFO:colcon.colcon_core.shell:Creating environment descriptor '/home/felix/robo/robo_ai_turku_2025/ros2_ws/install/lab1_bringup/share/lab1_bringup/hook/ament_prefix_path.dsv'
[0.601s] INFO:colcon.colcon_core.shell:Creating environment hook '/home/felix/robo/robo_ai_turku_2025/ros2_ws/install/lab1_bringup/share/lab1_bringup/hook/ament_prefix_path.sh'
[0.602s] INFO:colcon.colcon_core.shell:Skip shell extension 'powershell' for command environment: Not usable outside of PowerShell
[0.602s] DEBUG:colcon.colcon_core.shell:Skip shell extension 'dsv' for command environment
[0.608s] INFO:colcon.colcon_ros.task.ament_python.build:Building ROS package in '/home/felix/robo/robo_ai_turku_2025/ros2_ws/src/task1' with build type 'ament_python'
[0.608s] Level 1:colcon.colcon_core.shell:create_environment_hook('task1', 'ament_prefix_path')
[0.609s] INFO:colcon.colcon_core.shell:Creating environment hook '/home/felix/robo/robo_ai_turku_2025/ros2_ws/install/task1/share/task1/hook/ament_prefix_path.ps1'
[0.609s] INFO:colcon.colcon_core.shell:Creating environment descriptor '/home/felix/robo/robo_ai_turku_2025/ros2_ws/install/task1/share/task1/hook/ament_prefix_path.dsv'
[0.610s] INFO:colcon.colcon_core.shell:Creating environment hook '/home/felix/robo/robo_ai_turku_2025/ros2_ws/install/task1/share/task1/hook/ament_prefix_path.sh'
[0.610s] INFO:colcon.colcon_core.shell:Skip shell extension 'powershell' for command environment: Not usable outside of PowerShell
[0.610s] DEBUG:colcon.colcon_core.shell:Skip shell extension 'dsv' for command environment
[0.623s] DEBUG:colcon.colcon_core.event_handler.log_command:Invoking command in '/home/felix/robo/robo_ai_turku_2025/ros2_ws/build/custom_interface': CMAKE_PREFIX_PATH=${CMAKE_PREFIX_PATH}:/home/felix/robo/robo_ai_turku_2025/install/task1:/home/felix/robo/robo_ai_turku_2025/install/lab1_bringup:/home/felix/robo/robo_ai_turku_2025/install/lab01_task05:/home/felix/robo/robo_ai_turku_2025/install/lab01_task03:/home/felix/robo/robo_ai_turku_2025/install/lab01_task02:/home/felix/robo/robo_ai_turku_2025/install/lab01_task01:/home/felix/robo/robo_ai_turku_2025/ros2_ws/install/lab01_task05:/home/felix/robo/robo_ai_turku_2025/ros2_ws/install/lab01_task03:/home/felix/robo/robo_ai_turku_2025/ros2_ws/install/lab01_task02:/home/felix/robo/robo_ai_turku_2025/ros2_ws/install/lab01_task01:/home/felix/robo/robo_ai_turku_2025/ros2_ws/install/lab1_bringup:/home/felix/robo/robo_ai_turku_2025/ros2_ws/install/task1:/opt/ros/humble /usr/bin/cmake --build /home/felix/robo/robo_ai_turku_2025/ros2_ws/build/custom_interface -- -j22 -l22
[0.944s] INFO:colcon.colcon_core.task.python.build:Building Python package in '/home/felix/robo/robo_ai_turku_2025/ros2_ws/src/lab01_task01'
[0.944s] INFO:colcon.colcon_core.shell:Skip shell extension 'powershell' for command environment: Not usable outside of PowerShell
[0.944s] DEBUG:colcon.colcon_core.shell:Skip shell extension 'dsv' for command environment
[1.256s] INFO:colcon.colcon_core.task.python.build:Building Python package in '/home/felix/robo/robo_ai_turku_2025/ros2_ws/src/lab01_task02'
[1.257s] INFO:colcon.colcon_core.shell:Skip shell extension 'powershell' for command environment: Not usable outside of PowerShell
[1.257s] DEBUG:colcon.colcon_core.shell:Skip shell extension 'dsv' for command environment
[1.559s] INFO:colcon.colcon_core.task.python.build:Building Python package in '/home/felix/robo/robo_ai_turku_2025/ros2_ws/src/lab1_bringup'
[1.560s] INFO:colcon.colcon_core.shell:Skip shell extension 'powershell' for command environment: Not usable outside of PowerShell
[1.560s] DEBUG:colcon.colcon_core.shell:Skip shell extension 'dsv' for command environment
[1.879s] INFO:colcon.colcon_core.task.python.build:Building Python package in '/home/felix/robo/robo_ai_turku_2025/ros2_ws/src/task1'
[1.879s] INFO:colcon.colcon_core.shell:Skip shell extension 'powershell' for command environment: Not usable outside of PowerShell
[1.879s] DEBUG:colcon.colcon_core.shell:Skip shell extension 'dsv' for command environment
[1.898s] DEBUG:colcon.colcon_core.event_handler.log_command:Invoked command in '/home/felix/robo/robo_ai_turku_2025/ros2_ws/build/custom_interface' returned '0': CMAKE_PREFIX_PATH=${CMAKE_PREFIX_PATH}:/home/felix/robo/robo_ai_turku_2025/install/task1:/home/felix/robo/robo_ai_turku_2025/install/lab1_bringup:/home/felix/robo/robo_ai_turku_2025/install/lab01_task05:/home/felix/robo/robo_ai_turku_2025/install/lab01_task03:/home/felix/robo/robo_ai_turku_2025/install/lab01_task02:/home/felix/robo/robo_ai_turku_2025/install/lab01_task01:/home/felix/robo/robo_ai_turku_2025/ros2_ws/install/lab01_task05:/home/felix/robo/robo_ai_turku_2025/ros2_ws/install/lab01_task03:/home/felix/robo/robo_ai_turku_2025/ros2_ws/install/lab01_task02:/home/felix/robo/robo_ai_turku_2025/ros2_ws/install/lab01_task01:/home/felix/robo/robo_ai_turku_2025/ros2_ws/install/lab1_bringup:/home/felix/robo/robo_ai_turku_2025/ros2_ws/install/task1:/opt/ros/humble /usr/bin/cmake --build /home/felix/robo/robo_ai_turku_2025/ros2_ws/build/custom_interface -- -j22 -l22
[1.916s] DEBUG:colcon.colcon_core.event_handler.log_command:Invoking command in '/home/felix/robo/robo_ai_turku_2025/ros2_ws/build/custom_interface': CMAKE_PREFIX_PATH=${CMAKE_PREFIX_PATH}:/home/felix/robo/robo_ai_turku_2025/install/task1:/home/felix/robo/robo_ai_turku_2025/install/lab1_bringup:/home/felix/robo/robo_ai_turku_2025/install/lab01_task05:/home/felix/robo/robo_ai_turku_2025/install/lab01_task03:/home/felix/robo/robo_ai_turku_2025/install/lab01_task02:/home/felix/robo/robo_ai_turku_2025/install/lab01_task01:/home/felix/robo/robo_ai_turku_2025/ros2_ws/install/lab01_task05:/home/felix/robo/robo_ai_turku_2025/ros2_ws/install/lab01_task03:/home/felix/robo/robo_ai_turku_2025/ros2_ws/install/lab01_task02:/home/felix/robo/robo_ai_turku_2025/ros2_ws/install/lab01_task01:/home/felix/robo/robo_ai_turku_2025/ros2_ws/install/lab1_bringup:/home/felix/robo/robo_ai_turku_2025/ros2_ws/install/task1:/opt/ros/humble /usr/bin/cmake --install /home/felix/robo/robo_ai_turku_2025/ros2_ws/build/custom_interface
[1.998s] Level 1:colcon.colcon_core.environment:create_environment_scripts_only(custom_interface)
[1.999s] DEBUG:colcon.colcon_core.event_handler.log_command:Invoked command in '/home/felix/robo/robo_ai_turku_2025/ros2_ws/build/custom_interface' returned '0': CMAKE_PREFIX_PATH=${CMAKE_PREFIX_PATH}:/home/felix/robo/robo_ai_turku_2025/install/task1:/home/felix/robo/robo_ai_turku_2025/install/lab1_bringup:/home/felix/robo/robo_ai_turku_2025/install/lab01_task05:/home/felix/robo/robo_ai_turku_2025/install/lab01_task03:/home/felix/robo/robo_ai_turku_2025/install/lab01_task02:/home/felix/robo/robo_ai_turku_2025/install/lab01_task01:/home/felix/robo/robo_ai_turku_2025/ros2_ws/install/lab01_task05:/home/felix/robo/robo_ai_turku_2025/ros2_ws/install/lab01_task03:/home/felix/robo/robo_ai_turku_2025/ros2_ws/install/lab01_task02:/home/felix/robo/robo_ai_turku_2025/ros2_ws/install/lab01_task01:/home/felix/robo/robo_ai_turku_2025/ros2_ws/install/lab1_bringup:/home/felix/robo/robo_ai_turku_2025/ros2_ws/install/task1:/opt/ros/humble /usr/bin/cmake --install /home/felix/robo/robo_ai_turku_2025/ros2_ws/build/custom_interface
[2.003s] Level 1:colcon.colcon_core.environment:checking '/home/felix/robo/robo_ai_turku_2025/ros2_ws/install/custom_interface' for CMake module files
[2.004s] Level 1:colcon.colcon_core.environment:checking '/home/felix/robo/robo_ai_turku_2025/ros2_ws/install/custom_interface' for CMake config files
[2.005s] Level 1:colcon.colcon_core.shell:create_environment_hook('custom_interface', 'cmake_prefix_path')
[2.005s] INFO:colcon.colcon_core.shell:Creating environment hook '/home/felix/robo/robo_ai_turku_2025/ros2_ws/install/custom_interface/share/custom_interface/hook/cmake_prefix_path.ps1'
[2.006s] INFO:colcon.colcon_core.shell:Creating environment descriptor '/home/felix/robo/robo_ai_turku_2025/ros2_ws/install/custom_interface/share/custom_interface/hook/cmake_prefix_path.dsv'
[2.007s] INFO:colcon.colcon_core.shell:Creating environment hook '/home/felix/robo/robo_ai_turku_2025/ros2_ws/install/custom_interface/share/custom_interface/hook/cmake_prefix_path.sh'
[2.009s] Level 1:colcon.colcon_core.environment:checking '/home/felix/robo/robo_ai_turku_2025/ros2_ws/install/custom_interface/lib'
[2.009s] Level 1:colcon.colcon_core.shell:create_environment_hook('custom_interface', 'ld_library_path_lib')
[2.010s] INFO:colcon.colcon_core.shell:Creating environment hook '/home/felix/robo/robo_ai_turku_2025/ros2_ws/install/custom_interface/share/custom_interface/hook/ld_library_path_lib.ps1'
[2.010s] INFO:colcon.colcon_core.shell:Creating environment descriptor '/home/felix/robo/robo_ai_turku_2025/ros2_ws/install/custom_interface/share/custom_interface/hook/ld_library_path_lib.dsv'
[2.011s] INFO:colcon.colcon_core.shell:Creating environment hook '/home/felix/robo/robo_ai_turku_2025/ros2_ws/install/custom_interface/share/custom_interface/hook/ld_library_path_lib.sh'
[2.012s] Level 1:colcon.colcon_core.environment:checking '/home/felix/robo/robo_ai_turku_2025/ros2_ws/install/custom_interface/bin'
[2.012s] Level 1:colcon.colcon_core.environment:checking '/home/felix/robo/robo_ai_turku_2025/ros2_ws/install/custom_interface/lib/pkgconfig/custom_interface.pc'
[2.012s] Level 1:colcon.colcon_core.environment:checking '/home/felix/robo/robo_ai_turku_2025/ros2_ws/install/custom_interface/lib/python3.10/site-packages'
[2.013s] Level 1:colcon.colcon_core.environment:checking '/home/felix/robo/robo_ai_turku_2025/ros2_ws/install/custom_interface/bin'
[2.013s] INFO:colcon.colcon_core.shell:Creating package script '/home/felix/robo/robo_ai_turku_2025/ros2_ws/install/custom_interface/share/custom_interface/package.ps1'
[2.015s] INFO:colcon.colcon_core.shell:Creating package descriptor '/home/felix/robo/robo_ai_turku_2025/ros2_ws/install/custom_interface/share/custom_interface/package.dsv'
[2.016s] INFO:colcon.colcon_core.shell:Creating package script '/home/felix/robo/robo_ai_turku_2025/ros2_ws/install/custom_interface/share/custom_interface/package.sh'
[2.017s] INFO:colcon.colcon_core.shell:Creating package script '/home/felix/robo/robo_ai_turku_2025/ros2_ws/install/custom_interface/share/custom_interface/package.bash'
[2.018s] INFO:colcon.colcon_core.shell:Creating package script '/home/felix/robo/robo_ai_turku_2025/ros2_ws/install/custom_interface/share/custom_interface/package.zsh'
[2.019s] Level 1:colcon.colcon_core.environment:create_file_with_runtime_dependencies(/home/felix/robo/robo_ai_turku_2025/ros2_ws/install/custom_interface/share/colcon-core/packages/custom_interface)
[2.020s] Level 1:colcon.colcon_core.environment:create_environment_scripts_only(custom_interface)
[2.020s] Level 1:colcon.colcon_core.environment:checking '/home/felix/robo/robo_ai_turku_2025/ros2_ws/install/custom_interface' for CMake module files
[2.020s] Level 1:colcon.colcon_core.environment:checking '/home/felix/robo/robo_ai_turku_2025/ros2_ws/install/custom_interface' for CMake config files
[2.021s] Level 1:colcon.colcon_core.shell:create_environment_hook('custom_interface', 'cmake_prefix_path')
[2.021s] INFO:colcon.colcon_core.shell:Creating environment hook '/home/felix/robo/robo_ai_turku_2025/ros2_ws/install/custom_interface/share/custom_interface/hook/cmake_prefix_path.ps1'
[2.022s] INFO:colcon.colcon_core.shell:Creating environment descriptor '/home/felix/robo/robo_ai_turku_2025/ros2_ws/install/custom_interface/share/custom_interface/hook/cmake_prefix_path.dsv'
[2.022s] INFO:colcon.colcon_core.shell:Creating environment hook '/home/felix/robo/robo_ai_turku_2025/ros2_ws/install/custom_interface/share/custom_interface/hook/cmake_prefix_path.sh'
[2.023s] Level 1:colcon.colcon_core.environment:checking '/home/felix/robo/robo_ai_turku_2025/ros2_ws/install/custom_interface/lib'
[2.023s] Level 1:colcon.colcon_core.shell:create_environment_hook('custom_interface', 'ld_library_path_lib')
[2.023s] INFO:colcon.colcon_core.shell:Creating environment hook '/home/felix/robo/robo_ai_turku_2025/ros2_ws/install/custom_interface/share/custom_interface/hook/ld_library_path_lib.ps1'
[2.024s] INFO:colcon.colcon_core.shell:Creating environment descriptor '/home/felix/robo/robo_ai_turku_2025/ros2_ws/install/custom_interface/share/custom_interface/hook/ld_library_path_lib.dsv'
[2.024s] INFO:colcon.colcon_core.shell:Creating environment hook '/home/felix/robo/robo_ai_turku_2025/ros2_ws/install/custom_interface/share/custom_interface/hook/ld_library_path_lib.sh'
[2.025s] Level 1:colcon.colcon_core.environment:checking '/home/felix/robo/robo_ai_turku_2025/ros2_ws/install/custom_interface/bin'
[2.025s] Level 1:colcon.colcon_core.environment:checking '/home/felix/robo/robo_ai_turku_2025/ros2_ws/install/custom_interface/lib/pkgconfig/custom_interface.pc'
[2.025s] Level 1:colcon.colcon_core.environment:checking '/home/felix/robo/robo_ai_turku_2025/ros2_ws/install/custom_interface/lib/python3.10/site-packages'
[2.026s] Level 1:colcon.colcon_core.environment:checking '/home/felix/robo/robo_ai_turku_2025/ros2_ws/install/custom_interface/bin'
[2.026s] INFO:colcon.colcon_core.shell:Creating package script '/home/felix/robo/robo_ai_turku_2025/ros2_ws/install/custom_interface/share/custom_interface/package.ps1'
[2.027s] INFO:colcon.colcon_core.shell:Creating package descriptor '/home/felix/robo/robo_ai_turku_2025/ros2_ws/install/custom_interface/share/custom_interface/package.dsv'
[2.027s] INFO:colcon.colcon_core.shell:Creating package script '/home/felix/robo/robo_ai_turku_2025/ros2_ws/install/custom_interface/share/custom_interface/package.sh'
[2.028s] INFO:colcon.colcon_core.shell:Creating package script '/home/felix/robo/robo_ai_turku_2025/ros2_ws/install/custom_interface/share/custom_interface/package.bash'
[2.028s] INFO:colcon.colcon_core.shell:Creating package script '/home/felix/robo/robo_ai_turku_2025/ros2_ws/install/custom_interface/share/custom_interface/package.zsh'
[2.029s] Level 1:colcon.colcon_core.environment:create_file_with_runtime_dependencies(/home/felix/robo/robo_ai_turku_2025/ros2_ws/install/custom_interface/share/colcon-core/packages/custom_interface)
[2.029s] INFO:colcon.colcon_ros.task.ament_python.build:Building ROS package in '/home/felix/robo/robo_ai_turku_2025/ros2_ws/src/lab01_task03' with build type 'ament_python'
[2.029s] Level 1:colcon.colcon_core.shell:create_environment_hook('lab01_task03', 'ament_prefix_path')
[2.029s] INFO:colcon.colcon_core.shell:Creating environment hook '/home/felix/robo/robo_ai_turku_2025/ros2_ws/install/lab01_task03/share/lab01_task03/hook/ament_prefix_path.ps1'
[2.031s] INFO:colcon.colcon_core.shell:Creating environment descriptor '/home/felix/robo/robo_ai_turku_2025/ros2_ws/install/lab01_task03/share/lab01_task03/hook/ament_prefix_path.dsv'
[2.032s] INFO:colcon.colcon_core.shell:Creating environment hook '/home/felix/robo/robo_ai_turku_2025/ros2_ws/install/lab01_task03/share/lab01_task03/hook/ament_prefix_path.sh'
[2.033s] INFO:colcon.colcon_core.shell:Skip shell extension 'powershell' for command environment: Not usable outside of PowerShell
[2.033s] DEBUG:colcon.colcon_core.shell:Skip shell extension 'dsv' for command environment
[2.041s] INFO:colcon.colcon_ros.task.ament_python.build:Building ROS package in '/home/felix/robo/robo_ai_turku_2025/ros2_ws/src/lab01_task05' with build type 'ament_python'
[2.042s] Level 1:colcon.colcon_core.shell:create_environment_hook('lab01_task05', 'ament_prefix_path')
[2.042s] INFO:colcon.colcon_core.shell:Creating environment hook '/home/felix/robo/robo_ai_turku_2025/ros2_ws/install/lab01_task05/share/lab01_task05/hook/ament_prefix_path.ps1'
[2.043s] INFO:colcon.colcon_core.shell:Creating environment descriptor '/home/felix/robo/robo_ai_turku_2025/ros2_ws/install/lab01_task05/share/lab01_task05/hook/ament_prefix_path.dsv'
[2.045s] INFO:colcon.colcon_core.shell:Creating environment hook '/home/felix/robo/robo_ai_turku_2025/ros2_ws/install/lab01_task05/share/lab01_task05/hook/ament_prefix_path.sh'
[2.050s] INFO:colcon.colcon_core.shell:Skip shell extension 'powershell' for command environment: Not usable outside of PowerShell
[2.050s] DEBUG:colcon.colcon_core.shell:Skip shell extension 'dsv' for command environment
[2.417s] INFO:colcon.colcon_core.task.python.build:Building Python package in '/home/felix/robo/robo_ai_turku_2025/ros2_ws/src/lab01_task03'
[2.417s] INFO:colcon.colcon_core.shell:Skip shell extension 'powershell' for command environment: Not usable outside of PowerShell
[2.417s] DEBUG:colcon.colcon_core.shell:Skip shell extension 'dsv' for command environment
[2.708s] INFO:colcon.colcon_core.task.python.build:Building Python package in '/home/felix/robo/robo_ai_turku_2025/ros2_ws/src/lab01_task05'
[2.709s] INFO:colcon.colcon_core.shell:Skip shell extension 'powershell' for command environment: Not usable outside of PowerShell
[2.709s] DEBUG:colcon.colcon_core.shell:Skip shell extension 'dsv' for command environment
[2.721s] DEBUG:colcon.colcon_core.event_handler.log_command:Invoking command in '/home/felix/robo/robo_ai_turku_2025/ros2_ws/src/lab01_task01': PYTHONPATH=/home/felix/robo/robo_ai_turku_2025/ros2_ws/build/lab01_task01/prefix_override:/usr/lib/python3/dist-packages/colcon_core/task/python/colcon_distutils_commands:/home/felix/robo/robo_ai_turku_2025/ros2_ws/install/lab01_task01/lib/python3.10/site-packages:${PYTHONPATH} /usr/bin/python3 -W ignore:setup.py install is deprecated -W ignore:easy_install command is deprecated setup.py egg_info --egg-base ../../build/lab01_task01 build --build-base /home/felix/robo/robo_ai_turku_2025/ros2_ws/build/lab01_task01/build install --record /home/felix/robo/robo_ai_turku_2025/ros2_ws/build/lab01_task01/install.log --single-version-externally-managed install_data
[2.723s] DEBUG:colcon.colcon_core.event_handler.log_command:Invoking command in '/home/felix/robo/robo_ai_turku_2025/ros2_ws/src/lab01_task02': PYTHONPATH=/home/felix/robo/robo_ai_turku_2025/ros2_ws/build/lab01_task02/prefix_override:/usr/lib/python3/dist-packages/colcon_core/task/python/colcon_distutils_commands:/home/felix/robo/robo_ai_turku_2025/ros2_ws/install/lab01_task02/lib/python3.10/site-packages:${PYTHONPATH} /usr/bin/python3 -W ignore:setup.py install is deprecated -W ignore:easy_install command is deprecated setup.py egg_info --egg-base ../../build/lab01_task02 build --build-base /home/felix/robo/robo_ai_turku_2025/ros2_ws/build/lab01_task02/build install --record /home/felix/robo/robo_ai_turku_2025/ros2_ws/build/lab01_task02/install.log --single-version-externally-managed install_data
[2.736s] DEBUG:colcon.colcon_core.event_handler.log_command:Invoking command in '/home/felix/robo/robo_ai_turku_2025/ros2_ws/src/lab1_bringup': PYTHONPATH=/home/felix/robo/robo_ai_turku_2025/ros2_ws/build/lab1_bringup/prefix_override:/usr/lib/python3/dist-packages/colcon_core/task/python/colcon_distutils_commands:/home/felix/robo/robo_ai_turku_2025/ros2_ws/install/lab1_bringup/lib/python3.10/site-packages:${PYTHONPATH} /usr/bin/python3 -W ignore:setup.py install is deprecated -W ignore:easy_install command is deprecated setup.py egg_info --egg-base ../../build/lab1_bringup build --build-base /home/felix/robo/robo_ai_turku_2025/ros2_ws/build/lab1_bringup/build install --record /home/felix/robo/robo_ai_turku_2025/ros2_ws/build/lab1_bringup/install.log --single-version-externally-managed install_data
[2.737s] DEBUG:colcon.colcon_core.event_handler.log_command:Invoking command in '/home/felix/robo/robo_ai_turku_2025/ros2_ws/src/task1': PYTHONPATH=/home/felix/robo/robo_ai_turku_2025/ros2_ws/build/task1/prefix_override:/usr/lib/python3/dist-packages/colcon_core/task/python/colcon_distutils_commands:/home/felix/robo/robo_ai_turku_2025/ros2_ws/install/task1/lib/python3.10/site-packages:${PYTHONPATH} /usr/bin/python3 -W ignore:setup.py install is deprecated -W ignore:easy_install command is deprecated setup.py egg_info --egg-base ../../build/task1 build --build-base /home/felix/robo/robo_ai_turku_2025/ros2_ws/build/task1/build install --record /home/felix/robo/robo_ai_turku_2025/ros2_ws/build/task1/install.log --single-version-externally-managed install_data
[3.099s] Level 1:colcon.colcon_core.environment:checking '/home/felix/robo/robo_ai_turku_2025/ros2_ws/install/lab01_task01' for CMake module files
[3.102s] DEBUG:colcon.colcon_core.event_handler.log_command:Invoked command in '/home/felix/robo/robo_ai_turku_2025/ros2_ws/src/lab01_task01' returned '0': PYTHONPATH=/home/felix/robo/robo_ai_turku_2025/ros2_ws/build/lab01_task01/prefix_override:/usr/lib/python3/dist-packages/colcon_core/task/python/colcon_distutils_commands:/home/felix/robo/robo_ai_turku_2025/ros2_ws/install/lab01_task01/lib/python3.10/site-packages:${PYTHONPATH} /usr/bin/python3 -W ignore:setup.py install is deprecated -W ignore:easy_install command is deprecated setup.py egg_info --egg-base ../../build/lab01_task01 build --build-base /home/felix/robo/robo_ai_turku_2025/ros2_ws/build/lab01_task01/build install --record /home/felix/robo/robo_ai_turku_2025/ros2_ws/build/lab01_task01/install.log --single-version-externally-managed install_data
[3.102s] Level 1:colcon.colcon_core.environment:checking '/home/felix/robo/robo_ai_turku_2025/ros2_ws/install/lab01_task01' for CMake config files
[3.102s] Level 1:colcon.colcon_core.environment:checking '/home/felix/robo/robo_ai_turku_2025/ros2_ws/install/lab01_task01/lib'
[3.103s] Level 1:colcon.colcon_core.environment:checking '/home/felix/robo/robo_ai_turku_2025/ros2_ws/install/lab01_task01/bin'
[3.103s] Level 1:colcon.colcon_core.environment:checking '/home/felix/robo/robo_ai_turku_2025/ros2_ws/install/lab01_task01/lib/pkgconfig/lab01_task01.pc'
[3.103s] Level 1:colcon.colcon_core.environment:checking '/home/felix/robo/robo_ai_turku_2025/ros2_ws/install/lab01_task01/lib/python3.10/site-packages'
[3.103s] Level 1:colcon.colcon_core.shell:create_environment_hook('lab01_task01', 'pythonpath')
[3.103s] INFO:colcon.colcon_core.shell:Creating environment hook '/home/felix/robo/robo_ai_turku_2025/ros2_ws/install/lab01_task01/share/lab01_task01/hook/pythonpath.ps1'
[3.104s] INFO:colcon.colcon_core.shell:Creating environment descriptor '/home/felix/robo/robo_ai_turku_2025/ros2_ws/install/lab01_task01/share/lab01_task01/hook/pythonpath.dsv'
[3.104s] INFO:colcon.colcon_core.shell:Creating environment hook '/home/felix/robo/robo_ai_turku_2025/ros2_ws/install/lab01_task01/share/lab01_task01/hook/pythonpath.sh'
[3.105s] Level 1:colcon.colcon_core.environment:checking '/home/felix/robo/robo_ai_turku_2025/ros2_ws/install/lab01_task01/bin'
[3.105s] Level 1:colcon.colcon_core.environment:create_environment_scripts_only(lab01_task01)
[3.105s] INFO:colcon.colcon_core.shell:Creating package script '/home/felix/robo/robo_ai_turku_2025/ros2_ws/install/lab01_task01/share/lab01_task01/package.ps1'
[3.106s] INFO:colcon.colcon_core.shell:Creating package descriptor '/home/felix/robo/robo_ai_turku_2025/ros2_ws/install/lab01_task01/share/lab01_task01/package.dsv'
[3.106s] INFO:colcon.colcon_core.shell:Creating package script '/home/felix/robo/robo_ai_turku_2025/ros2_ws/install/lab01_task01/share/lab01_task01/package.sh'
[3.106s] INFO:colcon.colcon_core.shell:Creating package script '/home/felix/robo/robo_ai_turku_2025/ros2_ws/install/lab01_task01/share/lab01_task01/package.bash'
[3.107s] INFO:colcon.colcon_core.shell:Creating package script '/home/felix/robo/robo_ai_turku_2025/ros2_ws/install/lab01_task01/share/lab01_task01/package.zsh'
[3.108s] Level 1:colcon.colcon_core.environment:create_file_with_runtime_dependencies(/home/felix/robo/robo_ai_turku_2025/ros2_ws/install/lab01_task01/share/colcon-core/packages/lab01_task01)
[3.111s] Level 1:colcon.colcon_core.environment:checking '/home/felix/robo/robo_ai_turku_2025/ros2_ws/install/lab1_bringup' for CMake module files
[3.112s] DEBUG:colcon.colcon_core.event_handler.log_command:Invoked command in '/home/felix/robo/robo_ai_turku_2025/ros2_ws/src/lab1_bringup' returned '0': PYTHONPATH=/home/felix/robo/robo_ai_turku_2025/ros2_ws/build/lab1_bringup/prefix_override:/usr/lib/python3/dist-packages/colcon_core/task/python/colcon_distutils_commands:/home/felix/robo/robo_ai_turku_2025/ros2_ws/install/lab1_bringup/lib/python3.10/site-packages:${PYTHONPATH} /usr/bin/python3 -W ignore:setup.py install is deprecated -W ignore:easy_install command is deprecated setup.py egg_info --egg-base ../../build/lab1_bringup build --build-base /home/felix/robo/robo_ai_turku_2025/ros2_ws/build/lab1_bringup/build install --record /home/felix/robo/robo_ai_turku_2025/ros2_ws/build/lab1_bringup/install.log --single-version-externally-managed install_data
[3.113s] Level 1:colcon.colcon_core.environment:checking '/home/felix/robo/robo_ai_turku_2025/ros2_ws/install/lab1_bringup' for CMake config files
[3.113s] Level 1:colcon.colcon_core.environment:checking '/home/felix/robo/robo_ai_turku_2025/ros2_ws/install/lab1_bringup/lib'
[3.113s] Level 1:colcon.colcon_core.environment:checking '/home/felix/robo/robo_ai_turku_2025/ros2_ws/install/lab1_bringup/bin'
[3.113s] Level 1:colcon.colcon_core.environment:checking '/home/felix/robo/robo_ai_turku_2025/ros2_ws/install/lab1_bringup/lib/pkgconfig/lab1_bringup.pc'
[3.114s] Level 1:colcon.colcon_core.environment:checking '/home/felix/robo/robo_ai_turku_2025/ros2_ws/install/lab1_bringup/lib/python3.10/site-packages'
[3.114s] Level 1:colcon.colcon_core.shell:create_environment_hook('lab1_bringup', 'pythonpath')
[3.114s] INFO:colcon.colcon_core.shell:Creating environment hook '/home/felix/robo/robo_ai_turku_2025/ros2_ws/install/lab1_bringup/share/lab1_bringup/hook/pythonpath.ps1'
[3.114s] INFO:colcon.colcon_core.shell:Creating environment descriptor '/home/felix/robo/robo_ai_turku_2025/ros2_ws/install/lab1_bringup/share/lab1_bringup/hook/pythonpath.dsv'
[3.115s] INFO:colcon.colcon_core.shell:Creating environment hook '/home/felix/robo/robo_ai_turku_2025/ros2_ws/install/lab1_bringup/share/lab1_bringup/hook/pythonpath.sh'
[3.115s] Level 1:colcon.colcon_core.environment:checking '/home/felix/robo/robo_ai_turku_2025/ros2_ws/install/lab1_bringup/bin'
[3.116s] Level 1:colcon.colcon_core.environment:create_environment_scripts_only(lab1_bringup)
[3.116s] INFO:colcon.colcon_core.shell:Creating package script '/home/felix/robo/robo_ai_turku_2025/ros2_ws/install/lab1_bringup/share/lab1_bringup/package.ps1'
[3.118s] INFO:colcon.colcon_core.shell:Creating package descriptor '/home/felix/robo/robo_ai_turku_2025/ros2_ws/install/lab1_bringup/share/lab1_bringup/package.dsv'
[3.120s] INFO:colcon.colcon_core.shell:Creating package script '/home/felix/robo/robo_ai_turku_2025/ros2_ws/install/lab1_bringup/share/lab1_bringup/package.sh'
[3.120s] INFO:colcon.colcon_core.shell:Creating package script '/home/felix/robo/robo_ai_turku_2025/ros2_ws/install/lab1_bringup/share/lab1_bringup/package.bash'
[3.121s] INFO:colcon.colcon_core.shell:Creating package script '/home/felix/robo/robo_ai_turku_2025/ros2_ws/install/lab1_bringup/share/lab1_bringup/package.zsh'
[3.121s] Level 1:colcon.colcon_core.environment:create_file_with_runtime_dependencies(/home/felix/robo/robo_ai_turku_2025/ros2_ws/install/lab1_bringup/share/colcon-core/packages/lab1_bringup)
[3.149s] Level 1:colcon.colcon_core.environment:checking '/home/felix/robo/robo_ai_turku_2025/ros2_ws/install/task1' for CMake module files
[3.150s] DEBUG:colcon.colcon_core.event_handler.log_command:Invoked command in '/home/felix/robo/robo_ai_turku_2025/ros2_ws/src/task1' returned '0': PYTHONPATH=/home/felix/robo/robo_ai_turku_2025/ros2_ws/build/task1/prefix_override:/usr/lib/python3/dist-packages/colcon_core/task/python/colcon_distutils_commands:/home/felix/robo/robo_ai_turku_2025/ros2_ws/install/task1/lib/python3.10/site-packages:${PYTHONPATH} /usr/bin/python3 -W ignore:setup.py install is deprecated -W ignore:easy_install command is deprecated setup.py egg_info --egg-base ../../build/task1 build --build-base /home/felix/robo/robo_ai_turku_2025/ros2_ws/build/task1/build install --record /home/felix/robo/robo_ai_turku_2025/ros2_ws/build/task1/install.log --single-version-externally-managed install_data
[3.150s] Level 1:colcon.colcon_core.environment:checking '/home/felix/robo/robo_ai_turku_2025/ros2_ws/install/task1' for CMake config files
[3.151s] Level 1:colcon.colcon_core.environment:checking '/home/felix/robo/robo_ai_turku_2025/ros2_ws/install/task1/lib'
[3.151s] Level 1:colcon.colcon_core.environment:checking '/home/felix/robo/robo_ai_turku_2025/ros2_ws/install/task1/bin'
[3.151s] Level 1:colcon.colcon_core.environment:checking '/home/felix/robo/robo_ai_turku_2025/ros2_ws/install/task1/lib/pkgconfig/task1.pc'
[3.151s] Level 1:colcon.colcon_core.environment:checking '/home/felix/robo/robo_ai_turku_2025/ros2_ws/install/task1/lib/python3.10/site-packages'
[3.151s] Level 1:colcon.colcon_core.shell:create_environment_hook('task1', 'pythonpath')
[3.151s] INFO:colcon.colcon_core.shell:Creating environment hook '/home/felix/robo/robo_ai_turku_2025/ros2_ws/install/task1/share/task1/hook/pythonpath.ps1'
[3.152s] INFO:colcon.colcon_core.shell:Creating environment descriptor '/home/felix/robo/robo_ai_turku_2025/ros2_ws/install/task1/share/task1/hook/pythonpath.dsv'
[3.152s] INFO:colcon.colcon_core.shell:Creating environment hook '/home/felix/robo/robo_ai_turku_2025/ros2_ws/install/task1/share/task1/hook/pythonpath.sh'
[3.153s] Level 1:colcon.colcon_core.environment:checking '/home/felix/robo/robo_ai_turku_2025/ros2_ws/install/task1/bin'
[3.153s] Level 1:colcon.colcon_core.environment:create_environment_scripts_only(task1)
[3.154s] INFO:colcon.colcon_core.shell:Creating package script '/home/felix/robo/robo_ai_turku_2025/ros2_ws/install/task1/share/task1/package.ps1'
[3.154s] INFO:colcon.colcon_core.shell:Creating package descriptor '/home/felix/robo/robo_ai_turku_2025/ros2_ws/install/task1/share/task1/package.dsv'
[3.155s] INFO:colcon.colcon_core.shell:Creating package script '/home/felix/robo/robo_ai_turku_2025/ros2_ws/install/task1/share/task1/package.sh'
[3.155s] INFO:colcon.colcon_core.shell:Creating package script '/home/felix/robo/robo_ai_turku_2025/ros2_ws/install/task1/share/task1/package.bash'
[3.156s] INFO:colcon.colcon_core.shell:Creating package script '/home/felix/robo/robo_ai_turku_2025/ros2_ws/install/task1/share/task1/package.zsh'
[3.156s] Level 1:colcon.colcon_core.environment:create_file_with_runtime_dependencies(/home/felix/robo/robo_ai_turku_2025/ros2_ws/install/task1/share/colcon-core/packages/task1)
[3.185s] Level 1:colcon.colcon_core.environment:checking '/home/felix/robo/robo_ai_turku_2025/ros2_ws/install/lab01_task02' for CMake module files
[3.185s] DEBUG:colcon.colcon_core.event_handler.log_command:Invoked command in '/home/felix/robo/robo_ai_turku_2025/ros2_ws/src/lab01_task02' returned '0': PYTHONPATH=/home/felix/robo/robo_ai_turku_2025/ros2_ws/build/lab01_task02/prefix_override:/usr/lib/python3/dist-packages/colcon_core/task/python/colcon_distutils_commands:/home/felix/robo/robo_ai_turku_2025/ros2_ws/install/lab01_task02/lib/python3.10/site-packages:${PYTHONPATH} /usr/bin/python3 -W ignore:setup.py install is deprecated -W ignore:easy_install command is deprecated setup.py egg_info --egg-base ../../build/lab01_task02 build --build-base /home/felix/robo/robo_ai_turku_2025/ros2_ws/build/lab01_task02/build install --record /home/felix/robo/robo_ai_turku_2025/ros2_ws/build/lab01_task02/install.log --single-version-externally-managed install_data
[3.186s] Level 1:colcon.colcon_core.environment:checking '/home/felix/robo/robo_ai_turku_2025/ros2_ws/install/lab01_task02' for CMake config files
[3.186s] Level 1:colcon.colcon_core.environment:checking '/home/felix/robo/robo_ai_turku_2025/ros2_ws/install/lab01_task02/lib'
[3.186s] Level 1:colcon.colcon_core.environment:checking '/home/felix/robo/robo_ai_turku_2025/ros2_ws/install/lab01_task02/bin'
[3.186s] Level 1:colcon.colcon_core.environment:checking '/home/felix/robo/robo_ai_turku_2025/ros2_ws/install/lab01_task02/lib/pkgconfig/lab01_task02.pc'
[3.187s] Level 1:colcon.colcon_core.environment:checking '/home/felix/robo/robo_ai_turku_2025/ros2_ws/install/lab01_task02/lib/python3.10/site-packages'
[3.187s] Level 1:colcon.colcon_core.shell:create_environment_hook('lab01_task02', 'pythonpath')
[3.187s] INFO:colcon.colcon_core.shell:Creating environment hook '/home/felix/robo/robo_ai_turku_2025/ros2_ws/install/lab01_task02/share/lab01_task02/hook/pythonpath.ps1'
[3.188s] INFO:colcon.colcon_core.shell:Creating environment descriptor '/home/felix/robo/robo_ai_turku_2025/ros2_ws/install/lab01_task02/share/lab01_task02/hook/pythonpath.dsv'
[3.188s] INFO:colcon.colcon_core.shell:Creating environment hook '/home/felix/robo/robo_ai_turku_2025/ros2_ws/install/lab01_task02/share/lab01_task02/hook/pythonpath.sh'
[3.189s] Level 1:colcon.colcon_core.environment:checking '/home/felix/robo/robo_ai_turku_2025/ros2_ws/install/lab01_task02/bin'
[3.189s] Level 1:colcon.colcon_core.environment:create_environment_scripts_only(lab01_task02)
[3.189s] INFO:colcon.colcon_core.shell:Creating package script '/home/felix/robo/robo_ai_turku_2025/ros2_ws/install/lab01_task02/share/lab01_task02/package.ps1'
[3.190s] INFO:colcon.colcon_core.shell:Creating package descriptor '/home/felix/robo/robo_ai_turku_2025/ros2_ws/install/lab01_task02/share/lab01_task02/package.dsv'
[3.190s] INFO:colcon.colcon_core.shell:Creating package script '/home/felix/robo/robo_ai_turku_2025/ros2_ws/install/lab01_task02/share/lab01_task02/package.sh'
[3.191s] INFO:colcon.colcon_core.shell:Creating package script '/home/felix/robo/robo_ai_turku_2025/ros2_ws/install/lab01_task02/share/lab01_task02/package.bash'
[3.191s] INFO:colcon.colcon_core.shell:Creating package script '/home/felix/robo/robo_ai_turku_2025/ros2_ws/install/lab01_task02/share/lab01_task02/package.zsh'
[3.192s] Level 1:colcon.colcon_core.environment:create_file_with_runtime_dependencies(/home/felix/robo/robo_ai_turku_2025/ros2_ws/install/lab01_task02/share/colcon-core/packages/lab01_task02)
[3.214s] DEBUG:colcon.colcon_core.event_handler.log_command:Invoking command in '/home/felix/robo/robo_ai_turku_2025/ros2_ws/src/lab01_task03': CMAKE_PREFIX_PATH=/home/felix/robo/robo_ai_turku_2025/ros2_ws/install/custom_interface:/home/felix/robo/robo_ai_turku_2025/install/custom_interface:/home/felix/robo/robo_ai_turku_2025/ros2_ws/src/custom_interface/install/custom_interface LD_LIBRARY_PATH=/home/felix/robo/robo_ai_turku_2025/ros2_ws/install/custom_interface/lib:/home/felix/robo/robo_ai_turku_2025/install/custom_interface/lib:/home/felix/robo/robo_ai_turku_2025/ros2_ws/src/custom_interface/install/custom_interface/lib:/opt/ros/humble/opt/rviz_ogre_vendor/lib:/opt/ros/humble/lib/x86_64-linux-gnu:/opt/ros/humble/lib PYTHONPATH=/home/felix/robo/robo_ai_turku_2025/ros2_ws/build/lab01_task03/prefix_override:/usr/lib/python3/dist-packages/colcon_core/task/python/colcon_distutils_commands:/home/felix/robo/robo_ai_turku_2025/ros2_ws/install/lab01_task03/lib/python3.10/site-packages:${PYTHONPATH} /usr/bin/python3 -W ignore:setup.py install is deprecated -W ignore:easy_install command is deprecated setup.py egg_info --egg-base ../../build/lab01_task03 build --build-base /home/felix/robo/robo_ai_turku_2025/ros2_ws/build/lab01_task03/build install --record /home/felix/robo/robo_ai_turku_2025/ros2_ws/build/lab01_task03/install.log --single-version-externally-managed install_data
[3.339s] DEBUG:colcon.colcon_core.event_handler.log_command:Invoking command in '/home/felix/robo/robo_ai_turku_2025/ros2_ws/src/lab01_task05': CMAKE_PREFIX_PATH=/home/felix/robo/robo_ai_turku_2025/ros2_ws/install/custom_interface:/home/felix/robo/robo_ai_turku_2025/install/custom_interface:/home/felix/robo/robo_ai_turku_2025/ros2_ws/src/custom_interface/install/custom_interface LD_LIBRARY_PATH=/home/felix/robo/robo_ai_turku_2025/ros2_ws/install/custom_interface/lib:/home/felix/robo/robo_ai_turku_2025/install/custom_interface/lib:/home/felix/robo/robo_ai_turku_2025/ros2_ws/src/custom_interface/install/custom_interface/lib:/opt/ros/humble/opt/rviz_ogre_vendor/lib:/opt/ros/humble/lib/x86_64-linux-gnu:/opt/ros/humble/lib PYTHONPATH=/home/felix/robo/robo_ai_turku_2025/ros2_ws/build/lab01_task05/prefix_override:/usr/lib/python3/dist-packages/colcon_core/task/python/colcon_distutils_commands:/home/felix/robo/robo_ai_turku_2025/ros2_ws/install/lab01_task05/lib/python3.10/site-packages:${PYTHONPATH} /usr/bin/python3 -W ignore:setup.py install is deprecated -W ignore:easy_install command is deprecated setup.py egg_info --egg-base ../../build/lab01_task05 build --build-base /home/felix/robo/robo_ai_turku_2025/ros2_ws/build/lab01_task05/build install --record /home/felix/robo/robo_ai_turku_2025/ros2_ws/build/lab01_task05/install.log --single-version-externally-managed install_data
[3.550s] Level 1:colcon.colcon_core.environment:checking '/home/felix/robo/robo_ai_turku_2025/ros2_ws/install/lab01_task03' for CMake module files
[3.551s] DEBUG:colcon.colcon_core.event_handler.log_command:Invoked command in '/home/felix/robo/robo_ai_turku_2025/ros2_ws/src/lab01_task03' returned '0': CMAKE_PREFIX_PATH=/home/felix/robo/robo_ai_turku_2025/ros2_ws/install/custom_interface:/home/felix/robo/robo_ai_turku_2025/install/custom_interface:/home/felix/robo/robo_ai_turku_2025/ros2_ws/src/custom_interface/install/custom_interface LD_LIBRARY_PATH=/home/felix/robo/robo_ai_turku_2025/ros2_ws/install/custom_interface/lib:/home/felix/robo/robo_ai_turku_2025/install/custom_interface/lib:/home/felix/robo/robo_ai_turku_2025/ros2_ws/src/custom_interface/install/custom_interface/lib:/opt/ros/humble/opt/rviz_ogre_vendor/lib:/opt/ros/humble/lib/x86_64-linux-gnu:/opt/ros/humble/lib PYTHONPATH=/home/felix/robo/robo_ai_turku_2025/ros2_ws/build/lab01_task03/prefix_override:/usr/lib/python3/dist-packages/colcon_core/task/python/colcon_distutils_commands:/home/felix/robo/robo_ai_turku_2025/ros2_ws/install/lab01_task03/lib/python3.10/site-packages:${PYTHONPATH} /usr/bin/python3 -W ignore:setup.py install is deprecated -W ignore:easy_install command is deprecated setup.py egg_info --egg-base ../../build/lab01_task03 build --build-base /home/felix/robo/robo_ai_turku_2025/ros2_ws/build/lab01_task03/build install --record /home/felix/robo/robo_ai_turku_2025/ros2_ws/build/lab01_task03/install.log --single-version-externally-managed install_data
[3.552s] Level 1:colcon.colcon_core.environment:checking '/home/felix/robo/robo_ai_turku_2025/ros2_ws/install/lab01_task03' for CMake config files
[3.553s] Level 1:colcon.colcon_core.environment:checking '/home/felix/robo/robo_ai_turku_2025/ros2_ws/install/lab01_task03/lib'
[3.553s] Level 1:colcon.colcon_core.environment:checking '/home/felix/robo/robo_ai_turku_2025/ros2_ws/install/lab01_task03/bin'
[3.553s] Level 1:colcon.colcon_core.environment:checking '/home/felix/robo/robo_ai_turku_2025/ros2_ws/install/lab01_task03/lib/pkgconfig/lab01_task03.pc'
[3.553s] Level 1:colcon.colcon_core.environment:checking '/home/felix/robo/robo_ai_turku_2025/ros2_ws/install/lab01_task03/lib/python3.10/site-packages'
[3.553s] Level 1:colcon.colcon_core.shell:create_environment_hook('lab01_task03', 'pythonpath')
[3.554s] INFO:colcon.colcon_core.shell:Creating environment hook '/home/felix/robo/robo_ai_turku_2025/ros2_ws/install/lab01_task03/share/lab01_task03/hook/pythonpath.ps1'
[3.554s] INFO:colcon.colcon_core.shell:Creating environment descriptor '/home/felix/robo/robo_ai_turku_2025/ros2_ws/install/lab01_task03/share/lab01_task03/hook/pythonpath.dsv'
[3.555s] INFO:colcon.colcon_core.shell:Creating environment hook '/home/felix/robo/robo_ai_turku_2025/ros2_ws/install/lab01_task03/share/lab01_task03/hook/pythonpath.sh'
[3.556s] Level 1:colcon.colcon_core.environment:checking '/home/felix/robo/robo_ai_turku_2025/ros2_ws/install/lab01_task03/bin'
[3.556s] Level 1:colcon.colcon_core.environment:create_environment_scripts_only(lab01_task03)
[3.556s] INFO:colcon.colcon_core.shell:Creating package script '/home/felix/robo/robo_ai_turku_2025/ros2_ws/install/lab01_task03/share/lab01_task03/package.ps1'
[3.557s] INFO:colcon.colcon_core.shell:Creating package descriptor '/home/felix/robo/robo_ai_turku_2025/ros2_ws/install/lab01_task03/share/lab01_task03/package.dsv'
[3.558s] INFO:colcon.colcon_core.shell:Creating package script '/home/felix/robo/robo_ai_turku_2025/ros2_ws/install/lab01_task03/share/lab01_task03/package.sh'
[3.558s] INFO:colcon.colcon_core.shell:Creating package script '/home/felix/robo/robo_ai_turku_2025/ros2_ws/install/lab01_task03/share/lab01_task03/package.bash'
[3.559s] INFO:colcon.colcon_core.shell:Creating package script '/home/felix/robo/robo_ai_turku_2025/ros2_ws/install/lab01_task03/share/lab01_task03/package.zsh'
[3.559s] Level 1:colcon.colcon_core.environment:create_file_with_runtime_dependencies(/home/felix/robo/robo_ai_turku_2025/ros2_ws/install/lab01_task03/share/colcon-core/packages/lab01_task03)
[3.691s] Level 1:colcon.colcon_core.environment:checking '/home/felix/robo/robo_ai_turku_2025/ros2_ws/install/lab01_task05' for CMake module files
[3.692s] DEBUG:colcon.colcon_core.event_handler.log_command:Invoked command in '/home/felix/robo/robo_ai_turku_2025/ros2_ws/src/lab01_task05' returned '0': CMAKE_PREFIX_PATH=/home/felix/robo/robo_ai_turku_2025/ros2_ws/install/custom_interface:/home/felix/robo/robo_ai_turku_2025/install/custom_interface:/home/felix/robo/robo_ai_turku_2025/ros2_ws/src/custom_interface/install/custom_interface LD_LIBRARY_PATH=/home/felix/robo/robo_ai_turku_2025/ros2_ws/install/custom_interface/lib:/home/felix/robo/robo_ai_turku_2025/install/custom_interface/lib:/home/felix/robo/robo_ai_turku_2025/ros2_ws/src/custom_interface/install/custom_interface/lib:/opt/ros/humble/opt/rviz_ogre_vendor/lib:/opt/ros/humble/lib/x86_64-linux-gnu:/opt/ros/humble/lib PYTHONPATH=/home/felix/robo/robo_ai_turku_2025/ros2_ws/build/lab01_task05/prefix_override:/usr/lib/python3/dist-packages/colcon_core/task/python/colcon_distutils_commands:/home/felix/robo/robo_ai_turku_2025/ros2_ws/install/lab01_task05/lib/python3.10/site-packages:${PYTHONPATH} /usr/bin/python3 -W ignore:setup.py install is deprecated -W ignore:easy_install command is deprecated setup.py egg_info --egg-base ../../build/lab01_task05 build --build-base /home/felix/robo/robo_ai_turku_2025/ros2_ws/build/lab01_task05/build install --record /home/felix/robo/robo_ai_turku_2025/ros2_ws/build/lab01_task05/install.log --single-version-externally-managed install_data
[3.693s] Level 1:colcon.colcon_core.environment:checking '/home/felix/robo/robo_ai_turku_2025/ros2_ws/install/lab01_task05' for CMake config files
[3.693s] Level 1:colcon.colcon_core.environment:checking '/home/felix/robo/robo_ai_turku_2025/ros2_ws/install/lab01_task05/lib'
[3.694s] Level 1:colcon.colcon_core.environment:checking '/home/felix/robo/robo_ai_turku_2025/ros2_ws/install/lab01_task05/bin'
[3.694s] Level 1:colcon.colcon_core.environment:checking '/home/felix/robo/robo_ai_turku_2025/ros2_ws/install/lab01_task05/lib/pkgconfig/lab01_task05.pc'
[3.694s] Level 1:colcon.colcon_core.environment:checking '/home/felix/robo/robo_ai_turku_2025/ros2_ws/install/lab01_task05/lib/python3.10/site-packages'
[3.694s] Level 1:colcon.colcon_core.shell:create_environment_hook('lab01_task05', 'pythonpath')
[3.694s] INFO:colcon.colcon_core.shell:Creating environment hook '/home/felix/robo/robo_ai_turku_2025/ros2_ws/install/lab01_task05/share/lab01_task05/hook/pythonpath.ps1'
[3.695s] INFO:colcon.colcon_core.shell:Creating environment descriptor '/home/felix/robo/robo_ai_turku_2025/ros2_ws/install/lab01_task05/share/lab01_task05/hook/pythonpath.dsv'
[3.696s] INFO:colcon.colcon_core.shell:Creating environment hook '/home/felix/robo/robo_ai_turku_2025/ros2_ws/install/lab01_task05/share/lab01_task05/hook/pythonpath.sh'
[3.697s] Level 1:colcon.colcon_core.environment:checking '/home/felix/robo/robo_ai_turku_2025/ros2_ws/install/lab01_task05/bin'
[3.697s] Level 1:colcon.colcon_core.environment:create_environment_scripts_only(lab01_task05)
[3.697s] INFO:colcon.colcon_core.shell:Creating package script '/home/felix/robo/robo_ai_turku_2025/ros2_ws/install/lab01_task05/share/lab01_task05/package.ps1'
[3.698s] INFO:colcon.colcon_core.shell:Creating package descriptor '/home/felix/robo/robo_ai_turku_2025/ros2_ws/install/lab01_task05/share/lab01_task05/package.dsv'
[3.699s] INFO:colcon.colcon_core.shell:Creating package script '/home/felix/robo/robo_ai_turku_2025/ros2_ws/install/lab01_task05/share/lab01_task05/package.sh'
[3.699s] INFO:colcon.colcon_core.shell:Creating package script '/home/felix/robo/robo_ai_turku_2025/ros2_ws/install/lab01_task05/share/lab01_task05/package.bash'
[3.700s] INFO:colcon.colcon_core.shell:Creating package script '/home/felix/robo/robo_ai_turku_2025/ros2_ws/install/lab01_task05/share/lab01_task05/package.zsh'
[3.700s] Level 1:colcon.colcon_core.environment:create_file_with_runtime_dependencies(/home/felix/robo/robo_ai_turku_2025/ros2_ws/install/lab01_task05/share/colcon-core/packages/lab01_task05)
[3.701s] DEBUG:colcon.colcon_parallel_executor.executor.parallel:closing loop
[3.702s] DEBUG:colcon.colcon_parallel_executor.executor.parallel:loop closed
[3.703s] DEBUG:colcon.colcon_parallel_executor.executor.parallel:run_until_complete finished with '0'
[3.703s] DEBUG:colcon.colcon_core.event_reactor:joining thread
[3.761s] INFO:colcon.colcon_core.plugin_system:Skipping extension 'colcon_notification.desktop_notification.notify_send': Could not find 'notify-send'
[3.761s] INFO:colcon.colcon_core.plugin_system:Skipping extension 'colcon_notification.desktop_notification.terminal_notifier': Not used on non-Darwin systems
[3.762s] INFO:colcon.colcon_core.plugin_system:Skipping extension 'colcon_notification.desktop_notification.win32': Not used on non-Windows systems
[3.762s] INFO:colcon.colcon_notification.desktop_notification:Sending desktop notification using 'notify2'
[3.762s] DEBUG:colcon.colcon_notification.desktop_notification.notify2:Failed to initialize notify2: org.freedesktop.DBus.Error.FileNotFound: Failed to connect to socket /run/user/1000/bus: No such file or directory
[3.762s] DEBUG:colcon.colcon_core.event_reactor:joined thread
[3.763s] INFO:colcon.colcon_core.shell:Creating prefix script '/home/felix/robo/robo_ai_turku_2025/ros2_ws/install/local_setup.ps1'
[3.764s] INFO:colcon.colcon_core.shell:Creating prefix util module '/home/felix/robo/robo_ai_turku_2025/ros2_ws/install/_local_setup_util_ps1.py'
[3.766s] INFO:colcon.colcon_core.shell:Creating prefix chain script '/home/felix/robo/robo_ai_turku_2025/ros2_ws/install/setup.ps1'
[3.768s] INFO:colcon.colcon_core.shell:Creating prefix script '/home/felix/robo/robo_ai_turku_2025/ros2_ws/install/local_setup.sh'
[3.769s] INFO:colcon.colcon_core.shell:Creating prefix util module '/home/felix/robo/robo_ai_turku_2025/ros2_ws/install/_local_setup_util_sh.py'
[3.770s] INFO:colcon.colcon_core.shell:Creating prefix chain script '/home/felix/robo/robo_ai_turku_2025/ros2_ws/install/setup.sh'
[3.771s] INFO:colcon.colcon_core.shell:Creating prefix script '/home/felix/robo/robo_ai_turku_2025/ros2_ws/install/local_setup.bash'
[3.772s] INFO:colcon.colcon_core.shell:Creating prefix chain script '/home/felix/robo/robo_ai_turku_2025/ros2_ws/install/setup.bash'
[3.774s] INFO:colcon.colcon_core.shell:Creating prefix script '/home/felix/robo/robo_ai_turku_2025/ros2_ws/install/local_setup.zsh'
[3.775s] INFO:colcon.colcon_core.shell:Creating prefix chain script '/home/felix/robo/robo_ai_turku_2025/ros2_ws/install/setup.zsh'
