[1.592s] Invoking command in '/home/felix/robo/robo_ai_turku_2025/ros2_ws/src/lab01_task02': PYTHONPATH=/home/felix/robo/robo_ai_turku_2025/ros2_ws/build/lab01_task02/prefix_override:/usr/lib/python3/dist-packages/colcon_core/task/python/colcon_distutils_commands:/home/felix/robo/robo_ai_turku_2025/ros2_ws/install/lab01_task02/lib/python3.10/site-packages:${PYTHONPATH} /usr/bin/python3 -W ignore:setup.py install is deprecated -W ignore:easy_install command is deprecated setup.py egg_info --egg-base ../../build/lab01_task02 build --build-base /home/felix/robo/robo_ai_turku_2025/ros2_ws/build/lab01_task02/build install --record /home/felix/robo/robo_ai_turku_2025/ros2_ws/build/lab01_task02/install.log --single-version-externally-managed install_data
[1.832s] running egg_info
[1.834s] creating ../../build/lab01_task02/lab01_task02.egg-info
[1.834s] writing ../../build/lab01_task02/lab01_task02.egg-info/PKG-INFO
[1.835s] writing dependency_links to ../../build/lab01_task02/lab01_task02.egg-info/dependency_links.txt
[1.835s] writing entry points to ../../build/lab01_task02/lab01_task02.egg-info/entry_points.txt
[1.835s] writing requirements to ../../build/lab01_task02/lab01_task02.egg-info/requires.txt
[1.836s] writing top-level names to ../../build/lab01_task02/lab01_task02.egg-info/top_level.txt
[1.836s] writing manifest file '../../build/lab01_task02/lab01_task02.egg-info/SOURCES.txt'
[1.837s] reading manifest file '../../build/lab01_task02/lab01_task02.egg-info/SOURCES.txt'
[1.837s] adding license file 'LICENSE'
[1.838s] writing manifest file '../../build/lab01_task02/lab01_task02.egg-info/SOURCES.txt'
[1.838s] running build
[1.838s] running build_py
[1.838s] creating /home/felix/robo/robo_ai_turku_2025/ros2_ws/build/lab01_task02/build
[1.838s] creating /home/felix/robo/robo_ai_turku_2025/ros2_ws/build/lab01_task02/build/lib
[1.840s] creating /home/felix/robo/robo_ai_turku_2025/ros2_ws/build/lab01_task02/build/lib/lab01_task02
[1.840s] copying lab01_task02/publisher.py -> /home/felix/robo/robo_ai_turku_2025/ros2_ws/build/lab01_task02/build/lib/lab01_task02
[1.840s] copying lab01_task02/__init__.py -> /home/felix/robo/robo_ai_turku_2025/ros2_ws/build/lab01_task02/build/lib/lab01_task02
[1.840s] copying lab01_task02/subscriber.py -> /home/felix/robo/robo_ai_turku_2025/ros2_ws/build/lab01_task02/build/lib/lab01_task02
[1.841s] running install
[1.841s] running install_lib
[1.842s] creating /home/felix/robo/robo_ai_turku_2025/ros2_ws/install/lab01_task02/lib/python3.10/site-packages/lab01_task02
[1.842s] copying /home/felix/robo/robo_ai_turku_2025/ros2_ws/build/lab01_task02/build/lib/lab01_task02/publisher.py -> /home/felix/robo/robo_ai_turku_2025/ros2_ws/install/lab01_task02/lib/python3.10/site-packages/lab01_task02
[1.843s] copying /home/felix/robo/robo_ai_turku_2025/ros2_ws/build/lab01_task02/build/lib/lab01_task02/__init__.py -> /home/felix/robo/robo_ai_turku_2025/ros2_ws/install/lab01_task02/lib/python3.10/site-packages/lab01_task02
[1.845s] copying /home/felix/robo/robo_ai_turku_2025/ros2_ws/build/lab01_task02/build/lib/lab01_task02/subscriber.py -> /home/felix/robo/robo_ai_turku_2025/ros2_ws/install/lab01_task02/lib/python3.10/site-packages/lab01_task02
[1.845s] byte-compiling /home/felix/robo/robo_ai_turku_2025/ros2_ws/install/lab01_task02/lib/python3.10/site-packages/lab01_task02/publisher.py to publisher.cpython-310.pyc
[1.845s] byte-compiling /home/felix/robo/robo_ai_turku_2025/ros2_ws/install/lab01_task02/lib/python3.10/site-packages/lab01_task02/__init__.py to __init__.cpython-310.pyc
[1.846s] byte-compiling /home/felix/robo/robo_ai_turku_2025/ros2_ws/install/lab01_task02/lib/python3.10/site-packages/lab01_task02/subscriber.py to subscriber.cpython-310.pyc
[1.846s] running install_data
[1.847s] creating /home/felix/robo/robo_ai_turku_2025/ros2_ws/install/lab01_task02/share/ament_index
[1.848s] creating /home/felix/robo/robo_ai_turku_2025/ros2_ws/install/lab01_task02/share/ament_index/resource_index
[1.848s] creating /home/felix/robo/robo_ai_turku_2025/ros2_ws/install/lab01_task02/share/ament_index/resource_index/packages
[1.848s] copying resource/lab01_task02 -> /home/felix/robo/robo_ai_turku_2025/ros2_ws/install/lab01_task02/share/ament_index/resource_index/packages
[1.849s] copying package.xml -> /home/felix/robo/robo_ai_turku_2025/ros2_ws/install/lab01_task02/share/lab01_task02
[1.849s] running install_egg_info
[1.849s] Copying ../../build/lab01_task02/lab01_task02.egg-info to /home/felix/robo/robo_ai_turku_2025/ros2_ws/install/lab01_task02/lib/python3.10/site-packages/lab01_task02-0.0.0-py3.10.egg-info
[1.851s] running install_scripts
[1.882s] Installing publisher script to /home/felix/robo/robo_ai_turku_2025/ros2_ws/install/lab01_task02/lib/lab01_task02
[1.884s] writing list of installed files to '/home/felix/robo/robo_ai_turku_2025/ros2_ws/build/lab01_task02/install.log'
[1.943s] Invoked command in '/home/felix/robo/robo_ai_turku_2025/ros2_ws/src/lab01_task02' returned '0': PYTHONPATH=/home/felix/robo/robo_ai_turku_2025/ros2_ws/build/lab01_task02/prefix_override:/usr/lib/python3/dist-packages/colcon_core/task/python/colcon_distutils_commands:/home/felix/robo/robo_ai_turku_2025/ros2_ws/install/lab01_task02/lib/python3.10/site-packages:${PYTHONPATH} /usr/bin/python3 -W ignore:setup.py install is deprecated -W ignore:easy_install command is deprecated setup.py egg_info --egg-base ../../build/lab01_task02 build --build-base /home/felix/robo/robo_ai_turku_2025/ros2_ws/build/lab01_task02/build install --record /home/felix/robo/robo_ai_turku_2025/ros2_ws/build/lab01_task02/install.log --single-version-externally-managed install_data
