[0.487s] DEBUG:colcon:Command line arguments: ['/usr/bin/colcon', 'build']
[0.487s] DEBUG:colcon:Parsed command line arguments: Namespace(log_base=None, log_level=None, verb_name='build', build_base='build', install_base='install', merge_install=False, symlink_install=False, test_result_base=None, continue_on_error=False, executor='parallel', parallel_workers=22, event_handlers=None, ignore_user_meta=False, metas=['./colcon.meta'], base_paths=['.'], packages_ignore=None, packages_ignore_regex=None, paths=None, packages_up_to=None, packages_up_to_regex=None, packages_above=None, packages_above_and_dependencies=None, packages_above_depth=None, packages_select_by_dep=None, packages_skip_by_dep=None, packages_skip_up_to=None, packages_select_build_failed=False, packages_skip_build_finished=False, packages_select_test_failures=False, packages_skip_test_passed=False, packages_select=None, packages_skip=None, packages_select_regex=None, packages_skip_regex=None, packages_start=None, packages_end=None, allow_overriding=[], cmake_args=None, cmake_target=None, cmake_target_skip_unavailable=False, cmake_clean_cache=False, cmake_clean_first=False, cmake_force_configure=False, ament_cmake_args=None, catkin_cmake_args=None, catkin_skip_building_tests=False, verb_parser=<colcon_defaults.argument_parser.defaults.DefaultArgumentsDecorator object at 0x726e8a1fc640>, verb_extension=<colcon_core.verb.build.BuildVerb object at 0x726e8a3c9de0>, main=<bound method BuildVerb.main of <colcon_core.verb.build.BuildVerb object at 0x726e8a3c9de0>>)
[0.946s] Level 1:colcon.colcon_core.package_discovery:discover_packages(colcon_meta) check parameters
[0.946s] Level 1:colcon.colcon_core.package_discovery:discover_packages(recursive) check parameters
[0.946s] Level 1:colcon.colcon_core.package_discovery:discover_packages(ignore) check parameters
[0.946s] Level 1:colcon.colcon_core.package_discovery:discover_packages(path) check parameters
[0.946s] Level 1:colcon.colcon_core.package_discovery:discover_packages(colcon_meta) discover
[0.946s] Level 1:colcon.colcon_core.package_discovery:discover_packages(recursive) discover
[0.946s] INFO:colcon.colcon_core.package_discovery:Crawling recursively for packages in '/home/felix/robo/robo_ai_turku_2025/ros2_ws'
[0.946s] Level 1:colcon.colcon_core.package_identification:_identify(.) by extensions ['ignore', 'ignore_ament_install']
[0.947s] Level 1:colcon.colcon_core.package_identification:_identify(.) by extension 'ignore'
[0.947s] Level 1:colcon.colcon_core.package_identification:_identify(.) by extension 'ignore_ament_install'
[0.947s] Level 1:colcon.colcon_core.package_identification:_identify(.) by extensions ['colcon_pkg']
[0.947s] Level 1:colcon.colcon_core.package_identification:_identify(.) by extension 'colcon_pkg'
[0.947s] Level 1:colcon.colcon_core.package_identification:_identify(.) by extensions ['colcon_meta']
[0.947s] Level 1:colcon.colcon_core.package_identification:_identify(.) by extension 'colcon_meta'
[0.947s] Level 1:colcon.colcon_core.package_identification:_identify(.) by extensions ['ros']
[0.947s] Level 1:colcon.colcon_core.package_identification:_identify(.) by extension 'ros'
[0.968s] Level 1:colcon.colcon_core.package_identification:_identify(.) by extensions ['cmake', 'python']
[0.968s] Level 1:colcon.colcon_core.package_identification:_identify(.) by extension 'cmake'
[0.968s] Level 1:colcon.colcon_core.package_identification:_identify(.) by extension 'python'
[0.968s] Level 1:colcon.colcon_core.package_identification:_identify(.) by extensions ['python_setup_py']
[0.968s] Level 1:colcon.colcon_core.package_identification:_identify(.) by extension 'python_setup_py'
[0.969s] Level 1:colcon.colcon_core.package_identification:_identify(build) by extensions ['ignore', 'ignore_ament_install']
[0.969s] Level 1:colcon.colcon_core.package_identification:_identify(build) by extension 'ignore'
[0.969s] Level 1:colcon.colcon_core.package_identification:_identify(build) ignored
[0.970s] Level 1:colcon.colcon_core.package_identification:_identify(install) by extensions ['ignore', 'ignore_ament_install']
[0.970s] Level 1:colcon.colcon_core.package_identification:_identify(install) by extension 'ignore'
[0.970s] Level 1:colcon.colcon_core.package_identification:_identify(install) ignored
[0.970s] Level 1:colcon.colcon_core.package_identification:_identify(log) by extensions ['ignore', 'ignore_ament_install']
[0.970s] Level 1:colcon.colcon_core.package_identification:_identify(log) by extension 'ignore'
[0.970s] Level 1:colcon.colcon_core.package_identification:_identify(log) ignored
[0.970s] Level 1:colcon.colcon_core.package_identification:_identify(src) by extensions ['ignore', 'ignore_ament_install']
[0.970s] Level 1:colcon.colcon_core.package_identification:_identify(src) by extension 'ignore'
[0.970s] Level 1:colcon.colcon_core.package_identification:_identify(src) by extension 'ignore_ament_install'
[0.970s] Level 1:colcon.colcon_core.package_identification:_identify(src) by extensions ['colcon_pkg']
[0.970s] Level 1:colcon.colcon_core.package_identification:_identify(src) by extension 'colcon_pkg'
[0.970s] Level 1:colcon.colcon_core.package_identification:_identify(src) by extensions ['colcon_meta']
[0.970s] Level 1:colcon.colcon_core.package_identification:_identify(src) by extension 'colcon_meta'
[0.970s] Level 1:colcon.colcon_core.package_identification:_identify(src) by extensions ['ros']
[0.970s] Level 1:colcon.colcon_core.package_identification:_identify(src) by extension 'ros'
[0.971s] Level 1:colcon.colcon_core.package_identification:_identify(src) by extensions ['cmake', 'python']
[0.971s] Level 1:colcon.colcon_core.package_identification:_identify(src) by extension 'cmake'
[0.971s] Level 1:colcon.colcon_core.package_identification:_identify(src) by extension 'python'
[0.971s] Level 1:colcon.colcon_core.package_identification:_identify(src) by extensions ['python_setup_py']
[0.971s] Level 1:colcon.colcon_core.package_identification:_identify(src) by extension 'python_setup_py'
[0.971s] Level 1:colcon.colcon_core.package_identification:_identify(src/build) by extensions ['ignore', 'ignore_ament_install']
[0.971s] Level 1:colcon.colcon_core.package_identification:_identify(src/build) by extension 'ignore'
[0.971s] Level 1:colcon.colcon_core.package_identification:_identify(src/build) ignored
[0.972s] Level 1:colcon.colcon_core.package_identification:_identify(src/custom_interface) by extensions ['ignore', 'ignore_ament_install']
[0.972s] Level 1:colcon.colcon_core.package_identification:_identify(src/custom_interface) by extension 'ignore'
[0.972s] Level 1:colcon.colcon_core.package_identification:_identify(src/custom_interface) by extension 'ignore_ament_install'
[0.972s] Level 1:colcon.colcon_core.package_identification:_identify(src/custom_interface) by extensions ['colcon_pkg']
[0.972s] Level 1:colcon.colcon_core.package_identification:_identify(src/custom_interface) by extension 'colcon_pkg'
[0.973s] Level 1:colcon.colcon_core.package_identification:_identify(src/custom_interface) by extensions ['colcon_meta']
[0.973s] Level 1:colcon.colcon_core.package_identification:_identify(src/custom_interface) by extension 'colcon_meta'
[0.973s] Level 1:colcon.colcon_core.package_identification:_identify(src/custom_interface) by extensions ['ros']
[0.973s] Level 1:colcon.colcon_core.package_identification:_identify(src/custom_interface) by extension 'ros'
[0.978s] DEBUG:colcon.colcon_core.package_identification:Package 'src/custom_interface' with type 'ros.ament_cmake' and name 'custom_interface'
[0.979s] Level 1:colcon.colcon_core.package_identification:_identify(src/install) by extensions ['ignore', 'ignore_ament_install']
[0.979s] Level 1:colcon.colcon_core.package_identification:_identify(src/install) by extension 'ignore'
[0.979s] Level 1:colcon.colcon_core.package_identification:_identify(src/install) ignored
[0.980s] Level 1:colcon.colcon_core.package_identification:_identify(src/lab01_task01) by extensions ['ignore', 'ignore_ament_install']
[0.980s] Level 1:colcon.colcon_core.package_identification:_identify(src/lab01_task01) by extension 'ignore'
[0.980s] Level 1:colcon.colcon_core.package_identification:_identify(src/lab01_task01) by extension 'ignore_ament_install'
[0.980s] Level 1:colcon.colcon_core.package_identification:_identify(src/lab01_task01) by extensions ['colcon_pkg']
[0.980s] Level 1:colcon.colcon_core.package_identification:_identify(src/lab01_task01) by extension 'colcon_pkg'
[0.980s] Level 1:colcon.colcon_core.package_identification:_identify(src/lab01_task01) by extensions ['colcon_meta']
[0.980s] Level 1:colcon.colcon_core.package_identification:_identify(src/lab01_task01) by extension 'colcon_meta'
[0.980s] Level 1:colcon.colcon_core.package_identification:_identify(src/lab01_task01) by extensions ['ros']
[0.980s] Level 1:colcon.colcon_core.package_identification:_identify(src/lab01_task01) by extension 'ros'
[0.981s] DEBUG:colcon.colcon_core.package_identification:Package 'src/lab01_task01' with type 'ros.ament_python' and name 'lab01_task01'
[0.982s] Level 1:colcon.colcon_core.package_identification:_identify(src/lab01_task02) by extensions ['ignore', 'ignore_ament_install']
[0.982s] Level 1:colcon.colcon_core.package_identification:_identify(src/lab01_task02) by extension 'ignore'
[0.982s] Level 1:colcon.colcon_core.package_identification:_identify(src/lab01_task02) by extension 'ignore_ament_install'
[0.982s] Level 1:colcon.colcon_core.package_identification:_identify(src/lab01_task02) by extensions ['colcon_pkg']
[0.982s] Level 1:colcon.colcon_core.package_identification:_identify(src/lab01_task02) by extension 'colcon_pkg'
[0.982s] Level 1:colcon.colcon_core.package_identification:_identify(src/lab01_task02) by extensions ['colcon_meta']
[0.982s] Level 1:colcon.colcon_core.package_identification:_identify(src/lab01_task02) by extension 'colcon_meta'
[0.982s] Level 1:colcon.colcon_core.package_identification:_identify(src/lab01_task02) by extensions ['ros']
[0.983s] Level 1:colcon.colcon_core.package_identification:_identify(src/lab01_task02) by extension 'ros'
[0.984s] DEBUG:colcon.colcon_core.package_identification:Package 'src/lab01_task02' with type 'ros.ament_python' and name 'lab01_task02'
[0.984s] Level 1:colcon.colcon_core.package_identification:_identify(src/lab1_bringup) by extensions ['ignore', 'ignore_ament_install']
[0.985s] Level 1:colcon.colcon_core.package_identification:_identify(src/lab1_bringup) by extension 'ignore'
[0.985s] Level 1:colcon.colcon_core.package_identification:_identify(src/lab1_bringup) by extension 'ignore_ament_install'
[0.985s] Level 1:colcon.colcon_core.package_identification:_identify(src/lab1_bringup) by extensions ['colcon_pkg']
[0.985s] Level 1:colcon.colcon_core.package_identification:_identify(src/lab1_bringup) by extension 'colcon_pkg'
[0.985s] Level 1:colcon.colcon_core.package_identification:_identify(src/lab1_bringup) by extensions ['colcon_meta']
[0.985s] Level 1:colcon.colcon_core.package_identification:_identify(src/lab1_bringup) by extension 'colcon_meta'
[0.985s] Level 1:colcon.colcon_core.package_identification:_identify(src/lab1_bringup) by extensions ['ros']
[0.985s] Level 1:colcon.colcon_core.package_identification:_identify(src/lab1_bringup) by extension 'ros'
[0.986s] DEBUG:colcon.colcon_core.package_identification:Package 'src/lab1_bringup' with type 'ros.ament_python' and name 'lab1_bringup'
[0.987s] Level 1:colcon.colcon_core.package_identification:_identify(src/log) by extensions ['ignore', 'ignore_ament_install']
[0.987s] Level 1:colcon.colcon_core.package_identification:_identify(src/log) by extension 'ignore'
[0.987s] Level 1:colcon.colcon_core.package_identification:_identify(src/log) ignored
[0.988s] Level 1:colcon.colcon_core.package_identification:_identify(src/task1) by extensions ['ignore', 'ignore_ament_install']
[0.988s] Level 1:colcon.colcon_core.package_identification:_identify(src/task1) by extension 'ignore'
[0.988s] Level 1:colcon.colcon_core.package_identification:_identify(src/task1) by extension 'ignore_ament_install'
[0.988s] Level 1:colcon.colcon_core.package_identification:_identify(src/task1) by extensions ['colcon_pkg']
[0.988s] Level 1:colcon.colcon_core.package_identification:_identify(src/task1) by extension 'colcon_pkg'
[0.988s] Level 1:colcon.colcon_core.package_identification:_identify(src/task1) by extensions ['colcon_meta']
[0.988s] Level 1:colcon.colcon_core.package_identification:_identify(src/task1) by extension 'colcon_meta'
[0.988s] Level 1:colcon.colcon_core.package_identification:_identify(src/task1) by extensions ['ros']
[0.988s] Level 1:colcon.colcon_core.package_identification:_identify(src/task1) by extension 'ros'
[0.990s] DEBUG:colcon.colcon_core.package_identification:Package 'src/task1' with type 'ros.ament_python' and name 'task1'
[0.990s] Level 1:colcon.colcon_core.package_discovery:discover_packages(recursive) using defaults
[0.990s] Level 1:colcon.colcon_core.package_discovery:discover_packages(ignore) discover
[0.990s] Level 1:colcon.colcon_core.package_discovery:discover_packages(ignore) using defaults
[0.990s] Level 1:colcon.colcon_core.package_discovery:discover_packages(path) discover
[0.990s] Level 1:colcon.colcon_core.package_discovery:discover_packages(path) using defaults
[1.037s] Level 1:colcon.colcon_core.package_discovery:discover_packages(prefix_path) check parameters
[1.038s] Level 1:colcon.colcon_core.package_discovery:discover_packages(prefix_path) discover
[1.046s] DEBUG:colcon.colcon_installed_package_information.package_discovery:Found 5 installed packages in /home/felix/robo/robo_ai_turku_2025/ros2_ws/install
[1.047s] DEBUG:colcon.colcon_installed_package_information.package_discovery:Found 0 installed packages in /home/felix/robo/robo_ai_turku_2025/ros2_ws/src/install
[1.048s] DEBUG:colcon.colcon_installed_package_information.package_discovery:Found 1 installed packages in /home/felix/robo/robo_ai_turku_2025/ros2_ws/src/custom_interface/install
[1.050s] DEBUG:colcon.colcon_installed_package_information.package_discovery:Found 271 installed packages in /opt/ros/humble
[1.063s] Level 1:colcon.colcon_core.package_discovery:discover_packages(prefix_path) using defaults
[1.162s] Level 5:colcon.colcon_core.verb:set package 'custom_interface' build argument 'cmake_args' from command line to 'None'
[1.162s] Level 5:colcon.colcon_core.verb:set package 'custom_interface' build argument 'cmake_target' from command line to 'None'
[1.162s] Level 5:colcon.colcon_core.verb:set package 'custom_interface' build argument 'cmake_target_skip_unavailable' from command line to 'False'
[1.162s] Level 5:colcon.colcon_core.verb:set package 'custom_interface' build argument 'cmake_clean_cache' from command line to 'False'
[1.162s] Level 5:colcon.colcon_core.verb:set package 'custom_interface' build argument 'cmake_clean_first' from command line to 'False'
[1.162s] Level 5:colcon.colcon_core.verb:set package 'custom_interface' build argument 'cmake_force_configure' from command line to 'False'
[1.162s] Level 5:colcon.colcon_core.verb:set package 'custom_interface' build argument 'ament_cmake_args' from command line to 'None'
[1.162s] Level 5:colcon.colcon_core.verb:set package 'custom_interface' build argument 'catkin_cmake_args' from command line to 'None'
[1.162s] Level 5:colcon.colcon_core.verb:set package 'custom_interface' build argument 'catkin_skip_building_tests' from command line to 'False'
[1.162s] DEBUG:colcon.colcon_core.verb:Building package 'custom_interface' with the following arguments: {'ament_cmake_args': None, 'build_base': '/home/felix/robo/robo_ai_turku_2025/ros2_ws/build/custom_interface', 'catkin_cmake_args': None, 'catkin_skip_building_tests': False, 'cmake_args': None, 'cmake_clean_cache': False, 'cmake_clean_first': False, 'cmake_force_configure': False, 'cmake_target': None, 'cmake_target_skip_unavailable': False, 'install_base': '/home/felix/robo/robo_ai_turku_2025/ros2_ws/install/custom_interface', 'merge_install': False, 'path': '/home/felix/robo/robo_ai_turku_2025/ros2_ws/src/custom_interface', 'symlink_install': False, 'test_result_base': None}
[1.163s] Level 5:colcon.colcon_core.verb:set package 'lab01_task01' build argument 'cmake_args' from command line to 'None'
[1.163s] Level 5:colcon.colcon_core.verb:set package 'lab01_task01' build argument 'cmake_target' from command line to 'None'
[1.163s] Level 5:colcon.colcon_core.verb:set package 'lab01_task01' build argument 'cmake_target_skip_unavailable' from command line to 'False'
[1.163s] Level 5:colcon.colcon_core.verb:set package 'lab01_task01' build argument 'cmake_clean_cache' from command line to 'False'
[1.163s] Level 5:colcon.colcon_core.verb:set package 'lab01_task01' build argument 'cmake_clean_first' from command line to 'False'
[1.164s] Level 5:colcon.colcon_core.verb:set package 'lab01_task01' build argument 'cmake_force_configure' from command line to 'False'
[1.164s] Level 5:colcon.colcon_core.verb:set package 'lab01_task01' build argument 'ament_cmake_args' from command line to 'None'
[1.164s] Level 5:colcon.colcon_core.verb:set package 'lab01_task01' build argument 'catkin_cmake_args' from command line to 'None'
[1.164s] Level 5:colcon.colcon_core.verb:set package 'lab01_task01' build argument 'catkin_skip_building_tests' from command line to 'False'
[1.164s] DEBUG:colcon.colcon_core.verb:Building package 'lab01_task01' with the following arguments: {'ament_cmake_args': None, 'build_base': '/home/felix/robo/robo_ai_turku_2025/ros2_ws/build/lab01_task01', 'catkin_cmake_args': None, 'catkin_skip_building_tests': False, 'cmake_args': None, 'cmake_clean_cache': False, 'cmake_clean_first': False, 'cmake_force_configure': False, 'cmake_target': None, 'cmake_target_skip_unavailable': False, 'install_base': '/home/felix/robo/robo_ai_turku_2025/ros2_ws/install/lab01_task01', 'merge_install': False, 'path': '/home/felix/robo/robo_ai_turku_2025/ros2_ws/src/lab01_task01', 'symlink_install': False, 'test_result_base': None}
[1.164s] Level 5:colcon.colcon_core.verb:set package 'lab01_task02' build argument 'cmake_args' from command line to 'None'
[1.164s] Level 5:colcon.colcon_core.verb:set package 'lab01_task02' build argument 'cmake_target' from command line to 'None'
[1.164s] Level 5:colcon.colcon_core.verb:set package 'lab01_task02' build argument 'cmake_target_skip_unavailable' from command line to 'False'
[1.164s] Level 5:colcon.colcon_core.verb:set package 'lab01_task02' build argument 'cmake_clean_cache' from command line to 'False'
[1.164s] Level 5:colcon.colcon_core.verb:set package 'lab01_task02' build argument 'cmake_clean_first' from command line to 'False'
[1.164s] Level 5:colcon.colcon_core.verb:set package 'lab01_task02' build argument 'cmake_force_configure' from command line to 'False'
[1.164s] Level 5:colcon.colcon_core.verb:set package 'lab01_task02' build argument 'ament_cmake_args' from command line to 'None'
[1.164s] Level 5:colcon.colcon_core.verb:set package 'lab01_task02' build argument 'catkin_cmake_args' from command line to 'None'
[1.164s] Level 5:colcon.colcon_core.verb:set package 'lab01_task02' build argument 'catkin_skip_building_tests' from command line to 'False'
[1.165s] DEBUG:colcon.colcon_core.verb:Building package 'lab01_task02' with the following arguments: {'ament_cmake_args': None, 'build_base': '/home/felix/robo/robo_ai_turku_2025/ros2_ws/build/lab01_task02', 'catkin_cmake_args': None, 'catkin_skip_building_tests': False, 'cmake_args': None, 'cmake_clean_cache': False, 'cmake_clean_first': False, 'cmake_force_configure': False, 'cmake_target': None, 'cmake_target_skip_unavailable': False, 'install_base': '/home/felix/robo/robo_ai_turku_2025/ros2_ws/install/lab01_task02', 'merge_install': False, 'path': '/home/felix/robo/robo_ai_turku_2025/ros2_ws/src/lab01_task02', 'symlink_install': False, 'test_result_base': None}
[1.165s] Level 5:colcon.colcon_core.verb:set package 'lab1_bringup' build argument 'cmake_args' from command line to 'None'
[1.165s] Level 5:colcon.colcon_core.verb:set package 'lab1_bringup' build argument 'cmake_target' from command line to 'None'
[1.165s] Level 5:colcon.colcon_core.verb:set package 'lab1_bringup' build argument 'cmake_target_skip_unavailable' from command line to 'False'
[1.165s] Level 5:colcon.colcon_core.verb:set package 'lab1_bringup' build argument 'cmake_clean_cache' from command line to 'False'
[1.165s] Level 5:colcon.colcon_core.verb:set package 'lab1_bringup' build argument 'cmake_clean_first' from command line to 'False'
[1.165s] Level 5:colcon.colcon_core.verb:set package 'lab1_bringup' build argument 'cmake_force_configure' from command line to 'False'
[1.165s] Level 5:colcon.colcon_core.verb:set package 'lab1_bringup' build argument 'ament_cmake_args' from command line to 'None'
[1.165s] Level 5:colcon.colcon_core.verb:set package 'lab1_bringup' build argument 'catkin_cmake_args' from command line to 'None'
[1.165s] Level 5:colcon.colcon_core.verb:set package 'lab1_bringup' build argument 'catkin_skip_building_tests' from command line to 'False'
[1.165s] DEBUG:colcon.colcon_core.verb:Building package 'lab1_bringup' with the following arguments: {'ament_cmake_args': None, 'build_base': '/home/felix/robo/robo_ai_turku_2025/ros2_ws/build/lab1_bringup', 'catkin_cmake_args': None, 'catkin_skip_building_tests': False, 'cmake_args': None, 'cmake_clean_cache': False, 'cmake_clean_first': False, 'cmake_force_configure': False, 'cmake_target': None, 'cmake_target_skip_unavailable': False, 'install_base': '/home/felix/robo/robo_ai_turku_2025/ros2_ws/install/lab1_bringup', 'merge_install': False, 'path': '/home/felix/robo/robo_ai_turku_2025/ros2_ws/src/lab1_bringup', 'symlink_install': False, 'test_result_base': None}
[1.166s] Level 5:colcon.colcon_core.verb:set package 'task1' build argument 'cmake_args' from command line to 'None'
[1.166s] Level 5:colcon.colcon_core.verb:set package 'task1' build argument 'cmake_target' from command line to 'None'
[1.166s] Level 5:colcon.colcon_core.verb:set package 'task1' build argument 'cmake_target_skip_unavailable' from command line to 'False'
[1.166s] Level 5:colcon.colcon_core.verb:set package 'task1' build argument 'cmake_clean_cache' from command line to 'False'
[1.166s] Level 5:colcon.colcon_core.verb:set package 'task1' build argument 'cmake_clean_first' from command line to 'False'
[1.166s] Level 5:colcon.colcon_core.verb:set package 'task1' build argument 'cmake_force_configure' from command line to 'False'
[1.166s] Level 5:colcon.colcon_core.verb:set package 'task1' build argument 'ament_cmake_args' from command line to 'None'
[1.166s] Level 5:colcon.colcon_core.verb:set package 'task1' build argument 'catkin_cmake_args' from command line to 'None'
[1.166s] Level 5:colcon.colcon_core.verb:set package 'task1' build argument 'catkin_skip_building_tests' from command line to 'False'
[1.166s] DEBUG:colcon.colcon_core.verb:Building package 'task1' with the following arguments: {'ament_cmake_args': None, 'build_base': '/home/felix/robo/robo_ai_turku_2025/ros2_ws/build/task1', 'catkin_cmake_args': None, 'catkin_skip_building_tests': False, 'cmake_args': None, 'cmake_clean_cache': False, 'cmake_clean_first': False, 'cmake_force_configure': False, 'cmake_target': None, 'cmake_target_skip_unavailable': False, 'install_base': '/home/felix/robo/robo_ai_turku_2025/ros2_ws/install/task1', 'merge_install': False, 'path': '/home/felix/robo/robo_ai_turku_2025/ros2_ws/src/task1', 'symlink_install': False, 'test_result_base': None}
[1.166s] INFO:colcon.colcon_core.executor:Executing jobs using 'parallel' executor
[1.168s] DEBUG:colcon.colcon_parallel_executor.executor.parallel:run_until_complete
[1.169s] INFO:colcon.colcon_ros.task.ament_cmake.build:Building ROS package in '/home/felix/robo/robo_ai_turku_2025/ros2_ws/src/custom_interface' with build type 'ament_cmake'
[1.169s] INFO:colcon.colcon_cmake.task.cmake.build:Building CMake package in '/home/felix/robo/robo_ai_turku_2025/ros2_ws/src/custom_interface'
[1.178s] INFO:colcon.colcon_core.plugin_system:Skipping extension 'colcon_core.shell.bat': Not used on non-Windows systems
[1.178s] INFO:colcon.colcon_core.shell:Skip shell extension 'powershell' for command environment: Not usable outside of PowerShell
[1.178s] DEBUG:colcon.colcon_core.shell:Skip shell extension 'dsv' for command environment
[1.184s] INFO:colcon.colcon_ros.task.ament_python.build:Building ROS package in '/home/felix/robo/robo_ai_turku_2025/ros2_ws/src/lab01_task01' with build type 'ament_python'
[1.184s] Level 1:colcon.colcon_core.shell:create_environment_hook('lab01_task01', 'ament_prefix_path')
[1.184s] INFO:colcon.colcon_core.shell:Creating environment hook '/home/felix/robo/robo_ai_turku_2025/ros2_ws/install/lab01_task01/share/lab01_task01/hook/ament_prefix_path.ps1'
[1.188s] INFO:colcon.colcon_core.shell:Creating environment descriptor '/home/felix/robo/robo_ai_turku_2025/ros2_ws/install/lab01_task01/share/lab01_task01/hook/ament_prefix_path.dsv'
[1.189s] INFO:colcon.colcon_core.shell:Creating environment hook '/home/felix/robo/robo_ai_turku_2025/ros2_ws/install/lab01_task01/share/lab01_task01/hook/ament_prefix_path.sh'
[1.192s] INFO:colcon.colcon_core.shell:Skip shell extension 'powershell' for command environment: Not usable outside of PowerShell
[1.192s] DEBUG:colcon.colcon_core.shell:Skip shell extension 'dsv' for command environment
[1.198s] INFO:colcon.colcon_ros.task.ament_python.build:Building ROS package in '/home/felix/robo/robo_ai_turku_2025/ros2_ws/src/lab01_task02' with build type 'ament_python'
[1.198s] Level 1:colcon.colcon_core.shell:create_environment_hook('lab01_task02', 'ament_prefix_path')
[1.199s] INFO:colcon.colcon_core.shell:Creating environment hook '/home/felix/robo/robo_ai_turku_2025/ros2_ws/install/lab01_task02/share/lab01_task02/hook/ament_prefix_path.ps1'
[1.200s] INFO:colcon.colcon_core.shell:Creating environment descriptor '/home/felix/robo/robo_ai_turku_2025/ros2_ws/install/lab01_task02/share/lab01_task02/hook/ament_prefix_path.dsv'
[1.201s] INFO:colcon.colcon_core.shell:Creating environment hook '/home/felix/robo/robo_ai_turku_2025/ros2_ws/install/lab01_task02/share/lab01_task02/hook/ament_prefix_path.sh'
[1.201s] INFO:colcon.colcon_core.shell:Skip shell extension 'powershell' for command environment: Not usable outside of PowerShell
[1.201s] DEBUG:colcon.colcon_core.shell:Skip shell extension 'dsv' for command environment
[1.206s] INFO:colcon.colcon_ros.task.ament_python.build:Building ROS package in '/home/felix/robo/robo_ai_turku_2025/ros2_ws/src/lab1_bringup' with build type 'ament_python'
[1.206s] Level 1:colcon.colcon_core.shell:create_environment_hook('lab1_bringup', 'ament_prefix_path')
[1.207s] INFO:colcon.colcon_core.shell:Creating environment hook '/home/felix/robo/robo_ai_turku_2025/ros2_ws/install/lab1_bringup/share/lab1_bringup/hook/ament_prefix_path.ps1'
[1.209s] INFO:colcon.colcon_core.shell:Creating environment descriptor '/home/felix/robo/robo_ai_turku_2025/ros2_ws/install/lab1_bringup/share/lab1_bringup/hook/ament_prefix_path.dsv'
[1.210s] INFO:colcon.colcon_core.shell:Creating environment hook '/home/felix/robo/robo_ai_turku_2025/ros2_ws/install/lab1_bringup/share/lab1_bringup/hook/ament_prefix_path.sh'
[1.211s] INFO:colcon.colcon_core.shell:Skip shell extension 'powershell' for command environment: Not usable outside of PowerShell
[1.211s] DEBUG:colcon.colcon_core.shell:Skip shell extension 'dsv' for command environment
[1.216s] INFO:colcon.colcon_ros.task.ament_python.build:Building ROS package in '/home/felix/robo/robo_ai_turku_2025/ros2_ws/src/task1' with build type 'ament_python'
[1.216s] Level 1:colcon.colcon_core.shell:create_environment_hook('task1', 'ament_prefix_path')
[1.216s] INFO:colcon.colcon_core.shell:Creating environment hook '/home/felix/robo/robo_ai_turku_2025/ros2_ws/install/task1/share/task1/hook/ament_prefix_path.ps1'
[1.217s] INFO:colcon.colcon_core.shell:Creating environment descriptor '/home/felix/robo/robo_ai_turku_2025/ros2_ws/install/task1/share/task1/hook/ament_prefix_path.dsv'
[1.218s] INFO:colcon.colcon_core.shell:Creating environment hook '/home/felix/robo/robo_ai_turku_2025/ros2_ws/install/task1/share/task1/hook/ament_prefix_path.sh'
[1.218s] INFO:colcon.colcon_core.shell:Skip shell extension 'powershell' for command environment: Not usable outside of PowerShell
[1.218s] DEBUG:colcon.colcon_core.shell:Skip shell extension 'dsv' for command environment
[1.231s] DEBUG:colcon.colcon_core.event_handler.log_command:Invoking command in '/home/felix/robo/robo_ai_turku_2025/ros2_ws/build/custom_interface': CMAKE_PREFIX_PATH=${CMAKE_PREFIX_PATH}:/home/felix/robo/robo_ai_turku_2025/ros2_ws/install/lab01_task02:/home/felix/robo/robo_ai_turku_2025/ros2_ws/install/lab01_task01:/home/felix/robo/robo_ai_turku_2025/ros2_ws/install/lab1_bringup:/home/felix/robo/robo_ai_turku_2025/ros2_ws/install/task1:/opt/ros/humble /usr/bin/cmake --build /home/felix/robo/robo_ai_turku_2025/ros2_ws/build/custom_interface -- -j22 -l22
[1.559s] INFO:colcon.colcon_core.task.python.build:Building Python package in '/home/felix/robo/robo_ai_turku_2025/ros2_ws/src/lab01_task01'
[1.559s] INFO:colcon.colcon_core.shell:Skip shell extension 'powershell' for command environment: Not usable outside of PowerShell
[1.560s] DEBUG:colcon.colcon_core.shell:Skip shell extension 'dsv' for command environment
[1.833s] INFO:colcon.colcon_core.task.python.build:Building Python package in '/home/felix/robo/robo_ai_turku_2025/ros2_ws/src/lab01_task02'
[1.833s] INFO:colcon.colcon_core.shell:Skip shell extension 'powershell' for command environment: Not usable outside of PowerShell
[1.833s] DEBUG:colcon.colcon_core.shell:Skip shell extension 'dsv' for command environment
[2.133s] INFO:colcon.colcon_core.task.python.build:Building Python package in '/home/felix/robo/robo_ai_turku_2025/ros2_ws/src/lab1_bringup'
[2.134s] INFO:colcon.colcon_core.shell:Skip shell extension 'powershell' for command environment: Not usable outside of PowerShell
[2.134s] DEBUG:colcon.colcon_core.shell:Skip shell extension 'dsv' for command environment
[2.149s] DEBUG:colcon.colcon_core.event_handler.log_command:Invoked command in '/home/felix/robo/robo_ai_turku_2025/ros2_ws/build/custom_interface' returned '0': CMAKE_PREFIX_PATH=${CMAKE_PREFIX_PATH}:/home/felix/robo/robo_ai_turku_2025/ros2_ws/install/lab01_task02:/home/felix/robo/robo_ai_turku_2025/ros2_ws/install/lab01_task01:/home/felix/robo/robo_ai_turku_2025/ros2_ws/install/lab1_bringup:/home/felix/robo/robo_ai_turku_2025/ros2_ws/install/task1:/opt/ros/humble /usr/bin/cmake --build /home/felix/robo/robo_ai_turku_2025/ros2_ws/build/custom_interface -- -j22 -l22
[2.165s] DEBUG:colcon.colcon_core.event_handler.log_command:Invoking command in '/home/felix/robo/robo_ai_turku_2025/ros2_ws/build/custom_interface': CMAKE_PREFIX_PATH=${CMAKE_PREFIX_PATH}:/home/felix/robo/robo_ai_turku_2025/ros2_ws/install/lab01_task02:/home/felix/robo/robo_ai_turku_2025/ros2_ws/install/lab01_task01:/home/felix/robo/robo_ai_turku_2025/ros2_ws/install/lab1_bringup:/home/felix/robo/robo_ai_turku_2025/ros2_ws/install/task1:/opt/ros/humble /usr/bin/cmake --install /home/felix/robo/robo_ai_turku_2025/ros2_ws/build/custom_interface
[2.440s] INFO:colcon.colcon_core.task.python.build:Building Python package in '/home/felix/robo/robo_ai_turku_2025/ros2_ws/src/task1'
[2.440s] INFO:colcon.colcon_core.shell:Skip shell extension 'powershell' for command environment: Not usable outside of PowerShell
[2.441s] DEBUG:colcon.colcon_core.shell:Skip shell extension 'dsv' for command environment
[2.478s] Level 1:colcon.colcon_core.environment:create_environment_scripts_only(custom_interface)
[2.479s] DEBUG:colcon.colcon_core.event_handler.log_command:Invoked command in '/home/felix/robo/robo_ai_turku_2025/ros2_ws/build/custom_interface' returned '0': CMAKE_PREFIX_PATH=${CMAKE_PREFIX_PATH}:/home/felix/robo/robo_ai_turku_2025/ros2_ws/install/lab01_task02:/home/felix/robo/robo_ai_turku_2025/ros2_ws/install/lab01_task01:/home/felix/robo/robo_ai_turku_2025/ros2_ws/install/lab1_bringup:/home/felix/robo/robo_ai_turku_2025/ros2_ws/install/task1:/opt/ros/humble /usr/bin/cmake --install /home/felix/robo/robo_ai_turku_2025/ros2_ws/build/custom_interface
[2.497s] Level 1:colcon.colcon_core.environment:checking '/home/felix/robo/robo_ai_turku_2025/ros2_ws/install/custom_interface' for CMake module files
[2.498s] Level 1:colcon.colcon_core.environment:checking '/home/felix/robo/robo_ai_turku_2025/ros2_ws/install/custom_interface' for CMake config files
[2.506s] Level 1:colcon.colcon_core.shell:create_environment_hook('custom_interface', 'cmake_prefix_path')
[2.506s] INFO:colcon.colcon_core.shell:Creating environment hook '/home/felix/robo/robo_ai_turku_2025/ros2_ws/install/custom_interface/share/custom_interface/hook/cmake_prefix_path.ps1'
[2.507s] INFO:colcon.colcon_core.shell:Creating environment descriptor '/home/felix/robo/robo_ai_turku_2025/ros2_ws/install/custom_interface/share/custom_interface/hook/cmake_prefix_path.dsv'
[2.508s] INFO:colcon.colcon_core.shell:Creating environment hook '/home/felix/robo/robo_ai_turku_2025/ros2_ws/install/custom_interface/share/custom_interface/hook/cmake_prefix_path.sh'
[2.508s] Level 1:colcon.colcon_core.environment:checking '/home/felix/robo/robo_ai_turku_2025/ros2_ws/install/custom_interface/lib'
[2.509s] Level 1:colcon.colcon_core.shell:create_environment_hook('custom_interface', 'ld_library_path_lib')
[2.509s] INFO:colcon.colcon_core.shell:Creating environment hook '/home/felix/robo/robo_ai_turku_2025/ros2_ws/install/custom_interface/share/custom_interface/hook/ld_library_path_lib.ps1'
[2.510s] INFO:colcon.colcon_core.shell:Creating environment descriptor '/home/felix/robo/robo_ai_turku_2025/ros2_ws/install/custom_interface/share/custom_interface/hook/ld_library_path_lib.dsv'
[2.510s] INFO:colcon.colcon_core.shell:Creating environment hook '/home/felix/robo/robo_ai_turku_2025/ros2_ws/install/custom_interface/share/custom_interface/hook/ld_library_path_lib.sh'
[2.510s] Level 1:colcon.colcon_core.environment:checking '/home/felix/robo/robo_ai_turku_2025/ros2_ws/install/custom_interface/bin'
[2.510s] Level 1:colcon.colcon_core.environment:checking '/home/felix/robo/robo_ai_turku_2025/ros2_ws/install/custom_interface/lib/pkgconfig/custom_interface.pc'
[2.511s] Level 1:colcon.colcon_core.environment:checking '/home/felix/robo/robo_ai_turku_2025/ros2_ws/install/custom_interface/lib/python3.10/site-packages'
[2.511s] Level 1:colcon.colcon_core.environment:checking '/home/felix/robo/robo_ai_turku_2025/ros2_ws/install/custom_interface/bin'
[2.511s] INFO:colcon.colcon_core.shell:Creating package script '/home/felix/robo/robo_ai_turku_2025/ros2_ws/install/custom_interface/share/custom_interface/package.ps1'
[2.514s] INFO:colcon.colcon_core.shell:Creating package descriptor '/home/felix/robo/robo_ai_turku_2025/ros2_ws/install/custom_interface/share/custom_interface/package.dsv'
[2.516s] INFO:colcon.colcon_core.shell:Creating package script '/home/felix/robo/robo_ai_turku_2025/ros2_ws/install/custom_interface/share/custom_interface/package.sh'
[2.518s] INFO:colcon.colcon_core.shell:Creating package script '/home/felix/robo/robo_ai_turku_2025/ros2_ws/install/custom_interface/share/custom_interface/package.bash'
[2.519s] INFO:colcon.colcon_core.shell:Creating package script '/home/felix/robo/robo_ai_turku_2025/ros2_ws/install/custom_interface/share/custom_interface/package.zsh'
[2.521s] Level 1:colcon.colcon_core.environment:create_file_with_runtime_dependencies(/home/felix/robo/robo_ai_turku_2025/ros2_ws/install/custom_interface/share/colcon-core/packages/custom_interface)
[2.523s] Level 1:colcon.colcon_core.environment:create_environment_scripts_only(custom_interface)
[2.523s] Level 1:colcon.colcon_core.environment:checking '/home/felix/robo/robo_ai_turku_2025/ros2_ws/install/custom_interface' for CMake module files
[2.525s] Level 1:colcon.colcon_core.environment:checking '/home/felix/robo/robo_ai_turku_2025/ros2_ws/install/custom_interface' for CMake config files
[2.526s] Level 1:colcon.colcon_core.shell:create_environment_hook('custom_interface', 'cmake_prefix_path')
[2.526s] INFO:colcon.colcon_core.shell:Creating environment hook '/home/felix/robo/robo_ai_turku_2025/ros2_ws/install/custom_interface/share/custom_interface/hook/cmake_prefix_path.ps1'
[2.527s] INFO:colcon.colcon_core.shell:Creating environment descriptor '/home/felix/robo/robo_ai_turku_2025/ros2_ws/install/custom_interface/share/custom_interface/hook/cmake_prefix_path.dsv'
[2.528s] INFO:colcon.colcon_core.shell:Creating environment hook '/home/felix/robo/robo_ai_turku_2025/ros2_ws/install/custom_interface/share/custom_interface/hook/cmake_prefix_path.sh'
[2.529s] Level 1:colcon.colcon_core.environment:checking '/home/felix/robo/robo_ai_turku_2025/ros2_ws/install/custom_interface/lib'
[2.529s] Level 1:colcon.colcon_core.shell:create_environment_hook('custom_interface', 'ld_library_path_lib')
[2.529s] INFO:colcon.colcon_core.shell:Creating environment hook '/home/felix/robo/robo_ai_turku_2025/ros2_ws/install/custom_interface/share/custom_interface/hook/ld_library_path_lib.ps1'
[2.530s] INFO:colcon.colcon_core.shell:Creating environment descriptor '/home/felix/robo/robo_ai_turku_2025/ros2_ws/install/custom_interface/share/custom_interface/hook/ld_library_path_lib.dsv'
[2.531s] INFO:colcon.colcon_core.shell:Creating environment hook '/home/felix/robo/robo_ai_turku_2025/ros2_ws/install/custom_interface/share/custom_interface/hook/ld_library_path_lib.sh'
[2.531s] Level 1:colcon.colcon_core.environment:checking '/home/felix/robo/robo_ai_turku_2025/ros2_ws/install/custom_interface/bin'
[2.532s] Level 1:colcon.colcon_core.environment:checking '/home/felix/robo/robo_ai_turku_2025/ros2_ws/install/custom_interface/lib/pkgconfig/custom_interface.pc'
[2.532s] Level 1:colcon.colcon_core.environment:checking '/home/felix/robo/robo_ai_turku_2025/ros2_ws/install/custom_interface/lib/python3.10/site-packages'
[2.532s] Level 1:colcon.colcon_core.environment:checking '/home/felix/robo/robo_ai_turku_2025/ros2_ws/install/custom_interface/bin'
[2.533s] INFO:colcon.colcon_core.shell:Creating package script '/home/felix/robo/robo_ai_turku_2025/ros2_ws/install/custom_interface/share/custom_interface/package.ps1'
[2.534s] INFO:colcon.colcon_core.shell:Creating package descriptor '/home/felix/robo/robo_ai_turku_2025/ros2_ws/install/custom_interface/share/custom_interface/package.dsv'
[2.535s] INFO:colcon.colcon_core.shell:Creating package script '/home/felix/robo/robo_ai_turku_2025/ros2_ws/install/custom_interface/share/custom_interface/package.sh'
[2.536s] INFO:colcon.colcon_core.shell:Creating package script '/home/felix/robo/robo_ai_turku_2025/ros2_ws/install/custom_interface/share/custom_interface/package.bash'
[2.537s] INFO:colcon.colcon_core.shell:Creating package script '/home/felix/robo/robo_ai_turku_2025/ros2_ws/install/custom_interface/share/custom_interface/package.zsh'
[2.537s] Level 1:colcon.colcon_core.environment:create_file_with_runtime_dependencies(/home/felix/robo/robo_ai_turku_2025/ros2_ws/install/custom_interface/share/colcon-core/packages/custom_interface)
[3.069s] DEBUG:colcon.colcon_core.event_handler.log_command:Invoking command in '/home/felix/robo/robo_ai_turku_2025/ros2_ws/src/lab1_bringup': PYTHONPATH=/home/felix/robo/robo_ai_turku_2025/ros2_ws/build/lab1_bringup/prefix_override:/usr/lib/python3/dist-packages/colcon_core/task/python/colcon_distutils_commands:/home/felix/robo/robo_ai_turku_2025/ros2_ws/install/lab1_bringup/lib/python3.10/site-packages:${PYTHONPATH} /usr/bin/python3 -W ignore:setup.py install is deprecated -W ignore:easy_install command is deprecated setup.py egg_info --egg-base ../../build/lab1_bringup build --build-base /home/felix/robo/robo_ai_turku_2025/ros2_ws/build/lab1_bringup/build install --record /home/felix/robo/robo_ai_turku_2025/ros2_ws/build/lab1_bringup/install.log --single-version-externally-managed install_data
[3.074s] DEBUG:colcon.colcon_core.event_handler.log_command:Invoking command in '/home/felix/robo/robo_ai_turku_2025/ros2_ws/src/lab01_task01': PYTHONPATH=/home/felix/robo/robo_ai_turku_2025/ros2_ws/build/lab01_task01/prefix_override:/usr/lib/python3/dist-packages/colcon_core/task/python/colcon_distutils_commands:/home/felix/robo/robo_ai_turku_2025/ros2_ws/install/lab01_task01/lib/python3.10/site-packages:${PYTHONPATH} /usr/bin/python3 -W ignore:setup.py install is deprecated -W ignore:easy_install command is deprecated setup.py egg_info --egg-base ../../build/lab01_task01 build --build-base /home/felix/robo/robo_ai_turku_2025/ros2_ws/build/lab01_task01/build install --record /home/felix/robo/robo_ai_turku_2025/ros2_ws/build/lab01_task01/install.log --single-version-externally-managed install_data
[3.080s] DEBUG:colcon.colcon_core.event_handler.log_command:Invoking command in '/home/felix/robo/robo_ai_turku_2025/ros2_ws/src/task1': PYTHONPATH=/home/felix/robo/robo_ai_turku_2025/ros2_ws/build/task1/prefix_override:/usr/lib/python3/dist-packages/colcon_core/task/python/colcon_distutils_commands:/home/felix/robo/robo_ai_turku_2025/ros2_ws/install/task1/lib/python3.10/site-packages:${PYTHONPATH} /usr/bin/python3 -W ignore:setup.py install is deprecated -W ignore:easy_install command is deprecated setup.py egg_info --egg-base ../../build/task1 build --build-base /home/felix/robo/robo_ai_turku_2025/ros2_ws/build/task1/build install --record /home/felix/robo/robo_ai_turku_2025/ros2_ws/build/task1/install.log --single-version-externally-managed install_data
[3.082s] DEBUG:colcon.colcon_core.event_handler.log_command:Invoking command in '/home/felix/robo/robo_ai_turku_2025/ros2_ws/src/lab01_task02': PYTHONPATH=/home/felix/robo/robo_ai_turku_2025/ros2_ws/build/lab01_task02/prefix_override:/usr/lib/python3/dist-packages/colcon_core/task/python/colcon_distutils_commands:/home/felix/robo/robo_ai_turku_2025/ros2_ws/install/lab01_task02/lib/python3.10/site-packages:${PYTHONPATH} /usr/bin/python3 -W ignore:setup.py install is deprecated -W ignore:easy_install command is deprecated setup.py egg_info --egg-base ../../build/lab01_task02 build --build-base /home/felix/robo/robo_ai_turku_2025/ros2_ws/build/lab01_task02/build install --record /home/felix/robo/robo_ai_turku_2025/ros2_ws/build/lab01_task02/install.log --single-version-externally-managed install_data
[3.379s] Level 1:colcon.colcon_core.environment:checking '/home/felix/robo/robo_ai_turku_2025/ros2_ws/install/lab1_bringup' for CMake module files
[3.380s] DEBUG:colcon.colcon_core.event_handler.log_command:Invoked command in '/home/felix/robo/robo_ai_turku_2025/ros2_ws/src/lab1_bringup' returned '0': PYTHONPATH=/home/felix/robo/robo_ai_turku_2025/ros2_ws/build/lab1_bringup/prefix_override:/usr/lib/python3/dist-packages/colcon_core/task/python/colcon_distutils_commands:/home/felix/robo/robo_ai_turku_2025/ros2_ws/install/lab1_bringup/lib/python3.10/site-packages:${PYTHONPATH} /usr/bin/python3 -W ignore:setup.py install is deprecated -W ignore:easy_install command is deprecated setup.py egg_info --egg-base ../../build/lab1_bringup build --build-base /home/felix/robo/robo_ai_turku_2025/ros2_ws/build/lab1_bringup/build install --record /home/felix/robo/robo_ai_turku_2025/ros2_ws/build/lab1_bringup/install.log --single-version-externally-managed install_data
[3.381s] Level 1:colcon.colcon_core.environment:checking '/home/felix/robo/robo_ai_turku_2025/ros2_ws/install/lab1_bringup' for CMake config files
[3.388s] Level 1:colcon.colcon_core.environment:checking '/home/felix/robo/robo_ai_turku_2025/ros2_ws/install/lab1_bringup/lib'
[3.388s] Level 1:colcon.colcon_core.environment:checking '/home/felix/robo/robo_ai_turku_2025/ros2_ws/install/lab1_bringup/bin'
[3.388s] Level 1:colcon.colcon_core.environment:checking '/home/felix/robo/robo_ai_turku_2025/ros2_ws/install/lab1_bringup/lib/pkgconfig/lab1_bringup.pc'
[3.388s] Level 1:colcon.colcon_core.environment:checking '/home/felix/robo/robo_ai_turku_2025/ros2_ws/install/lab1_bringup/lib/python3.10/site-packages'
[3.388s] Level 1:colcon.colcon_core.shell:create_environment_hook('lab1_bringup', 'pythonpath')
[3.389s] INFO:colcon.colcon_core.shell:Creating environment hook '/home/felix/robo/robo_ai_turku_2025/ros2_ws/install/lab1_bringup/share/lab1_bringup/hook/pythonpath.ps1'
[3.389s] INFO:colcon.colcon_core.shell:Creating environment descriptor '/home/felix/robo/robo_ai_turku_2025/ros2_ws/install/lab1_bringup/share/lab1_bringup/hook/pythonpath.dsv'
[3.390s] INFO:colcon.colcon_core.shell:Creating environment hook '/home/felix/robo/robo_ai_turku_2025/ros2_ws/install/lab1_bringup/share/lab1_bringup/hook/pythonpath.sh'
[3.390s] Level 1:colcon.colcon_core.environment:checking '/home/felix/robo/robo_ai_turku_2025/ros2_ws/install/lab1_bringup/bin'
[3.391s] Level 1:colcon.colcon_core.environment:create_environment_scripts_only(lab1_bringup)
[3.391s] INFO:colcon.colcon_core.shell:Creating package script '/home/felix/robo/robo_ai_turku_2025/ros2_ws/install/lab1_bringup/share/lab1_bringup/package.ps1'
[3.393s] INFO:colcon.colcon_core.shell:Creating package descriptor '/home/felix/robo/robo_ai_turku_2025/ros2_ws/install/lab1_bringup/share/lab1_bringup/package.dsv'
[3.397s] INFO:colcon.colcon_core.shell:Creating package script '/home/felix/robo/robo_ai_turku_2025/ros2_ws/install/lab1_bringup/share/lab1_bringup/package.sh'
[3.398s] INFO:colcon.colcon_core.shell:Creating package script '/home/felix/robo/robo_ai_turku_2025/ros2_ws/install/lab1_bringup/share/lab1_bringup/package.bash'
[3.400s] INFO:colcon.colcon_core.shell:Creating package script '/home/felix/robo/robo_ai_turku_2025/ros2_ws/install/lab1_bringup/share/lab1_bringup/package.zsh'
[3.400s] Level 1:colcon.colcon_core.environment:create_file_with_runtime_dependencies(/home/felix/robo/robo_ai_turku_2025/ros2_ws/install/lab1_bringup/share/colcon-core/packages/lab1_bringup)
[3.422s] Level 1:colcon.colcon_core.environment:checking '/home/felix/robo/robo_ai_turku_2025/ros2_ws/install/lab01_task02' for CMake module files
[3.424s] DEBUG:colcon.colcon_core.event_handler.log_command:Invoked command in '/home/felix/robo/robo_ai_turku_2025/ros2_ws/src/lab01_task02' returned '0': PYTHONPATH=/home/felix/robo/robo_ai_turku_2025/ros2_ws/build/lab01_task02/prefix_override:/usr/lib/python3/dist-packages/colcon_core/task/python/colcon_distutils_commands:/home/felix/robo/robo_ai_turku_2025/ros2_ws/install/lab01_task02/lib/python3.10/site-packages:${PYTHONPATH} /usr/bin/python3 -W ignore:setup.py install is deprecated -W ignore:easy_install command is deprecated setup.py egg_info --egg-base ../../build/lab01_task02 build --build-base /home/felix/robo/robo_ai_turku_2025/ros2_ws/build/lab01_task02/build install --record /home/felix/robo/robo_ai_turku_2025/ros2_ws/build/lab01_task02/install.log --single-version-externally-managed install_data
[3.425s] Level 1:colcon.colcon_core.environment:checking '/home/felix/robo/robo_ai_turku_2025/ros2_ws/install/lab01_task02' for CMake config files
[3.429s] Level 1:colcon.colcon_core.environment:checking '/home/felix/robo/robo_ai_turku_2025/ros2_ws/install/lab01_task02/lib'
[3.429s] Level 1:colcon.colcon_core.environment:checking '/home/felix/robo/robo_ai_turku_2025/ros2_ws/install/lab01_task02/bin'
[3.429s] Level 1:colcon.colcon_core.environment:checking '/home/felix/robo/robo_ai_turku_2025/ros2_ws/install/lab01_task02/lib/pkgconfig/lab01_task02.pc'
[3.429s] Level 1:colcon.colcon_core.environment:checking '/home/felix/robo/robo_ai_turku_2025/ros2_ws/install/lab01_task02/lib/python3.10/site-packages'
[3.429s] Level 1:colcon.colcon_core.shell:create_environment_hook('lab01_task02', 'pythonpath')
[3.430s] INFO:colcon.colcon_core.shell:Creating environment hook '/home/felix/robo/robo_ai_turku_2025/ros2_ws/install/lab01_task02/share/lab01_task02/hook/pythonpath.ps1'
[3.430s] INFO:colcon.colcon_core.shell:Creating environment descriptor '/home/felix/robo/robo_ai_turku_2025/ros2_ws/install/lab01_task02/share/lab01_task02/hook/pythonpath.dsv'
[3.431s] INFO:colcon.colcon_core.shell:Creating environment hook '/home/felix/robo/robo_ai_turku_2025/ros2_ws/install/lab01_task02/share/lab01_task02/hook/pythonpath.sh'
[3.431s] Level 1:colcon.colcon_core.environment:checking '/home/felix/robo/robo_ai_turku_2025/ros2_ws/install/lab01_task02/bin'
[3.431s] Level 1:colcon.colcon_core.environment:create_environment_scripts_only(lab01_task02)
[3.432s] INFO:colcon.colcon_core.shell:Creating package script '/home/felix/robo/robo_ai_turku_2025/ros2_ws/install/lab01_task02/share/lab01_task02/package.ps1'
[3.432s] INFO:colcon.colcon_core.shell:Creating package descriptor '/home/felix/robo/robo_ai_turku_2025/ros2_ws/install/lab01_task02/share/lab01_task02/package.dsv'
[3.433s] INFO:colcon.colcon_core.shell:Creating package script '/home/felix/robo/robo_ai_turku_2025/ros2_ws/install/lab01_task02/share/lab01_task02/package.sh'
[3.433s] INFO:colcon.colcon_core.shell:Creating package script '/home/felix/robo/robo_ai_turku_2025/ros2_ws/install/lab01_task02/share/lab01_task02/package.bash'
[3.434s] INFO:colcon.colcon_core.shell:Creating package script '/home/felix/robo/robo_ai_turku_2025/ros2_ws/install/lab01_task02/share/lab01_task02/package.zsh'
[3.434s] Level 1:colcon.colcon_core.environment:create_file_with_runtime_dependencies(/home/felix/robo/robo_ai_turku_2025/ros2_ws/install/lab01_task02/share/colcon-core/packages/lab01_task02)
[3.436s] Level 1:colcon.colcon_core.environment:checking '/home/felix/robo/robo_ai_turku_2025/ros2_ws/install/task1' for CMake module files
[3.437s] DEBUG:colcon.colcon_core.event_handler.log_command:Invoked command in '/home/felix/robo/robo_ai_turku_2025/ros2_ws/src/task1' returned '0': PYTHONPATH=/home/felix/robo/robo_ai_turku_2025/ros2_ws/build/task1/prefix_override:/usr/lib/python3/dist-packages/colcon_core/task/python/colcon_distutils_commands:/home/felix/robo/robo_ai_turku_2025/ros2_ws/install/task1/lib/python3.10/site-packages:${PYTHONPATH} /usr/bin/python3 -W ignore:setup.py install is deprecated -W ignore:easy_install command is deprecated setup.py egg_info --egg-base ../../build/task1 build --build-base /home/felix/robo/robo_ai_turku_2025/ros2_ws/build/task1/build install --record /home/felix/robo/robo_ai_turku_2025/ros2_ws/build/task1/install.log --single-version-externally-managed install_data
[3.438s] Level 1:colcon.colcon_core.environment:checking '/home/felix/robo/robo_ai_turku_2025/ros2_ws/install/task1' for CMake config files
[3.441s] Level 1:colcon.colcon_core.environment:checking '/home/felix/robo/robo_ai_turku_2025/ros2_ws/install/task1/lib'
[3.441s] Level 1:colcon.colcon_core.environment:checking '/home/felix/robo/robo_ai_turku_2025/ros2_ws/install/task1/bin'
[3.441s] Level 1:colcon.colcon_core.environment:checking '/home/felix/robo/robo_ai_turku_2025/ros2_ws/install/task1/lib/pkgconfig/task1.pc'
[3.442s] Level 1:colcon.colcon_core.environment:checking '/home/felix/robo/robo_ai_turku_2025/ros2_ws/install/task1/lib/python3.10/site-packages'
[3.442s] Level 1:colcon.colcon_core.shell:create_environment_hook('task1', 'pythonpath')
[3.442s] INFO:colcon.colcon_core.shell:Creating environment hook '/home/felix/robo/robo_ai_turku_2025/ros2_ws/install/task1/share/task1/hook/pythonpath.ps1'
[3.442s] INFO:colcon.colcon_core.shell:Creating environment descriptor '/home/felix/robo/robo_ai_turku_2025/ros2_ws/install/task1/share/task1/hook/pythonpath.dsv'
[3.443s] INFO:colcon.colcon_core.shell:Creating environment hook '/home/felix/robo/robo_ai_turku_2025/ros2_ws/install/task1/share/task1/hook/pythonpath.sh'
[3.444s] Level 1:colcon.colcon_core.environment:checking '/home/felix/robo/robo_ai_turku_2025/ros2_ws/install/task1/bin'
[3.444s] Level 1:colcon.colcon_core.environment:create_environment_scripts_only(task1)
[3.444s] INFO:colcon.colcon_core.shell:Creating package script '/home/felix/robo/robo_ai_turku_2025/ros2_ws/install/task1/share/task1/package.ps1'
[3.445s] INFO:colcon.colcon_core.shell:Creating package descriptor '/home/felix/robo/robo_ai_turku_2025/ros2_ws/install/task1/share/task1/package.dsv'
[3.445s] INFO:colcon.colcon_core.shell:Creating package script '/home/felix/robo/robo_ai_turku_2025/ros2_ws/install/task1/share/task1/package.sh'
[3.446s] INFO:colcon.colcon_core.shell:Creating package script '/home/felix/robo/robo_ai_turku_2025/ros2_ws/install/task1/share/task1/package.bash'
[3.446s] INFO:colcon.colcon_core.shell:Creating package script '/home/felix/robo/robo_ai_turku_2025/ros2_ws/install/task1/share/task1/package.zsh'
[3.447s] Level 1:colcon.colcon_core.environment:create_file_with_runtime_dependencies(/home/felix/robo/robo_ai_turku_2025/ros2_ws/install/task1/share/colcon-core/packages/task1)
[3.447s] Level 1:colcon.colcon_core.environment:checking '/home/felix/robo/robo_ai_turku_2025/ros2_ws/install/lab01_task01' for CMake module files
[3.449s] DEBUG:colcon.colcon_core.event_handler.log_command:Invoked command in '/home/felix/robo/robo_ai_turku_2025/ros2_ws/src/lab01_task01' returned '0': PYTHONPATH=/home/felix/robo/robo_ai_turku_2025/ros2_ws/build/lab01_task01/prefix_override:/usr/lib/python3/dist-packages/colcon_core/task/python/colcon_distutils_commands:/home/felix/robo/robo_ai_turku_2025/ros2_ws/install/lab01_task01/lib/python3.10/site-packages:${PYTHONPATH} /usr/bin/python3 -W ignore:setup.py install is deprecated -W ignore:easy_install command is deprecated setup.py egg_info --egg-base ../../build/lab01_task01 build --build-base /home/felix/robo/robo_ai_turku_2025/ros2_ws/build/lab01_task01/build install --record /home/felix/robo/robo_ai_turku_2025/ros2_ws/build/lab01_task01/install.log --single-version-externally-managed install_data
[3.450s] Level 1:colcon.colcon_core.environment:checking '/home/felix/robo/robo_ai_turku_2025/ros2_ws/install/lab01_task01' for CMake config files
[3.453s] Level 1:colcon.colcon_core.environment:checking '/home/felix/robo/robo_ai_turku_2025/ros2_ws/install/lab01_task01/lib'
[3.453s] Level 1:colcon.colcon_core.environment:checking '/home/felix/robo/robo_ai_turku_2025/ros2_ws/install/lab01_task01/bin'
[3.453s] Level 1:colcon.colcon_core.environment:checking '/home/felix/robo/robo_ai_turku_2025/ros2_ws/install/lab01_task01/lib/pkgconfig/lab01_task01.pc'
[3.453s] Level 1:colcon.colcon_core.environment:checking '/home/felix/robo/robo_ai_turku_2025/ros2_ws/install/lab01_task01/lib/python3.10/site-packages'
[3.454s] Level 1:colcon.colcon_core.shell:create_environment_hook('lab01_task01', 'pythonpath')
[3.454s] INFO:colcon.colcon_core.shell:Creating environment hook '/home/felix/robo/robo_ai_turku_2025/ros2_ws/install/lab01_task01/share/lab01_task01/hook/pythonpath.ps1'
[3.454s] INFO:colcon.colcon_core.shell:Creating environment descriptor '/home/felix/robo/robo_ai_turku_2025/ros2_ws/install/lab01_task01/share/lab01_task01/hook/pythonpath.dsv'
[3.455s] INFO:colcon.colcon_core.shell:Creating environment hook '/home/felix/robo/robo_ai_turku_2025/ros2_ws/install/lab01_task01/share/lab01_task01/hook/pythonpath.sh'
[3.455s] Level 1:colcon.colcon_core.environment:checking '/home/felix/robo/robo_ai_turku_2025/ros2_ws/install/lab01_task01/bin'
[3.455s] Level 1:colcon.colcon_core.environment:create_environment_scripts_only(lab01_task01)
[3.456s] INFO:colcon.colcon_core.shell:Creating package script '/home/felix/robo/robo_ai_turku_2025/ros2_ws/install/lab01_task01/share/lab01_task01/package.ps1'
[3.456s] INFO:colcon.colcon_core.shell:Creating package descriptor '/home/felix/robo/robo_ai_turku_2025/ros2_ws/install/lab01_task01/share/lab01_task01/package.dsv'
[3.457s] INFO:colcon.colcon_core.shell:Creating package script '/home/felix/robo/robo_ai_turku_2025/ros2_ws/install/lab01_task01/share/lab01_task01/package.sh'
[3.457s] INFO:colcon.colcon_core.shell:Creating package script '/home/felix/robo/robo_ai_turku_2025/ros2_ws/install/lab01_task01/share/lab01_task01/package.bash'
[3.458s] INFO:colcon.colcon_core.shell:Creating package script '/home/felix/robo/robo_ai_turku_2025/ros2_ws/install/lab01_task01/share/lab01_task01/package.zsh'
[3.458s] Level 1:colcon.colcon_core.environment:create_file_with_runtime_dependencies(/home/felix/robo/robo_ai_turku_2025/ros2_ws/install/lab01_task01/share/colcon-core/packages/lab01_task01)
[3.459s] DEBUG:colcon.colcon_parallel_executor.executor.parallel:closing loop
[3.459s] DEBUG:colcon.colcon_parallel_executor.executor.parallel:loop closed
[3.459s] DEBUG:colcon.colcon_parallel_executor.executor.parallel:run_until_complete finished with '0'
[3.459s] DEBUG:colcon.colcon_core.event_reactor:joining thread
[3.496s] INFO:colcon.colcon_core.plugin_system:Skipping extension 'colcon_notification.desktop_notification.notify_send': Could not find 'notify-send'
[3.496s] INFO:colcon.colcon_core.plugin_system:Skipping extension 'colcon_notification.desktop_notification.terminal_notifier': Not used on non-Darwin systems
[3.497s] INFO:colcon.colcon_core.plugin_system:Skipping extension 'colcon_notification.desktop_notification.win32': Not used on non-Windows systems
[3.497s] INFO:colcon.colcon_notification.desktop_notification:Sending desktop notification using 'notify2'
[3.497s] DEBUG:colcon.colcon_notification.desktop_notification.notify2:Failed to initialize notify2: org.freedesktop.DBus.Error.FileNotFound: Failed to connect to socket /run/user/1000/bus: No such file or directory
[3.497s] DEBUG:colcon.colcon_core.event_reactor:joined thread
[3.498s] INFO:colcon.colcon_core.shell:Creating prefix script '/home/felix/robo/robo_ai_turku_2025/ros2_ws/install/local_setup.ps1'
[3.500s] INFO:colcon.colcon_core.shell:Creating prefix util module '/home/felix/robo/robo_ai_turku_2025/ros2_ws/install/_local_setup_util_ps1.py'
[3.502s] INFO:colcon.colcon_core.shell:Creating prefix chain script '/home/felix/robo/robo_ai_turku_2025/ros2_ws/install/setup.ps1'
[3.504s] INFO:colcon.colcon_core.shell:Creating prefix script '/home/felix/robo/robo_ai_turku_2025/ros2_ws/install/local_setup.sh'
[3.505s] INFO:colcon.colcon_core.shell:Creating prefix util module '/home/felix/robo/robo_ai_turku_2025/ros2_ws/install/_local_setup_util_sh.py'
[3.506s] INFO:colcon.colcon_core.shell:Creating prefix chain script '/home/felix/robo/robo_ai_turku_2025/ros2_ws/install/setup.sh'
[3.508s] INFO:colcon.colcon_core.shell:Creating prefix script '/home/felix/robo/robo_ai_turku_2025/ros2_ws/install/local_setup.bash'
[3.509s] INFO:colcon.colcon_core.shell:Creating prefix chain script '/home/felix/robo/robo_ai_turku_2025/ros2_ws/install/setup.bash'
[3.511s] INFO:colcon.colcon_core.shell:Creating prefix script '/home/felix/robo/robo_ai_turku_2025/ros2_ws/install/local_setup.zsh'
[3.512s] INFO:colcon.colcon_core.shell:Creating prefix chain script '/home/felix/robo/robo_ai_turku_2025/ros2_ws/install/setup.zsh'
