[0.230s] Invoking command in '/home/michael/robo_ai_turku_2025/ros2_lab2_ws/src/lab02_task03': PYTHONPATH=/home/michael/robo_ai_turku_2025/ros2_lab2_ws/build/lab02_task03/prefix_override:/usr/lib/python3/dist-packages/colcon_core/task/python/colcon_distutils_commands:/home/michael/robo_ai_turku_2025/ros2_lab2_ws/install/lab02_task03/lib/python3.10/site-packages:${PYTHONPATH} /usr/bin/python3 -W ignore:setup.py install is deprecated -W ignore:easy_install command is deprecated setup.py egg_info --egg-base ../../build/lab02_task03 build --build-base /home/michael/robo_ai_turku_2025/ros2_lab2_ws/build/lab02_task03/build install --record /home/michael/robo_ai_turku_2025/ros2_lab2_ws/build/lab02_task03/install.log --single-version-externally-managed install_data
[0.318s] running egg_info
[0.318s] writing ../../build/lab02_task03/lab02_task03.egg-info/PKG-INFO
[0.318s] writing dependency_links to ../../build/lab02_task03/lab02_task03.egg-info/dependency_links.txt
[0.318s] writing entry points to ../../build/lab02_task03/lab02_task03.egg-info/entry_points.txt
[0.318s] writing requirements to ../../build/lab02_task03/lab02_task03.egg-info/requires.txt
[0.319s] writing top-level names to ../../build/lab02_task03/lab02_task03.egg-info/top_level.txt
[0.319s] reading manifest file '../../build/lab02_task03/lab02_task03.egg-info/SOURCES.txt'
[0.319s] writing manifest file '../../build/lab02_task03/lab02_task03.egg-info/SOURCES.txt'
[0.320s] running build
[0.320s] running build_py
[0.320s] copying lab02_task03/tf_listener_rev.py -> /home/michael/robo_ai_turku_2025/ros2_lab2_ws/build/lab02_task03/build/lib/lab02_task03
[0.320s] running install
[0.320s] running install_lib
[0.321s] copying /home/michael/robo_ai_turku_2025/ros2_lab2_ws/build/lab02_task03/build/lib/lab02_task03/tf_listener_rev.py -> /home/michael/robo_ai_turku_2025/ros2_lab2_ws/install/lab02_task03/lib/python3.10/site-packages/lab02_task03
[0.321s] byte-compiling /home/michael/robo_ai_turku_2025/ros2_lab2_ws/install/lab02_task03/lib/python3.10/site-packages/lab02_task03/tf_listener_rev.py to tf_listener_rev.cpython-310.pyc
[0.321s] running install_data
[0.321s] running install_egg_info
[0.322s] removing '/home/michael/robo_ai_turku_2025/ros2_lab2_ws/install/lab02_task03/lib/python3.10/site-packages/lab02_task03-0.0.0-py3.10.egg-info' (and everything under it)
[0.322s] Copying ../../build/lab02_task03/lab02_task03.egg-info to /home/michael/robo_ai_turku_2025/ros2_lab2_ws/install/lab02_task03/lib/python3.10/site-packages/lab02_task03-0.0.0-py3.10.egg-info
[0.322s] running install_scripts
[0.330s] Installing tf_broadcaster script to /home/michael/robo_ai_turku_2025/ros2_lab2_ws/install/lab02_task03/lib/lab02_task03
[0.330s] Installing tf_listener script to /home/michael/robo_ai_turku_2025/ros2_lab2_ws/install/lab02_task03/lib/lab02_task03
[0.330s] Installing tf_listener_rev script to /home/michael/robo_ai_turku_2025/ros2_lab2_ws/install/lab02_task03/lib/lab02_task03
[0.330s] Installing tf_scanner script to /home/michael/robo_ai_turku_2025/ros2_lab2_ws/install/lab02_task03/lib/lab02_task03
[0.330s] Installing tf_static_broadcaster script to /home/michael/robo_ai_turku_2025/ros2_lab2_ws/install/lab02_task03/lib/lab02_task03
[0.330s] writing list of installed files to '/home/michael/robo_ai_turku_2025/ros2_lab2_ws/build/lab02_task03/install.log'
[0.340s] Invoked command in '/home/michael/robo_ai_turku_2025/ros2_lab2_ws/src/lab02_task03' returned '0': PYTHONPATH=/home/michael/robo_ai_turku_2025/ros2_lab2_ws/build/lab02_task03/prefix_override:/usr/lib/python3/dist-packages/colcon_core/task/python/colcon_distutils_commands:/home/michael/robo_ai_turku_2025/ros2_lab2_ws/install/lab02_task03/lib/python3.10/site-packages:${PYTHONPATH} /usr/bin/python3 -W ignore:setup.py install is deprecated -W ignore:easy_install command is deprecated setup.py egg_info --egg-base ../../build/lab02_task03 build --build-base /home/michael/robo_ai_turku_2025/ros2_lab2_ws/build/lab02_task03/build install --record /home/michael/robo_ai_turku_2025/ros2_lab2_ws/build/lab02_task03/install.log --single-version-externally-managed install_data
