[0.562s] Invoking command in '/home/bot/Algo2025/robo_ai_turku_2025/ros2_lab6_ws/src/name_navigation_stack': PYTHONPATH=/home/bot/Algo2025/robo_ai_turku_2025/ros2_lab6_ws/src/build/name_navigation_stack/prefix_override:/usr/lib/python3/dist-packages/colcon_core/task/python/colcon_distutils_commands:/home/bot/Algo2025/robo_ai_turku_2025/ros2_lab6_ws/src/install/name_navigation_stack/lib/python3.10/site-packages:${PYTHONPATH} /usr/bin/python3 -W ignore:setup.py install is deprecated -W ignore:easy_install command is deprecated setup.py egg_info --egg-base ../build/name_navigation_stack build --build-base /home/bot/Algo2025/robo_ai_turku_2025/ros2_lab6_ws/src/build/name_navigation_stack/build install --record /home/bot/Algo2025/robo_ai_turku_2025/ros2_lab6_ws/src/build/name_navigation_stack/install.log --single-version-externally-managed install_data
[0.736s] running egg_info
[0.737s] creating ../build/name_navigation_stack/name_navigation_stack.egg-info
[0.737s] writing ../build/name_navigation_stack/name_navigation_stack.egg-info/PKG-INFO
[0.737s] writing dependency_links to ../build/name_navigation_stack/name_navigation_stack.egg-info/dependency_links.txt
[0.737s] writing entry points to ../build/name_navigation_stack/name_navigation_stack.egg-info/entry_points.txt
[0.737s] writing requirements to ../build/name_navigation_stack/name_navigation_stack.egg-info/requires.txt
[0.737s] writing top-level names to ../build/name_navigation_stack/name_navigation_stack.egg-info/top_level.txt
[0.737s] writing manifest file '../build/name_navigation_stack/name_navigation_stack.egg-info/SOURCES.txt'
[0.738s] reading manifest file '../build/name_navigation_stack/name_navigation_stack.egg-info/SOURCES.txt'
[0.738s] adding license file 'LICENSE'
[0.740s] writing manifest file '../build/name_navigation_stack/name_navigation_stack.egg-info/SOURCES.txt'
[0.740s] running build
[0.740s] running build_py
[0.740s] creating /home/bot/Algo2025/robo_ai_turku_2025/ros2_lab6_ws/src/build/name_navigation_stack/build
[0.740s] creating /home/bot/Algo2025/robo_ai_turku_2025/ros2_lab6_ws/src/build/name_navigation_stack/build/lib
[0.740s] creating /home/bot/Algo2025/robo_ai_turku_2025/ros2_lab6_ws/src/build/name_navigation_stack/build/lib/name_navigation_stack
[0.740s] copying name_navigation_stack/__init__.py -> /home/bot/Algo2025/robo_ai_turku_2025/ros2_lab6_ws/src/build/name_navigation_stack/build/lib/name_navigation_stack
[0.741s] copying name_navigation_stack/mapper.py -> /home/bot/Algo2025/robo_ai_turku_2025/ros2_lab6_ws/src/build/name_navigation_stack/build/lib/name_navigation_stack
[0.741s] running install
[0.741s] running install_lib
[0.741s] creating /home/bot/Algo2025/robo_ai_turku_2025/ros2_lab6_ws/src/install/name_navigation_stack/lib/python3.10/site-packages/name_navigation_stack
[0.741s] copying /home/bot/Algo2025/robo_ai_turku_2025/ros2_lab6_ws/src/build/name_navigation_stack/build/lib/name_navigation_stack/__init__.py -> /home/bot/Algo2025/robo_ai_turku_2025/ros2_lab6_ws/src/install/name_navigation_stack/lib/python3.10/site-packages/name_navigation_stack
[0.741s] copying /home/bot/Algo2025/robo_ai_turku_2025/ros2_lab6_ws/src/build/name_navigation_stack/build/lib/name_navigation_stack/mapper.py -> /home/bot/Algo2025/robo_ai_turku_2025/ros2_lab6_ws/src/install/name_navigation_stack/lib/python3.10/site-packages/name_navigation_stack
[0.742s] byte-compiling /home/bot/Algo2025/robo_ai_turku_2025/ros2_lab6_ws/src/install/name_navigation_stack/lib/python3.10/site-packages/name_navigation_stack/__init__.py to __init__.cpython-310.pyc
[0.742s] byte-compiling /home/bot/Algo2025/robo_ai_turku_2025/ros2_lab6_ws/src/install/name_navigation_stack/lib/python3.10/site-packages/name_navigation_stack/mapper.py to mapper.cpython-310.pyc
[0.743s] running install_data
[0.743s] creating /home/bot/Algo2025/robo_ai_turku_2025/ros2_lab6_ws/src/install/name_navigation_stack/share/ament_index
[0.743s] creating /home/bot/Algo2025/robo_ai_turku_2025/ros2_lab6_ws/src/install/name_navigation_stack/share/ament_index/resource_index
[0.743s] creating /home/bot/Algo2025/robo_ai_turku_2025/ros2_lab6_ws/src/install/name_navigation_stack/share/ament_index/resource_index/packages
[0.743s] copying resource/name_navigation_stack -> /home/bot/Algo2025/robo_ai_turku_2025/ros2_lab6_ws/src/install/name_navigation_stack/share/ament_index/resource_index/packages
[0.743s] copying package.xml -> /home/bot/Algo2025/robo_ai_turku_2025/ros2_lab6_ws/src/install/name_navigation_stack/share/name_navigation_stack
[0.743s] running install_egg_info
[0.744s] Copying ../build/name_navigation_stack/name_navigation_stack.egg-info to /home/bot/Algo2025/robo_ai_turku_2025/ros2_lab6_ws/src/install/name_navigation_stack/lib/python3.10/site-packages/name_navigation_stack-0.0.0-py3.10.egg-info
[0.745s] running install_scripts
[0.761s] writing list of installed files to '/home/bot/Algo2025/robo_ai_turku_2025/ros2_lab6_ws/src/build/name_navigation_stack/install.log'
[0.787s] Invoked command in '/home/bot/Algo2025/robo_ai_turku_2025/ros2_lab6_ws/src/name_navigation_stack' returned '0': PYTHONPATH=/home/bot/Algo2025/robo_ai_turku_2025/ros2_lab6_ws/src/build/name_navigation_stack/prefix_override:/usr/lib/python3/dist-packages/colcon_core/task/python/colcon_distutils_commands:/home/bot/Algo2025/robo_ai_turku_2025/ros2_lab6_ws/src/install/name_navigation_stack/lib/python3.10/site-packages:${PYTHONPATH} /usr/bin/python3 -W ignore:setup.py install is deprecated -W ignore:easy_install command is deprecated setup.py egg_info --egg-base ../build/name_navigation_stack build --build-base /home/bot/Algo2025/robo_ai_turku_2025/ros2_lab6_ws/src/build/name_navigation_stack/build install --record /home/bot/Algo2025/robo_ai_turku_2025/ros2_lab6_ws/src/build/name_navigation_stack/install.log --single-version-externally-managed install_data
