[1.620s] Invoking command in '/home/felix/robo/robo_ai_turku_2025/ros2_ws/src/lab01_task01': PYTHONPATH=/home/felix/robo/robo_ai_turku_2025/ros2_ws/build/lab01_task01/prefix_override:/usr/lib/python3/dist-packages/colcon_core/task/python/colcon_distutils_commands:/home/felix/robo/robo_ai_turku_2025/ros2_ws/install/lab01_task01/lib/python3.10/site-packages:${PYTHONPATH} /usr/bin/python3 -W ignore:setup.py install is deprecated -W ignore:easy_install command is deprecated setup.py egg_info --egg-base ../../build/lab01_task01 build --build-base /home/felix/robo/robo_ai_turku_2025/ros2_ws/build/lab01_task01/build install --record /home/felix/robo/robo_ai_turku_2025/ros2_ws/build/lab01_task01/install.log --single-version-externally-managed install_data
[1.880s] running egg_info
[1.880s] writing ../../build/lab01_task01/lab01_task01.egg-info/PKG-INFO
[1.881s] writing dependency_links to ../../build/lab01_task01/lab01_task01.egg-info/dependency_links.txt
[1.881s] writing entry points to ../../build/lab01_task01/lab01_task01.egg-info/entry_points.txt
[1.881s] writing requirements to ../../build/lab01_task01/lab01_task01.egg-info/requires.txt
[1.882s] writing top-level names to ../../build/lab01_task01/lab01_task01.egg-info/top_level.txt
[1.887s] reading manifest file '../../build/lab01_task01/lab01_task01.egg-info/SOURCES.txt'
[1.888s] adding license file 'LICENSE'
[1.890s] writing manifest file '../../build/lab01_task01/lab01_task01.egg-info/SOURCES.txt'
[1.890s] running build
[1.890s] running build_py
[1.890s] copying lab01_task01/subscriber.py -> /home/felix/robo/robo_ai_turku_2025/ros2_ws/build/lab01_task01/build/lib/lab01_task01
[1.890s] running install
[1.891s] running install_lib
[1.892s] copying /home/felix/robo/robo_ai_turku_2025/ros2_ws/build/lab01_task01/build/lib/lab01_task01/subscriber.py -> /home/felix/robo/robo_ai_turku_2025/ros2_ws/install/lab01_task01/lib/python3.10/site-packages/lab01_task01
[1.893s] byte-compiling /home/felix/robo/robo_ai_turku_2025/ros2_ws/install/lab01_task01/lib/python3.10/site-packages/lab01_task01/subscriber.py to subscriber.cpython-310.pyc
[1.895s] running install_data
[1.896s] running install_egg_info
[1.897s] removing '/home/felix/robo/robo_ai_turku_2025/ros2_ws/install/lab01_task01/lib/python3.10/site-packages/lab01_task01-0.0.0-py3.10.egg-info' (and everything under it)
[1.897s] Copying ../../build/lab01_task01/lab01_task01.egg-info to /home/felix/robo/robo_ai_turku_2025/ros2_ws/install/lab01_task01/lib/python3.10/site-packages/lab01_task01-0.0.0-py3.10.egg-info
[1.900s] running install_scripts
[1.926s] Installing publisher script to /home/felix/robo/robo_ai_turku_2025/ros2_ws/install/lab01_task01/lib/lab01_task01
[1.926s] Installing subscriber script to /home/felix/robo/robo_ai_turku_2025/ros2_ws/install/lab01_task01/lib/lab01_task01
[1.926s] writing list of installed files to '/home/felix/robo/robo_ai_turku_2025/ros2_ws/build/lab01_task01/install.log'
[1.983s] Invoked command in '/home/felix/robo/robo_ai_turku_2025/ros2_ws/src/lab01_task01' returned '0': PYTHONPATH=/home/felix/robo/robo_ai_turku_2025/ros2_ws/build/lab01_task01/prefix_override:/usr/lib/python3/dist-packages/colcon_core/task/python/colcon_distutils_commands:/home/felix/robo/robo_ai_turku_2025/ros2_ws/install/lab01_task01/lib/python3.10/site-packages:${PYTHONPATH} /usr/bin/python3 -W ignore:setup.py install is deprecated -W ignore:easy_install command is deprecated setup.py egg_info --egg-base ../../build/lab01_task01 build --build-base /home/felix/robo/robo_ai_turku_2025/ros2_ws/build/lab01_task01/build install --record /home/felix/robo/robo_ai_turku_2025/ros2_ws/build/lab01_task01/install.log --single-version-externally-managed install_data
