[0.073s] Invoking command in '/home/felix/robo/robo_ai_turku_2025/ros2_ws/build/custom_interface': CMAKE_PREFIX_PATH=${CMAKE_PREFIX_PATH}:/home/felix/robo/robo_ai_turku_2025/ros2_ws/install/lab01_task05:/home/felix/robo/robo_ai_turku_2025/ros2_ws/install/lab01_task03:/home/felix/robo/robo_ai_turku_2025/ros2_ws/install/lab01_task02:/home/felix/robo/robo_ai_turku_2025/ros2_ws/install/lab01_task01:/home/felix/robo/robo_ai_turku_2025/ros2_ws/install/lab1_bringup:/home/felix/robo/robo_ai_turku_2025/ros2_ws/install/task1:/opt/ros/humble /usr/bin/cmake --build /home/felix/robo/robo_ai_turku_2025/ros2_ws/build/custom_interface -- -j22 -l22
[0.959s] [  1%] Built target custom_interface__cpp
[0.960s] [ 12%] Built target custom_interface__rosidl_generator_c
[0.960s] [ 23%] Built target custom_interface__rosidl_typesupport_fastrtps_cpp
[0.960s] [ 35%] Built target custom_interface__rosidl_typesupport_c
[0.960s] [ 54%] Built target custom_interface__rosidl_typesupport_cpp
[0.960s] [ 63%] Built target custom_interface__rosidl_typesupport_introspection_cpp
[0.960s] [ 69%] Built target custom_interface__rosidl_typesupport_fastrtps_c
[0.960s] [ 69%] Built target ament_cmake_python_copy_custom_interface
[0.960s] [ 80%] Built target custom_interface__rosidl_typesupport_introspection_c
[0.960s] [ 80%] Built target custom_interface
[0.960s] [ 81%] Built target custom_interface__py
[0.960s] [ 91%] Built target custom_interface__rosidl_generator_py
[0.960s] [ 94%] Built target custom_interface__rosidl_typesupport_introspection_c__pyext
[0.960s] [ 97%] Built target custom_interface__rosidl_typesupport_fastrtps_c__pyext
[0.960s] [100%] Built target custom_interface__rosidl_typesupport_c__pyext
[0.960s] running egg_info
[0.960s] writing custom_interface.egg-info/PKG-INFO
[0.960s] writing dependency_links to custom_interface.egg-info/dependency_links.txt
[0.960s] writing top-level names to custom_interface.egg-info/top_level.txt
[0.961s] reading manifest file 'custom_interface.egg-info/SOURCES.txt'
[0.961s] writing manifest file 'custom_interface.egg-info/SOURCES.txt'
[0.961s] [100%] Built target ament_cmake_python_build_custom_interface_egg
[1.264s] Invoked command in '/home/felix/robo/robo_ai_turku_2025/ros2_ws/build/custom_interface' returned '0': CMAKE_PREFIX_PATH=${CMAKE_PREFIX_PATH}:/home/felix/robo/robo_ai_turku_2025/ros2_ws/install/lab01_task05:/home/felix/robo/robo_ai_turku_2025/ros2_ws/install/lab01_task03:/home/felix/robo/robo_ai_turku_2025/ros2_ws/install/lab01_task02:/home/felix/robo/robo_ai_turku_2025/ros2_ws/install/lab01_task01:/home/felix/robo/robo_ai_turku_2025/ros2_ws/install/lab1_bringup:/home/felix/robo/robo_ai_turku_2025/ros2_ws/install/task1:/opt/ros/humble /usr/bin/cmake --build /home/felix/robo/robo_ai_turku_2025/ros2_ws/build/custom_interface -- -j22 -l22
[1.278s] Invoking command in '/home/felix/robo/robo_ai_turku_2025/ros2_ws/build/custom_interface': CMAKE_PREFIX_PATH=${CMAKE_PREFIX_PATH}:/home/felix/robo/robo_ai_turku_2025/ros2_ws/install/lab01_task05:/home/felix/robo/robo_ai_turku_2025/ros2_ws/install/lab01_task03:/home/felix/robo/robo_ai_turku_2025/ros2_ws/install/lab01_task02:/home/felix/robo/robo_ai_turku_2025/ros2_ws/install/lab01_task01:/home/felix/robo/robo_ai_turku_2025/ros2_ws/install/lab1_bringup:/home/felix/robo/robo_ai_turku_2025/ros2_ws/install/task1:/opt/ros/humble /usr/bin/cmake --install /home/felix/robo/robo_ai_turku_2025/ros2_ws/build/custom_interface
[1.294s] -- Install configuration: ""
[1.294s] -- Up-to-date: /home/felix/robo/robo_ai_turku_2025/ros2_ws/install/custom_interface/share/ament_index/resource_index/rosidl_interfaces/custom_interface
[1.294s] -- Up-to-date: /home/felix/robo/robo_ai_turku_2025/ros2_ws/install/custom_interface/include/custom_interface/custom_interface
[1.295s] -- Up-to-date: /home/felix/robo/robo_ai_turku_2025/ros2_ws/install/custom_interface/include/custom_interface/custom_interface/msg
[1.297s] -- Up-to-date: /home/felix/robo/robo_ai_turku_2025/ros2_ws/install/custom_interface/include/custom_interface/custom_interface/msg/count.h
[1.297s] -- Up-to-date: /home/felix/robo/robo_ai_turku_2025/ros2_ws/install/custom_interface/include/custom_interface/custom_interface/msg/task_msg.h
[1.297s] -- Up-to-date: /home/felix/robo/robo_ai_turku_2025/ros2_ws/install/custom_interface/include/custom_interface/custom_interface/msg/request_distance_msg.h
[1.297s] -- Up-to-date: /home/felix/robo/robo_ai_turku_2025/ros2_ws/install/custom_interface/include/custom_interface/custom_interface/msg/rosidl_generator_c__visibility_control.h
[1.297s] -- Up-to-date: /home/felix/robo/robo_ai_turku_2025/ros2_ws/install/custom_interface/include/custom_interface/custom_interface/msg/response_distance_msg.h
[1.298s] -- Up-to-date: /home/felix/robo/robo_ai_turku_2025/ros2_ws/install/custom_interface/include/custom_interface/custom_interface/msg/detail
[1.298s] -- Up-to-date: /home/felix/robo/robo_ai_turku_2025/ros2_ws/install/custom_interface/include/custom_interface/custom_interface/msg/detail/response_distance_msg__functions.c
[1.298s] -- Up-to-date: /home/felix/robo/robo_ai_turku_2025/ros2_ws/install/custom_interface/include/custom_interface/custom_interface/msg/detail/response_distance_msg__type_support.h
[1.298s] -- Up-to-date: /home/felix/robo/robo_ai_turku_2025/ros2_ws/install/custom_interface/include/custom_interface/custom_interface/msg/detail/task_msg__struct.h
[1.298s] -- Up-to-date: /home/felix/robo/robo_ai_turku_2025/ros2_ws/install/custom_interface/include/custom_interface/custom_interface/msg/detail/count__functions.h
[1.299s] -- Up-to-date: /home/felix/robo/robo_ai_turku_2025/ros2_ws/install/custom_interface/include/custom_interface/custom_interface/msg/detail/request_distance_msg__struct.h
[1.299s] -- Up-to-date: /home/felix/robo/robo_ai_turku_2025/ros2_ws/install/custom_interface/include/custom_interface/custom_interface/msg/detail/request_distance_msg__functions.h
[1.299s] -- Up-to-date: /home/felix/robo/robo_ai_turku_2025/ros2_ws/install/custom_interface/include/custom_interface/custom_interface/msg/detail/count__struct.h
[1.299s] -- Up-to-date: /home/felix/robo/robo_ai_turku_2025/ros2_ws/install/custom_interface/include/custom_interface/custom_interface/msg/detail/response_distance_msg__functions.h
[1.299s] -- Up-to-date: /home/felix/robo/robo_ai_turku_2025/ros2_ws/install/custom_interface/include/custom_interface/custom_interface/msg/detail/count__functions.c
[1.299s] -- Up-to-date: /home/felix/robo/robo_ai_turku_2025/ros2_ws/install/custom_interface/include/custom_interface/custom_interface/msg/detail/task_msg__functions.c
[1.300s] -- Up-to-date: /home/felix/robo/robo_ai_turku_2025/ros2_ws/install/custom_interface/include/custom_interface/custom_interface/msg/detail/task_msg__functions.h
[1.300s] -- Up-to-date: /home/felix/robo/robo_ai_turku_2025/ros2_ws/install/custom_interface/include/custom_interface/custom_interface/msg/detail/task_msg__type_support.h
[1.300s] -- Up-to-date: /home/felix/robo/robo_ai_turku_2025/ros2_ws/install/custom_interface/include/custom_interface/custom_interface/msg/detail/response_distance_msg__struct.h
[1.300s] -- Up-to-date: /home/felix/robo/robo_ai_turku_2025/ros2_ws/install/custom_interface/include/custom_interface/custom_interface/msg/detail/request_distance_msg__functions.c
[1.300s] -- Up-to-date: /home/felix/robo/robo_ai_turku_2025/ros2_ws/install/custom_interface/include/custom_interface/custom_interface/msg/detail/request_distance_msg__type_support.h
[1.300s] -- Up-to-date: /home/felix/robo/robo_ai_turku_2025/ros2_ws/install/custom_interface/include/custom_interface/custom_interface/msg/detail/count__type_support.h
[1.301s] -- Up-to-date: /home/felix/robo/robo_ai_turku_2025/ros2_ws/install/custom_interface/include/custom_interface/custom_interface/action
[1.301s] -- Up-to-date: /home/felix/robo/robo_ai_turku_2025/ros2_ws/install/custom_interface/include/custom_interface/custom_interface/action/countdown.h
[1.301s] -- Up-to-date: /home/felix/robo/robo_ai_turku_2025/ros2_ws/install/custom_interface/include/custom_interface/custom_interface/action/detail
[1.302s] -- Up-to-date: /home/felix/robo/robo_ai_turku_2025/ros2_ws/install/custom_interface/include/custom_interface/custom_interface/action/detail/countdown__type_support.h
[1.305s] -- Up-to-date: /home/felix/robo/robo_ai_turku_2025/ros2_ws/install/custom_interface/include/custom_interface/custom_interface/action/detail/countdown__functions.c
[1.305s] -- Up-to-date: /home/felix/robo/robo_ai_turku_2025/ros2_ws/install/custom_interface/include/custom_interface/custom_interface/action/detail/countdown__functions.h
[1.306s] -- Up-to-date: /home/felix/robo/robo_ai_turku_2025/ros2_ws/install/custom_interface/include/custom_interface/custom_interface/action/detail/countdown__struct.h
[1.306s] -- Up-to-date: /home/felix/robo/robo_ai_turku_2025/ros2_ws/install/custom_interface/include/custom_interface/custom_interface/srv
[1.306s] -- Up-to-date: /home/felix/robo/robo_ai_turku_2025/ros2_ws/install/custom_interface/include/custom_interface/custom_interface/srv/calculate_distance.h
[1.306s] -- Up-to-date: /home/felix/robo/robo_ai_turku_2025/ros2_ws/install/custom_interface/include/custom_interface/custom_interface/srv/detail
[1.306s] -- Up-to-date: /home/felix/robo/robo_ai_turku_2025/ros2_ws/install/custom_interface/include/custom_interface/custom_interface/srv/detail/calculate_distance__functions.c
[1.306s] -- Up-to-date: /home/felix/robo/robo_ai_turku_2025/ros2_ws/install/custom_interface/include/custom_interface/custom_interface/srv/detail/calculate_distance__type_support.h
[1.306s] -- Up-to-date: /home/felix/robo/robo_ai_turku_2025/ros2_ws/install/custom_interface/include/custom_interface/custom_interface/srv/detail/calculate_distance__functions.h
[1.306s] -- Up-to-date: /home/felix/robo/robo_ai_turku_2025/ros2_ws/install/custom_interface/include/custom_interface/custom_interface/srv/detail/calculate_distance__struct.h
[1.306s] -- Up-to-date: /home/felix/robo/robo_ai_turku_2025/ros2_ws/install/custom_interface/share/custom_interface/environment/library_path.sh
[1.306s] -- Up-to-date: /home/felix/robo/robo_ai_turku_2025/ros2_ws/install/custom_interface/share/custom_interface/environment/library_path.dsv
[1.306s] -- Up-to-date: /home/felix/robo/robo_ai_turku_2025/ros2_ws/install/custom_interface/lib/libcustom_interface__rosidl_generator_c.so
[1.307s] -- Up-to-date: /home/felix/robo/robo_ai_turku_2025/ros2_ws/install/custom_interface/include/custom_interface/custom_interface
[1.307s] -- Up-to-date: /home/felix/robo/robo_ai_turku_2025/ros2_ws/install/custom_interface/include/custom_interface/custom_interface/msg
[1.307s] -- Up-to-date: /home/felix/robo/robo_ai_turku_2025/ros2_ws/install/custom_interface/include/custom_interface/custom_interface/msg/detail
[1.307s] -- Up-to-date: /home/felix/robo/robo_ai_turku_2025/ros2_ws/install/custom_interface/include/custom_interface/custom_interface/msg/detail/task_msg__rosidl_typesupport_fastrtps_c.h
[1.307s] -- Up-to-date: /home/felix/robo/robo_ai_turku_2025/ros2_ws/install/custom_interface/include/custom_interface/custom_interface/msg/detail/request_distance_msg__rosidl_typesupport_fastrtps_c.h
[1.308s] -- Up-to-date: /home/felix/robo/robo_ai_turku_2025/ros2_ws/install/custom_interface/include/custom_interface/custom_interface/msg/detail/count__rosidl_typesupport_fastrtps_c.h
[1.308s] -- Up-to-date: /home/felix/robo/robo_ai_turku_2025/ros2_ws/install/custom_interface/include/custom_interface/custom_interface/msg/detail/response_distance_msg__rosidl_typesupport_fastrtps_c.h
[1.308s] -- Up-to-date: /home/felix/robo/robo_ai_turku_2025/ros2_ws/install/custom_interface/include/custom_interface/custom_interface/msg/rosidl_typesupport_fastrtps_c__visibility_control.h
[1.308s] -- Up-to-date: /home/felix/robo/robo_ai_turku_2025/ros2_ws/install/custom_interface/include/custom_interface/custom_interface/action
[1.308s] -- Up-to-date: /home/felix/robo/robo_ai_turku_2025/ros2_ws/install/custom_interface/include/custom_interface/custom_interface/action/detail
[1.308s] -- Up-to-date: /home/felix/robo/robo_ai_turku_2025/ros2_ws/install/custom_interface/include/custom_interface/custom_interface/action/detail/countdown__rosidl_typesupport_fastrtps_c.h
[1.308s] -- Up-to-date: /home/felix/robo/robo_ai_turku_2025/ros2_ws/install/custom_interface/include/custom_interface/custom_interface/srv
[1.308s] -- Up-to-date: /home/felix/robo/robo_ai_turku_2025/ros2_ws/install/custom_interface/include/custom_interface/custom_interface/srv/detail
[1.308s] -- Up-to-date: /home/felix/robo/robo_ai_turku_2025/ros2_ws/install/custom_interface/include/custom_interface/custom_interface/srv/detail/calculate_distance__rosidl_typesupport_fastrtps_c.h
[1.308s] -- Up-to-date: /home/felix/robo/robo_ai_turku_2025/ros2_ws/install/custom_interface/lib/libcustom_interface__rosidl_typesupport_fastrtps_c.so
[1.308s] -- Up-to-date: /home/felix/robo/robo_ai_turku_2025/ros2_ws/install/custom_interface/include/custom_interface/custom_interface
[1.311s] -- Up-to-date: /home/felix/robo/robo_ai_turku_2025/ros2_ws/install/custom_interface/include/custom_interface/custom_interface/msg
[1.312s] -- Up-to-date: /home/felix/robo/robo_ai_turku_2025/ros2_ws/install/custom_interface/include/custom_interface/custom_interface/msg/request_distance_msg.hpp
[1.312s] -- Up-to-date: /home/felix/robo/robo_ai_turku_2025/ros2_ws/install/custom_interface/include/custom_interface/custom_interface/msg/count.hpp
[1.312s] -- Up-to-date: /home/felix/robo/robo_ai_turku_2025/ros2_ws/install/custom_interface/include/custom_interface/custom_interface/msg/response_distance_msg.hpp
[1.312s] -- Up-to-date: /home/felix/robo/robo_ai_turku_2025/ros2_ws/install/custom_interface/include/custom_interface/custom_interface/msg/rosidl_generator_cpp__visibility_control.hpp
[1.312s] -- Up-to-date: /home/felix/robo/robo_ai_turku_2025/ros2_ws/install/custom_interface/include/custom_interface/custom_interface/msg/task_msg.hpp
[1.312s] -- Up-to-date: /home/felix/robo/robo_ai_turku_2025/ros2_ws/install/custom_interface/include/custom_interface/custom_interface/msg/detail
[1.313s] -- Up-to-date: /home/felix/robo/robo_ai_turku_2025/ros2_ws/install/custom_interface/include/custom_interface/custom_interface/msg/detail/request_distance_msg__builder.hpp
[1.313s] -- Up-to-date: /home/felix/robo/robo_ai_turku_2025/ros2_ws/install/custom_interface/include/custom_interface/custom_interface/msg/detail/task_msg__traits.hpp
[1.314s] -- Up-to-date: /home/felix/robo/robo_ai_turku_2025/ros2_ws/install/custom_interface/include/custom_interface/custom_interface/msg/detail/task_msg__builder.hpp
[1.314s] -- Up-to-date: /home/felix/robo/robo_ai_turku_2025/ros2_ws/install/custom_interface/include/custom_interface/custom_interface/msg/detail/request_distance_msg__traits.hpp
[1.314s] -- Up-to-date: /home/felix/robo/robo_ai_turku_2025/ros2_ws/install/custom_interface/include/custom_interface/custom_interface/msg/detail/request_distance_msg__struct.hpp
[1.315s] -- Up-to-date: /home/felix/robo/robo_ai_turku_2025/ros2_ws/install/custom_interface/include/custom_interface/custom_interface/msg/detail/count__traits.hpp
[1.315s] -- Up-to-date: /home/felix/robo/robo_ai_turku_2025/ros2_ws/install/custom_interface/include/custom_interface/custom_interface/msg/detail/response_distance_msg__type_support.hpp
[1.315s] -- Up-to-date: /home/felix/robo/robo_ai_turku_2025/ros2_ws/install/custom_interface/include/custom_interface/custom_interface/msg/detail/response_distance_msg__struct.hpp
[1.315s] -- Up-to-date: /home/felix/robo/robo_ai_turku_2025/ros2_ws/install/custom_interface/include/custom_interface/custom_interface/msg/detail/response_distance_msg__traits.hpp
[1.315s] -- Up-to-date: /home/felix/robo/robo_ai_turku_2025/ros2_ws/install/custom_interface/include/custom_interface/custom_interface/msg/detail/response_distance_msg__builder.hpp
[1.315s] -- Up-to-date: /home/felix/robo/robo_ai_turku_2025/ros2_ws/install/custom_interface/include/custom_interface/custom_interface/msg/detail/count__struct.hpp
[1.316s] -- Up-to-date: /home/felix/robo/robo_ai_turku_2025/ros2_ws/install/custom_interface/include/custom_interface/custom_interface/msg/detail/count__type_support.hpp
[1.316s] -- Up-to-date: /home/felix/robo/robo_ai_turku_2025/ros2_ws/install/custom_interface/include/custom_interface/custom_interface/msg/detail/task_msg__struct.hpp
[1.316s] -- Up-to-date: /home/felix/robo/robo_ai_turku_2025/ros2_ws/install/custom_interface/include/custom_interface/custom_interface/msg/detail/count__builder.hpp
[1.316s] -- Up-to-date: /home/felix/robo/robo_ai_turku_2025/ros2_ws/install/custom_interface/include/custom_interface/custom_interface/msg/detail/request_distance_msg__type_support.hpp
[1.316s] -- Up-to-date: /home/felix/robo/robo_ai_turku_2025/ros2_ws/install/custom_interface/include/custom_interface/custom_interface/msg/detail/task_msg__type_support.hpp
[1.317s] -- Up-to-date: /home/felix/robo/robo_ai_turku_2025/ros2_ws/install/custom_interface/include/custom_interface/custom_interface/action
[1.317s] -- Up-to-date: /home/felix/robo/robo_ai_turku_2025/ros2_ws/install/custom_interface/include/custom_interface/custom_interface/action/countdown.hpp
[1.317s] -- Up-to-date: /home/felix/robo/robo_ai_turku_2025/ros2_ws/install/custom_interface/include/custom_interface/custom_interface/action/detail
[1.317s] -- Up-to-date: /home/felix/robo/robo_ai_turku_2025/ros2_ws/install/custom_interface/include/custom_interface/custom_interface/action/detail/countdown__type_support.hpp
[1.317s] -- Up-to-date: /home/felix/robo/robo_ai_turku_2025/ros2_ws/install/custom_interface/include/custom_interface/custom_interface/action/detail/countdown__builder.hpp
[1.318s] -- Up-to-date: /home/felix/robo/robo_ai_turku_2025/ros2_ws/install/custom_interface/include/custom_interface/custom_interface/action/detail/countdown__struct.hpp
[1.318s] -- Up-to-date: /home/felix/robo/robo_ai_turku_2025/ros2_ws/install/custom_interface/include/custom_interface/custom_interface/action/detail/countdown__traits.hpp
[1.318s] -- Up-to-date: /home/felix/robo/robo_ai_turku_2025/ros2_ws/install/custom_interface/include/custom_interface/custom_interface/srv
[1.318s] -- Up-to-date: /home/felix/robo/robo_ai_turku_2025/ros2_ws/install/custom_interface/include/custom_interface/custom_interface/srv/calculate_distance.hpp
[1.318s] -- Up-to-date: /home/felix/robo/robo_ai_turku_2025/ros2_ws/install/custom_interface/include/custom_interface/custom_interface/srv/detail
[1.318s] -- Up-to-date: /home/felix/robo/robo_ai_turku_2025/ros2_ws/install/custom_interface/include/custom_interface/custom_interface/srv/detail/calculate_distance__type_support.hpp
[1.318s] -- Up-to-date: /home/felix/robo/robo_ai_turku_2025/ros2_ws/install/custom_interface/include/custom_interface/custom_interface/srv/detail/calculate_distance__builder.hpp
[1.318s] -- Up-to-date: /home/felix/robo/robo_ai_turku_2025/ros2_ws/install/custom_interface/include/custom_interface/custom_interface/srv/detail/calculate_distance__traits.hpp
[1.318s] -- Up-to-date: /home/felix/robo/robo_ai_turku_2025/ros2_ws/install/custom_interface/include/custom_interface/custom_interface/srv/detail/calculate_distance__struct.hpp
[1.318s] -- Up-to-date: /home/felix/robo/robo_ai_turku_2025/ros2_ws/install/custom_interface/include/custom_interface/custom_interface
[1.318s] -- Up-to-date: /home/felix/robo/robo_ai_turku_2025/ros2_ws/install/custom_interface/include/custom_interface/custom_interface/msg
[1.319s] -- Up-to-date: /home/felix/robo/robo_ai_turku_2025/ros2_ws/install/custom_interface/include/custom_interface/custom_interface/msg/rosidl_typesupport_fastrtps_cpp__visibility_control.h
[1.319s] -- Up-to-date: /home/felix/robo/robo_ai_turku_2025/ros2_ws/install/custom_interface/include/custom_interface/custom_interface/msg/detail
[1.320s] -- Up-to-date: /home/felix/robo/robo_ai_turku_2025/ros2_ws/install/custom_interface/include/custom_interface/custom_interface/msg/detail/request_distance_msg__rosidl_typesupport_fastrtps_cpp.hpp
[1.320s] -- Up-to-date: /home/felix/robo/robo_ai_turku_2025/ros2_ws/install/custom_interface/include/custom_interface/custom_interface/msg/detail/response_distance_msg__rosidl_typesupport_fastrtps_cpp.hpp
[1.321s] -- Up-to-date: /home/felix/robo/robo_ai_turku_2025/ros2_ws/install/custom_interface/include/custom_interface/custom_interface/msg/detail/task_msg__rosidl_typesupport_fastrtps_cpp.hpp
[1.321s] -- Up-to-date: /home/felix/robo/robo_ai_turku_2025/ros2_ws/install/custom_interface/include/custom_interface/custom_interface/msg/detail/count__rosidl_typesupport_fastrtps_cpp.hpp
[1.321s] -- Up-to-date: /home/felix/robo/robo_ai_turku_2025/ros2_ws/install/custom_interface/include/custom_interface/custom_interface/msg/detail/dds_fastrtps
[1.322s] -- Up-to-date: /home/felix/robo/robo_ai_turku_2025/ros2_ws/install/custom_interface/include/custom_interface/custom_interface/action
[1.323s] -- Up-to-date: /home/felix/robo/robo_ai_turku_2025/ros2_ws/install/custom_interface/include/custom_interface/custom_interface/action/detail
[1.325s] -- Up-to-date: /home/felix/robo/robo_ai_turku_2025/ros2_ws/install/custom_interface/include/custom_interface/custom_interface/action/detail/dds_fastrtps
[1.327s] -- Up-to-date: /home/felix/robo/robo_ai_turku_2025/ros2_ws/install/custom_interface/include/custom_interface/custom_interface/action/detail/countdown__rosidl_typesupport_fastrtps_cpp.hpp
[1.327s] -- Up-to-date: /home/felix/robo/robo_ai_turku_2025/ros2_ws/install/custom_interface/include/custom_interface/custom_interface/srv
[1.327s] -- Up-to-date: /home/felix/robo/robo_ai_turku_2025/ros2_ws/install/custom_interface/include/custom_interface/custom_interface/srv/detail
[1.328s] -- Up-to-date: /home/felix/robo/robo_ai_turku_2025/ros2_ws/install/custom_interface/include/custom_interface/custom_interface/srv/detail/calculate_distance__rosidl_typesupport_fastrtps_cpp.hpp
[1.328s] -- Up-to-date: /home/felix/robo/robo_ai_turku_2025/ros2_ws/install/custom_interface/include/custom_interface/custom_interface/srv/detail/dds_fastrtps
[1.332s] -- Up-to-date: /home/felix/robo/robo_ai_turku_2025/ros2_ws/install/custom_interface/lib/libcustom_interface__rosidl_typesupport_fastrtps_cpp.so
[1.332s] -- Up-to-date: /home/felix/robo/robo_ai_turku_2025/ros2_ws/install/custom_interface/include/custom_interface/custom_interface
[1.332s] -- Up-to-date: /home/felix/robo/robo_ai_turku_2025/ros2_ws/install/custom_interface/include/custom_interface/custom_interface/msg
[1.333s] -- Up-to-date: /home/felix/robo/robo_ai_turku_2025/ros2_ws/install/custom_interface/include/custom_interface/custom_interface/msg/rosidl_typesupport_introspection_c__visibility_control.h
[1.333s] -- Up-to-date: /home/felix/robo/robo_ai_turku_2025/ros2_ws/install/custom_interface/include/custom_interface/custom_interface/msg/detail
[1.334s] -- Up-to-date: /home/felix/robo/robo_ai_turku_2025/ros2_ws/install/custom_interface/include/custom_interface/custom_interface/msg/detail/count__rosidl_typesupport_introspection_c.h
[1.334s] -- Up-to-date: /home/felix/robo/robo_ai_turku_2025/ros2_ws/install/custom_interface/include/custom_interface/custom_interface/msg/detail/response_distance_msg__rosidl_typesupport_introspection_c.h
[1.334s] -- Up-to-date: /home/felix/robo/robo_ai_turku_2025/ros2_ws/install/custom_interface/include/custom_interface/custom_interface/msg/detail/response_distance_msg__type_support.c
[1.334s] -- Up-to-date: /home/felix/robo/robo_ai_turku_2025/ros2_ws/install/custom_interface/include/custom_interface/custom_interface/msg/detail/request_distance_msg__rosidl_typesupport_introspection_c.h
[1.335s] -- Up-to-date: /home/felix/robo/robo_ai_turku_2025/ros2_ws/install/custom_interface/include/custom_interface/custom_interface/msg/detail/request_distance_msg__type_support.c
[1.335s] -- Up-to-date: /home/felix/robo/robo_ai_turku_2025/ros2_ws/install/custom_interface/include/custom_interface/custom_interface/msg/detail/task_msg__rosidl_typesupport_introspection_c.h
[1.335s] -- Up-to-date: /home/felix/robo/robo_ai_turku_2025/ros2_ws/install/custom_interface/include/custom_interface/custom_interface/msg/detail/count__type_support.c
[1.335s] -- Up-to-date: /home/felix/robo/robo_ai_turku_2025/ros2_ws/install/custom_interface/include/custom_interface/custom_interface/msg/detail/task_msg__type_support.c
[1.335s] -- Up-to-date: /home/felix/robo/robo_ai_turku_2025/ros2_ws/install/custom_interface/include/custom_interface/custom_interface/action
[1.336s] -- Up-to-date: /home/felix/robo/robo_ai_turku_2025/ros2_ws/install/custom_interface/include/custom_interface/custom_interface/action/detail
[1.336s] -- Up-to-date: /home/felix/robo/robo_ai_turku_2025/ros2_ws/install/custom_interface/include/custom_interface/custom_interface/action/detail/countdown__type_support.c
[1.337s] -- Up-to-date: /home/felix/robo/robo_ai_turku_2025/ros2_ws/install/custom_interface/include/custom_interface/custom_interface/action/detail/countdown__rosidl_typesupport_introspection_c.h
[1.337s] -- Up-to-date: /home/felix/robo/robo_ai_turku_2025/ros2_ws/install/custom_interface/include/custom_interface/custom_interface/srv
[1.337s] -- Up-to-date: /home/felix/robo/robo_ai_turku_2025/ros2_ws/install/custom_interface/include/custom_interface/custom_interface/srv/detail
[1.338s] -- Up-to-date: /home/felix/robo/robo_ai_turku_2025/ros2_ws/install/custom_interface/include/custom_interface/custom_interface/srv/detail/calculate_distance__type_support.c
[1.338s] -- Up-to-date: /home/felix/robo/robo_ai_turku_2025/ros2_ws/install/custom_interface/include/custom_interface/custom_interface/srv/detail/calculate_distance__rosidl_typesupport_introspection_c.h
[1.338s] -- Up-to-date: /home/felix/robo/robo_ai_turku_2025/ros2_ws/install/custom_interface/lib/libcustom_interface__rosidl_typesupport_introspection_c.so
[1.339s] -- Up-to-date: /home/felix/robo/robo_ai_turku_2025/ros2_ws/install/custom_interface/lib/libcustom_interface__rosidl_typesupport_c.so
[1.339s] -- Up-to-date: /home/felix/robo/robo_ai_turku_2025/ros2_ws/install/custom_interface/include/custom_interface/custom_interface
[1.341s] -- Up-to-date: /home/felix/robo/robo_ai_turku_2025/ros2_ws/install/custom_interface/include/custom_interface/custom_interface/msg
[1.341s] -- Up-to-date: /home/felix/robo/robo_ai_turku_2025/ros2_ws/install/custom_interface/include/custom_interface/custom_interface/msg/detail
[1.342s] -- Up-to-date: /home/felix/robo/robo_ai_turku_2025/ros2_ws/install/custom_interface/include/custom_interface/custom_interface/msg/detail/request_distance_msg__rosidl_typesupport_introspection_cpp.hpp
[1.343s] -- Up-to-date: /home/felix/robo/robo_ai_turku_2025/ros2_ws/install/custom_interface/include/custom_interface/custom_interface/msg/detail/count__rosidl_typesupport_introspection_cpp.hpp
[1.343s] -- Up-to-date: /home/felix/robo/robo_ai_turku_2025/ros2_ws/install/custom_interface/include/custom_interface/custom_interface/msg/detail/task_msg__rosidl_typesupport_introspection_cpp.hpp
[1.343s] -- Up-to-date: /home/felix/robo/robo_ai_turku_2025/ros2_ws/install/custom_interface/include/custom_interface/custom_interface/msg/detail/request_distance_msg__type_support.cpp
[1.343s] -- Up-to-date: /home/felix/robo/robo_ai_turku_2025/ros2_ws/install/custom_interface/include/custom_interface/custom_interface/msg/detail/response_distance_msg__type_support.cpp
[1.343s] -- Up-to-date: /home/felix/robo/robo_ai_turku_2025/ros2_ws/install/custom_interface/include/custom_interface/custom_interface/msg/detail/task_msg__type_support.cpp
[1.343s] -- Up-to-date: /home/felix/robo/robo_ai_turku_2025/ros2_ws/install/custom_interface/include/custom_interface/custom_interface/msg/detail/response_distance_msg__rosidl_typesupport_introspection_cpp.hpp
[1.344s] -- Up-to-date: /home/felix/robo/robo_ai_turku_2025/ros2_ws/install/custom_interface/include/custom_interface/custom_interface/msg/detail/count__type_support.cpp
[1.344s] -- Up-to-date: /home/felix/robo/robo_ai_turku_2025/ros2_ws/install/custom_interface/include/custom_interface/custom_interface/action
[1.344s] -- Up-to-date: /home/felix/robo/robo_ai_turku_2025/ros2_ws/install/custom_interface/include/custom_interface/custom_interface/action/detail
[1.344s] -- Up-to-date: /home/felix/robo/robo_ai_turku_2025/ros2_ws/install/custom_interface/include/custom_interface/custom_interface/action/detail/countdown__rosidl_typesupport_introspection_cpp.hpp
[1.345s] -- Up-to-date: /home/felix/robo/robo_ai_turku_2025/ros2_ws/install/custom_interface/include/custom_interface/custom_interface/action/detail/countdown__type_support.cpp
[1.345s] -- Up-to-date: /home/felix/robo/robo_ai_turku_2025/ros2_ws/install/custom_interface/include/custom_interface/custom_interface/srv
[1.345s] -- Up-to-date: /home/felix/robo/robo_ai_turku_2025/ros2_ws/install/custom_interface/include/custom_interface/custom_interface/srv/detail
[1.345s] -- Up-to-date: /home/felix/robo/robo_ai_turku_2025/ros2_ws/install/custom_interface/include/custom_interface/custom_interface/srv/detail/calculate_distance__rosidl_typesupport_introspection_cpp.hpp
[1.345s] -- Up-to-date: /home/felix/robo/robo_ai_turku_2025/ros2_ws/install/custom_interface/include/custom_interface/custom_interface/srv/detail/calculate_distance__type_support.cpp
[1.349s] -- Up-to-date: /home/felix/robo/robo_ai_turku_2025/ros2_ws/install/custom_interface/lib/libcustom_interface__rosidl_typesupport_introspection_cpp.so
[1.352s] -- Up-to-date: /home/felix/robo/robo_ai_turku_2025/ros2_ws/install/custom_interface/lib/libcustom_interface__rosidl_typesupport_cpp.so
[1.352s] -- Up-to-date: /home/felix/robo/robo_ai_turku_2025/ros2_ws/install/custom_interface/share/custom_interface/environment/pythonpath.sh
[1.352s] -- Up-to-date: /home/felix/robo/robo_ai_turku_2025/ros2_ws/install/custom_interface/share/custom_interface/environment/pythonpath.dsv
[1.352s] -- Up-to-date: /home/felix/robo/robo_ai_turku_2025/ros2_ws/install/custom_interface/local/lib/python3.10/dist-packages/custom_interface-0.0.0-py3.10.egg-info
[1.352s] -- Installing: /home/felix/robo/robo_ai_turku_2025/ros2_ws/install/custom_interface/local/lib/python3.10/dist-packages/custom_interface-0.0.0-py3.10.egg-info/dependency_links.txt
[1.357s] -- Installing: /home/felix/robo/robo_ai_turku_2025/ros2_ws/install/custom_interface/local/lib/python3.10/dist-packages/custom_interface-0.0.0-py3.10.egg-info/PKG-INFO
[1.357s] -- Installing: /home/felix/robo/robo_ai_turku_2025/ros2_ws/install/custom_interface/local/lib/python3.10/dist-packages/custom_interface-0.0.0-py3.10.egg-info/SOURCES.txt
[1.357s] -- Installing: /home/felix/robo/robo_ai_turku_2025/ros2_ws/install/custom_interface/local/lib/python3.10/dist-packages/custom_interface-0.0.0-py3.10.egg-info/top_level.txt
[1.357s] -- Up-to-date: /home/felix/robo/robo_ai_turku_2025/ros2_ws/install/custom_interface/local/lib/python3.10/dist-packages/custom_interface
[1.357s] -- Up-to-date: /home/felix/robo/robo_ai_turku_2025/ros2_ws/install/custom_interface/local/lib/python3.10/dist-packages/custom_interface/_custom_interface_s.ep.rosidl_typesupport_fastrtps_c.c
[1.357s] -- Up-to-date: /home/felix/robo/robo_ai_turku_2025/ros2_ws/install/custom_interface/local/lib/python3.10/dist-packages/custom_interface/__init__.py
[1.357s] -- Up-to-date: /home/felix/robo/robo_ai_turku_2025/ros2_ws/install/custom_interface/local/lib/python3.10/dist-packages/custom_interface/msg
[1.357s] -- Up-to-date: /home/felix/robo/robo_ai_turku_2025/ros2_ws/install/custom_interface/local/lib/python3.10/dist-packages/custom_interface/msg/_response_distance_msg.py
[1.357s] -- Up-to-date: /home/felix/robo/robo_ai_turku_2025/ros2_ws/install/custom_interface/local/lib/python3.10/dist-packages/custom_interface/msg/_response_distance_msg_s.c
[1.358s] -- Up-to-date: /home/felix/robo/robo_ai_turku_2025/ros2_ws/install/custom_interface/local/lib/python3.10/dist-packages/custom_interface/msg/_request_distance_msg.py
[1.358s] -- Up-to-date: /home/felix/robo/robo_ai_turku_2025/ros2_ws/install/custom_interface/local/lib/python3.10/dist-packages/custom_interface/msg/__init__.py
[1.358s] -- Up-to-date: /home/felix/robo/robo_ai_turku_2025/ros2_ws/install/custom_interface/local/lib/python3.10/dist-packages/custom_interface/msg/_count_s.c
[1.358s] -- Up-to-date: /home/felix/robo/robo_ai_turku_2025/ros2_ws/install/custom_interface/local/lib/python3.10/dist-packages/custom_interface/msg/_count.py
[1.358s] -- Up-to-date: /home/felix/robo/robo_ai_turku_2025/ros2_ws/install/custom_interface/local/lib/python3.10/dist-packages/custom_interface/msg/_task_msg_s.c
[1.358s] -- Up-to-date: /home/felix/robo/robo_ai_turku_2025/ros2_ws/install/custom_interface/local/lib/python3.10/dist-packages/custom_interface/msg/_request_distance_msg_s.c
[1.358s] -- Up-to-date: /home/felix/robo/robo_ai_turku_2025/ros2_ws/install/custom_interface/local/lib/python3.10/dist-packages/custom_interface/msg/_task_msg.py
[1.358s] -- Up-to-date: /home/felix/robo/robo_ai_turku_2025/ros2_ws/install/custom_interface/local/lib/python3.10/dist-packages/custom_interface/action
[1.358s] -- Up-to-date: /home/felix/robo/robo_ai_turku_2025/ros2_ws/install/custom_interface/local/lib/python3.10/dist-packages/custom_interface/action/__init__.py
[1.358s] -- Up-to-date: /home/felix/robo/robo_ai_turku_2025/ros2_ws/install/custom_interface/local/lib/python3.10/dist-packages/custom_interface/action/_countdown.py
[1.358s] -- Up-to-date: /home/felix/robo/robo_ai_turku_2025/ros2_ws/install/custom_interface/local/lib/python3.10/dist-packages/custom_interface/action/_countdown_s.c
[1.358s] -- Up-to-date: /home/felix/robo/robo_ai_turku_2025/ros2_ws/install/custom_interface/local/lib/python3.10/dist-packages/custom_interface/srv
[1.358s] -- Up-to-date: /home/felix/robo/robo_ai_turku_2025/ros2_ws/install/custom_interface/local/lib/python3.10/dist-packages/custom_interface/srv/__init__.py
[1.358s] -- Up-to-date: /home/felix/robo/robo_ai_turku_2025/ros2_ws/install/custom_interface/local/lib/python3.10/dist-packages/custom_interface/srv/_calculate_distance.py
[1.358s] -- Up-to-date: /home/felix/robo/robo_ai_turku_2025/ros2_ws/install/custom_interface/local/lib/python3.10/dist-packages/custom_interface/srv/_calculate_distance_s.c
[1.358s] -- Up-to-date: /home/felix/robo/robo_ai_turku_2025/ros2_ws/install/custom_interface/local/lib/python3.10/dist-packages/custom_interface/custom_interface_s__rosidl_typesupport_c.cpython-310-x86_64-linux-gnu.so
[1.358s] -- Up-to-date: /home/felix/robo/robo_ai_turku_2025/ros2_ws/install/custom_interface/local/lib/python3.10/dist-packages/custom_interface/libcustom_interface__rosidl_generator_py.so
[1.358s] -- Up-to-date: /home/felix/robo/robo_ai_turku_2025/ros2_ws/install/custom_interface/local/lib/python3.10/dist-packages/custom_interface/custom_interface_s__rosidl_typesupport_fastrtps_c.cpython-310-x86_64-linux-gnu.so
[1.358s] -- Up-to-date: /home/felix/robo/robo_ai_turku_2025/ros2_ws/install/custom_interface/local/lib/python3.10/dist-packages/custom_interface/custom_interface_s__rosidl_typesupport_introspection_c.cpython-310-x86_64-linux-gnu.so
[1.358s] -- Up-to-date: /home/felix/robo/robo_ai_turku_2025/ros2_ws/install/custom_interface/local/lib/python3.10/dist-packages/custom_interface/_custom_interface_s.ep.rosidl_typesupport_introspection_c.c
[1.358s] -- Up-to-date: /home/felix/robo/robo_ai_turku_2025/ros2_ws/install/custom_interface/local/lib/python3.10/dist-packages/custom_interface/_custom_interface_s.ep.rosidl_typesupport_c.c
[1.424s] Listing '/home/felix/robo/robo_ai_turku_2025/ros2_ws/install/custom_interface/local/lib/python3.10/dist-packages/custom_interface'...
[1.424s] Listing '/home/felix/robo/robo_ai_turku_2025/ros2_ws/install/custom_interface/local/lib/python3.10/dist-packages/custom_interface/action'...
[1.424s] Listing '/home/felix/robo/robo_ai_turku_2025/ros2_ws/install/custom_interface/local/lib/python3.10/dist-packages/custom_interface/msg'...
[1.424s] Listing '/home/felix/robo/robo_ai_turku_2025/ros2_ws/install/custom_interface/local/lib/python3.10/dist-packages/custom_interface/srv'...
[1.432s] -- Up-to-date: /home/felix/robo/robo_ai_turku_2025/ros2_ws/install/custom_interface/local/lib/python3.10/dist-packages/custom_interface/custom_interface_s__rosidl_typesupport_fastrtps_c.cpython-310-x86_64-linux-gnu.so
[1.434s] -- Up-to-date: /home/felix/robo/robo_ai_turku_2025/ros2_ws/install/custom_interface/local/lib/python3.10/dist-packages/custom_interface/custom_interface_s__rosidl_typesupport_introspection_c.cpython-310-x86_64-linux-gnu.so
[1.435s] -- Up-to-date: /home/felix/robo/robo_ai_turku_2025/ros2_ws/install/custom_interface/local/lib/python3.10/dist-packages/custom_interface/custom_interface_s__rosidl_typesupport_c.cpython-310-x86_64-linux-gnu.so
[1.435s] -- Up-to-date: /home/felix/robo/robo_ai_turku_2025/ros2_ws/install/custom_interface/lib/libcustom_interface__rosidl_generator_py.so
[1.435s] -- Up-to-date: /home/felix/robo/robo_ai_turku_2025/ros2_ws/install/custom_interface/share/custom_interface/msg/TaskMsg.idl
[1.435s] -- Up-to-date: /home/felix/robo/robo_ai_turku_2025/ros2_ws/install/custom_interface/share/custom_interface/msg/RequestDistanceMsg.idl
[1.435s] -- Up-to-date: /home/felix/robo/robo_ai_turku_2025/ros2_ws/install/custom_interface/share/custom_interface/msg/ResponseDistanceMsg.idl
[1.435s] -- Up-to-date: /home/felix/robo/robo_ai_turku_2025/ros2_ws/install/custom_interface/share/custom_interface/srv/CalculateDistance.idl
[1.435s] -- Up-to-date: /home/felix/robo/robo_ai_turku_2025/ros2_ws/install/custom_interface/share/custom_interface/action/Countdown.idl
[1.436s] -- Up-to-date: /home/felix/robo/robo_ai_turku_2025/ros2_ws/install/custom_interface/share/custom_interface/msg/Count.idl
[1.436s] -- Up-to-date: /home/felix/robo/robo_ai_turku_2025/ros2_ws/install/custom_interface/share/custom_interface/msg/TaskMsg.msg
[1.436s] -- Up-to-date: /home/felix/robo/robo_ai_turku_2025/ros2_ws/install/custom_interface/share/custom_interface/msg/RequestDistanceMsg.msg
[1.436s] -- Up-to-date: /home/felix/robo/robo_ai_turku_2025/ros2_ws/install/custom_interface/share/custom_interface/msg/ResponseDistanceMsg.msg
[1.437s] -- Up-to-date: /home/felix/robo/robo_ai_turku_2025/ros2_ws/install/custom_interface/share/custom_interface/srv/CalculateDistance.srv
[1.437s] -- Up-to-date: /home/felix/robo/robo_ai_turku_2025/ros2_ws/install/custom_interface/share/custom_interface/srv/CalculateDistance_Request.msg
[1.437s] -- Up-to-date: /home/felix/robo/robo_ai_turku_2025/ros2_ws/install/custom_interface/share/custom_interface/srv/CalculateDistance_Response.msg
[1.437s] -- Up-to-date: /home/felix/robo/robo_ai_turku_2025/ros2_ws/install/custom_interface/share/custom_interface/action/Countdown.action
[1.437s] -- Up-to-date: /home/felix/robo/robo_ai_turku_2025/ros2_ws/install/custom_interface/share/custom_interface/msg/Count.msg
[1.437s] -- Up-to-date: /home/felix/robo/robo_ai_turku_2025/ros2_ws/install/custom_interface/share/ament_index/resource_index/package_run_dependencies/custom_interface
[1.437s] -- Up-to-date: /home/felix/robo/robo_ai_turku_2025/ros2_ws/install/custom_interface/share/ament_index/resource_index/parent_prefix_path/custom_interface
[1.438s] -- Up-to-date: /home/felix/robo/robo_ai_turku_2025/ros2_ws/install/custom_interface/share/custom_interface/environment/ament_prefix_path.sh
[1.438s] -- Up-to-date: /home/felix/robo/robo_ai_turku_2025/ros2_ws/install/custom_interface/share/custom_interface/environment/ament_prefix_path.dsv
[1.438s] -- Up-to-date: /home/felix/robo/robo_ai_turku_2025/ros2_ws/install/custom_interface/share/custom_interface/environment/path.sh
[1.438s] -- Up-to-date: /home/felix/robo/robo_ai_turku_2025/ros2_ws/install/custom_interface/share/custom_interface/environment/path.dsv
[1.438s] -- Up-to-date: /home/felix/robo/robo_ai_turku_2025/ros2_ws/install/custom_interface/share/custom_interface/local_setup.bash
[1.438s] -- Up-to-date: /home/felix/robo/robo_ai_turku_2025/ros2_ws/install/custom_interface/share/custom_interface/local_setup.sh
[1.438s] -- Up-to-date: /home/felix/robo/robo_ai_turku_2025/ros2_ws/install/custom_interface/share/custom_interface/local_setup.zsh
[1.438s] -- Up-to-date: /home/felix/robo/robo_ai_turku_2025/ros2_ws/install/custom_interface/share/custom_interface/local_setup.dsv
[1.438s] -- Installing: /home/felix/robo/robo_ai_turku_2025/ros2_ws/install/custom_interface/share/custom_interface/package.dsv
[1.438s] -- Up-to-date: /home/felix/robo/robo_ai_turku_2025/ros2_ws/install/custom_interface/share/ament_index/resource_index/packages/custom_interface
[1.439s] -- Up-to-date: /home/felix/robo/robo_ai_turku_2025/ros2_ws/install/custom_interface/share/custom_interface/cmake/export_custom_interface__rosidl_generator_cExport.cmake
[1.439s] -- Up-to-date: /home/felix/robo/robo_ai_turku_2025/ros2_ws/install/custom_interface/share/custom_interface/cmake/export_custom_interface__rosidl_generator_cExport-noconfig.cmake
[1.441s] -- Up-to-date: /home/felix/robo/robo_ai_turku_2025/ros2_ws/install/custom_interface/share/custom_interface/cmake/export_custom_interface__rosidl_typesupport_fastrtps_cExport.cmake
[1.441s] -- Up-to-date: /home/felix/robo/robo_ai_turku_2025/ros2_ws/install/custom_interface/share/custom_interface/cmake/export_custom_interface__rosidl_typesupport_fastrtps_cExport-noconfig.cmake
[1.442s] -- Up-to-date: /home/felix/robo/robo_ai_turku_2025/ros2_ws/install/custom_interface/share/custom_interface/cmake/export_custom_interface__rosidl_generator_cppExport.cmake
[1.444s] -- Up-to-date: /home/felix/robo/robo_ai_turku_2025/ros2_ws/install/custom_interface/share/custom_interface/cmake/export_custom_interface__rosidl_typesupport_fastrtps_cppExport.cmake
[1.444s] -- Up-to-date: /home/felix/robo/robo_ai_turku_2025/ros2_ws/install/custom_interface/share/custom_interface/cmake/export_custom_interface__rosidl_typesupport_fastrtps_cppExport-noconfig.cmake
[1.446s] -- Up-to-date: /home/felix/robo/robo_ai_turku_2025/ros2_ws/install/custom_interface/share/custom_interface/cmake/custom_interface__rosidl_typesupport_introspection_cExport.cmake
[1.446s] -- Up-to-date: /home/felix/robo/robo_ai_turku_2025/ros2_ws/install/custom_interface/share/custom_interface/cmake/custom_interface__rosidl_typesupport_introspection_cExport-noconfig.cmake
[1.448s] -- Up-to-date: /home/felix/robo/robo_ai_turku_2025/ros2_ws/install/custom_interface/share/custom_interface/cmake/custom_interface__rosidl_typesupport_cExport.cmake
[1.448s] -- Up-to-date: /home/felix/robo/robo_ai_turku_2025/ros2_ws/install/custom_interface/share/custom_interface/cmake/custom_interface__rosidl_typesupport_cExport-noconfig.cmake
[1.449s] -- Up-to-date: /home/felix/robo/robo_ai_turku_2025/ros2_ws/install/custom_interface/share/custom_interface/cmake/custom_interface__rosidl_typesupport_introspection_cppExport.cmake
[1.449s] -- Up-to-date: /home/felix/robo/robo_ai_turku_2025/ros2_ws/install/custom_interface/share/custom_interface/cmake/custom_interface__rosidl_typesupport_introspection_cppExport-noconfig.cmake
[1.451s] -- Up-to-date: /home/felix/robo/robo_ai_turku_2025/ros2_ws/install/custom_interface/share/custom_interface/cmake/custom_interface__rosidl_typesupport_cppExport.cmake
[1.451s] -- Up-to-date: /home/felix/robo/robo_ai_turku_2025/ros2_ws/install/custom_interface/share/custom_interface/cmake/custom_interface__rosidl_typesupport_cppExport-noconfig.cmake
[1.452s] -- Up-to-date: /home/felix/robo/robo_ai_turku_2025/ros2_ws/install/custom_interface/share/custom_interface/cmake/export_custom_interface__rosidl_generator_pyExport.cmake
[1.453s] -- Up-to-date: /home/felix/robo/robo_ai_turku_2025/ros2_ws/install/custom_interface/share/custom_interface/cmake/export_custom_interface__rosidl_generator_pyExport-noconfig.cmake
[1.453s] -- Up-to-date: /home/felix/robo/robo_ai_turku_2025/ros2_ws/install/custom_interface/share/custom_interface/cmake/rosidl_cmake-extras.cmake
[1.453s] -- Up-to-date: /home/felix/robo/robo_ai_turku_2025/ros2_ws/install/custom_interface/share/custom_interface/cmake/ament_cmake_export_dependencies-extras.cmake
[1.454s] -- Up-to-date: /home/felix/robo/robo_ai_turku_2025/ros2_ws/install/custom_interface/share/custom_interface/cmake/ament_cmake_export_include_directories-extras.cmake
[1.454s] -- Up-to-date: /home/felix/robo/robo_ai_turku_2025/ros2_ws/install/custom_interface/share/custom_interface/cmake/ament_cmake_export_libraries-extras.cmake
[1.455s] -- Up-to-date: /home/felix/robo/robo_ai_turku_2025/ros2_ws/install/custom_interface/share/custom_interface/cmake/ament_cmake_export_targets-extras.cmake
[1.455s] -- Up-to-date: /home/felix/robo/robo_ai_turku_2025/ros2_ws/install/custom_interface/share/custom_interface/cmake/rosidl_cmake_export_typesupport_targets-extras.cmake
[1.455s] -- Up-to-date: /home/felix/robo/robo_ai_turku_2025/ros2_ws/install/custom_interface/share/custom_interface/cmake/rosidl_cmake_export_typesupport_libraries-extras.cmake
[1.455s] -- Up-to-date: /home/felix/robo/robo_ai_turku_2025/ros2_ws/install/custom_interface/share/custom_interface/cmake/custom_interfaceConfig.cmake
[1.455s] -- Up-to-date: /home/felix/robo/robo_ai_turku_2025/ros2_ws/install/custom_interface/share/custom_interface/cmake/custom_interfaceConfig-version.cmake
[1.455s] -- Up-to-date: /home/felix/robo/robo_ai_turku_2025/ros2_ws/install/custom_interface/share/custom_interface/package.xml
[1.459s] Invoked command in '/home/felix/robo/robo_ai_turku_2025/ros2_ws/build/custom_interface' returned '0': CMAKE_PREFIX_PATH=${CMAKE_PREFIX_PATH}:/home/felix/robo/robo_ai_turku_2025/ros2_ws/install/lab01_task05:/home/felix/robo/robo_ai_turku_2025/ros2_ws/install/lab01_task03:/home/felix/robo/robo_ai_turku_2025/ros2_ws/install/lab01_task02:/home/felix/robo/robo_ai_turku_2025/ros2_ws/install/lab01_task01:/home/felix/robo/robo_ai_turku_2025/ros2_ws/install/lab1_bringup:/home/felix/robo/robo_ai_turku_2025/ros2_ws/install/task1:/opt/ros/humble /usr/bin/cmake --install /home/felix/robo/robo_ai_turku_2025/ros2_ws/build/custom_interface
