[0.618s] Invoking command in '/home/michael/robo_ai_turku_2025/ros2_ws/src/lab1_bringup': PYTHONPATH=/home/michael/robo_ai_turku_2025/build/lab1_bringup/prefix_override:/usr/lib/python3/dist-packages/colcon_core/task/python/colcon_distutils_commands:/home/michael/robo_ai_turku_2025/install/lab1_bringup/lib/python3.10/site-packages:${PYTHONPATH} /usr/bin/python3 -W ignore:setup.py install is deprecated -W ignore:easy_install command is deprecated setup.py egg_info --egg-base ../../../build/lab1_bringup build --build-base /home/michael/robo_ai_turku_2025/build/lab1_bringup/build install --record /home/michael/robo_ai_turku_2025/build/lab1_bringup/install.log --single-version-externally-managed install_data
[0.783s] running egg_info
[0.784s] creating ../../../build/lab1_bringup/lab1_bringup.egg-info
[0.784s] writing ../../../build/lab1_bringup/lab1_bringup.egg-info/PKG-INFO
[0.786s] writing dependency_links to ../../../build/lab1_bringup/lab1_bringup.egg-info/dependency_links.txt
[0.786s] writing entry points to ../../../build/lab1_bringup/lab1_bringup.egg-info/entry_points.txt
[0.787s] writing requirements to ../../../build/lab1_bringup/lab1_bringup.egg-info/requires.txt
[0.788s] writing top-level names to ../../../build/lab1_bringup/lab1_bringup.egg-info/top_level.txt
[0.788s] writing manifest file '../../../build/lab1_bringup/lab1_bringup.egg-info/SOURCES.txt'
[0.790s] reading manifest file '../../../build/lab1_bringup/lab1_bringup.egg-info/SOURCES.txt'
[0.790s] adding license file 'LICENSE'
[0.790s] writing manifest file '../../../build/lab1_bringup/lab1_bringup.egg-info/SOURCES.txt'
[0.791s] running build
[0.791s] running build_py
[0.791s] creating /home/michael/robo_ai_turku_2025/build/lab1_bringup/build
[0.791s] creating /home/michael/robo_ai_turku_2025/build/lab1_bringup/build/lib
[0.792s] creating /home/michael/robo_ai_turku_2025/build/lab1_bringup/build/lib/lab1_bringup
[0.792s] copying lab1_bringup/__init__.py -> /home/michael/robo_ai_turku_2025/build/lab1_bringup/build/lib/lab1_bringup
[0.792s] running install
[0.793s] running install_lib
[0.793s] creating /home/michael/robo_ai_turku_2025/install/lab1_bringup/lib/python3.10/site-packages/lab1_bringup
[0.793s] copying /home/michael/robo_ai_turku_2025/build/lab1_bringup/build/lib/lab1_bringup/__init__.py -> /home/michael/robo_ai_turku_2025/install/lab1_bringup/lib/python3.10/site-packages/lab1_bringup
[0.794s] byte-compiling /home/michael/robo_ai_turku_2025/install/lab1_bringup/lib/python3.10/site-packages/lab1_bringup/__init__.py to __init__.cpython-310.pyc
[0.794s] running install_data
[0.794s] creating /home/michael/robo_ai_turku_2025/install/lab1_bringup/share/ament_index
[0.794s] creating /home/michael/robo_ai_turku_2025/install/lab1_bringup/share/ament_index/resource_index
[0.794s] creating /home/michael/robo_ai_turku_2025/install/lab1_bringup/share/ament_index/resource_index/packages
[0.795s] copying resource/lab1_bringup -> /home/michael/robo_ai_turku_2025/install/lab1_bringup/share/ament_index/resource_index/packages
[0.795s] copying package.xml -> /home/michael/robo_ai_turku_2025/install/lab1_bringup/share/lab1_bringup
[0.795s] creating /home/michael/robo_ai_turku_2025/install/lab1_bringup/share/lab1_bringup/launch
[0.795s] copying launch/launch_lab01_task03.launch.py -> /home/michael/robo_ai_turku_2025/install/lab1_bringup/share/lab1_bringup/launch
[0.796s] copying launch/launch_lab01_task01.launch.py -> /home/michael/robo_ai_turku_2025/install/lab1_bringup/share/lab1_bringup/launch
[0.796s] copying launch/launch_task1.launch.py -> /home/michael/robo_ai_turku_2025/install/lab1_bringup/share/lab1_bringup/launch
[0.797s] copying launch/launch_lab01_task02.launch.py -> /home/michael/robo_ai_turku_2025/install/lab1_bringup/share/lab1_bringup/launch
[0.797s] copying launch/launch_lab01_task05.launch.py -> /home/michael/robo_ai_turku_2025/install/lab1_bringup/share/lab1_bringup/launch
[0.797s] creating /home/michael/robo_ai_turku_2025/install/lab1_bringup/share/lab1_bringup/config
[0.797s] running install_egg_info
[0.799s] Copying ../../../build/lab1_bringup/lab1_bringup.egg-info to /home/michael/robo_ai_turku_2025/install/lab1_bringup/lib/python3.10/site-packages/lab1_bringup-0.0.0-py3.10.egg-info
[0.799s] running install_scripts
[0.815s] writing list of installed files to '/home/michael/robo_ai_turku_2025/build/lab1_bringup/install.log'
[0.837s] Invoked command in '/home/michael/robo_ai_turku_2025/ros2_ws/src/lab1_bringup' returned '0': PYTHONPATH=/home/michael/robo_ai_turku_2025/build/lab1_bringup/prefix_override:/usr/lib/python3/dist-packages/colcon_core/task/python/colcon_distutils_commands:/home/michael/robo_ai_turku_2025/install/lab1_bringup/lib/python3.10/site-packages:${PYTHONPATH} /usr/bin/python3 -W ignore:setup.py install is deprecated -W ignore:easy_install command is deprecated setup.py egg_info --egg-base ../../../build/lab1_bringup build --build-base /home/michael/robo_ai_turku_2025/build/lab1_bringup/build install --record /home/michael/robo_ai_turku_2025/build/lab1_bringup/install.log --single-version-externally-managed install_data
