[1.242s] Invoking command in '/home/bot/Algo2025/robo_ai_turku_2025/ros2_lab5_ws/src/lab5_task3': PYTHONPATH=/home/bot/Algo2025/robo_ai_turku_2025/build/lab5_task3/prefix_override:/usr/lib/python3/dist-packages/colcon_core/task/python/colcon_distutils_commands:/home/bot/Algo2025/robo_ai_turku_2025/install/lab5_task3/lib/python3.10/site-packages:${PYTHONPATH} /usr/bin/python3 -W ignore:setup.py install is deprecated -W ignore:easy_install command is deprecated setup.py egg_info --egg-base ../../../build/lab5_task3 build --build-base /home/bot/Algo2025/robo_ai_turku_2025/build/lab5_task3/build install --record /home/bot/Algo2025/robo_ai_turku_2025/build/lab5_task3/install.log --single-version-externally-managed install_data
[1.464s] running egg_info
[1.465s] writing ../../../build/lab5_task3/lab5_task3.egg-info/PKG-INFO
[1.465s] writing dependency_links to ../../../build/lab5_task3/lab5_task3.egg-info/dependency_links.txt
[1.465s] writing entry points to ../../../build/lab5_task3/lab5_task3.egg-info/entry_points.txt
[1.465s] writing requirements to ../../../build/lab5_task3/lab5_task3.egg-info/requires.txt
[1.465s] writing top-level names to ../../../build/lab5_task3/lab5_task3.egg-info/top_level.txt
[1.465s] reading manifest file '../../../build/lab5_task3/lab5_task3.egg-info/SOURCES.txt'
[1.465s] adding license file 'LICENSE'
[1.465s] writing manifest file '../../../build/lab5_task3/lab5_task3.egg-info/SOURCES.txt'
[1.465s] running build
[1.465s] running build_py
[1.465s] running install
[1.465s] running install_lib
[1.465s] running install_data
[1.466s] running install_egg_info
[1.466s] removing '/home/bot/Algo2025/robo_ai_turku_2025/install/lab5_task3/lib/python3.10/site-packages/lab5_task3-0.0.0-py3.10.egg-info' (and everything under it)
[1.466s] Copying ../../../build/lab5_task3/lab5_task3.egg-info to /home/bot/Algo2025/robo_ai_turku_2025/install/lab5_task3/lib/python3.10/site-packages/lab5_task3-0.0.0-py3.10.egg-info
[1.466s] running install_scripts
[1.466s] writing list of installed files to '/home/bot/Algo2025/robo_ai_turku_2025/build/lab5_task3/install.log'
