/home/michael/robo_ai_turku_2025/install/lab01_task05/lib/python3.10/site-packages/lab01_task05/countdown_action_server.py
/home/michael/robo_ai_turku_2025/install/lab01_task05/lib/python3.10/site-packages/lab01_task05/cancel_service_server.py
/home/michael/robo_ai_turku_2025/install/lab01_task05/lib/python3.10/site-packages/lab01_task05/countdown_action_client.py
/home/michael/robo_ai_turku_2025/install/lab01_task05/lib/python3.10/site-packages/lab01_task05/__init__.py
/home/michael/robo_ai_turku_2025/install/lab01_task05/lib/python3.10/site-packages/lab01_task05/cancel_service_client.py
/home/michael/robo_ai_turku_2025/install/lab01_task05/lib/python3.10/site-packages/lab01_task05/__pycache__/countdown_action_server.cpython-310.pyc
/home/michael/robo_ai_turku_2025/install/lab01_task05/lib/python3.10/site-packages/lab01_task05/__pycache__/cancel_service_server.cpython-310.pyc
/home/michael/robo_ai_turku_2025/install/lab01_task05/lib/python3.10/site-packages/lab01_task05/__pycache__/countdown_action_client.cpython-310.pyc
/home/michael/robo_ai_turku_2025/install/lab01_task05/lib/python3.10/site-packages/lab01_task05/__pycache__/__init__.cpython-310.pyc
/home/michael/robo_ai_turku_2025/install/lab01_task05/lib/python3.10/site-packages/lab01_task05/__pycache__/cancel_service_client.cpython-310.pyc
/home/michael/robo_ai_turku_2025/install/lab01_task05/share/ament_index/resource_index/packages/lab01_task05
/home/michael/robo_ai_turku_2025/install/lab01_task05/share/lab01_task05/package.xml
/home/michael/robo_ai_turku_2025/install/lab01_task05/share/lab01_task05/config/params.yaml
/home/michael/robo_ai_turku_2025/install/lab01_task05/lib/python3.10/site-packages/lab01_task05-0.0.0-py3.10.egg-info/entry_points.txt
/home/michael/robo_ai_turku_2025/install/lab01_task05/lib/python3.10/site-packages/lab01_task05-0.0.0-py3.10.egg-info/SOURCES.txt
/home/michael/robo_ai_turku_2025/install/lab01_task05/lib/python3.10/site-packages/lab01_task05-0.0.0-py3.10.egg-info/zip-safe
/home/michael/robo_ai_turku_2025/install/lab01_task05/lib/python3.10/site-packages/lab01_task05-0.0.0-py3.10.egg-info/top_level.txt
/home/michael/robo_ai_turku_2025/install/lab01_task05/lib/python3.10/site-packages/lab01_task05-0.0.0-py3.10.egg-info/PKG-INFO
/home/michael/robo_ai_turku_2025/install/lab01_task05/lib/python3.10/site-packages/lab01_task05-0.0.0-py3.10.egg-info/dependency_links.txt
/home/michael/robo_ai_turku_2025/install/lab01_task05/lib/python3.10/site-packages/lab01_task05-0.0.0-py3.10.egg-info/requires.txt
/home/michael/robo_ai_turku_2025/install/lab01_task05/lib/lab01_task05/cancel_service_client
/home/michael/robo_ai_turku_2025/install/lab01_task05/lib/lab01_task05/cancel_service_server
/home/michael/robo_ai_turku_2025/install/lab01_task05/lib/lab01_task05/countdown_action_client
/home/michael/robo_ai_turku_2025/install/lab01_task05/lib/lab01_task05/countdown_action_server
