[1.946s] Invoking command in '/home/bot/Algo2025/robo_ai_turku_2025/ros2_lab2_ws/src/lab02_task03': PYTHONPATH=/home/bot/Algo2025/robo_ai_turku_2025/build/lab02_task03/prefix_override:/usr/lib/python3/dist-packages/colcon_core/task/python/colcon_distutils_commands:/home/bot/Algo2025/robo_ai_turku_2025/install/lab02_task03/lib/python3.10/site-packages:${PYTHONPATH} /usr/bin/python3 -W ignore:setup.py install is deprecated -W ignore:easy_install command is deprecated setup.py egg_info --egg-base ../../../build/lab02_task03 build --build-base /home/bot/Algo2025/robo_ai_turku_2025/build/lab02_task03/build install --record /home/bot/Algo2025/robo_ai_turku_2025/build/lab02_task03/install.log --single-version-externally-managed install_data
[2.285s] running egg_info
[2.285s] writing ../../../build/lab02_task03/lab02_task03.egg-info/PKG-INFO
[2.285s] writing dependency_links to ../../../build/lab02_task03/lab02_task03.egg-info/dependency_links.txt
[2.285s] writing entry points to ../../../build/lab02_task03/lab02_task03.egg-info/entry_points.txt
[2.285s] writing requirements to ../../../build/lab02_task03/lab02_task03.egg-info/requires.txt
[2.285s] writing top-level names to ../../../build/lab02_task03/lab02_task03.egg-info/top_level.txt
[2.290s] reading manifest file '../../../build/lab02_task03/lab02_task03.egg-info/SOURCES.txt'
[2.291s] writing manifest file '../../../build/lab02_task03/lab02_task03.egg-info/SOURCES.txt'
[2.291s] running build
[2.291s] running build_py
[2.292s] running install
[2.293s] running install_lib
[2.297s] running install_data
[2.297s] running install_egg_info
[2.298s] removing '/home/bot/Algo2025/robo_ai_turku_2025/install/lab02_task03/lib/python3.10/site-packages/lab02_task03-0.0.0-py3.10.egg-info' (and everything under it)
[2.298s] Copying ../../../build/lab02_task03/lab02_task03.egg-info to /home/bot/Algo2025/robo_ai_turku_2025/install/lab02_task03/lib/python3.10/site-packages/lab02_task03-0.0.0-py3.10.egg-info
[2.298s] running install_scripts
[2.329s] Installing tf_broadcaster script to /home/bot/Algo2025/robo_ai_turku_2025/install/lab02_task03/lib/lab02_task03
[2.329s] Installing tf_listener script to /home/bot/Algo2025/robo_ai_turku_2025/install/lab02_task03/lib/lab02_task03
[2.330s] Installing tf_listener_rev script to /home/bot/Algo2025/robo_ai_turku_2025/install/lab02_task03/lib/lab02_task03
[2.330s] Installing tf_scanner script to /home/bot/Algo2025/robo_ai_turku_2025/install/lab02_task03/lib/lab02_task03
[2.330s] Installing tf_static_broadcaster script to /home/bot/Algo2025/robo_ai_turku_2025/install/lab02_task03/lib/lab02_task03
[2.331s] writing list of installed files to '/home/bot/Algo2025/robo_ai_turku_2025/build/lab02_task03/install.log'
[2.408s] Invoked command in '/home/bot/Algo2025/robo_ai_turku_2025/ros2_lab2_ws/src/lab02_task03' returned '0': PYTHONPATH=/home/bot/Algo2025/robo_ai_turku_2025/build/lab02_task03/prefix_override:/usr/lib/python3/dist-packages/colcon_core/task/python/colcon_distutils_commands:/home/bot/Algo2025/robo_ai_turku_2025/install/lab02_task03/lib/python3.10/site-packages:${PYTHONPATH} /usr/bin/python3 -W ignore:setup.py install is deprecated -W ignore:easy_install command is deprecated setup.py egg_info --egg-base ../../../build/lab02_task03 build --build-base /home/bot/Algo2025/robo_ai_turku_2025/build/lab02_task03/build install --record /home/bot/Algo2025/robo_ai_turku_2025/build/lab02_task03/install.log --single-version-externally-managed install_data
