[1.883s] Invoking command in '/home/felix/robo/robo_ai_turku_2025/ros2_ws/src/lab01_task02': PYTHONPATH=/home/felix/robo/robo_ai_turku_2025/ros2_ws/build/lab01_task02/prefix_override:/usr/lib/python3/dist-packages/colcon_core/task/python/colcon_distutils_commands:/home/felix/robo/robo_ai_turku_2025/ros2_ws/install/lab01_task02/lib/python3.10/site-packages:${PYTHONPATH} /usr/bin/python3 -W ignore:setup.py install is deprecated -W ignore:easy_install command is deprecated setup.py egg_info --egg-base ../../build/lab01_task02 build --build-base /home/felix/robo/robo_ai_turku_2025/ros2_ws/build/lab01_task02/build install --record /home/felix/robo/robo_ai_turku_2025/ros2_ws/build/lab01_task02/install.log --single-version-externally-managed install_data
[2.139s] running egg_info
[2.140s] writing ../../build/lab01_task02/lab01_task02.egg-info/PKG-INFO
[2.140s] writing dependency_links to ../../build/lab01_task02/lab01_task02.egg-info/dependency_links.txt
[2.141s] writing entry points to ../../build/lab01_task02/lab01_task02.egg-info/entry_points.txt
[2.141s] writing requirements to ../../build/lab01_task02/lab01_task02.egg-info/requires.txt
[2.141s] writing top-level names to ../../build/lab01_task02/lab01_task02.egg-info/top_level.txt
[2.144s] reading manifest file '../../build/lab01_task02/lab01_task02.egg-info/SOURCES.txt'
[2.145s] adding license file 'LICENSE'
[2.147s] writing manifest file '../../build/lab01_task02/lab01_task02.egg-info/SOURCES.txt'
[2.147s] running build
[2.147s] running build_py
[2.147s] copying lab01_task02/publisher.py -> /home/felix/robo/robo_ai_turku_2025/ros2_ws/build/lab01_task02/build/lib/lab01_task02
[2.148s] running install
[2.149s] running install_lib
[2.149s] copying /home/felix/robo/robo_ai_turku_2025/ros2_ws/build/lab01_task02/build/lib/lab01_task02/publisher.py -> /home/felix/robo/robo_ai_turku_2025/ros2_ws/install/lab01_task02/lib/python3.10/site-packages/lab01_task02
[2.151s] byte-compiling /home/felix/robo/robo_ai_turku_2025/ros2_ws/install/lab01_task02/lib/python3.10/site-packages/lab01_task02/publisher.py to publisher.cpython-310.pyc
[2.153s] running install_data
[2.154s] running install_egg_info
[2.155s] removing '/home/felix/robo/robo_ai_turku_2025/ros2_ws/install/lab01_task02/lib/python3.10/site-packages/lab01_task02-0.0.0-py3.10.egg-info' (and everything under it)
[2.155s] Copying ../../build/lab01_task02/lab01_task02.egg-info to /home/felix/robo/robo_ai_turku_2025/ros2_ws/install/lab01_task02/lib/python3.10/site-packages/lab01_task02-0.0.0-py3.10.egg-info
[2.158s] running install_scripts
[2.196s] Installing publisher script to /home/felix/robo/robo_ai_turku_2025/ros2_ws/install/lab01_task02/lib/lab01_task02
[2.197s] writing list of installed files to '/home/felix/robo/robo_ai_turku_2025/ros2_ws/build/lab01_task02/install.log'
[2.225s] Invoked command in '/home/felix/robo/robo_ai_turku_2025/ros2_ws/src/lab01_task02' returned '0': PYTHONPATH=/home/felix/robo/robo_ai_turku_2025/ros2_ws/build/lab01_task02/prefix_override:/usr/lib/python3/dist-packages/colcon_core/task/python/colcon_distutils_commands:/home/felix/robo/robo_ai_turku_2025/ros2_ws/install/lab01_task02/lib/python3.10/site-packages:${PYTHONPATH} /usr/bin/python3 -W ignore:setup.py install is deprecated -W ignore:easy_install command is deprecated setup.py egg_info --egg-base ../../build/lab01_task02 build --build-base /home/felix/robo/robo_ai_turku_2025/ros2_ws/build/lab01_task02/build install --record /home/felix/robo/robo_ai_turku_2025/ros2_ws/build/lab01_task02/install.log --single-version-externally-managed install_data
