[1.013s] Invoking command in '/home/felix/robo/robo_ai_turku_2025/ros2_ws/src/lab01_task05': PYTHONPATH=/home/felix/robo/robo_ai_turku_2025/build/lab01_task05/prefix_override:/usr/lib/python3/dist-packages/colcon_core/task/python/colcon_distutils_commands:/home/felix/robo/robo_ai_turku_2025/install/lab01_task05/lib/python3.10/site-packages:${PYTHONPATH} /usr/bin/python3 -W ignore:setup.py install is deprecated -W ignore:easy_install command is deprecated setup.py egg_info --egg-base ../../../build/lab01_task05 build --build-base /home/felix/robo/robo_ai_turku_2025/build/lab01_task05/build install --record /home/felix/robo/robo_ai_turku_2025/build/lab01_task05/install.log --single-version-externally-managed install_data
[1.252s] running egg_info
[1.253s] writing ../../../build/lab01_task05/lab01_task05.egg-info/PKG-INFO
[1.255s] writing dependency_links to ../../../build/lab01_task05/lab01_task05.egg-info/dependency_links.txt
[1.255s] writing entry points to ../../../build/lab01_task05/lab01_task05.egg-info/entry_points.txt
[1.255s] writing requirements to ../../../build/lab01_task05/lab01_task05.egg-info/requires.txt
[1.255s] writing top-level names to ../../../build/lab01_task05/lab01_task05.egg-info/top_level.txt
[1.257s] reading manifest file '../../../build/lab01_task05/lab01_task05.egg-info/SOURCES.txt'
[1.258s] writing manifest file '../../../build/lab01_task05/lab01_task05.egg-info/SOURCES.txt'
[1.258s] running build
[1.259s] running build_py
[1.259s] copying lab01_task05/countdown_server.py -> /home/felix/robo/robo_ai_turku_2025/build/lab01_task05/build/lib/lab01_task05
[1.260s] copying lab01_task05/countdown_cancel_client.py -> /home/felix/robo/robo_ai_turku_2025/build/lab01_task05/build/lib/lab01_task05
[1.260s] copying lab01_task05/countdown_client.py -> /home/felix/robo/robo_ai_turku_2025/build/lab01_task05/build/lib/lab01_task05
[1.261s] copying lab01_task05/countdown_cancel_server.py -> /home/felix/robo/robo_ai_turku_2025/build/lab01_task05/build/lib/lab01_task05
[1.261s] running install
[1.262s] running install_lib
[1.263s] copying /home/felix/robo/robo_ai_turku_2025/build/lab01_task05/build/lib/lab01_task05/countdown_server.py -> /home/felix/robo/robo_ai_turku_2025/install/lab01_task05/lib/python3.10/site-packages/lab01_task05
[1.263s] copying /home/felix/robo/robo_ai_turku_2025/build/lab01_task05/build/lib/lab01_task05/countdown_cancel_client.py -> /home/felix/robo/robo_ai_turku_2025/install/lab01_task05/lib/python3.10/site-packages/lab01_task05
[1.264s] copying /home/felix/robo/robo_ai_turku_2025/build/lab01_task05/build/lib/lab01_task05/countdown_client.py -> /home/felix/robo/robo_ai_turku_2025/install/lab01_task05/lib/python3.10/site-packages/lab01_task05
[1.264s] copying /home/felix/robo/robo_ai_turku_2025/build/lab01_task05/build/lib/lab01_task05/countdown_cancel_server.py -> /home/felix/robo/robo_ai_turku_2025/install/lab01_task05/lib/python3.10/site-packages/lab01_task05
[1.264s] byte-compiling /home/felix/robo/robo_ai_turku_2025/install/lab01_task05/lib/python3.10/site-packages/lab01_task05/countdown_server.py to countdown_server.cpython-310.pyc
[1.266s] byte-compiling /home/felix/robo/robo_ai_turku_2025/install/lab01_task05/lib/python3.10/site-packages/lab01_task05/countdown_cancel_client.py to countdown_cancel_client.cpython-310.pyc
[1.267s] byte-compiling /home/felix/robo/robo_ai_turku_2025/install/lab01_task05/lib/python3.10/site-packages/lab01_task05/countdown_client.py to countdown_client.cpython-310.pyc
[1.267s] byte-compiling /home/felix/robo/robo_ai_turku_2025/install/lab01_task05/lib/python3.10/site-packages/lab01_task05/countdown_cancel_server.py to countdown_cancel_server.cpython-310.pyc
[1.268s] running install_data
[1.268s] running install_egg_info
[1.270s] removing '/home/felix/robo/robo_ai_turku_2025/install/lab01_task05/lib/python3.10/site-packages/lab01_task05-0.0.0-py3.10.egg-info' (and everything under it)
[1.273s] Copying ../../../build/lab01_task05/lab01_task05.egg-info to /home/felix/robo/robo_ai_turku_2025/install/lab01_task05/lib/python3.10/site-packages/lab01_task05-0.0.0-py3.10.egg-info
[1.273s] running install_scripts
[1.296s] Installing cancel_service_server script to /home/felix/robo/robo_ai_turku_2025/install/lab01_task05/lib/lab01_task05
[1.296s] Installing countdown_cancel_client script to /home/felix/robo/robo_ai_turku_2025/install/lab01_task05/lib/lab01_task05
[1.297s] Installing countdown_client script to /home/felix/robo/robo_ai_turku_2025/install/lab01_task05/lib/lab01_task05
[1.298s] Installing countdown_server script to /home/felix/robo/robo_ai_turku_2025/install/lab01_task05/lib/lab01_task05
[1.298s] writing list of installed files to '/home/felix/robo/robo_ai_turku_2025/build/lab01_task05/install.log'
[1.324s] Invoked command in '/home/felix/robo/robo_ai_turku_2025/ros2_ws/src/lab01_task05' returned '0': PYTHONPATH=/home/felix/robo/robo_ai_turku_2025/build/lab01_task05/prefix_override:/usr/lib/python3/dist-packages/colcon_core/task/python/colcon_distutils_commands:/home/felix/robo/robo_ai_turku_2025/install/lab01_task05/lib/python3.10/site-packages:${PYTHONPATH} /usr/bin/python3 -W ignore:setup.py install is deprecated -W ignore:easy_install command is deprecated setup.py egg_info --egg-base ../../../build/lab01_task05 build --build-base /home/felix/robo/robo_ai_turku_2025/build/lab01_task05/build install --record /home/felix/robo/robo_ai_turku_2025/build/lab01_task05/install.log --single-version-externally-managed install_data
