[1.628s] Invoking command in '/home/felix/robo/robo_ai_turku_2025/ros2_ws/src/lab01_task01': PYTHONPATH=/home/felix/robo/robo_ai_turku_2025/ros2_ws/build/lab01_task01/prefix_override:/usr/lib/python3/dist-packages/colcon_core/task/python/colcon_distutils_commands:/home/felix/robo/robo_ai_turku_2025/ros2_ws/install/lab01_task01/lib/python3.10/site-packages:${PYTHONPATH} /usr/bin/python3 -W ignore:setup.py install is deprecated -W ignore:easy_install command is deprecated setup.py egg_info --egg-base ../../build/lab01_task01 build --build-base /home/felix/robo/robo_ai_turku_2025/ros2_ws/build/lab01_task01/build install --record /home/felix/robo/robo_ai_turku_2025/ros2_ws/build/lab01_task01/install.log --single-version-externally-managed install_data
[1.868s] running egg_info
[1.869s] writing ../../build/lab01_task01/lab01_task01.egg-info/PKG-INFO
[1.870s] writing dependency_links to ../../build/lab01_task01/lab01_task01.egg-info/dependency_links.txt
[1.871s] writing entry points to ../../build/lab01_task01/lab01_task01.egg-info/entry_points.txt
[1.871s] writing requirements to ../../build/lab01_task01/lab01_task01.egg-info/requires.txt
[1.871s] writing top-level names to ../../build/lab01_task01/lab01_task01.egg-info/top_level.txt
[1.874s] reading manifest file '../../build/lab01_task01/lab01_task01.egg-info/SOURCES.txt'
[1.877s] adding license file 'LICENSE'
[1.878s] writing manifest file '../../build/lab01_task01/lab01_task01.egg-info/SOURCES.txt'
[1.878s] running build
[1.878s] running build_py
[1.878s] copying lab01_task01/subscriber.py -> /home/felix/robo/robo_ai_turku_2025/ros2_ws/build/lab01_task01/build/lib/lab01_task01
[1.879s] running install
[1.879s] running install_lib
[1.880s] copying /home/felix/robo/robo_ai_turku_2025/ros2_ws/build/lab01_task01/build/lib/lab01_task01/subscriber.py -> /home/felix/robo/robo_ai_turku_2025/ros2_ws/install/lab01_task01/lib/python3.10/site-packages/lab01_task01
[1.882s] byte-compiling /home/felix/robo/robo_ai_turku_2025/ros2_ws/install/lab01_task01/lib/python3.10/site-packages/lab01_task01/subscriber.py to subscriber.cpython-310.pyc
[1.882s] running install_data
[1.882s] running install_egg_info
[1.885s] removing '/home/felix/robo/robo_ai_turku_2025/ros2_ws/install/lab01_task01/lib/python3.10/site-packages/lab01_task01-0.0.0-py3.10.egg-info' (and everything under it)
[1.885s] Copying ../../build/lab01_task01/lab01_task01.egg-info to /home/felix/robo/robo_ai_turku_2025/ros2_ws/install/lab01_task01/lib/python3.10/site-packages/lab01_task01-0.0.0-py3.10.egg-info
[1.887s] running install_scripts
[1.913s] Installing publisher script to /home/felix/robo/robo_ai_turku_2025/ros2_ws/install/lab01_task01/lib/lab01_task01
[1.914s] Installing subscriber script to /home/felix/robo/robo_ai_turku_2025/ros2_ws/install/lab01_task01/lib/lab01_task01
[1.915s] writing list of installed files to '/home/felix/robo/robo_ai_turku_2025/ros2_ws/build/lab01_task01/install.log'
[1.976s] Invoked command in '/home/felix/robo/robo_ai_turku_2025/ros2_ws/src/lab01_task01' returned '0': PYTHONPATH=/home/felix/robo/robo_ai_turku_2025/ros2_ws/build/lab01_task01/prefix_override:/usr/lib/python3/dist-packages/colcon_core/task/python/colcon_distutils_commands:/home/felix/robo/robo_ai_turku_2025/ros2_ws/install/lab01_task01/lib/python3.10/site-packages:${PYTHONPATH} /usr/bin/python3 -W ignore:setup.py install is deprecated -W ignore:easy_install command is deprecated setup.py egg_info --egg-base ../../build/lab01_task01 build --build-base /home/felix/robo/robo_ai_turku_2025/ros2_ws/build/lab01_task01/build install --record /home/felix/robo/robo_ai_turku_2025/ros2_ws/build/lab01_task01/install.log --single-version-externally-managed install_data
