[0.638s] Invoking command in '/home/bot/Algo2025/robo_ai_turku_2025/ros2_ws/src/lab01_task03': AMENT_PREFIX_PATH=/home/bot/Algo2025/robo_ai_turku_2025/install/custom_interface:${AMENT_PREFIX_PATH} CMAKE_PREFIX_PATH=/home/bot/Algo2025/robo_ai_turku_2025/install/custom_interface LD_LIBRARY_PATH=/home/bot/Algo2025/robo_ai_turku_2025/install/custom_interface/lib:${LD_LIBRARY_PATH} PYTHONPATH=/home/bot/Algo2025/robo_ai_turku_2025/build/lab01_task03/prefix_override:/usr/lib/python3/dist-packages/colcon_core/task/python/colcon_distutils_commands:/home/bot/Algo2025/robo_ai_turku_2025/install/lab01_task03/lib/python3.10/site-packages:/home/bot/Algo2025/robo_ai_turku_2025/install/custom_interface/local/lib/python3.10/dist-packages:${PYTHONPATH} /usr/bin/python3 -W ignore:setup.py install is deprecated -W ignore:easy_install command is deprecated setup.py egg_info --egg-base ../../../build/lab01_task03 build --build-base /home/bot/Algo2025/robo_ai_turku_2025/build/lab01_task03/build install --record /home/bot/Algo2025/robo_ai_turku_2025/build/lab01_task03/install.log --single-version-externally-managed install_data
[0.807s] running egg_info
[0.808s] creating ../../../build/lab01_task03/lab01_task03.egg-info
[0.808s] writing ../../../build/lab01_task03/lab01_task03.egg-info/PKG-INFO
[0.808s] writing dependency_links to ../../../build/lab01_task03/lab01_task03.egg-info/dependency_links.txt
[0.808s] writing entry points to ../../../build/lab01_task03/lab01_task03.egg-info/entry_points.txt
[0.808s] writing requirements to ../../../build/lab01_task03/lab01_task03.egg-info/requires.txt
[0.808s] writing top-level names to ../../../build/lab01_task03/lab01_task03.egg-info/top_level.txt
[0.808s] writing manifest file '../../../build/lab01_task03/lab01_task03.egg-info/SOURCES.txt'
[0.810s] reading manifest file '../../../build/lab01_task03/lab01_task03.egg-info/SOURCES.txt'
[0.810s] adding license file 'LICENSE'
[0.811s] writing manifest file '../../../build/lab01_task03/lab01_task03.egg-info/SOURCES.txt'
[0.811s] running build
[0.811s] running build_py
[0.811s] creating /home/bot/Algo2025/robo_ai_turku_2025/build/lab01_task03/build
[0.811s] creating /home/bot/Algo2025/robo_ai_turku_2025/build/lab01_task03/build/lib
[0.811s] creating /home/bot/Algo2025/robo_ai_turku_2025/build/lab01_task03/build/lib/lab01_task03
[0.811s] copying lab01_task03/__init__.py -> /home/bot/Algo2025/robo_ai_turku_2025/build/lab01_task03/build/lib/lab01_task03
[0.811s] copying lab01_task03/client.py -> /home/bot/Algo2025/robo_ai_turku_2025/build/lab01_task03/build/lib/lab01_task03
[0.816s] copying lab01_task03/server.py -> /home/bot/Algo2025/robo_ai_turku_2025/build/lab01_task03/build/lib/lab01_task03
[0.816s] running install
[0.817s] running install_lib
[0.817s] creating /home/bot/Algo2025/robo_ai_turku_2025/install/lab01_task03/lib/python3.10/site-packages/lab01_task03
[0.817s] copying /home/bot/Algo2025/robo_ai_turku_2025/build/lab01_task03/build/lib/lab01_task03/__init__.py -> /home/bot/Algo2025/robo_ai_turku_2025/install/lab01_task03/lib/python3.10/site-packages/lab01_task03
[0.817s] copying /home/bot/Algo2025/robo_ai_turku_2025/build/lab01_task03/build/lib/lab01_task03/client.py -> /home/bot/Algo2025/robo_ai_turku_2025/install/lab01_task03/lib/python3.10/site-packages/lab01_task03
[0.817s] copying /home/bot/Algo2025/robo_ai_turku_2025/build/lab01_task03/build/lib/lab01_task03/server.py -> /home/bot/Algo2025/robo_ai_turku_2025/install/lab01_task03/lib/python3.10/site-packages/lab01_task03
[0.818s] byte-compiling /home/bot/Algo2025/robo_ai_turku_2025/install/lab01_task03/lib/python3.10/site-packages/lab01_task03/__init__.py to __init__.cpython-310.pyc
[0.818s] byte-compiling /home/bot/Algo2025/robo_ai_turku_2025/install/lab01_task03/lib/python3.10/site-packages/lab01_task03/client.py to client.cpython-310.pyc
[0.819s] byte-compiling /home/bot/Algo2025/robo_ai_turku_2025/install/lab01_task03/lib/python3.10/site-packages/lab01_task03/server.py to server.cpython-310.pyc
[0.819s] running install_data
[0.820s] creating /home/bot/Algo2025/robo_ai_turku_2025/install/lab01_task03/share/ament_index
[0.820s] creating /home/bot/Algo2025/robo_ai_turku_2025/install/lab01_task03/share/ament_index/resource_index
[0.820s] creating /home/bot/Algo2025/robo_ai_turku_2025/install/lab01_task03/share/ament_index/resource_index/packages
[0.820s] copying resource/lab01_task03 -> /home/bot/Algo2025/robo_ai_turku_2025/install/lab01_task03/share/ament_index/resource_index/packages
[0.820s] copying package.xml -> /home/bot/Algo2025/robo_ai_turku_2025/install/lab01_task03/share/lab01_task03
[0.820s] creating /home/bot/Algo2025/robo_ai_turku_2025/install/lab01_task03/share/lab01_task03/config
[0.820s] copying config/params.yaml -> /home/bot/Algo2025/robo_ai_turku_2025/install/lab01_task03/share/lab01_task03/config
[0.820s] running install_egg_info
[0.822s] Copying ../../../build/lab01_task03/lab01_task03.egg-info to /home/bot/Algo2025/robo_ai_turku_2025/install/lab01_task03/lib/python3.10/site-packages/lab01_task03-0.0.0-py3.10.egg-info
[0.822s] running install_scripts
[0.838s] Installing client script to /home/bot/Algo2025/robo_ai_turku_2025/install/lab01_task03/lib/lab01_task03
[0.839s] Installing server script to /home/bot/Algo2025/robo_ai_turku_2025/install/lab01_task03/lib/lab01_task03
[0.839s] writing list of installed files to '/home/bot/Algo2025/robo_ai_turku_2025/build/lab01_task03/install.log'
[0.872s] Invoked command in '/home/bot/Algo2025/robo_ai_turku_2025/ros2_ws/src/lab01_task03' returned '0': AMENT_PREFIX_PATH=/home/bot/Algo2025/robo_ai_turku_2025/install/custom_interface:${AMENT_PREFIX_PATH} CMAKE_PREFIX_PATH=/home/bot/Algo2025/robo_ai_turku_2025/install/custom_interface LD_LIBRARY_PATH=/home/bot/Algo2025/robo_ai_turku_2025/install/custom_interface/lib:${LD_LIBRARY_PATH} PYTHONPATH=/home/bot/Algo2025/robo_ai_turku_2025/build/lab01_task03/prefix_override:/usr/lib/python3/dist-packages/colcon_core/task/python/colcon_distutils_commands:/home/bot/Algo2025/robo_ai_turku_2025/install/lab01_task03/lib/python3.10/site-packages:/home/bot/Algo2025/robo_ai_turku_2025/install/custom_interface/local/lib/python3.10/dist-packages:${PYTHONPATH} /usr/bin/python3 -W ignore:setup.py install is deprecated -W ignore:easy_install command is deprecated setup.py egg_info --egg-base ../../../build/lab01_task03 build --build-base /home/bot/Algo2025/robo_ai_turku_2025/build/lab01_task03/build install --record /home/bot/Algo2025/robo_ai_turku_2025/build/lab01_task03/install.log --single-version-externally-managed install_data
