[0.081s] DEBUG:colcon:Command line arguments: ['/usr/bin/colcon', 'build']
[0.081s] DEBUG:colcon:Parsed command line arguments: Namespace(log_base=None, log_level=None, verb_name='build', build_base='build', install_base='install', merge_install=False, symlink_install=False, test_result_base=None, continue_on_error=False, executor='parallel', parallel_workers=8, event_handlers=None, ignore_user_meta=False, metas=['./colcon.meta'], base_paths=['.'], packages_ignore=None, packages_ignore_regex=None, paths=None, packages_up_to=None, packages_up_to_regex=None, packages_above=None, packages_above_and_dependencies=None, packages_above_depth=None, packages_select_by_dep=None, packages_skip_by_dep=None, packages_skip_up_to=None, packages_select_build_failed=False, packages_skip_build_finished=False, packages_select_test_failures=False, packages_skip_test_passed=False, packages_select=None, packages_skip=None, packages_select_regex=None, packages_skip_regex=None, packages_start=None, packages_end=None, allow_overriding=[], cmake_args=None, cmake_target=None, cmake_target_skip_unavailable=False, cmake_clean_cache=False, cmake_clean_first=False, cmake_force_configure=False, ament_cmake_args=None, catkin_cmake_args=None, catkin_skip_building_tests=False, verb_parser=<colcon_defaults.argument_parser.defaults.DefaultArgumentsDecorator object at 0x76accde65690>, verb_extension=<colcon_core.verb.build.BuildVerb object at 0x76accde650c0>, main=<bound method BuildVerb.main of <colcon_core.verb.build.BuildVerb object at 0x76accde650c0>>)
[0.230s] Level 1:colcon.colcon_core.package_discovery:discover_packages(colcon_meta) check parameters
[0.230s] Level 1:colcon.colcon_core.package_discovery:discover_packages(recursive) check parameters
[0.230s] Level 1:colcon.colcon_core.package_discovery:discover_packages(ignore) check parameters
[0.230s] Level 1:colcon.colcon_core.package_discovery:discover_packages(path) check parameters
[0.230s] Level 1:colcon.colcon_core.package_discovery:discover_packages(colcon_meta) discover
[0.230s] Level 1:colcon.colcon_core.package_discovery:discover_packages(recursive) discover
[0.230s] INFO:colcon.colcon_core.package_discovery:Crawling recursively for packages in '/home/bot/Algo2025/robo_ai_turku_2025/ros2_lab6_ws'
[0.230s] Level 1:colcon.colcon_core.package_identification:_identify(.) by extensions ['ignore', 'ignore_ament_install']
[0.230s] Level 1:colcon.colcon_core.package_identification:_identify(.) by extension 'ignore'
[0.230s] Level 1:colcon.colcon_core.package_identification:_identify(.) by extension 'ignore_ament_install'
[0.230s] Level 1:colcon.colcon_core.package_identification:_identify(.) by extensions ['colcon_pkg']
[0.230s] Level 1:colcon.colcon_core.package_identification:_identify(.) by extension 'colcon_pkg'
[0.230s] Level 1:colcon.colcon_core.package_identification:_identify(.) by extensions ['colcon_meta']
[0.230s] Level 1:colcon.colcon_core.package_identification:_identify(.) by extension 'colcon_meta'
[0.230s] Level 1:colcon.colcon_core.package_identification:_identify(.) by extensions ['ros']
[0.230s] Level 1:colcon.colcon_core.package_identification:_identify(.) by extension 'ros'
[0.237s] Level 1:colcon.colcon_core.package_identification:_identify(.) by extensions ['cmake', 'python']
[0.237s] Level 1:colcon.colcon_core.package_identification:_identify(.) by extension 'cmake'
[0.237s] Level 1:colcon.colcon_core.package_identification:_identify(.) by extension 'python'
[0.237s] Level 1:colcon.colcon_core.package_identification:_identify(.) by extensions ['python_setup_py']
[0.237s] Level 1:colcon.colcon_core.package_identification:_identify(.) by extension 'python_setup_py'
[0.237s] Level 1:colcon.colcon_core.package_identification:_identify(build) by extensions ['ignore', 'ignore_ament_install']
[0.238s] Level 1:colcon.colcon_core.package_identification:_identify(build) by extension 'ignore'
[0.238s] Level 1:colcon.colcon_core.package_identification:_identify(build) ignored
[0.238s] Level 1:colcon.colcon_core.package_identification:_identify(install) by extensions ['ignore', 'ignore_ament_install']
[0.238s] Level 1:colcon.colcon_core.package_identification:_identify(install) by extension 'ignore'
[0.238s] Level 1:colcon.colcon_core.package_identification:_identify(install) ignored
[0.238s] Level 1:colcon.colcon_core.package_identification:_identify(log) by extensions ['ignore', 'ignore_ament_install']
[0.238s] Level 1:colcon.colcon_core.package_identification:_identify(log) by extension 'ignore'
[0.238s] Level 1:colcon.colcon_core.package_identification:_identify(log) ignored
[0.238s] Level 1:colcon.colcon_core.package_identification:_identify(src) by extensions ['ignore', 'ignore_ament_install']
[0.238s] Level 1:colcon.colcon_core.package_identification:_identify(src) by extension 'ignore'
[0.238s] Level 1:colcon.colcon_core.package_identification:_identify(src) by extension 'ignore_ament_install'
[0.238s] Level 1:colcon.colcon_core.package_identification:_identify(src) by extensions ['colcon_pkg']
[0.238s] Level 1:colcon.colcon_core.package_identification:_identify(src) by extension 'colcon_pkg'
[0.238s] Level 1:colcon.colcon_core.package_identification:_identify(src) by extensions ['colcon_meta']
[0.238s] Level 1:colcon.colcon_core.package_identification:_identify(src) by extension 'colcon_meta'
[0.238s] Level 1:colcon.colcon_core.package_identification:_identify(src) by extensions ['ros']
[0.238s] Level 1:colcon.colcon_core.package_identification:_identify(src) by extension 'ros'
[0.238s] Level 1:colcon.colcon_core.package_identification:_identify(src) by extensions ['cmake', 'python']
[0.238s] Level 1:colcon.colcon_core.package_identification:_identify(src) by extension 'cmake'
[0.238s] Level 1:colcon.colcon_core.package_identification:_identify(src) by extension 'python'
[0.238s] Level 1:colcon.colcon_core.package_identification:_identify(src) by extensions ['python_setup_py']
[0.238s] Level 1:colcon.colcon_core.package_identification:_identify(src) by extension 'python_setup_py'
[0.238s] Level 1:colcon.colcon_core.package_identification:_identify(src/build) by extensions ['ignore', 'ignore_ament_install']
[0.238s] Level 1:colcon.colcon_core.package_identification:_identify(src/build) by extension 'ignore'
[0.238s] Level 1:colcon.colcon_core.package_identification:_identify(src/build) ignored
[0.238s] Level 1:colcon.colcon_core.package_identification:_identify(src/group_13_navigation_stack) by extensions ['ignore', 'ignore_ament_install']
[0.238s] Level 1:colcon.colcon_core.package_identification:_identify(src/group_13_navigation_stack) by extension 'ignore'
[0.238s] Level 1:colcon.colcon_core.package_identification:_identify(src/group_13_navigation_stack) by extension 'ignore_ament_install'
[0.239s] Level 1:colcon.colcon_core.package_identification:_identify(src/group_13_navigation_stack) by extensions ['colcon_pkg']
[0.239s] Level 1:colcon.colcon_core.package_identification:_identify(src/group_13_navigation_stack) by extension 'colcon_pkg'
[0.239s] Level 1:colcon.colcon_core.package_identification:_identify(src/group_13_navigation_stack) by extensions ['colcon_meta']
[0.239s] Level 1:colcon.colcon_core.package_identification:_identify(src/group_13_navigation_stack) by extension 'colcon_meta'
[0.239s] Level 1:colcon.colcon_core.package_identification:_identify(src/group_13_navigation_stack) by extensions ['ros']
[0.239s] Level 1:colcon.colcon_core.package_identification:_identify(src/group_13_navigation_stack) by extension 'ros'
[0.240s] DEBUG:colcon.colcon_core.package_identification:Package 'src/group_13_navigation_stack' with type 'ros.ament_python' and name 'group_13_navigation_stack'
[0.240s] Level 1:colcon.colcon_core.package_identification:_identify(src/install) by extensions ['ignore', 'ignore_ament_install']
[0.240s] Level 1:colcon.colcon_core.package_identification:_identify(src/install) by extension 'ignore'
[0.240s] Level 1:colcon.colcon_core.package_identification:_identify(src/install) ignored
[0.240s] Level 1:colcon.colcon_core.package_identification:_identify(src/legacy_code) by extensions ['ignore', 'ignore_ament_install']
[0.240s] Level 1:colcon.colcon_core.package_identification:_identify(src/legacy_code) by extension 'ignore'
[0.241s] Level 1:colcon.colcon_core.package_identification:_identify(src/legacy_code) by extension 'ignore_ament_install'
[0.241s] Level 1:colcon.colcon_core.package_identification:_identify(src/legacy_code) by extensions ['colcon_pkg']
[0.241s] Level 1:colcon.colcon_core.package_identification:_identify(src/legacy_code) by extension 'colcon_pkg'
[0.241s] Level 1:colcon.colcon_core.package_identification:_identify(src/legacy_code) by extensions ['colcon_meta']
[0.241s] Level 1:colcon.colcon_core.package_identification:_identify(src/legacy_code) by extension 'colcon_meta'
[0.241s] Level 1:colcon.colcon_core.package_identification:_identify(src/legacy_code) by extensions ['ros']
[0.241s] Level 1:colcon.colcon_core.package_identification:_identify(src/legacy_code) by extension 'ros'
[0.241s] Level 1:colcon.colcon_core.package_identification:_identify(src/legacy_code) by extensions ['cmake', 'python']
[0.241s] Level 1:colcon.colcon_core.package_identification:_identify(src/legacy_code) by extension 'cmake'
[0.241s] Level 1:colcon.colcon_core.package_identification:_identify(src/legacy_code) by extension 'python'
[0.241s] Level 1:colcon.colcon_core.package_identification:_identify(src/legacy_code) by extensions ['python_setup_py']
[0.241s] Level 1:colcon.colcon_core.package_identification:_identify(src/legacy_code) by extension 'python_setup_py'
[0.241s] Level 1:colcon.colcon_core.package_identification:_identify(src/legacy_code/name_navigation_stack) by extensions ['ignore', 'ignore_ament_install']
[0.241s] Level 1:colcon.colcon_core.package_identification:_identify(src/legacy_code/name_navigation_stack) by extension 'ignore'
[0.241s] Level 1:colcon.colcon_core.package_identification:_identify(src/legacy_code/name_navigation_stack) by extension 'ignore_ament_install'
[0.241s] Level 1:colcon.colcon_core.package_identification:_identify(src/legacy_code/name_navigation_stack) by extensions ['colcon_pkg']
[0.241s] Level 1:colcon.colcon_core.package_identification:_identify(src/legacy_code/name_navigation_stack) by extension 'colcon_pkg'
[0.241s] Level 1:colcon.colcon_core.package_identification:_identify(src/legacy_code/name_navigation_stack) by extensions ['colcon_meta']
[0.241s] Level 1:colcon.colcon_core.package_identification:_identify(src/legacy_code/name_navigation_stack) by extension 'colcon_meta'
[0.241s] Level 1:colcon.colcon_core.package_identification:_identify(src/legacy_code/name_navigation_stack) by extensions ['ros']
[0.241s] Level 1:colcon.colcon_core.package_identification:_identify(src/legacy_code/name_navigation_stack) by extension 'ros'
[0.242s] DEBUG:colcon.colcon_core.package_identification:Package 'src/legacy_code/name_navigation_stack' with type 'ros.ament_python' and name 'name_navigation_stack'
[0.242s] Level 1:colcon.colcon_core.package_identification:_identify(src/log) by extensions ['ignore', 'ignore_ament_install']
[0.242s] Level 1:colcon.colcon_core.package_identification:_identify(src/log) by extension 'ignore'
[0.242s] Level 1:colcon.colcon_core.package_identification:_identify(src/log) ignored
[0.242s] Level 1:colcon.colcon_core.package_discovery:discover_packages(recursive) using defaults
[0.242s] Level 1:colcon.colcon_core.package_discovery:discover_packages(ignore) discover
[0.242s] Level 1:colcon.colcon_core.package_discovery:discover_packages(ignore) using defaults
[0.242s] Level 1:colcon.colcon_core.package_discovery:discover_packages(path) discover
[0.242s] Level 1:colcon.colcon_core.package_discovery:discover_packages(path) using defaults
[0.268s] Level 1:colcon.colcon_core.package_discovery:discover_packages(prefix_path) check parameters
[0.268s] Level 1:colcon.colcon_core.package_discovery:discover_packages(prefix_path) discover
[0.269s] DEBUG:colcon.colcon_installed_package_information.package_discovery:Found 2 installed packages in /home/bot/Algo2025/robo_ai_turku_2025/ros2_lab6_ws/install
[0.271s] DEBUG:colcon.colcon_installed_package_information.package_discovery:Found 454 installed packages in /opt/ros/humble
[0.272s] Level 1:colcon.colcon_core.package_discovery:discover_packages(prefix_path) using defaults
[0.308s] Level 5:colcon.colcon_core.verb:set package 'group_13_navigation_stack' build argument 'cmake_args' from command line to 'None'
[0.308s] Level 5:colcon.colcon_core.verb:set package 'group_13_navigation_stack' build argument 'cmake_target' from command line to 'None'
[0.308s] Level 5:colcon.colcon_core.verb:set package 'group_13_navigation_stack' build argument 'cmake_target_skip_unavailable' from command line to 'False'
[0.308s] Level 5:colcon.colcon_core.verb:set package 'group_13_navigation_stack' build argument 'cmake_clean_cache' from command line to 'False'
[0.308s] Level 5:colcon.colcon_core.verb:set package 'group_13_navigation_stack' build argument 'cmake_clean_first' from command line to 'False'
[0.308s] Level 5:colcon.colcon_core.verb:set package 'group_13_navigation_stack' build argument 'cmake_force_configure' from command line to 'False'
[0.308s] Level 5:colcon.colcon_core.verb:set package 'group_13_navigation_stack' build argument 'ament_cmake_args' from command line to 'None'
[0.308s] Level 5:colcon.colcon_core.verb:set package 'group_13_navigation_stack' build argument 'catkin_cmake_args' from command line to 'None'
[0.308s] Level 5:colcon.colcon_core.verb:set package 'group_13_navigation_stack' build argument 'catkin_skip_building_tests' from command line to 'False'
[0.308s] DEBUG:colcon.colcon_core.verb:Building package 'group_13_navigation_stack' with the following arguments: {'ament_cmake_args': None, 'build_base': '/home/bot/Algo2025/robo_ai_turku_2025/ros2_lab6_ws/build/group_13_navigation_stack', 'catkin_cmake_args': None, 'catkin_skip_building_tests': False, 'cmake_args': None, 'cmake_clean_cache': False, 'cmake_clean_first': False, 'cmake_force_configure': False, 'cmake_target': None, 'cmake_target_skip_unavailable': False, 'install_base': '/home/bot/Algo2025/robo_ai_turku_2025/ros2_lab6_ws/install/group_13_navigation_stack', 'merge_install': False, 'path': '/home/bot/Algo2025/robo_ai_turku_2025/ros2_lab6_ws/src/group_13_navigation_stack', 'symlink_install': False, 'test_result_base': None}
[0.308s] Level 5:colcon.colcon_core.verb:set package 'name_navigation_stack' build argument 'cmake_args' from command line to 'None'
[0.309s] Level 5:colcon.colcon_core.verb:set package 'name_navigation_stack' build argument 'cmake_target' from command line to 'None'
[0.309s] Level 5:colcon.colcon_core.verb:set package 'name_navigation_stack' build argument 'cmake_target_skip_unavailable' from command line to 'False'
[0.309s] Level 5:colcon.colcon_core.verb:set package 'name_navigation_stack' build argument 'cmake_clean_cache' from command line to 'False'
[0.309s] Level 5:colcon.colcon_core.verb:set package 'name_navigation_stack' build argument 'cmake_clean_first' from command line to 'False'
[0.309s] Level 5:colcon.colcon_core.verb:set package 'name_navigation_stack' build argument 'cmake_force_configure' from command line to 'False'
[0.309s] Level 5:colcon.colcon_core.verb:set package 'name_navigation_stack' build argument 'ament_cmake_args' from command line to 'None'
[0.309s] Level 5:colcon.colcon_core.verb:set package 'name_navigation_stack' build argument 'catkin_cmake_args' from command line to 'None'
[0.309s] Level 5:colcon.colcon_core.verb:set package 'name_navigation_stack' build argument 'catkin_skip_building_tests' from command line to 'False'
[0.309s] DEBUG:colcon.colcon_core.verb:Building package 'name_navigation_stack' with the following arguments: {'ament_cmake_args': None, 'build_base': '/home/bot/Algo2025/robo_ai_turku_2025/ros2_lab6_ws/build/name_navigation_stack', 'catkin_cmake_args': None, 'catkin_skip_building_tests': False, 'cmake_args': None, 'cmake_clean_cache': False, 'cmake_clean_first': False, 'cmake_force_configure': False, 'cmake_target': None, 'cmake_target_skip_unavailable': False, 'install_base': '/home/bot/Algo2025/robo_ai_turku_2025/ros2_lab6_ws/install/name_navigation_stack', 'merge_install': False, 'path': '/home/bot/Algo2025/robo_ai_turku_2025/ros2_lab6_ws/src/legacy_code/name_navigation_stack', 'symlink_install': False, 'test_result_base': None}
[0.309s] INFO:colcon.colcon_core.executor:Executing jobs using 'parallel' executor
[0.310s] DEBUG:colcon.colcon_parallel_executor.executor.parallel:run_until_complete
[0.310s] INFO:colcon.colcon_ros.task.ament_python.build:Building ROS package in '/home/bot/Algo2025/robo_ai_turku_2025/ros2_lab6_ws/src/group_13_navigation_stack' with build type 'ament_python'
[0.310s] Level 1:colcon.colcon_core.shell:create_environment_hook('group_13_navigation_stack', 'ament_prefix_path')
[0.312s] INFO:colcon.colcon_core.plugin_system:Skipping extension 'colcon_core.shell.bat': Not used on non-Windows systems
[0.312s] INFO:colcon.colcon_core.shell:Creating environment hook '/home/bot/Algo2025/robo_ai_turku_2025/ros2_lab6_ws/install/group_13_navigation_stack/share/group_13_navigation_stack/hook/ament_prefix_path.ps1'
[0.312s] INFO:colcon.colcon_core.shell:Creating environment descriptor '/home/bot/Algo2025/robo_ai_turku_2025/ros2_lab6_ws/install/group_13_navigation_stack/share/group_13_navigation_stack/hook/ament_prefix_path.dsv'
[0.313s] INFO:colcon.colcon_core.shell:Creating environment hook '/home/bot/Algo2025/robo_ai_turku_2025/ros2_lab6_ws/install/group_13_navigation_stack/share/group_13_navigation_stack/hook/ament_prefix_path.sh'
[0.314s] INFO:colcon.colcon_core.shell:Skip shell extension 'powershell' for command environment: Not usable outside of PowerShell
[0.314s] DEBUG:colcon.colcon_core.shell:Skip shell extension 'dsv' for command environment
[0.316s] INFO:colcon.colcon_ros.task.ament_python.build:Building ROS package in '/home/bot/Algo2025/robo_ai_turku_2025/ros2_lab6_ws/src/legacy_code/name_navigation_stack' with build type 'ament_python'
[0.316s] Level 1:colcon.colcon_core.shell:create_environment_hook('name_navigation_stack', 'ament_prefix_path')
[0.317s] INFO:colcon.colcon_core.shell:Creating environment hook '/home/bot/Algo2025/robo_ai_turku_2025/ros2_lab6_ws/install/name_navigation_stack/share/name_navigation_stack/hook/ament_prefix_path.ps1'
[0.317s] INFO:colcon.colcon_core.shell:Creating environment descriptor '/home/bot/Algo2025/robo_ai_turku_2025/ros2_lab6_ws/install/name_navigation_stack/share/name_navigation_stack/hook/ament_prefix_path.dsv'
[0.317s] INFO:colcon.colcon_core.shell:Creating environment hook '/home/bot/Algo2025/robo_ai_turku_2025/ros2_lab6_ws/install/name_navigation_stack/share/name_navigation_stack/hook/ament_prefix_path.sh'
[0.318s] INFO:colcon.colcon_core.shell:Skip shell extension 'powershell' for command environment: Not usable outside of PowerShell
[0.318s] DEBUG:colcon.colcon_core.shell:Skip shell extension 'dsv' for command environment
[0.499s] INFO:colcon.colcon_core.task.python.build:Building Python package in '/home/bot/Algo2025/robo_ai_turku_2025/ros2_lab6_ws/src/group_13_navigation_stack'
[0.499s] INFO:colcon.colcon_core.shell:Skip shell extension 'powershell' for command environment: Not usable outside of PowerShell
[0.499s] DEBUG:colcon.colcon_core.shell:Skip shell extension 'dsv' for command environment
[0.680s] WARNING:colcon.colcon_ros.task.ament_python.build:Package 'name_navigation_stack' doesn't explicitly install a marker in the package index (colcon-ros currently does it implicitly but that fallback will be removed in the future)
[0.680s] WARNING:colcon.colcon_ros.task.ament_python.build:Package 'name_navigation_stack' doesn't explicitly install the 'package.xml' file (colcon-ros currently does it implicitly but that fallback will be removed in the future)
[0.681s] INFO:colcon.colcon_core.task.python.build:Building Python package in '/home/bot/Algo2025/robo_ai_turku_2025/ros2_lab6_ws/src/legacy_code/name_navigation_stack'
[0.681s] INFO:colcon.colcon_core.shell:Skip shell extension 'powershell' for command environment: Not usable outside of PowerShell
[0.681s] DEBUG:colcon.colcon_core.shell:Skip shell extension 'dsv' for command environment
[1.013s] DEBUG:colcon.colcon_core.event_handler.log_command:Invoking command in '/home/bot/Algo2025/robo_ai_turku_2025/ros2_lab6_ws/src/group_13_navigation_stack': PYTHONPATH=/home/bot/Algo2025/robo_ai_turku_2025/ros2_lab6_ws/build/group_13_navigation_stack/prefix_override:/usr/lib/python3/dist-packages/colcon_core/task/python/colcon_distutils_commands:/home/bot/Algo2025/robo_ai_turku_2025/ros2_lab6_ws/install/group_13_navigation_stack/lib/python3.10/site-packages:${PYTHONPATH} /usr/bin/python3 -W ignore:setup.py install is deprecated -W ignore:easy_install command is deprecated setup.py egg_info --egg-base ../../build/group_13_navigation_stack build --build-base /home/bot/Algo2025/robo_ai_turku_2025/ros2_lab6_ws/build/group_13_navigation_stack/build install --record /home/bot/Algo2025/robo_ai_turku_2025/ros2_lab6_ws/build/group_13_navigation_stack/install.log --single-version-externally-managed install_data
[1.016s] DEBUG:colcon.colcon_core.event_handler.log_command:Invoking command in '/home/bot/Algo2025/robo_ai_turku_2025/ros2_lab6_ws/src/legacy_code/name_navigation_stack': PYTHONPATH=/home/bot/Algo2025/robo_ai_turku_2025/ros2_lab6_ws/build/name_navigation_stack/prefix_override:/usr/lib/python3/dist-packages/colcon_core/task/python/colcon_distutils_commands:/home/bot/Algo2025/robo_ai_turku_2025/ros2_lab6_ws/install/name_navigation_stack/lib/python3.10/site-packages:${PYTHONPATH} /usr/bin/python3 -W ignore:setup.py install is deprecated -W ignore:easy_install command is deprecated setup.py egg_info --egg-base ../../../build/name_navigation_stack build --build-base /home/bot/Algo2025/robo_ai_turku_2025/ros2_lab6_ws/build/name_navigation_stack/build install --record /home/bot/Algo2025/robo_ai_turku_2025/ros2_lab6_ws/build/name_navigation_stack/install.log --single-version-externally-managed install_data
[1.240s] DEBUG:colcon.colcon_core.event_handler.log_command:Invoked command in '/home/bot/Algo2025/robo_ai_turku_2025/ros2_lab6_ws/src/legacy_code/name_navigation_stack' returned '0': PYTHONPATH=/home/bot/Algo2025/robo_ai_turku_2025/ros2_lab6_ws/build/name_navigation_stack/prefix_override:/usr/lib/python3/dist-packages/colcon_core/task/python/colcon_distutils_commands:/home/bot/Algo2025/robo_ai_turku_2025/ros2_lab6_ws/install/name_navigation_stack/lib/python3.10/site-packages:${PYTHONPATH} /usr/bin/python3 -W ignore:setup.py install is deprecated -W ignore:easy_install command is deprecated setup.py egg_info --egg-base ../../../build/name_navigation_stack build --build-base /home/bot/Algo2025/robo_ai_turku_2025/ros2_lab6_ws/build/name_navigation_stack/build install --record /home/bot/Algo2025/robo_ai_turku_2025/ros2_lab6_ws/build/name_navigation_stack/install.log --single-version-externally-managed install_data
[1.242s] Level 1:colcon.colcon_core.environment:checking '/home/bot/Algo2025/robo_ai_turku_2025/ros2_lab6_ws/install/name_navigation_stack' for CMake module files
[1.243s] Level 1:colcon.colcon_core.environment:checking '/home/bot/Algo2025/robo_ai_turku_2025/ros2_lab6_ws/install/name_navigation_stack' for CMake config files
[1.243s] Level 1:colcon.colcon_core.environment:checking '/home/bot/Algo2025/robo_ai_turku_2025/ros2_lab6_ws/install/name_navigation_stack/lib'
[1.244s] Level 1:colcon.colcon_core.environment:checking '/home/bot/Algo2025/robo_ai_turku_2025/ros2_lab6_ws/install/name_navigation_stack/bin'
[1.244s] Level 1:colcon.colcon_core.environment:checking '/home/bot/Algo2025/robo_ai_turku_2025/ros2_lab6_ws/install/name_navigation_stack/lib/pkgconfig/name_navigation_stack.pc'
[1.244s] Level 1:colcon.colcon_core.environment:checking '/home/bot/Algo2025/robo_ai_turku_2025/ros2_lab6_ws/install/name_navigation_stack/lib/python3.10/site-packages'
[1.244s] Level 1:colcon.colcon_core.shell:create_environment_hook('name_navigation_stack', 'pythonpath')
[1.244s] INFO:colcon.colcon_core.shell:Creating environment hook '/home/bot/Algo2025/robo_ai_turku_2025/ros2_lab6_ws/install/name_navigation_stack/share/name_navigation_stack/hook/pythonpath.ps1'
[1.244s] INFO:colcon.colcon_core.shell:Creating environment descriptor '/home/bot/Algo2025/robo_ai_turku_2025/ros2_lab6_ws/install/name_navigation_stack/share/name_navigation_stack/hook/pythonpath.dsv'
[1.245s] INFO:colcon.colcon_core.shell:Creating environment hook '/home/bot/Algo2025/robo_ai_turku_2025/ros2_lab6_ws/install/name_navigation_stack/share/name_navigation_stack/hook/pythonpath.sh'
[1.245s] Level 1:colcon.colcon_core.environment:checking '/home/bot/Algo2025/robo_ai_turku_2025/ros2_lab6_ws/install/name_navigation_stack/bin'
[1.245s] Level 1:colcon.colcon_core.environment:create_environment_scripts_only(name_navigation_stack)
[1.245s] INFO:colcon.colcon_core.shell:Creating package script '/home/bot/Algo2025/robo_ai_turku_2025/ros2_lab6_ws/install/name_navigation_stack/share/name_navigation_stack/package.ps1'
[1.246s] INFO:colcon.colcon_core.shell:Creating package descriptor '/home/bot/Algo2025/robo_ai_turku_2025/ros2_lab6_ws/install/name_navigation_stack/share/name_navigation_stack/package.dsv'
[1.247s] INFO:colcon.colcon_core.shell:Creating package script '/home/bot/Algo2025/robo_ai_turku_2025/ros2_lab6_ws/install/name_navigation_stack/share/name_navigation_stack/package.sh'
[1.248s] INFO:colcon.colcon_core.shell:Creating package script '/home/bot/Algo2025/robo_ai_turku_2025/ros2_lab6_ws/install/name_navigation_stack/share/name_navigation_stack/package.bash'
[1.248s] INFO:colcon.colcon_core.shell:Creating package script '/home/bot/Algo2025/robo_ai_turku_2025/ros2_lab6_ws/install/name_navigation_stack/share/name_navigation_stack/package.zsh'
[1.249s] Level 1:colcon.colcon_core.environment:create_file_with_runtime_dependencies(/home/bot/Algo2025/robo_ai_turku_2025/ros2_lab6_ws/install/name_navigation_stack/share/colcon-core/packages/name_navigation_stack)
[1.250s] Level 1:colcon.colcon_core.environment:checking '/home/bot/Algo2025/robo_ai_turku_2025/ros2_lab6_ws/install/group_13_navigation_stack' for CMake module files
[1.250s] DEBUG:colcon.colcon_core.event_handler.log_command:Invoked command in '/home/bot/Algo2025/robo_ai_turku_2025/ros2_lab6_ws/src/group_13_navigation_stack' returned '0': PYTHONPATH=/home/bot/Algo2025/robo_ai_turku_2025/ros2_lab6_ws/build/group_13_navigation_stack/prefix_override:/usr/lib/python3/dist-packages/colcon_core/task/python/colcon_distutils_commands:/home/bot/Algo2025/robo_ai_turku_2025/ros2_lab6_ws/install/group_13_navigation_stack/lib/python3.10/site-packages:${PYTHONPATH} /usr/bin/python3 -W ignore:setup.py install is deprecated -W ignore:easy_install command is deprecated setup.py egg_info --egg-base ../../build/group_13_navigation_stack build --build-base /home/bot/Algo2025/robo_ai_turku_2025/ros2_lab6_ws/build/group_13_navigation_stack/build install --record /home/bot/Algo2025/robo_ai_turku_2025/ros2_lab6_ws/build/group_13_navigation_stack/install.log --single-version-externally-managed install_data
[1.250s] Level 1:colcon.colcon_core.environment:checking '/home/bot/Algo2025/robo_ai_turku_2025/ros2_lab6_ws/install/group_13_navigation_stack' for CMake config files
[1.251s] Level 1:colcon.colcon_core.environment:checking '/home/bot/Algo2025/robo_ai_turku_2025/ros2_lab6_ws/install/group_13_navigation_stack/lib'
[1.251s] Level 1:colcon.colcon_core.environment:checking '/home/bot/Algo2025/robo_ai_turku_2025/ros2_lab6_ws/install/group_13_navigation_stack/bin'
[1.251s] Level 1:colcon.colcon_core.environment:checking '/home/bot/Algo2025/robo_ai_turku_2025/ros2_lab6_ws/install/group_13_navigation_stack/lib/pkgconfig/group_13_navigation_stack.pc'
[1.251s] Level 1:colcon.colcon_core.environment:checking '/home/bot/Algo2025/robo_ai_turku_2025/ros2_lab6_ws/install/group_13_navigation_stack/lib/python3.10/site-packages'
[1.251s] Level 1:colcon.colcon_core.shell:create_environment_hook('group_13_navigation_stack', 'pythonpath')
[1.251s] INFO:colcon.colcon_core.shell:Creating environment hook '/home/bot/Algo2025/robo_ai_turku_2025/ros2_lab6_ws/install/group_13_navigation_stack/share/group_13_navigation_stack/hook/pythonpath.ps1'
[1.252s] INFO:colcon.colcon_core.shell:Creating environment descriptor '/home/bot/Algo2025/robo_ai_turku_2025/ros2_lab6_ws/install/group_13_navigation_stack/share/group_13_navigation_stack/hook/pythonpath.dsv'
[1.252s] INFO:colcon.colcon_core.shell:Creating environment hook '/home/bot/Algo2025/robo_ai_turku_2025/ros2_lab6_ws/install/group_13_navigation_stack/share/group_13_navigation_stack/hook/pythonpath.sh'
[1.252s] Level 1:colcon.colcon_core.environment:checking '/home/bot/Algo2025/robo_ai_turku_2025/ros2_lab6_ws/install/group_13_navigation_stack/bin'
[1.252s] Level 1:colcon.colcon_core.environment:create_environment_scripts_only(group_13_navigation_stack)
[1.252s] INFO:colcon.colcon_core.shell:Creating package script '/home/bot/Algo2025/robo_ai_turku_2025/ros2_lab6_ws/install/group_13_navigation_stack/share/group_13_navigation_stack/package.ps1'
[1.253s] INFO:colcon.colcon_core.shell:Creating package descriptor '/home/bot/Algo2025/robo_ai_turku_2025/ros2_lab6_ws/install/group_13_navigation_stack/share/group_13_navigation_stack/package.dsv'
[1.253s] INFO:colcon.colcon_core.shell:Creating package script '/home/bot/Algo2025/robo_ai_turku_2025/ros2_lab6_ws/install/group_13_navigation_stack/share/group_13_navigation_stack/package.sh'
[1.253s] INFO:colcon.colcon_core.shell:Creating package script '/home/bot/Algo2025/robo_ai_turku_2025/ros2_lab6_ws/install/group_13_navigation_stack/share/group_13_navigation_stack/package.bash'
[1.253s] INFO:colcon.colcon_core.shell:Creating package script '/home/bot/Algo2025/robo_ai_turku_2025/ros2_lab6_ws/install/group_13_navigation_stack/share/group_13_navigation_stack/package.zsh'
[1.254s] Level 1:colcon.colcon_core.environment:create_file_with_runtime_dependencies(/home/bot/Algo2025/robo_ai_turku_2025/ros2_lab6_ws/install/group_13_navigation_stack/share/colcon-core/packages/group_13_navigation_stack)
[1.254s] DEBUG:colcon.colcon_parallel_executor.executor.parallel:closing loop
[1.254s] DEBUG:colcon.colcon_parallel_executor.executor.parallel:loop closed
[1.254s] DEBUG:colcon.colcon_parallel_executor.executor.parallel:run_until_complete finished with '0'
[1.254s] DEBUG:colcon.colcon_core.event_reactor:joining thread
[1.258s] INFO:colcon.colcon_core.plugin_system:Skipping extension 'colcon_notification.desktop_notification.terminal_notifier': Not used on non-Darwin systems
[1.258s] INFO:colcon.colcon_core.plugin_system:Skipping extension 'colcon_notification.desktop_notification.win32': Not used on non-Windows systems
[1.258s] INFO:colcon.colcon_notification.desktop_notification:Sending desktop notification using 'notify2'
[1.269s] DEBUG:colcon.colcon_core.event_reactor:joined thread
[1.270s] INFO:colcon.colcon_core.shell:Creating prefix script '/home/bot/Algo2025/robo_ai_turku_2025/ros2_lab6_ws/install/local_setup.ps1'
[1.271s] INFO:colcon.colcon_core.shell:Creating prefix util module '/home/bot/Algo2025/robo_ai_turku_2025/ros2_lab6_ws/install/_local_setup_util_ps1.py'
[1.272s] INFO:colcon.colcon_core.shell:Creating prefix chain script '/home/bot/Algo2025/robo_ai_turku_2025/ros2_lab6_ws/install/setup.ps1'
[1.273s] INFO:colcon.colcon_core.shell:Creating prefix script '/home/bot/Algo2025/robo_ai_turku_2025/ros2_lab6_ws/install/local_setup.sh'
[1.273s] INFO:colcon.colcon_core.shell:Creating prefix util module '/home/bot/Algo2025/robo_ai_turku_2025/ros2_lab6_ws/install/_local_setup_util_sh.py'
[1.274s] INFO:colcon.colcon_core.shell:Creating prefix chain script '/home/bot/Algo2025/robo_ai_turku_2025/ros2_lab6_ws/install/setup.sh'
[1.274s] INFO:colcon.colcon_core.shell:Creating prefix script '/home/bot/Algo2025/robo_ai_turku_2025/ros2_lab6_ws/install/local_setup.bash'
[1.275s] INFO:colcon.colcon_core.shell:Creating prefix chain script '/home/bot/Algo2025/robo_ai_turku_2025/ros2_lab6_ws/install/setup.bash'
[1.276s] INFO:colcon.colcon_core.shell:Creating prefix script '/home/bot/Algo2025/robo_ai_turku_2025/ros2_lab6_ws/install/local_setup.zsh'
[1.276s] INFO:colcon.colcon_core.shell:Creating prefix chain script '/home/bot/Algo2025/robo_ai_turku_2025/ros2_lab6_ws/install/setup.zsh'
