[0.743s] Invoking command in '/home/felix/robo/robo_ai_turku_2025/ros2_ws/src/lab01_task03': PYTHONPATH=/home/felix/robo/robo_ai_turku_2025/build/lab01_task03/prefix_override:/usr/lib/python3/dist-packages/colcon_core/task/python/colcon_distutils_commands:/home/felix/robo/robo_ai_turku_2025/install/lab01_task03/lib/python3.10/site-packages:${PYTHONPATH} /usr/bin/python3 -W ignore:setup.py install is deprecated -W ignore:easy_install command is deprecated setup.py egg_info --egg-base ../../../build/lab01_task03 build --build-base /home/felix/robo/robo_ai_turku_2025/build/lab01_task03/build install --record /home/felix/robo/robo_ai_turku_2025/build/lab01_task03/install.log --single-version-externally-managed install_data
[0.899s] running egg_info
[0.900s] writing ../../../build/lab01_task03/lab01_task03.egg-info/PKG-INFO
[0.900s] writing dependency_links to ../../../build/lab01_task03/lab01_task03.egg-info/dependency_links.txt
[0.900s] writing entry points to ../../../build/lab01_task03/lab01_task03.egg-info/entry_points.txt
[0.900s] writing requirements to ../../../build/lab01_task03/lab01_task03.egg-info/requires.txt
[0.900s] writing top-level names to ../../../build/lab01_task03/lab01_task03.egg-info/top_level.txt
[0.901s] reading manifest file '../../../build/lab01_task03/lab01_task03.egg-info/SOURCES.txt'
[0.902s] adding license file 'LICENSE'
[0.903s] writing manifest file '../../../build/lab01_task03/lab01_task03.egg-info/SOURCES.txt'
[0.903s] running build
[0.903s] running build_py
[0.903s] running install
[0.903s] running install_lib
[0.906s] running install_data
[0.906s] running install_egg_info
[0.909s] removing '/home/felix/robo/robo_ai_turku_2025/install/lab01_task03/lib/python3.10/site-packages/lab01_task03-0.0.0-py3.10.egg-info' (and everything under it)
[0.909s] Copying ../../../build/lab01_task03/lab01_task03.egg-info to /home/felix/robo/robo_ai_turku_2025/install/lab01_task03/lib/python3.10/site-packages/lab01_task03-0.0.0-py3.10.egg-info
[0.912s] running install_scripts
[0.929s] Installing client script to /home/felix/robo/robo_ai_turku_2025/install/lab01_task03/lib/lab01_task03
[0.929s] Installing server script to /home/felix/robo/robo_ai_turku_2025/install/lab01_task03/lib/lab01_task03
[0.929s] writing list of installed files to '/home/felix/robo/robo_ai_turku_2025/build/lab01_task03/install.log'
[0.949s] Invoked command in '/home/felix/robo/robo_ai_turku_2025/ros2_ws/src/lab01_task03' returned '0': PYTHONPATH=/home/felix/robo/robo_ai_turku_2025/build/lab01_task03/prefix_override:/usr/lib/python3/dist-packages/colcon_core/task/python/colcon_distutils_commands:/home/felix/robo/robo_ai_turku_2025/install/lab01_task03/lib/python3.10/site-packages:${PYTHONPATH} /usr/bin/python3 -W ignore:setup.py install is deprecated -W ignore:easy_install command is deprecated setup.py egg_info --egg-base ../../../build/lab01_task03 build --build-base /home/felix/robo/robo_ai_turku_2025/build/lab01_task03/build install --record /home/felix/robo/robo_ai_turku_2025/build/lab01_task03/install.log --single-version-externally-managed install_data
