[0.057s] Invoking command in '/home/felix/robo/robo_ai_turku_2025/build/custom_interface': CMAKE_PREFIX_PATH=${CMAKE_PREFIX_PATH}:/home/felix/robo/robo_ai_turku_2025/install/task1:/home/felix/robo/robo_ai_turku_2025/install/lab1_bringup:/home/felix/robo/robo_ai_turku_2025/install/lab01_task05:/home/felix/robo/robo_ai_turku_2025/install/lab01_task03:/home/felix/robo/robo_ai_turku_2025/install/lab01_task02:/home/felix/robo/robo_ai_turku_2025/install/lab01_task01:/home/felix/robo/robo_ai_turku_2025/ros2_ws/install/lab01_task05:/home/felix/robo/robo_ai_turku_2025/ros2_ws/install/lab01_task03:/home/felix/robo/robo_ai_turku_2025/ros2_ws/install/lab01_task02:/home/felix/robo/robo_ai_turku_2025/ros2_ws/install/lab01_task01:/home/felix/robo/robo_ai_turku_2025/ros2_ws/install/lab1_bringup:/home/felix/robo/robo_ai_turku_2025/ros2_ws/install/task1:/opt/ros/humble /usr/bin/cmake --build /home/felix/robo/robo_ai_turku_2025/build/custom_interface -- -j22 -l22
[1.179s] -- Found ament_cmake: 1.3.12 (/opt/ros/humble/share/ament_cmake/cmake)
[1.179s] -- Found rclcpp: 16.0.14 (/opt/ros/humble/share/rclcpp/cmake)
[1.179s] -- Found rosidl_generator_c: 3.1.7 (/opt/ros/humble/share/rosidl_generator_c/cmake)
[1.179s] -- Found rosidl_adapter: 3.1.7 (/opt/ros/humble/share/rosidl_adapter/cmake)
[1.179s] -- Found rosidl_generator_cpp: 3.1.7 (/opt/ros/humble/share/rosidl_generator_cpp/cmake)
[1.179s] -- Using all available rosidl_typesupport_c: rosidl_typesupport_fastrtps_c;rosidl_typesupport_introspection_c
[1.179s] -- Using all available rosidl_typesupport_cpp: rosidl_typesupport_fastrtps_cpp;rosidl_typesupport_introspection_cpp
[1.179s] -- Found rmw_implementation_cmake: 6.1.2 (/opt/ros/humble/share/rmw_implementation_cmake/cmake)
[1.179s] -- Found rmw_fastrtps_cpp: 6.2.8 (/opt/ros/humble/share/rmw_fastrtps_cpp/cmake)
[3.924s] -- Using RMW implementation 'rmw_fastrtps_cpp' as default
[3.977s] -- Found geometry_msgs: 4.9.0 (/opt/ros/humble/share/geometry_msgs/cmake)
[3.990s] -- Found rosidl_default_generators: 1.2.0 (/opt/ros/humble/share/rosidl_default_generators/cmake)
[4.450s] -- Found ament_cmake_ros: 0.10.0 (/opt/ros/humble/share/ament_cmake_ros/cmake)
[4.963s] -- Using all available rosidl_typesupport_c: rosidl_typesupport_fastrtps_c;rosidl_typesupport_introspection_c
[5.156s] -- Using all available rosidl_typesupport_cpp: rosidl_typesupport_fastrtps_cpp;rosidl_typesupport_introspection_cpp
[5.184s] -- Found python_cmake_module: 0.10.0 (/opt/ros/humble/share/python_cmake_module/cmake)
[5.212s] -- Using PYTHON_EXECUTABLE: /usr/bin/python3
[5.212s] -- Using PYTHON_INCLUDE_DIRS: /usr/include/python3.10
[5.213s] -- Using PYTHON_LIBRARIES: /usr/lib/x86_64-linux-gnu/libpython3.10.so
[5.263s] -- Found ament_lint_auto: 0.12.14 (/opt/ros/humble/share/ament_lint_auto/cmake)
[5.298s] -- Added test 'cppcheck' to perform static code analysis on C / C++ code
[5.299s] -- Configured cppcheck include dirs: 
[5.299s] -- Configured cppcheck exclude dirs and/or files: 
[5.303s] -- Added test 'flake8' to check Python code syntax and style conventions
[5.312s] -- Added test 'lint_cmake' to check CMake code style
[5.312s] -- Added test 'pep257' to check Python code against some of the docstring style conventions in PEP 257
[5.341s] -- Added test 'uncrustify' to check C / C++ code style
[5.341s] -- Configured uncrustify additional arguments: 
[5.344s] -- Added test 'xmllint' to check XML markup files
[5.346s] -- Configuring done
[5.400s] -- Generating done
[5.417s] -- Build files have been written to: /home/felix/robo/robo_ai_turku_2025/build/custom_interface
[5.450s] [35m[1mConsolidate compiler generated dependencies of target custom_interface__rosidl_generator_c[0m
[5.474s] [  1%] Built target custom_interface__cpp
[5.474s] [ 12%] Built target custom_interface__rosidl_generator_c
[5.475s] [ 12%] Built target ament_cmake_python_copy_custom_interface
[5.492s] [35m[1mConsolidate compiler generated dependencies of target custom_interface__rosidl_typesupport_c[0m
[5.492s] [35m[1mConsolidate compiler generated dependencies of target custom_interface__rosidl_typesupport_fastrtps_cpp[0m
[5.492s] [35m[1mConsolidate compiler generated dependencies of target custom_interface__rosidl_typesupport_cpp[0m
[5.495s] [35m[1mConsolidate compiler generated dependencies of target custom_interface__rosidl_typesupport_introspection_cpp[0m
[5.495s] [35m[1mConsolidate compiler generated dependencies of target custom_interface__rosidl_typesupport_introspection_c[0m
[5.509s] [ 24%] Built target custom_interface__rosidl_typesupport_c
[5.513s] [ 35%] Built target custom_interface__rosidl_typesupport_introspection_c
[5.514s] [ 46%] Built target custom_interface__rosidl_typesupport_introspection_cpp
[5.516s] [ 65%] Built target custom_interface__rosidl_typesupport_fastrtps_cpp
[5.516s] [ 69%] Built target custom_interface__rosidl_typesupport_cpp
[5.525s] [35m[1mConsolidate compiler generated dependencies of target custom_interface__rosidl_typesupport_fastrtps_c[0m
[5.546s] [ 81%] Built target custom_interface__rosidl_typesupport_fastrtps_c
[5.569s] [ 81%] Built target custom_interface
[5.593s] [ 82%] Built target custom_interface__py
[5.606s] [35m[1mConsolidate compiler generated dependencies of target custom_interface__rosidl_generator_py[0m
[5.623s] [ 92%] Built target custom_interface__rosidl_generator_py
[5.636s] [35m[1mConsolidate compiler generated dependencies of target custom_interface__rosidl_typesupport_fastrtps_c__pyext[0m
[5.636s] [35m[1mConsolidate compiler generated dependencies of target custom_interface__rosidl_typesupport_introspection_c__pyext[0m
[5.638s] [35m[1mConsolidate compiler generated dependencies of target custom_interface__rosidl_typesupport_c__pyext[0m
[5.650s] [ 94%] Built target custom_interface__rosidl_typesupport_fastrtps_c__pyext
[5.651s] [ 97%] Built target custom_interface__rosidl_typesupport_introspection_c__pyext
[5.652s] [100%] Built target custom_interface__rosidl_typesupport_c__pyext
[5.762s] running egg_info
[5.765s] writing custom_interface.egg-info/PKG-INFO
[5.766s] writing dependency_links to custom_interface.egg-info/dependency_links.txt
[5.766s] writing top-level names to custom_interface.egg-info/top_level.txt
[5.767s] reading manifest file 'custom_interface.egg-info/SOURCES.txt'
[5.767s] writing manifest file 'custom_interface.egg-info/SOURCES.txt'
[5.797s] [100%] Built target ament_cmake_python_build_custom_interface_egg
[5.815s] Invoked command in '/home/felix/robo/robo_ai_turku_2025/build/custom_interface' returned '0': CMAKE_PREFIX_PATH=${CMAKE_PREFIX_PATH}:/home/felix/robo/robo_ai_turku_2025/install/task1:/home/felix/robo/robo_ai_turku_2025/install/lab1_bringup:/home/felix/robo/robo_ai_turku_2025/install/lab01_task05:/home/felix/robo/robo_ai_turku_2025/install/lab01_task03:/home/felix/robo/robo_ai_turku_2025/install/lab01_task02:/home/felix/robo/robo_ai_turku_2025/install/lab01_task01:/home/felix/robo/robo_ai_turku_2025/ros2_ws/install/lab01_task05:/home/felix/robo/robo_ai_turku_2025/ros2_ws/install/lab01_task03:/home/felix/robo/robo_ai_turku_2025/ros2_ws/install/lab01_task02:/home/felix/robo/robo_ai_turku_2025/ros2_ws/install/lab01_task01:/home/felix/robo/robo_ai_turku_2025/ros2_ws/install/lab1_bringup:/home/felix/robo/robo_ai_turku_2025/ros2_ws/install/task1:/opt/ros/humble /usr/bin/cmake --build /home/felix/robo/robo_ai_turku_2025/build/custom_interface -- -j22 -l22
[5.830s] Invoking command in '/home/felix/robo/robo_ai_turku_2025/build/custom_interface': CMAKE_PREFIX_PATH=${CMAKE_PREFIX_PATH}:/home/felix/robo/robo_ai_turku_2025/install/task1:/home/felix/robo/robo_ai_turku_2025/install/lab1_bringup:/home/felix/robo/robo_ai_turku_2025/install/lab01_task05:/home/felix/robo/robo_ai_turku_2025/install/lab01_task03:/home/felix/robo/robo_ai_turku_2025/install/lab01_task02:/home/felix/robo/robo_ai_turku_2025/install/lab01_task01:/home/felix/robo/robo_ai_turku_2025/ros2_ws/install/lab01_task05:/home/felix/robo/robo_ai_turku_2025/ros2_ws/install/lab01_task03:/home/felix/robo/robo_ai_turku_2025/ros2_ws/install/lab01_task02:/home/felix/robo/robo_ai_turku_2025/ros2_ws/install/lab01_task01:/home/felix/robo/robo_ai_turku_2025/ros2_ws/install/lab1_bringup:/home/felix/robo/robo_ai_turku_2025/ros2_ws/install/task1:/opt/ros/humble /usr/bin/cmake --install /home/felix/robo/robo_ai_turku_2025/build/custom_interface
[5.839s] -- Install configuration: ""
[5.839s] -- Up-to-date: /home/felix/robo/robo_ai_turku_2025/install/custom_interface/share/ament_index/resource_index/rosidl_interfaces/custom_interface
[5.840s] -- Up-to-date: /home/felix/robo/robo_ai_turku_2025/install/custom_interface/include/custom_interface/custom_interface
[5.840s] -- Up-to-date: /home/felix/robo/robo_ai_turku_2025/install/custom_interface/include/custom_interface/custom_interface/msg
[5.840s] -- Up-to-date: /home/felix/robo/robo_ai_turku_2025/install/custom_interface/include/custom_interface/custom_interface/msg/count.h
[5.840s] -- Up-to-date: /home/felix/robo/robo_ai_turku_2025/install/custom_interface/include/custom_interface/custom_interface/msg/task_msg.h
[5.841s] -- Up-to-date: /home/felix/robo/robo_ai_turku_2025/install/custom_interface/include/custom_interface/custom_interface/msg/request_distance_msg.h
[5.841s] -- Up-to-date: /home/felix/robo/robo_ai_turku_2025/install/custom_interface/include/custom_interface/custom_interface/msg/rosidl_generator_c__visibility_control.h
[5.841s] -- Up-to-date: /home/felix/robo/robo_ai_turku_2025/install/custom_interface/include/custom_interface/custom_interface/msg/response_distance_msg.h
[5.841s] -- Up-to-date: /home/felix/robo/robo_ai_turku_2025/install/custom_interface/include/custom_interface/custom_interface/msg/detail
[5.841s] -- Up-to-date: /home/felix/robo/robo_ai_turku_2025/install/custom_interface/include/custom_interface/custom_interface/msg/detail/response_distance_msg__functions.c
[5.841s] -- Up-to-date: /home/felix/robo/robo_ai_turku_2025/install/custom_interface/include/custom_interface/custom_interface/msg/detail/response_distance_msg__type_support.h
[5.842s] -- Up-to-date: /home/felix/robo/robo_ai_turku_2025/install/custom_interface/include/custom_interface/custom_interface/msg/detail/task_msg__struct.h
[5.842s] -- Up-to-date: /home/felix/robo/robo_ai_turku_2025/install/custom_interface/include/custom_interface/custom_interface/msg/detail/count__functions.h
[5.842s] -- Up-to-date: /home/felix/robo/robo_ai_turku_2025/install/custom_interface/include/custom_interface/custom_interface/msg/detail/request_distance_msg__struct.h
[5.842s] -- Up-to-date: /home/felix/robo/robo_ai_turku_2025/install/custom_interface/include/custom_interface/custom_interface/msg/detail/request_distance_msg__functions.h
[5.842s] -- Up-to-date: /home/felix/robo/robo_ai_turku_2025/install/custom_interface/include/custom_interface/custom_interface/msg/detail/count__struct.h
[5.842s] -- Up-to-date: /home/felix/robo/robo_ai_turku_2025/install/custom_interface/include/custom_interface/custom_interface/msg/detail/response_distance_msg__functions.h
[5.842s] -- Up-to-date: /home/felix/robo/robo_ai_turku_2025/install/custom_interface/include/custom_interface/custom_interface/msg/detail/count__functions.c
[5.842s] -- Up-to-date: /home/felix/robo/robo_ai_turku_2025/install/custom_interface/include/custom_interface/custom_interface/msg/detail/task_msg__functions.c
[5.842s] -- Up-to-date: /home/felix/robo/robo_ai_turku_2025/install/custom_interface/include/custom_interface/custom_interface/msg/detail/task_msg__functions.h
[5.842s] -- Up-to-date: /home/felix/robo/robo_ai_turku_2025/install/custom_interface/include/custom_interface/custom_interface/msg/detail/task_msg__type_support.h
[5.842s] -- Up-to-date: /home/felix/robo/robo_ai_turku_2025/install/custom_interface/include/custom_interface/custom_interface/msg/detail/response_distance_msg__struct.h
[5.842s] -- Up-to-date: /home/felix/robo/robo_ai_turku_2025/install/custom_interface/include/custom_interface/custom_interface/msg/detail/request_distance_msg__functions.c
[5.842s] -- Up-to-date: /home/felix/robo/robo_ai_turku_2025/install/custom_interface/include/custom_interface/custom_interface/msg/detail/request_distance_msg__type_support.h
[5.842s] -- Up-to-date: /home/felix/robo/robo_ai_turku_2025/install/custom_interface/include/custom_interface/custom_interface/msg/detail/count__type_support.h
[5.843s] -- Up-to-date: /home/felix/robo/robo_ai_turku_2025/install/custom_interface/include/custom_interface/custom_interface/action
[5.843s] -- Up-to-date: /home/felix/robo/robo_ai_turku_2025/install/custom_interface/include/custom_interface/custom_interface/action/countdown.h
[5.843s] -- Up-to-date: /home/felix/robo/robo_ai_turku_2025/install/custom_interface/include/custom_interface/custom_interface/action/detail
[5.843s] -- Up-to-date: /home/felix/robo/robo_ai_turku_2025/install/custom_interface/include/custom_interface/custom_interface/action/detail/countdown__type_support.h
[5.843s] -- Up-to-date: /home/felix/robo/robo_ai_turku_2025/install/custom_interface/include/custom_interface/custom_interface/action/detail/countdown__functions.c
[5.843s] -- Up-to-date: /home/felix/robo/robo_ai_turku_2025/install/custom_interface/include/custom_interface/custom_interface/action/detail/countdown__functions.h
[5.843s] -- Up-to-date: /home/felix/robo/robo_ai_turku_2025/install/custom_interface/include/custom_interface/custom_interface/action/detail/countdown__struct.h
[5.843s] -- Up-to-date: /home/felix/robo/robo_ai_turku_2025/install/custom_interface/include/custom_interface/custom_interface/srv
[5.843s] -- Up-to-date: /home/felix/robo/robo_ai_turku_2025/install/custom_interface/include/custom_interface/custom_interface/srv/calculate_distance.h
[5.843s] -- Up-to-date: /home/felix/robo/robo_ai_turku_2025/install/custom_interface/include/custom_interface/custom_interface/srv/cancel_request.h
[5.843s] -- Up-to-date: /home/felix/robo/robo_ai_turku_2025/install/custom_interface/include/custom_interface/custom_interface/srv/detail
[5.843s] -- Up-to-date: /home/felix/robo/robo_ai_turku_2025/install/custom_interface/include/custom_interface/custom_interface/srv/detail/cancel_request__functions.c
[5.843s] -- Up-to-date: /home/felix/robo/robo_ai_turku_2025/install/custom_interface/include/custom_interface/custom_interface/srv/detail/cancel_request__type_support.h
[5.844s] -- Up-to-date: /home/felix/robo/robo_ai_turku_2025/install/custom_interface/include/custom_interface/custom_interface/srv/detail/calculate_distance__functions.c
[5.844s] -- Up-to-date: /home/felix/robo/robo_ai_turku_2025/install/custom_interface/include/custom_interface/custom_interface/srv/detail/cancel_request__struct.h
[5.844s] -- Up-to-date: /home/felix/robo/robo_ai_turku_2025/install/custom_interface/include/custom_interface/custom_interface/srv/detail/calculate_distance__type_support.h
[5.844s] -- Up-to-date: /home/felix/robo/robo_ai_turku_2025/install/custom_interface/include/custom_interface/custom_interface/srv/detail/cancel_request__functions.h
[5.844s] -- Up-to-date: /home/felix/robo/robo_ai_turku_2025/install/custom_interface/include/custom_interface/custom_interface/srv/detail/calculate_distance__functions.h
[5.844s] -- Up-to-date: /home/felix/robo/robo_ai_turku_2025/install/custom_interface/include/custom_interface/custom_interface/srv/detail/calculate_distance__struct.h
[5.845s] -- Up-to-date: /home/felix/robo/robo_ai_turku_2025/install/custom_interface/share/custom_interface/environment/library_path.sh
[5.845s] -- Installing: /home/felix/robo/robo_ai_turku_2025/install/custom_interface/share/custom_interface/environment/library_path.dsv
[5.845s] -- Up-to-date: /home/felix/robo/robo_ai_turku_2025/install/custom_interface/lib/libcustom_interface__rosidl_generator_c.so
[5.845s] -- Up-to-date: /home/felix/robo/robo_ai_turku_2025/install/custom_interface/include/custom_interface/custom_interface
[5.845s] -- Up-to-date: /home/felix/robo/robo_ai_turku_2025/install/custom_interface/include/custom_interface/custom_interface/msg
[5.845s] -- Up-to-date: /home/felix/robo/robo_ai_turku_2025/install/custom_interface/include/custom_interface/custom_interface/msg/detail
[5.845s] -- Up-to-date: /home/felix/robo/robo_ai_turku_2025/install/custom_interface/include/custom_interface/custom_interface/msg/detail/task_msg__rosidl_typesupport_fastrtps_c.h
[5.845s] -- Up-to-date: /home/felix/robo/robo_ai_turku_2025/install/custom_interface/include/custom_interface/custom_interface/msg/detail/request_distance_msg__rosidl_typesupport_fastrtps_c.h
[5.845s] -- Up-to-date: /home/felix/robo/robo_ai_turku_2025/install/custom_interface/include/custom_interface/custom_interface/msg/detail/count__rosidl_typesupport_fastrtps_c.h
[5.845s] -- Up-to-date: /home/felix/robo/robo_ai_turku_2025/install/custom_interface/include/custom_interface/custom_interface/msg/detail/response_distance_msg__rosidl_typesupport_fastrtps_c.h
[5.845s] -- Up-to-date: /home/felix/robo/robo_ai_turku_2025/install/custom_interface/include/custom_interface/custom_interface/msg/rosidl_typesupport_fastrtps_c__visibility_control.h
[5.845s] -- Up-to-date: /home/felix/robo/robo_ai_turku_2025/install/custom_interface/include/custom_interface/custom_interface/action
[5.845s] -- Up-to-date: /home/felix/robo/robo_ai_turku_2025/install/custom_interface/include/custom_interface/custom_interface/action/detail
[5.845s] -- Up-to-date: /home/felix/robo/robo_ai_turku_2025/install/custom_interface/include/custom_interface/custom_interface/action/detail/countdown__rosidl_typesupport_fastrtps_c.h
[5.845s] -- Up-to-date: /home/felix/robo/robo_ai_turku_2025/install/custom_interface/include/custom_interface/custom_interface/srv
[5.845s] -- Up-to-date: /home/felix/robo/robo_ai_turku_2025/install/custom_interface/include/custom_interface/custom_interface/srv/detail
[5.845s] -- Up-to-date: /home/felix/robo/robo_ai_turku_2025/install/custom_interface/include/custom_interface/custom_interface/srv/detail/cancel_request__rosidl_typesupport_fastrtps_c.h
[5.845s] -- Up-to-date: /home/felix/robo/robo_ai_turku_2025/install/custom_interface/include/custom_interface/custom_interface/srv/detail/calculate_distance__rosidl_typesupport_fastrtps_c.h
[5.845s] -- Up-to-date: /home/felix/robo/robo_ai_turku_2025/install/custom_interface/lib/libcustom_interface__rosidl_typesupport_fastrtps_c.so
[5.846s] -- Up-to-date: /home/felix/robo/robo_ai_turku_2025/install/custom_interface/include/custom_interface/custom_interface
[5.846s] -- Up-to-date: /home/felix/robo/robo_ai_turku_2025/install/custom_interface/include/custom_interface/custom_interface/msg
[5.846s] -- Up-to-date: /home/felix/robo/robo_ai_turku_2025/install/custom_interface/include/custom_interface/custom_interface/msg/request_distance_msg.hpp
[5.846s] -- Up-to-date: /home/felix/robo/robo_ai_turku_2025/install/custom_interface/include/custom_interface/custom_interface/msg/count.hpp
[5.846s] -- Up-to-date: /home/felix/robo/robo_ai_turku_2025/install/custom_interface/include/custom_interface/custom_interface/msg/response_distance_msg.hpp
[5.846s] -- Up-to-date: /home/felix/robo/robo_ai_turku_2025/install/custom_interface/include/custom_interface/custom_interface/msg/rosidl_generator_cpp__visibility_control.hpp
[5.847s] -- Up-to-date: /home/felix/robo/robo_ai_turku_2025/install/custom_interface/include/custom_interface/custom_interface/msg/task_msg.hpp
[5.847s] -- Up-to-date: /home/felix/robo/robo_ai_turku_2025/install/custom_interface/include/custom_interface/custom_interface/msg/detail
[5.847s] -- Up-to-date: /home/felix/robo/robo_ai_turku_2025/install/custom_interface/include/custom_interface/custom_interface/msg/detail/request_distance_msg__builder.hpp
[5.847s] -- Up-to-date: /home/felix/robo/robo_ai_turku_2025/install/custom_interface/include/custom_interface/custom_interface/msg/detail/task_msg__traits.hpp
[5.847s] -- Up-to-date: /home/felix/robo/robo_ai_turku_2025/install/custom_interface/include/custom_interface/custom_interface/msg/detail/task_msg__builder.hpp
[5.847s] -- Up-to-date: /home/felix/robo/robo_ai_turku_2025/install/custom_interface/include/custom_interface/custom_interface/msg/detail/request_distance_msg__traits.hpp
[5.847s] -- Up-to-date: /home/felix/robo/robo_ai_turku_2025/install/custom_interface/include/custom_interface/custom_interface/msg/detail/request_distance_msg__struct.hpp
[5.847s] -- Up-to-date: /home/felix/robo/robo_ai_turku_2025/install/custom_interface/include/custom_interface/custom_interface/msg/detail/count__traits.hpp
[5.847s] -- Up-to-date: /home/felix/robo/robo_ai_turku_2025/install/custom_interface/include/custom_interface/custom_interface/msg/detail/response_distance_msg__type_support.hpp
[5.847s] -- Up-to-date: /home/felix/robo/robo_ai_turku_2025/install/custom_interface/include/custom_interface/custom_interface/msg/detail/response_distance_msg__struct.hpp
[5.847s] -- Up-to-date: /home/felix/robo/robo_ai_turku_2025/install/custom_interface/include/custom_interface/custom_interface/msg/detail/response_distance_msg__traits.hpp
[5.847s] -- Up-to-date: /home/felix/robo/robo_ai_turku_2025/install/custom_interface/include/custom_interface/custom_interface/msg/detail/response_distance_msg__builder.hpp
[5.847s] -- Up-to-date: /home/felix/robo/robo_ai_turku_2025/install/custom_interface/include/custom_interface/custom_interface/msg/detail/count__struct.hpp
[5.847s] -- Up-to-date: /home/felix/robo/robo_ai_turku_2025/install/custom_interface/include/custom_interface/custom_interface/msg/detail/count__type_support.hpp
[5.847s] -- Up-to-date: /home/felix/robo/robo_ai_turku_2025/install/custom_interface/include/custom_interface/custom_interface/msg/detail/task_msg__struct.hpp
[5.847s] -- Up-to-date: /home/felix/robo/robo_ai_turku_2025/install/custom_interface/include/custom_interface/custom_interface/msg/detail/count__builder.hpp
[5.847s] -- Up-to-date: /home/felix/robo/robo_ai_turku_2025/install/custom_interface/include/custom_interface/custom_interface/msg/detail/request_distance_msg__type_support.hpp
[5.847s] -- Up-to-date: /home/felix/robo/robo_ai_turku_2025/install/custom_interface/include/custom_interface/custom_interface/msg/detail/task_msg__type_support.hpp
[5.847s] -- Up-to-date: /home/felix/robo/robo_ai_turku_2025/install/custom_interface/include/custom_interface/custom_interface/action
[5.848s] -- Up-to-date: /home/felix/robo/robo_ai_turku_2025/install/custom_interface/include/custom_interface/custom_interface/action/countdown.hpp
[5.848s] -- Up-to-date: /home/felix/robo/robo_ai_turku_2025/install/custom_interface/include/custom_interface/custom_interface/action/detail
[5.848s] -- Up-to-date: /home/felix/robo/robo_ai_turku_2025/install/custom_interface/include/custom_interface/custom_interface/action/detail/countdown__type_support.hpp
[5.848s] -- Up-to-date: /home/felix/robo/robo_ai_turku_2025/install/custom_interface/include/custom_interface/custom_interface/action/detail/countdown__builder.hpp
[5.848s] -- Up-to-date: /home/felix/robo/robo_ai_turku_2025/install/custom_interface/include/custom_interface/custom_interface/action/detail/countdown__struct.hpp
[5.848s] -- Up-to-date: /home/felix/robo/robo_ai_turku_2025/install/custom_interface/include/custom_interface/custom_interface/action/detail/countdown__traits.hpp
[5.848s] -- Up-to-date: /home/felix/robo/robo_ai_turku_2025/install/custom_interface/include/custom_interface/custom_interface/srv
[5.848s] -- Up-to-date: /home/felix/robo/robo_ai_turku_2025/install/custom_interface/include/custom_interface/custom_interface/srv/calculate_distance.hpp
[5.848s] -- Up-to-date: /home/felix/robo/robo_ai_turku_2025/install/custom_interface/include/custom_interface/custom_interface/srv/cancel_request.hpp
[5.848s] -- Up-to-date: /home/felix/robo/robo_ai_turku_2025/install/custom_interface/include/custom_interface/custom_interface/srv/detail
[5.848s] -- Up-to-date: /home/felix/robo/robo_ai_turku_2025/install/custom_interface/include/custom_interface/custom_interface/srv/detail/cancel_request__struct.hpp
[5.848s] -- Up-to-date: /home/felix/robo/robo_ai_turku_2025/install/custom_interface/include/custom_interface/custom_interface/srv/detail/calculate_distance__type_support.hpp
[5.849s] -- Up-to-date: /home/felix/robo/robo_ai_turku_2025/install/custom_interface/include/custom_interface/custom_interface/srv/detail/cancel_request__type_support.hpp
[5.849s] -- Up-to-date: /home/felix/robo/robo_ai_turku_2025/install/custom_interface/include/custom_interface/custom_interface/srv/detail/calculate_distance__builder.hpp
[5.849s] -- Up-to-date: /home/felix/robo/robo_ai_turku_2025/install/custom_interface/include/custom_interface/custom_interface/srv/detail/calculate_distance__traits.hpp
[5.849s] -- Up-to-date: /home/felix/robo/robo_ai_turku_2025/install/custom_interface/include/custom_interface/custom_interface/srv/detail/cancel_request__traits.hpp
[5.849s] -- Up-to-date: /home/felix/robo/robo_ai_turku_2025/install/custom_interface/include/custom_interface/custom_interface/srv/detail/cancel_request__builder.hpp
[5.849s] -- Up-to-date: /home/felix/robo/robo_ai_turku_2025/install/custom_interface/include/custom_interface/custom_interface/srv/detail/calculate_distance__struct.hpp
[5.849s] -- Up-to-date: /home/felix/robo/robo_ai_turku_2025/install/custom_interface/include/custom_interface/custom_interface
[5.849s] -- Up-to-date: /home/felix/robo/robo_ai_turku_2025/install/custom_interface/include/custom_interface/custom_interface/msg
[5.849s] -- Up-to-date: /home/felix/robo/robo_ai_turku_2025/install/custom_interface/include/custom_interface/custom_interface/msg/rosidl_typesupport_fastrtps_cpp__visibility_control.h
[5.849s] -- Up-to-date: /home/felix/robo/robo_ai_turku_2025/install/custom_interface/include/custom_interface/custom_interface/msg/detail
[5.849s] -- Up-to-date: /home/felix/robo/robo_ai_turku_2025/install/custom_interface/include/custom_interface/custom_interface/msg/detail/request_distance_msg__rosidl_typesupport_fastrtps_cpp.hpp
[5.849s] -- Up-to-date: /home/felix/robo/robo_ai_turku_2025/install/custom_interface/include/custom_interface/custom_interface/msg/detail/response_distance_msg__rosidl_typesupport_fastrtps_cpp.hpp
[5.849s] -- Up-to-date: /home/felix/robo/robo_ai_turku_2025/install/custom_interface/include/custom_interface/custom_interface/msg/detail/task_msg__rosidl_typesupport_fastrtps_cpp.hpp
[5.849s] -- Up-to-date: /home/felix/robo/robo_ai_turku_2025/install/custom_interface/include/custom_interface/custom_interface/msg/detail/count__rosidl_typesupport_fastrtps_cpp.hpp
[5.849s] -- Up-to-date: /home/felix/robo/robo_ai_turku_2025/install/custom_interface/include/custom_interface/custom_interface/msg/detail/dds_fastrtps
[5.849s] -- Up-to-date: /home/felix/robo/robo_ai_turku_2025/install/custom_interface/include/custom_interface/custom_interface/action
[5.849s] -- Up-to-date: /home/felix/robo/robo_ai_turku_2025/install/custom_interface/include/custom_interface/custom_interface/action/detail
[5.850s] -- Up-to-date: /home/felix/robo/robo_ai_turku_2025/install/custom_interface/include/custom_interface/custom_interface/action/detail/dds_fastrtps
[5.850s] -- Up-to-date: /home/felix/robo/robo_ai_turku_2025/install/custom_interface/include/custom_interface/custom_interface/action/detail/countdown__rosidl_typesupport_fastrtps_cpp.hpp
[5.850s] -- Up-to-date: /home/felix/robo/robo_ai_turku_2025/install/custom_interface/include/custom_interface/custom_interface/srv
[5.851s] -- Up-to-date: /home/felix/robo/robo_ai_turku_2025/install/custom_interface/include/custom_interface/custom_interface/srv/detail
[5.851s] -- Up-to-date: /home/felix/robo/robo_ai_turku_2025/install/custom_interface/include/custom_interface/custom_interface/srv/detail/cancel_request__rosidl_typesupport_fastrtps_cpp.hpp
[5.851s] -- Up-to-date: /home/felix/robo/robo_ai_turku_2025/install/custom_interface/include/custom_interface/custom_interface/srv/detail/calculate_distance__rosidl_typesupport_fastrtps_cpp.hpp
[5.851s] -- Up-to-date: /home/felix/robo/robo_ai_turku_2025/install/custom_interface/include/custom_interface/custom_interface/srv/detail/dds_fastrtps
[5.851s] -- Up-to-date: /home/felix/robo/robo_ai_turku_2025/install/custom_interface/lib/libcustom_interface__rosidl_typesupport_fastrtps_cpp.so
[5.851s] -- Up-to-date: /home/felix/robo/robo_ai_turku_2025/install/custom_interface/include/custom_interface/custom_interface
[5.851s] -- Up-to-date: /home/felix/robo/robo_ai_turku_2025/install/custom_interface/include/custom_interface/custom_interface/msg
[5.851s] -- Up-to-date: /home/felix/robo/robo_ai_turku_2025/install/custom_interface/include/custom_interface/custom_interface/msg/rosidl_typesupport_introspection_c__visibility_control.h
[5.851s] -- Up-to-date: /home/felix/robo/robo_ai_turku_2025/install/custom_interface/include/custom_interface/custom_interface/msg/detail
[5.851s] -- Up-to-date: /home/felix/robo/robo_ai_turku_2025/install/custom_interface/include/custom_interface/custom_interface/msg/detail/count__rosidl_typesupport_introspection_c.h
[5.851s] -- Up-to-date: /home/felix/robo/robo_ai_turku_2025/install/custom_interface/include/custom_interface/custom_interface/msg/detail/response_distance_msg__rosidl_typesupport_introspection_c.h
[5.851s] -- Up-to-date: /home/felix/robo/robo_ai_turku_2025/install/custom_interface/include/custom_interface/custom_interface/msg/detail/response_distance_msg__type_support.c
[5.851s] -- Up-to-date: /home/felix/robo/robo_ai_turku_2025/install/custom_interface/include/custom_interface/custom_interface/msg/detail/request_distance_msg__rosidl_typesupport_introspection_c.h
[5.851s] -- Up-to-date: /home/felix/robo/robo_ai_turku_2025/install/custom_interface/include/custom_interface/custom_interface/msg/detail/request_distance_msg__type_support.c
[5.852s] -- Up-to-date: /home/felix/robo/robo_ai_turku_2025/install/custom_interface/include/custom_interface/custom_interface/msg/detail/task_msg__rosidl_typesupport_introspection_c.h
[5.852s] -- Up-to-date: /home/felix/robo/robo_ai_turku_2025/install/custom_interface/include/custom_interface/custom_interface/msg/detail/count__type_support.c
[5.852s] -- Up-to-date: /home/felix/robo/robo_ai_turku_2025/install/custom_interface/include/custom_interface/custom_interface/msg/detail/task_msg__type_support.c
[5.852s] -- Up-to-date: /home/felix/robo/robo_ai_turku_2025/install/custom_interface/include/custom_interface/custom_interface/action
[5.852s] -- Up-to-date: /home/felix/robo/robo_ai_turku_2025/install/custom_interface/include/custom_interface/custom_interface/action/detail
[5.852s] -- Up-to-date: /home/felix/robo/robo_ai_turku_2025/install/custom_interface/include/custom_interface/custom_interface/action/detail/countdown__type_support.c
[5.852s] -- Up-to-date: /home/felix/robo/robo_ai_turku_2025/install/custom_interface/include/custom_interface/custom_interface/action/detail/countdown__rosidl_typesupport_introspection_c.h
[5.852s] -- Up-to-date: /home/felix/robo/robo_ai_turku_2025/install/custom_interface/include/custom_interface/custom_interface/srv
[5.852s] -- Up-to-date: /home/felix/robo/robo_ai_turku_2025/install/custom_interface/include/custom_interface/custom_interface/srv/detail
[5.852s] -- Up-to-date: /home/felix/robo/robo_ai_turku_2025/install/custom_interface/include/custom_interface/custom_interface/srv/detail/cancel_request__rosidl_typesupport_introspection_c.h
[5.852s] -- Up-to-date: /home/felix/robo/robo_ai_turku_2025/install/custom_interface/include/custom_interface/custom_interface/srv/detail/cancel_request__type_support.c
[5.852s] -- Up-to-date: /home/felix/robo/robo_ai_turku_2025/install/custom_interface/include/custom_interface/custom_interface/srv/detail/calculate_distance__type_support.c
[5.852s] -- Up-to-date: /home/felix/robo/robo_ai_turku_2025/install/custom_interface/include/custom_interface/custom_interface/srv/detail/calculate_distance__rosidl_typesupport_introspection_c.h
[5.853s] -- Up-to-date: /home/felix/robo/robo_ai_turku_2025/install/custom_interface/lib/libcustom_interface__rosidl_typesupport_introspection_c.so
[5.853s] -- Up-to-date: /home/felix/robo/robo_ai_turku_2025/install/custom_interface/lib/libcustom_interface__rosidl_typesupport_c.so
[5.853s] -- Up-to-date: /home/felix/robo/robo_ai_turku_2025/install/custom_interface/include/custom_interface/custom_interface
[5.853s] -- Up-to-date: /home/felix/robo/robo_ai_turku_2025/install/custom_interface/include/custom_interface/custom_interface/msg
[5.853s] -- Up-to-date: /home/felix/robo/robo_ai_turku_2025/install/custom_interface/include/custom_interface/custom_interface/msg/detail
[5.854s] -- Up-to-date: /home/felix/robo/robo_ai_turku_2025/install/custom_interface/include/custom_interface/custom_interface/msg/detail/request_distance_msg__rosidl_typesupport_introspection_cpp.hpp
[5.854s] -- Up-to-date: /home/felix/robo/robo_ai_turku_2025/install/custom_interface/include/custom_interface/custom_interface/msg/detail/count__rosidl_typesupport_introspection_cpp.hpp
[5.854s] -- Up-to-date: /home/felix/robo/robo_ai_turku_2025/install/custom_interface/include/custom_interface/custom_interface/msg/detail/task_msg__rosidl_typesupport_introspection_cpp.hpp
[5.854s] -- Up-to-date: /home/felix/robo/robo_ai_turku_2025/install/custom_interface/include/custom_interface/custom_interface/msg/detail/request_distance_msg__type_support.cpp
[5.854s] -- Up-to-date: /home/felix/robo/robo_ai_turku_2025/install/custom_interface/include/custom_interface/custom_interface/msg/detail/response_distance_msg__type_support.cpp
[5.854s] -- Up-to-date: /home/felix/robo/robo_ai_turku_2025/install/custom_interface/include/custom_interface/custom_interface/msg/detail/task_msg__type_support.cpp
[5.854s] -- Up-to-date: /home/felix/robo/robo_ai_turku_2025/install/custom_interface/include/custom_interface/custom_interface/msg/detail/response_distance_msg__rosidl_typesupport_introspection_cpp.hpp
[5.854s] -- Up-to-date: /home/felix/robo/robo_ai_turku_2025/install/custom_interface/include/custom_interface/custom_interface/msg/detail/count__type_support.cpp
[5.854s] -- Up-to-date: /home/felix/robo/robo_ai_turku_2025/install/custom_interface/include/custom_interface/custom_interface/action
[5.854s] -- Up-to-date: /home/felix/robo/robo_ai_turku_2025/install/custom_interface/include/custom_interface/custom_interface/action/detail
[5.854s] -- Up-to-date: /home/felix/robo/robo_ai_turku_2025/install/custom_interface/include/custom_interface/custom_interface/action/detail/countdown__rosidl_typesupport_introspection_cpp.hpp
[5.854s] -- Up-to-date: /home/felix/robo/robo_ai_turku_2025/install/custom_interface/include/custom_interface/custom_interface/action/detail/countdown__type_support.cpp
[5.854s] -- Up-to-date: /home/felix/robo/robo_ai_turku_2025/install/custom_interface/include/custom_interface/custom_interface/srv
[5.854s] -- Up-to-date: /home/felix/robo/robo_ai_turku_2025/install/custom_interface/include/custom_interface/custom_interface/srv/detail
[5.854s] -- Up-to-date: /home/felix/robo/robo_ai_turku_2025/install/custom_interface/include/custom_interface/custom_interface/srv/detail/cancel_request__rosidl_typesupport_introspection_cpp.hpp
[5.854s] -- Up-to-date: /home/felix/robo/robo_ai_turku_2025/install/custom_interface/include/custom_interface/custom_interface/srv/detail/calculate_distance__rosidl_typesupport_introspection_cpp.hpp
[5.855s] -- Up-to-date: /home/felix/robo/robo_ai_turku_2025/install/custom_interface/include/custom_interface/custom_interface/srv/detail/calculate_distance__type_support.cpp
[5.855s] -- Up-to-date: /home/felix/robo/robo_ai_turku_2025/install/custom_interface/include/custom_interface/custom_interface/srv/detail/cancel_request__type_support.cpp
[5.855s] -- Up-to-date: /home/felix/robo/robo_ai_turku_2025/install/custom_interface/lib/libcustom_interface__rosidl_typesupport_introspection_cpp.so
[5.855s] -- Up-to-date: /home/felix/robo/robo_ai_turku_2025/install/custom_interface/lib/libcustom_interface__rosidl_typesupport_cpp.so
[5.855s] -- Up-to-date: /home/felix/robo/robo_ai_turku_2025/install/custom_interface/share/custom_interface/environment/pythonpath.sh
[5.855s] -- Installing: /home/felix/robo/robo_ai_turku_2025/install/custom_interface/share/custom_interface/environment/pythonpath.dsv
[5.855s] -- Up-to-date: /home/felix/robo/robo_ai_turku_2025/install/custom_interface/local/lib/python3.10/dist-packages/custom_interface-0.0.0-py3.10.egg-info
[5.855s] -- Installing: /home/felix/robo/robo_ai_turku_2025/install/custom_interface/local/lib/python3.10/dist-packages/custom_interface-0.0.0-py3.10.egg-info/dependency_links.txt
[5.855s] -- Installing: /home/felix/robo/robo_ai_turku_2025/install/custom_interface/local/lib/python3.10/dist-packages/custom_interface-0.0.0-py3.10.egg-info/PKG-INFO
[5.855s] -- Installing: /home/felix/robo/robo_ai_turku_2025/install/custom_interface/local/lib/python3.10/dist-packages/custom_interface-0.0.0-py3.10.egg-info/SOURCES.txt
[5.855s] -- Installing: /home/felix/robo/robo_ai_turku_2025/install/custom_interface/local/lib/python3.10/dist-packages/custom_interface-0.0.0-py3.10.egg-info/top_level.txt
[5.855s] -- Up-to-date: /home/felix/robo/robo_ai_turku_2025/install/custom_interface/local/lib/python3.10/dist-packages/custom_interface
[5.855s] -- Up-to-date: /home/felix/robo/robo_ai_turku_2025/install/custom_interface/local/lib/python3.10/dist-packages/custom_interface/_custom_interface_s.ep.rosidl_typesupport_fastrtps_c.c
[5.855s] -- Installing: /home/felix/robo/robo_ai_turku_2025/install/custom_interface/local/lib/python3.10/dist-packages/custom_interface/__init__.py
[5.855s] -- Up-to-date: /home/felix/robo/robo_ai_turku_2025/install/custom_interface/local/lib/python3.10/dist-packages/custom_interface/msg
[5.855s] -- Up-to-date: /home/felix/robo/robo_ai_turku_2025/install/custom_interface/local/lib/python3.10/dist-packages/custom_interface/msg/_response_distance_msg.py
[5.855s] -- Up-to-date: /home/felix/robo/robo_ai_turku_2025/install/custom_interface/local/lib/python3.10/dist-packages/custom_interface/msg/_response_distance_msg_s.c
[5.855s] -- Up-to-date: /home/felix/robo/robo_ai_turku_2025/install/custom_interface/local/lib/python3.10/dist-packages/custom_interface/msg/_request_distance_msg.py
[5.855s] -- Up-to-date: /home/felix/robo/robo_ai_turku_2025/install/custom_interface/local/lib/python3.10/dist-packages/custom_interface/msg/__init__.py
[5.855s] -- Up-to-date: /home/felix/robo/robo_ai_turku_2025/install/custom_interface/local/lib/python3.10/dist-packages/custom_interface/msg/_count_s.c
[5.855s] -- Up-to-date: /home/felix/robo/robo_ai_turku_2025/install/custom_interface/local/lib/python3.10/dist-packages/custom_interface/msg/_count.py
[5.855s] -- Up-to-date: /home/felix/robo/robo_ai_turku_2025/install/custom_interface/local/lib/python3.10/dist-packages/custom_interface/msg/_task_msg_s.c
[5.855s] -- Up-to-date: /home/felix/robo/robo_ai_turku_2025/install/custom_interface/local/lib/python3.10/dist-packages/custom_interface/msg/_request_distance_msg_s.c
[5.856s] -- Up-to-date: /home/felix/robo/robo_ai_turku_2025/install/custom_interface/local/lib/python3.10/dist-packages/custom_interface/msg/_task_msg.py
[5.856s] -- Up-to-date: /home/felix/robo/robo_ai_turku_2025/install/custom_interface/local/lib/python3.10/dist-packages/custom_interface/action
[5.856s] -- Up-to-date: /home/felix/robo/robo_ai_turku_2025/install/custom_interface/local/lib/python3.10/dist-packages/custom_interface/action/__init__.py
[5.856s] -- Up-to-date: /home/felix/robo/robo_ai_turku_2025/install/custom_interface/local/lib/python3.10/dist-packages/custom_interface/action/_countdown.py
[5.856s] -- Up-to-date: /home/felix/robo/robo_ai_turku_2025/install/custom_interface/local/lib/python3.10/dist-packages/custom_interface/action/_countdown_s.c
[5.856s] -- Up-to-date: /home/felix/robo/robo_ai_turku_2025/install/custom_interface/local/lib/python3.10/dist-packages/custom_interface/srv
[5.856s] -- Up-to-date: /home/felix/robo/robo_ai_turku_2025/install/custom_interface/local/lib/python3.10/dist-packages/custom_interface/srv/__init__.py
[5.856s] -- Up-to-date: /home/felix/robo/robo_ai_turku_2025/install/custom_interface/local/lib/python3.10/dist-packages/custom_interface/srv/_cancel_request.py
[5.856s] -- Up-to-date: /home/felix/robo/robo_ai_turku_2025/install/custom_interface/local/lib/python3.10/dist-packages/custom_interface/srv/_calculate_distance.py
[5.856s] -- Up-to-date: /home/felix/robo/robo_ai_turku_2025/install/custom_interface/local/lib/python3.10/dist-packages/custom_interface/srv/_cancel_request_s.c
[5.856s] -- Up-to-date: /home/felix/robo/robo_ai_turku_2025/install/custom_interface/local/lib/python3.10/dist-packages/custom_interface/srv/_calculate_distance_s.c
[5.856s] -- Up-to-date: /home/felix/robo/robo_ai_turku_2025/install/custom_interface/local/lib/python3.10/dist-packages/custom_interface/custom_interface_s__rosidl_typesupport_c.cpython-310-x86_64-linux-gnu.so
[5.856s] -- Up-to-date: /home/felix/robo/robo_ai_turku_2025/install/custom_interface/local/lib/python3.10/dist-packages/custom_interface/libcustom_interface__rosidl_generator_py.so
[5.856s] -- Up-to-date: /home/felix/robo/robo_ai_turku_2025/install/custom_interface/local/lib/python3.10/dist-packages/custom_interface/custom_interface_s__rosidl_typesupport_fastrtps_c.cpython-310-x86_64-linux-gnu.so
[5.856s] -- Up-to-date: /home/felix/robo/robo_ai_turku_2025/install/custom_interface/local/lib/python3.10/dist-packages/custom_interface/custom_interface_s__rosidl_typesupport_introspection_c.cpython-310-x86_64-linux-gnu.so
[5.856s] -- Up-to-date: /home/felix/robo/robo_ai_turku_2025/install/custom_interface/local/lib/python3.10/dist-packages/custom_interface/_custom_interface_s.ep.rosidl_typesupport_introspection_c.c
[5.856s] -- Up-to-date: /home/felix/robo/robo_ai_turku_2025/install/custom_interface/local/lib/python3.10/dist-packages/custom_interface/_custom_interface_s.ep.rosidl_typesupport_c.c
[5.895s] Listing '/home/felix/robo/robo_ai_turku_2025/install/custom_interface/local/lib/python3.10/dist-packages/custom_interface'...
[5.895s] Compiling '/home/felix/robo/robo_ai_turku_2025/install/custom_interface/local/lib/python3.10/dist-packages/custom_interface/__init__.py'...
[5.895s] Listing '/home/felix/robo/robo_ai_turku_2025/install/custom_interface/local/lib/python3.10/dist-packages/custom_interface/action'...
[5.895s] Listing '/home/felix/robo/robo_ai_turku_2025/install/custom_interface/local/lib/python3.10/dist-packages/custom_interface/msg'...
[5.895s] Listing '/home/felix/robo/robo_ai_turku_2025/install/custom_interface/local/lib/python3.10/dist-packages/custom_interface/srv'...
[5.900s] -- Up-to-date: /home/felix/robo/robo_ai_turku_2025/install/custom_interface/local/lib/python3.10/dist-packages/custom_interface/custom_interface_s__rosidl_typesupport_fastrtps_c.cpython-310-x86_64-linux-gnu.so
[5.901s] -- Up-to-date: /home/felix/robo/robo_ai_turku_2025/install/custom_interface/local/lib/python3.10/dist-packages/custom_interface/custom_interface_s__rosidl_typesupport_introspection_c.cpython-310-x86_64-linux-gnu.so
[5.901s] -- Up-to-date: /home/felix/robo/robo_ai_turku_2025/install/custom_interface/local/lib/python3.10/dist-packages/custom_interface/custom_interface_s__rosidl_typesupport_c.cpython-310-x86_64-linux-gnu.so
[5.901s] -- Up-to-date: /home/felix/robo/robo_ai_turku_2025/install/custom_interface/lib/libcustom_interface__rosidl_generator_py.so
[5.902s] -- Up-to-date: /home/felix/robo/robo_ai_turku_2025/install/custom_interface/share/custom_interface/msg/TaskMsg.idl
[5.902s] -- Up-to-date: /home/felix/robo/robo_ai_turku_2025/install/custom_interface/share/custom_interface/msg/RequestDistanceMsg.idl
[5.903s] -- Up-to-date: /home/felix/robo/robo_ai_turku_2025/install/custom_interface/share/custom_interface/msg/ResponseDistanceMsg.idl
[5.903s] -- Up-to-date: /home/felix/robo/robo_ai_turku_2025/install/custom_interface/share/custom_interface/srv/CalculateDistance.idl
[5.903s] -- Up-to-date: /home/felix/robo/robo_ai_turku_2025/install/custom_interface/share/custom_interface/srv/CancelRequest.idl
[5.903s] -- Up-to-date: /home/felix/robo/robo_ai_turku_2025/install/custom_interface/share/custom_interface/action/Countdown.idl
[5.903s] -- Up-to-date: /home/felix/robo/robo_ai_turku_2025/install/custom_interface/share/custom_interface/msg/Count.idl
[5.903s] -- Up-to-date: /home/felix/robo/robo_ai_turku_2025/install/custom_interface/share/custom_interface/msg/TaskMsg.msg
[5.904s] -- Up-to-date: /home/felix/robo/robo_ai_turku_2025/install/custom_interface/share/custom_interface/msg/RequestDistanceMsg.msg
[5.904s] -- Up-to-date: /home/felix/robo/robo_ai_turku_2025/install/custom_interface/share/custom_interface/msg/ResponseDistanceMsg.msg
[5.904s] -- Up-to-date: /home/felix/robo/robo_ai_turku_2025/install/custom_interface/share/custom_interface/srv/CalculateDistance.srv
[5.904s] -- Up-to-date: /home/felix/robo/robo_ai_turku_2025/install/custom_interface/share/custom_interface/srv/CalculateDistance_Request.msg
[5.904s] -- Up-to-date: /home/felix/robo/robo_ai_turku_2025/install/custom_interface/share/custom_interface/srv/CalculateDistance_Response.msg
[5.904s] -- Up-to-date: /home/felix/robo/robo_ai_turku_2025/install/custom_interface/share/custom_interface/srv/CancelRequest.srv
[5.904s] -- Up-to-date: /home/felix/robo/robo_ai_turku_2025/install/custom_interface/share/custom_interface/srv/CancelRequest_Request.msg
[5.904s] -- Up-to-date: /home/felix/robo/robo_ai_turku_2025/install/custom_interface/share/custom_interface/srv/CancelRequest_Response.msg
[5.904s] -- Up-to-date: /home/felix/robo/robo_ai_turku_2025/install/custom_interface/share/custom_interface/action/Countdown.action
[5.904s] -- Up-to-date: /home/felix/robo/robo_ai_turku_2025/install/custom_interface/share/custom_interface/msg/Count.msg
[5.904s] -- Up-to-date: /home/felix/robo/robo_ai_turku_2025/install/custom_interface/share/ament_index/resource_index/package_run_dependencies/custom_interface
[5.904s] -- Up-to-date: /home/felix/robo/robo_ai_turku_2025/install/custom_interface/share/ament_index/resource_index/parent_prefix_path/custom_interface
[5.904s] -- Up-to-date: /home/felix/robo/robo_ai_turku_2025/install/custom_interface/share/custom_interface/environment/ament_prefix_path.sh
[5.904s] -- Installing: /home/felix/robo/robo_ai_turku_2025/install/custom_interface/share/custom_interface/environment/ament_prefix_path.dsv
[5.904s] -- Up-to-date: /home/felix/robo/robo_ai_turku_2025/install/custom_interface/share/custom_interface/environment/path.sh
[5.904s] -- Installing: /home/felix/robo/robo_ai_turku_2025/install/custom_interface/share/custom_interface/environment/path.dsv
[5.904s] -- Up-to-date: /home/felix/robo/robo_ai_turku_2025/install/custom_interface/share/custom_interface/local_setup.bash
[5.904s] -- Up-to-date: /home/felix/robo/robo_ai_turku_2025/install/custom_interface/share/custom_interface/local_setup.sh
[5.905s] -- Up-to-date: /home/felix/robo/robo_ai_turku_2025/install/custom_interface/share/custom_interface/local_setup.zsh
[5.905s] -- Installing: /home/felix/robo/robo_ai_turku_2025/install/custom_interface/share/custom_interface/local_setup.dsv
[5.905s] -- Installing: /home/felix/robo/robo_ai_turku_2025/install/custom_interface/share/custom_interface/package.dsv
[5.905s] -- Up-to-date: /home/felix/robo/robo_ai_turku_2025/install/custom_interface/share/ament_index/resource_index/packages/custom_interface
[5.905s] -- Up-to-date: /home/felix/robo/robo_ai_turku_2025/install/custom_interface/share/custom_interface/cmake/export_custom_interface__rosidl_generator_cExport.cmake
[5.906s] -- Up-to-date: /home/felix/robo/robo_ai_turku_2025/install/custom_interface/share/custom_interface/cmake/export_custom_interface__rosidl_generator_cExport-noconfig.cmake
[5.906s] -- Up-to-date: /home/felix/robo/robo_ai_turku_2025/install/custom_interface/share/custom_interface/cmake/export_custom_interface__rosidl_typesupport_fastrtps_cExport.cmake
[5.906s] -- Up-to-date: /home/felix/robo/robo_ai_turku_2025/install/custom_interface/share/custom_interface/cmake/export_custom_interface__rosidl_typesupport_fastrtps_cExport-noconfig.cmake
[5.906s] -- Up-to-date: /home/felix/robo/robo_ai_turku_2025/install/custom_interface/share/custom_interface/cmake/export_custom_interface__rosidl_generator_cppExport.cmake
[5.906s] -- Up-to-date: /home/felix/robo/robo_ai_turku_2025/install/custom_interface/share/custom_interface/cmake/export_custom_interface__rosidl_typesupport_fastrtps_cppExport.cmake
[5.906s] -- Up-to-date: /home/felix/robo/robo_ai_turku_2025/install/custom_interface/share/custom_interface/cmake/export_custom_interface__rosidl_typesupport_fastrtps_cppExport-noconfig.cmake
[5.906s] -- Up-to-date: /home/felix/robo/robo_ai_turku_2025/install/custom_interface/share/custom_interface/cmake/custom_interface__rosidl_typesupport_introspection_cExport.cmake
[5.906s] -- Up-to-date: /home/felix/robo/robo_ai_turku_2025/install/custom_interface/share/custom_interface/cmake/custom_interface__rosidl_typesupport_introspection_cExport-noconfig.cmake
[5.906s] -- Up-to-date: /home/felix/robo/robo_ai_turku_2025/install/custom_interface/share/custom_interface/cmake/custom_interface__rosidl_typesupport_cExport.cmake
[5.906s] -- Up-to-date: /home/felix/robo/robo_ai_turku_2025/install/custom_interface/share/custom_interface/cmake/custom_interface__rosidl_typesupport_cExport-noconfig.cmake
[5.907s] -- Up-to-date: /home/felix/robo/robo_ai_turku_2025/install/custom_interface/share/custom_interface/cmake/custom_interface__rosidl_typesupport_introspection_cppExport.cmake
[5.907s] -- Up-to-date: /home/felix/robo/robo_ai_turku_2025/install/custom_interface/share/custom_interface/cmake/custom_interface__rosidl_typesupport_introspection_cppExport-noconfig.cmake
[5.907s] -- Up-to-date: /home/felix/robo/robo_ai_turku_2025/install/custom_interface/share/custom_interface/cmake/custom_interface__rosidl_typesupport_cppExport.cmake
[5.907s] -- Up-to-date: /home/felix/robo/robo_ai_turku_2025/install/custom_interface/share/custom_interface/cmake/custom_interface__rosidl_typesupport_cppExport-noconfig.cmake
[5.908s] -- Up-to-date: /home/felix/robo/robo_ai_turku_2025/install/custom_interface/share/custom_interface/cmake/export_custom_interface__rosidl_generator_pyExport.cmake
[5.908s] -- Up-to-date: /home/felix/robo/robo_ai_turku_2025/install/custom_interface/share/custom_interface/cmake/export_custom_interface__rosidl_generator_pyExport-noconfig.cmake
[5.908s] -- Up-to-date: /home/felix/robo/robo_ai_turku_2025/install/custom_interface/share/custom_interface/cmake/rosidl_cmake-extras.cmake
[5.908s] -- Up-to-date: /home/felix/robo/robo_ai_turku_2025/install/custom_interface/share/custom_interface/cmake/ament_cmake_export_dependencies-extras.cmake
[5.908s] -- Up-to-date: /home/felix/robo/robo_ai_turku_2025/install/custom_interface/share/custom_interface/cmake/ament_cmake_export_include_directories-extras.cmake
[5.908s] -- Up-to-date: /home/felix/robo/robo_ai_turku_2025/install/custom_interface/share/custom_interface/cmake/ament_cmake_export_libraries-extras.cmake
[5.908s] -- Up-to-date: /home/felix/robo/robo_ai_turku_2025/install/custom_interface/share/custom_interface/cmake/ament_cmake_export_targets-extras.cmake
[5.908s] -- Up-to-date: /home/felix/robo/robo_ai_turku_2025/install/custom_interface/share/custom_interface/cmake/rosidl_cmake_export_typesupport_targets-extras.cmake
[5.908s] -- Up-to-date: /home/felix/robo/robo_ai_turku_2025/install/custom_interface/share/custom_interface/cmake/rosidl_cmake_export_typesupport_libraries-extras.cmake
[5.908s] -- Up-to-date: /home/felix/robo/robo_ai_turku_2025/install/custom_interface/share/custom_interface/cmake/custom_interfaceConfig.cmake
[5.908s] -- Up-to-date: /home/felix/robo/robo_ai_turku_2025/install/custom_interface/share/custom_interface/cmake/custom_interfaceConfig-version.cmake
[5.908s] -- Up-to-date: /home/felix/robo/robo_ai_turku_2025/install/custom_interface/share/custom_interface/package.xml
[5.910s] Invoked command in '/home/felix/robo/robo_ai_turku_2025/build/custom_interface' returned '0': CMAKE_PREFIX_PATH=${CMAKE_PREFIX_PATH}:/home/felix/robo/robo_ai_turku_2025/install/task1:/home/felix/robo/robo_ai_turku_2025/install/lab1_bringup:/home/felix/robo/robo_ai_turku_2025/install/lab01_task05:/home/felix/robo/robo_ai_turku_2025/install/lab01_task03:/home/felix/robo/robo_ai_turku_2025/install/lab01_task02:/home/felix/robo/robo_ai_turku_2025/install/lab01_task01:/home/felix/robo/robo_ai_turku_2025/ros2_ws/install/lab01_task05:/home/felix/robo/robo_ai_turku_2025/ros2_ws/install/lab01_task03:/home/felix/robo/robo_ai_turku_2025/ros2_ws/install/lab01_task02:/home/felix/robo/robo_ai_turku_2025/ros2_ws/install/lab01_task01:/home/felix/robo/robo_ai_turku_2025/ros2_ws/install/lab1_bringup:/home/felix/robo/robo_ai_turku_2025/ros2_ws/install/task1:/opt/ros/humble /usr/bin/cmake --install /home/felix/robo/robo_ai_turku_2025/build/custom_interface
