/home/bot/Algo2025/robo_ai_turku_2025/ros2_lab2_ws/install/lab02_task03/lib/python3.10/site-packages/lab02_task03/tf_listener_rev.py
/home/bot/Algo2025/robo_ai_turku_2025/ros2_lab2_ws/install/lab02_task03/lib/python3.10/site-packages/lab02_task03/tf_broadcaster.py
/home/bot/Algo2025/robo_ai_turku_2025/ros2_lab2_ws/install/lab02_task03/lib/python3.10/site-packages/lab02_task03/__init__.py
/home/bot/Algo2025/robo_ai_turku_2025/ros2_lab2_ws/install/lab02_task03/lib/python3.10/site-packages/lab02_task03/tf_scanner.py
/home/bot/Algo2025/robo_ai_turku_2025/ros2_lab2_ws/install/lab02_task03/lib/python3.10/site-packages/lab02_task03/tf_static_broadcaster.py
/home/bot/Algo2025/robo_ai_turku_2025/ros2_lab2_ws/install/lab02_task03/lib/python3.10/site-packages/lab02_task03/tf_listener.py
/home/bot/Algo2025/robo_ai_turku_2025/ros2_lab2_ws/install/lab02_task03/lib/python3.10/site-packages/lab02_task03/__pycache__/tf_listener_rev.cpython-310.pyc
/home/bot/Algo2025/robo_ai_turku_2025/ros2_lab2_ws/install/lab02_task03/lib/python3.10/site-packages/lab02_task03/__pycache__/tf_broadcaster.cpython-310.pyc
/home/bot/Algo2025/robo_ai_turku_2025/ros2_lab2_ws/install/lab02_task03/lib/python3.10/site-packages/lab02_task03/__pycache__/__init__.cpython-310.pyc
/home/bot/Algo2025/robo_ai_turku_2025/ros2_lab2_ws/install/lab02_task03/lib/python3.10/site-packages/lab02_task03/__pycache__/tf_scanner.cpython-310.pyc
/home/bot/Algo2025/robo_ai_turku_2025/ros2_lab2_ws/install/lab02_task03/lib/python3.10/site-packages/lab02_task03/__pycache__/tf_static_broadcaster.cpython-310.pyc
/home/bot/Algo2025/robo_ai_turku_2025/ros2_lab2_ws/install/lab02_task03/lib/python3.10/site-packages/lab02_task03/__pycache__/tf_listener.cpython-310.pyc
/home/bot/Algo2025/robo_ai_turku_2025/ros2_lab2_ws/install/lab02_task03/share/ament_index/resource_index/packages/lab02_task03
/home/bot/Algo2025/robo_ai_turku_2025/ros2_lab2_ws/install/lab02_task03/share/lab02_task03/package.xml
/home/bot/Algo2025/robo_ai_turku_2025/ros2_lab2_ws/install/lab02_task03/lib/python3.10/site-packages/lab02_task03-0.0.0-py3.10.egg-info/entry_points.txt
/home/bot/Algo2025/robo_ai_turku_2025/ros2_lab2_ws/install/lab02_task03/lib/python3.10/site-packages/lab02_task03-0.0.0-py3.10.egg-info/PKG-INFO
/home/bot/Algo2025/robo_ai_turku_2025/ros2_lab2_ws/install/lab02_task03/lib/python3.10/site-packages/lab02_task03-0.0.0-py3.10.egg-info/dependency_links.txt
/home/bot/Algo2025/robo_ai_turku_2025/ros2_lab2_ws/install/lab02_task03/lib/python3.10/site-packages/lab02_task03-0.0.0-py3.10.egg-info/zip-safe
/home/bot/Algo2025/robo_ai_turku_2025/ros2_lab2_ws/install/lab02_task03/lib/python3.10/site-packages/lab02_task03-0.0.0-py3.10.egg-info/SOURCES.txt
/home/bot/Algo2025/robo_ai_turku_2025/ros2_lab2_ws/install/lab02_task03/lib/python3.10/site-packages/lab02_task03-0.0.0-py3.10.egg-info/top_level.txt
/home/bot/Algo2025/robo_ai_turku_2025/ros2_lab2_ws/install/lab02_task03/lib/python3.10/site-packages/lab02_task03-0.0.0-py3.10.egg-info/requires.txt
/home/bot/Algo2025/robo_ai_turku_2025/ros2_lab2_ws/install/lab02_task03/lib/lab02_task03/tf_broadcaster
/home/bot/Algo2025/robo_ai_turku_2025/ros2_lab2_ws/install/lab02_task03/lib/lab02_task03/tf_listener
/home/bot/Algo2025/robo_ai_turku_2025/ros2_lab2_ws/install/lab02_task03/lib/lab02_task03/tf_listener_rev
/home/bot/Algo2025/robo_ai_turku_2025/ros2_lab2_ws/install/lab02_task03/lib/lab02_task03/tf_scanner
/home/bot/Algo2025/robo_ai_turku_2025/ros2_lab2_ws/install/lab02_task03/lib/lab02_task03/tf_static_broadcaster
