[0.036s] Invoking command in '/home/felix/robo/robo_ai_turku_2025/ros2_ws/build/custom_interface': CMAKE_PREFIX_PATH=${CMAKE_PREFIX_PATH}:/home/felix/robo/robo_ai_turku_2025/ros2_ws/install/lab01_task02:/home/felix/robo/robo_ai_turku_2025/ros2_ws/install/lab01_task01:/home/felix/robo/robo_ai_turku_2025/ros2_ws/install/lab1_bringup:/home/felix/robo/robo_ai_turku_2025/ros2_ws/install/task1:/opt/ros/humble /usr/bin/cmake --build /home/felix/robo/robo_ai_turku_2025/ros2_ws/build/custom_interface -- -j22 -l22
[0.523s] -- Found ament_cmake: 1.3.12 (/opt/ros/humble/share/ament_cmake/cmake)
[0.523s] -- Found rclcpp: 16.0.14 (/opt/ros/humble/share/rclcpp/cmake)
[0.523s] -- Found rosidl_generator_c: 3.1.7 (/opt/ros/humble/share/rosidl_generator_c/cmake)
[0.524s] -- Found rosidl_adapter: 3.1.7 (/opt/ros/humble/share/rosidl_adapter/cmake)
[0.525s] -- Found rosidl_generator_cpp: 3.1.7 (/opt/ros/humble/share/rosidl_generator_cpp/cmake)
[0.525s] -- Using all available rosidl_typesupport_c: rosidl_typesupport_fastrtps_c;rosidl_typesupport_introspection_c
[0.525s] -- Using all available rosidl_typesupport_cpp: rosidl_typesupport_fastrtps_cpp;rosidl_typesupport_introspection_cpp
[0.525s] -- Found rmw_implementation_cmake: 6.1.2 (/opt/ros/humble/share/rmw_implementation_cmake/cmake)
[0.525s] -- Found rmw_fastrtps_cpp: 6.2.8 (/opt/ros/humble/share/rmw_fastrtps_cpp/cmake)
[2.764s] -- Using RMW implementation 'rmw_fastrtps_cpp' as default
[2.829s] -- Found geometry_msgs: 4.9.0 (/opt/ros/humble/share/geometry_msgs/cmake)
[2.846s] -- Found rosidl_default_generators: 1.2.0 (/opt/ros/humble/share/rosidl_default_generators/cmake)
[3.114s] -- Found ament_cmake_ros: 0.10.0 (/opt/ros/humble/share/ament_cmake_ros/cmake)
[3.468s] -- Using all available rosidl_typesupport_c: rosidl_typesupport_fastrtps_c;rosidl_typesupport_introspection_c
[3.581s] -- Using all available rosidl_typesupport_cpp: rosidl_typesupport_fastrtps_cpp;rosidl_typesupport_introspection_cpp
[3.601s] -- Found python_cmake_module: 0.10.0 (/opt/ros/humble/share/python_cmake_module/cmake)
[3.620s] -- Using PYTHON_EXECUTABLE: /usr/bin/python3
[3.620s] -- Using PYTHON_INCLUDE_DIRS: /usr/include/python3.10
[3.621s] -- Using PYTHON_LIBRARIES: /usr/lib/x86_64-linux-gnu/libpython3.10.so
[3.657s] -- Found ament_lint_auto: 0.12.14 (/opt/ros/humble/share/ament_lint_auto/cmake)
[3.727s] -- Added test 'cppcheck' to perform static code analysis on C / C++ code
[3.727s] -- Configured cppcheck include dirs: 
[3.727s] -- Configured cppcheck exclude dirs and/or files: 
[3.730s] -- Added test 'flake8' to check Python code syntax and style conventions
[3.734s] -- Added test 'lint_cmake' to check CMake code style
[3.736s] -- Added test 'pep257' to check Python code against some of the docstring style conventions in PEP 257
[3.750s] -- Added test 'uncrustify' to check C / C++ code style
[3.750s] -- Configured uncrustify additional arguments: 
[3.753s] -- Added test 'xmllint' to check XML markup files
[3.759s] -- Configuring done
[3.813s] -- Generating done
[3.826s] -- Build files have been written to: /home/felix/robo/robo_ai_turku_2025/ros2_ws/build/custom_interface
[3.852s] [  1%] [34m[1mGenerating C code for ROS interfaces[0m
[3.864s] [  3%] [34m[1mGenerating C++ code for ROS interfaces[0m
[3.869s] [  3%] Built target ament_cmake_python_copy_custom_interface
[4.016s] running egg_info
[4.016s] writing custom_interface.egg-info/PKG-INFO
[4.017s] writing dependency_links to custom_interface.egg-info/dependency_links.txt
[4.017s] writing top-level names to custom_interface.egg-info/top_level.txt
[4.018s] reading manifest file 'custom_interface.egg-info/SOURCES.txt'
[4.019s] writing manifest file 'custom_interface.egg-info/SOURCES.txt'
[4.041s] [  3%] Built target ament_cmake_python_build_custom_interface_egg
[4.134s] [35m[1mConsolidate compiler generated dependencies of target custom_interface__rosidl_generator_c[0m
[4.136s] [  3%] Built target custom_interface__cpp
[4.143s] [  7%] [32mBuilding C object CMakeFiles/custom_interface__rosidl_generator_c.dir/rosidl_generator_c/custom_interface/msg/detail/request_distance_msg__functions.c.o[0m
[4.143s] [  7%] [32mBuilding C object CMakeFiles/custom_interface__rosidl_generator_c.dir/rosidl_generator_c/custom_interface/msg/detail/task_msg__functions.c.o[0m
[4.143s] [  9%] [32mBuilding C object CMakeFiles/custom_interface__rosidl_generator_c.dir/rosidl_generator_c/custom_interface/srv/detail/calculate_distance__functions.c.o[0m
[4.143s] [ 10%] [32mBuilding C object CMakeFiles/custom_interface__rosidl_generator_c.dir/rosidl_generator_c/custom_interface/msg/detail/response_distance_msg__functions.c.o[0m
[4.145s] [ 12%] [34m[1mGenerating C++ type support for eProsima Fast-RTPS[0m
[4.145s] [ 14%] [34m[1mGenerating C++ type support dispatch for ROS interfaces[0m
[4.147s] [ 16%] [34m[1mGenerating C++ introspection for ROS interfaces[0m
[4.193s] In file included from [01m[K/home/felix/robo/robo_ai_turku_2025/ros2_ws/build/custom_interface/rosidl_generator_c/custom_interface/msg/detail/request_distance_msg__functions.h:19[m[K,
[4.193s]                  from [01m[K/home/felix/robo/robo_ai_turku_2025/ros2_ws/build/custom_interface/rosidl_generator_c/custom_interface/msg/detail/request_distance_msg__functions.c:4[m[K:
[4.193s] [01m[K/home/felix/robo/robo_ai_turku_2025/ros2_ws/build/custom_interface/rosidl_generator_c/custom_interface/msg/detail/request_distance_msg__struct.h:23:10:[m[K [01;31m[Kfatal error: [m[Kgeometry_msg/msg/detail/point__struct.h: No such file or directory
[4.193s]    23 | #include [01;31m[K"geometry_msg/msg/detail/point__struct.h"[m[K
[4.193s]       |          [01;31m[K^~~~~~~~~~~~~~~~~~~~~~~~~~~~~~~~~~~~~~~~~[m[K
[4.193s] In file included from [01m[K/home/felix/robo/robo_ai_turku_2025/ros2_ws/build/custom_interface/rosidl_generator_c/custom_interface/srv/detail/calculate_distance__functions.h:19[m[K,
[4.193s]                  from [01m[K/home/felix/robo/robo_ai_turku_2025/ros2_ws/build/custom_interface/rosidl_generator_c/custom_interface/srv/detail/calculate_distance__functions.c:4[m[K:
[4.193s] [01m[K/home/felix/robo/robo_ai_turku_2025/ros2_ws/build/custom_interface/rosidl_generator_c/custom_interface/srv/detail/calculate_distance__struct.h:23:10:[m[K [01;31m[Kfatal error: [m[Kgeometry_msg/msg/detail/point__struct.h: No such file or directory
[4.193s]    23 | #include [01;31m[K"geometry_msg/msg/detail/point__struct.h"[m[K
[4.193s]       |          [01;31m[K^~~~~~~~~~~~~~~~~~~~~~~~~~~~~~~~~~~~~~~~~[m[K
[4.193s] compilation terminated.
[4.193s] compilation terminated.
[4.195s] gmake[2]: *** [CMakeFiles/custom_interface__rosidl_generator_c.dir/build.make:231: CMakeFiles/custom_interface__rosidl_generator_c.dir/rosidl_generator_c/custom_interface/msg/detail/request_distance_msg__functions.c.o] Error 1
[4.195s] gmake[2]: *** Waiting for unfinished jobs....
[4.195s] gmake[2]: *** [CMakeFiles/custom_interface__rosidl_generator_c.dir/build.make:259: CMakeFiles/custom_interface__rosidl_generator_c.dir/rosidl_generator_c/custom_interface/srv/detail/calculate_distance__functions.c.o] Error 1
[4.240s] gmake[1]: *** [CMakeFiles/Makefile2:213: CMakeFiles/custom_interface__rosidl_generator_c.dir/all] Error 2
[4.240s] gmake[1]: *** Waiting for unfinished jobs....
[4.335s] [35m[1mConsolidate compiler generated dependencies of target custom_interface__rosidl_typesupport_cpp[0m
[4.345s] [ 21%] [32mBuilding CXX object CMakeFiles/custom_interface__rosidl_typesupport_cpp.dir/rosidl_typesupport_cpp/custom_interface/msg/request_distance_msg__type_support.cpp.o[0m
[4.346s] [ 21%] [32mBuilding CXX object CMakeFiles/custom_interface__rosidl_typesupport_cpp.dir/rosidl_typesupport_cpp/custom_interface/msg/response_distance_msg__type_support.cpp.o[0m
[4.346s] [ 21%] [32mBuilding CXX object CMakeFiles/custom_interface__rosidl_typesupport_cpp.dir/rosidl_typesupport_cpp/custom_interface/srv/calculate_distance__type_support.cpp.o[0m
[4.349s] [ 23%] [32mBuilding CXX object CMakeFiles/custom_interface__rosidl_typesupport_cpp.dir/rosidl_typesupport_cpp/custom_interface/msg/task_msg__type_support.cpp.o[0m
[4.372s] [35m[1mConsolidate compiler generated dependencies of target custom_interface__rosidl_typesupport_introspection_cpp[0m
[4.382s] [ 25%] [32mBuilding CXX object CMakeFiles/custom_interface__rosidl_typesupport_introspection_cpp.dir/rosidl_typesupport_introspection_cpp/custom_interface/msg/detail/task_msg__type_support.cpp.o[0m
[4.384s] [ 27%] [32mBuilding CXX object CMakeFiles/custom_interface__rosidl_typesupport_introspection_cpp.dir/rosidl_typesupport_introspection_cpp/custom_interface/msg/detail/request_distance_msg__type_support.cpp.o[0m
[4.385s] [ 29%] [32mBuilding CXX object CMakeFiles/custom_interface__rosidl_typesupport_introspection_cpp.dir/rosidl_typesupport_introspection_cpp/custom_interface/msg/detail/response_distance_msg__type_support.cpp.o[0m
[4.388s] [ 30%] [32mBuilding CXX object CMakeFiles/custom_interface__rosidl_typesupport_introspection_cpp.dir/rosidl_typesupport_introspection_cpp/custom_interface/srv/detail/calculate_distance__type_support.cpp.o[0m
[4.401s] [35m[1mConsolidate compiler generated dependencies of target custom_interface__rosidl_typesupport_fastrtps_cpp[0m
[4.413s] [ 32%] [32mBuilding CXX object CMakeFiles/custom_interface__rosidl_typesupport_fastrtps_cpp.dir/rosidl_typesupport_fastrtps_cpp/custom_interface/msg/detail/dds_fastrtps/task_msg__type_support.cpp.o[0m
[4.414s] [ 36%] [32mBuilding CXX object CMakeFiles/custom_interface__rosidl_typesupport_fastrtps_cpp.dir/rosidl_typesupport_fastrtps_cpp/custom_interface/msg/detail/dds_fastrtps/request_distance_msg__type_support.cpp.o[0m
[4.414s] [ 36%] [32mBuilding CXX object CMakeFiles/custom_interface__rosidl_typesupport_fastrtps_cpp.dir/rosidl_typesupport_fastrtps_cpp/custom_interface/srv/detail/dds_fastrtps/calculate_distance__type_support.cpp.o[0m
[4.417s] [ 38%] [32mBuilding CXX object CMakeFiles/custom_interface__rosidl_typesupport_fastrtps_cpp.dir/rosidl_typesupport_fastrtps_cpp/custom_interface/msg/detail/dds_fastrtps/response_distance_msg__type_support.cpp.o[0m
[4.454s] In file included from [01m[K/home/felix/robo/robo_ai_turku_2025/ros2_ws/build/custom_interface/rosidl_typesupport_cpp/custom_interface/srv/calculate_distance__type_support.cpp:7[m[K:
[4.454s] [01m[K/home/felix/robo/robo_ai_turku_2025/ros2_ws/build/custom_interface/rosidl_generator_cpp/custom_interface/srv/detail/calculate_distance__struct.hpp:21:10:[m[K [01;31m[Kfatal error: [m[Kgeometry_msg/msg/detail/point__struct.hpp: No such file or directory
[4.454s]    21 | #include [01;31m[K"geometry_msg/msg/detail/point__struct.hpp"[m[K
[4.454s]       |          [01;31m[K^~~~~~~~~~~~~~~~~~~~~~~~~~~~~~~~~~~~~~~~~~~[m[K
[4.454s] In file included from [01m[K/home/felix/robo/robo_ai_turku_2025/ros2_ws/build/custom_interface/rosidl_typesupport_cpp/custom_interface/msg/request_distance_msg__type_support.cpp:7[m[K:
[4.454s] [01m[K/home/felix/robo/robo_ai_turku_2025/ros2_ws/build/custom_interface/rosidl_generator_cpp/custom_interface/msg/detail/request_distance_msg__struct.hpp:21:10:[m[K [01;31m[Kfatal error: [m[Kgeometry_msg/msg/detail/point__struct.hpp: No such file or directory
[4.454s]    21 | #include [01;31m[K"geometry_msg/msg/detail/point__struct.hpp"[m[K
[4.454s]       |          [01;31m[K^~~~~~~~~~~~~~~~~~~~~~~~~~~~~~~~~~~~~~~~~~~[m[K
[4.454s] compilation terminated.
[4.454s] compilation terminated.
[4.456s] gmake[2]: *** [CMakeFiles/custom_interface__rosidl_typesupport_cpp.dir/build.make:204: CMakeFiles/custom_interface__rosidl_typesupport_cpp.dir/rosidl_typesupport_cpp/custom_interface/srv/calculate_distance__type_support.cpp.o] Error 1
[4.457s] gmake[2]: *** Waiting for unfinished jobs....
[4.457s] gmake[2]: *** [CMakeFiles/custom_interface__rosidl_typesupport_cpp.dir/build.make:176: CMakeFiles/custom_interface__rosidl_typesupport_cpp.dir/rosidl_typesupport_cpp/custom_interface/msg/request_distance_msg__type_support.cpp.o] Error 1
[4.467s] In file included from [01m[K/home/felix/robo/robo_ai_turku_2025/ros2_ws/build/custom_interface/rosidl_typesupport_fastrtps_cpp/custom_interface/srv/detail/calculate_distance__rosidl_typesupport_fastrtps_cpp.hpp:11[m[K,
[4.467s]                  from [01m[K/home/felix/robo/robo_ai_turku_2025/ros2_ws/build/custom_interface/rosidl_typesupport_fastrtps_cpp/custom_interface/srv/detail/dds_fastrtps/calculate_distance__type_support.cpp:4[m[K:
[4.467s] [01m[K/home/felix/robo/robo_ai_turku_2025/ros2_ws/build/custom_interface/rosidl_generator_cpp/custom_interface/srv/detail/calculate_distance__struct.hpp:21:10:[m[K [01;31m[Kfatal error: [m[Kgeometry_msg/msg/detail/point__struct.hpp: No such file or directory
[4.467s]    21 | #include [01;31m[K"geometry_msg/msg/detail/point__struct.hpp"[m[K
[4.467s]       |          [01;31m[K^~~~~~~~~~~~~~~~~~~~~~~~~~~~~~~~~~~~~~~~~~~[m[K
[4.467s] compilation terminated.
[4.467s] In file included from [01m[K/home/felix/robo/robo_ai_turku_2025/ros2_ws/build/custom_interface/rosidl_typesupport_fastrtps_cpp/custom_interface/msg/detail/request_distance_msg__rosidl_typesupport_fastrtps_cpp.hpp:11[m[K,
[4.467s]                  from [01m[K/home/felix/robo/robo_ai_turku_2025/ros2_ws/build/custom_interface/rosidl_typesupport_fastrtps_cpp/custom_interface/msg/detail/dds_fastrtps/request_distance_msg__type_support.cpp:4[m[K:
[4.467s] [01m[K/home/felix/robo/robo_ai_turku_2025/ros2_ws/build/custom_interface/rosidl_generator_cpp/custom_interface/msg/detail/request_distance_msg__struct.hpp:21:10:[m[K [01;31m[Kfatal error: [m[Kgeometry_msg/msg/detail/point__struct.hpp: No such file or directory
[4.467s]    21 | #include [01;31m[K"geometry_msg/msg/detail/point__struct.hpp"[m[K
[4.467s]       |          [01;31m[K^~~~~~~~~~~~~~~~~~~~~~~~~~~~~~~~~~~~~~~~~~~[m[K
[4.467s] In file included from [01m[K/home/felix/robo/robo_ai_turku_2025/ros2_ws/build/custom_interface/rosidl_typesupport_introspection_cpp/custom_interface/msg/detail/request_distance_msg__type_support.cpp:12[m[K:
[4.467s] [01m[K/home/felix/robo/robo_ai_turku_2025/ros2_ws/build/custom_interface/rosidl_generator_cpp/custom_interface/msg/detail/request_distance_msg__struct.hpp:21:10:[m[K [01;31m[Kfatal error: [m[Kgeometry_msg/msg/detail/point__struct.hpp: No such file or directory
[4.467s]    21 | #include [01;31m[K"geometry_msg/msg/detail/point__struct.hpp"[m[K
[4.467s]       |          [01;31m[K^~~~~~~~~~~~~~~~~~~~~~~~~~~~~~~~~~~~~~~~~~~[m[K
[4.468s] compilation terminated.
[4.468s] compilation terminated.
[4.468s] gmake[2]: *** [CMakeFiles/custom_interface__rosidl_typesupport_introspection_cpp.dir/build.make:190: CMakeFiles/custom_interface__rosidl_typesupport_introspection_cpp.dir/rosidl_typesupport_introspection_cpp/custom_interface/msg/detail/request_distance_msg__type_support.cpp.o] Error 1
[4.468s] gmake[2]: *** Waiting for unfinished jobs....
[4.468s] In file included from [01m[K/home/felix/robo/robo_ai_turku_2025/ros2_ws/build/custom_interface/rosidl_typesupport_introspection_cpp/custom_interface/srv/detail/calculate_distance__type_support.cpp:12[m[K:
[4.468s] [01m[K/home/felix/robo/robo_ai_turku_2025/ros2_ws/build/custom_interface/rosidl_generator_cpp/custom_interface/srv/detail/calculate_distance__struct.hpp:21:10:[m[K [01;31m[Kfatal error: [m[Kgeometry_msg/msg/detail/point__struct.hpp: No such file or directory
[4.468s]    21 | #include [01;31m[K"geometry_msg/msg/detail/point__struct.hpp"[m[K
[4.469s]       |          [01;31m[K^~~~~~~~~~~~~~~~~~~~~~~~~~~~~~~~~~~~~~~~~~~[m[K
[4.469s] gmake[2]: *** [CMakeFiles/custom_interface__rosidl_typesupport_fastrtps_cpp.dir/build.make:190: CMakeFiles/custom_interface__rosidl_typesupport_fastrtps_cpp.dir/rosidl_typesupport_fastrtps_cpp/custom_interface/msg/detail/dds_fastrtps/request_distance_msg__type_support.cpp.o] Error 1
[4.469s] compilation terminated.
[4.469s] gmake[2]: *** Waiting for unfinished jobs....
[4.469s] gmake[2]: *** [CMakeFiles/custom_interface__rosidl_typesupport_fastrtps_cpp.dir/build.make:218: CMakeFiles/custom_interface__rosidl_typesupport_fastrtps_cpp.dir/rosidl_typesupport_fastrtps_cpp/custom_interface/srv/detail/dds_fastrtps/calculate_distance__type_support.cpp.o] Error 1
[4.469s] gmake[2]: *** [CMakeFiles/custom_interface__rosidl_typesupport_introspection_cpp.dir/build.make:218: CMakeFiles/custom_interface__rosidl_typesupport_introspection_cpp.dir/rosidl_typesupport_introspection_cpp/custom_interface/srv/detail/calculate_distance__type_support.cpp.o] Error 1
[4.645s] gmake[1]: *** [CMakeFiles/Makefile2:395: CMakeFiles/custom_interface__rosidl_typesupport_cpp.dir/all] Error 2
[4.717s] gmake[1]: *** [CMakeFiles/Makefile2:369: CMakeFiles/custom_interface__rosidl_typesupport_introspection_cpp.dir/all] Error 2
[4.735s] gmake[1]: *** [CMakeFiles/Makefile2:291: CMakeFiles/custom_interface__rosidl_typesupport_fastrtps_cpp.dir/all] Error 2
[4.735s] gmake: *** [Makefile:146: all] Error 2
[4.737s] Invoked command in '/home/felix/robo/robo_ai_turku_2025/ros2_ws/build/custom_interface' returned '2': CMAKE_PREFIX_PATH=${CMAKE_PREFIX_PATH}:/home/felix/robo/robo_ai_turku_2025/ros2_ws/install/lab01_task02:/home/felix/robo/robo_ai_turku_2025/ros2_ws/install/lab01_task01:/home/felix/robo/robo_ai_turku_2025/ros2_ws/install/lab1_bringup:/home/felix/robo/robo_ai_turku_2025/ros2_ws/install/task1:/opt/ros/humble /usr/bin/cmake --build /home/felix/robo/robo_ai_turku_2025/ros2_ws/build/custom_interface -- -j22 -l22
