[2.231s] Invoking command in '/home/felix/robo/robo_ai_turku_2025/ros2_ws/src/lab01_task02': PYTHONPATH=/home/felix/robo/robo_ai_turku_2025/ros2_ws/build/lab01_task02/prefix_override:/usr/lib/python3/dist-packages/colcon_core/task/python/colcon_distutils_commands:/home/felix/robo/robo_ai_turku_2025/ros2_ws/install/lab01_task02/lib/python3.10/site-packages:${PYTHONPATH} /usr/bin/python3 -W ignore:setup.py install is deprecated -W ignore:easy_install command is deprecated setup.py egg_info --egg-base ../../build/lab01_task02 build --build-base /home/felix/robo/robo_ai_turku_2025/ros2_ws/build/lab01_task02/build install --record /home/felix/robo/robo_ai_turku_2025/ros2_ws/build/lab01_task02/install.log --single-version-externally-managed install_data
[2.567s] running egg_info
[2.569s] writing ../../build/lab01_task02/lab01_task02.egg-info/PKG-INFO
[2.569s] writing dependency_links to ../../build/lab01_task02/lab01_task02.egg-info/dependency_links.txt
[2.570s] writing entry points to ../../build/lab01_task02/lab01_task02.egg-info/entry_points.txt
[2.570s] writing requirements to ../../build/lab01_task02/lab01_task02.egg-info/requires.txt
[2.571s] writing top-level names to ../../build/lab01_task02/lab01_task02.egg-info/top_level.txt
[2.575s] reading manifest file '../../build/lab01_task02/lab01_task02.egg-info/SOURCES.txt'
[2.575s] adding license file 'LICENSE'
[2.576s] writing manifest file '../../build/lab01_task02/lab01_task02.egg-info/SOURCES.txt'
[2.577s] running build
[2.577s] running build_py
[2.578s] running install
[2.578s] running install_lib
[2.580s] running install_data
[2.580s] running install_egg_info
[2.583s] removing '/home/felix/robo/robo_ai_turku_2025/ros2_ws/install/lab01_task02/lib/python3.10/site-packages/lab01_task02-0.0.0-py3.10.egg-info' (and everything under it)
[2.584s] Copying ../../build/lab01_task02/lab01_task02.egg-info to /home/felix/robo/robo_ai_turku_2025/ros2_ws/install/lab01_task02/lib/python3.10/site-packages/lab01_task02-0.0.0-py3.10.egg-info
[2.585s] running install_scripts
[2.627s] Installing publisher script to /home/felix/robo/robo_ai_turku_2025/ros2_ws/install/lab01_task02/lib/lab01_task02
[2.628s] Installing subscriber script to /home/felix/robo/robo_ai_turku_2025/ros2_ws/install/lab01_task02/lib/lab01_task02
[2.628s] writing list of installed files to '/home/felix/robo/robo_ai_turku_2025/ros2_ws/build/lab01_task02/install.log'
[2.662s] Invoked command in '/home/felix/robo/robo_ai_turku_2025/ros2_ws/src/lab01_task02' returned '0': PYTHONPATH=/home/felix/robo/robo_ai_turku_2025/ros2_ws/build/lab01_task02/prefix_override:/usr/lib/python3/dist-packages/colcon_core/task/python/colcon_distutils_commands:/home/felix/robo/robo_ai_turku_2025/ros2_ws/install/lab01_task02/lib/python3.10/site-packages:${PYTHONPATH} /usr/bin/python3 -W ignore:setup.py install is deprecated -W ignore:easy_install command is deprecated setup.py egg_info --egg-base ../../build/lab01_task02 build --build-base /home/felix/robo/robo_ai_turku_2025/ros2_ws/build/lab01_task02/build install --record /home/felix/robo/robo_ai_turku_2025/ros2_ws/build/lab01_task02/install.log --single-version-externally-managed install_data
