[1.393s] Invoking command in '/home/felix/robo/robo_ai_turku_2025/ros2_ws/src/task1': PYTHONPATH=/home/felix/robo/robo_ai_turku_2025/build/task1/prefix_override:/usr/lib/python3/dist-packages/colcon_core/task/python/colcon_distutils_commands:/home/felix/robo/robo_ai_turku_2025/install/task1/lib/python3.10/site-packages:${PYTHONPATH} /usr/bin/python3 -W ignore:setup.py install is deprecated -W ignore:easy_install command is deprecated setup.py egg_info --egg-base ../../../build/task1 build --build-base /home/felix/robo/robo_ai_turku_2025/build/task1/build install --record /home/felix/robo/robo_ai_turku_2025/build/task1/install.log --single-version-externally-managed install_data
[1.558s] running egg_info
[1.558s] writing ../../../build/task1/task1.egg-info/PKG-INFO
[1.558s] writing dependency_links to ../../../build/task1/task1.egg-info/dependency_links.txt
[1.558s] writing entry points to ../../../build/task1/task1.egg-info/entry_points.txt
[1.558s] writing requirements to ../../../build/task1/task1.egg-info/requires.txt
[1.558s] writing top-level names to ../../../build/task1/task1.egg-info/top_level.txt
[1.560s] reading manifest file '../../../build/task1/task1.egg-info/SOURCES.txt'
[1.562s] adding license file 'LICENSE'
[1.562s] writing manifest file '../../../build/task1/task1.egg-info/SOURCES.txt'
[1.562s] running build
[1.563s] running build_py
[1.564s] running install
[1.564s] running install_lib
[1.565s] running install_data
[1.565s] running install_egg_info
[1.566s] removing '/home/felix/robo/robo_ai_turku_2025/install/task1/lib/python3.10/site-packages/task1-0.0.0-py3.10.egg-info' (and everything under it)
[1.566s] Copying ../../../build/task1/task1.egg-info to /home/felix/robo/robo_ai_turku_2025/install/task1/lib/python3.10/site-packages/task1-0.0.0-py3.10.egg-info
[1.568s] running install_scripts
[1.587s] Installing publisher script to /home/felix/robo/robo_ai_turku_2025/install/task1/lib/task1
[1.588s] Installing subscriber script to /home/felix/robo/robo_ai_turku_2025/install/task1/lib/task1
[1.588s] writing list of installed files to '/home/felix/robo/robo_ai_turku_2025/build/task1/install.log'
[1.617s] Invoked command in '/home/felix/robo/robo_ai_turku_2025/ros2_ws/src/task1' returned '0': PYTHONPATH=/home/felix/robo/robo_ai_turku_2025/build/task1/prefix_override:/usr/lib/python3/dist-packages/colcon_core/task/python/colcon_distutils_commands:/home/felix/robo/robo_ai_turku_2025/install/task1/lib/python3.10/site-packages:${PYTHONPATH} /usr/bin/python3 -W ignore:setup.py install is deprecated -W ignore:easy_install command is deprecated setup.py egg_info --egg-base ../../../build/task1 build --build-base /home/felix/robo/robo_ai_turku_2025/build/task1/build install --record /home/felix/robo/robo_ai_turku_2025/build/task1/install.log --single-version-externally-managed install_data
