[1.603s] Invoking command in '/home/felix/robo/robo_ai_turku_2025/ros2_ws/src/task1': PYTHONPATH=/home/felix/robo/robo_ai_turku_2025/ros2_ws/build/task1/prefix_override:/usr/lib/python3/dist-packages/colcon_core/task/python/colcon_distutils_commands:/home/felix/robo/robo_ai_turku_2025/ros2_ws/install/task1/lib/python3.10/site-packages:${PYTHONPATH} /usr/bin/python3 -W ignore:setup.py install is deprecated -W ignore:easy_install command is deprecated setup.py egg_info --egg-base ../../build/task1 build --build-base /home/felix/robo/robo_ai_turku_2025/ros2_ws/build/task1/build install --record /home/felix/robo/robo_ai_turku_2025/ros2_ws/build/task1/install.log --single-version-externally-managed install_data
[1.848s] running egg_info
[1.850s] writing ../../build/task1/task1.egg-info/PKG-INFO
[1.851s] writing dependency_links to ../../build/task1/task1.egg-info/dependency_links.txt
[1.852s] writing entry points to ../../build/task1/task1.egg-info/entry_points.txt
[1.852s] writing requirements to ../../build/task1/task1.egg-info/requires.txt
[1.852s] writing top-level names to ../../build/task1/task1.egg-info/top_level.txt
[1.859s] reading manifest file '../../build/task1/task1.egg-info/SOURCES.txt'
[1.860s] adding license file 'LICENSE'
[1.862s] writing manifest file '../../build/task1/task1.egg-info/SOURCES.txt'
[1.862s] running build
[1.862s] running build_py
[1.862s] running install
[1.862s] running install_lib
[1.865s] running install_data
[1.865s] running install_egg_info
[1.867s] removing '/home/felix/robo/robo_ai_turku_2025/ros2_ws/install/task1/lib/python3.10/site-packages/task1-0.0.0-py3.10.egg-info' (and everything under it)
[1.868s] Copying ../../build/task1/task1.egg-info to /home/felix/robo/robo_ai_turku_2025/ros2_ws/install/task1/lib/python3.10/site-packages/task1-0.0.0-py3.10.egg-info
[1.871s] running install_scripts
[1.896s] Installing publisher script to /home/felix/robo/robo_ai_turku_2025/ros2_ws/install/task1/lib/task1
[1.897s] Installing subscriber script to /home/felix/robo/robo_ai_turku_2025/ros2_ws/install/task1/lib/task1
[1.897s] writing list of installed files to '/home/felix/robo/robo_ai_turku_2025/ros2_ws/build/task1/install.log'
[1.927s] Invoked command in '/home/felix/robo/robo_ai_turku_2025/ros2_ws/src/task1' returned '0': PYTHONPATH=/home/felix/robo/robo_ai_turku_2025/ros2_ws/build/task1/prefix_override:/usr/lib/python3/dist-packages/colcon_core/task/python/colcon_distutils_commands:/home/felix/robo/robo_ai_turku_2025/ros2_ws/install/task1/lib/python3.10/site-packages:${PYTHONPATH} /usr/bin/python3 -W ignore:setup.py install is deprecated -W ignore:easy_install command is deprecated setup.py egg_info --egg-base ../../build/task1 build --build-base /home/felix/robo/robo_ai_turku_2025/ros2_ws/build/task1/build install --record /home/felix/robo/robo_ai_turku_2025/ros2_ws/build/task1/install.log --single-version-externally-managed install_data
