[0.054s] Invoking command in '/home/felix/robo/robo_ai_turku_2025/build/custom_interface': CMAKE_PREFIX_PATH=${CMAKE_PREFIX_PATH}:/home/felix/robo/robo_ai_turku_2025/install/task1:/home/felix/robo/robo_ai_turku_2025/install/lab1_bringup:/home/felix/robo/robo_ai_turku_2025/install/lab01_task05:/home/felix/robo/robo_ai_turku_2025/install/lab01_task03:/home/felix/robo/robo_ai_turku_2025/install/lab01_task02:/home/felix/robo/robo_ai_turku_2025/install/lab01_task01:/home/felix/robo/robo_ai_turku_2025/ros2_ws/install/lab01_task05:/home/felix/robo/robo_ai_turku_2025/ros2_ws/install/lab01_task03:/home/felix/robo/robo_ai_turku_2025/ros2_ws/install/lab01_task02:/home/felix/robo/robo_ai_turku_2025/ros2_ws/install/lab01_task01:/home/felix/robo/robo_ai_turku_2025/ros2_ws/install/lab1_bringup:/home/felix/robo/robo_ai_turku_2025/ros2_ws/install/task1:/opt/ros/humble /usr/bin/cmake --build /home/felix/robo/robo_ai_turku_2025/build/custom_interface -- -j22 -l22
[0.915s] [  1%] Built target custom_interface__cpp
[0.915s] [ 12%] Built target custom_interface__rosidl_generator_c
[0.915s] [ 12%] Built target ament_cmake_python_copy_custom_interface
[0.915s] [ 23%] Built target custom_interface__rosidl_typesupport_cpp
[0.915s] [ 35%] Built target custom_interface__rosidl_typesupport_introspection_cpp
[0.916s] [ 46%] Built target custom_interface__rosidl_typesupport_fastrtps_cpp
[0.916s] [ 59%] Built target custom_interface__rosidl_typesupport_introspection_c
[0.916s] [ 69%] Built target custom_interface__rosidl_typesupport_fastrtps_c
[0.916s] [ 80%] Built target custom_interface__rosidl_typesupport_c
[0.916s] [ 80%] Built target custom_interface
[0.916s] [ 81%] Built target custom_interface__py
[0.916s] [ 91%] Built target custom_interface__rosidl_generator_py
[0.916s] [ 94%] Built target custom_interface__rosidl_typesupport_introspection_c__pyext
[0.916s] [ 97%] Built target custom_interface__rosidl_typesupport_fastrtps_c__pyext
[0.916s] [100%] Built target custom_interface__rosidl_typesupport_c__pyext
[0.917s] running egg_info
[0.917s] writing custom_interface.egg-info/PKG-INFO
[0.917s] writing dependency_links to custom_interface.egg-info/dependency_links.txt
[0.917s] writing top-level names to custom_interface.egg-info/top_level.txt
[0.917s] reading manifest file 'custom_interface.egg-info/SOURCES.txt'
[0.917s] writing manifest file 'custom_interface.egg-info/SOURCES.txt'
[0.917s] [100%] Built target ament_cmake_python_build_custom_interface_egg
[1.206s] Invoked command in '/home/felix/robo/robo_ai_turku_2025/build/custom_interface' returned '0': CMAKE_PREFIX_PATH=${CMAKE_PREFIX_PATH}:/home/felix/robo/robo_ai_turku_2025/install/task1:/home/felix/robo/robo_ai_turku_2025/install/lab1_bringup:/home/felix/robo/robo_ai_turku_2025/install/lab01_task05:/home/felix/robo/robo_ai_turku_2025/install/lab01_task03:/home/felix/robo/robo_ai_turku_2025/install/lab01_task02:/home/felix/robo/robo_ai_turku_2025/install/lab01_task01:/home/felix/robo/robo_ai_turku_2025/ros2_ws/install/lab01_task05:/home/felix/robo/robo_ai_turku_2025/ros2_ws/install/lab01_task03:/home/felix/robo/robo_ai_turku_2025/ros2_ws/install/lab01_task02:/home/felix/robo/robo_ai_turku_2025/ros2_ws/install/lab01_task01:/home/felix/robo/robo_ai_turku_2025/ros2_ws/install/lab1_bringup:/home/felix/robo/robo_ai_turku_2025/ros2_ws/install/task1:/opt/ros/humble /usr/bin/cmake --build /home/felix/robo/robo_ai_turku_2025/build/custom_interface -- -j22 -l22
[1.220s] Invoking command in '/home/felix/robo/robo_ai_turku_2025/build/custom_interface': CMAKE_PREFIX_PATH=${CMAKE_PREFIX_PATH}:/home/felix/robo/robo_ai_turku_2025/install/task1:/home/felix/robo/robo_ai_turku_2025/install/lab1_bringup:/home/felix/robo/robo_ai_turku_2025/install/lab01_task05:/home/felix/robo/robo_ai_turku_2025/install/lab01_task03:/home/felix/robo/robo_ai_turku_2025/install/lab01_task02:/home/felix/robo/robo_ai_turku_2025/install/lab01_task01:/home/felix/robo/robo_ai_turku_2025/ros2_ws/install/lab01_task05:/home/felix/robo/robo_ai_turku_2025/ros2_ws/install/lab01_task03:/home/felix/robo/robo_ai_turku_2025/ros2_ws/install/lab01_task02:/home/felix/robo/robo_ai_turku_2025/ros2_ws/install/lab01_task01:/home/felix/robo/robo_ai_turku_2025/ros2_ws/install/lab1_bringup:/home/felix/robo/robo_ai_turku_2025/ros2_ws/install/task1:/opt/ros/humble /usr/bin/cmake --install /home/felix/robo/robo_ai_turku_2025/build/custom_interface
[1.238s] -- Install configuration: ""
[1.238s] -- Up-to-date: /home/felix/robo/robo_ai_turku_2025/install/custom_interface/share/ament_index/resource_index/rosidl_interfaces/custom_interface
[1.238s] -- Up-to-date: /home/felix/robo/robo_ai_turku_2025/install/custom_interface/include/custom_interface/custom_interface
[1.245s] -- Up-to-date: /home/felix/robo/robo_ai_turku_2025/install/custom_interface/include/custom_interface/custom_interface/msg
[1.245s] -- Up-to-date: /home/felix/robo/robo_ai_turku_2025/install/custom_interface/include/custom_interface/custom_interface/msg/count.h
[1.245s] -- Up-to-date: /home/felix/robo/robo_ai_turku_2025/install/custom_interface/include/custom_interface/custom_interface/msg/task_msg.h
[1.245s] -- Up-to-date: /home/felix/robo/robo_ai_turku_2025/install/custom_interface/include/custom_interface/custom_interface/msg/request_distance_msg.h
[1.245s] -- Up-to-date: /home/felix/robo/robo_ai_turku_2025/install/custom_interface/include/custom_interface/custom_interface/msg/rosidl_generator_c__visibility_control.h
[1.245s] -- Up-to-date: /home/felix/robo/robo_ai_turku_2025/install/custom_interface/include/custom_interface/custom_interface/msg/response_distance_msg.h
[1.245s] -- Up-to-date: /home/felix/robo/robo_ai_turku_2025/install/custom_interface/include/custom_interface/custom_interface/msg/detail
[1.245s] -- Up-to-date: /home/felix/robo/robo_ai_turku_2025/install/custom_interface/include/custom_interface/custom_interface/msg/detail/response_distance_msg__functions.c
[1.245s] -- Up-to-date: /home/felix/robo/robo_ai_turku_2025/install/custom_interface/include/custom_interface/custom_interface/msg/detail/response_distance_msg__type_support.h
[1.245s] -- Up-to-date: /home/felix/robo/robo_ai_turku_2025/install/custom_interface/include/custom_interface/custom_interface/msg/detail/task_msg__struct.h
[1.245s] -- Up-to-date: /home/felix/robo/robo_ai_turku_2025/install/custom_interface/include/custom_interface/custom_interface/msg/detail/count__functions.h
[1.245s] -- Up-to-date: /home/felix/robo/robo_ai_turku_2025/install/custom_interface/include/custom_interface/custom_interface/msg/detail/request_distance_msg__struct.h
[1.245s] -- Up-to-date: /home/felix/robo/robo_ai_turku_2025/install/custom_interface/include/custom_interface/custom_interface/msg/detail/request_distance_msg__functions.h
[1.245s] -- Up-to-date: /home/felix/robo/robo_ai_turku_2025/install/custom_interface/include/custom_interface/custom_interface/msg/detail/count__struct.h
[1.245s] -- Up-to-date: /home/felix/robo/robo_ai_turku_2025/install/custom_interface/include/custom_interface/custom_interface/msg/detail/response_distance_msg__functions.h
[1.245s] -- Up-to-date: /home/felix/robo/robo_ai_turku_2025/install/custom_interface/include/custom_interface/custom_interface/msg/detail/count__functions.c
[1.246s] -- Up-to-date: /home/felix/robo/robo_ai_turku_2025/install/custom_interface/include/custom_interface/custom_interface/msg/detail/task_msg__functions.c
[1.246s] -- Up-to-date: /home/felix/robo/robo_ai_turku_2025/install/custom_interface/include/custom_interface/custom_interface/msg/detail/task_msg__functions.h
[1.246s] -- Up-to-date: /home/felix/robo/robo_ai_turku_2025/install/custom_interface/include/custom_interface/custom_interface/msg/detail/task_msg__type_support.h
[1.246s] -- Up-to-date: /home/felix/robo/robo_ai_turku_2025/install/custom_interface/include/custom_interface/custom_interface/msg/detail/response_distance_msg__struct.h
[1.246s] -- Up-to-date: /home/felix/robo/robo_ai_turku_2025/install/custom_interface/include/custom_interface/custom_interface/msg/detail/request_distance_msg__functions.c
[1.246s] -- Up-to-date: /home/felix/robo/robo_ai_turku_2025/install/custom_interface/include/custom_interface/custom_interface/msg/detail/request_distance_msg__type_support.h
[1.246s] -- Up-to-date: /home/felix/robo/robo_ai_turku_2025/install/custom_interface/include/custom_interface/custom_interface/msg/detail/count__type_support.h
[1.246s] -- Up-to-date: /home/felix/robo/robo_ai_turku_2025/install/custom_interface/include/custom_interface/custom_interface/action
[1.246s] -- Up-to-date: /home/felix/robo/robo_ai_turku_2025/install/custom_interface/include/custom_interface/custom_interface/action/countdown.h
[1.246s] -- Up-to-date: /home/felix/robo/robo_ai_turku_2025/install/custom_interface/include/custom_interface/custom_interface/action/detail
[1.246s] -- Up-to-date: /home/felix/robo/robo_ai_turku_2025/install/custom_interface/include/custom_interface/custom_interface/action/detail/countdown__type_support.h
[1.246s] -- Up-to-date: /home/felix/robo/robo_ai_turku_2025/install/custom_interface/include/custom_interface/custom_interface/action/detail/countdown__functions.c
[1.246s] -- Up-to-date: /home/felix/robo/robo_ai_turku_2025/install/custom_interface/include/custom_interface/custom_interface/action/detail/countdown__functions.h
[1.246s] -- Up-to-date: /home/felix/robo/robo_ai_turku_2025/install/custom_interface/include/custom_interface/custom_interface/action/detail/countdown__struct.h
[1.246s] -- Up-to-date: /home/felix/robo/robo_ai_turku_2025/install/custom_interface/include/custom_interface/custom_interface/srv
[1.246s] -- Up-to-date: /home/felix/robo/robo_ai_turku_2025/install/custom_interface/include/custom_interface/custom_interface/srv/calculate_distance.h
[1.246s] -- Up-to-date: /home/felix/robo/robo_ai_turku_2025/install/custom_interface/include/custom_interface/custom_interface/srv/detail
[1.246s] -- Up-to-date: /home/felix/robo/robo_ai_turku_2025/install/custom_interface/include/custom_interface/custom_interface/srv/detail/calculate_distance__functions.c
[1.246s] -- Up-to-date: /home/felix/robo/robo_ai_turku_2025/install/custom_interface/include/custom_interface/custom_interface/srv/detail/calculate_distance__type_support.h
[1.246s] -- Up-to-date: /home/felix/robo/robo_ai_turku_2025/install/custom_interface/include/custom_interface/custom_interface/srv/detail/calculate_distance__functions.h
[1.246s] -- Up-to-date: /home/felix/robo/robo_ai_turku_2025/install/custom_interface/include/custom_interface/custom_interface/srv/detail/calculate_distance__struct.h
[1.246s] -- Up-to-date: /home/felix/robo/robo_ai_turku_2025/install/custom_interface/share/custom_interface/environment/library_path.sh
[1.246s] -- Up-to-date: /home/felix/robo/robo_ai_turku_2025/install/custom_interface/share/custom_interface/environment/library_path.dsv
[1.246s] -- Up-to-date: /home/felix/robo/robo_ai_turku_2025/install/custom_interface/lib/libcustom_interface__rosidl_generator_c.so
[1.247s] -- Up-to-date: /home/felix/robo/robo_ai_turku_2025/install/custom_interface/include/custom_interface/custom_interface
[1.247s] -- Up-to-date: /home/felix/robo/robo_ai_turku_2025/install/custom_interface/include/custom_interface/custom_interface/msg
[1.247s] -- Up-to-date: /home/felix/robo/robo_ai_turku_2025/install/custom_interface/include/custom_interface/custom_interface/msg/detail
[1.247s] -- Up-to-date: /home/felix/robo/robo_ai_turku_2025/install/custom_interface/include/custom_interface/custom_interface/msg/detail/task_msg__rosidl_typesupport_fastrtps_c.h
[1.247s] -- Up-to-date: /home/felix/robo/robo_ai_turku_2025/install/custom_interface/include/custom_interface/custom_interface/msg/detail/request_distance_msg__rosidl_typesupport_fastrtps_c.h
[1.247s] -- Up-to-date: /home/felix/robo/robo_ai_turku_2025/install/custom_interface/include/custom_interface/custom_interface/msg/detail/count__rosidl_typesupport_fastrtps_c.h
[1.247s] -- Up-to-date: /home/felix/robo/robo_ai_turku_2025/install/custom_interface/include/custom_interface/custom_interface/msg/detail/response_distance_msg__rosidl_typesupport_fastrtps_c.h
[1.247s] -- Up-to-date: /home/felix/robo/robo_ai_turku_2025/install/custom_interface/include/custom_interface/custom_interface/msg/rosidl_typesupport_fastrtps_c__visibility_control.h
[1.247s] -- Up-to-date: /home/felix/robo/robo_ai_turku_2025/install/custom_interface/include/custom_interface/custom_interface/action
[1.247s] -- Up-to-date: /home/felix/robo/robo_ai_turku_2025/install/custom_interface/include/custom_interface/custom_interface/action/detail
[1.247s] -- Up-to-date: /home/felix/robo/robo_ai_turku_2025/install/custom_interface/include/custom_interface/custom_interface/action/detail/countdown__rosidl_typesupport_fastrtps_c.h
[1.247s] -- Up-to-date: /home/felix/robo/robo_ai_turku_2025/install/custom_interface/include/custom_interface/custom_interface/srv
[1.247s] -- Up-to-date: /home/felix/robo/robo_ai_turku_2025/install/custom_interface/include/custom_interface/custom_interface/srv/detail
[1.247s] -- Up-to-date: /home/felix/robo/robo_ai_turku_2025/install/custom_interface/include/custom_interface/custom_interface/srv/detail/calculate_distance__rosidl_typesupport_fastrtps_c.h
[1.247s] -- Up-to-date: /home/felix/robo/robo_ai_turku_2025/install/custom_interface/lib/libcustom_interface__rosidl_typesupport_fastrtps_c.so
[1.247s] -- Up-to-date: /home/felix/robo/robo_ai_turku_2025/install/custom_interface/include/custom_interface/custom_interface
[1.247s] -- Up-to-date: /home/felix/robo/robo_ai_turku_2025/install/custom_interface/include/custom_interface/custom_interface/msg
[1.247s] -- Up-to-date: /home/felix/robo/robo_ai_turku_2025/install/custom_interface/include/custom_interface/custom_interface/msg/request_distance_msg.hpp
[1.247s] -- Up-to-date: /home/felix/robo/robo_ai_turku_2025/install/custom_interface/include/custom_interface/custom_interface/msg/count.hpp
[1.247s] -- Up-to-date: /home/felix/robo/robo_ai_turku_2025/install/custom_interface/include/custom_interface/custom_interface/msg/response_distance_msg.hpp
[1.247s] -- Up-to-date: /home/felix/robo/robo_ai_turku_2025/install/custom_interface/include/custom_interface/custom_interface/msg/rosidl_generator_cpp__visibility_control.hpp
[1.247s] -- Up-to-date: /home/felix/robo/robo_ai_turku_2025/install/custom_interface/include/custom_interface/custom_interface/msg/task_msg.hpp
[1.247s] -- Up-to-date: /home/felix/robo/robo_ai_turku_2025/install/custom_interface/include/custom_interface/custom_interface/msg/detail
[1.247s] -- Up-to-date: /home/felix/robo/robo_ai_turku_2025/install/custom_interface/include/custom_interface/custom_interface/msg/detail/request_distance_msg__builder.hpp
[1.248s] -- Up-to-date: /home/felix/robo/robo_ai_turku_2025/install/custom_interface/include/custom_interface/custom_interface/msg/detail/task_msg__traits.hpp
[1.248s] -- Up-to-date: /home/felix/robo/robo_ai_turku_2025/install/custom_interface/include/custom_interface/custom_interface/msg/detail/task_msg__builder.hpp
[1.248s] -- Up-to-date: /home/felix/robo/robo_ai_turku_2025/install/custom_interface/include/custom_interface/custom_interface/msg/detail/request_distance_msg__traits.hpp
[1.248s] -- Up-to-date: /home/felix/robo/robo_ai_turku_2025/install/custom_interface/include/custom_interface/custom_interface/msg/detail/request_distance_msg__struct.hpp
[1.248s] -- Up-to-date: /home/felix/robo/robo_ai_turku_2025/install/custom_interface/include/custom_interface/custom_interface/msg/detail/count__traits.hpp
[1.248s] -- Up-to-date: /home/felix/robo/robo_ai_turku_2025/install/custom_interface/include/custom_interface/custom_interface/msg/detail/response_distance_msg__type_support.hpp
[1.248s] -- Up-to-date: /home/felix/robo/robo_ai_turku_2025/install/custom_interface/include/custom_interface/custom_interface/msg/detail/response_distance_msg__struct.hpp
[1.248s] -- Up-to-date: /home/felix/robo/robo_ai_turku_2025/install/custom_interface/include/custom_interface/custom_interface/msg/detail/response_distance_msg__traits.hpp
[1.248s] -- Up-to-date: /home/felix/robo/robo_ai_turku_2025/install/custom_interface/include/custom_interface/custom_interface/msg/detail/response_distance_msg__builder.hpp
[1.248s] -- Up-to-date: /home/felix/robo/robo_ai_turku_2025/install/custom_interface/include/custom_interface/custom_interface/msg/detail/count__struct.hpp
[1.248s] -- Up-to-date: /home/felix/robo/robo_ai_turku_2025/install/custom_interface/include/custom_interface/custom_interface/msg/detail/count__type_support.hpp
[1.248s] -- Up-to-date: /home/felix/robo/robo_ai_turku_2025/install/custom_interface/include/custom_interface/custom_interface/msg/detail/task_msg__struct.hpp
[1.249s] -- Up-to-date: /home/felix/robo/robo_ai_turku_2025/install/custom_interface/include/custom_interface/custom_interface/msg/detail/count__builder.hpp
[1.249s] -- Up-to-date: /home/felix/robo/robo_ai_turku_2025/install/custom_interface/include/custom_interface/custom_interface/msg/detail/request_distance_msg__type_support.hpp
[1.249s] -- Up-to-date: /home/felix/robo/robo_ai_turku_2025/install/custom_interface/include/custom_interface/custom_interface/msg/detail/task_msg__type_support.hpp
[1.249s] -- Up-to-date: /home/felix/robo/robo_ai_turku_2025/install/custom_interface/include/custom_interface/custom_interface/action
[1.249s] -- Up-to-date: /home/felix/robo/robo_ai_turku_2025/install/custom_interface/include/custom_interface/custom_interface/action/countdown.hpp
[1.249s] -- Up-to-date: /home/felix/robo/robo_ai_turku_2025/install/custom_interface/include/custom_interface/custom_interface/action/detail
[1.249s] -- Up-to-date: /home/felix/robo/robo_ai_turku_2025/install/custom_interface/include/custom_interface/custom_interface/action/detail/countdown__type_support.hpp
[1.249s] -- Up-to-date: /home/felix/robo/robo_ai_turku_2025/install/custom_interface/include/custom_interface/custom_interface/action/detail/countdown__builder.hpp
[1.249s] -- Up-to-date: /home/felix/robo/robo_ai_turku_2025/install/custom_interface/include/custom_interface/custom_interface/action/detail/countdown__struct.hpp
[1.249s] -- Up-to-date: /home/felix/robo/robo_ai_turku_2025/install/custom_interface/include/custom_interface/custom_interface/action/detail/countdown__traits.hpp
[1.249s] -- Up-to-date: /home/felix/robo/robo_ai_turku_2025/install/custom_interface/include/custom_interface/custom_interface/srv
[1.249s] -- Up-to-date: /home/felix/robo/robo_ai_turku_2025/install/custom_interface/include/custom_interface/custom_interface/srv/calculate_distance.hpp
[1.249s] -- Up-to-date: /home/felix/robo/robo_ai_turku_2025/install/custom_interface/include/custom_interface/custom_interface/srv/detail
[1.249s] -- Up-to-date: /home/felix/robo/robo_ai_turku_2025/install/custom_interface/include/custom_interface/custom_interface/srv/detail/calculate_distance__type_support.hpp
[1.249s] -- Up-to-date: /home/felix/robo/robo_ai_turku_2025/install/custom_interface/include/custom_interface/custom_interface/srv/detail/calculate_distance__builder.hpp
[1.249s] -- Up-to-date: /home/felix/robo/robo_ai_turku_2025/install/custom_interface/include/custom_interface/custom_interface/srv/detail/calculate_distance__traits.hpp
[1.249s] -- Up-to-date: /home/felix/robo/robo_ai_turku_2025/install/custom_interface/include/custom_interface/custom_interface/srv/detail/calculate_distance__struct.hpp
[1.249s] -- Up-to-date: /home/felix/robo/robo_ai_turku_2025/install/custom_interface/include/custom_interface/custom_interface
[1.249s] -- Up-to-date: /home/felix/robo/robo_ai_turku_2025/install/custom_interface/include/custom_interface/custom_interface/msg
[1.249s] -- Up-to-date: /home/felix/robo/robo_ai_turku_2025/install/custom_interface/include/custom_interface/custom_interface/msg/rosidl_typesupport_fastrtps_cpp__visibility_control.h
[1.249s] -- Up-to-date: /home/felix/robo/robo_ai_turku_2025/install/custom_interface/include/custom_interface/custom_interface/msg/detail
[1.249s] -- Up-to-date: /home/felix/robo/robo_ai_turku_2025/install/custom_interface/include/custom_interface/custom_interface/msg/detail/request_distance_msg__rosidl_typesupport_fastrtps_cpp.hpp
[1.249s] -- Up-to-date: /home/felix/robo/robo_ai_turku_2025/install/custom_interface/include/custom_interface/custom_interface/msg/detail/response_distance_msg__rosidl_typesupport_fastrtps_cpp.hpp
[1.250s] -- Up-to-date: /home/felix/robo/robo_ai_turku_2025/install/custom_interface/include/custom_interface/custom_interface/msg/detail/task_msg__rosidl_typesupport_fastrtps_cpp.hpp
[1.250s] -- Up-to-date: /home/felix/robo/robo_ai_turku_2025/install/custom_interface/include/custom_interface/custom_interface/msg/detail/count__rosidl_typesupport_fastrtps_cpp.hpp
[1.250s] -- Up-to-date: /home/felix/robo/robo_ai_turku_2025/install/custom_interface/include/custom_interface/custom_interface/msg/detail/dds_fastrtps
[1.250s] -- Up-to-date: /home/felix/robo/robo_ai_turku_2025/install/custom_interface/include/custom_interface/custom_interface/action
[1.250s] -- Up-to-date: /home/felix/robo/robo_ai_turku_2025/install/custom_interface/include/custom_interface/custom_interface/action/detail
[1.250s] -- Up-to-date: /home/felix/robo/robo_ai_turku_2025/install/custom_interface/include/custom_interface/custom_interface/action/detail/dds_fastrtps
[1.250s] -- Up-to-date: /home/felix/robo/robo_ai_turku_2025/install/custom_interface/include/custom_interface/custom_interface/action/detail/countdown__rosidl_typesupport_fastrtps_cpp.hpp
[1.250s] -- Up-to-date: /home/felix/robo/robo_ai_turku_2025/install/custom_interface/include/custom_interface/custom_interface/srv
[1.250s] -- Up-to-date: /home/felix/robo/robo_ai_turku_2025/install/custom_interface/include/custom_interface/custom_interface/srv/detail
[1.250s] -- Up-to-date: /home/felix/robo/robo_ai_turku_2025/install/custom_interface/include/custom_interface/custom_interface/srv/detail/calculate_distance__rosidl_typesupport_fastrtps_cpp.hpp
[1.251s] -- Up-to-date: /home/felix/robo/robo_ai_turku_2025/install/custom_interface/include/custom_interface/custom_interface/srv/detail/dds_fastrtps
[1.251s] -- Up-to-date: /home/felix/robo/robo_ai_turku_2025/install/custom_interface/lib/libcustom_interface__rosidl_typesupport_fastrtps_cpp.so
[1.251s] -- Up-to-date: /home/felix/robo/robo_ai_turku_2025/install/custom_interface/include/custom_interface/custom_interface
[1.251s] -- Up-to-date: /home/felix/robo/robo_ai_turku_2025/install/custom_interface/include/custom_interface/custom_interface/msg
[1.251s] -- Up-to-date: /home/felix/robo/robo_ai_turku_2025/install/custom_interface/include/custom_interface/custom_interface/msg/rosidl_typesupport_introspection_c__visibility_control.h
[1.251s] -- Up-to-date: /home/felix/robo/robo_ai_turku_2025/install/custom_interface/include/custom_interface/custom_interface/msg/detail
[1.251s] -- Up-to-date: /home/felix/robo/robo_ai_turku_2025/install/custom_interface/include/custom_interface/custom_interface/msg/detail/count__rosidl_typesupport_introspection_c.h
[1.251s] -- Up-to-date: /home/felix/robo/robo_ai_turku_2025/install/custom_interface/include/custom_interface/custom_interface/msg/detail/response_distance_msg__rosidl_typesupport_introspection_c.h
[1.251s] -- Up-to-date: /home/felix/robo/robo_ai_turku_2025/install/custom_interface/include/custom_interface/custom_interface/msg/detail/response_distance_msg__type_support.c
[1.251s] -- Up-to-date: /home/felix/robo/robo_ai_turku_2025/install/custom_interface/include/custom_interface/custom_interface/msg/detail/request_distance_msg__rosidl_typesupport_introspection_c.h
[1.251s] -- Up-to-date: /home/felix/robo/robo_ai_turku_2025/install/custom_interface/include/custom_interface/custom_interface/msg/detail/request_distance_msg__type_support.c
[1.251s] -- Up-to-date: /home/felix/robo/robo_ai_turku_2025/install/custom_interface/include/custom_interface/custom_interface/msg/detail/task_msg__rosidl_typesupport_introspection_c.h
[1.251s] -- Up-to-date: /home/felix/robo/robo_ai_turku_2025/install/custom_interface/include/custom_interface/custom_interface/msg/detail/count__type_support.c
[1.251s] -- Up-to-date: /home/felix/robo/robo_ai_turku_2025/install/custom_interface/include/custom_interface/custom_interface/msg/detail/task_msg__type_support.c
[1.251s] -- Up-to-date: /home/felix/robo/robo_ai_turku_2025/install/custom_interface/include/custom_interface/custom_interface/action
[1.251s] -- Up-to-date: /home/felix/robo/robo_ai_turku_2025/install/custom_interface/include/custom_interface/custom_interface/action/detail
[1.251s] -- Up-to-date: /home/felix/robo/robo_ai_turku_2025/install/custom_interface/include/custom_interface/custom_interface/action/detail/countdown__type_support.c
[1.251s] -- Up-to-date: /home/felix/robo/robo_ai_turku_2025/install/custom_interface/include/custom_interface/custom_interface/action/detail/countdown__rosidl_typesupport_introspection_c.h
[1.252s] -- Up-to-date: /home/felix/robo/robo_ai_turku_2025/install/custom_interface/include/custom_interface/custom_interface/srv
[1.252s] -- Up-to-date: /home/felix/robo/robo_ai_turku_2025/install/custom_interface/include/custom_interface/custom_interface/srv/detail
[1.252s] -- Up-to-date: /home/felix/robo/robo_ai_turku_2025/install/custom_interface/include/custom_interface/custom_interface/srv/detail/calculate_distance__type_support.c
[1.252s] -- Up-to-date: /home/felix/robo/robo_ai_turku_2025/install/custom_interface/include/custom_interface/custom_interface/srv/detail/calculate_distance__rosidl_typesupport_introspection_c.h
[1.252s] -- Up-to-date: /home/felix/robo/robo_ai_turku_2025/install/custom_interface/lib/libcustom_interface__rosidl_typesupport_introspection_c.so
[1.252s] -- Up-to-date: /home/felix/robo/robo_ai_turku_2025/install/custom_interface/lib/libcustom_interface__rosidl_typesupport_c.so
[1.252s] -- Up-to-date: /home/felix/robo/robo_ai_turku_2025/install/custom_interface/include/custom_interface/custom_interface
[1.252s] -- Up-to-date: /home/felix/robo/robo_ai_turku_2025/install/custom_interface/include/custom_interface/custom_interface/msg
[1.252s] -- Up-to-date: /home/felix/robo/robo_ai_turku_2025/install/custom_interface/include/custom_interface/custom_interface/msg/detail
[1.252s] -- Up-to-date: /home/felix/robo/robo_ai_turku_2025/install/custom_interface/include/custom_interface/custom_interface/msg/detail/request_distance_msg__rosidl_typesupport_introspection_cpp.hpp
[1.252s] -- Up-to-date: /home/felix/robo/robo_ai_turku_2025/install/custom_interface/include/custom_interface/custom_interface/msg/detail/count__rosidl_typesupport_introspection_cpp.hpp
[1.252s] -- Up-to-date: /home/felix/robo/robo_ai_turku_2025/install/custom_interface/include/custom_interface/custom_interface/msg/detail/task_msg__rosidl_typesupport_introspection_cpp.hpp
[1.252s] -- Up-to-date: /home/felix/robo/robo_ai_turku_2025/install/custom_interface/include/custom_interface/custom_interface/msg/detail/request_distance_msg__type_support.cpp
[1.252s] -- Up-to-date: /home/felix/robo/robo_ai_turku_2025/install/custom_interface/include/custom_interface/custom_interface/msg/detail/response_distance_msg__type_support.cpp
[1.252s] -- Up-to-date: /home/felix/robo/robo_ai_turku_2025/install/custom_interface/include/custom_interface/custom_interface/msg/detail/task_msg__type_support.cpp
[1.252s] -- Up-to-date: /home/felix/robo/robo_ai_turku_2025/install/custom_interface/include/custom_interface/custom_interface/msg/detail/response_distance_msg__rosidl_typesupport_introspection_cpp.hpp
[1.252s] -- Up-to-date: /home/felix/robo/robo_ai_turku_2025/install/custom_interface/include/custom_interface/custom_interface/msg/detail/count__type_support.cpp
[1.253s] -- Up-to-date: /home/felix/robo/robo_ai_turku_2025/install/custom_interface/include/custom_interface/custom_interface/action
[1.253s] -- Up-to-date: /home/felix/robo/robo_ai_turku_2025/install/custom_interface/include/custom_interface/custom_interface/action/detail
[1.253s] -- Up-to-date: /home/felix/robo/robo_ai_turku_2025/install/custom_interface/include/custom_interface/custom_interface/action/detail/countdown__rosidl_typesupport_introspection_cpp.hpp
[1.253s] -- Up-to-date: /home/felix/robo/robo_ai_turku_2025/install/custom_interface/include/custom_interface/custom_interface/action/detail/countdown__type_support.cpp
[1.253s] -- Up-to-date: /home/felix/robo/robo_ai_turku_2025/install/custom_interface/include/custom_interface/custom_interface/srv
[1.253s] -- Up-to-date: /home/felix/robo/robo_ai_turku_2025/install/custom_interface/include/custom_interface/custom_interface/srv/detail
[1.253s] -- Up-to-date: /home/felix/robo/robo_ai_turku_2025/install/custom_interface/include/custom_interface/custom_interface/srv/detail/calculate_distance__rosidl_typesupport_introspection_cpp.hpp
[1.253s] -- Up-to-date: /home/felix/robo/robo_ai_turku_2025/install/custom_interface/include/custom_interface/custom_interface/srv/detail/calculate_distance__type_support.cpp
[1.253s] -- Up-to-date: /home/felix/robo/robo_ai_turku_2025/install/custom_interface/lib/libcustom_interface__rosidl_typesupport_introspection_cpp.so
[1.253s] -- Up-to-date: /home/felix/robo/robo_ai_turku_2025/install/custom_interface/lib/libcustom_interface__rosidl_typesupport_cpp.so
[1.253s] -- Up-to-date: /home/felix/robo/robo_ai_turku_2025/install/custom_interface/share/custom_interface/environment/pythonpath.sh
[1.253s] -- Up-to-date: /home/felix/robo/robo_ai_turku_2025/install/custom_interface/share/custom_interface/environment/pythonpath.dsv
[1.253s] -- Up-to-date: /home/felix/robo/robo_ai_turku_2025/install/custom_interface/local/lib/python3.10/dist-packages/custom_interface-0.0.0-py3.10.egg-info
[1.254s] -- Installing: /home/felix/robo/robo_ai_turku_2025/install/custom_interface/local/lib/python3.10/dist-packages/custom_interface-0.0.0-py3.10.egg-info/dependency_links.txt
[1.254s] -- Installing: /home/felix/robo/robo_ai_turku_2025/install/custom_interface/local/lib/python3.10/dist-packages/custom_interface-0.0.0-py3.10.egg-info/PKG-INFO
[1.254s] -- Installing: /home/felix/robo/robo_ai_turku_2025/install/custom_interface/local/lib/python3.10/dist-packages/custom_interface-0.0.0-py3.10.egg-info/SOURCES.txt
[1.254s] -- Installing: /home/felix/robo/robo_ai_turku_2025/install/custom_interface/local/lib/python3.10/dist-packages/custom_interface-0.0.0-py3.10.egg-info/top_level.txt
[1.257s] -- Up-to-date: /home/felix/robo/robo_ai_turku_2025/install/custom_interface/local/lib/python3.10/dist-packages/custom_interface
[1.257s] -- Up-to-date: /home/felix/robo/robo_ai_turku_2025/install/custom_interface/local/lib/python3.10/dist-packages/custom_interface/_custom_interface_s.ep.rosidl_typesupport_fastrtps_c.c
[1.257s] -- Up-to-date: /home/felix/robo/robo_ai_turku_2025/install/custom_interface/local/lib/python3.10/dist-packages/custom_interface/__init__.py
[1.257s] -- Up-to-date: /home/felix/robo/robo_ai_turku_2025/install/custom_interface/local/lib/python3.10/dist-packages/custom_interface/msg
[1.257s] -- Up-to-date: /home/felix/robo/robo_ai_turku_2025/install/custom_interface/local/lib/python3.10/dist-packages/custom_interface/msg/_response_distance_msg.py
[1.257s] -- Up-to-date: /home/felix/robo/robo_ai_turku_2025/install/custom_interface/local/lib/python3.10/dist-packages/custom_interface/msg/_response_distance_msg_s.c
[1.258s] -- Up-to-date: /home/felix/robo/robo_ai_turku_2025/install/custom_interface/local/lib/python3.10/dist-packages/custom_interface/msg/_request_distance_msg.py
[1.258s] -- Up-to-date: /home/felix/robo/robo_ai_turku_2025/install/custom_interface/local/lib/python3.10/dist-packages/custom_interface/msg/__init__.py
[1.258s] -- Up-to-date: /home/felix/robo/robo_ai_turku_2025/install/custom_interface/local/lib/python3.10/dist-packages/custom_interface/msg/_count_s.c
[1.258s] -- Up-to-date: /home/felix/robo/robo_ai_turku_2025/install/custom_interface/local/lib/python3.10/dist-packages/custom_interface/msg/_count.py
[1.258s] -- Up-to-date: /home/felix/robo/robo_ai_turku_2025/install/custom_interface/local/lib/python3.10/dist-packages/custom_interface/msg/_task_msg_s.c
[1.258s] -- Up-to-date: /home/felix/robo/robo_ai_turku_2025/install/custom_interface/local/lib/python3.10/dist-packages/custom_interface/msg/_request_distance_msg_s.c
[1.258s] -- Up-to-date: /home/felix/robo/robo_ai_turku_2025/install/custom_interface/local/lib/python3.10/dist-packages/custom_interface/msg/_task_msg.py
[1.258s] -- Up-to-date: /home/felix/robo/robo_ai_turku_2025/install/custom_interface/local/lib/python3.10/dist-packages/custom_interface/action
[1.258s] -- Up-to-date: /home/felix/robo/robo_ai_turku_2025/install/custom_interface/local/lib/python3.10/dist-packages/custom_interface/action/__init__.py
[1.258s] -- Up-to-date: /home/felix/robo/robo_ai_turku_2025/install/custom_interface/local/lib/python3.10/dist-packages/custom_interface/action/_countdown.py
[1.258s] -- Up-to-date: /home/felix/robo/robo_ai_turku_2025/install/custom_interface/local/lib/python3.10/dist-packages/custom_interface/action/_countdown_s.c
[1.258s] -- Up-to-date: /home/felix/robo/robo_ai_turku_2025/install/custom_interface/local/lib/python3.10/dist-packages/custom_interface/srv
[1.258s] -- Up-to-date: /home/felix/robo/robo_ai_turku_2025/install/custom_interface/local/lib/python3.10/dist-packages/custom_interface/srv/__init__.py
[1.258s] -- Up-to-date: /home/felix/robo/robo_ai_turku_2025/install/custom_interface/local/lib/python3.10/dist-packages/custom_interface/srv/_calculate_distance.py
[1.258s] -- Up-to-date: /home/felix/robo/robo_ai_turku_2025/install/custom_interface/local/lib/python3.10/dist-packages/custom_interface/srv/_calculate_distance_s.c
[1.258s] -- Up-to-date: /home/felix/robo/robo_ai_turku_2025/install/custom_interface/local/lib/python3.10/dist-packages/custom_interface/custom_interface_s__rosidl_typesupport_c.cpython-310-x86_64-linux-gnu.so
[1.258s] -- Up-to-date: /home/felix/robo/robo_ai_turku_2025/install/custom_interface/local/lib/python3.10/dist-packages/custom_interface/libcustom_interface__rosidl_generator_py.so
[1.258s] -- Up-to-date: /home/felix/robo/robo_ai_turku_2025/install/custom_interface/local/lib/python3.10/dist-packages/custom_interface/custom_interface_s__rosidl_typesupport_fastrtps_c.cpython-310-x86_64-linux-gnu.so
[1.258s] -- Up-to-date: /home/felix/robo/robo_ai_turku_2025/install/custom_interface/local/lib/python3.10/dist-packages/custom_interface/custom_interface_s__rosidl_typesupport_introspection_c.cpython-310-x86_64-linux-gnu.so
[1.259s] -- Up-to-date: /home/felix/robo/robo_ai_turku_2025/install/custom_interface/local/lib/python3.10/dist-packages/custom_interface/_custom_interface_s.ep.rosidl_typesupport_introspection_c.c
[1.259s] -- Up-to-date: /home/felix/robo/robo_ai_turku_2025/install/custom_interface/local/lib/python3.10/dist-packages/custom_interface/_custom_interface_s.ep.rosidl_typesupport_c.c
[1.302s] Listing '/home/felix/robo/robo_ai_turku_2025/install/custom_interface/local/lib/python3.10/dist-packages/custom_interface'...
[1.302s] Listing '/home/felix/robo/robo_ai_turku_2025/install/custom_interface/local/lib/python3.10/dist-packages/custom_interface/action'...
[1.302s] Listing '/home/felix/robo/robo_ai_turku_2025/install/custom_interface/local/lib/python3.10/dist-packages/custom_interface/msg'...
[1.302s] Listing '/home/felix/robo/robo_ai_turku_2025/install/custom_interface/local/lib/python3.10/dist-packages/custom_interface/srv'...
[1.306s] -- Up-to-date: /home/felix/robo/robo_ai_turku_2025/install/custom_interface/local/lib/python3.10/dist-packages/custom_interface/custom_interface_s__rosidl_typesupport_fastrtps_c.cpython-310-x86_64-linux-gnu.so
[1.306s] -- Up-to-date: /home/felix/robo/robo_ai_turku_2025/install/custom_interface/local/lib/python3.10/dist-packages/custom_interface/custom_interface_s__rosidl_typesupport_introspection_c.cpython-310-x86_64-linux-gnu.so
[1.307s] -- Up-to-date: /home/felix/robo/robo_ai_turku_2025/install/custom_interface/local/lib/python3.10/dist-packages/custom_interface/custom_interface_s__rosidl_typesupport_c.cpython-310-x86_64-linux-gnu.so
[1.307s] -- Up-to-date: /home/felix/robo/robo_ai_turku_2025/install/custom_interface/lib/libcustom_interface__rosidl_generator_py.so
[1.308s] -- Up-to-date: /home/felix/robo/robo_ai_turku_2025/install/custom_interface/share/custom_interface/msg/TaskMsg.idl
[1.308s] -- Up-to-date: /home/felix/robo/robo_ai_turku_2025/install/custom_interface/share/custom_interface/msg/RequestDistanceMsg.idl
[1.308s] -- Up-to-date: /home/felix/robo/robo_ai_turku_2025/install/custom_interface/share/custom_interface/msg/ResponseDistanceMsg.idl
[1.308s] -- Up-to-date: /home/felix/robo/robo_ai_turku_2025/install/custom_interface/share/custom_interface/srv/CalculateDistance.idl
[1.308s] -- Up-to-date: /home/felix/robo/robo_ai_turku_2025/install/custom_interface/share/custom_interface/action/Countdown.idl
[1.308s] -- Up-to-date: /home/felix/robo/robo_ai_turku_2025/install/custom_interface/share/custom_interface/msg/Count.idl
[1.309s] -- Up-to-date: /home/felix/robo/robo_ai_turku_2025/install/custom_interface/share/custom_interface/msg/TaskMsg.msg
[1.309s] -- Up-to-date: /home/felix/robo/robo_ai_turku_2025/install/custom_interface/share/custom_interface/msg/RequestDistanceMsg.msg
[1.309s] -- Up-to-date: /home/felix/robo/robo_ai_turku_2025/install/custom_interface/share/custom_interface/msg/ResponseDistanceMsg.msg
[1.309s] -- Up-to-date: /home/felix/robo/robo_ai_turku_2025/install/custom_interface/share/custom_interface/srv/CalculateDistance.srv
[1.309s] -- Up-to-date: /home/felix/robo/robo_ai_turku_2025/install/custom_interface/share/custom_interface/srv/CalculateDistance_Request.msg
[1.309s] -- Up-to-date: /home/felix/robo/robo_ai_turku_2025/install/custom_interface/share/custom_interface/srv/CalculateDistance_Response.msg
[1.309s] -- Up-to-date: /home/felix/robo/robo_ai_turku_2025/install/custom_interface/share/custom_interface/action/Countdown.action
[1.309s] -- Up-to-date: /home/felix/robo/robo_ai_turku_2025/install/custom_interface/share/custom_interface/msg/Count.msg
[1.309s] -- Up-to-date: /home/felix/robo/robo_ai_turku_2025/install/custom_interface/share/ament_index/resource_index/package_run_dependencies/custom_interface
[1.310s] -- Up-to-date: /home/felix/robo/robo_ai_turku_2025/install/custom_interface/share/ament_index/resource_index/parent_prefix_path/custom_interface
[1.310s] -- Up-to-date: /home/felix/robo/robo_ai_turku_2025/install/custom_interface/share/custom_interface/environment/ament_prefix_path.sh
[1.310s] -- Up-to-date: /home/felix/robo/robo_ai_turku_2025/install/custom_interface/share/custom_interface/environment/ament_prefix_path.dsv
[1.310s] -- Up-to-date: /home/felix/robo/robo_ai_turku_2025/install/custom_interface/share/custom_interface/environment/path.sh
[1.310s] -- Up-to-date: /home/felix/robo/robo_ai_turku_2025/install/custom_interface/share/custom_interface/environment/path.dsv
[1.310s] -- Up-to-date: /home/felix/robo/robo_ai_turku_2025/install/custom_interface/share/custom_interface/local_setup.bash
[1.310s] -- Up-to-date: /home/felix/robo/robo_ai_turku_2025/install/custom_interface/share/custom_interface/local_setup.sh
[1.311s] -- Up-to-date: /home/felix/robo/robo_ai_turku_2025/install/custom_interface/share/custom_interface/local_setup.zsh
[1.311s] -- Up-to-date: /home/felix/robo/robo_ai_turku_2025/install/custom_interface/share/custom_interface/local_setup.dsv
[1.311s] -- Installing: /home/felix/robo/robo_ai_turku_2025/install/custom_interface/share/custom_interface/package.dsv
[1.311s] -- Up-to-date: /home/felix/robo/robo_ai_turku_2025/install/custom_interface/share/ament_index/resource_index/packages/custom_interface
[1.312s] -- Up-to-date: /home/felix/robo/robo_ai_turku_2025/install/custom_interface/share/custom_interface/cmake/export_custom_interface__rosidl_generator_cExport.cmake
[1.312s] -- Up-to-date: /home/felix/robo/robo_ai_turku_2025/install/custom_interface/share/custom_interface/cmake/export_custom_interface__rosidl_generator_cExport-noconfig.cmake
[1.312s] -- Up-to-date: /home/felix/robo/robo_ai_turku_2025/install/custom_interface/share/custom_interface/cmake/export_custom_interface__rosidl_typesupport_fastrtps_cExport.cmake
[1.312s] -- Up-to-date: /home/felix/robo/robo_ai_turku_2025/install/custom_interface/share/custom_interface/cmake/export_custom_interface__rosidl_typesupport_fastrtps_cExport-noconfig.cmake
[1.312s] -- Up-to-date: /home/felix/robo/robo_ai_turku_2025/install/custom_interface/share/custom_interface/cmake/export_custom_interface__rosidl_generator_cppExport.cmake
[1.313s] -- Up-to-date: /home/felix/robo/robo_ai_turku_2025/install/custom_interface/share/custom_interface/cmake/export_custom_interface__rosidl_typesupport_fastrtps_cppExport.cmake
[1.313s] -- Up-to-date: /home/felix/robo/robo_ai_turku_2025/install/custom_interface/share/custom_interface/cmake/export_custom_interface__rosidl_typesupport_fastrtps_cppExport-noconfig.cmake
[1.313s] -- Up-to-date: /home/felix/robo/robo_ai_turku_2025/install/custom_interface/share/custom_interface/cmake/custom_interface__rosidl_typesupport_introspection_cExport.cmake
[1.313s] -- Up-to-date: /home/felix/robo/robo_ai_turku_2025/install/custom_interface/share/custom_interface/cmake/custom_interface__rosidl_typesupport_introspection_cExport-noconfig.cmake
[1.313s] -- Up-to-date: /home/felix/robo/robo_ai_turku_2025/install/custom_interface/share/custom_interface/cmake/custom_interface__rosidl_typesupport_cExport.cmake
[1.314s] -- Up-to-date: /home/felix/robo/robo_ai_turku_2025/install/custom_interface/share/custom_interface/cmake/custom_interface__rosidl_typesupport_cExport-noconfig.cmake
[1.314s] -- Up-to-date: /home/felix/robo/robo_ai_turku_2025/install/custom_interface/share/custom_interface/cmake/custom_interface__rosidl_typesupport_introspection_cppExport.cmake
[1.314s] -- Up-to-date: /home/felix/robo/robo_ai_turku_2025/install/custom_interface/share/custom_interface/cmake/custom_interface__rosidl_typesupport_introspection_cppExport-noconfig.cmake
[1.314s] -- Up-to-date: /home/felix/robo/robo_ai_turku_2025/install/custom_interface/share/custom_interface/cmake/custom_interface__rosidl_typesupport_cppExport.cmake
[1.314s] -- Up-to-date: /home/felix/robo/robo_ai_turku_2025/install/custom_interface/share/custom_interface/cmake/custom_interface__rosidl_typesupport_cppExport-noconfig.cmake
[1.315s] -- Up-to-date: /home/felix/robo/robo_ai_turku_2025/install/custom_interface/share/custom_interface/cmake/export_custom_interface__rosidl_generator_pyExport.cmake
[1.315s] -- Up-to-date: /home/felix/robo/robo_ai_turku_2025/install/custom_interface/share/custom_interface/cmake/export_custom_interface__rosidl_generator_pyExport-noconfig.cmake
[1.315s] -- Up-to-date: /home/felix/robo/robo_ai_turku_2025/install/custom_interface/share/custom_interface/cmake/rosidl_cmake-extras.cmake
[1.317s] -- Up-to-date: /home/felix/robo/robo_ai_turku_2025/install/custom_interface/share/custom_interface/cmake/ament_cmake_export_dependencies-extras.cmake
[1.317s] -- Up-to-date: /home/felix/robo/robo_ai_turku_2025/install/custom_interface/share/custom_interface/cmake/ament_cmake_export_include_directories-extras.cmake
[1.317s] -- Up-to-date: /home/felix/robo/robo_ai_turku_2025/install/custom_interface/share/custom_interface/cmake/ament_cmake_export_libraries-extras.cmake
[1.317s] -- Up-to-date: /home/felix/robo/robo_ai_turku_2025/install/custom_interface/share/custom_interface/cmake/ament_cmake_export_targets-extras.cmake
[1.317s] -- Up-to-date: /home/felix/robo/robo_ai_turku_2025/install/custom_interface/share/custom_interface/cmake/rosidl_cmake_export_typesupport_targets-extras.cmake
[1.317s] -- Up-to-date: /home/felix/robo/robo_ai_turku_2025/install/custom_interface/share/custom_interface/cmake/rosidl_cmake_export_typesupport_libraries-extras.cmake
[1.317s] -- Up-to-date: /home/felix/robo/robo_ai_turku_2025/install/custom_interface/share/custom_interface/cmake/custom_interfaceConfig.cmake
[1.317s] -- Up-to-date: /home/felix/robo/robo_ai_turku_2025/install/custom_interface/share/custom_interface/cmake/custom_interfaceConfig-version.cmake
[1.317s] -- Up-to-date: /home/felix/robo/robo_ai_turku_2025/install/custom_interface/share/custom_interface/package.xml
[1.323s] Invoked command in '/home/felix/robo/robo_ai_turku_2025/build/custom_interface' returned '0': CMAKE_PREFIX_PATH=${CMAKE_PREFIX_PATH}:/home/felix/robo/robo_ai_turku_2025/install/task1:/home/felix/robo/robo_ai_turku_2025/install/lab1_bringup:/home/felix/robo/robo_ai_turku_2025/install/lab01_task05:/home/felix/robo/robo_ai_turku_2025/install/lab01_task03:/home/felix/robo/robo_ai_turku_2025/install/lab01_task02:/home/felix/robo/robo_ai_turku_2025/install/lab01_task01:/home/felix/robo/robo_ai_turku_2025/ros2_ws/install/lab01_task05:/home/felix/robo/robo_ai_turku_2025/ros2_ws/install/lab01_task03:/home/felix/robo/robo_ai_turku_2025/ros2_ws/install/lab01_task02:/home/felix/robo/robo_ai_turku_2025/ros2_ws/install/lab01_task01:/home/felix/robo/robo_ai_turku_2025/ros2_ws/install/lab1_bringup:/home/felix/robo/robo_ai_turku_2025/ros2_ws/install/task1:/opt/ros/humble /usr/bin/cmake --install /home/felix/robo/robo_ai_turku_2025/build/custom_interface
