[2.071s] Invoking command in '/home/bot/Algo2025/robo_ai_turku_2025/ros2_lab6_ws/src/name_navigation_stack': PYTHONPATH=/home/bot/Algo2025/robo_ai_turku_2025/build/name_navigation_stack/prefix_override:/usr/lib/python3/dist-packages/colcon_core/task/python/colcon_distutils_commands:/home/bot/Algo2025/robo_ai_turku_2025/install/name_navigation_stack/lib/python3.10/site-packages:${PYTHONPATH} /usr/bin/python3 -W ignore:setup.py install is deprecated -W ignore:easy_install command is deprecated setup.py egg_info --egg-base ../../../build/name_navigation_stack build --build-base /home/bot/Algo2025/robo_ai_turku_2025/build/name_navigation_stack/build install --record /home/bot/Algo2025/robo_ai_turku_2025/build/name_navigation_stack/install.log --single-version-externally-managed install_data
[2.605s] running egg_info
[2.607s] creating ../../../build/name_navigation_stack/name_navigation_stack.egg-info
[2.607s] writing ../../../build/name_navigation_stack/name_navigation_stack.egg-info/PKG-INFO
[2.608s] writing dependency_links to ../../../build/name_navigation_stack/name_navigation_stack.egg-info/dependency_links.txt
[2.608s] writing entry points to ../../../build/name_navigation_stack/name_navigation_stack.egg-info/entry_points.txt
[2.609s] writing requirements to ../../../build/name_navigation_stack/name_navigation_stack.egg-info/requires.txt
[2.609s] writing top-level names to ../../../build/name_navigation_stack/name_navigation_stack.egg-info/top_level.txt
[2.609s] writing manifest file '../../../build/name_navigation_stack/name_navigation_stack.egg-info/SOURCES.txt'
[2.614s] reading manifest file '../../../build/name_navigation_stack/name_navigation_stack.egg-info/SOURCES.txt'
[2.614s] adding license file 'LICENSE'
[2.616s] writing manifest file '../../../build/name_navigation_stack/name_navigation_stack.egg-info/SOURCES.txt'
[2.616s] running build
[2.616s] running build_py
[2.617s] creating /home/bot/Algo2025/robo_ai_turku_2025/build/name_navigation_stack/build
[2.617s] creating /home/bot/Algo2025/robo_ai_turku_2025/build/name_navigation_stack/build/lib
[2.617s] creating /home/bot/Algo2025/robo_ai_turku_2025/build/name_navigation_stack/build/lib/name_navigation_stack
[2.617s] copying name_navigation_stack/trajectory_visualization.py -> /home/bot/Algo2025/robo_ai_turku_2025/build/name_navigation_stack/build/lib/name_navigation_stack
[2.618s] copying name_navigation_stack/waypoint_follower.py -> /home/bot/Algo2025/robo_ai_turku_2025/build/name_navigation_stack/build/lib/name_navigation_stack
[2.618s] copying name_navigation_stack/task2_graph.py -> /home/bot/Algo2025/robo_ai_turku_2025/build/name_navigation_stack/build/lib/name_navigation_stack
[2.618s] copying name_navigation_stack/__init__.py -> /home/bot/Algo2025/robo_ai_turku_2025/build/name_navigation_stack/build/lib/name_navigation_stack
[2.618s] copying name_navigation_stack/mapper.py -> /home/bot/Algo2025/robo_ai_turku_2025/build/name_navigation_stack/build/lib/name_navigation_stack
[2.619s] running install
[2.620s] running install_lib
[2.621s] creating /home/bot/Algo2025/robo_ai_turku_2025/install/name_navigation_stack/lib/python3.10/site-packages/name_navigation_stack
[2.622s] copying /home/bot/Algo2025/robo_ai_turku_2025/build/name_navigation_stack/build/lib/name_navigation_stack/trajectory_visualization.py -> /home/bot/Algo2025/robo_ai_turku_2025/install/name_navigation_stack/lib/python3.10/site-packages/name_navigation_stack
[2.625s] copying /home/bot/Algo2025/robo_ai_turku_2025/build/name_navigation_stack/build/lib/name_navigation_stack/waypoint_follower.py -> /home/bot/Algo2025/robo_ai_turku_2025/install/name_navigation_stack/lib/python3.10/site-packages/name_navigation_stack
[2.625s] copying /home/bot/Algo2025/robo_ai_turku_2025/build/name_navigation_stack/build/lib/name_navigation_stack/task2_graph.py -> /home/bot/Algo2025/robo_ai_turku_2025/install/name_navigation_stack/lib/python3.10/site-packages/name_navigation_stack
[2.628s] copying /home/bot/Algo2025/robo_ai_turku_2025/build/name_navigation_stack/build/lib/name_navigation_stack/__init__.py -> /home/bot/Algo2025/robo_ai_turku_2025/install/name_navigation_stack/lib/python3.10/site-packages/name_navigation_stack
[2.628s] copying /home/bot/Algo2025/robo_ai_turku_2025/build/name_navigation_stack/build/lib/name_navigation_stack/mapper.py -> /home/bot/Algo2025/robo_ai_turku_2025/install/name_navigation_stack/lib/python3.10/site-packages/name_navigation_stack
[2.628s] byte-compiling /home/bot/Algo2025/robo_ai_turku_2025/install/name_navigation_stack/lib/python3.10/site-packages/name_navigation_stack/trajectory_visualization.py to trajectory_visualization.cpython-310.pyc
[2.629s] byte-compiling /home/bot/Algo2025/robo_ai_turku_2025/install/name_navigation_stack/lib/python3.10/site-packages/name_navigation_stack/waypoint_follower.py to waypoint_follower.cpython-310.pyc
[2.630s] byte-compiling /home/bot/Algo2025/robo_ai_turku_2025/install/name_navigation_stack/lib/python3.10/site-packages/name_navigation_stack/task2_graph.py to task2_graph.cpython-310.pyc
[2.631s] byte-compiling /home/bot/Algo2025/robo_ai_turku_2025/install/name_navigation_stack/lib/python3.10/site-packages/name_navigation_stack/__init__.py to __init__.cpython-310.pyc
[2.631s] byte-compiling /home/bot/Algo2025/robo_ai_turku_2025/install/name_navigation_stack/lib/python3.10/site-packages/name_navigation_stack/mapper.py to mapper.cpython-310.pyc
[2.633s] running install_data
[2.634s] creating /home/bot/Algo2025/robo_ai_turku_2025/install/name_navigation_stack/share/ament_index
[2.634s] creating /home/bot/Algo2025/robo_ai_turku_2025/install/name_navigation_stack/share/ament_index/resource_index
[2.634s] creating /home/bot/Algo2025/robo_ai_turku_2025/install/name_navigation_stack/share/ament_index/resource_index/packages
[2.634s] copying resource/name_navigation_stack -> /home/bot/Algo2025/robo_ai_turku_2025/install/name_navigation_stack/share/ament_index/resource_index/packages
[2.635s] copying package.xml -> /home/bot/Algo2025/robo_ai_turku_2025/install/name_navigation_stack/share/name_navigation_stack
[2.635s] creating /home/bot/Algo2025/robo_ai_turku_2025/install/name_navigation_stack/share/name_navigation_stack/launch
[2.635s] copying launch/world.launch.py -> /home/bot/Algo2025/robo_ai_turku_2025/install/name_navigation_stack/share/name_navigation_stack/launch
[2.635s] running install_egg_info
[2.639s] Copying ../../../build/name_navigation_stack/name_navigation_stack.egg-info to /home/bot/Algo2025/robo_ai_turku_2025/install/name_navigation_stack/lib/python3.10/site-packages/name_navigation_stack-0.0.0-py3.10.egg-info
[2.640s] running install_scripts
[2.670s] Installing mapper script to /home/bot/Algo2025/robo_ai_turku_2025/install/name_navigation_stack/lib/name_navigation_stack
[2.671s] Installing visualize script to /home/bot/Algo2025/robo_ai_turku_2025/install/name_navigation_stack/lib/name_navigation_stack
[2.671s] Installing wp_follower script to /home/bot/Algo2025/robo_ai_turku_2025/install/name_navigation_stack/lib/name_navigation_stack
[2.672s] writing list of installed files to '/home/bot/Algo2025/robo_ai_turku_2025/build/name_navigation_stack/install.log'
[2.743s] Invoked command in '/home/bot/Algo2025/robo_ai_turku_2025/ros2_lab6_ws/src/name_navigation_stack' returned '0': PYTHONPATH=/home/bot/Algo2025/robo_ai_turku_2025/build/name_navigation_stack/prefix_override:/usr/lib/python3/dist-packages/colcon_core/task/python/colcon_distutils_commands:/home/bot/Algo2025/robo_ai_turku_2025/install/name_navigation_stack/lib/python3.10/site-packages:${PYTHONPATH} /usr/bin/python3 -W ignore:setup.py install is deprecated -W ignore:easy_install command is deprecated setup.py egg_info --egg-base ../../../build/name_navigation_stack build --build-base /home/bot/Algo2025/robo_ai_turku_2025/build/name_navigation_stack/build install --record /home/bot/Algo2025/robo_ai_turku_2025/build/name_navigation_stack/install.log --single-version-externally-managed install_data
