[2.115s] Invoking command in '/home/felix/robo/robo_ai_turku_2025/ros2_ws/src/lab1_bringup': PYTHONPATH=/home/felix/robo/robo_ai_turku_2025/build/lab1_bringup/prefix_override:/usr/lib/python3/dist-packages/colcon_core/task/python/colcon_distutils_commands:/home/felix/robo/robo_ai_turku_2025/install/lab1_bringup/lib/python3.10/site-packages:${PYTHONPATH} /usr/bin/python3 -W ignore:setup.py install is deprecated -W ignore:easy_install command is deprecated setup.py egg_info --egg-base ../../../build/lab1_bringup build --build-base /home/felix/robo/robo_ai_turku_2025/build/lab1_bringup/build install --record /home/felix/robo/robo_ai_turku_2025/build/lab1_bringup/install.log --single-version-externally-managed install_data
[2.370s] running egg_info
[2.370s] writing ../../../build/lab1_bringup/lab1_bringup.egg-info/PKG-INFO
[2.370s] writing dependency_links to ../../../build/lab1_bringup/lab1_bringup.egg-info/dependency_links.txt
[2.370s] writing entry points to ../../../build/lab1_bringup/lab1_bringup.egg-info/entry_points.txt
[2.370s] writing requirements to ../../../build/lab1_bringup/lab1_bringup.egg-info/requires.txt
[2.370s] writing top-level names to ../../../build/lab1_bringup/lab1_bringup.egg-info/top_level.txt
[2.371s] reading manifest file '../../../build/lab1_bringup/lab1_bringup.egg-info/SOURCES.txt'
[2.378s] adding license file 'LICENSE'
[2.378s] writing manifest file '../../../build/lab1_bringup/lab1_bringup.egg-info/SOURCES.txt'
[2.378s] running build
[2.378s] running build_py
[2.378s] running install
[2.378s] running install_lib
[2.379s] running install_data
[2.379s] copying launch/launch_lab01_task03.launch.py -> /home/felix/robo/robo_ai_turku_2025/install/lab1_bringup/share/lab1_bringup/launch
[2.380s] running install_egg_info
[2.383s] removing '/home/felix/robo/robo_ai_turku_2025/install/lab1_bringup/lib/python3.10/site-packages/lab1_bringup-0.0.0-py3.10.egg-info' (and everything under it)
[2.383s] Copying ../../../build/lab1_bringup/lab1_bringup.egg-info to /home/felix/robo/robo_ai_turku_2025/install/lab1_bringup/lib/python3.10/site-packages/lab1_bringup-0.0.0-py3.10.egg-info
[2.385s] running install_scripts
[2.416s] writing list of installed files to '/home/felix/robo/robo_ai_turku_2025/build/lab1_bringup/install.log'
[2.441s] Invoked command in '/home/felix/robo/robo_ai_turku_2025/ros2_ws/src/lab1_bringup' returned '0': PYTHONPATH=/home/felix/robo/robo_ai_turku_2025/build/lab1_bringup/prefix_override:/usr/lib/python3/dist-packages/colcon_core/task/python/colcon_distutils_commands:/home/felix/robo/robo_ai_turku_2025/install/lab1_bringup/lib/python3.10/site-packages:${PYTHONPATH} /usr/bin/python3 -W ignore:setup.py install is deprecated -W ignore:easy_install command is deprecated setup.py egg_info --egg-base ../../../build/lab1_bringup build --build-base /home/felix/robo/robo_ai_turku_2025/build/lab1_bringup/build install --record /home/felix/robo/robo_ai_turku_2025/build/lab1_bringup/install.log --single-version-externally-managed install_data
