[0.658s] Invoking command in '/home/felix/robo/robo_ai_turku_2025/ros2_ws/src/task1': PYTHONPATH=/home/felix/robo/robo_ai_turku_2025/ros2_ws/build/task1/prefix_override:/usr/lib/python3/dist-packages/colcon_core/task/python/colcon_distutils_commands:/home/felix/robo/robo_ai_turku_2025/ros2_ws/install/task1/lib/python3.10/site-packages:${PYTHONPATH} /usr/bin/python3 -W ignore:setup.py install is deprecated -W ignore:easy_install command is deprecated setup.py egg_info --egg-base ../../build/task1 build --build-base /home/felix/robo/robo_ai_turku_2025/ros2_ws/build/task1/build install --record /home/felix/robo/robo_ai_turku_2025/ros2_ws/build/task1/install.log --single-version-externally-managed install_data
[0.876s] running egg_info
[0.878s] writing ../../build/task1/task1.egg-info/PKG-INFO
[0.878s] writing dependency_links to ../../build/task1/task1.egg-info/dependency_links.txt
[0.878s] writing entry points to ../../build/task1/task1.egg-info/entry_points.txt
[0.879s] writing requirements to ../../build/task1/task1.egg-info/requires.txt
[0.879s] writing top-level names to ../../build/task1/task1.egg-info/top_level.txt
[0.880s] reading manifest file '../../build/task1/task1.egg-info/SOURCES.txt'
[0.880s] adding license file 'LICENSE'
[0.880s] writing manifest file '../../build/task1/task1.egg-info/SOURCES.txt'
[0.880s] running build
[0.880s] running build_py
[0.880s] copying task1/subscriber.py -> /home/felix/robo/robo_ai_turku_2025/ros2_ws/build/task1/build/lib/task1
[0.881s] running install
[0.881s] running install_lib
[0.881s] copying /home/felix/robo/robo_ai_turku_2025/ros2_ws/build/task1/build/lib/task1/subscriber.py -> /home/felix/robo/robo_ai_turku_2025/ros2_ws/install/task1/lib/python3.10/site-packages/task1
[0.881s] byte-compiling /home/felix/robo/robo_ai_turku_2025/ros2_ws/install/task1/lib/python3.10/site-packages/task1/subscriber.py to subscriber.cpython-310.pyc
[0.882s] running install_data
[0.882s] running install_egg_info
[0.884s] removing '/home/felix/robo/robo_ai_turku_2025/ros2_ws/install/task1/lib/python3.10/site-packages/task1-0.0.0-py3.10.egg-info' (and everything under it)
[0.884s] Copying ../../build/task1/task1.egg-info to /home/felix/robo/robo_ai_turku_2025/ros2_ws/install/task1/lib/python3.10/site-packages/task1-0.0.0-py3.10.egg-info
[0.886s] running install_scripts
[0.907s] Installing publisher script to /home/felix/robo/robo_ai_turku_2025/ros2_ws/install/task1/lib/task1
[0.907s] Installing subscriber script to /home/felix/robo/robo_ai_turku_2025/ros2_ws/install/task1/lib/task1
[0.908s] writing list of installed files to '/home/felix/robo/robo_ai_turku_2025/ros2_ws/build/task1/install.log'
[0.931s] Invoked command in '/home/felix/robo/robo_ai_turku_2025/ros2_ws/src/task1' returned '0': PYTHONPATH=/home/felix/robo/robo_ai_turku_2025/ros2_ws/build/task1/prefix_override:/usr/lib/python3/dist-packages/colcon_core/task/python/colcon_distutils_commands:/home/felix/robo/robo_ai_turku_2025/ros2_ws/install/task1/lib/python3.10/site-packages:${PYTHONPATH} /usr/bin/python3 -W ignore:setup.py install is deprecated -W ignore:easy_install command is deprecated setup.py egg_info --egg-base ../../build/task1 build --build-base /home/felix/robo/robo_ai_turku_2025/ros2_ws/build/task1/build install --record /home/felix/robo/robo_ai_turku_2025/ros2_ws/build/task1/install.log --single-version-externally-managed install_data
