[1.316s] Invoking command in '/home/felix/robo/robo_ai_turku_2025/ros2_ws/src/lab01_task02': PYTHONPATH=/home/felix/robo/robo_ai_turku_2025/build/lab01_task02/prefix_override:/usr/lib/python3/dist-packages/colcon_core/task/python/colcon_distutils_commands:/home/felix/robo/robo_ai_turku_2025/install/lab01_task02/lib/python3.10/site-packages:${PYTHONPATH} /usr/bin/python3 -W ignore:setup.py install is deprecated -W ignore:easy_install command is deprecated setup.py egg_info --egg-base ../../../build/lab01_task02 build --build-base /home/felix/robo/robo_ai_turku_2025/build/lab01_task02/build install --record /home/felix/robo/robo_ai_turku_2025/build/lab01_task02/install.log --single-version-externally-managed install_data
[1.460s] running egg_info
[1.460s] writing ../../../build/lab01_task02/lab01_task02.egg-info/PKG-INFO
[1.460s] writing dependency_links to ../../../build/lab01_task02/lab01_task02.egg-info/dependency_links.txt
[1.460s] writing entry points to ../../../build/lab01_task02/lab01_task02.egg-info/entry_points.txt
[1.460s] writing requirements to ../../../build/lab01_task02/lab01_task02.egg-info/requires.txt
[1.460s] writing top-level names to ../../../build/lab01_task02/lab01_task02.egg-info/top_level.txt
[1.462s] reading manifest file '../../../build/lab01_task02/lab01_task02.egg-info/SOURCES.txt'
[1.463s] adding license file 'LICENSE'
[1.463s] writing manifest file '../../../build/lab01_task02/lab01_task02.egg-info/SOURCES.txt'
[1.463s] running build
[1.463s] running build_py
[1.463s] running install
[1.464s] running install_lib
[1.465s] running install_data
[1.465s] running install_egg_info
[1.466s] removing '/home/felix/robo/robo_ai_turku_2025/install/lab01_task02/lib/python3.10/site-packages/lab01_task02-0.0.0-py3.10.egg-info' (and everything under it)
[1.466s] Copying ../../../build/lab01_task02/lab01_task02.egg-info to /home/felix/robo/robo_ai_turku_2025/install/lab01_task02/lib/python3.10/site-packages/lab01_task02-0.0.0-py3.10.egg-info
[1.468s] running install_scripts
[1.483s] Installing publisher script to /home/felix/robo/robo_ai_turku_2025/install/lab01_task02/lib/lab01_task02
[1.483s] Installing subscriber script to /home/felix/robo/robo_ai_turku_2025/install/lab01_task02/lib/lab01_task02
[1.483s] writing list of installed files to '/home/felix/robo/robo_ai_turku_2025/build/lab01_task02/install.log'
[1.504s] Invoked command in '/home/felix/robo/robo_ai_turku_2025/ros2_ws/src/lab01_task02' returned '0': PYTHONPATH=/home/felix/robo/robo_ai_turku_2025/build/lab01_task02/prefix_override:/usr/lib/python3/dist-packages/colcon_core/task/python/colcon_distutils_commands:/home/felix/robo/robo_ai_turku_2025/install/lab01_task02/lib/python3.10/site-packages:${PYTHONPATH} /usr/bin/python3 -W ignore:setup.py install is deprecated -W ignore:easy_install command is deprecated setup.py egg_info --egg-base ../../../build/lab01_task02 build --build-base /home/felix/robo/robo_ai_turku_2025/build/lab01_task02/build install --record /home/felix/robo/robo_ai_turku_2025/build/lab01_task02/install.log --single-version-externally-managed install_data
