[1.515s] Invoking command in '/home/felix/robo/robo_ai_turku_2025/ros2_ws/src/lab01_task01': PYTHONPATH=/home/felix/robo/robo_ai_turku_2025/ros2_ws/build/lab01_task01/prefix_override:/usr/lib/python3/dist-packages/colcon_core/task/python/colcon_distutils_commands:/home/felix/robo/robo_ai_turku_2025/ros2_ws/install/lab01_task01/lib/python3.10/site-packages:${PYTHONPATH} /usr/bin/python3 -W ignore:setup.py install is deprecated -W ignore:easy_install command is deprecated setup.py egg_info --egg-base ../../build/lab01_task01 build --build-base /home/felix/robo/robo_ai_turku_2025/ros2_ws/build/lab01_task01/build install --record /home/felix/robo/robo_ai_turku_2025/ros2_ws/build/lab01_task01/install.log --single-version-externally-managed install_data
[1.746s] running egg_info
[1.747s] writing ../../build/lab01_task01/lab01_task01.egg-info/PKG-INFO
[1.747s] writing dependency_links to ../../build/lab01_task01/lab01_task01.egg-info/dependency_links.txt
[1.747s] writing entry points to ../../build/lab01_task01/lab01_task01.egg-info/entry_points.txt
[1.748s] writing requirements to ../../build/lab01_task01/lab01_task01.egg-info/requires.txt
[1.748s] writing top-level names to ../../build/lab01_task01/lab01_task01.egg-info/top_level.txt
[1.751s] reading manifest file '../../build/lab01_task01/lab01_task01.egg-info/SOURCES.txt'
[1.751s] adding license file 'LICENSE'
[1.752s] writing manifest file '../../build/lab01_task01/lab01_task01.egg-info/SOURCES.txt'
[1.752s] running build
[1.752s] running build_py
[1.753s] running install
[1.753s] running install_lib
[1.755s] running install_data
[1.755s] running install_egg_info
[1.756s] removing '/home/felix/robo/robo_ai_turku_2025/ros2_ws/install/lab01_task01/lib/python3.10/site-packages/lab01_task01-0.0.0-py3.10.egg-info' (and everything under it)
[1.757s] Copying ../../build/lab01_task01/lab01_task01.egg-info to /home/felix/robo/robo_ai_turku_2025/ros2_ws/install/lab01_task01/lib/python3.10/site-packages/lab01_task01-0.0.0-py3.10.egg-info
[1.758s] running install_scripts
[1.782s] Installing publisher script to /home/felix/robo/robo_ai_turku_2025/ros2_ws/install/lab01_task01/lib/lab01_task01
[1.782s] Installing subscriber script to /home/felix/robo/robo_ai_turku_2025/ros2_ws/install/lab01_task01/lib/lab01_task01
[1.783s] writing list of installed files to '/home/felix/robo/robo_ai_turku_2025/ros2_ws/build/lab01_task01/install.log'
[1.817s] Invoked command in '/home/felix/robo/robo_ai_turku_2025/ros2_ws/src/lab01_task01' returned '0': PYTHONPATH=/home/felix/robo/robo_ai_turku_2025/ros2_ws/build/lab01_task01/prefix_override:/usr/lib/python3/dist-packages/colcon_core/task/python/colcon_distutils_commands:/home/felix/robo/robo_ai_turku_2025/ros2_ws/install/lab01_task01/lib/python3.10/site-packages:${PYTHONPATH} /usr/bin/python3 -W ignore:setup.py install is deprecated -W ignore:easy_install command is deprecated setup.py egg_info --egg-base ../../build/lab01_task01 build --build-base /home/felix/robo/robo_ai_turku_2025/ros2_ws/build/lab01_task01/build install --record /home/felix/robo/robo_ai_turku_2025/ros2_ws/build/lab01_task01/install.log --single-version-externally-managed install_data
