[0.420s] Invoking command in '/home/michael/robo_ai_turku_2025/lab_1/ros2_ws/src/task3': AMENT_PREFIX_PATH=/home/michael/robo_ai_turku_2025/lab_1/ros2_ws/install/custom_interface:${AMENT_PREFIX_PATH} CMAKE_PREFIX_PATH=/home/michael/robo_ai_turku_2025/lab_1/ros2_ws/install/custom_interface LD_LIBRARY_PATH=/home/michael/robo_ai_turku_2025/lab_1/ros2_ws/install/custom_interface/lib:${LD_LIBRARY_PATH} PYTHONPATH=/home/michael/robo_ai_turku_2025/lab_1/ros2_ws/build/task3/prefix_override:/usr/lib/python3/dist-packages/colcon_core/task/python/colcon_distutils_commands:/home/michael/robo_ai_turku_2025/lab_1/ros2_ws/install/task3/lib/python3.10/site-packages:/home/michael/robo_ai_turku_2025/lab_1/ros2_ws/install/custom_interface/local/lib/python3.10/dist-packages:${PYTHONPATH} /usr/bin/python3 -W ignore:setup.py install is deprecated -W ignore:easy_install command is deprecated setup.py egg_info --egg-base ../../build/task3 build --build-base /home/michael/robo_ai_turku_2025/lab_1/ros2_ws/build/task3/build install --record /home/michael/robo_ai_turku_2025/lab_1/ros2_ws/build/task3/install.log --single-version-externally-managed install_data
[0.515s] running egg_info
[0.515s] writing ../../build/task3/task3.egg-info/PKG-INFO
[0.515s] writing dependency_links to ../../build/task3/task3.egg-info/dependency_links.txt
[0.515s] writing entry points to ../../build/task3/task3.egg-info/entry_points.txt
[0.515s] writing requirements to ../../build/task3/task3.egg-info/requires.txt
[0.515s] writing top-level names to ../../build/task3/task3.egg-info/top_level.txt
[0.516s] reading manifest file '../../build/task3/task3.egg-info/SOURCES.txt'
[0.516s] adding license file 'LICENSE'
[0.517s] writing manifest file '../../build/task3/task3.egg-info/SOURCES.txt'
[0.517s] running build
[0.517s] running build_py
[0.517s] running install
[0.517s] running install_lib
[0.517s] running install_data
[0.517s] running install_egg_info
[0.518s] removing '/home/michael/robo_ai_turku_2025/lab_1/ros2_ws/install/task3/lib/python3.10/site-packages/task3-0.0.0-py3.10.egg-info' (and everything under it)
[0.518s] Copying ../../build/task3/task3.egg-info to /home/michael/robo_ai_turku_2025/lab_1/ros2_ws/install/task3/lib/python3.10/site-packages/task3-0.0.0-py3.10.egg-info
[0.519s] running install_scripts
[0.528s] Installing client script to /home/michael/robo_ai_turku_2025/lab_1/ros2_ws/install/task3/lib/task3
[0.528s] Installing server script to /home/michael/robo_ai_turku_2025/lab_1/ros2_ws/install/task3/lib/task3
[0.528s] writing list of installed files to '/home/michael/robo_ai_turku_2025/lab_1/ros2_ws/build/task3/install.log'
[0.544s] Invoked command in '/home/michael/robo_ai_turku_2025/lab_1/ros2_ws/src/task3' returned '0': AMENT_PREFIX_PATH=/home/michael/robo_ai_turku_2025/lab_1/ros2_ws/install/custom_interface:${AMENT_PREFIX_PATH} CMAKE_PREFIX_PATH=/home/michael/robo_ai_turku_2025/lab_1/ros2_ws/install/custom_interface LD_LIBRARY_PATH=/home/michael/robo_ai_turku_2025/lab_1/ros2_ws/install/custom_interface/lib:${LD_LIBRARY_PATH} PYTHONPATH=/home/michael/robo_ai_turku_2025/lab_1/ros2_ws/build/task3/prefix_override:/usr/lib/python3/dist-packages/colcon_core/task/python/colcon_distutils_commands:/home/michael/robo_ai_turku_2025/lab_1/ros2_ws/install/task3/lib/python3.10/site-packages:/home/michael/robo_ai_turku_2025/lab_1/ros2_ws/install/custom_interface/local/lib/python3.10/dist-packages:${PYTHONPATH} /usr/bin/python3 -W ignore:setup.py install is deprecated -W ignore:easy_install command is deprecated setup.py egg_info --egg-base ../../build/task3 build --build-base /home/michael/robo_ai_turku_2025/lab_1/ros2_ws/build/task3/build install --record /home/michael/robo_ai_turku_2025/lab_1/ros2_ws/build/task3/install.log --single-version-externally-managed install_data
