[0.666s] Invoking command in '/home/felix/robo/robo_ai_turku_2025/ros2_ws/src/lab01_task05': PYTHONPATH=/home/felix/robo/robo_ai_turku_2025/build/lab01_task05/prefix_override:/usr/lib/python3/dist-packages/colcon_core/task/python/colcon_distutils_commands:/home/felix/robo/robo_ai_turku_2025/install/lab01_task05/lib/python3.10/site-packages:${PYTHONPATH} /usr/bin/python3 -W ignore:setup.py install is deprecated -W ignore:easy_install command is deprecated setup.py egg_info --egg-base ../../../build/lab01_task05 build --build-base /home/felix/robo/robo_ai_turku_2025/build/lab01_task05/build install --record /home/felix/robo/robo_ai_turku_2025/build/lab01_task05/install.log --single-version-externally-managed install_data
[0.832s] running egg_info
[0.833s] writing ../../../build/lab01_task05/lab01_task05.egg-info/PKG-INFO
[0.833s] writing dependency_links to ../../../build/lab01_task05/lab01_task05.egg-info/dependency_links.txt
[0.833s] writing entry points to ../../../build/lab01_task05/lab01_task05.egg-info/entry_points.txt
[0.833s] writing requirements to ../../../build/lab01_task05/lab01_task05.egg-info/requires.txt
[0.834s] writing top-level names to ../../../build/lab01_task05/lab01_task05.egg-info/top_level.txt
[0.836s] reading manifest file '../../../build/lab01_task05/lab01_task05.egg-info/SOURCES.txt'
[0.837s] writing manifest file '../../../build/lab01_task05/lab01_task05.egg-info/SOURCES.txt'
[0.837s] running build
[0.837s] running build_py
[0.838s] copying lab01_task05/countdown_server.py -> /home/felix/robo/robo_ai_turku_2025/build/lab01_task05/build/lib/lab01_task05
[0.838s] running install
[0.838s] running install_lib
[0.839s] copying /home/felix/robo/robo_ai_turku_2025/build/lab01_task05/build/lib/lab01_task05/countdown_server.py -> /home/felix/robo/robo_ai_turku_2025/install/lab01_task05/lib/python3.10/site-packages/lab01_task05
[0.840s] byte-compiling /home/felix/robo/robo_ai_turku_2025/install/lab01_task05/lib/python3.10/site-packages/lab01_task05/countdown_server.py to countdown_server.cpython-310.pyc
[0.841s] running install_data
[0.841s] running install_egg_info
[0.843s] removing '/home/felix/robo/robo_ai_turku_2025/install/lab01_task05/lib/python3.10/site-packages/lab01_task05-0.0.0-py3.10.egg-info' (and everything under it)
[0.843s] Copying ../../../build/lab01_task05/lab01_task05.egg-info to /home/felix/robo/robo_ai_turku_2025/install/lab01_task05/lib/python3.10/site-packages/lab01_task05-0.0.0-py3.10.egg-info
[0.843s] running install_scripts
[0.857s] Installing cancel_service_server script to /home/felix/robo/robo_ai_turku_2025/install/lab01_task05/lib/lab01_task05
[0.857s] Installing countdown_cancel_client script to /home/felix/robo/robo_ai_turku_2025/install/lab01_task05/lib/lab01_task05
[0.858s] Installing countdown_client script to /home/felix/robo/robo_ai_turku_2025/install/lab01_task05/lib/lab01_task05
[0.858s] Installing countdown_server script to /home/felix/robo/robo_ai_turku_2025/install/lab01_task05/lib/lab01_task05
[0.858s] writing list of installed files to '/home/felix/robo/robo_ai_turku_2025/build/lab01_task05/install.log'
[0.873s] Invoked command in '/home/felix/robo/robo_ai_turku_2025/ros2_ws/src/lab01_task05' returned '0': PYTHONPATH=/home/felix/robo/robo_ai_turku_2025/build/lab01_task05/prefix_override:/usr/lib/python3/dist-packages/colcon_core/task/python/colcon_distutils_commands:/home/felix/robo/robo_ai_turku_2025/install/lab01_task05/lib/python3.10/site-packages:${PYTHONPATH} /usr/bin/python3 -W ignore:setup.py install is deprecated -W ignore:easy_install command is deprecated setup.py egg_info --egg-base ../../../build/lab01_task05 build --build-base /home/felix/robo/robo_ai_turku_2025/build/lab01_task05/build install --record /home/felix/robo/robo_ai_turku_2025/build/lab01_task05/install.log --single-version-externally-managed install_data
