[1.324s] Invoking command in '/home/felix/robo/robo_ai_turku_2025/ros2_ws/src/task1': PYTHONPATH=/home/felix/robo/robo_ai_turku_2025/build/task1/prefix_override:/usr/lib/python3/dist-packages/colcon_core/task/python/colcon_distutils_commands:/home/felix/robo/robo_ai_turku_2025/install/task1/lib/python3.10/site-packages:${PYTHONPATH} /usr/bin/python3 -W ignore:setup.py install is deprecated -W ignore:easy_install command is deprecated setup.py egg_info --egg-base ../../../build/task1 build --build-base /home/felix/robo/robo_ai_turku_2025/build/task1/build install --record /home/felix/robo/robo_ai_turku_2025/build/task1/install.log --single-version-externally-managed install_data
[1.485s] running egg_info
[1.485s] writing ../../../build/task1/task1.egg-info/PKG-INFO
[1.486s] writing dependency_links to ../../../build/task1/task1.egg-info/dependency_links.txt
[1.486s] writing entry points to ../../../build/task1/task1.egg-info/entry_points.txt
[1.486s] writing requirements to ../../../build/task1/task1.egg-info/requires.txt
[1.486s] writing top-level names to ../../../build/task1/task1.egg-info/top_level.txt
[1.488s] reading manifest file '../../../build/task1/task1.egg-info/SOURCES.txt'
[1.489s] adding license file 'LICENSE'
[1.490s] writing manifest file '../../../build/task1/task1.egg-info/SOURCES.txt'
[1.491s] running build
[1.491s] running build_py
[1.492s] running install
[1.492s] running install_lib
[1.494s] running install_data
[1.494s] running install_egg_info
[1.495s] removing '/home/felix/robo/robo_ai_turku_2025/install/task1/lib/python3.10/site-packages/task1-0.0.0-py3.10.egg-info' (and everything under it)
[1.496s] Copying ../../../build/task1/task1.egg-info to /home/felix/robo/robo_ai_turku_2025/install/task1/lib/python3.10/site-packages/task1-0.0.0-py3.10.egg-info
[1.496s] running install_scripts
[1.511s] Installing publisher script to /home/felix/robo/robo_ai_turku_2025/install/task1/lib/task1
[1.512s] Installing subscriber script to /home/felix/robo/robo_ai_turku_2025/install/task1/lib/task1
[1.512s] writing list of installed files to '/home/felix/robo/robo_ai_turku_2025/build/task1/install.log'
[1.543s] Invoked command in '/home/felix/robo/robo_ai_turku_2025/ros2_ws/src/task1' returned '0': PYTHONPATH=/home/felix/robo/robo_ai_turku_2025/build/task1/prefix_override:/usr/lib/python3/dist-packages/colcon_core/task/python/colcon_distutils_commands:/home/felix/robo/robo_ai_turku_2025/install/task1/lib/python3.10/site-packages:${PYTHONPATH} /usr/bin/python3 -W ignore:setup.py install is deprecated -W ignore:easy_install command is deprecated setup.py egg_info --egg-base ../../../build/task1 build --build-base /home/felix/robo/robo_ai_turku_2025/build/task1/build install --record /home/felix/robo/robo_ai_turku_2025/build/task1/install.log --single-version-externally-managed install_data
