[0.712s] Invoking command in '/home/felix/robo/robo_ai_turku_2025/ros2_ws/src/lab01_task05': PYTHONPATH=/home/felix/robo/robo_ai_turku_2025/build/lab01_task05/prefix_override:/usr/lib/python3/dist-packages/colcon_core/task/python/colcon_distutils_commands:/home/felix/robo/robo_ai_turku_2025/install/lab01_task05/lib/python3.10/site-packages:${PYTHONPATH} /usr/bin/python3 -W ignore:setup.py install is deprecated -W ignore:easy_install command is deprecated setup.py egg_info --egg-base ../../../build/lab01_task05 build --build-base /home/felix/robo/robo_ai_turku_2025/build/lab01_task05/build install --record /home/felix/robo/robo_ai_turku_2025/build/lab01_task05/install.log --single-version-externally-managed install_data
[0.881s] running egg_info
[0.882s] writing ../../../build/lab01_task05/lab01_task05.egg-info/PKG-INFO
[0.883s] writing dependency_links to ../../../build/lab01_task05/lab01_task05.egg-info/dependency_links.txt
[0.884s] writing entry points to ../../../build/lab01_task05/lab01_task05.egg-info/entry_points.txt
[0.885s] writing requirements to ../../../build/lab01_task05/lab01_task05.egg-info/requires.txt
[0.885s] writing top-level names to ../../../build/lab01_task05/lab01_task05.egg-info/top_level.txt
[0.887s] reading manifest file '../../../build/lab01_task05/lab01_task05.egg-info/SOURCES.txt'
[0.888s] writing manifest file '../../../build/lab01_task05/lab01_task05.egg-info/SOURCES.txt'
[0.888s] running build
[0.888s] running build_py
[0.889s] running install
[0.889s] running install_lib
[0.890s] running install_data
[0.891s] running install_egg_info
[0.892s] removing '/home/felix/robo/robo_ai_turku_2025/install/lab01_task05/lib/python3.10/site-packages/lab01_task05-0.0.0-py3.10.egg-info' (and everything under it)
[0.892s] Copying ../../../build/lab01_task05/lab01_task05.egg-info to /home/felix/robo/robo_ai_turku_2025/install/lab01_task05/lib/python3.10/site-packages/lab01_task05-0.0.0-py3.10.egg-info
[0.893s] running install_scripts
[0.908s] Installing cancel_service_server script to /home/felix/robo/robo_ai_turku_2025/install/lab01_task05/lib/lab01_task05
[0.908s] Installing countdown_cancel_client script to /home/felix/robo/robo_ai_turku_2025/install/lab01_task05/lib/lab01_task05
[0.909s] Installing countdown_client script to /home/felix/robo/robo_ai_turku_2025/install/lab01_task05/lib/lab01_task05
[0.909s] Installing countdown_server script to /home/felix/robo/robo_ai_turku_2025/install/lab01_task05/lib/lab01_task05
[0.909s] writing list of installed files to '/home/felix/robo/robo_ai_turku_2025/build/lab01_task05/install.log'
[0.928s] Invoked command in '/home/felix/robo/robo_ai_turku_2025/ros2_ws/src/lab01_task05' returned '0': PYTHONPATH=/home/felix/robo/robo_ai_turku_2025/build/lab01_task05/prefix_override:/usr/lib/python3/dist-packages/colcon_core/task/python/colcon_distutils_commands:/home/felix/robo/robo_ai_turku_2025/install/lab01_task05/lib/python3.10/site-packages:${PYTHONPATH} /usr/bin/python3 -W ignore:setup.py install is deprecated -W ignore:easy_install command is deprecated setup.py egg_info --egg-base ../../../build/lab01_task05 build --build-base /home/felix/robo/robo_ai_turku_2025/build/lab01_task05/build install --record /home/felix/robo/robo_ai_turku_2025/build/lab01_task05/install.log --single-version-externally-managed install_data
