[0.499s] Invoking command in '/home/bot/Algo2025/robo_ai_turku_2025/ros2_lab6_ws/src/name_navigation_stack': PYTHONPATH=/home/bot/Algo2025/robo_ai_turku_2025/ros2_lab6_ws/src/name_navigation_stack/build/name_navigation_stack/prefix_override:/usr/lib/python3/dist-packages/colcon_core/task/python/colcon_distutils_commands:/home/bot/Algo2025/robo_ai_turku_2025/ros2_lab6_ws/src/name_navigation_stack/install/name_navigation_stack/lib/python3.10/site-packages:${PYTHONPATH} /usr/bin/python3 -W ignore:setup.py install is deprecated -W ignore:easy_install command is deprecated setup.py egg_info --egg-base build/name_navigation_stack build --build-base /home/bot/Algo2025/robo_ai_turku_2025/ros2_lab6_ws/src/name_navigation_stack/build/name_navigation_stack/build install --record /home/bot/Algo2025/robo_ai_turku_2025/ros2_lab6_ws/src/name_navigation_stack/build/name_navigation_stack/install.log --single-version-externally-managed install_data
[0.675s] running egg_info
[0.676s] writing build/name_navigation_stack/name_navigation_stack.egg-info/PKG-INFO
[0.676s] writing dependency_links to build/name_navigation_stack/name_navigation_stack.egg-info/dependency_links.txt
[0.676s] writing entry points to build/name_navigation_stack/name_navigation_stack.egg-info/entry_points.txt
[0.676s] writing requirements to build/name_navigation_stack/name_navigation_stack.egg-info/requires.txt
[0.676s] writing top-level names to build/name_navigation_stack/name_navigation_stack.egg-info/top_level.txt
[0.679s] reading manifest file 'build/name_navigation_stack/name_navigation_stack.egg-info/SOURCES.txt'
[0.679s] adding license file 'LICENSE'
[0.680s] writing manifest file 'build/name_navigation_stack/name_navigation_stack.egg-info/SOURCES.txt'
[0.680s] running build
[0.680s] running build_py
[0.681s] running install
[0.681s] running install_lib
[0.682s] running install_data
[0.682s] copying launch/world.launch.py -> /home/bot/Algo2025/robo_ai_turku_2025/ros2_lab6_ws/src/name_navigation_stack/install/name_navigation_stack/share/name_navigation_stack/launch
[0.682s] running install_egg_info
[0.683s] removing '/home/bot/Algo2025/robo_ai_turku_2025/ros2_lab6_ws/src/name_navigation_stack/install/name_navigation_stack/lib/python3.10/site-packages/name_navigation_stack-0.0.0-py3.10.egg-info' (and everything under it)
[0.683s] Copying build/name_navigation_stack/name_navigation_stack.egg-info to /home/bot/Algo2025/robo_ai_turku_2025/ros2_lab6_ws/src/name_navigation_stack/install/name_navigation_stack/lib/python3.10/site-packages/name_navigation_stack-0.0.0-py3.10.egg-info
[0.684s] running install_scripts
[0.700s] Installing mapper script to /home/bot/Algo2025/robo_ai_turku_2025/ros2_lab6_ws/src/name_navigation_stack/install/name_navigation_stack/lib/name_navigation_stack
[0.700s] writing list of installed files to '/home/bot/Algo2025/robo_ai_turku_2025/ros2_lab6_ws/src/name_navigation_stack/build/name_navigation_stack/install.log'
[0.725s] Invoked command in '/home/bot/Algo2025/robo_ai_turku_2025/ros2_lab6_ws/src/name_navigation_stack' returned '0': PYTHONPATH=/home/bot/Algo2025/robo_ai_turku_2025/ros2_lab6_ws/src/name_navigation_stack/build/name_navigation_stack/prefix_override:/usr/lib/python3/dist-packages/colcon_core/task/python/colcon_distutils_commands:/home/bot/Algo2025/robo_ai_turku_2025/ros2_lab6_ws/src/name_navigation_stack/install/name_navigation_stack/lib/python3.10/site-packages:${PYTHONPATH} /usr/bin/python3 -W ignore:setup.py install is deprecated -W ignore:easy_install command is deprecated setup.py egg_info --egg-base build/name_navigation_stack build --build-base /home/bot/Algo2025/robo_ai_turku_2025/ros2_lab6_ws/src/name_navigation_stack/build/name_navigation_stack/build install --record /home/bot/Algo2025/robo_ai_turku_2025/ros2_lab6_ws/src/name_navigation_stack/build/name_navigation_stack/install.log --single-version-externally-managed install_data
