running egg_info
writing ../../build/group_13_navigation_stack/group_13_navigation_stack.egg-info/PKG-INFO
writing dependency_links to ../../build/group_13_navigation_stack/group_13_navigation_stack.egg-info/dependency_links.txt
writing entry points to ../../build/group_13_navigation_stack/group_13_navigation_stack.egg-info/entry_points.txt
writing requirements to ../../build/group_13_navigation_stack/group_13_navigation_stack.egg-info/requires.txt
writing top-level names to ../../build/group_13_navigation_stack/group_13_navigation_stack.egg-info/top_level.txt
reading manifest file '../../build/group_13_navigation_stack/group_13_navigation_stack.egg-info/SOURCES.txt'
adding license file 'LICENSE'
writing manifest file '../../build/group_13_navigation_stack/group_13_navigation_stack.egg-info/SOURCES.txt'
running build
running build_py
copying group_13_navigation_stack/Lab6_Task3.py -> /home/bot/Algo2025/robo_ai_turku_2025/ros2_lab6_ws/build/group_13_navigation_stack/build/lib/group_13_navigation_stack
running install
running install_lib
copying /home/bot/Algo2025/robo_ai_turku_2025/ros2_lab6_ws/build/group_13_navigation_stack/build/lib/group_13_navigation_stack/Lab6_Task3.py -> /home/bot/Algo2025/robo_ai_turku_2025/ros2_lab6_ws/install/group_13_navigation_stack/lib/python3.10/site-packages/group_13_navigation_stack
byte-compiling /home/bot/Algo2025/robo_ai_turku_2025/ros2_lab6_ws/install/group_13_navigation_stack/lib/python3.10/site-packages/group_13_navigation_stack/Lab6_Task3.py to Lab6_Task3.cpython-310.pyc
running install_data
copying launch/task3.launch.py -> /home/bot/Algo2025/robo_ai_turku_2025/ros2_lab6_ws/install/group_13_navigation_stack/share/group_13_navigation_stack/launch
running install_egg_info
removing '/home/bot/Algo2025/robo_ai_turku_2025/ros2_lab6_ws/install/group_13_navigation_stack/lib/python3.10/site-packages/group_13_navigation_stack-0.0.0-py3.10.egg-info' (and everything under it)
Copying ../../build/group_13_navigation_stack/group_13_navigation_stack.egg-info to /home/bot/Algo2025/robo_ai_turku_2025/ros2_lab6_ws/install/group_13_navigation_stack/lib/python3.10/site-packages/group_13_navigation_stack-0.0.0-py3.10.egg-info
running install_scripts
Installing mapper script to /home/bot/Algo2025/robo_ai_turku_2025/ros2_lab6_ws/install/group_13_navigation_stack/lib/group_13_navigation_stack
Installing pathfinder script to /home/bot/Algo2025/robo_ai_turku_2025/ros2_lab6_ws/install/group_13_navigation_stack/lib/group_13_navigation_stack
Installing pathfinderA script to /home/bot/Algo2025/robo_ai_turku_2025/ros2_lab6_ws/install/group_13_navigation_stack/lib/group_13_navigation_stack
Installing pathfollower script to /home/bot/Algo2025/robo_ai_turku_2025/ros2_lab6_ws/install/group_13_navigation_stack/lib/group_13_navigation_stack
Installing visualize script to /home/bot/Algo2025/robo_ai_turku_2025/ros2_lab6_ws/install/group_13_navigation_stack/lib/group_13_navigation_stack
Installing wp_follower script to /home/bot/Algo2025/robo_ai_turku_2025/ros2_lab6_ws/install/group_13_navigation_stack/lib/group_13_navigation_stack
writing list of installed files to '/home/bot/Algo2025/robo_ai_turku_2025/ros2_lab6_ws/build/group_13_navigation_stack/install.log'
