[0.494s] Invoking command in '/home/bot/Algo2025/robo_ai_turku_2025/ros2_lab6_ws/src/name_navigation_stack': PYTHONPATH=/home/bot/Algo2025/robo_ai_turku_2025/ros2_lab6_ws/src/name_navigation_stack/build/name_navigation_stack/prefix_override:/usr/lib/python3/dist-packages/colcon_core/task/python/colcon_distutils_commands:/home/bot/Algo2025/robo_ai_turku_2025/ros2_lab6_ws/src/name_navigation_stack/install/name_navigation_stack/lib/python3.10/site-packages:${PYTHONPATH} /usr/bin/python3 -W ignore:setup.py install is deprecated -W ignore:easy_install command is deprecated setup.py egg_info --egg-base build/name_navigation_stack build --build-base /home/bot/Algo2025/robo_ai_turku_2025/ros2_lab6_ws/src/name_navigation_stack/build/name_navigation_stack/build install --record /home/bot/Algo2025/robo_ai_turku_2025/ros2_lab6_ws/src/name_navigation_stack/build/name_navigation_stack/install.log --single-version-externally-managed install_data
[0.670s] running egg_info
[0.671s] writing build/name_navigation_stack/name_navigation_stack.egg-info/PKG-INFO
[0.671s] writing dependency_links to build/name_navigation_stack/name_navigation_stack.egg-info/dependency_links.txt
[0.671s] writing entry points to build/name_navigation_stack/name_navigation_stack.egg-info/entry_points.txt
[0.671s] writing requirements to build/name_navigation_stack/name_navigation_stack.egg-info/requires.txt
[0.671s] writing top-level names to build/name_navigation_stack/name_navigation_stack.egg-info/top_level.txt
[0.673s] reading manifest file 'build/name_navigation_stack/name_navigation_stack.egg-info/SOURCES.txt'
[0.673s] adding license file 'LICENSE'
[0.675s] writing manifest file 'build/name_navigation_stack/name_navigation_stack.egg-info/SOURCES.txt'
[0.675s] running build
[0.675s] running build_py
[0.676s] running install
[0.676s] running install_lib
[0.677s] running install_data
[0.677s] running install_egg_info
[0.678s] removing '/home/bot/Algo2025/robo_ai_turku_2025/ros2_lab6_ws/src/name_navigation_stack/install/name_navigation_stack/lib/python3.10/site-packages/name_navigation_stack-0.0.0-py3.10.egg-info' (and everything under it)
[0.678s] Copying build/name_navigation_stack/name_navigation_stack.egg-info to /home/bot/Algo2025/robo_ai_turku_2025/ros2_lab6_ws/src/name_navigation_stack/install/name_navigation_stack/lib/python3.10/site-packages/name_navigation_stack-0.0.0-py3.10.egg-info
[0.679s] running install_scripts
[0.695s] Installing mapper script to /home/bot/Algo2025/robo_ai_turku_2025/ros2_lab6_ws/src/name_navigation_stack/install/name_navigation_stack/lib/name_navigation_stack
[0.695s] writing list of installed files to '/home/bot/Algo2025/robo_ai_turku_2025/ros2_lab6_ws/src/name_navigation_stack/build/name_navigation_stack/install.log'
[0.717s] Invoked command in '/home/bot/Algo2025/robo_ai_turku_2025/ros2_lab6_ws/src/name_navigation_stack' returned '0': PYTHONPATH=/home/bot/Algo2025/robo_ai_turku_2025/ros2_lab6_ws/src/name_navigation_stack/build/name_navigation_stack/prefix_override:/usr/lib/python3/dist-packages/colcon_core/task/python/colcon_distutils_commands:/home/bot/Algo2025/robo_ai_turku_2025/ros2_lab6_ws/src/name_navigation_stack/install/name_navigation_stack/lib/python3.10/site-packages:${PYTHONPATH} /usr/bin/python3 -W ignore:setup.py install is deprecated -W ignore:easy_install command is deprecated setup.py egg_info --egg-base build/name_navigation_stack build --build-base /home/bot/Algo2025/robo_ai_turku_2025/ros2_lab6_ws/src/name_navigation_stack/build/name_navigation_stack/build install --record /home/bot/Algo2025/robo_ai_turku_2025/ros2_lab6_ws/src/name_navigation_stack/build/name_navigation_stack/install.log --single-version-externally-managed install_data
