[0.078s] Invoking command in '/home/felix/robo/robo_ai_turku_2025/build/custom_interface': CMAKE_PREFIX_PATH=${CMAKE_PREFIX_PATH}:/home/felix/robo/robo_ai_turku_2025/install/task1:/home/felix/robo/robo_ai_turku_2025/install/lab1_bringup:/home/felix/robo/robo_ai_turku_2025/install/lab01_task05:/home/felix/robo/robo_ai_turku_2025/install/lab01_task03:/home/felix/robo/robo_ai_turku_2025/install/lab01_task02:/home/felix/robo/robo_ai_turku_2025/install/lab01_task01:/home/felix/robo/robo_ai_turku_2025/ros2_ws/install/lab01_task05:/home/felix/robo/robo_ai_turku_2025/ros2_ws/install/lab01_task03:/home/felix/robo/robo_ai_turku_2025/ros2_ws/install/lab01_task02:/home/felix/robo/robo_ai_turku_2025/ros2_ws/install/lab01_task01:/home/felix/robo/robo_ai_turku_2025/ros2_ws/install/lab1_bringup:/home/felix/robo/robo_ai_turku_2025/ros2_ws/install/task1:/opt/ros/humble /usr/bin/cmake --build /home/felix/robo/robo_ai_turku_2025/build/custom_interface -- -j22 -l22
[1.323s] [ 11%] Built target custom_interface__rosidl_generator_c
[1.323s] [ 12%] Built target custom_interface__cpp
[1.323s] [ 27%] Built target ament_cmake_python_copy_custom_interface
[1.323s] [ 27%] Built target custom_interface__rosidl_typesupport_fastrtps_c
[1.323s] [ 36%] Built target custom_interface__rosidl_typesupport_cpp
[1.324s] [ 46%] Built target custom_interface__rosidl_typesupport_introspection_c
[1.324s] [ 58%] Built target custom_interface__rosidl_typesupport_c
[1.327s] [ 74%] Built target custom_interface__rosidl_typesupport_fastrtps_cpp
[1.327s] [ 81%] Built target custom_interface__rosidl_typesupport_introspection_cpp
[1.327s] [ 81%] Built target custom_interface
[1.327s] [ 82%] Built target custom_interface__py
[1.327s] [ 92%] Built target custom_interface__rosidl_generator_py
[1.327s] [ 94%] Built target custom_interface__rosidl_typesupport_fastrtps_c__pyext
[1.328s] [ 97%] Built target custom_interface__rosidl_typesupport_introspection_c__pyext
[1.328s] [100%] Built target custom_interface__rosidl_typesupport_c__pyext
[1.328s] running egg_info
[1.328s] writing custom_interface.egg-info/PKG-INFO
[1.328s] writing dependency_links to custom_interface.egg-info/dependency_links.txt
[1.329s] writing top-level names to custom_interface.egg-info/top_level.txt
[1.329s] reading manifest file 'custom_interface.egg-info/SOURCES.txt'
[1.329s] writing manifest file 'custom_interface.egg-info/SOURCES.txt'
[1.329s] [100%] Built target ament_cmake_python_build_custom_interface_egg
[1.331s] Invoked command in '/home/felix/robo/robo_ai_turku_2025/build/custom_interface' returned '0': CMAKE_PREFIX_PATH=${CMAKE_PREFIX_PATH}:/home/felix/robo/robo_ai_turku_2025/install/task1:/home/felix/robo/robo_ai_turku_2025/install/lab1_bringup:/home/felix/robo/robo_ai_turku_2025/install/lab01_task05:/home/felix/robo/robo_ai_turku_2025/install/lab01_task03:/home/felix/robo/robo_ai_turku_2025/install/lab01_task02:/home/felix/robo/robo_ai_turku_2025/install/lab01_task01:/home/felix/robo/robo_ai_turku_2025/ros2_ws/install/lab01_task05:/home/felix/robo/robo_ai_turku_2025/ros2_ws/install/lab01_task03:/home/felix/robo/robo_ai_turku_2025/ros2_ws/install/lab01_task02:/home/felix/robo/robo_ai_turku_2025/ros2_ws/install/lab01_task01:/home/felix/robo/robo_ai_turku_2025/ros2_ws/install/lab1_bringup:/home/felix/robo/robo_ai_turku_2025/ros2_ws/install/task1:/opt/ros/humble /usr/bin/cmake --build /home/felix/robo/robo_ai_turku_2025/build/custom_interface -- -j22 -l22
[1.347s] Invoking command in '/home/felix/robo/robo_ai_turku_2025/build/custom_interface': CMAKE_PREFIX_PATH=${CMAKE_PREFIX_PATH}:/home/felix/robo/robo_ai_turku_2025/install/task1:/home/felix/robo/robo_ai_turku_2025/install/lab1_bringup:/home/felix/robo/robo_ai_turku_2025/install/lab01_task05:/home/felix/robo/robo_ai_turku_2025/install/lab01_task03:/home/felix/robo/robo_ai_turku_2025/install/lab01_task02:/home/felix/robo/robo_ai_turku_2025/install/lab01_task01:/home/felix/robo/robo_ai_turku_2025/ros2_ws/install/lab01_task05:/home/felix/robo/robo_ai_turku_2025/ros2_ws/install/lab01_task03:/home/felix/robo/robo_ai_turku_2025/ros2_ws/install/lab01_task02:/home/felix/robo/robo_ai_turku_2025/ros2_ws/install/lab01_task01:/home/felix/robo/robo_ai_turku_2025/ros2_ws/install/lab1_bringup:/home/felix/robo/robo_ai_turku_2025/ros2_ws/install/task1:/opt/ros/humble /usr/bin/cmake --install /home/felix/robo/robo_ai_turku_2025/build/custom_interface
[1.363s] -- Install configuration: ""
[1.364s] -- Up-to-date: /home/felix/robo/robo_ai_turku_2025/install/custom_interface/share/ament_index/resource_index/rosidl_interfaces/custom_interface
[1.364s] -- Up-to-date: /home/felix/robo/robo_ai_turku_2025/install/custom_interface/include/custom_interface/custom_interface
[1.365s] -- Up-to-date: /home/felix/robo/robo_ai_turku_2025/install/custom_interface/include/custom_interface/custom_interface/msg
[1.367s] -- Up-to-date: /home/felix/robo/robo_ai_turku_2025/install/custom_interface/include/custom_interface/custom_interface/msg/count.h
[1.367s] -- Up-to-date: /home/felix/robo/robo_ai_turku_2025/install/custom_interface/include/custom_interface/custom_interface/msg/task_msg.h
[1.367s] -- Up-to-date: /home/felix/robo/robo_ai_turku_2025/install/custom_interface/include/custom_interface/custom_interface/msg/request_distance_msg.h
[1.367s] -- Up-to-date: /home/felix/robo/robo_ai_turku_2025/install/custom_interface/include/custom_interface/custom_interface/msg/rosidl_generator_c__visibility_control.h
[1.367s] -- Up-to-date: /home/felix/robo/robo_ai_turku_2025/install/custom_interface/include/custom_interface/custom_interface/msg/response_distance_msg.h
[1.367s] -- Up-to-date: /home/felix/robo/robo_ai_turku_2025/install/custom_interface/include/custom_interface/custom_interface/msg/detail
[1.368s] -- Up-to-date: /home/felix/robo/robo_ai_turku_2025/install/custom_interface/include/custom_interface/custom_interface/msg/detail/response_distance_msg__functions.c
[1.368s] -- Up-to-date: /home/felix/robo/robo_ai_turku_2025/install/custom_interface/include/custom_interface/custom_interface/msg/detail/response_distance_msg__type_support.h
[1.368s] -- Up-to-date: /home/felix/robo/robo_ai_turku_2025/install/custom_interface/include/custom_interface/custom_interface/msg/detail/task_msg__struct.h
[1.368s] -- Up-to-date: /home/felix/robo/robo_ai_turku_2025/install/custom_interface/include/custom_interface/custom_interface/msg/detail/count__functions.h
[1.368s] -- Up-to-date: /home/felix/robo/robo_ai_turku_2025/install/custom_interface/include/custom_interface/custom_interface/msg/detail/request_distance_msg__struct.h
[1.368s] -- Up-to-date: /home/felix/robo/robo_ai_turku_2025/install/custom_interface/include/custom_interface/custom_interface/msg/detail/request_distance_msg__functions.h
[1.368s] -- Up-to-date: /home/felix/robo/robo_ai_turku_2025/install/custom_interface/include/custom_interface/custom_interface/msg/detail/count__struct.h
[1.368s] -- Up-to-date: /home/felix/robo/robo_ai_turku_2025/install/custom_interface/include/custom_interface/custom_interface/msg/detail/response_distance_msg__functions.h
[1.369s] -- Up-to-date: /home/felix/robo/robo_ai_turku_2025/install/custom_interface/include/custom_interface/custom_interface/msg/detail/count__functions.c
[1.369s] -- Up-to-date: /home/felix/robo/robo_ai_turku_2025/install/custom_interface/include/custom_interface/custom_interface/msg/detail/task_msg__functions.c
[1.369s] -- Up-to-date: /home/felix/robo/robo_ai_turku_2025/install/custom_interface/include/custom_interface/custom_interface/msg/detail/task_msg__functions.h
[1.369s] -- Up-to-date: /home/felix/robo/robo_ai_turku_2025/install/custom_interface/include/custom_interface/custom_interface/msg/detail/task_msg__type_support.h
[1.369s] -- Up-to-date: /home/felix/robo/robo_ai_turku_2025/install/custom_interface/include/custom_interface/custom_interface/msg/detail/response_distance_msg__struct.h
[1.369s] -- Up-to-date: /home/felix/robo/robo_ai_turku_2025/install/custom_interface/include/custom_interface/custom_interface/msg/detail/request_distance_msg__functions.c
[1.369s] -- Up-to-date: /home/felix/robo/robo_ai_turku_2025/install/custom_interface/include/custom_interface/custom_interface/msg/detail/request_distance_msg__type_support.h
[1.369s] -- Up-to-date: /home/felix/robo/robo_ai_turku_2025/install/custom_interface/include/custom_interface/custom_interface/msg/detail/count__type_support.h
[1.369s] -- Up-to-date: /home/felix/robo/robo_ai_turku_2025/install/custom_interface/include/custom_interface/custom_interface/action
[1.370s] -- Up-to-date: /home/felix/robo/robo_ai_turku_2025/install/custom_interface/include/custom_interface/custom_interface/action/countdown.h
[1.370s] -- Up-to-date: /home/felix/robo/robo_ai_turku_2025/install/custom_interface/include/custom_interface/custom_interface/action/detail
[1.370s] -- Up-to-date: /home/felix/robo/robo_ai_turku_2025/install/custom_interface/include/custom_interface/custom_interface/action/detail/countdown__type_support.h
[1.370s] -- Up-to-date: /home/felix/robo/robo_ai_turku_2025/install/custom_interface/include/custom_interface/custom_interface/action/detail/countdown__functions.c
[1.370s] -- Up-to-date: /home/felix/robo/robo_ai_turku_2025/install/custom_interface/include/custom_interface/custom_interface/action/detail/countdown__functions.h
[1.370s] -- Up-to-date: /home/felix/robo/robo_ai_turku_2025/install/custom_interface/include/custom_interface/custom_interface/action/detail/countdown__struct.h
[1.370s] -- Up-to-date: /home/felix/robo/robo_ai_turku_2025/install/custom_interface/include/custom_interface/custom_interface/srv
[1.370s] -- Up-to-date: /home/felix/robo/robo_ai_turku_2025/install/custom_interface/include/custom_interface/custom_interface/srv/calculate_distance.h
[1.370s] -- Up-to-date: /home/felix/robo/robo_ai_turku_2025/install/custom_interface/include/custom_interface/custom_interface/srv/cancel_request.h
[1.371s] -- Up-to-date: /home/felix/robo/robo_ai_turku_2025/install/custom_interface/include/custom_interface/custom_interface/srv/detail
[1.371s] -- Up-to-date: /home/felix/robo/robo_ai_turku_2025/install/custom_interface/include/custom_interface/custom_interface/srv/detail/cancel_request__functions.c
[1.371s] -- Up-to-date: /home/felix/robo/robo_ai_turku_2025/install/custom_interface/include/custom_interface/custom_interface/srv/detail/cancel_request__type_support.h
[1.371s] -- Up-to-date: /home/felix/robo/robo_ai_turku_2025/install/custom_interface/include/custom_interface/custom_interface/srv/detail/calculate_distance__functions.c
[1.371s] -- Up-to-date: /home/felix/robo/robo_ai_turku_2025/install/custom_interface/include/custom_interface/custom_interface/srv/detail/cancel_request__struct.h
[1.372s] -- Up-to-date: /home/felix/robo/robo_ai_turku_2025/install/custom_interface/include/custom_interface/custom_interface/srv/detail/calculate_distance__type_support.h
[1.372s] -- Up-to-date: /home/felix/robo/robo_ai_turku_2025/install/custom_interface/include/custom_interface/custom_interface/srv/detail/cancel_request__functions.h
[1.372s] -- Up-to-date: /home/felix/robo/robo_ai_turku_2025/install/custom_interface/include/custom_interface/custom_interface/srv/detail/calculate_distance__functions.h
[1.372s] -- Up-to-date: /home/felix/robo/robo_ai_turku_2025/install/custom_interface/include/custom_interface/custom_interface/srv/detail/calculate_distance__struct.h
[1.372s] -- Up-to-date: /home/felix/robo/robo_ai_turku_2025/install/custom_interface/share/custom_interface/environment/library_path.sh
[1.372s] -- Up-to-date: /home/felix/robo/robo_ai_turku_2025/install/custom_interface/share/custom_interface/environment/library_path.dsv
[1.373s] -- Up-to-date: /home/felix/robo/robo_ai_turku_2025/install/custom_interface/lib/libcustom_interface__rosidl_generator_c.so
[1.373s] -- Up-to-date: /home/felix/robo/robo_ai_turku_2025/install/custom_interface/include/custom_interface/custom_interface
[1.374s] -- Up-to-date: /home/felix/robo/robo_ai_turku_2025/install/custom_interface/include/custom_interface/custom_interface/msg
[1.375s] -- Up-to-date: /home/felix/robo/robo_ai_turku_2025/install/custom_interface/include/custom_interface/custom_interface/msg/detail
[1.375s] -- Up-to-date: /home/felix/robo/robo_ai_turku_2025/install/custom_interface/include/custom_interface/custom_interface/msg/detail/task_msg__rosidl_typesupport_fastrtps_c.h
[1.376s] -- Up-to-date: /home/felix/robo/robo_ai_turku_2025/install/custom_interface/include/custom_interface/custom_interface/msg/detail/request_distance_msg__rosidl_typesupport_fastrtps_c.h
[1.376s] -- Up-to-date: /home/felix/robo/robo_ai_turku_2025/install/custom_interface/include/custom_interface/custom_interface/msg/detail/count__rosidl_typesupport_fastrtps_c.h
[1.376s] -- Up-to-date: /home/felix/robo/robo_ai_turku_2025/install/custom_interface/include/custom_interface/custom_interface/msg/detail/response_distance_msg__rosidl_typesupport_fastrtps_c.h
[1.376s] -- Up-to-date: /home/felix/robo/robo_ai_turku_2025/install/custom_interface/include/custom_interface/custom_interface/msg/rosidl_typesupport_fastrtps_c__visibility_control.h
[1.376s] -- Up-to-date: /home/felix/robo/robo_ai_turku_2025/install/custom_interface/include/custom_interface/custom_interface/action
[1.376s] -- Up-to-date: /home/felix/robo/robo_ai_turku_2025/install/custom_interface/include/custom_interface/custom_interface/action/detail
[1.377s] -- Up-to-date: /home/felix/robo/robo_ai_turku_2025/install/custom_interface/include/custom_interface/custom_interface/action/detail/countdown__rosidl_typesupport_fastrtps_c.h
[1.377s] -- Up-to-date: /home/felix/robo/robo_ai_turku_2025/install/custom_interface/include/custom_interface/custom_interface/srv
[1.378s] -- Up-to-date: /home/felix/robo/robo_ai_turku_2025/install/custom_interface/include/custom_interface/custom_interface/srv/detail
[1.379s] -- Up-to-date: /home/felix/robo/robo_ai_turku_2025/install/custom_interface/include/custom_interface/custom_interface/srv/detail/cancel_request__rosidl_typesupport_fastrtps_c.h
[1.379s] -- Up-to-date: /home/felix/robo/robo_ai_turku_2025/install/custom_interface/include/custom_interface/custom_interface/srv/detail/calculate_distance__rosidl_typesupport_fastrtps_c.h
[1.379s] -- Up-to-date: /home/felix/robo/robo_ai_turku_2025/install/custom_interface/lib/libcustom_interface__rosidl_typesupport_fastrtps_c.so
[1.380s] -- Up-to-date: /home/felix/robo/robo_ai_turku_2025/install/custom_interface/include/custom_interface/custom_interface
[1.380s] -- Up-to-date: /home/felix/robo/robo_ai_turku_2025/install/custom_interface/include/custom_interface/custom_interface/msg
[1.380s] -- Up-to-date: /home/felix/robo/robo_ai_turku_2025/install/custom_interface/include/custom_interface/custom_interface/msg/request_distance_msg.hpp
[1.380s] -- Up-to-date: /home/felix/robo/robo_ai_turku_2025/install/custom_interface/include/custom_interface/custom_interface/msg/count.hpp
[1.380s] -- Up-to-date: /home/felix/robo/robo_ai_turku_2025/install/custom_interface/include/custom_interface/custom_interface/msg/response_distance_msg.hpp
[1.380s] -- Up-to-date: /home/felix/robo/robo_ai_turku_2025/install/custom_interface/include/custom_interface/custom_interface/msg/rosidl_generator_cpp__visibility_control.hpp
[1.380s] -- Up-to-date: /home/felix/robo/robo_ai_turku_2025/install/custom_interface/include/custom_interface/custom_interface/msg/task_msg.hpp
[1.380s] -- Up-to-date: /home/felix/robo/robo_ai_turku_2025/install/custom_interface/include/custom_interface/custom_interface/msg/detail
[1.381s] -- Up-to-date: /home/felix/robo/robo_ai_turku_2025/install/custom_interface/include/custom_interface/custom_interface/msg/detail/request_distance_msg__builder.hpp
[1.381s] -- Up-to-date: /home/felix/robo/robo_ai_turku_2025/install/custom_interface/include/custom_interface/custom_interface/msg/detail/task_msg__traits.hpp
[1.381s] -- Up-to-date: /home/felix/robo/robo_ai_turku_2025/install/custom_interface/include/custom_interface/custom_interface/msg/detail/task_msg__builder.hpp
[1.381s] -- Up-to-date: /home/felix/robo/robo_ai_turku_2025/install/custom_interface/include/custom_interface/custom_interface/msg/detail/request_distance_msg__traits.hpp
[1.381s] -- Up-to-date: /home/felix/robo/robo_ai_turku_2025/install/custom_interface/include/custom_interface/custom_interface/msg/detail/request_distance_msg__struct.hpp
[1.381s] -- Up-to-date: /home/felix/robo/robo_ai_turku_2025/install/custom_interface/include/custom_interface/custom_interface/msg/detail/count__traits.hpp
[1.381s] -- Up-to-date: /home/felix/robo/robo_ai_turku_2025/install/custom_interface/include/custom_interface/custom_interface/msg/detail/response_distance_msg__type_support.hpp
[1.381s] -- Up-to-date: /home/felix/robo/robo_ai_turku_2025/install/custom_interface/include/custom_interface/custom_interface/msg/detail/response_distance_msg__struct.hpp
[1.381s] -- Up-to-date: /home/felix/robo/robo_ai_turku_2025/install/custom_interface/include/custom_interface/custom_interface/msg/detail/response_distance_msg__traits.hpp
[1.382s] -- Up-to-date: /home/felix/robo/robo_ai_turku_2025/install/custom_interface/include/custom_interface/custom_interface/msg/detail/response_distance_msg__builder.hpp
[1.382s] -- Up-to-date: /home/felix/robo/robo_ai_turku_2025/install/custom_interface/include/custom_interface/custom_interface/msg/detail/count__struct.hpp
[1.382s] -- Up-to-date: /home/felix/robo/robo_ai_turku_2025/install/custom_interface/include/custom_interface/custom_interface/msg/detail/count__type_support.hpp
[1.382s] -- Up-to-date: /home/felix/robo/robo_ai_turku_2025/install/custom_interface/include/custom_interface/custom_interface/msg/detail/task_msg__struct.hpp
[1.382s] -- Up-to-date: /home/felix/robo/robo_ai_turku_2025/install/custom_interface/include/custom_interface/custom_interface/msg/detail/count__builder.hpp
[1.382s] -- Up-to-date: /home/felix/robo/robo_ai_turku_2025/install/custom_interface/include/custom_interface/custom_interface/msg/detail/request_distance_msg__type_support.hpp
[1.383s] -- Up-to-date: /home/felix/robo/robo_ai_turku_2025/install/custom_interface/include/custom_interface/custom_interface/msg/detail/task_msg__type_support.hpp
[1.383s] -- Up-to-date: /home/felix/robo/robo_ai_turku_2025/install/custom_interface/include/custom_interface/custom_interface/action
[1.383s] -- Up-to-date: /home/felix/robo/robo_ai_turku_2025/install/custom_interface/include/custom_interface/custom_interface/action/countdown.hpp
[1.383s] -- Up-to-date: /home/felix/robo/robo_ai_turku_2025/install/custom_interface/include/custom_interface/custom_interface/action/detail
[1.384s] -- Up-to-date: /home/felix/robo/robo_ai_turku_2025/install/custom_interface/include/custom_interface/custom_interface/action/detail/countdown__type_support.hpp
[1.384s] -- Up-to-date: /home/felix/robo/robo_ai_turku_2025/install/custom_interface/include/custom_interface/custom_interface/action/detail/countdown__builder.hpp
[1.384s] -- Up-to-date: /home/felix/robo/robo_ai_turku_2025/install/custom_interface/include/custom_interface/custom_interface/action/detail/countdown__struct.hpp
[1.385s] -- Up-to-date: /home/felix/robo/robo_ai_turku_2025/install/custom_interface/include/custom_interface/custom_interface/action/detail/countdown__traits.hpp
[1.385s] -- Up-to-date: /home/felix/robo/robo_ai_turku_2025/install/custom_interface/include/custom_interface/custom_interface/srv
[1.385s] -- Up-to-date: /home/felix/robo/robo_ai_turku_2025/install/custom_interface/include/custom_interface/custom_interface/srv/calculate_distance.hpp
[1.385s] -- Up-to-date: /home/felix/robo/robo_ai_turku_2025/install/custom_interface/include/custom_interface/custom_interface/srv/cancel_request.hpp
[1.385s] -- Up-to-date: /home/felix/robo/robo_ai_turku_2025/install/custom_interface/include/custom_interface/custom_interface/srv/detail
[1.385s] -- Up-to-date: /home/felix/robo/robo_ai_turku_2025/install/custom_interface/include/custom_interface/custom_interface/srv/detail/cancel_request__struct.hpp
[1.385s] -- Up-to-date: /home/felix/robo/robo_ai_turku_2025/install/custom_interface/include/custom_interface/custom_interface/srv/detail/calculate_distance__type_support.hpp
[1.386s] -- Up-to-date: /home/felix/robo/robo_ai_turku_2025/install/custom_interface/include/custom_interface/custom_interface/srv/detail/cancel_request__type_support.hpp
[1.386s] -- Up-to-date: /home/felix/robo/robo_ai_turku_2025/install/custom_interface/include/custom_interface/custom_interface/srv/detail/calculate_distance__builder.hpp
[1.386s] -- Up-to-date: /home/felix/robo/robo_ai_turku_2025/install/custom_interface/include/custom_interface/custom_interface/srv/detail/calculate_distance__traits.hpp
[1.386s] -- Up-to-date: /home/felix/robo/robo_ai_turku_2025/install/custom_interface/include/custom_interface/custom_interface/srv/detail/cancel_request__traits.hpp
[1.386s] -- Up-to-date: /home/felix/robo/robo_ai_turku_2025/install/custom_interface/include/custom_interface/custom_interface/srv/detail/cancel_request__builder.hpp
[1.386s] -- Up-to-date: /home/felix/robo/robo_ai_turku_2025/install/custom_interface/include/custom_interface/custom_interface/srv/detail/calculate_distance__struct.hpp
[1.386s] -- Up-to-date: /home/felix/robo/robo_ai_turku_2025/install/custom_interface/include/custom_interface/custom_interface
[1.386s] -- Up-to-date: /home/felix/robo/robo_ai_turku_2025/install/custom_interface/include/custom_interface/custom_interface/msg
[1.387s] -- Up-to-date: /home/felix/robo/robo_ai_turku_2025/install/custom_interface/include/custom_interface/custom_interface/msg/rosidl_typesupport_fastrtps_cpp__visibility_control.h
[1.387s] -- Up-to-date: /home/felix/robo/robo_ai_turku_2025/install/custom_interface/include/custom_interface/custom_interface/msg/detail
[1.387s] -- Up-to-date: /home/felix/robo/robo_ai_turku_2025/install/custom_interface/include/custom_interface/custom_interface/msg/detail/request_distance_msg__rosidl_typesupport_fastrtps_cpp.hpp
[1.387s] -- Up-to-date: /home/felix/robo/robo_ai_turku_2025/install/custom_interface/include/custom_interface/custom_interface/msg/detail/response_distance_msg__rosidl_typesupport_fastrtps_cpp.hpp
[1.387s] -- Up-to-date: /home/felix/robo/robo_ai_turku_2025/install/custom_interface/include/custom_interface/custom_interface/msg/detail/task_msg__rosidl_typesupport_fastrtps_cpp.hpp
[1.387s] -- Up-to-date: /home/felix/robo/robo_ai_turku_2025/install/custom_interface/include/custom_interface/custom_interface/msg/detail/count__rosidl_typesupport_fastrtps_cpp.hpp
[1.387s] -- Up-to-date: /home/felix/robo/robo_ai_turku_2025/install/custom_interface/include/custom_interface/custom_interface/msg/detail/dds_fastrtps
[1.388s] -- Up-to-date: /home/felix/robo/robo_ai_turku_2025/install/custom_interface/include/custom_interface/custom_interface/action
[1.389s] -- Up-to-date: /home/felix/robo/robo_ai_turku_2025/install/custom_interface/include/custom_interface/custom_interface/action/detail
[1.390s] -- Up-to-date: /home/felix/robo/robo_ai_turku_2025/install/custom_interface/include/custom_interface/custom_interface/action/detail/dds_fastrtps
[1.390s] -- Up-to-date: /home/felix/robo/robo_ai_turku_2025/install/custom_interface/include/custom_interface/custom_interface/action/detail/countdown__rosidl_typesupport_fastrtps_cpp.hpp
[1.391s] -- Up-to-date: /home/felix/robo/robo_ai_turku_2025/install/custom_interface/include/custom_interface/custom_interface/srv
[1.391s] -- Up-to-date: /home/felix/robo/robo_ai_turku_2025/install/custom_interface/include/custom_interface/custom_interface/srv/detail
[1.392s] -- Up-to-date: /home/felix/robo/robo_ai_turku_2025/install/custom_interface/include/custom_interface/custom_interface/srv/detail/cancel_request__rosidl_typesupport_fastrtps_cpp.hpp
[1.392s] -- Up-to-date: /home/felix/robo/robo_ai_turku_2025/install/custom_interface/include/custom_interface/custom_interface/srv/detail/calculate_distance__rosidl_typesupport_fastrtps_cpp.hpp
[1.392s] -- Up-to-date: /home/felix/robo/robo_ai_turku_2025/install/custom_interface/include/custom_interface/custom_interface/srv/detail/dds_fastrtps
[1.395s] -- Up-to-date: /home/felix/robo/robo_ai_turku_2025/install/custom_interface/lib/libcustom_interface__rosidl_typesupport_fastrtps_cpp.so
[1.396s] -- Up-to-date: /home/felix/robo/robo_ai_turku_2025/install/custom_interface/include/custom_interface/custom_interface
[1.396s] -- Up-to-date: /home/felix/robo/robo_ai_turku_2025/install/custom_interface/include/custom_interface/custom_interface/msg
[1.397s] -- Up-to-date: /home/felix/robo/robo_ai_turku_2025/install/custom_interface/include/custom_interface/custom_interface/msg/rosidl_typesupport_introspection_c__visibility_control.h
[1.397s] -- Up-to-date: /home/felix/robo/robo_ai_turku_2025/install/custom_interface/include/custom_interface/custom_interface/msg/detail
[1.398s] -- Up-to-date: /home/felix/robo/robo_ai_turku_2025/install/custom_interface/include/custom_interface/custom_interface/msg/detail/count__rosidl_typesupport_introspection_c.h
[1.398s] -- Up-to-date: /home/felix/robo/robo_ai_turku_2025/install/custom_interface/include/custom_interface/custom_interface/msg/detail/response_distance_msg__rosidl_typesupport_introspection_c.h
[1.398s] -- Up-to-date: /home/felix/robo/robo_ai_turku_2025/install/custom_interface/include/custom_interface/custom_interface/msg/detail/response_distance_msg__type_support.c
[1.399s] -- Up-to-date: /home/felix/robo/robo_ai_turku_2025/install/custom_interface/include/custom_interface/custom_interface/msg/detail/request_distance_msg__rosidl_typesupport_introspection_c.h
[1.399s] -- Up-to-date: /home/felix/robo/robo_ai_turku_2025/install/custom_interface/include/custom_interface/custom_interface/msg/detail/request_distance_msg__type_support.c
[1.399s] -- Up-to-date: /home/felix/robo/robo_ai_turku_2025/install/custom_interface/include/custom_interface/custom_interface/msg/detail/task_msg__rosidl_typesupport_introspection_c.h
[1.399s] -- Up-to-date: /home/felix/robo/robo_ai_turku_2025/install/custom_interface/include/custom_interface/custom_interface/msg/detail/count__type_support.c
[1.399s] -- Up-to-date: /home/felix/robo/robo_ai_turku_2025/install/custom_interface/include/custom_interface/custom_interface/msg/detail/task_msg__type_support.c
[1.399s] -- Up-to-date: /home/felix/robo/robo_ai_turku_2025/install/custom_interface/include/custom_interface/custom_interface/action
[1.399s] -- Up-to-date: /home/felix/robo/robo_ai_turku_2025/install/custom_interface/include/custom_interface/custom_interface/action/detail
[1.400s] -- Up-to-date: /home/felix/robo/robo_ai_turku_2025/install/custom_interface/include/custom_interface/custom_interface/action/detail/countdown__type_support.c
[1.400s] -- Up-to-date: /home/felix/robo/robo_ai_turku_2025/install/custom_interface/include/custom_interface/custom_interface/action/detail/countdown__rosidl_typesupport_introspection_c.h
[1.400s] -- Up-to-date: /home/felix/robo/robo_ai_turku_2025/install/custom_interface/include/custom_interface/custom_interface/srv
[1.401s] -- Up-to-date: /home/felix/robo/robo_ai_turku_2025/install/custom_interface/include/custom_interface/custom_interface/srv/detail
[1.401s] -- Up-to-date: /home/felix/robo/robo_ai_turku_2025/install/custom_interface/include/custom_interface/custom_interface/srv/detail/cancel_request__rosidl_typesupport_introspection_c.h
[1.402s] -- Up-to-date: /home/felix/robo/robo_ai_turku_2025/install/custom_interface/include/custom_interface/custom_interface/srv/detail/cancel_request__type_support.c
[1.402s] -- Up-to-date: /home/felix/robo/robo_ai_turku_2025/install/custom_interface/include/custom_interface/custom_interface/srv/detail/calculate_distance__type_support.c
[1.402s] -- Up-to-date: /home/felix/robo/robo_ai_turku_2025/install/custom_interface/include/custom_interface/custom_interface/srv/detail/calculate_distance__rosidl_typesupport_introspection_c.h
[1.402s] -- Up-to-date: /home/felix/robo/robo_ai_turku_2025/install/custom_interface/lib/libcustom_interface__rosidl_typesupport_introspection_c.so
[1.402s] -- Up-to-date: /home/felix/robo/robo_ai_turku_2025/install/custom_interface/lib/libcustom_interface__rosidl_typesupport_c.so
[1.402s] -- Up-to-date: /home/felix/robo/robo_ai_turku_2025/install/custom_interface/include/custom_interface/custom_interface
[1.403s] -- Up-to-date: /home/felix/robo/robo_ai_turku_2025/install/custom_interface/include/custom_interface/custom_interface/msg
[1.404s] -- Up-to-date: /home/felix/robo/robo_ai_turku_2025/install/custom_interface/include/custom_interface/custom_interface/msg/detail
[1.405s] -- Up-to-date: /home/felix/robo/robo_ai_turku_2025/install/custom_interface/include/custom_interface/custom_interface/msg/detail/request_distance_msg__rosidl_typesupport_introspection_cpp.hpp
[1.405s] -- Up-to-date: /home/felix/robo/robo_ai_turku_2025/install/custom_interface/include/custom_interface/custom_interface/msg/detail/count__rosidl_typesupport_introspection_cpp.hpp
[1.405s] -- Up-to-date: /home/felix/robo/robo_ai_turku_2025/install/custom_interface/include/custom_interface/custom_interface/msg/detail/task_msg__rosidl_typesupport_introspection_cpp.hpp
[1.405s] -- Up-to-date: /home/felix/robo/robo_ai_turku_2025/install/custom_interface/include/custom_interface/custom_interface/msg/detail/request_distance_msg__type_support.cpp
[1.405s] -- Up-to-date: /home/felix/robo/robo_ai_turku_2025/install/custom_interface/include/custom_interface/custom_interface/msg/detail/response_distance_msg__type_support.cpp
[1.405s] -- Up-to-date: /home/felix/robo/robo_ai_turku_2025/install/custom_interface/include/custom_interface/custom_interface/msg/detail/task_msg__type_support.cpp
[1.406s] -- Up-to-date: /home/felix/robo/robo_ai_turku_2025/install/custom_interface/include/custom_interface/custom_interface/msg/detail/response_distance_msg__rosidl_typesupport_introspection_cpp.hpp
[1.406s] -- Up-to-date: /home/felix/robo/robo_ai_turku_2025/install/custom_interface/include/custom_interface/custom_interface/msg/detail/count__type_support.cpp
[1.406s] -- Up-to-date: /home/felix/robo/robo_ai_turku_2025/install/custom_interface/include/custom_interface/custom_interface/action
[1.407s] -- Up-to-date: /home/felix/robo/robo_ai_turku_2025/install/custom_interface/include/custom_interface/custom_interface/action/detail
[1.407s] -- Up-to-date: /home/felix/robo/robo_ai_turku_2025/install/custom_interface/include/custom_interface/custom_interface/action/detail/countdown__rosidl_typesupport_introspection_cpp.hpp
[1.407s] -- Up-to-date: /home/felix/robo/robo_ai_turku_2025/install/custom_interface/include/custom_interface/custom_interface/action/detail/countdown__type_support.cpp
[1.407s] -- Up-to-date: /home/felix/robo/robo_ai_turku_2025/install/custom_interface/include/custom_interface/custom_interface/srv
[1.407s] -- Up-to-date: /home/felix/robo/robo_ai_turku_2025/install/custom_interface/include/custom_interface/custom_interface/srv/detail
[1.408s] -- Up-to-date: /home/felix/robo/robo_ai_turku_2025/install/custom_interface/include/custom_interface/custom_interface/srv/detail/cancel_request__rosidl_typesupport_introspection_cpp.hpp
[1.408s] -- Up-to-date: /home/felix/robo/robo_ai_turku_2025/install/custom_interface/include/custom_interface/custom_interface/srv/detail/calculate_distance__rosidl_typesupport_introspection_cpp.hpp
[1.408s] -- Up-to-date: /home/felix/robo/robo_ai_turku_2025/install/custom_interface/include/custom_interface/custom_interface/srv/detail/calculate_distance__type_support.cpp
[1.408s] -- Up-to-date: /home/felix/robo/robo_ai_turku_2025/install/custom_interface/include/custom_interface/custom_interface/srv/detail/cancel_request__type_support.cpp
[1.409s] -- Up-to-date: /home/felix/robo/robo_ai_turku_2025/install/custom_interface/lib/libcustom_interface__rosidl_typesupport_introspection_cpp.so
[1.415s] -- Up-to-date: /home/felix/robo/robo_ai_turku_2025/install/custom_interface/lib/libcustom_interface__rosidl_typesupport_cpp.so
[1.415s] -- Up-to-date: /home/felix/robo/robo_ai_turku_2025/install/custom_interface/share/custom_interface/environment/pythonpath.sh
[1.415s] -- Up-to-date: /home/felix/robo/robo_ai_turku_2025/install/custom_interface/share/custom_interface/environment/pythonpath.dsv
[1.416s] -- Up-to-date: /home/felix/robo/robo_ai_turku_2025/install/custom_interface/local/lib/python3.10/dist-packages/custom_interface-0.0.0-py3.10.egg-info
[1.416s] -- Installing: /home/felix/robo/robo_ai_turku_2025/install/custom_interface/local/lib/python3.10/dist-packages/custom_interface-0.0.0-py3.10.egg-info/dependency_links.txt
[1.416s] -- Installing: /home/felix/robo/robo_ai_turku_2025/install/custom_interface/local/lib/python3.10/dist-packages/custom_interface-0.0.0-py3.10.egg-info/PKG-INFO
[1.417s] -- Installing: /home/felix/robo/robo_ai_turku_2025/install/custom_interface/local/lib/python3.10/dist-packages/custom_interface-0.0.0-py3.10.egg-info/SOURCES.txt
[1.417s] -- Installing: /home/felix/robo/robo_ai_turku_2025/install/custom_interface/local/lib/python3.10/dist-packages/custom_interface-0.0.0-py3.10.egg-info/top_level.txt
[1.417s] -- Up-to-date: /home/felix/robo/robo_ai_turku_2025/install/custom_interface/local/lib/python3.10/dist-packages/custom_interface
[1.418s] -- Up-to-date: /home/felix/robo/robo_ai_turku_2025/install/custom_interface/local/lib/python3.10/dist-packages/custom_interface/_custom_interface_s.ep.rosidl_typesupport_fastrtps_c.c
[1.418s] -- Up-to-date: /home/felix/robo/robo_ai_turku_2025/install/custom_interface/local/lib/python3.10/dist-packages/custom_interface/__init__.py
[1.418s] -- Up-to-date: /home/felix/robo/robo_ai_turku_2025/install/custom_interface/local/lib/python3.10/dist-packages/custom_interface/msg
[1.418s] -- Up-to-date: /home/felix/robo/robo_ai_turku_2025/install/custom_interface/local/lib/python3.10/dist-packages/custom_interface/msg/_response_distance_msg.py
[1.418s] -- Up-to-date: /home/felix/robo/robo_ai_turku_2025/install/custom_interface/local/lib/python3.10/dist-packages/custom_interface/msg/_response_distance_msg_s.c
[1.418s] -- Up-to-date: /home/felix/robo/robo_ai_turku_2025/install/custom_interface/local/lib/python3.10/dist-packages/custom_interface/msg/_request_distance_msg.py
[1.418s] -- Up-to-date: /home/felix/robo/robo_ai_turku_2025/install/custom_interface/local/lib/python3.10/dist-packages/custom_interface/msg/__init__.py
[1.418s] -- Up-to-date: /home/felix/robo/robo_ai_turku_2025/install/custom_interface/local/lib/python3.10/dist-packages/custom_interface/msg/_count_s.c
[1.418s] -- Up-to-date: /home/felix/robo/robo_ai_turku_2025/install/custom_interface/local/lib/python3.10/dist-packages/custom_interface/msg/_count.py
[1.418s] -- Up-to-date: /home/felix/robo/robo_ai_turku_2025/install/custom_interface/local/lib/python3.10/dist-packages/custom_interface/msg/_task_msg_s.c
[1.418s] -- Up-to-date: /home/felix/robo/robo_ai_turku_2025/install/custom_interface/local/lib/python3.10/dist-packages/custom_interface/msg/_request_distance_msg_s.c
[1.418s] -- Up-to-date: /home/felix/robo/robo_ai_turku_2025/install/custom_interface/local/lib/python3.10/dist-packages/custom_interface/msg/_task_msg.py
[1.419s] -- Up-to-date: /home/felix/robo/robo_ai_turku_2025/install/custom_interface/local/lib/python3.10/dist-packages/custom_interface/action
[1.419s] -- Up-to-date: /home/felix/robo/robo_ai_turku_2025/install/custom_interface/local/lib/python3.10/dist-packages/custom_interface/action/__init__.py
[1.419s] -- Up-to-date: /home/felix/robo/robo_ai_turku_2025/install/custom_interface/local/lib/python3.10/dist-packages/custom_interface/action/_countdown.py
[1.419s] -- Up-to-date: /home/felix/robo/robo_ai_turku_2025/install/custom_interface/local/lib/python3.10/dist-packages/custom_interface/action/_countdown_s.c
[1.419s] -- Up-to-date: /home/felix/robo/robo_ai_turku_2025/install/custom_interface/local/lib/python3.10/dist-packages/custom_interface/srv
[1.419s] -- Up-to-date: /home/felix/robo/robo_ai_turku_2025/install/custom_interface/local/lib/python3.10/dist-packages/custom_interface/srv/__init__.py
[1.419s] -- Up-to-date: /home/felix/robo/robo_ai_turku_2025/install/custom_interface/local/lib/python3.10/dist-packages/custom_interface/srv/_cancel_request.py
[1.419s] -- Up-to-date: /home/felix/robo/robo_ai_turku_2025/install/custom_interface/local/lib/python3.10/dist-packages/custom_interface/srv/_calculate_distance.py
[1.419s] -- Up-to-date: /home/felix/robo/robo_ai_turku_2025/install/custom_interface/local/lib/python3.10/dist-packages/custom_interface/srv/_cancel_request_s.c
[1.419s] -- Up-to-date: /home/felix/robo/robo_ai_turku_2025/install/custom_interface/local/lib/python3.10/dist-packages/custom_interface/srv/_calculate_distance_s.c
[1.419s] -- Up-to-date: /home/felix/robo/robo_ai_turku_2025/install/custom_interface/local/lib/python3.10/dist-packages/custom_interface/custom_interface_s__rosidl_typesupport_c.cpython-310-x86_64-linux-gnu.so
[1.419s] -- Up-to-date: /home/felix/robo/robo_ai_turku_2025/install/custom_interface/local/lib/python3.10/dist-packages/custom_interface/libcustom_interface__rosidl_generator_py.so
[1.419s] -- Up-to-date: /home/felix/robo/robo_ai_turku_2025/install/custom_interface/local/lib/python3.10/dist-packages/custom_interface/custom_interface_s__rosidl_typesupport_fastrtps_c.cpython-310-x86_64-linux-gnu.so
[1.419s] -- Up-to-date: /home/felix/robo/robo_ai_turku_2025/install/custom_interface/local/lib/python3.10/dist-packages/custom_interface/custom_interface_s__rosidl_typesupport_introspection_c.cpython-310-x86_64-linux-gnu.so
[1.419s] -- Up-to-date: /home/felix/robo/robo_ai_turku_2025/install/custom_interface/local/lib/python3.10/dist-packages/custom_interface/_custom_interface_s.ep.rosidl_typesupport_introspection_c.c
[1.419s] -- Up-to-date: /home/felix/robo/robo_ai_turku_2025/install/custom_interface/local/lib/python3.10/dist-packages/custom_interface/_custom_interface_s.ep.rosidl_typesupport_c.c
[1.473s] Listing '/home/felix/robo/robo_ai_turku_2025/install/custom_interface/local/lib/python3.10/dist-packages/custom_interface'...
[1.473s] Listing '/home/felix/robo/robo_ai_turku_2025/install/custom_interface/local/lib/python3.10/dist-packages/custom_interface/action'...
[1.473s] Listing '/home/felix/robo/robo_ai_turku_2025/install/custom_interface/local/lib/python3.10/dist-packages/custom_interface/msg'...
[1.473s] Listing '/home/felix/robo/robo_ai_turku_2025/install/custom_interface/local/lib/python3.10/dist-packages/custom_interface/srv'...
[1.480s] -- Up-to-date: /home/felix/robo/robo_ai_turku_2025/install/custom_interface/local/lib/python3.10/dist-packages/custom_interface/custom_interface_s__rosidl_typesupport_fastrtps_c.cpython-310-x86_64-linux-gnu.so
[1.482s] -- Up-to-date: /home/felix/robo/robo_ai_turku_2025/install/custom_interface/local/lib/python3.10/dist-packages/custom_interface/custom_interface_s__rosidl_typesupport_introspection_c.cpython-310-x86_64-linux-gnu.so
[1.482s] -- Up-to-date: /home/felix/robo/robo_ai_turku_2025/install/custom_interface/local/lib/python3.10/dist-packages/custom_interface/custom_interface_s__rosidl_typesupport_c.cpython-310-x86_64-linux-gnu.so
[1.483s] -- Up-to-date: /home/felix/robo/robo_ai_turku_2025/install/custom_interface/lib/libcustom_interface__rosidl_generator_py.so
[1.483s] -- Up-to-date: /home/felix/robo/robo_ai_turku_2025/install/custom_interface/share/custom_interface/msg/TaskMsg.idl
[1.483s] -- Up-to-date: /home/felix/robo/robo_ai_turku_2025/install/custom_interface/share/custom_interface/msg/RequestDistanceMsg.idl
[1.483s] -- Up-to-date: /home/felix/robo/robo_ai_turku_2025/install/custom_interface/share/custom_interface/msg/ResponseDistanceMsg.idl
[1.483s] -- Up-to-date: /home/felix/robo/robo_ai_turku_2025/install/custom_interface/share/custom_interface/srv/CalculateDistance.idl
[1.484s] -- Up-to-date: /home/felix/robo/robo_ai_turku_2025/install/custom_interface/share/custom_interface/srv/CancelRequest.idl
[1.484s] -- Up-to-date: /home/felix/robo/robo_ai_turku_2025/install/custom_interface/share/custom_interface/action/Countdown.idl
[1.484s] -- Up-to-date: /home/felix/robo/robo_ai_turku_2025/install/custom_interface/share/custom_interface/msg/Count.idl
[1.484s] -- Up-to-date: /home/felix/robo/robo_ai_turku_2025/install/custom_interface/share/custom_interface/msg/TaskMsg.msg
[1.485s] -- Up-to-date: /home/felix/robo/robo_ai_turku_2025/install/custom_interface/share/custom_interface/msg/RequestDistanceMsg.msg
[1.485s] -- Up-to-date: /home/felix/robo/robo_ai_turku_2025/install/custom_interface/share/custom_interface/msg/ResponseDistanceMsg.msg
[1.485s] -- Up-to-date: /home/felix/robo/robo_ai_turku_2025/install/custom_interface/share/custom_interface/srv/CalculateDistance.srv
[1.485s] -- Up-to-date: /home/felix/robo/robo_ai_turku_2025/install/custom_interface/share/custom_interface/srv/CalculateDistance_Request.msg
[1.485s] -- Up-to-date: /home/felix/robo/robo_ai_turku_2025/install/custom_interface/share/custom_interface/srv/CalculateDistance_Response.msg
[1.485s] -- Up-to-date: /home/felix/robo/robo_ai_turku_2025/install/custom_interface/share/custom_interface/srv/CancelRequest.srv
[1.485s] -- Up-to-date: /home/felix/robo/robo_ai_turku_2025/install/custom_interface/share/custom_interface/srv/CancelRequest_Request.msg
[1.485s] -- Up-to-date: /home/felix/robo/robo_ai_turku_2025/install/custom_interface/share/custom_interface/srv/CancelRequest_Response.msg
[1.485s] -- Up-to-date: /home/felix/robo/robo_ai_turku_2025/install/custom_interface/share/custom_interface/action/Countdown.action
[1.485s] -- Up-to-date: /home/felix/robo/robo_ai_turku_2025/install/custom_interface/share/custom_interface/msg/Count.msg
[1.485s] -- Up-to-date: /home/felix/robo/robo_ai_turku_2025/install/custom_interface/share/ament_index/resource_index/package_run_dependencies/custom_interface
[1.485s] -- Up-to-date: /home/felix/robo/robo_ai_turku_2025/install/custom_interface/share/ament_index/resource_index/parent_prefix_path/custom_interface
[1.486s] -- Up-to-date: /home/felix/robo/robo_ai_turku_2025/install/custom_interface/share/custom_interface/environment/ament_prefix_path.sh
[1.486s] -- Up-to-date: /home/felix/robo/robo_ai_turku_2025/install/custom_interface/share/custom_interface/environment/ament_prefix_path.dsv
[1.486s] -- Up-to-date: /home/felix/robo/robo_ai_turku_2025/install/custom_interface/share/custom_interface/environment/path.sh
[1.486s] -- Up-to-date: /home/felix/robo/robo_ai_turku_2025/install/custom_interface/share/custom_interface/environment/path.dsv
[1.486s] -- Up-to-date: /home/felix/robo/robo_ai_turku_2025/install/custom_interface/share/custom_interface/local_setup.bash
[1.487s] -- Up-to-date: /home/felix/robo/robo_ai_turku_2025/install/custom_interface/share/custom_interface/local_setup.sh
[1.487s] -- Up-to-date: /home/felix/robo/robo_ai_turku_2025/install/custom_interface/share/custom_interface/local_setup.zsh
[1.487s] -- Up-to-date: /home/felix/robo/robo_ai_turku_2025/install/custom_interface/share/custom_interface/local_setup.dsv
[1.487s] -- Installing: /home/felix/robo/robo_ai_turku_2025/install/custom_interface/share/custom_interface/package.dsv
[1.487s] -- Up-to-date: /home/felix/robo/robo_ai_turku_2025/install/custom_interface/share/ament_index/resource_index/packages/custom_interface
[1.487s] -- Up-to-date: /home/felix/robo/robo_ai_turku_2025/install/custom_interface/share/custom_interface/cmake/export_custom_interface__rosidl_generator_cExport.cmake
[1.487s] -- Up-to-date: /home/felix/robo/robo_ai_turku_2025/install/custom_interface/share/custom_interface/cmake/export_custom_interface__rosidl_generator_cExport-noconfig.cmake
[1.487s] -- Up-to-date: /home/felix/robo/robo_ai_turku_2025/install/custom_interface/share/custom_interface/cmake/export_custom_interface__rosidl_typesupport_fastrtps_cExport.cmake
[1.487s] -- Up-to-date: /home/felix/robo/robo_ai_turku_2025/install/custom_interface/share/custom_interface/cmake/export_custom_interface__rosidl_typesupport_fastrtps_cExport-noconfig.cmake
[1.488s] -- Up-to-date: /home/felix/robo/robo_ai_turku_2025/install/custom_interface/share/custom_interface/cmake/export_custom_interface__rosidl_generator_cppExport.cmake
[1.489s] -- Up-to-date: /home/felix/robo/robo_ai_turku_2025/install/custom_interface/share/custom_interface/cmake/export_custom_interface__rosidl_typesupport_fastrtps_cppExport.cmake
[1.489s] -- Up-to-date: /home/felix/robo/robo_ai_turku_2025/install/custom_interface/share/custom_interface/cmake/export_custom_interface__rosidl_typesupport_fastrtps_cppExport-noconfig.cmake
[1.490s] -- Up-to-date: /home/felix/robo/robo_ai_turku_2025/install/custom_interface/share/custom_interface/cmake/custom_interface__rosidl_typesupport_introspection_cExport.cmake
[1.490s] -- Up-to-date: /home/felix/robo/robo_ai_turku_2025/install/custom_interface/share/custom_interface/cmake/custom_interface__rosidl_typesupport_introspection_cExport-noconfig.cmake
[1.491s] -- Up-to-date: /home/felix/robo/robo_ai_turku_2025/install/custom_interface/share/custom_interface/cmake/custom_interface__rosidl_typesupport_cExport.cmake
[1.491s] -- Up-to-date: /home/felix/robo/robo_ai_turku_2025/install/custom_interface/share/custom_interface/cmake/custom_interface__rosidl_typesupport_cExport-noconfig.cmake
[1.492s] -- Up-to-date: /home/felix/robo/robo_ai_turku_2025/install/custom_interface/share/custom_interface/cmake/custom_interface__rosidl_typesupport_introspection_cppExport.cmake
[1.492s] -- Up-to-date: /home/felix/robo/robo_ai_turku_2025/install/custom_interface/share/custom_interface/cmake/custom_interface__rosidl_typesupport_introspection_cppExport-noconfig.cmake
[1.493s] -- Up-to-date: /home/felix/robo/robo_ai_turku_2025/install/custom_interface/share/custom_interface/cmake/custom_interface__rosidl_typesupport_cppExport.cmake
[1.493s] -- Up-to-date: /home/felix/robo/robo_ai_turku_2025/install/custom_interface/share/custom_interface/cmake/custom_interface__rosidl_typesupport_cppExport-noconfig.cmake
[1.495s] -- Up-to-date: /home/felix/robo/robo_ai_turku_2025/install/custom_interface/share/custom_interface/cmake/export_custom_interface__rosidl_generator_pyExport.cmake
[1.495s] -- Up-to-date: /home/felix/robo/robo_ai_turku_2025/install/custom_interface/share/custom_interface/cmake/export_custom_interface__rosidl_generator_pyExport-noconfig.cmake
[1.495s] -- Up-to-date: /home/felix/robo/robo_ai_turku_2025/install/custom_interface/share/custom_interface/cmake/rosidl_cmake-extras.cmake
[1.495s] -- Up-to-date: /home/felix/robo/robo_ai_turku_2025/install/custom_interface/share/custom_interface/cmake/ament_cmake_export_dependencies-extras.cmake
[1.495s] -- Up-to-date: /home/felix/robo/robo_ai_turku_2025/install/custom_interface/share/custom_interface/cmake/ament_cmake_export_include_directories-extras.cmake
[1.495s] -- Up-to-date: /home/felix/robo/robo_ai_turku_2025/install/custom_interface/share/custom_interface/cmake/ament_cmake_export_libraries-extras.cmake
[1.496s] -- Up-to-date: /home/felix/robo/robo_ai_turku_2025/install/custom_interface/share/custom_interface/cmake/ament_cmake_export_targets-extras.cmake
[1.496s] -- Up-to-date: /home/felix/robo/robo_ai_turku_2025/install/custom_interface/share/custom_interface/cmake/rosidl_cmake_export_typesupport_targets-extras.cmake
[1.496s] -- Up-to-date: /home/felix/robo/robo_ai_turku_2025/install/custom_interface/share/custom_interface/cmake/rosidl_cmake_export_typesupport_libraries-extras.cmake
[1.496s] -- Up-to-date: /home/felix/robo/robo_ai_turku_2025/install/custom_interface/share/custom_interface/cmake/custom_interfaceConfig.cmake
[1.496s] -- Up-to-date: /home/felix/robo/robo_ai_turku_2025/install/custom_interface/share/custom_interface/cmake/custom_interfaceConfig-version.cmake
[1.496s] -- Up-to-date: /home/felix/robo/robo_ai_turku_2025/install/custom_interface/share/custom_interface/package.xml
[1.500s] Invoked command in '/home/felix/robo/robo_ai_turku_2025/build/custom_interface' returned '0': CMAKE_PREFIX_PATH=${CMAKE_PREFIX_PATH}:/home/felix/robo/robo_ai_turku_2025/install/task1:/home/felix/robo/robo_ai_turku_2025/install/lab1_bringup:/home/felix/robo/robo_ai_turku_2025/install/lab01_task05:/home/felix/robo/robo_ai_turku_2025/install/lab01_task03:/home/felix/robo/robo_ai_turku_2025/install/lab01_task02:/home/felix/robo/robo_ai_turku_2025/install/lab01_task01:/home/felix/robo/robo_ai_turku_2025/ros2_ws/install/lab01_task05:/home/felix/robo/robo_ai_turku_2025/ros2_ws/install/lab01_task03:/home/felix/robo/robo_ai_turku_2025/ros2_ws/install/lab01_task02:/home/felix/robo/robo_ai_turku_2025/ros2_ws/install/lab01_task01:/home/felix/robo/robo_ai_turku_2025/ros2_ws/install/lab1_bringup:/home/felix/robo/robo_ai_turku_2025/ros2_ws/install/task1:/opt/ros/humble /usr/bin/cmake --install /home/felix/robo/robo_ai_turku_2025/build/custom_interface
