[0.048s] Invoking command in '/home/felix/robo/robo_ai_turku_2025/build/custom_interface': CMAKE_PREFIX_PATH=${CMAKE_PREFIX_PATH}:/home/felix/robo/robo_ai_turku_2025/install/task1:/home/felix/robo/robo_ai_turku_2025/install/lab1_bringup:/home/felix/robo/robo_ai_turku_2025/install/lab01_task05:/home/felix/robo/robo_ai_turku_2025/install/lab01_task03:/home/felix/robo/robo_ai_turku_2025/install/lab01_task02:/home/felix/robo/robo_ai_turku_2025/install/lab01_task01:/home/felix/robo/robo_ai_turku_2025/ros2_ws/install/lab01_task05:/home/felix/robo/robo_ai_turku_2025/ros2_ws/install/lab01_task03:/home/felix/robo/robo_ai_turku_2025/ros2_ws/install/lab01_task02:/home/felix/robo/robo_ai_turku_2025/ros2_ws/install/lab01_task01:/home/felix/robo/robo_ai_turku_2025/ros2_ws/install/lab1_bringup:/home/felix/robo/robo_ai_turku_2025/ros2_ws/install/task1:/opt/ros/humble /usr/bin/cmake --build /home/felix/robo/robo_ai_turku_2025/build/custom_interface -- -j22 -l22
[0.845s] [  1%] Built target custom_interface__cpp
[0.845s] [ 12%] Built target custom_interface__rosidl_generator_c
[0.845s] [ 24%] Built target custom_interface__rosidl_typesupport_introspection_cpp
[0.845s] [ 35%] Built target custom_interface__rosidl_typesupport_cpp
[0.845s] [ 46%] Built target custom_interface__rosidl_typesupport_c
[0.846s] [ 48%] Built target ament_cmake_python_copy_custom_interface
[0.846s] [ 58%] Built target custom_interface__rosidl_typesupport_fastrtps_cpp
[0.846s] [ 69%] Built target custom_interface__rosidl_typesupport_introspection_c
[0.846s] [ 81%] Built target custom_interface__rosidl_typesupport_fastrtps_c
[0.846s] [ 81%] Built target custom_interface
[0.847s] [ 82%] Built target custom_interface__py
[0.847s] [ 92%] Built target custom_interface__rosidl_generator_py
[0.847s] [ 97%] Built target custom_interface__rosidl_typesupport_c__pyext
[0.847s] [ 97%] Built target custom_interface__rosidl_typesupport_fastrtps_c__pyext
[0.847s] [100%] Built target custom_interface__rosidl_typesupport_introspection_c__pyext
[0.847s] running egg_info
[0.847s] writing custom_interface.egg-info/PKG-INFO
[0.847s] writing dependency_links to custom_interface.egg-info/dependency_links.txt
[0.847s] writing top-level names to custom_interface.egg-info/top_level.txt
[0.847s] reading manifest file 'custom_interface.egg-info/SOURCES.txt'
[0.848s] writing manifest file 'custom_interface.egg-info/SOURCES.txt'
[0.848s] [100%] Built target ament_cmake_python_build_custom_interface_egg
[0.855s] Invoked command in '/home/felix/robo/robo_ai_turku_2025/build/custom_interface' returned '0': CMAKE_PREFIX_PATH=${CMAKE_PREFIX_PATH}:/home/felix/robo/robo_ai_turku_2025/install/task1:/home/felix/robo/robo_ai_turku_2025/install/lab1_bringup:/home/felix/robo/robo_ai_turku_2025/install/lab01_task05:/home/felix/robo/robo_ai_turku_2025/install/lab01_task03:/home/felix/robo/robo_ai_turku_2025/install/lab01_task02:/home/felix/robo/robo_ai_turku_2025/install/lab01_task01:/home/felix/robo/robo_ai_turku_2025/ros2_ws/install/lab01_task05:/home/felix/robo/robo_ai_turku_2025/ros2_ws/install/lab01_task03:/home/felix/robo/robo_ai_turku_2025/ros2_ws/install/lab01_task02:/home/felix/robo/robo_ai_turku_2025/ros2_ws/install/lab01_task01:/home/felix/robo/robo_ai_turku_2025/ros2_ws/install/lab1_bringup:/home/felix/robo/robo_ai_turku_2025/ros2_ws/install/task1:/opt/ros/humble /usr/bin/cmake --build /home/felix/robo/robo_ai_turku_2025/build/custom_interface -- -j22 -l22
[0.871s] Invoking command in '/home/felix/robo/robo_ai_turku_2025/build/custom_interface': CMAKE_PREFIX_PATH=${CMAKE_PREFIX_PATH}:/home/felix/robo/robo_ai_turku_2025/install/task1:/home/felix/robo/robo_ai_turku_2025/install/lab1_bringup:/home/felix/robo/robo_ai_turku_2025/install/lab01_task05:/home/felix/robo/robo_ai_turku_2025/install/lab01_task03:/home/felix/robo/robo_ai_turku_2025/install/lab01_task02:/home/felix/robo/robo_ai_turku_2025/install/lab01_task01:/home/felix/robo/robo_ai_turku_2025/ros2_ws/install/lab01_task05:/home/felix/robo/robo_ai_turku_2025/ros2_ws/install/lab01_task03:/home/felix/robo/robo_ai_turku_2025/ros2_ws/install/lab01_task02:/home/felix/robo/robo_ai_turku_2025/ros2_ws/install/lab01_task01:/home/felix/robo/robo_ai_turku_2025/ros2_ws/install/lab1_bringup:/home/felix/robo/robo_ai_turku_2025/ros2_ws/install/task1:/opt/ros/humble /usr/bin/cmake --install /home/felix/robo/robo_ai_turku_2025/build/custom_interface
[0.878s] -- Install configuration: ""
[0.878s] -- Up-to-date: /home/felix/robo/robo_ai_turku_2025/install/custom_interface/share/ament_index/resource_index/rosidl_interfaces/custom_interface
[0.878s] -- Up-to-date: /home/felix/robo/robo_ai_turku_2025/install/custom_interface/include/custom_interface/custom_interface
[0.879s] -- Up-to-date: /home/felix/robo/robo_ai_turku_2025/install/custom_interface/include/custom_interface/custom_interface/msg
[0.879s] -- Up-to-date: /home/felix/robo/robo_ai_turku_2025/install/custom_interface/include/custom_interface/custom_interface/msg/count.h
[0.879s] -- Up-to-date: /home/felix/robo/robo_ai_turku_2025/install/custom_interface/include/custom_interface/custom_interface/msg/task_msg.h
[0.879s] -- Up-to-date: /home/felix/robo/robo_ai_turku_2025/install/custom_interface/include/custom_interface/custom_interface/msg/request_distance_msg.h
[0.879s] -- Up-to-date: /home/felix/robo/robo_ai_turku_2025/install/custom_interface/include/custom_interface/custom_interface/msg/rosidl_generator_c__visibility_control.h
[0.880s] -- Up-to-date: /home/felix/robo/robo_ai_turku_2025/install/custom_interface/include/custom_interface/custom_interface/msg/response_distance_msg.h
[0.880s] -- Up-to-date: /home/felix/robo/robo_ai_turku_2025/install/custom_interface/include/custom_interface/custom_interface/msg/detail
[0.880s] -- Up-to-date: /home/felix/robo/robo_ai_turku_2025/install/custom_interface/include/custom_interface/custom_interface/msg/detail/response_distance_msg__functions.c
[0.880s] -- Up-to-date: /home/felix/robo/robo_ai_turku_2025/install/custom_interface/include/custom_interface/custom_interface/msg/detail/response_distance_msg__type_support.h
[0.880s] -- Up-to-date: /home/felix/robo/robo_ai_turku_2025/install/custom_interface/include/custom_interface/custom_interface/msg/detail/task_msg__struct.h
[0.880s] -- Up-to-date: /home/felix/robo/robo_ai_turku_2025/install/custom_interface/include/custom_interface/custom_interface/msg/detail/count__functions.h
[0.880s] -- Up-to-date: /home/felix/robo/robo_ai_turku_2025/install/custom_interface/include/custom_interface/custom_interface/msg/detail/request_distance_msg__struct.h
[0.880s] -- Up-to-date: /home/felix/robo/robo_ai_turku_2025/install/custom_interface/include/custom_interface/custom_interface/msg/detail/request_distance_msg__functions.h
[0.880s] -- Up-to-date: /home/felix/robo/robo_ai_turku_2025/install/custom_interface/include/custom_interface/custom_interface/msg/detail/count__struct.h
[0.880s] -- Up-to-date: /home/felix/robo/robo_ai_turku_2025/install/custom_interface/include/custom_interface/custom_interface/msg/detail/response_distance_msg__functions.h
[0.880s] -- Up-to-date: /home/felix/robo/robo_ai_turku_2025/install/custom_interface/include/custom_interface/custom_interface/msg/detail/count__functions.c
[0.880s] -- Up-to-date: /home/felix/robo/robo_ai_turku_2025/install/custom_interface/include/custom_interface/custom_interface/msg/detail/task_msg__functions.c
[0.880s] -- Up-to-date: /home/felix/robo/robo_ai_turku_2025/install/custom_interface/include/custom_interface/custom_interface/msg/detail/task_msg__functions.h
[0.880s] -- Up-to-date: /home/felix/robo/robo_ai_turku_2025/install/custom_interface/include/custom_interface/custom_interface/msg/detail/task_msg__type_support.h
[0.880s] -- Up-to-date: /home/felix/robo/robo_ai_turku_2025/install/custom_interface/include/custom_interface/custom_interface/msg/detail/response_distance_msg__struct.h
[0.880s] -- Up-to-date: /home/felix/robo/robo_ai_turku_2025/install/custom_interface/include/custom_interface/custom_interface/msg/detail/request_distance_msg__functions.c
[0.880s] -- Up-to-date: /home/felix/robo/robo_ai_turku_2025/install/custom_interface/include/custom_interface/custom_interface/msg/detail/request_distance_msg__type_support.h
[0.880s] -- Up-to-date: /home/felix/robo/robo_ai_turku_2025/install/custom_interface/include/custom_interface/custom_interface/msg/detail/count__type_support.h
[0.881s] -- Up-to-date: /home/felix/robo/robo_ai_turku_2025/install/custom_interface/include/custom_interface/custom_interface/action
[0.881s] -- Up-to-date: /home/felix/robo/robo_ai_turku_2025/install/custom_interface/include/custom_interface/custom_interface/action/countdown.h
[0.881s] -- Up-to-date: /home/felix/robo/robo_ai_turku_2025/install/custom_interface/include/custom_interface/custom_interface/action/detail
[0.881s] -- Up-to-date: /home/felix/robo/robo_ai_turku_2025/install/custom_interface/include/custom_interface/custom_interface/action/detail/countdown__type_support.h
[0.881s] -- Up-to-date: /home/felix/robo/robo_ai_turku_2025/install/custom_interface/include/custom_interface/custom_interface/action/detail/countdown__functions.c
[0.881s] -- Up-to-date: /home/felix/robo/robo_ai_turku_2025/install/custom_interface/include/custom_interface/custom_interface/action/detail/countdown__functions.h
[0.881s] -- Up-to-date: /home/felix/robo/robo_ai_turku_2025/install/custom_interface/include/custom_interface/custom_interface/action/detail/countdown__struct.h
[0.881s] -- Up-to-date: /home/felix/robo/robo_ai_turku_2025/install/custom_interface/include/custom_interface/custom_interface/srv
[0.881s] -- Up-to-date: /home/felix/robo/robo_ai_turku_2025/install/custom_interface/include/custom_interface/custom_interface/srv/calculate_distance.h
[0.881s] -- Up-to-date: /home/felix/robo/robo_ai_turku_2025/install/custom_interface/include/custom_interface/custom_interface/srv/cancel_request.h
[0.881s] -- Up-to-date: /home/felix/robo/robo_ai_turku_2025/install/custom_interface/include/custom_interface/custom_interface/srv/detail
[0.881s] -- Up-to-date: /home/felix/robo/robo_ai_turku_2025/install/custom_interface/include/custom_interface/custom_interface/srv/detail/cancel_request__functions.c
[0.881s] -- Up-to-date: /home/felix/robo/robo_ai_turku_2025/install/custom_interface/include/custom_interface/custom_interface/srv/detail/cancel_request__type_support.h
[0.881s] -- Up-to-date: /home/felix/robo/robo_ai_turku_2025/install/custom_interface/include/custom_interface/custom_interface/srv/detail/calculate_distance__functions.c
[0.881s] -- Up-to-date: /home/felix/robo/robo_ai_turku_2025/install/custom_interface/include/custom_interface/custom_interface/srv/detail/cancel_request__struct.h
[0.881s] -- Up-to-date: /home/felix/robo/robo_ai_turku_2025/install/custom_interface/include/custom_interface/custom_interface/srv/detail/calculate_distance__type_support.h
[0.881s] -- Up-to-date: /home/felix/robo/robo_ai_turku_2025/install/custom_interface/include/custom_interface/custom_interface/srv/detail/cancel_request__functions.h
[0.881s] -- Up-to-date: /home/felix/robo/robo_ai_turku_2025/install/custom_interface/include/custom_interface/custom_interface/srv/detail/calculate_distance__functions.h
[0.881s] -- Up-to-date: /home/felix/robo/robo_ai_turku_2025/install/custom_interface/include/custom_interface/custom_interface/srv/detail/calculate_distance__struct.h
[0.881s] -- Up-to-date: /home/felix/robo/robo_ai_turku_2025/install/custom_interface/share/custom_interface/environment/library_path.sh
[0.881s] -- Up-to-date: /home/felix/robo/robo_ai_turku_2025/install/custom_interface/share/custom_interface/environment/library_path.dsv
[0.882s] -- Up-to-date: /home/felix/robo/robo_ai_turku_2025/install/custom_interface/lib/libcustom_interface__rosidl_generator_c.so
[0.882s] -- Up-to-date: /home/felix/robo/robo_ai_turku_2025/install/custom_interface/include/custom_interface/custom_interface
[0.883s] -- Up-to-date: /home/felix/robo/robo_ai_turku_2025/install/custom_interface/include/custom_interface/custom_interface/msg
[0.883s] -- Up-to-date: /home/felix/robo/robo_ai_turku_2025/install/custom_interface/include/custom_interface/custom_interface/msg/detail
[0.884s] -- Up-to-date: /home/felix/robo/robo_ai_turku_2025/install/custom_interface/include/custom_interface/custom_interface/msg/detail/task_msg__rosidl_typesupport_fastrtps_c.h
[0.884s] -- Up-to-date: /home/felix/robo/robo_ai_turku_2025/install/custom_interface/include/custom_interface/custom_interface/msg/detail/request_distance_msg__rosidl_typesupport_fastrtps_c.h
[0.884s] -- Up-to-date: /home/felix/robo/robo_ai_turku_2025/install/custom_interface/include/custom_interface/custom_interface/msg/detail/count__rosidl_typesupport_fastrtps_c.h
[0.884s] -- Up-to-date: /home/felix/robo/robo_ai_turku_2025/install/custom_interface/include/custom_interface/custom_interface/msg/detail/response_distance_msg__rosidl_typesupport_fastrtps_c.h
[0.884s] -- Up-to-date: /home/felix/robo/robo_ai_turku_2025/install/custom_interface/include/custom_interface/custom_interface/msg/rosidl_typesupport_fastrtps_c__visibility_control.h
[0.884s] -- Up-to-date: /home/felix/robo/robo_ai_turku_2025/install/custom_interface/include/custom_interface/custom_interface/action
[0.884s] -- Up-to-date: /home/felix/robo/robo_ai_turku_2025/install/custom_interface/include/custom_interface/custom_interface/action/detail
[0.884s] -- Up-to-date: /home/felix/robo/robo_ai_turku_2025/install/custom_interface/include/custom_interface/custom_interface/action/detail/countdown__rosidl_typesupport_fastrtps_c.h
[0.884s] -- Up-to-date: /home/felix/robo/robo_ai_turku_2025/install/custom_interface/include/custom_interface/custom_interface/srv
[0.884s] -- Up-to-date: /home/felix/robo/robo_ai_turku_2025/install/custom_interface/include/custom_interface/custom_interface/srv/detail
[0.884s] -- Up-to-date: /home/felix/robo/robo_ai_turku_2025/install/custom_interface/include/custom_interface/custom_interface/srv/detail/cancel_request__rosidl_typesupport_fastrtps_c.h
[0.884s] -- Up-to-date: /home/felix/robo/robo_ai_turku_2025/install/custom_interface/include/custom_interface/custom_interface/srv/detail/calculate_distance__rosidl_typesupport_fastrtps_c.h
[0.885s] -- Up-to-date: /home/felix/robo/robo_ai_turku_2025/install/custom_interface/lib/libcustom_interface__rosidl_typesupport_fastrtps_c.so
[0.885s] -- Up-to-date: /home/felix/robo/robo_ai_turku_2025/install/custom_interface/include/custom_interface/custom_interface
[0.885s] -- Up-to-date: /home/felix/robo/robo_ai_turku_2025/install/custom_interface/include/custom_interface/custom_interface/msg
[0.886s] -- Up-to-date: /home/felix/robo/robo_ai_turku_2025/install/custom_interface/include/custom_interface/custom_interface/msg/request_distance_msg.hpp
[0.886s] -- Up-to-date: /home/felix/robo/robo_ai_turku_2025/install/custom_interface/include/custom_interface/custom_interface/msg/count.hpp
[0.886s] -- Up-to-date: /home/felix/robo/robo_ai_turku_2025/install/custom_interface/include/custom_interface/custom_interface/msg/response_distance_msg.hpp
[0.886s] -- Up-to-date: /home/felix/robo/robo_ai_turku_2025/install/custom_interface/include/custom_interface/custom_interface/msg/rosidl_generator_cpp__visibility_control.hpp
[0.886s] -- Up-to-date: /home/felix/robo/robo_ai_turku_2025/install/custom_interface/include/custom_interface/custom_interface/msg/task_msg.hpp
[0.886s] -- Up-to-date: /home/felix/robo/robo_ai_turku_2025/install/custom_interface/include/custom_interface/custom_interface/msg/detail
[0.886s] -- Up-to-date: /home/felix/robo/robo_ai_turku_2025/install/custom_interface/include/custom_interface/custom_interface/msg/detail/request_distance_msg__builder.hpp
[0.886s] -- Up-to-date: /home/felix/robo/robo_ai_turku_2025/install/custom_interface/include/custom_interface/custom_interface/msg/detail/task_msg__traits.hpp
[0.886s] -- Up-to-date: /home/felix/robo/robo_ai_turku_2025/install/custom_interface/include/custom_interface/custom_interface/msg/detail/task_msg__builder.hpp
[0.886s] -- Up-to-date: /home/felix/robo/robo_ai_turku_2025/install/custom_interface/include/custom_interface/custom_interface/msg/detail/request_distance_msg__traits.hpp
[0.886s] -- Up-to-date: /home/felix/robo/robo_ai_turku_2025/install/custom_interface/include/custom_interface/custom_interface/msg/detail/request_distance_msg__struct.hpp
[0.886s] -- Up-to-date: /home/felix/robo/robo_ai_turku_2025/install/custom_interface/include/custom_interface/custom_interface/msg/detail/count__traits.hpp
[0.886s] -- Up-to-date: /home/felix/robo/robo_ai_turku_2025/install/custom_interface/include/custom_interface/custom_interface/msg/detail/response_distance_msg__type_support.hpp
[0.886s] -- Up-to-date: /home/felix/robo/robo_ai_turku_2025/install/custom_interface/include/custom_interface/custom_interface/msg/detail/response_distance_msg__struct.hpp
[0.887s] -- Up-to-date: /home/felix/robo/robo_ai_turku_2025/install/custom_interface/include/custom_interface/custom_interface/msg/detail/response_distance_msg__traits.hpp
[0.887s] -- Up-to-date: /home/felix/robo/robo_ai_turku_2025/install/custom_interface/include/custom_interface/custom_interface/msg/detail/response_distance_msg__builder.hpp
[0.887s] -- Up-to-date: /home/felix/robo/robo_ai_turku_2025/install/custom_interface/include/custom_interface/custom_interface/msg/detail/count__struct.hpp
[0.887s] -- Up-to-date: /home/felix/robo/robo_ai_turku_2025/install/custom_interface/include/custom_interface/custom_interface/msg/detail/count__type_support.hpp
[0.888s] -- Up-to-date: /home/felix/robo/robo_ai_turku_2025/install/custom_interface/include/custom_interface/custom_interface/msg/detail/task_msg__struct.hpp
[0.888s] -- Up-to-date: /home/felix/robo/robo_ai_turku_2025/install/custom_interface/include/custom_interface/custom_interface/msg/detail/count__builder.hpp
[0.888s] -- Up-to-date: /home/felix/robo/robo_ai_turku_2025/install/custom_interface/include/custom_interface/custom_interface/msg/detail/request_distance_msg__type_support.hpp
[0.888s] -- Up-to-date: /home/felix/robo/robo_ai_turku_2025/install/custom_interface/include/custom_interface/custom_interface/msg/detail/task_msg__type_support.hpp
[0.888s] -- Up-to-date: /home/felix/robo/robo_ai_turku_2025/install/custom_interface/include/custom_interface/custom_interface/action
[0.888s] -- Up-to-date: /home/felix/robo/robo_ai_turku_2025/install/custom_interface/include/custom_interface/custom_interface/action/countdown.hpp
[0.888s] -- Up-to-date: /home/felix/robo/robo_ai_turku_2025/install/custom_interface/include/custom_interface/custom_interface/action/detail
[0.888s] -- Up-to-date: /home/felix/robo/robo_ai_turku_2025/install/custom_interface/include/custom_interface/custom_interface/action/detail/countdown__type_support.hpp
[0.888s] -- Up-to-date: /home/felix/robo/robo_ai_turku_2025/install/custom_interface/include/custom_interface/custom_interface/action/detail/countdown__builder.hpp
[0.888s] -- Up-to-date: /home/felix/robo/robo_ai_turku_2025/install/custom_interface/include/custom_interface/custom_interface/action/detail/countdown__struct.hpp
[0.888s] -- Up-to-date: /home/felix/robo/robo_ai_turku_2025/install/custom_interface/include/custom_interface/custom_interface/action/detail/countdown__traits.hpp
[0.888s] -- Up-to-date: /home/felix/robo/robo_ai_turku_2025/install/custom_interface/include/custom_interface/custom_interface/srv
[0.888s] -- Up-to-date: /home/felix/robo/robo_ai_turku_2025/install/custom_interface/include/custom_interface/custom_interface/srv/calculate_distance.hpp
[0.888s] -- Up-to-date: /home/felix/robo/robo_ai_turku_2025/install/custom_interface/include/custom_interface/custom_interface/srv/cancel_request.hpp
[0.888s] -- Up-to-date: /home/felix/robo/robo_ai_turku_2025/install/custom_interface/include/custom_interface/custom_interface/srv/detail
[0.888s] -- Up-to-date: /home/felix/robo/robo_ai_turku_2025/install/custom_interface/include/custom_interface/custom_interface/srv/detail/cancel_request__struct.hpp
[0.889s] -- Up-to-date: /home/felix/robo/robo_ai_turku_2025/install/custom_interface/include/custom_interface/custom_interface/srv/detail/calculate_distance__type_support.hpp
[0.889s] -- Up-to-date: /home/felix/robo/robo_ai_turku_2025/install/custom_interface/include/custom_interface/custom_interface/srv/detail/cancel_request__type_support.hpp
[0.889s] -- Up-to-date: /home/felix/robo/robo_ai_turku_2025/install/custom_interface/include/custom_interface/custom_interface/srv/detail/calculate_distance__builder.hpp
[0.889s] -- Up-to-date: /home/felix/robo/robo_ai_turku_2025/install/custom_interface/include/custom_interface/custom_interface/srv/detail/calculate_distance__traits.hpp
[0.889s] -- Up-to-date: /home/felix/robo/robo_ai_turku_2025/install/custom_interface/include/custom_interface/custom_interface/srv/detail/cancel_request__traits.hpp
[0.889s] -- Up-to-date: /home/felix/robo/robo_ai_turku_2025/install/custom_interface/include/custom_interface/custom_interface/srv/detail/cancel_request__builder.hpp
[0.889s] -- Up-to-date: /home/felix/robo/robo_ai_turku_2025/install/custom_interface/include/custom_interface/custom_interface/srv/detail/calculate_distance__struct.hpp
[0.889s] -- Up-to-date: /home/felix/robo/robo_ai_turku_2025/install/custom_interface/include/custom_interface/custom_interface
[0.889s] -- Up-to-date: /home/felix/robo/robo_ai_turku_2025/install/custom_interface/include/custom_interface/custom_interface/msg
[0.889s] -- Up-to-date: /home/felix/robo/robo_ai_turku_2025/install/custom_interface/include/custom_interface/custom_interface/msg/rosidl_typesupport_fastrtps_cpp__visibility_control.h
[0.889s] -- Up-to-date: /home/felix/robo/robo_ai_turku_2025/install/custom_interface/include/custom_interface/custom_interface/msg/detail
[0.889s] -- Up-to-date: /home/felix/robo/robo_ai_turku_2025/install/custom_interface/include/custom_interface/custom_interface/msg/detail/request_distance_msg__rosidl_typesupport_fastrtps_cpp.hpp
[0.889s] -- Up-to-date: /home/felix/robo/robo_ai_turku_2025/install/custom_interface/include/custom_interface/custom_interface/msg/detail/response_distance_msg__rosidl_typesupport_fastrtps_cpp.hpp
[0.889s] -- Up-to-date: /home/felix/robo/robo_ai_turku_2025/install/custom_interface/include/custom_interface/custom_interface/msg/detail/task_msg__rosidl_typesupport_fastrtps_cpp.hpp
[0.889s] -- Up-to-date: /home/felix/robo/robo_ai_turku_2025/install/custom_interface/include/custom_interface/custom_interface/msg/detail/count__rosidl_typesupport_fastrtps_cpp.hpp
[0.889s] -- Up-to-date: /home/felix/robo/robo_ai_turku_2025/install/custom_interface/include/custom_interface/custom_interface/msg/detail/dds_fastrtps
[0.890s] -- Up-to-date: /home/felix/robo/robo_ai_turku_2025/install/custom_interface/include/custom_interface/custom_interface/action
[0.890s] -- Up-to-date: /home/felix/robo/robo_ai_turku_2025/install/custom_interface/include/custom_interface/custom_interface/action/detail
[0.890s] -- Up-to-date: /home/felix/robo/robo_ai_turku_2025/install/custom_interface/include/custom_interface/custom_interface/action/detail/dds_fastrtps
[0.891s] -- Up-to-date: /home/felix/robo/robo_ai_turku_2025/install/custom_interface/include/custom_interface/custom_interface/action/detail/countdown__rosidl_typesupport_fastrtps_cpp.hpp
[0.891s] -- Up-to-date: /home/felix/robo/robo_ai_turku_2025/install/custom_interface/include/custom_interface/custom_interface/srv
[0.891s] -- Up-to-date: /home/felix/robo/robo_ai_turku_2025/install/custom_interface/include/custom_interface/custom_interface/srv/detail
[0.891s] -- Up-to-date: /home/felix/robo/robo_ai_turku_2025/install/custom_interface/include/custom_interface/custom_interface/srv/detail/cancel_request__rosidl_typesupport_fastrtps_cpp.hpp
[0.891s] -- Up-to-date: /home/felix/robo/robo_ai_turku_2025/install/custom_interface/include/custom_interface/custom_interface/srv/detail/calculate_distance__rosidl_typesupport_fastrtps_cpp.hpp
[0.891s] -- Up-to-date: /home/felix/robo/robo_ai_turku_2025/install/custom_interface/include/custom_interface/custom_interface/srv/detail/dds_fastrtps
[0.893s] -- Up-to-date: /home/felix/robo/robo_ai_turku_2025/install/custom_interface/lib/libcustom_interface__rosidl_typesupport_fastrtps_cpp.so
[0.893s] -- Up-to-date: /home/felix/robo/robo_ai_turku_2025/install/custom_interface/include/custom_interface/custom_interface
[0.893s] -- Up-to-date: /home/felix/robo/robo_ai_turku_2025/install/custom_interface/include/custom_interface/custom_interface/msg
[0.893s] -- Up-to-date: /home/felix/robo/robo_ai_turku_2025/install/custom_interface/include/custom_interface/custom_interface/msg/rosidl_typesupport_introspection_c__visibility_control.h
[0.893s] -- Up-to-date: /home/felix/robo/robo_ai_turku_2025/install/custom_interface/include/custom_interface/custom_interface/msg/detail
[0.894s] -- Up-to-date: /home/felix/robo/robo_ai_turku_2025/install/custom_interface/include/custom_interface/custom_interface/msg/detail/count__rosidl_typesupport_introspection_c.h
[0.894s] -- Up-to-date: /home/felix/robo/robo_ai_turku_2025/install/custom_interface/include/custom_interface/custom_interface/msg/detail/response_distance_msg__rosidl_typesupport_introspection_c.h
[0.894s] -- Up-to-date: /home/felix/robo/robo_ai_turku_2025/install/custom_interface/include/custom_interface/custom_interface/msg/detail/response_distance_msg__type_support.c
[0.894s] -- Up-to-date: /home/felix/robo/robo_ai_turku_2025/install/custom_interface/include/custom_interface/custom_interface/msg/detail/request_distance_msg__rosidl_typesupport_introspection_c.h
[0.894s] -- Up-to-date: /home/felix/robo/robo_ai_turku_2025/install/custom_interface/include/custom_interface/custom_interface/msg/detail/request_distance_msg__type_support.c
[0.894s] -- Up-to-date: /home/felix/robo/robo_ai_turku_2025/install/custom_interface/include/custom_interface/custom_interface/msg/detail/task_msg__rosidl_typesupport_introspection_c.h
[0.894s] -- Up-to-date: /home/felix/robo/robo_ai_turku_2025/install/custom_interface/include/custom_interface/custom_interface/msg/detail/count__type_support.c
[0.894s] -- Up-to-date: /home/felix/robo/robo_ai_turku_2025/install/custom_interface/include/custom_interface/custom_interface/msg/detail/task_msg__type_support.c
[0.894s] -- Up-to-date: /home/felix/robo/robo_ai_turku_2025/install/custom_interface/include/custom_interface/custom_interface/action
[0.894s] -- Up-to-date: /home/felix/robo/robo_ai_turku_2025/install/custom_interface/include/custom_interface/custom_interface/action/detail
[0.894s] -- Up-to-date: /home/felix/robo/robo_ai_turku_2025/install/custom_interface/include/custom_interface/custom_interface/action/detail/countdown__type_support.c
[0.894s] -- Up-to-date: /home/felix/robo/robo_ai_turku_2025/install/custom_interface/include/custom_interface/custom_interface/action/detail/countdown__rosidl_typesupport_introspection_c.h
[0.894s] -- Up-to-date: /home/felix/robo/robo_ai_turku_2025/install/custom_interface/include/custom_interface/custom_interface/srv
[0.895s] -- Up-to-date: /home/felix/robo/robo_ai_turku_2025/install/custom_interface/include/custom_interface/custom_interface/srv/detail
[0.895s] -- Up-to-date: /home/felix/robo/robo_ai_turku_2025/install/custom_interface/include/custom_interface/custom_interface/srv/detail/cancel_request__rosidl_typesupport_introspection_c.h
[0.895s] -- Up-to-date: /home/felix/robo/robo_ai_turku_2025/install/custom_interface/include/custom_interface/custom_interface/srv/detail/cancel_request__type_support.c
[0.895s] -- Up-to-date: /home/felix/robo/robo_ai_turku_2025/install/custom_interface/include/custom_interface/custom_interface/srv/detail/calculate_distance__type_support.c
[0.895s] -- Up-to-date: /home/felix/robo/robo_ai_turku_2025/install/custom_interface/include/custom_interface/custom_interface/srv/detail/calculate_distance__rosidl_typesupport_introspection_c.h
[0.895s] -- Up-to-date: /home/felix/robo/robo_ai_turku_2025/install/custom_interface/lib/libcustom_interface__rosidl_typesupport_introspection_c.so
[0.897s] -- Up-to-date: /home/felix/robo/robo_ai_turku_2025/install/custom_interface/lib/libcustom_interface__rosidl_typesupport_c.so
[0.897s] -- Up-to-date: /home/felix/robo/robo_ai_turku_2025/install/custom_interface/include/custom_interface/custom_interface
[0.897s] -- Up-to-date: /home/felix/robo/robo_ai_turku_2025/install/custom_interface/include/custom_interface/custom_interface/msg
[0.898s] -- Up-to-date: /home/felix/robo/robo_ai_turku_2025/install/custom_interface/include/custom_interface/custom_interface/msg/detail
[0.898s] -- Up-to-date: /home/felix/robo/robo_ai_turku_2025/install/custom_interface/include/custom_interface/custom_interface/msg/detail/request_distance_msg__rosidl_typesupport_introspection_cpp.hpp
[0.898s] -- Up-to-date: /home/felix/robo/robo_ai_turku_2025/install/custom_interface/include/custom_interface/custom_interface/msg/detail/count__rosidl_typesupport_introspection_cpp.hpp
[0.898s] -- Up-to-date: /home/felix/robo/robo_ai_turku_2025/install/custom_interface/include/custom_interface/custom_interface/msg/detail/task_msg__rosidl_typesupport_introspection_cpp.hpp
[0.898s] -- Up-to-date: /home/felix/robo/robo_ai_turku_2025/install/custom_interface/include/custom_interface/custom_interface/msg/detail/request_distance_msg__type_support.cpp
[0.898s] -- Up-to-date: /home/felix/robo/robo_ai_turku_2025/install/custom_interface/include/custom_interface/custom_interface/msg/detail/response_distance_msg__type_support.cpp
[0.898s] -- Up-to-date: /home/felix/robo/robo_ai_turku_2025/install/custom_interface/include/custom_interface/custom_interface/msg/detail/task_msg__type_support.cpp
[0.898s] -- Up-to-date: /home/felix/robo/robo_ai_turku_2025/install/custom_interface/include/custom_interface/custom_interface/msg/detail/response_distance_msg__rosidl_typesupport_introspection_cpp.hpp
[0.898s] -- Up-to-date: /home/felix/robo/robo_ai_turku_2025/install/custom_interface/include/custom_interface/custom_interface/msg/detail/count__type_support.cpp
[0.898s] -- Up-to-date: /home/felix/robo/robo_ai_turku_2025/install/custom_interface/include/custom_interface/custom_interface/action
[0.899s] -- Up-to-date: /home/felix/robo/robo_ai_turku_2025/install/custom_interface/include/custom_interface/custom_interface/action/detail
[0.899s] -- Up-to-date: /home/felix/robo/robo_ai_turku_2025/install/custom_interface/include/custom_interface/custom_interface/action/detail/countdown__rosidl_typesupport_introspection_cpp.hpp
[0.899s] -- Up-to-date: /home/felix/robo/robo_ai_turku_2025/install/custom_interface/include/custom_interface/custom_interface/action/detail/countdown__type_support.cpp
[0.899s] -- Up-to-date: /home/felix/robo/robo_ai_turku_2025/install/custom_interface/include/custom_interface/custom_interface/srv
[0.899s] -- Up-to-date: /home/felix/robo/robo_ai_turku_2025/install/custom_interface/include/custom_interface/custom_interface/srv/detail
[0.900s] -- Up-to-date: /home/felix/robo/robo_ai_turku_2025/install/custom_interface/include/custom_interface/custom_interface/srv/detail/cancel_request__rosidl_typesupport_introspection_cpp.hpp
[0.900s] -- Up-to-date: /home/felix/robo/robo_ai_turku_2025/install/custom_interface/include/custom_interface/custom_interface/srv/detail/calculate_distance__rosidl_typesupport_introspection_cpp.hpp
[0.900s] -- Up-to-date: /home/felix/robo/robo_ai_turku_2025/install/custom_interface/include/custom_interface/custom_interface/srv/detail/calculate_distance__type_support.cpp
[0.900s] -- Up-to-date: /home/felix/robo/robo_ai_turku_2025/install/custom_interface/include/custom_interface/custom_interface/srv/detail/cancel_request__type_support.cpp
[0.901s] -- Up-to-date: /home/felix/robo/robo_ai_turku_2025/install/custom_interface/lib/libcustom_interface__rosidl_typesupport_introspection_cpp.so
[0.904s] -- Up-to-date: /home/felix/robo/robo_ai_turku_2025/install/custom_interface/lib/libcustom_interface__rosidl_typesupport_cpp.so
[0.904s] -- Up-to-date: /home/felix/robo/robo_ai_turku_2025/install/custom_interface/share/custom_interface/environment/pythonpath.sh
[0.904s] -- Up-to-date: /home/felix/robo/robo_ai_turku_2025/install/custom_interface/share/custom_interface/environment/pythonpath.dsv
[0.904s] -- Up-to-date: /home/felix/robo/robo_ai_turku_2025/install/custom_interface/local/lib/python3.10/dist-packages/custom_interface-0.0.0-py3.10.egg-info
[0.904s] -- Installing: /home/felix/robo/robo_ai_turku_2025/install/custom_interface/local/lib/python3.10/dist-packages/custom_interface-0.0.0-py3.10.egg-info/dependency_links.txt
[0.904s] -- Installing: /home/felix/robo/robo_ai_turku_2025/install/custom_interface/local/lib/python3.10/dist-packages/custom_interface-0.0.0-py3.10.egg-info/PKG-INFO
[0.904s] -- Installing: /home/felix/robo/robo_ai_turku_2025/install/custom_interface/local/lib/python3.10/dist-packages/custom_interface-0.0.0-py3.10.egg-info/SOURCES.txt
[0.904s] -- Installing: /home/felix/robo/robo_ai_turku_2025/install/custom_interface/local/lib/python3.10/dist-packages/custom_interface-0.0.0-py3.10.egg-info/top_level.txt
[0.904s] -- Up-to-date: /home/felix/robo/robo_ai_turku_2025/install/custom_interface/local/lib/python3.10/dist-packages/custom_interface
[0.904s] -- Up-to-date: /home/felix/robo/robo_ai_turku_2025/install/custom_interface/local/lib/python3.10/dist-packages/custom_interface/_custom_interface_s.ep.rosidl_typesupport_fastrtps_c.c
[0.904s] -- Up-to-date: /home/felix/robo/robo_ai_turku_2025/install/custom_interface/local/lib/python3.10/dist-packages/custom_interface/__init__.py
[0.904s] -- Up-to-date: /home/felix/robo/robo_ai_turku_2025/install/custom_interface/local/lib/python3.10/dist-packages/custom_interface/msg
[0.904s] -- Up-to-date: /home/felix/robo/robo_ai_turku_2025/install/custom_interface/local/lib/python3.10/dist-packages/custom_interface/msg/_response_distance_msg.py
[0.904s] -- Up-to-date: /home/felix/robo/robo_ai_turku_2025/install/custom_interface/local/lib/python3.10/dist-packages/custom_interface/msg/_response_distance_msg_s.c
[0.904s] -- Up-to-date: /home/felix/robo/robo_ai_turku_2025/install/custom_interface/local/lib/python3.10/dist-packages/custom_interface/msg/_request_distance_msg.py
[0.904s] -- Up-to-date: /home/felix/robo/robo_ai_turku_2025/install/custom_interface/local/lib/python3.10/dist-packages/custom_interface/msg/__init__.py
[0.904s] -- Up-to-date: /home/felix/robo/robo_ai_turku_2025/install/custom_interface/local/lib/python3.10/dist-packages/custom_interface/msg/_count_s.c
[0.904s] -- Up-to-date: /home/felix/robo/robo_ai_turku_2025/install/custom_interface/local/lib/python3.10/dist-packages/custom_interface/msg/_count.py
[0.904s] -- Up-to-date: /home/felix/robo/robo_ai_turku_2025/install/custom_interface/local/lib/python3.10/dist-packages/custom_interface/msg/_task_msg_s.c
[0.904s] -- Up-to-date: /home/felix/robo/robo_ai_turku_2025/install/custom_interface/local/lib/python3.10/dist-packages/custom_interface/msg/_request_distance_msg_s.c
[0.904s] -- Up-to-date: /home/felix/robo/robo_ai_turku_2025/install/custom_interface/local/lib/python3.10/dist-packages/custom_interface/msg/_task_msg.py
[0.904s] -- Up-to-date: /home/felix/robo/robo_ai_turku_2025/install/custom_interface/local/lib/python3.10/dist-packages/custom_interface/action
[0.904s] -- Up-to-date: /home/felix/robo/robo_ai_turku_2025/install/custom_interface/local/lib/python3.10/dist-packages/custom_interface/action/__init__.py
[0.904s] -- Up-to-date: /home/felix/robo/robo_ai_turku_2025/install/custom_interface/local/lib/python3.10/dist-packages/custom_interface/action/_countdown.py
[0.904s] -- Up-to-date: /home/felix/robo/robo_ai_turku_2025/install/custom_interface/local/lib/python3.10/dist-packages/custom_interface/action/_countdown_s.c
[0.904s] -- Up-to-date: /home/felix/robo/robo_ai_turku_2025/install/custom_interface/local/lib/python3.10/dist-packages/custom_interface/srv
[0.904s] -- Up-to-date: /home/felix/robo/robo_ai_turku_2025/install/custom_interface/local/lib/python3.10/dist-packages/custom_interface/srv/__init__.py
[0.904s] -- Up-to-date: /home/felix/robo/robo_ai_turku_2025/install/custom_interface/local/lib/python3.10/dist-packages/custom_interface/srv/_cancel_request.py
[0.904s] -- Up-to-date: /home/felix/robo/robo_ai_turku_2025/install/custom_interface/local/lib/python3.10/dist-packages/custom_interface/srv/_calculate_distance.py
[0.904s] -- Up-to-date: /home/felix/robo/robo_ai_turku_2025/install/custom_interface/local/lib/python3.10/dist-packages/custom_interface/srv/_cancel_request_s.c
[0.904s] -- Up-to-date: /home/felix/robo/robo_ai_turku_2025/install/custom_interface/local/lib/python3.10/dist-packages/custom_interface/srv/_calculate_distance_s.c
[0.904s] -- Up-to-date: /home/felix/robo/robo_ai_turku_2025/install/custom_interface/local/lib/python3.10/dist-packages/custom_interface/custom_interface_s__rosidl_typesupport_c.cpython-310-x86_64-linux-gnu.so
[0.905s] -- Up-to-date: /home/felix/robo/robo_ai_turku_2025/install/custom_interface/local/lib/python3.10/dist-packages/custom_interface/libcustom_interface__rosidl_generator_py.so
[0.905s] -- Up-to-date: /home/felix/robo/robo_ai_turku_2025/install/custom_interface/local/lib/python3.10/dist-packages/custom_interface/custom_interface_s__rosidl_typesupport_fastrtps_c.cpython-310-x86_64-linux-gnu.so
[0.905s] -- Up-to-date: /home/felix/robo/robo_ai_turku_2025/install/custom_interface/local/lib/python3.10/dist-packages/custom_interface/custom_interface_s__rosidl_typesupport_introspection_c.cpython-310-x86_64-linux-gnu.so
[0.905s] -- Up-to-date: /home/felix/robo/robo_ai_turku_2025/install/custom_interface/local/lib/python3.10/dist-packages/custom_interface/_custom_interface_s.ep.rosidl_typesupport_introspection_c.c
[0.905s] -- Up-to-date: /home/felix/robo/robo_ai_turku_2025/install/custom_interface/local/lib/python3.10/dist-packages/custom_interface/_custom_interface_s.ep.rosidl_typesupport_c.c
[0.937s] Listing '/home/felix/robo/robo_ai_turku_2025/install/custom_interface/local/lib/python3.10/dist-packages/custom_interface'...
[0.937s] Listing '/home/felix/robo/robo_ai_turku_2025/install/custom_interface/local/lib/python3.10/dist-packages/custom_interface/action'...
[0.937s] Listing '/home/felix/robo/robo_ai_turku_2025/install/custom_interface/local/lib/python3.10/dist-packages/custom_interface/msg'...
[0.937s] Listing '/home/felix/robo/robo_ai_turku_2025/install/custom_interface/local/lib/python3.10/dist-packages/custom_interface/srv'...
[0.941s] -- Up-to-date: /home/felix/robo/robo_ai_turku_2025/install/custom_interface/local/lib/python3.10/dist-packages/custom_interface/custom_interface_s__rosidl_typesupport_fastrtps_c.cpython-310-x86_64-linux-gnu.so
[0.941s] -- Up-to-date: /home/felix/robo/robo_ai_turku_2025/install/custom_interface/local/lib/python3.10/dist-packages/custom_interface/custom_interface_s__rosidl_typesupport_introspection_c.cpython-310-x86_64-linux-gnu.so
[0.942s] -- Up-to-date: /home/felix/robo/robo_ai_turku_2025/install/custom_interface/local/lib/python3.10/dist-packages/custom_interface/custom_interface_s__rosidl_typesupport_c.cpython-310-x86_64-linux-gnu.so
[0.943s] -- Up-to-date: /home/felix/robo/robo_ai_turku_2025/install/custom_interface/lib/libcustom_interface__rosidl_generator_py.so
[0.943s] -- Up-to-date: /home/felix/robo/robo_ai_turku_2025/install/custom_interface/share/custom_interface/msg/TaskMsg.idl
[0.943s] -- Up-to-date: /home/felix/robo/robo_ai_turku_2025/install/custom_interface/share/custom_interface/msg/RequestDistanceMsg.idl
[0.943s] -- Up-to-date: /home/felix/robo/robo_ai_turku_2025/install/custom_interface/share/custom_interface/msg/ResponseDistanceMsg.idl
[0.943s] -- Up-to-date: /home/felix/robo/robo_ai_turku_2025/install/custom_interface/share/custom_interface/srv/CalculateDistance.idl
[0.943s] -- Up-to-date: /home/felix/robo/robo_ai_turku_2025/install/custom_interface/share/custom_interface/srv/CancelRequest.idl
[0.943s] -- Up-to-date: /home/felix/robo/robo_ai_turku_2025/install/custom_interface/share/custom_interface/action/Countdown.idl
[0.944s] -- Up-to-date: /home/felix/robo/robo_ai_turku_2025/install/custom_interface/share/custom_interface/msg/Count.idl
[0.944s] -- Up-to-date: /home/felix/robo/robo_ai_turku_2025/install/custom_interface/share/custom_interface/msg/TaskMsg.msg
[0.944s] -- Up-to-date: /home/felix/robo/robo_ai_turku_2025/install/custom_interface/share/custom_interface/msg/RequestDistanceMsg.msg
[0.944s] -- Up-to-date: /home/felix/robo/robo_ai_turku_2025/install/custom_interface/share/custom_interface/msg/ResponseDistanceMsg.msg
[0.944s] -- Up-to-date: /home/felix/robo/robo_ai_turku_2025/install/custom_interface/share/custom_interface/srv/CalculateDistance.srv
[0.944s] -- Up-to-date: /home/felix/robo/robo_ai_turku_2025/install/custom_interface/share/custom_interface/srv/CalculateDistance_Request.msg
[0.944s] -- Up-to-date: /home/felix/robo/robo_ai_turku_2025/install/custom_interface/share/custom_interface/srv/CalculateDistance_Response.msg
[0.944s] -- Up-to-date: /home/felix/robo/robo_ai_turku_2025/install/custom_interface/share/custom_interface/srv/CancelRequest.srv
[0.944s] -- Up-to-date: /home/felix/robo/robo_ai_turku_2025/install/custom_interface/share/custom_interface/srv/CancelRequest_Request.msg
[0.944s] -- Up-to-date: /home/felix/robo/robo_ai_turku_2025/install/custom_interface/share/custom_interface/srv/CancelRequest_Response.msg
[0.944s] -- Up-to-date: /home/felix/robo/robo_ai_turku_2025/install/custom_interface/share/custom_interface/action/Countdown.action
[0.944s] -- Up-to-date: /home/felix/robo/robo_ai_turku_2025/install/custom_interface/share/custom_interface/msg/Count.msg
[0.944s] -- Up-to-date: /home/felix/robo/robo_ai_turku_2025/install/custom_interface/share/ament_index/resource_index/package_run_dependencies/custom_interface
[0.944s] -- Up-to-date: /home/felix/robo/robo_ai_turku_2025/install/custom_interface/share/ament_index/resource_index/parent_prefix_path/custom_interface
[0.944s] -- Up-to-date: /home/felix/robo/robo_ai_turku_2025/install/custom_interface/share/custom_interface/environment/ament_prefix_path.sh
[0.944s] -- Up-to-date: /home/felix/robo/robo_ai_turku_2025/install/custom_interface/share/custom_interface/environment/ament_prefix_path.dsv
[0.944s] -- Up-to-date: /home/felix/robo/robo_ai_turku_2025/install/custom_interface/share/custom_interface/environment/path.sh
[0.944s] -- Up-to-date: /home/felix/robo/robo_ai_turku_2025/install/custom_interface/share/custom_interface/environment/path.dsv
[0.944s] -- Up-to-date: /home/felix/robo/robo_ai_turku_2025/install/custom_interface/share/custom_interface/local_setup.bash
[0.944s] -- Up-to-date: /home/felix/robo/robo_ai_turku_2025/install/custom_interface/share/custom_interface/local_setup.sh
[0.944s] -- Up-to-date: /home/felix/robo/robo_ai_turku_2025/install/custom_interface/share/custom_interface/local_setup.zsh
[0.945s] -- Up-to-date: /home/felix/robo/robo_ai_turku_2025/install/custom_interface/share/custom_interface/local_setup.dsv
[0.945s] -- Installing: /home/felix/robo/robo_ai_turku_2025/install/custom_interface/share/custom_interface/package.dsv
[0.945s] -- Up-to-date: /home/felix/robo/robo_ai_turku_2025/install/custom_interface/share/ament_index/resource_index/packages/custom_interface
[0.945s] -- Up-to-date: /home/felix/robo/robo_ai_turku_2025/install/custom_interface/share/custom_interface/cmake/export_custom_interface__rosidl_generator_cExport.cmake
[0.945s] -- Up-to-date: /home/felix/robo/robo_ai_turku_2025/install/custom_interface/share/custom_interface/cmake/export_custom_interface__rosidl_generator_cExport-noconfig.cmake
[0.945s] -- Up-to-date: /home/felix/robo/robo_ai_turku_2025/install/custom_interface/share/custom_interface/cmake/export_custom_interface__rosidl_typesupport_fastrtps_cExport.cmake
[0.946s] -- Up-to-date: /home/felix/robo/robo_ai_turku_2025/install/custom_interface/share/custom_interface/cmake/export_custom_interface__rosidl_typesupport_fastrtps_cExport-noconfig.cmake
[0.946s] -- Up-to-date: /home/felix/robo/robo_ai_turku_2025/install/custom_interface/share/custom_interface/cmake/export_custom_interface__rosidl_generator_cppExport.cmake
[0.946s] -- Up-to-date: /home/felix/robo/robo_ai_turku_2025/install/custom_interface/share/custom_interface/cmake/export_custom_interface__rosidl_typesupport_fastrtps_cppExport.cmake
[0.947s] -- Up-to-date: /home/felix/robo/robo_ai_turku_2025/install/custom_interface/share/custom_interface/cmake/export_custom_interface__rosidl_typesupport_fastrtps_cppExport-noconfig.cmake
[0.947s] -- Up-to-date: /home/felix/robo/robo_ai_turku_2025/install/custom_interface/share/custom_interface/cmake/custom_interface__rosidl_typesupport_introspection_cExport.cmake
[0.947s] -- Up-to-date: /home/felix/robo/robo_ai_turku_2025/install/custom_interface/share/custom_interface/cmake/custom_interface__rosidl_typesupport_introspection_cExport-noconfig.cmake
[0.948s] -- Up-to-date: /home/felix/robo/robo_ai_turku_2025/install/custom_interface/share/custom_interface/cmake/custom_interface__rosidl_typesupport_cExport.cmake
[0.948s] -- Up-to-date: /home/felix/robo/robo_ai_turku_2025/install/custom_interface/share/custom_interface/cmake/custom_interface__rosidl_typesupport_cExport-noconfig.cmake
[0.948s] -- Up-to-date: /home/felix/robo/robo_ai_turku_2025/install/custom_interface/share/custom_interface/cmake/custom_interface__rosidl_typesupport_introspection_cppExport.cmake
[0.948s] -- Up-to-date: /home/felix/robo/robo_ai_turku_2025/install/custom_interface/share/custom_interface/cmake/custom_interface__rosidl_typesupport_introspection_cppExport-noconfig.cmake
[0.949s] -- Up-to-date: /home/felix/robo/robo_ai_turku_2025/install/custom_interface/share/custom_interface/cmake/custom_interface__rosidl_typesupport_cppExport.cmake
[0.949s] -- Up-to-date: /home/felix/robo/robo_ai_turku_2025/install/custom_interface/share/custom_interface/cmake/custom_interface__rosidl_typesupport_cppExport-noconfig.cmake
[0.950s] -- Up-to-date: /home/felix/robo/robo_ai_turku_2025/install/custom_interface/share/custom_interface/cmake/export_custom_interface__rosidl_generator_pyExport.cmake
[0.950s] -- Up-to-date: /home/felix/robo/robo_ai_turku_2025/install/custom_interface/share/custom_interface/cmake/export_custom_interface__rosidl_generator_pyExport-noconfig.cmake
[0.950s] -- Up-to-date: /home/felix/robo/robo_ai_turku_2025/install/custom_interface/share/custom_interface/cmake/rosidl_cmake-extras.cmake
[0.950s] -- Up-to-date: /home/felix/robo/robo_ai_turku_2025/install/custom_interface/share/custom_interface/cmake/ament_cmake_export_dependencies-extras.cmake
[0.950s] -- Up-to-date: /home/felix/robo/robo_ai_turku_2025/install/custom_interface/share/custom_interface/cmake/ament_cmake_export_include_directories-extras.cmake
[0.950s] -- Up-to-date: /home/felix/robo/robo_ai_turku_2025/install/custom_interface/share/custom_interface/cmake/ament_cmake_export_libraries-extras.cmake
[0.950s] -- Up-to-date: /home/felix/robo/robo_ai_turku_2025/install/custom_interface/share/custom_interface/cmake/ament_cmake_export_targets-extras.cmake
[0.950s] -- Up-to-date: /home/felix/robo/robo_ai_turku_2025/install/custom_interface/share/custom_interface/cmake/rosidl_cmake_export_typesupport_targets-extras.cmake
[0.950s] -- Up-to-date: /home/felix/robo/robo_ai_turku_2025/install/custom_interface/share/custom_interface/cmake/rosidl_cmake_export_typesupport_libraries-extras.cmake
[0.950s] -- Up-to-date: /home/felix/robo/robo_ai_turku_2025/install/custom_interface/share/custom_interface/cmake/custom_interfaceConfig.cmake
[0.950s] -- Up-to-date: /home/felix/robo/robo_ai_turku_2025/install/custom_interface/share/custom_interface/cmake/custom_interfaceConfig-version.cmake
[0.950s] -- Up-to-date: /home/felix/robo/robo_ai_turku_2025/install/custom_interface/share/custom_interface/package.xml
[0.952s] Invoked command in '/home/felix/robo/robo_ai_turku_2025/build/custom_interface' returned '0': CMAKE_PREFIX_PATH=${CMAKE_PREFIX_PATH}:/home/felix/robo/robo_ai_turku_2025/install/task1:/home/felix/robo/robo_ai_turku_2025/install/lab1_bringup:/home/felix/robo/robo_ai_turku_2025/install/lab01_task05:/home/felix/robo/robo_ai_turku_2025/install/lab01_task03:/home/felix/robo/robo_ai_turku_2025/install/lab01_task02:/home/felix/robo/robo_ai_turku_2025/install/lab01_task01:/home/felix/robo/robo_ai_turku_2025/ros2_ws/install/lab01_task05:/home/felix/robo/robo_ai_turku_2025/ros2_ws/install/lab01_task03:/home/felix/robo/robo_ai_turku_2025/ros2_ws/install/lab01_task02:/home/felix/robo/robo_ai_turku_2025/ros2_ws/install/lab01_task01:/home/felix/robo/robo_ai_turku_2025/ros2_ws/install/lab1_bringup:/home/felix/robo/robo_ai_turku_2025/ros2_ws/install/task1:/opt/ros/humble /usr/bin/cmake --install /home/felix/robo/robo_ai_turku_2025/build/custom_interface
