[1.114s] Invoking command in '/home/felix/robo/robo_ai_turku_2025/ros2_ws/src/lab01_task05': PYTHONPATH=/home/felix/robo/robo_ai_turku_2025/ros2_ws/build/lab01_task05/prefix_override:/usr/lib/python3/dist-packages/colcon_core/task/python/colcon_distutils_commands:/home/felix/robo/robo_ai_turku_2025/ros2_ws/install/lab01_task05/lib/python3.10/site-packages:${PYTHONPATH} /usr/bin/python3 -W ignore:setup.py install is deprecated -W ignore:easy_install command is deprecated setup.py egg_info --egg-base ../../build/lab01_task05 build --build-base /home/felix/robo/robo_ai_turku_2025/ros2_ws/build/lab01_task05/build install --record /home/felix/robo/robo_ai_turku_2025/ros2_ws/build/lab01_task05/install.log --single-version-externally-managed install_data
[1.377s] running egg_info
[1.378s] writing ../../build/lab01_task05/lab01_task05.egg-info/PKG-INFO
[1.378s] writing dependency_links to ../../build/lab01_task05/lab01_task05.egg-info/dependency_links.txt
[1.378s] writing entry points to ../../build/lab01_task05/lab01_task05.egg-info/entry_points.txt
[1.378s] writing requirements to ../../build/lab01_task05/lab01_task05.egg-info/requires.txt
[1.378s] writing top-level names to ../../build/lab01_task05/lab01_task05.egg-info/top_level.txt
[1.381s] reading manifest file '../../build/lab01_task05/lab01_task05.egg-info/SOURCES.txt'
[1.382s] writing manifest file '../../build/lab01_task05/lab01_task05.egg-info/SOURCES.txt'
[1.382s] running build
[1.382s] running build_py
[1.382s] copying lab01_task05/countdown_server.py -> /home/felix/robo/robo_ai_turku_2025/ros2_ws/build/lab01_task05/build/lib/lab01_task05
[1.382s] running install
[1.382s] running install_lib
[1.383s] copying /home/felix/robo/robo_ai_turku_2025/ros2_ws/build/lab01_task05/build/lib/lab01_task05/countdown_server.py -> /home/felix/robo/robo_ai_turku_2025/ros2_ws/install/lab01_task05/lib/python3.10/site-packages/lab01_task05
[1.384s] byte-compiling /home/felix/robo/robo_ai_turku_2025/ros2_ws/install/lab01_task05/lib/python3.10/site-packages/lab01_task05/countdown_server.py to countdown_server.cpython-310.pyc
[1.384s] running install_data
[1.385s] running install_egg_info
[1.386s] removing '/home/felix/robo/robo_ai_turku_2025/ros2_ws/install/lab01_task05/lib/python3.10/site-packages/lab01_task05-0.0.0-py3.10.egg-info' (and everything under it)
[1.387s] Copying ../../build/lab01_task05/lab01_task05.egg-info to /home/felix/robo/robo_ai_turku_2025/ros2_ws/install/lab01_task05/lib/python3.10/site-packages/lab01_task05-0.0.0-py3.10.egg-info
[1.388s] running install_scripts
[1.410s] Installing countdown_cancel_client script to /home/felix/robo/robo_ai_turku_2025/ros2_ws/install/lab01_task05/lib/lab01_task05
[1.411s] Installing countdown_client script to /home/felix/robo/robo_ai_turku_2025/ros2_ws/install/lab01_task05/lib/lab01_task05
[1.411s] Installing countdown_server script to /home/felix/robo/robo_ai_turku_2025/ros2_ws/install/lab01_task05/lib/lab01_task05
[1.411s] writing list of installed files to '/home/felix/robo/robo_ai_turku_2025/ros2_ws/build/lab01_task05/install.log'
[1.439s] Invoked command in '/home/felix/robo/robo_ai_turku_2025/ros2_ws/src/lab01_task05' returned '0': PYTHONPATH=/home/felix/robo/robo_ai_turku_2025/ros2_ws/build/lab01_task05/prefix_override:/usr/lib/python3/dist-packages/colcon_core/task/python/colcon_distutils_commands:/home/felix/robo/robo_ai_turku_2025/ros2_ws/install/lab01_task05/lib/python3.10/site-packages:${PYTHONPATH} /usr/bin/python3 -W ignore:setup.py install is deprecated -W ignore:easy_install command is deprecated setup.py egg_info --egg-base ../../build/lab01_task05 build --build-base /home/felix/robo/robo_ai_turku_2025/ros2_ws/build/lab01_task05/build install --record /home/felix/robo/robo_ai_turku_2025/ros2_ws/build/lab01_task05/install.log --single-version-externally-managed install_data
