[0.538s] DEBUG:colcon:Command line arguments: ['/usr/bin/colcon', 'build']
[0.538s] DEBUG:colcon:Parsed command line arguments: Namespace(log_base=None, log_level=None, verb_name='build', build_base='build', install_base='install', merge_install=False, symlink_install=False, test_result_base=None, continue_on_error=False, executor='parallel', parallel_workers=22, event_handlers=None, ignore_user_meta=False, metas=['./colcon.meta'], base_paths=['.'], packages_ignore=None, packages_ignore_regex=None, paths=None, packages_up_to=None, packages_up_to_regex=None, packages_above=None, packages_above_and_dependencies=None, packages_above_depth=None, packages_select_by_dep=None, packages_skip_by_dep=None, packages_skip_up_to=None, packages_select_build_failed=False, packages_skip_build_finished=False, packages_select_test_failures=False, packages_skip_test_passed=False, packages_select=None, packages_skip=None, packages_select_regex=None, packages_skip_regex=None, packages_start=None, packages_end=None, allow_overriding=[], cmake_args=None, cmake_target=None, cmake_target_skip_unavailable=False, cmake_clean_cache=False, cmake_clean_first=False, cmake_force_configure=False, ament_cmake_args=None, catkin_cmake_args=None, catkin_skip_building_tests=False, verb_parser=<colcon_defaults.argument_parser.defaults.DefaultArgumentsDecorator object at 0x7b43c0c21e70>, verb_extension=<colcon_core.verb.build.BuildVerb object at 0x7b43c0dc35e0>, main=<bound method BuildVerb.main of <colcon_core.verb.build.BuildVerb object at 0x7b43c0dc35e0>>)
[1.089s] Level 1:colcon.colcon_core.package_discovery:discover_packages(colcon_meta) check parameters
[1.089s] Level 1:colcon.colcon_core.package_discovery:discover_packages(recursive) check parameters
[1.089s] Level 1:colcon.colcon_core.package_discovery:discover_packages(ignore) check parameters
[1.090s] Level 1:colcon.colcon_core.package_discovery:discover_packages(path) check parameters
[1.090s] Level 1:colcon.colcon_core.package_discovery:discover_packages(colcon_meta) discover
[1.090s] Level 1:colcon.colcon_core.package_discovery:discover_packages(recursive) discover
[1.090s] INFO:colcon.colcon_core.package_discovery:Crawling recursively for packages in '/home/felix/robo/robo_ai_turku_2025'
[1.091s] Level 1:colcon.colcon_core.package_identification:_identify(.) by extensions ['ignore', 'ignore_ament_install']
[1.091s] Level 1:colcon.colcon_core.package_identification:_identify(.) by extension 'ignore'
[1.091s] Level 1:colcon.colcon_core.package_identification:_identify(.) by extension 'ignore_ament_install'
[1.091s] Level 1:colcon.colcon_core.package_identification:_identify(.) by extensions ['colcon_pkg']
[1.091s] Level 1:colcon.colcon_core.package_identification:_identify(.) by extension 'colcon_pkg'
[1.091s] Level 1:colcon.colcon_core.package_identification:_identify(.) by extensions ['colcon_meta']
[1.091s] Level 1:colcon.colcon_core.package_identification:_identify(.) by extension 'colcon_meta'
[1.091s] Level 1:colcon.colcon_core.package_identification:_identify(.) by extensions ['ros']
[1.091s] Level 1:colcon.colcon_core.package_identification:_identify(.) by extension 'ros'
[1.112s] Level 1:colcon.colcon_core.package_identification:_identify(.) by extensions ['cmake', 'python']
[1.112s] Level 1:colcon.colcon_core.package_identification:_identify(.) by extension 'cmake'
[1.112s] Level 1:colcon.colcon_core.package_identification:_identify(.) by extension 'python'
[1.112s] Level 1:colcon.colcon_core.package_identification:_identify(.) by extensions ['python_setup_py']
[1.112s] Level 1:colcon.colcon_core.package_identification:_identify(.) by extension 'python_setup_py'
[1.113s] Level 1:colcon.colcon_core.package_identification:_identify(build) by extensions ['ignore', 'ignore_ament_install']
[1.113s] Level 1:colcon.colcon_core.package_identification:_identify(build) by extension 'ignore'
[1.113s] Level 1:colcon.colcon_core.package_identification:_identify(build) ignored
[1.114s] Level 1:colcon.colcon_core.package_identification:_identify(code) by extensions ['ignore', 'ignore_ament_install']
[1.114s] Level 1:colcon.colcon_core.package_identification:_identify(code) by extension 'ignore'
[1.114s] Level 1:colcon.colcon_core.package_identification:_identify(code) by extension 'ignore_ament_install'
[1.114s] Level 1:colcon.colcon_core.package_identification:_identify(code) by extensions ['colcon_pkg']
[1.114s] Level 1:colcon.colcon_core.package_identification:_identify(code) by extension 'colcon_pkg'
[1.114s] Level 1:colcon.colcon_core.package_identification:_identify(code) by extensions ['colcon_meta']
[1.114s] Level 1:colcon.colcon_core.package_identification:_identify(code) by extension 'colcon_meta'
[1.114s] Level 1:colcon.colcon_core.package_identification:_identify(code) by extensions ['ros']
[1.114s] Level 1:colcon.colcon_core.package_identification:_identify(code) by extension 'ros'
[1.114s] Level 1:colcon.colcon_core.package_identification:_identify(code) by extensions ['cmake', 'python']
[1.114s] Level 1:colcon.colcon_core.package_identification:_identify(code) by extension 'cmake'
[1.114s] Level 1:colcon.colcon_core.package_identification:_identify(code) by extension 'python'
[1.114s] Level 1:colcon.colcon_core.package_identification:_identify(code) by extensions ['python_setup_py']
[1.114s] Level 1:colcon.colcon_core.package_identification:_identify(code) by extension 'python_setup_py'
[1.115s] Level 1:colcon.colcon_core.package_identification:_identify(install) by extensions ['ignore', 'ignore_ament_install']
[1.115s] Level 1:colcon.colcon_core.package_identification:_identify(install) by extension 'ignore'
[1.115s] Level 1:colcon.colcon_core.package_identification:_identify(install) ignored
[1.116s] Level 1:colcon.colcon_core.package_identification:_identify(lab_1) by extensions ['ignore', 'ignore_ament_install']
[1.116s] Level 1:colcon.colcon_core.package_identification:_identify(lab_1) by extension 'ignore'
[1.116s] Level 1:colcon.colcon_core.package_identification:_identify(lab_1) by extension 'ignore_ament_install'
[1.116s] Level 1:colcon.colcon_core.package_identification:_identify(lab_1) by extensions ['colcon_pkg']
[1.116s] Level 1:colcon.colcon_core.package_identification:_identify(lab_1) by extension 'colcon_pkg'
[1.116s] Level 1:colcon.colcon_core.package_identification:_identify(lab_1) by extensions ['colcon_meta']
[1.116s] Level 1:colcon.colcon_core.package_identification:_identify(lab_1) by extension 'colcon_meta'
[1.116s] Level 1:colcon.colcon_core.package_identification:_identify(lab_1) by extensions ['ros']
[1.116s] Level 1:colcon.colcon_core.package_identification:_identify(lab_1) by extension 'ros'
[1.116s] Level 1:colcon.colcon_core.package_identification:_identify(lab_1) by extensions ['cmake', 'python']
[1.116s] Level 1:colcon.colcon_core.package_identification:_identify(lab_1) by extension 'cmake'
[1.116s] Level 1:colcon.colcon_core.package_identification:_identify(lab_1) by extension 'python'
[1.116s] Level 1:colcon.colcon_core.package_identification:_identify(lab_1) by extensions ['python_setup_py']
[1.116s] Level 1:colcon.colcon_core.package_identification:_identify(lab_1) by extension 'python_setup_py'
[1.117s] Level 1:colcon.colcon_core.package_identification:_identify(lab_1/code) by extensions ['ignore', 'ignore_ament_install']
[1.117s] Level 1:colcon.colcon_core.package_identification:_identify(lab_1/code) by extension 'ignore'
[1.117s] Level 1:colcon.colcon_core.package_identification:_identify(lab_1/code) by extension 'ignore_ament_install'
[1.117s] Level 1:colcon.colcon_core.package_identification:_identify(lab_1/code) by extensions ['colcon_pkg']
[1.117s] Level 1:colcon.colcon_core.package_identification:_identify(lab_1/code) by extension 'colcon_pkg'
[1.117s] Level 1:colcon.colcon_core.package_identification:_identify(lab_1/code) by extensions ['colcon_meta']
[1.117s] Level 1:colcon.colcon_core.package_identification:_identify(lab_1/code) by extension 'colcon_meta'
[1.117s] Level 1:colcon.colcon_core.package_identification:_identify(lab_1/code) by extensions ['ros']
[1.117s] Level 1:colcon.colcon_core.package_identification:_identify(lab_1/code) by extension 'ros'
[1.117s] Level 1:colcon.colcon_core.package_identification:_identify(lab_1/code) by extensions ['cmake', 'python']
[1.117s] Level 1:colcon.colcon_core.package_identification:_identify(lab_1/code) by extension 'cmake'
[1.117s] Level 1:colcon.colcon_core.package_identification:_identify(lab_1/code) by extension 'python'
[1.117s] Level 1:colcon.colcon_core.package_identification:_identify(lab_1/code) by extensions ['python_setup_py']
[1.117s] Level 1:colcon.colcon_core.package_identification:_identify(lab_1/code) by extension 'python_setup_py'
[1.117s] Level 1:colcon.colcon_core.package_identification:_identify(log) by extensions ['ignore', 'ignore_ament_install']
[1.118s] Level 1:colcon.colcon_core.package_identification:_identify(log) by extension 'ignore'
[1.118s] Level 1:colcon.colcon_core.package_identification:_identify(log) ignored
[1.118s] Level 1:colcon.colcon_core.package_identification:_identify(ros2_ws) by extensions ['ignore', 'ignore_ament_install']
[1.118s] Level 1:colcon.colcon_core.package_identification:_identify(ros2_ws) by extension 'ignore'
[1.118s] Level 1:colcon.colcon_core.package_identification:_identify(ros2_ws) by extension 'ignore_ament_install'
[1.118s] Level 1:colcon.colcon_core.package_identification:_identify(ros2_ws) by extensions ['colcon_pkg']
[1.118s] Level 1:colcon.colcon_core.package_identification:_identify(ros2_ws) by extension 'colcon_pkg'
[1.118s] Level 1:colcon.colcon_core.package_identification:_identify(ros2_ws) by extensions ['colcon_meta']
[1.118s] Level 1:colcon.colcon_core.package_identification:_identify(ros2_ws) by extension 'colcon_meta'
[1.118s] Level 1:colcon.colcon_core.package_identification:_identify(ros2_ws) by extensions ['ros']
[1.118s] Level 1:colcon.colcon_core.package_identification:_identify(ros2_ws) by extension 'ros'
[1.118s] Level 1:colcon.colcon_core.package_identification:_identify(ros2_ws) by extensions ['cmake', 'python']
[1.118s] Level 1:colcon.colcon_core.package_identification:_identify(ros2_ws) by extension 'cmake'
[1.118s] Level 1:colcon.colcon_core.package_identification:_identify(ros2_ws) by extension 'python'
[1.118s] Level 1:colcon.colcon_core.package_identification:_identify(ros2_ws) by extensions ['python_setup_py']
[1.118s] Level 1:colcon.colcon_core.package_identification:_identify(ros2_ws) by extension 'python_setup_py'
[1.119s] Level 1:colcon.colcon_core.package_identification:_identify(ros2_ws/build) by extensions ['ignore', 'ignore_ament_install']
[1.119s] Level 1:colcon.colcon_core.package_identification:_identify(ros2_ws/build) by extension 'ignore'
[1.119s] Level 1:colcon.colcon_core.package_identification:_identify(ros2_ws/build) ignored
[1.119s] Level 1:colcon.colcon_core.package_identification:_identify(ros2_ws/install) by extensions ['ignore', 'ignore_ament_install']
[1.119s] Level 1:colcon.colcon_core.package_identification:_identify(ros2_ws/install) by extension 'ignore'
[1.119s] Level 1:colcon.colcon_core.package_identification:_identify(ros2_ws/install) ignored
[1.119s] Level 1:colcon.colcon_core.package_identification:_identify(ros2_ws/log) by extensions ['ignore', 'ignore_ament_install']
[1.119s] Level 1:colcon.colcon_core.package_identification:_identify(ros2_ws/log) by extension 'ignore'
[1.119s] Level 1:colcon.colcon_core.package_identification:_identify(ros2_ws/log) ignored
[1.119s] Level 1:colcon.colcon_core.package_identification:_identify(ros2_ws/src) by extensions ['ignore', 'ignore_ament_install']
[1.119s] Level 1:colcon.colcon_core.package_identification:_identify(ros2_ws/src) by extension 'ignore'
[1.119s] Level 1:colcon.colcon_core.package_identification:_identify(ros2_ws/src) by extension 'ignore_ament_install'
[1.120s] Level 1:colcon.colcon_core.package_identification:_identify(ros2_ws/src) by extensions ['colcon_pkg']
[1.120s] Level 1:colcon.colcon_core.package_identification:_identify(ros2_ws/src) by extension 'colcon_pkg'
[1.120s] Level 1:colcon.colcon_core.package_identification:_identify(ros2_ws/src) by extensions ['colcon_meta']
[1.120s] Level 1:colcon.colcon_core.package_identification:_identify(ros2_ws/src) by extension 'colcon_meta'
[1.120s] Level 1:colcon.colcon_core.package_identification:_identify(ros2_ws/src) by extensions ['ros']
[1.120s] Level 1:colcon.colcon_core.package_identification:_identify(ros2_ws/src) by extension 'ros'
[1.120s] Level 1:colcon.colcon_core.package_identification:_identify(ros2_ws/src) by extensions ['cmake', 'python']
[1.120s] Level 1:colcon.colcon_core.package_identification:_identify(ros2_ws/src) by extension 'cmake'
[1.120s] Level 1:colcon.colcon_core.package_identification:_identify(ros2_ws/src) by extension 'python'
[1.120s] Level 1:colcon.colcon_core.package_identification:_identify(ros2_ws/src) by extensions ['python_setup_py']
[1.120s] Level 1:colcon.colcon_core.package_identification:_identify(ros2_ws/src) by extension 'python_setup_py'
[1.120s] Level 1:colcon.colcon_core.package_identification:_identify(ros2_ws/src/build) by extensions ['ignore', 'ignore_ament_install']
[1.120s] Level 1:colcon.colcon_core.package_identification:_identify(ros2_ws/src/build) by extension 'ignore'
[1.120s] Level 1:colcon.colcon_core.package_identification:_identify(ros2_ws/src/build) ignored
[1.121s] Level 1:colcon.colcon_core.package_identification:_identify(ros2_ws/src/custom_interface) by extensions ['ignore', 'ignore_ament_install']
[1.121s] Level 1:colcon.colcon_core.package_identification:_identify(ros2_ws/src/custom_interface) by extension 'ignore'
[1.121s] Level 1:colcon.colcon_core.package_identification:_identify(ros2_ws/src/custom_interface) by extension 'ignore_ament_install'
[1.121s] Level 1:colcon.colcon_core.package_identification:_identify(ros2_ws/src/custom_interface) by extensions ['colcon_pkg']
[1.121s] Level 1:colcon.colcon_core.package_identification:_identify(ros2_ws/src/custom_interface) by extension 'colcon_pkg'
[1.121s] Level 1:colcon.colcon_core.package_identification:_identify(ros2_ws/src/custom_interface) by extensions ['colcon_meta']
[1.121s] Level 1:colcon.colcon_core.package_identification:_identify(ros2_ws/src/custom_interface) by extension 'colcon_meta'
[1.121s] Level 1:colcon.colcon_core.package_identification:_identify(ros2_ws/src/custom_interface) by extensions ['ros']
[1.121s] Level 1:colcon.colcon_core.package_identification:_identify(ros2_ws/src/custom_interface) by extension 'ros'
[1.126s] DEBUG:colcon.colcon_core.package_identification:Package 'ros2_ws/src/custom_interface' with type 'ros.ament_cmake' and name 'custom_interface'
[1.127s] Level 1:colcon.colcon_core.package_identification:_identify(ros2_ws/src/install) by extensions ['ignore', 'ignore_ament_install']
[1.127s] Level 1:colcon.colcon_core.package_identification:_identify(ros2_ws/src/install) by extension 'ignore'
[1.127s] Level 1:colcon.colcon_core.package_identification:_identify(ros2_ws/src/install) ignored
[1.127s] Level 1:colcon.colcon_core.package_identification:_identify(ros2_ws/src/lab01_task01) by extensions ['ignore', 'ignore_ament_install']
[1.128s] Level 1:colcon.colcon_core.package_identification:_identify(ros2_ws/src/lab01_task01) by extension 'ignore'
[1.128s] Level 1:colcon.colcon_core.package_identification:_identify(ros2_ws/src/lab01_task01) by extension 'ignore_ament_install'
[1.128s] Level 1:colcon.colcon_core.package_identification:_identify(ros2_ws/src/lab01_task01) by extensions ['colcon_pkg']
[1.128s] Level 1:colcon.colcon_core.package_identification:_identify(ros2_ws/src/lab01_task01) by extension 'colcon_pkg'
[1.128s] Level 1:colcon.colcon_core.package_identification:_identify(ros2_ws/src/lab01_task01) by extensions ['colcon_meta']
[1.128s] Level 1:colcon.colcon_core.package_identification:_identify(ros2_ws/src/lab01_task01) by extension 'colcon_meta'
[1.128s] Level 1:colcon.colcon_core.package_identification:_identify(ros2_ws/src/lab01_task01) by extensions ['ros']
[1.128s] Level 1:colcon.colcon_core.package_identification:_identify(ros2_ws/src/lab01_task01) by extension 'ros'
[1.129s] DEBUG:colcon.colcon_core.package_identification:Package 'ros2_ws/src/lab01_task01' with type 'ros.ament_python' and name 'lab01_task01'
[1.130s] Level 1:colcon.colcon_core.package_identification:_identify(ros2_ws/src/lab01_task02) by extensions ['ignore', 'ignore_ament_install']
[1.130s] Level 1:colcon.colcon_core.package_identification:_identify(ros2_ws/src/lab01_task02) by extension 'ignore'
[1.130s] Level 1:colcon.colcon_core.package_identification:_identify(ros2_ws/src/lab01_task02) by extension 'ignore_ament_install'
[1.130s] Level 1:colcon.colcon_core.package_identification:_identify(ros2_ws/src/lab01_task02) by extensions ['colcon_pkg']
[1.130s] Level 1:colcon.colcon_core.package_identification:_identify(ros2_ws/src/lab01_task02) by extension 'colcon_pkg'
[1.130s] Level 1:colcon.colcon_core.package_identification:_identify(ros2_ws/src/lab01_task02) by extensions ['colcon_meta']
[1.130s] Level 1:colcon.colcon_core.package_identification:_identify(ros2_ws/src/lab01_task02) by extension 'colcon_meta'
[1.130s] Level 1:colcon.colcon_core.package_identification:_identify(ros2_ws/src/lab01_task02) by extensions ['ros']
[1.130s] Level 1:colcon.colcon_core.package_identification:_identify(ros2_ws/src/lab01_task02) by extension 'ros'
[1.131s] DEBUG:colcon.colcon_core.package_identification:Package 'ros2_ws/src/lab01_task02' with type 'ros.ament_python' and name 'lab01_task02'
[1.132s] Level 1:colcon.colcon_core.package_identification:_identify(ros2_ws/src/lab01_task03) by extensions ['ignore', 'ignore_ament_install']
[1.132s] Level 1:colcon.colcon_core.package_identification:_identify(ros2_ws/src/lab01_task03) by extension 'ignore'
[1.132s] Level 1:colcon.colcon_core.package_identification:_identify(ros2_ws/src/lab01_task03) by extension 'ignore_ament_install'
[1.132s] Level 1:colcon.colcon_core.package_identification:_identify(ros2_ws/src/lab01_task03) by extensions ['colcon_pkg']
[1.132s] Level 1:colcon.colcon_core.package_identification:_identify(ros2_ws/src/lab01_task03) by extension 'colcon_pkg'
[1.132s] Level 1:colcon.colcon_core.package_identification:_identify(ros2_ws/src/lab01_task03) by extensions ['colcon_meta']
[1.132s] Level 1:colcon.colcon_core.package_identification:_identify(ros2_ws/src/lab01_task03) by extension 'colcon_meta'
[1.132s] Level 1:colcon.colcon_core.package_identification:_identify(ros2_ws/src/lab01_task03) by extensions ['ros']
[1.132s] Level 1:colcon.colcon_core.package_identification:_identify(ros2_ws/src/lab01_task03) by extension 'ros'
[1.133s] DEBUG:colcon.colcon_core.package_identification:Package 'ros2_ws/src/lab01_task03' with type 'ros.ament_python' and name 'lab01_task03'
[1.133s] Level 1:colcon.colcon_core.package_identification:_identify(ros2_ws/src/lab01_task05) by extensions ['ignore', 'ignore_ament_install']
[1.133s] Level 1:colcon.colcon_core.package_identification:_identify(ros2_ws/src/lab01_task05) by extension 'ignore'
[1.133s] Level 1:colcon.colcon_core.package_identification:_identify(ros2_ws/src/lab01_task05) by extension 'ignore_ament_install'
[1.133s] Level 1:colcon.colcon_core.package_identification:_identify(ros2_ws/src/lab01_task05) by extensions ['colcon_pkg']
[1.133s] Level 1:colcon.colcon_core.package_identification:_identify(ros2_ws/src/lab01_task05) by extension 'colcon_pkg'
[1.133s] Level 1:colcon.colcon_core.package_identification:_identify(ros2_ws/src/lab01_task05) by extensions ['colcon_meta']
[1.133s] Level 1:colcon.colcon_core.package_identification:_identify(ros2_ws/src/lab01_task05) by extension 'colcon_meta'
[1.134s] Level 1:colcon.colcon_core.package_identification:_identify(ros2_ws/src/lab01_task05) by extensions ['ros']
[1.134s] Level 1:colcon.colcon_core.package_identification:_identify(ros2_ws/src/lab01_task05) by extension 'ros'
[1.135s] DEBUG:colcon.colcon_core.package_identification:Package 'ros2_ws/src/lab01_task05' with type 'ros.ament_python' and name 'lab01_task05'
[1.135s] Level 1:colcon.colcon_core.package_identification:_identify(ros2_ws/src/lab1_bringup) by extensions ['ignore', 'ignore_ament_install']
[1.135s] Level 1:colcon.colcon_core.package_identification:_identify(ros2_ws/src/lab1_bringup) by extension 'ignore'
[1.135s] Level 1:colcon.colcon_core.package_identification:_identify(ros2_ws/src/lab1_bringup) by extension 'ignore_ament_install'
[1.135s] Level 1:colcon.colcon_core.package_identification:_identify(ros2_ws/src/lab1_bringup) by extensions ['colcon_pkg']
[1.135s] Level 1:colcon.colcon_core.package_identification:_identify(ros2_ws/src/lab1_bringup) by extension 'colcon_pkg'
[1.135s] Level 1:colcon.colcon_core.package_identification:_identify(ros2_ws/src/lab1_bringup) by extensions ['colcon_meta']
[1.135s] Level 1:colcon.colcon_core.package_identification:_identify(ros2_ws/src/lab1_bringup) by extension 'colcon_meta'
[1.135s] Level 1:colcon.colcon_core.package_identification:_identify(ros2_ws/src/lab1_bringup) by extensions ['ros']
[1.135s] Level 1:colcon.colcon_core.package_identification:_identify(ros2_ws/src/lab1_bringup) by extension 'ros'
[1.136s] DEBUG:colcon.colcon_core.package_identification:Package 'ros2_ws/src/lab1_bringup' with type 'ros.ament_python' and name 'lab1_bringup'
[1.136s] Level 1:colcon.colcon_core.package_identification:_identify(ros2_ws/src/log) by extensions ['ignore', 'ignore_ament_install']
[1.137s] Level 1:colcon.colcon_core.package_identification:_identify(ros2_ws/src/log) by extension 'ignore'
[1.137s] Level 1:colcon.colcon_core.package_identification:_identify(ros2_ws/src/log) ignored
[1.137s] Level 1:colcon.colcon_core.package_identification:_identify(ros2_ws/src/task1) by extensions ['ignore', 'ignore_ament_install']
[1.137s] Level 1:colcon.colcon_core.package_identification:_identify(ros2_ws/src/task1) by extension 'ignore'
[1.137s] Level 1:colcon.colcon_core.package_identification:_identify(ros2_ws/src/task1) by extension 'ignore_ament_install'
[1.137s] Level 1:colcon.colcon_core.package_identification:_identify(ros2_ws/src/task1) by extensions ['colcon_pkg']
[1.137s] Level 1:colcon.colcon_core.package_identification:_identify(ros2_ws/src/task1) by extension 'colcon_pkg'
[1.137s] Level 1:colcon.colcon_core.package_identification:_identify(ros2_ws/src/task1) by extensions ['colcon_meta']
[1.137s] Level 1:colcon.colcon_core.package_identification:_identify(ros2_ws/src/task1) by extension 'colcon_meta'
[1.137s] Level 1:colcon.colcon_core.package_identification:_identify(ros2_ws/src/task1) by extensions ['ros']
[1.137s] Level 1:colcon.colcon_core.package_identification:_identify(ros2_ws/src/task1) by extension 'ros'
[1.138s] DEBUG:colcon.colcon_core.package_identification:Package 'ros2_ws/src/task1' with type 'ros.ament_python' and name 'task1'
[1.138s] Level 1:colcon.colcon_core.package_discovery:discover_packages(recursive) using defaults
[1.138s] Level 1:colcon.colcon_core.package_discovery:discover_packages(ignore) discover
[1.138s] Level 1:colcon.colcon_core.package_discovery:discover_packages(ignore) using defaults
[1.138s] Level 1:colcon.colcon_core.package_discovery:discover_packages(path) discover
[1.139s] Level 1:colcon.colcon_core.package_discovery:discover_packages(path) using defaults
[1.195s] Level 1:colcon.colcon_core.package_discovery:discover_packages(prefix_path) check parameters
[1.195s] Level 1:colcon.colcon_core.package_discovery:discover_packages(prefix_path) discover
[1.209s] DEBUG:colcon.colcon_installed_package_information.package_discovery:Found 7 installed packages in /home/felix/robo/robo_ai_turku_2025/install
[1.210s] DEBUG:colcon.colcon_installed_package_information.package_discovery:Found 7 installed packages in /home/felix/robo/robo_ai_turku_2025/ros2_ws/install
[1.211s] DEBUG:colcon.colcon_installed_package_information.package_discovery:Found 0 installed packages in /home/felix/robo/robo_ai_turku_2025/ros2_ws/src/install
[1.211s] DEBUG:colcon.colcon_installed_package_information.package_discovery:Found 1 installed packages in /home/felix/robo/robo_ai_turku_2025/ros2_ws/src/custom_interface/install
[1.214s] DEBUG:colcon.colcon_installed_package_information.package_discovery:Found 271 installed packages in /opt/ros/humble
[1.224s] Level 1:colcon.colcon_core.package_discovery:discover_packages(prefix_path) using defaults
[1.366s] Level 5:colcon.colcon_core.verb:set package 'custom_interface' build argument 'cmake_args' from command line to 'None'
[1.366s] Level 5:colcon.colcon_core.verb:set package 'custom_interface' build argument 'cmake_target' from command line to 'None'
[1.366s] Level 5:colcon.colcon_core.verb:set package 'custom_interface' build argument 'cmake_target_skip_unavailable' from command line to 'False'
[1.366s] Level 5:colcon.colcon_core.verb:set package 'custom_interface' build argument 'cmake_clean_cache' from command line to 'False'
[1.366s] Level 5:colcon.colcon_core.verb:set package 'custom_interface' build argument 'cmake_clean_first' from command line to 'False'
[1.366s] Level 5:colcon.colcon_core.verb:set package 'custom_interface' build argument 'cmake_force_configure' from command line to 'False'
[1.366s] Level 5:colcon.colcon_core.verb:set package 'custom_interface' build argument 'ament_cmake_args' from command line to 'None'
[1.366s] Level 5:colcon.colcon_core.verb:set package 'custom_interface' build argument 'catkin_cmake_args' from command line to 'None'
[1.366s] Level 5:colcon.colcon_core.verb:set package 'custom_interface' build argument 'catkin_skip_building_tests' from command line to 'False'
[1.366s] DEBUG:colcon.colcon_core.verb:Building package 'custom_interface' with the following arguments: {'ament_cmake_args': None, 'build_base': '/home/felix/robo/robo_ai_turku_2025/build/custom_interface', 'catkin_cmake_args': None, 'catkin_skip_building_tests': False, 'cmake_args': None, 'cmake_clean_cache': False, 'cmake_clean_first': False, 'cmake_force_configure': False, 'cmake_target': None, 'cmake_target_skip_unavailable': False, 'install_base': '/home/felix/robo/robo_ai_turku_2025/install/custom_interface', 'merge_install': False, 'path': '/home/felix/robo/robo_ai_turku_2025/ros2_ws/src/custom_interface', 'symlink_install': False, 'test_result_base': None}
[1.367s] Level 5:colcon.colcon_core.verb:set package 'lab01_task01' build argument 'cmake_args' from command line to 'None'
[1.367s] Level 5:colcon.colcon_core.verb:set package 'lab01_task01' build argument 'cmake_target' from command line to 'None'
[1.367s] Level 5:colcon.colcon_core.verb:set package 'lab01_task01' build argument 'cmake_target_skip_unavailable' from command line to 'False'
[1.367s] Level 5:colcon.colcon_core.verb:set package 'lab01_task01' build argument 'cmake_clean_cache' from command line to 'False'
[1.367s] Level 5:colcon.colcon_core.verb:set package 'lab01_task01' build argument 'cmake_clean_first' from command line to 'False'
[1.367s] Level 5:colcon.colcon_core.verb:set package 'lab01_task01' build argument 'cmake_force_configure' from command line to 'False'
[1.367s] Level 5:colcon.colcon_core.verb:set package 'lab01_task01' build argument 'ament_cmake_args' from command line to 'None'
[1.367s] Level 5:colcon.colcon_core.verb:set package 'lab01_task01' build argument 'catkin_cmake_args' from command line to 'None'
[1.367s] Level 5:colcon.colcon_core.verb:set package 'lab01_task01' build argument 'catkin_skip_building_tests' from command line to 'False'
[1.367s] DEBUG:colcon.colcon_core.verb:Building package 'lab01_task01' with the following arguments: {'ament_cmake_args': None, 'build_base': '/home/felix/robo/robo_ai_turku_2025/build/lab01_task01', 'catkin_cmake_args': None, 'catkin_skip_building_tests': False, 'cmake_args': None, 'cmake_clean_cache': False, 'cmake_clean_first': False, 'cmake_force_configure': False, 'cmake_target': None, 'cmake_target_skip_unavailable': False, 'install_base': '/home/felix/robo/robo_ai_turku_2025/install/lab01_task01', 'merge_install': False, 'path': '/home/felix/robo/robo_ai_turku_2025/ros2_ws/src/lab01_task01', 'symlink_install': False, 'test_result_base': None}
[1.367s] Level 5:colcon.colcon_core.verb:set package 'lab01_task02' build argument 'cmake_args' from command line to 'None'
[1.367s] Level 5:colcon.colcon_core.verb:set package 'lab01_task02' build argument 'cmake_target' from command line to 'None'
[1.367s] Level 5:colcon.colcon_core.verb:set package 'lab01_task02' build argument 'cmake_target_skip_unavailable' from command line to 'False'
[1.368s] Level 5:colcon.colcon_core.verb:set package 'lab01_task02' build argument 'cmake_clean_cache' from command line to 'False'
[1.368s] Level 5:colcon.colcon_core.verb:set package 'lab01_task02' build argument 'cmake_clean_first' from command line to 'False'
[1.368s] Level 5:colcon.colcon_core.verb:set package 'lab01_task02' build argument 'cmake_force_configure' from command line to 'False'
[1.368s] Level 5:colcon.colcon_core.verb:set package 'lab01_task02' build argument 'ament_cmake_args' from command line to 'None'
[1.368s] Level 5:colcon.colcon_core.verb:set package 'lab01_task02' build argument 'catkin_cmake_args' from command line to 'None'
[1.368s] Level 5:colcon.colcon_core.verb:set package 'lab01_task02' build argument 'catkin_skip_building_tests' from command line to 'False'
[1.368s] DEBUG:colcon.colcon_core.verb:Building package 'lab01_task02' with the following arguments: {'ament_cmake_args': None, 'build_base': '/home/felix/robo/robo_ai_turku_2025/build/lab01_task02', 'catkin_cmake_args': None, 'catkin_skip_building_tests': False, 'cmake_args': None, 'cmake_clean_cache': False, 'cmake_clean_first': False, 'cmake_force_configure': False, 'cmake_target': None, 'cmake_target_skip_unavailable': False, 'install_base': '/home/felix/robo/robo_ai_turku_2025/install/lab01_task02', 'merge_install': False, 'path': '/home/felix/robo/robo_ai_turku_2025/ros2_ws/src/lab01_task02', 'symlink_install': False, 'test_result_base': None}
[1.368s] Level 5:colcon.colcon_core.verb:set package 'lab1_bringup' build argument 'cmake_args' from command line to 'None'
[1.368s] Level 5:colcon.colcon_core.verb:set package 'lab1_bringup' build argument 'cmake_target' from command line to 'None'
[1.368s] Level 5:colcon.colcon_core.verb:set package 'lab1_bringup' build argument 'cmake_target_skip_unavailable' from command line to 'False'
[1.368s] Level 5:colcon.colcon_core.verb:set package 'lab1_bringup' build argument 'cmake_clean_cache' from command line to 'False'
[1.368s] Level 5:colcon.colcon_core.verb:set package 'lab1_bringup' build argument 'cmake_clean_first' from command line to 'False'
[1.368s] Level 5:colcon.colcon_core.verb:set package 'lab1_bringup' build argument 'cmake_force_configure' from command line to 'False'
[1.368s] Level 5:colcon.colcon_core.verb:set package 'lab1_bringup' build argument 'ament_cmake_args' from command line to 'None'
[1.368s] Level 5:colcon.colcon_core.verb:set package 'lab1_bringup' build argument 'catkin_cmake_args' from command line to 'None'
[1.368s] Level 5:colcon.colcon_core.verb:set package 'lab1_bringup' build argument 'catkin_skip_building_tests' from command line to 'False'
[1.368s] DEBUG:colcon.colcon_core.verb:Building package 'lab1_bringup' with the following arguments: {'ament_cmake_args': None, 'build_base': '/home/felix/robo/robo_ai_turku_2025/build/lab1_bringup', 'catkin_cmake_args': None, 'catkin_skip_building_tests': False, 'cmake_args': None, 'cmake_clean_cache': False, 'cmake_clean_first': False, 'cmake_force_configure': False, 'cmake_target': None, 'cmake_target_skip_unavailable': False, 'install_base': '/home/felix/robo/robo_ai_turku_2025/install/lab1_bringup', 'merge_install': False, 'path': '/home/felix/robo/robo_ai_turku_2025/ros2_ws/src/lab1_bringup', 'symlink_install': False, 'test_result_base': None}
[1.369s] Level 5:colcon.colcon_core.verb:set package 'task1' build argument 'cmake_args' from command line to 'None'
[1.369s] Level 5:colcon.colcon_core.verb:set package 'task1' build argument 'cmake_target' from command line to 'None'
[1.369s] Level 5:colcon.colcon_core.verb:set package 'task1' build argument 'cmake_target_skip_unavailable' from command line to 'False'
[1.369s] Level 5:colcon.colcon_core.verb:set package 'task1' build argument 'cmake_clean_cache' from command line to 'False'
[1.369s] Level 5:colcon.colcon_core.verb:set package 'task1' build argument 'cmake_clean_first' from command line to 'False'
[1.369s] Level 5:colcon.colcon_core.verb:set package 'task1' build argument 'cmake_force_configure' from command line to 'False'
[1.369s] Level 5:colcon.colcon_core.verb:set package 'task1' build argument 'ament_cmake_args' from command line to 'None'
[1.369s] Level 5:colcon.colcon_core.verb:set package 'task1' build argument 'catkin_cmake_args' from command line to 'None'
[1.369s] Level 5:colcon.colcon_core.verb:set package 'task1' build argument 'catkin_skip_building_tests' from command line to 'False'
[1.369s] DEBUG:colcon.colcon_core.verb:Building package 'task1' with the following arguments: {'ament_cmake_args': None, 'build_base': '/home/felix/robo/robo_ai_turku_2025/build/task1', 'catkin_cmake_args': None, 'catkin_skip_building_tests': False, 'cmake_args': None, 'cmake_clean_cache': False, 'cmake_clean_first': False, 'cmake_force_configure': False, 'cmake_target': None, 'cmake_target_skip_unavailable': False, 'install_base': '/home/felix/robo/robo_ai_turku_2025/install/task1', 'merge_install': False, 'path': '/home/felix/robo/robo_ai_turku_2025/ros2_ws/src/task1', 'symlink_install': False, 'test_result_base': None}
[1.370s] Level 5:colcon.colcon_core.verb:set package 'lab01_task03' build argument 'cmake_args' from command line to 'None'
[1.370s] Level 5:colcon.colcon_core.verb:set package 'lab01_task03' build argument 'cmake_target' from command line to 'None'
[1.370s] Level 5:colcon.colcon_core.verb:set package 'lab01_task03' build argument 'cmake_target_skip_unavailable' from command line to 'False'
[1.370s] Level 5:colcon.colcon_core.verb:set package 'lab01_task03' build argument 'cmake_clean_cache' from command line to 'False'
[1.370s] Level 5:colcon.colcon_core.verb:set package 'lab01_task03' build argument 'cmake_clean_first' from command line to 'False'
[1.370s] Level 5:colcon.colcon_core.verb:set package 'lab01_task03' build argument 'cmake_force_configure' from command line to 'False'
[1.370s] Level 5:colcon.colcon_core.verb:set package 'lab01_task03' build argument 'ament_cmake_args' from command line to 'None'
[1.370s] Level 5:colcon.colcon_core.verb:set package 'lab01_task03' build argument 'catkin_cmake_args' from command line to 'None'
[1.370s] Level 5:colcon.colcon_core.verb:set package 'lab01_task03' build argument 'catkin_skip_building_tests' from command line to 'False'
[1.370s] DEBUG:colcon.colcon_core.verb:Building package 'lab01_task03' with the following arguments: {'ament_cmake_args': None, 'build_base': '/home/felix/robo/robo_ai_turku_2025/build/lab01_task03', 'catkin_cmake_args': None, 'catkin_skip_building_tests': False, 'cmake_args': None, 'cmake_clean_cache': False, 'cmake_clean_first': False, 'cmake_force_configure': False, 'cmake_target': None, 'cmake_target_skip_unavailable': False, 'install_base': '/home/felix/robo/robo_ai_turku_2025/install/lab01_task03', 'merge_install': False, 'path': '/home/felix/robo/robo_ai_turku_2025/ros2_ws/src/lab01_task03', 'symlink_install': False, 'test_result_base': None}
[1.370s] Level 5:colcon.colcon_core.verb:set package 'lab01_task05' build argument 'cmake_args' from command line to 'None'
[1.370s] Level 5:colcon.colcon_core.verb:set package 'lab01_task05' build argument 'cmake_target' from command line to 'None'
[1.370s] Level 5:colcon.colcon_core.verb:set package 'lab01_task05' build argument 'cmake_target_skip_unavailable' from command line to 'False'
[1.370s] Level 5:colcon.colcon_core.verb:set package 'lab01_task05' build argument 'cmake_clean_cache' from command line to 'False'
[1.370s] Level 5:colcon.colcon_core.verb:set package 'lab01_task05' build argument 'cmake_clean_first' from command line to 'False'
[1.370s] Level 5:colcon.colcon_core.verb:set package 'lab01_task05' build argument 'cmake_force_configure' from command line to 'False'
[1.370s] Level 5:colcon.colcon_core.verb:set package 'lab01_task05' build argument 'ament_cmake_args' from command line to 'None'
[1.370s] Level 5:colcon.colcon_core.verb:set package 'lab01_task05' build argument 'catkin_cmake_args' from command line to 'None'
[1.370s] Level 5:colcon.colcon_core.verb:set package 'lab01_task05' build argument 'catkin_skip_building_tests' from command line to 'False'
[1.370s] DEBUG:colcon.colcon_core.verb:Building package 'lab01_task05' with the following arguments: {'ament_cmake_args': None, 'build_base': '/home/felix/robo/robo_ai_turku_2025/build/lab01_task05', 'catkin_cmake_args': None, 'catkin_skip_building_tests': False, 'cmake_args': None, 'cmake_clean_cache': False, 'cmake_clean_first': False, 'cmake_force_configure': False, 'cmake_target': None, 'cmake_target_skip_unavailable': False, 'install_base': '/home/felix/robo/robo_ai_turku_2025/install/lab01_task05', 'merge_install': False, 'path': '/home/felix/robo/robo_ai_turku_2025/ros2_ws/src/lab01_task05', 'symlink_install': False, 'test_result_base': None}
[1.371s] INFO:colcon.colcon_core.executor:Executing jobs using 'parallel' executor
[1.373s] DEBUG:colcon.colcon_parallel_executor.executor.parallel:run_until_complete
[1.373s] INFO:colcon.colcon_ros.task.ament_cmake.build:Building ROS package in '/home/felix/robo/robo_ai_turku_2025/ros2_ws/src/custom_interface' with build type 'ament_cmake'
[1.373s] INFO:colcon.colcon_cmake.task.cmake.build:Building CMake package in '/home/felix/robo/robo_ai_turku_2025/ros2_ws/src/custom_interface'
[1.383s] INFO:colcon.colcon_core.plugin_system:Skipping extension 'colcon_core.shell.bat': Not used on non-Windows systems
[1.383s] INFO:colcon.colcon_core.shell:Skip shell extension 'powershell' for command environment: Not usable outside of PowerShell
[1.383s] DEBUG:colcon.colcon_core.shell:Skip shell extension 'dsv' for command environment
[1.391s] INFO:colcon.colcon_ros.task.ament_python.build:Building ROS package in '/home/felix/robo/robo_ai_turku_2025/ros2_ws/src/lab01_task01' with build type 'ament_python'
[1.392s] Level 1:colcon.colcon_core.shell:create_environment_hook('lab01_task01', 'ament_prefix_path')
[1.392s] INFO:colcon.colcon_core.shell:Creating environment hook '/home/felix/robo/robo_ai_turku_2025/install/lab01_task01/share/lab01_task01/hook/ament_prefix_path.ps1'
[1.394s] INFO:colcon.colcon_core.shell:Creating environment descriptor '/home/felix/robo/robo_ai_turku_2025/install/lab01_task01/share/lab01_task01/hook/ament_prefix_path.dsv'
[1.396s] INFO:colcon.colcon_core.shell:Creating environment hook '/home/felix/robo/robo_ai_turku_2025/install/lab01_task01/share/lab01_task01/hook/ament_prefix_path.sh'
[1.398s] INFO:colcon.colcon_core.shell:Skip shell extension 'powershell' for command environment: Not usable outside of PowerShell
[1.398s] DEBUG:colcon.colcon_core.shell:Skip shell extension 'dsv' for command environment
[1.403s] INFO:colcon.colcon_ros.task.ament_python.build:Building ROS package in '/home/felix/robo/robo_ai_turku_2025/ros2_ws/src/lab01_task02' with build type 'ament_python'
[1.403s] Level 1:colcon.colcon_core.shell:create_environment_hook('lab01_task02', 'ament_prefix_path')
[1.403s] INFO:colcon.colcon_core.shell:Creating environment hook '/home/felix/robo/robo_ai_turku_2025/install/lab01_task02/share/lab01_task02/hook/ament_prefix_path.ps1'
[1.405s] INFO:colcon.colcon_core.shell:Creating environment descriptor '/home/felix/robo/robo_ai_turku_2025/install/lab01_task02/share/lab01_task02/hook/ament_prefix_path.dsv'
[1.406s] INFO:colcon.colcon_core.shell:Creating environment hook '/home/felix/robo/robo_ai_turku_2025/install/lab01_task02/share/lab01_task02/hook/ament_prefix_path.sh'
[1.407s] INFO:colcon.colcon_core.shell:Skip shell extension 'powershell' for command environment: Not usable outside of PowerShell
[1.407s] DEBUG:colcon.colcon_core.shell:Skip shell extension 'dsv' for command environment
[1.413s] INFO:colcon.colcon_ros.task.ament_python.build:Building ROS package in '/home/felix/robo/robo_ai_turku_2025/ros2_ws/src/lab1_bringup' with build type 'ament_python'
[1.413s] Level 1:colcon.colcon_core.shell:create_environment_hook('lab1_bringup', 'ament_prefix_path')
[1.413s] INFO:colcon.colcon_core.shell:Creating environment hook '/home/felix/robo/robo_ai_turku_2025/install/lab1_bringup/share/lab1_bringup/hook/ament_prefix_path.ps1'
[1.415s] INFO:colcon.colcon_core.shell:Creating environment descriptor '/home/felix/robo/robo_ai_turku_2025/install/lab1_bringup/share/lab1_bringup/hook/ament_prefix_path.dsv'
[1.416s] INFO:colcon.colcon_core.shell:Creating environment hook '/home/felix/robo/robo_ai_turku_2025/install/lab1_bringup/share/lab1_bringup/hook/ament_prefix_path.sh'
[1.416s] INFO:colcon.colcon_core.shell:Skip shell extension 'powershell' for command environment: Not usable outside of PowerShell
[1.416s] DEBUG:colcon.colcon_core.shell:Skip shell extension 'dsv' for command environment
[1.421s] INFO:colcon.colcon_ros.task.ament_python.build:Building ROS package in '/home/felix/robo/robo_ai_turku_2025/ros2_ws/src/task1' with build type 'ament_python'
[1.421s] Level 1:colcon.colcon_core.shell:create_environment_hook('task1', 'ament_prefix_path')
[1.422s] INFO:colcon.colcon_core.shell:Creating environment hook '/home/felix/robo/robo_ai_turku_2025/install/task1/share/task1/hook/ament_prefix_path.ps1'
[1.422s] INFO:colcon.colcon_core.shell:Creating environment descriptor '/home/felix/robo/robo_ai_turku_2025/install/task1/share/task1/hook/ament_prefix_path.dsv'
[1.422s] INFO:colcon.colcon_core.shell:Creating environment hook '/home/felix/robo/robo_ai_turku_2025/install/task1/share/task1/hook/ament_prefix_path.sh'
[1.424s] INFO:colcon.colcon_core.shell:Skip shell extension 'powershell' for command environment: Not usable outside of PowerShell
[1.424s] DEBUG:colcon.colcon_core.shell:Skip shell extension 'dsv' for command environment
[1.439s] DEBUG:colcon.colcon_core.event_handler.log_command:Invoking command in '/home/felix/robo/robo_ai_turku_2025/build/custom_interface': CMAKE_PREFIX_PATH=${CMAKE_PREFIX_PATH}:/home/felix/robo/robo_ai_turku_2025/install/task1:/home/felix/robo/robo_ai_turku_2025/install/lab1_bringup:/home/felix/robo/robo_ai_turku_2025/install/lab01_task05:/home/felix/robo/robo_ai_turku_2025/install/lab01_task03:/home/felix/robo/robo_ai_turku_2025/install/lab01_task02:/home/felix/robo/robo_ai_turku_2025/install/lab01_task01:/home/felix/robo/robo_ai_turku_2025/ros2_ws/install/lab01_task05:/home/felix/robo/robo_ai_turku_2025/ros2_ws/install/lab01_task03:/home/felix/robo/robo_ai_turku_2025/ros2_ws/install/lab01_task02:/home/felix/robo/robo_ai_turku_2025/ros2_ws/install/lab01_task01:/home/felix/robo/robo_ai_turku_2025/ros2_ws/install/lab1_bringup:/home/felix/robo/robo_ai_turku_2025/ros2_ws/install/task1:/opt/ros/humble /usr/bin/cmake --build /home/felix/robo/robo_ai_turku_2025/build/custom_interface -- -j22 -l22
[1.761s] INFO:colcon.colcon_core.task.python.build:Building Python package in '/home/felix/robo/robo_ai_turku_2025/ros2_ws/src/lab01_task01'
[1.761s] INFO:colcon.colcon_core.shell:Skip shell extension 'powershell' for command environment: Not usable outside of PowerShell
[1.761s] DEBUG:colcon.colcon_core.shell:Skip shell extension 'dsv' for command environment
[2.062s] INFO:colcon.colcon_core.task.python.build:Building Python package in '/home/felix/robo/robo_ai_turku_2025/ros2_ws/src/lab01_task02'
[2.062s] INFO:colcon.colcon_core.shell:Skip shell extension 'powershell' for command environment: Not usable outside of PowerShell
[2.062s] DEBUG:colcon.colcon_core.shell:Skip shell extension 'dsv' for command environment
[2.353s] INFO:colcon.colcon_core.task.python.build:Building Python package in '/home/felix/robo/robo_ai_turku_2025/ros2_ws/src/lab1_bringup'
[2.353s] INFO:colcon.colcon_core.shell:Skip shell extension 'powershell' for command environment: Not usable outside of PowerShell
[2.353s] DEBUG:colcon.colcon_core.shell:Skip shell extension 'dsv' for command environment
[2.648s] INFO:colcon.colcon_core.task.python.build:Building Python package in '/home/felix/robo/robo_ai_turku_2025/ros2_ws/src/task1'
[2.648s] INFO:colcon.colcon_core.shell:Skip shell extension 'powershell' for command environment: Not usable outside of PowerShell
[2.648s] DEBUG:colcon.colcon_core.shell:Skip shell extension 'dsv' for command environment
[2.657s] DEBUG:colcon.colcon_core.event_handler.log_command:Invoked command in '/home/felix/robo/robo_ai_turku_2025/build/custom_interface' returned '0': CMAKE_PREFIX_PATH=${CMAKE_PREFIX_PATH}:/home/felix/robo/robo_ai_turku_2025/install/task1:/home/felix/robo/robo_ai_turku_2025/install/lab1_bringup:/home/felix/robo/robo_ai_turku_2025/install/lab01_task05:/home/felix/robo/robo_ai_turku_2025/install/lab01_task03:/home/felix/robo/robo_ai_turku_2025/install/lab01_task02:/home/felix/robo/robo_ai_turku_2025/install/lab01_task01:/home/felix/robo/robo_ai_turku_2025/ros2_ws/install/lab01_task05:/home/felix/robo/robo_ai_turku_2025/ros2_ws/install/lab01_task03:/home/felix/robo/robo_ai_turku_2025/ros2_ws/install/lab01_task02:/home/felix/robo/robo_ai_turku_2025/ros2_ws/install/lab01_task01:/home/felix/robo/robo_ai_turku_2025/ros2_ws/install/lab1_bringup:/home/felix/robo/robo_ai_turku_2025/ros2_ws/install/task1:/opt/ros/humble /usr/bin/cmake --build /home/felix/robo/robo_ai_turku_2025/build/custom_interface -- -j22 -l22
[2.671s] DEBUG:colcon.colcon_core.event_handler.log_command:Invoking command in '/home/felix/robo/robo_ai_turku_2025/build/custom_interface': CMAKE_PREFIX_PATH=${CMAKE_PREFIX_PATH}:/home/felix/robo/robo_ai_turku_2025/install/task1:/home/felix/robo/robo_ai_turku_2025/install/lab1_bringup:/home/felix/robo/robo_ai_turku_2025/install/lab01_task05:/home/felix/robo/robo_ai_turku_2025/install/lab01_task03:/home/felix/robo/robo_ai_turku_2025/install/lab01_task02:/home/felix/robo/robo_ai_turku_2025/install/lab01_task01:/home/felix/robo/robo_ai_turku_2025/ros2_ws/install/lab01_task05:/home/felix/robo/robo_ai_turku_2025/ros2_ws/install/lab01_task03:/home/felix/robo/robo_ai_turku_2025/ros2_ws/install/lab01_task02:/home/felix/robo/robo_ai_turku_2025/ros2_ws/install/lab01_task01:/home/felix/robo/robo_ai_turku_2025/ros2_ws/install/lab1_bringup:/home/felix/robo/robo_ai_turku_2025/ros2_ws/install/task1:/opt/ros/humble /usr/bin/cmake --install /home/felix/robo/robo_ai_turku_2025/build/custom_interface
[2.857s] Level 1:colcon.colcon_core.environment:create_environment_scripts_only(custom_interface)
[2.858s] DEBUG:colcon.colcon_core.event_handler.log_command:Invoked command in '/home/felix/robo/robo_ai_turku_2025/build/custom_interface' returned '0': CMAKE_PREFIX_PATH=${CMAKE_PREFIX_PATH}:/home/felix/robo/robo_ai_turku_2025/install/task1:/home/felix/robo/robo_ai_turku_2025/install/lab1_bringup:/home/felix/robo/robo_ai_turku_2025/install/lab01_task05:/home/felix/robo/robo_ai_turku_2025/install/lab01_task03:/home/felix/robo/robo_ai_turku_2025/install/lab01_task02:/home/felix/robo/robo_ai_turku_2025/install/lab01_task01:/home/felix/robo/robo_ai_turku_2025/ros2_ws/install/lab01_task05:/home/felix/robo/robo_ai_turku_2025/ros2_ws/install/lab01_task03:/home/felix/robo/robo_ai_turku_2025/ros2_ws/install/lab01_task02:/home/felix/robo/robo_ai_turku_2025/ros2_ws/install/lab01_task01:/home/felix/robo/robo_ai_turku_2025/ros2_ws/install/lab1_bringup:/home/felix/robo/robo_ai_turku_2025/ros2_ws/install/task1:/opt/ros/humble /usr/bin/cmake --install /home/felix/robo/robo_ai_turku_2025/build/custom_interface
[2.869s] Level 1:colcon.colcon_core.environment:checking '/home/felix/robo/robo_ai_turku_2025/install/custom_interface' for CMake module files
[2.871s] Level 1:colcon.colcon_core.environment:checking '/home/felix/robo/robo_ai_turku_2025/install/custom_interface' for CMake config files
[2.882s] Level 1:colcon.colcon_core.shell:create_environment_hook('custom_interface', 'cmake_prefix_path')
[2.883s] INFO:colcon.colcon_core.shell:Creating environment hook '/home/felix/robo/robo_ai_turku_2025/install/custom_interface/share/custom_interface/hook/cmake_prefix_path.ps1'
[2.883s] INFO:colcon.colcon_core.shell:Creating environment descriptor '/home/felix/robo/robo_ai_turku_2025/install/custom_interface/share/custom_interface/hook/cmake_prefix_path.dsv'
[2.884s] INFO:colcon.colcon_core.shell:Creating environment hook '/home/felix/robo/robo_ai_turku_2025/install/custom_interface/share/custom_interface/hook/cmake_prefix_path.sh'
[2.885s] Level 1:colcon.colcon_core.environment:checking '/home/felix/robo/robo_ai_turku_2025/install/custom_interface/lib'
[2.886s] Level 1:colcon.colcon_core.shell:create_environment_hook('custom_interface', 'ld_library_path_lib')
[2.886s] INFO:colcon.colcon_core.shell:Creating environment hook '/home/felix/robo/robo_ai_turku_2025/install/custom_interface/share/custom_interface/hook/ld_library_path_lib.ps1'
[2.887s] INFO:colcon.colcon_core.shell:Creating environment descriptor '/home/felix/robo/robo_ai_turku_2025/install/custom_interface/share/custom_interface/hook/ld_library_path_lib.dsv'
[2.888s] INFO:colcon.colcon_core.shell:Creating environment hook '/home/felix/robo/robo_ai_turku_2025/install/custom_interface/share/custom_interface/hook/ld_library_path_lib.sh'
[2.888s] Level 1:colcon.colcon_core.environment:checking '/home/felix/robo/robo_ai_turku_2025/install/custom_interface/bin'
[2.889s] Level 1:colcon.colcon_core.environment:checking '/home/felix/robo/robo_ai_turku_2025/install/custom_interface/lib/pkgconfig/custom_interface.pc'
[2.889s] Level 1:colcon.colcon_core.environment:checking '/home/felix/robo/robo_ai_turku_2025/install/custom_interface/lib/python3.10/site-packages'
[2.889s] Level 1:colcon.colcon_core.environment:checking '/home/felix/robo/robo_ai_turku_2025/install/custom_interface/bin'
[2.890s] INFO:colcon.colcon_core.shell:Creating package script '/home/felix/robo/robo_ai_turku_2025/install/custom_interface/share/custom_interface/package.ps1'
[2.891s] INFO:colcon.colcon_core.shell:Creating package descriptor '/home/felix/robo/robo_ai_turku_2025/install/custom_interface/share/custom_interface/package.dsv'
[2.893s] INFO:colcon.colcon_core.shell:Creating package script '/home/felix/robo/robo_ai_turku_2025/install/custom_interface/share/custom_interface/package.sh'
[2.894s] INFO:colcon.colcon_core.shell:Creating package script '/home/felix/robo/robo_ai_turku_2025/install/custom_interface/share/custom_interface/package.bash'
[2.896s] INFO:colcon.colcon_core.shell:Creating package script '/home/felix/robo/robo_ai_turku_2025/install/custom_interface/share/custom_interface/package.zsh'
[2.898s] Level 1:colcon.colcon_core.environment:create_file_with_runtime_dependencies(/home/felix/robo/robo_ai_turku_2025/install/custom_interface/share/colcon-core/packages/custom_interface)
[2.899s] Level 1:colcon.colcon_core.environment:create_environment_scripts_only(custom_interface)
[2.900s] Level 1:colcon.colcon_core.environment:checking '/home/felix/robo/robo_ai_turku_2025/install/custom_interface' for CMake module files
[2.901s] Level 1:colcon.colcon_core.environment:checking '/home/felix/robo/robo_ai_turku_2025/install/custom_interface' for CMake config files
[2.902s] Level 1:colcon.colcon_core.shell:create_environment_hook('custom_interface', 'cmake_prefix_path')
[2.902s] INFO:colcon.colcon_core.shell:Creating environment hook '/home/felix/robo/robo_ai_turku_2025/install/custom_interface/share/custom_interface/hook/cmake_prefix_path.ps1'
[2.903s] INFO:colcon.colcon_core.shell:Creating environment descriptor '/home/felix/robo/robo_ai_turku_2025/install/custom_interface/share/custom_interface/hook/cmake_prefix_path.dsv'
[2.903s] INFO:colcon.colcon_core.shell:Creating environment hook '/home/felix/robo/robo_ai_turku_2025/install/custom_interface/share/custom_interface/hook/cmake_prefix_path.sh'
[2.905s] Level 1:colcon.colcon_core.environment:checking '/home/felix/robo/robo_ai_turku_2025/install/custom_interface/lib'
[2.905s] Level 1:colcon.colcon_core.shell:create_environment_hook('custom_interface', 'ld_library_path_lib')
[2.905s] INFO:colcon.colcon_core.shell:Creating environment hook '/home/felix/robo/robo_ai_turku_2025/install/custom_interface/share/custom_interface/hook/ld_library_path_lib.ps1'
[2.906s] INFO:colcon.colcon_core.shell:Creating environment descriptor '/home/felix/robo/robo_ai_turku_2025/install/custom_interface/share/custom_interface/hook/ld_library_path_lib.dsv'
[2.906s] INFO:colcon.colcon_core.shell:Creating environment hook '/home/felix/robo/robo_ai_turku_2025/install/custom_interface/share/custom_interface/hook/ld_library_path_lib.sh'
[2.907s] Level 1:colcon.colcon_core.environment:checking '/home/felix/robo/robo_ai_turku_2025/install/custom_interface/bin'
[2.907s] Level 1:colcon.colcon_core.environment:checking '/home/felix/robo/robo_ai_turku_2025/install/custom_interface/lib/pkgconfig/custom_interface.pc'
[2.907s] Level 1:colcon.colcon_core.environment:checking '/home/felix/robo/robo_ai_turku_2025/install/custom_interface/lib/python3.10/site-packages'
[2.908s] Level 1:colcon.colcon_core.environment:checking '/home/felix/robo/robo_ai_turku_2025/install/custom_interface/bin'
[2.908s] INFO:colcon.colcon_core.shell:Creating package script '/home/felix/robo/robo_ai_turku_2025/install/custom_interface/share/custom_interface/package.ps1'
[2.909s] INFO:colcon.colcon_core.shell:Creating package descriptor '/home/felix/robo/robo_ai_turku_2025/install/custom_interface/share/custom_interface/package.dsv'
[2.911s] INFO:colcon.colcon_core.shell:Creating package script '/home/felix/robo/robo_ai_turku_2025/install/custom_interface/share/custom_interface/package.sh'
[2.911s] INFO:colcon.colcon_core.shell:Creating package script '/home/felix/robo/robo_ai_turku_2025/install/custom_interface/share/custom_interface/package.bash'
[2.912s] INFO:colcon.colcon_core.shell:Creating package script '/home/felix/robo/robo_ai_turku_2025/install/custom_interface/share/custom_interface/package.zsh'
[2.912s] Level 1:colcon.colcon_core.environment:create_file_with_runtime_dependencies(/home/felix/robo/robo_ai_turku_2025/install/custom_interface/share/colcon-core/packages/custom_interface)
[2.913s] INFO:colcon.colcon_ros.task.ament_python.build:Building ROS package in '/home/felix/robo/robo_ai_turku_2025/ros2_ws/src/lab01_task03' with build type 'ament_python'
[2.913s] Level 1:colcon.colcon_core.shell:create_environment_hook('lab01_task03', 'ament_prefix_path')
[2.914s] INFO:colcon.colcon_core.shell:Creating environment hook '/home/felix/robo/robo_ai_turku_2025/install/lab01_task03/share/lab01_task03/hook/ament_prefix_path.ps1'
[2.916s] INFO:colcon.colcon_core.shell:Creating environment descriptor '/home/felix/robo/robo_ai_turku_2025/install/lab01_task03/share/lab01_task03/hook/ament_prefix_path.dsv'
[2.917s] INFO:colcon.colcon_core.shell:Creating environment hook '/home/felix/robo/robo_ai_turku_2025/install/lab01_task03/share/lab01_task03/hook/ament_prefix_path.sh'
[2.918s] INFO:colcon.colcon_core.shell:Skip shell extension 'powershell' for command environment: Not usable outside of PowerShell
[2.918s] DEBUG:colcon.colcon_core.shell:Skip shell extension 'dsv' for command environment
[2.924s] INFO:colcon.colcon_ros.task.ament_python.build:Building ROS package in '/home/felix/robo/robo_ai_turku_2025/ros2_ws/src/lab01_task05' with build type 'ament_python'
[2.924s] Level 1:colcon.colcon_core.shell:create_environment_hook('lab01_task05', 'ament_prefix_path')
[2.925s] INFO:colcon.colcon_core.shell:Creating environment hook '/home/felix/robo/robo_ai_turku_2025/install/lab01_task05/share/lab01_task05/hook/ament_prefix_path.ps1'
[2.925s] INFO:colcon.colcon_core.shell:Creating environment descriptor '/home/felix/robo/robo_ai_turku_2025/install/lab01_task05/share/lab01_task05/hook/ament_prefix_path.dsv'
[2.925s] INFO:colcon.colcon_core.shell:Creating environment hook '/home/felix/robo/robo_ai_turku_2025/install/lab01_task05/share/lab01_task05/hook/ament_prefix_path.sh'
[2.926s] INFO:colcon.colcon_core.shell:Skip shell extension 'powershell' for command environment: Not usable outside of PowerShell
[2.926s] DEBUG:colcon.colcon_core.shell:Skip shell extension 'dsv' for command environment
[3.285s] INFO:colcon.colcon_core.task.python.build:Building Python package in '/home/felix/robo/robo_ai_turku_2025/ros2_ws/src/lab01_task05'
[3.286s] INFO:colcon.colcon_core.shell:Skip shell extension 'powershell' for command environment: Not usable outside of PowerShell
[3.286s] DEBUG:colcon.colcon_core.shell:Skip shell extension 'dsv' for command environment
[3.621s] INFO:colcon.colcon_core.task.python.build:Building Python package in '/home/felix/robo/robo_ai_turku_2025/ros2_ws/src/lab01_task03'
[3.621s] INFO:colcon.colcon_core.shell:Skip shell extension 'powershell' for command environment: Not usable outside of PowerShell
[3.621s] DEBUG:colcon.colcon_core.shell:Skip shell extension 'dsv' for command environment
[3.638s] DEBUG:colcon.colcon_core.event_handler.log_command:Invoking command in '/home/felix/robo/robo_ai_turku_2025/ros2_ws/src/task1': PYTHONPATH=/home/felix/robo/robo_ai_turku_2025/build/task1/prefix_override:/usr/lib/python3/dist-packages/colcon_core/task/python/colcon_distutils_commands:/home/felix/robo/robo_ai_turku_2025/install/task1/lib/python3.10/site-packages:${PYTHONPATH} /usr/bin/python3 -W ignore:setup.py install is deprecated -W ignore:easy_install command is deprecated setup.py egg_info --egg-base ../../../build/task1 build --build-base /home/felix/robo/robo_ai_turku_2025/build/task1/build install --record /home/felix/robo/robo_ai_turku_2025/build/task1/install.log --single-version-externally-managed install_data
[3.650s] DEBUG:colcon.colcon_core.event_handler.log_command:Invoking command in '/home/felix/robo/robo_ai_turku_2025/ros2_ws/src/lab01_task01': PYTHONPATH=/home/felix/robo/robo_ai_turku_2025/build/lab01_task01/prefix_override:/usr/lib/python3/dist-packages/colcon_core/task/python/colcon_distutils_commands:/home/felix/robo/robo_ai_turku_2025/install/lab01_task01/lib/python3.10/site-packages:${PYTHONPATH} /usr/bin/python3 -W ignore:setup.py install is deprecated -W ignore:easy_install command is deprecated setup.py egg_info --egg-base ../../../build/lab01_task01 build --build-base /home/felix/robo/robo_ai_turku_2025/build/lab01_task01/build install --record /home/felix/robo/robo_ai_turku_2025/build/lab01_task01/install.log --single-version-externally-managed install_data
[3.651s] DEBUG:colcon.colcon_core.event_handler.log_command:Invoking command in '/home/felix/robo/robo_ai_turku_2025/ros2_ws/src/lab1_bringup': PYTHONPATH=/home/felix/robo/robo_ai_turku_2025/build/lab1_bringup/prefix_override:/usr/lib/python3/dist-packages/colcon_core/task/python/colcon_distutils_commands:/home/felix/robo/robo_ai_turku_2025/install/lab1_bringup/lib/python3.10/site-packages:${PYTHONPATH} /usr/bin/python3 -W ignore:setup.py install is deprecated -W ignore:easy_install command is deprecated setup.py egg_info --egg-base ../../../build/lab1_bringup build --build-base /home/felix/robo/robo_ai_turku_2025/build/lab1_bringup/build install --record /home/felix/robo/robo_ai_turku_2025/build/lab1_bringup/install.log --single-version-externally-managed install_data
[3.659s] DEBUG:colcon.colcon_core.event_handler.log_command:Invoking command in '/home/felix/robo/robo_ai_turku_2025/ros2_ws/src/lab01_task02': PYTHONPATH=/home/felix/robo/robo_ai_turku_2025/build/lab01_task02/prefix_override:/usr/lib/python3/dist-packages/colcon_core/task/python/colcon_distutils_commands:/home/felix/robo/robo_ai_turku_2025/install/lab01_task02/lib/python3.10/site-packages:${PYTHONPATH} /usr/bin/python3 -W ignore:setup.py install is deprecated -W ignore:easy_install command is deprecated setup.py egg_info --egg-base ../../../build/lab01_task02 build --build-base /home/felix/robo/robo_ai_turku_2025/build/lab01_task02/build install --record /home/felix/robo/robo_ai_turku_2025/build/lab01_task02/install.log --single-version-externally-managed install_data
[4.016s] Level 1:colcon.colcon_core.environment:checking '/home/felix/robo/robo_ai_turku_2025/install/task1' for CMake module files
[4.018s] DEBUG:colcon.colcon_core.event_handler.log_command:Invoked command in '/home/felix/robo/robo_ai_turku_2025/ros2_ws/src/task1' returned '0': PYTHONPATH=/home/felix/robo/robo_ai_turku_2025/build/task1/prefix_override:/usr/lib/python3/dist-packages/colcon_core/task/python/colcon_distutils_commands:/home/felix/robo/robo_ai_turku_2025/install/task1/lib/python3.10/site-packages:${PYTHONPATH} /usr/bin/python3 -W ignore:setup.py install is deprecated -W ignore:easy_install command is deprecated setup.py egg_info --egg-base ../../../build/task1 build --build-base /home/felix/robo/robo_ai_turku_2025/build/task1/build install --record /home/felix/robo/robo_ai_turku_2025/build/task1/install.log --single-version-externally-managed install_data
[4.019s] Level 1:colcon.colcon_core.environment:checking '/home/felix/robo/robo_ai_turku_2025/install/task1' for CMake config files
[4.031s] Level 1:colcon.colcon_core.environment:checking '/home/felix/robo/robo_ai_turku_2025/install/task1/lib'
[4.032s] Level 1:colcon.colcon_core.environment:checking '/home/felix/robo/robo_ai_turku_2025/install/task1/bin'
[4.032s] Level 1:colcon.colcon_core.environment:checking '/home/felix/robo/robo_ai_turku_2025/install/task1/lib/pkgconfig/task1.pc'
[4.032s] Level 1:colcon.colcon_core.environment:checking '/home/felix/robo/robo_ai_turku_2025/install/task1/lib/python3.10/site-packages'
[4.032s] Level 1:colcon.colcon_core.shell:create_environment_hook('task1', 'pythonpath')
[4.033s] INFO:colcon.colcon_core.shell:Creating environment hook '/home/felix/robo/robo_ai_turku_2025/install/task1/share/task1/hook/pythonpath.ps1'
[4.034s] INFO:colcon.colcon_core.shell:Creating environment descriptor '/home/felix/robo/robo_ai_turku_2025/install/task1/share/task1/hook/pythonpath.dsv'
[4.037s] INFO:colcon.colcon_core.shell:Creating environment hook '/home/felix/robo/robo_ai_turku_2025/install/task1/share/task1/hook/pythonpath.sh'
[4.038s] Level 1:colcon.colcon_core.environment:checking '/home/felix/robo/robo_ai_turku_2025/install/task1/bin'
[4.038s] Level 1:colcon.colcon_core.environment:create_environment_scripts_only(task1)
[4.039s] INFO:colcon.colcon_core.shell:Creating package script '/home/felix/robo/robo_ai_turku_2025/install/task1/share/task1/package.ps1'
[4.041s] INFO:colcon.colcon_core.shell:Creating package descriptor '/home/felix/robo/robo_ai_turku_2025/install/task1/share/task1/package.dsv'
[4.042s] INFO:colcon.colcon_core.shell:Creating package script '/home/felix/robo/robo_ai_turku_2025/install/task1/share/task1/package.sh'
[4.043s] INFO:colcon.colcon_core.shell:Creating package script '/home/felix/robo/robo_ai_turku_2025/install/task1/share/task1/package.bash'
[4.043s] INFO:colcon.colcon_core.shell:Creating package script '/home/felix/robo/robo_ai_turku_2025/install/task1/share/task1/package.zsh'
[4.044s] Level 1:colcon.colcon_core.environment:create_file_with_runtime_dependencies(/home/felix/robo/robo_ai_turku_2025/install/task1/share/colcon-core/packages/task1)
[4.048s] Level 1:colcon.colcon_core.environment:checking '/home/felix/robo/robo_ai_turku_2025/install/lab01_task02' for CMake module files
[4.049s] DEBUG:colcon.colcon_core.event_handler.log_command:Invoked command in '/home/felix/robo/robo_ai_turku_2025/ros2_ws/src/lab01_task02' returned '0': PYTHONPATH=/home/felix/robo/robo_ai_turku_2025/build/lab01_task02/prefix_override:/usr/lib/python3/dist-packages/colcon_core/task/python/colcon_distutils_commands:/home/felix/robo/robo_ai_turku_2025/install/lab01_task02/lib/python3.10/site-packages:${PYTHONPATH} /usr/bin/python3 -W ignore:setup.py install is deprecated -W ignore:easy_install command is deprecated setup.py egg_info --egg-base ../../../build/lab01_task02 build --build-base /home/felix/robo/robo_ai_turku_2025/build/lab01_task02/build install --record /home/felix/robo/robo_ai_turku_2025/build/lab01_task02/install.log --single-version-externally-managed install_data
[4.052s] Level 1:colcon.colcon_core.environment:checking '/home/felix/robo/robo_ai_turku_2025/install/lab01_task02' for CMake config files
[4.062s] Level 1:colcon.colcon_core.environment:checking '/home/felix/robo/robo_ai_turku_2025/install/lab01_task02/lib'
[4.062s] Level 1:colcon.colcon_core.environment:checking '/home/felix/robo/robo_ai_turku_2025/install/lab01_task02/bin'
[4.062s] Level 1:colcon.colcon_core.environment:checking '/home/felix/robo/robo_ai_turku_2025/install/lab01_task02/lib/pkgconfig/lab01_task02.pc'
[4.063s] Level 1:colcon.colcon_core.environment:checking '/home/felix/robo/robo_ai_turku_2025/install/lab01_task02/lib/python3.10/site-packages'
[4.063s] Level 1:colcon.colcon_core.shell:create_environment_hook('lab01_task02', 'pythonpath')
[4.064s] INFO:colcon.colcon_core.shell:Creating environment hook '/home/felix/robo/robo_ai_turku_2025/install/lab01_task02/share/lab01_task02/hook/pythonpath.ps1'
[4.065s] INFO:colcon.colcon_core.shell:Creating environment descriptor '/home/felix/robo/robo_ai_turku_2025/install/lab01_task02/share/lab01_task02/hook/pythonpath.dsv'
[4.066s] INFO:colcon.colcon_core.shell:Creating environment hook '/home/felix/robo/robo_ai_turku_2025/install/lab01_task02/share/lab01_task02/hook/pythonpath.sh'
[4.066s] Level 1:colcon.colcon_core.environment:checking '/home/felix/robo/robo_ai_turku_2025/install/lab01_task02/bin'
[4.066s] Level 1:colcon.colcon_core.environment:create_environment_scripts_only(lab01_task02)
[4.067s] INFO:colcon.colcon_core.shell:Creating package script '/home/felix/robo/robo_ai_turku_2025/install/lab01_task02/share/lab01_task02/package.ps1'
[4.067s] INFO:colcon.colcon_core.shell:Creating package descriptor '/home/felix/robo/robo_ai_turku_2025/install/lab01_task02/share/lab01_task02/package.dsv'
[4.068s] INFO:colcon.colcon_core.shell:Creating package script '/home/felix/robo/robo_ai_turku_2025/install/lab01_task02/share/lab01_task02/package.sh'
[4.068s] INFO:colcon.colcon_core.shell:Creating package script '/home/felix/robo/robo_ai_turku_2025/install/lab01_task02/share/lab01_task02/package.bash'
[4.069s] INFO:colcon.colcon_core.shell:Creating package script '/home/felix/robo/robo_ai_turku_2025/install/lab01_task02/share/lab01_task02/package.zsh'
[4.069s] Level 1:colcon.colcon_core.environment:create_file_with_runtime_dependencies(/home/felix/robo/robo_ai_turku_2025/install/lab01_task02/share/colcon-core/packages/lab01_task02)
[4.072s] Level 1:colcon.colcon_core.environment:checking '/home/felix/robo/robo_ai_turku_2025/install/lab01_task01' for CMake module files
[4.073s] DEBUG:colcon.colcon_core.event_handler.log_command:Invoked command in '/home/felix/robo/robo_ai_turku_2025/ros2_ws/src/lab01_task01' returned '0': PYTHONPATH=/home/felix/robo/robo_ai_turku_2025/build/lab01_task01/prefix_override:/usr/lib/python3/dist-packages/colcon_core/task/python/colcon_distutils_commands:/home/felix/robo/robo_ai_turku_2025/install/lab01_task01/lib/python3.10/site-packages:${PYTHONPATH} /usr/bin/python3 -W ignore:setup.py install is deprecated -W ignore:easy_install command is deprecated setup.py egg_info --egg-base ../../../build/lab01_task01 build --build-base /home/felix/robo/robo_ai_turku_2025/build/lab01_task01/build install --record /home/felix/robo/robo_ai_turku_2025/build/lab01_task01/install.log --single-version-externally-managed install_data
[4.075s] Level 1:colcon.colcon_core.environment:checking '/home/felix/robo/robo_ai_turku_2025/install/lab01_task01' for CMake config files
[4.083s] Level 1:colcon.colcon_core.environment:checking '/home/felix/robo/robo_ai_turku_2025/install/lab01_task01/lib'
[4.083s] Level 1:colcon.colcon_core.environment:checking '/home/felix/robo/robo_ai_turku_2025/install/lab01_task01/bin'
[4.083s] Level 1:colcon.colcon_core.environment:checking '/home/felix/robo/robo_ai_turku_2025/install/lab01_task01/lib/pkgconfig/lab01_task01.pc'
[4.083s] Level 1:colcon.colcon_core.environment:checking '/home/felix/robo/robo_ai_turku_2025/install/lab01_task01/lib/python3.10/site-packages'
[4.083s] Level 1:colcon.colcon_core.shell:create_environment_hook('lab01_task01', 'pythonpath')
[4.084s] INFO:colcon.colcon_core.shell:Creating environment hook '/home/felix/robo/robo_ai_turku_2025/install/lab01_task01/share/lab01_task01/hook/pythonpath.ps1'
[4.084s] INFO:colcon.colcon_core.shell:Creating environment descriptor '/home/felix/robo/robo_ai_turku_2025/install/lab01_task01/share/lab01_task01/hook/pythonpath.dsv'
[4.085s] INFO:colcon.colcon_core.shell:Creating environment hook '/home/felix/robo/robo_ai_turku_2025/install/lab01_task01/share/lab01_task01/hook/pythonpath.sh'
[4.085s] Level 1:colcon.colcon_core.environment:checking '/home/felix/robo/robo_ai_turku_2025/install/lab01_task01/bin'
[4.085s] Level 1:colcon.colcon_core.environment:create_environment_scripts_only(lab01_task01)
[4.086s] INFO:colcon.colcon_core.shell:Creating package script '/home/felix/robo/robo_ai_turku_2025/install/lab01_task01/share/lab01_task01/package.ps1'
[4.086s] INFO:colcon.colcon_core.shell:Creating package descriptor '/home/felix/robo/robo_ai_turku_2025/install/lab01_task01/share/lab01_task01/package.dsv'
[4.087s] INFO:colcon.colcon_core.shell:Creating package script '/home/felix/robo/robo_ai_turku_2025/install/lab01_task01/share/lab01_task01/package.sh'
[4.087s] INFO:colcon.colcon_core.shell:Creating package script '/home/felix/robo/robo_ai_turku_2025/install/lab01_task01/share/lab01_task01/package.bash'
[4.088s] INFO:colcon.colcon_core.shell:Creating package script '/home/felix/robo/robo_ai_turku_2025/install/lab01_task01/share/lab01_task01/package.zsh'
[4.088s] Level 1:colcon.colcon_core.environment:create_file_with_runtime_dependencies(/home/felix/robo/robo_ai_turku_2025/install/lab01_task01/share/colcon-core/packages/lab01_task01)
[4.090s] Level 1:colcon.colcon_core.environment:checking '/home/felix/robo/robo_ai_turku_2025/install/lab1_bringup' for CMake module files
[4.091s] DEBUG:colcon.colcon_core.event_handler.log_command:Invoked command in '/home/felix/robo/robo_ai_turku_2025/ros2_ws/src/lab1_bringup' returned '0': PYTHONPATH=/home/felix/robo/robo_ai_turku_2025/build/lab1_bringup/prefix_override:/usr/lib/python3/dist-packages/colcon_core/task/python/colcon_distutils_commands:/home/felix/robo/robo_ai_turku_2025/install/lab1_bringup/lib/python3.10/site-packages:${PYTHONPATH} /usr/bin/python3 -W ignore:setup.py install is deprecated -W ignore:easy_install command is deprecated setup.py egg_info --egg-base ../../../build/lab1_bringup build --build-base /home/felix/robo/robo_ai_turku_2025/build/lab1_bringup/build install --record /home/felix/robo/robo_ai_turku_2025/build/lab1_bringup/install.log --single-version-externally-managed install_data
[4.092s] Level 1:colcon.colcon_core.environment:checking '/home/felix/robo/robo_ai_turku_2025/install/lab1_bringup' for CMake config files
[4.097s] Level 1:colcon.colcon_core.environment:checking '/home/felix/robo/robo_ai_turku_2025/install/lab1_bringup/lib'
[4.097s] Level 1:colcon.colcon_core.environment:checking '/home/felix/robo/robo_ai_turku_2025/install/lab1_bringup/bin'
[4.098s] Level 1:colcon.colcon_core.environment:checking '/home/felix/robo/robo_ai_turku_2025/install/lab1_bringup/lib/pkgconfig/lab1_bringup.pc'
[4.098s] Level 1:colcon.colcon_core.environment:checking '/home/felix/robo/robo_ai_turku_2025/install/lab1_bringup/lib/python3.10/site-packages'
[4.098s] Level 1:colcon.colcon_core.shell:create_environment_hook('lab1_bringup', 'pythonpath')
[4.099s] INFO:colcon.colcon_core.shell:Creating environment hook '/home/felix/robo/robo_ai_turku_2025/install/lab1_bringup/share/lab1_bringup/hook/pythonpath.ps1'
[4.100s] INFO:colcon.colcon_core.shell:Creating environment descriptor '/home/felix/robo/robo_ai_turku_2025/install/lab1_bringup/share/lab1_bringup/hook/pythonpath.dsv'
[4.100s] INFO:colcon.colcon_core.shell:Creating environment hook '/home/felix/robo/robo_ai_turku_2025/install/lab1_bringup/share/lab1_bringup/hook/pythonpath.sh'
[4.101s] Level 1:colcon.colcon_core.environment:checking '/home/felix/robo/robo_ai_turku_2025/install/lab1_bringup/bin'
[4.101s] Level 1:colcon.colcon_core.environment:create_environment_scripts_only(lab1_bringup)
[4.101s] INFO:colcon.colcon_core.shell:Creating package script '/home/felix/robo/robo_ai_turku_2025/install/lab1_bringup/share/lab1_bringup/package.ps1'
[4.102s] INFO:colcon.colcon_core.shell:Creating package descriptor '/home/felix/robo/robo_ai_turku_2025/install/lab1_bringup/share/lab1_bringup/package.dsv'
[4.102s] INFO:colcon.colcon_core.shell:Creating package script '/home/felix/robo/robo_ai_turku_2025/install/lab1_bringup/share/lab1_bringup/package.sh'
[4.103s] INFO:colcon.colcon_core.shell:Creating package script '/home/felix/robo/robo_ai_turku_2025/install/lab1_bringup/share/lab1_bringup/package.bash'
[4.103s] INFO:colcon.colcon_core.shell:Creating package script '/home/felix/robo/robo_ai_turku_2025/install/lab1_bringup/share/lab1_bringup/package.zsh'
[4.103s] Level 1:colcon.colcon_core.environment:create_file_with_runtime_dependencies(/home/felix/robo/robo_ai_turku_2025/install/lab1_bringup/share/colcon-core/packages/lab1_bringup)
[4.110s] DEBUG:colcon.colcon_core.event_handler.log_command:Invoking command in '/home/felix/robo/robo_ai_turku_2025/ros2_ws/src/lab01_task05': PYTHONPATH=/home/felix/robo/robo_ai_turku_2025/build/lab01_task05/prefix_override:/usr/lib/python3/dist-packages/colcon_core/task/python/colcon_distutils_commands:/home/felix/robo/robo_ai_turku_2025/install/lab01_task05/lib/python3.10/site-packages:${PYTHONPATH} /usr/bin/python3 -W ignore:setup.py install is deprecated -W ignore:easy_install command is deprecated setup.py egg_info --egg-base ../../../build/lab01_task05 build --build-base /home/felix/robo/robo_ai_turku_2025/build/lab01_task05/build install --record /home/felix/robo/robo_ai_turku_2025/build/lab01_task05/install.log --single-version-externally-managed install_data
[4.201s] DEBUG:colcon.colcon_core.event_handler.log_command:Invoking command in '/home/felix/robo/robo_ai_turku_2025/ros2_ws/src/lab01_task03': PYTHONPATH=/home/felix/robo/robo_ai_turku_2025/build/lab01_task03/prefix_override:/usr/lib/python3/dist-packages/colcon_core/task/python/colcon_distutils_commands:/home/felix/robo/robo_ai_turku_2025/install/lab01_task03/lib/python3.10/site-packages:${PYTHONPATH} /usr/bin/python3 -W ignore:setup.py install is deprecated -W ignore:easy_install command is deprecated setup.py egg_info --egg-base ../../../build/lab01_task03 build --build-base /home/felix/robo/robo_ai_turku_2025/build/lab01_task03/build install --record /home/felix/robo/robo_ai_turku_2025/build/lab01_task03/install.log --single-version-externally-managed install_data
[4.451s] Level 1:colcon.colcon_core.environment:checking '/home/felix/robo/robo_ai_turku_2025/install/lab01_task05' for CMake module files
[4.451s] DEBUG:colcon.colcon_core.event_handler.log_command:Invoked command in '/home/felix/robo/robo_ai_turku_2025/ros2_ws/src/lab01_task05' returned '0': PYTHONPATH=/home/felix/robo/robo_ai_turku_2025/build/lab01_task05/prefix_override:/usr/lib/python3/dist-packages/colcon_core/task/python/colcon_distutils_commands:/home/felix/robo/robo_ai_turku_2025/install/lab01_task05/lib/python3.10/site-packages:${PYTHONPATH} /usr/bin/python3 -W ignore:setup.py install is deprecated -W ignore:easy_install command is deprecated setup.py egg_info --egg-base ../../../build/lab01_task05 build --build-base /home/felix/robo/robo_ai_turku_2025/build/lab01_task05/build install --record /home/felix/robo/robo_ai_turku_2025/build/lab01_task05/install.log --single-version-externally-managed install_data
[4.452s] Level 1:colcon.colcon_core.environment:checking '/home/felix/robo/robo_ai_turku_2025/install/lab01_task05' for CMake config files
[4.458s] Level 1:colcon.colcon_core.environment:checking '/home/felix/robo/robo_ai_turku_2025/install/lab01_task05/lib'
[4.458s] Level 1:colcon.colcon_core.environment:checking '/home/felix/robo/robo_ai_turku_2025/install/lab01_task05/bin'
[4.458s] Level 1:colcon.colcon_core.environment:checking '/home/felix/robo/robo_ai_turku_2025/install/lab01_task05/lib/pkgconfig/lab01_task05.pc'
[4.458s] Level 1:colcon.colcon_core.environment:checking '/home/felix/robo/robo_ai_turku_2025/install/lab01_task05/lib/python3.10/site-packages'
[4.458s] Level 1:colcon.colcon_core.shell:create_environment_hook('lab01_task05', 'pythonpath')
[4.459s] INFO:colcon.colcon_core.shell:Creating environment hook '/home/felix/robo/robo_ai_turku_2025/install/lab01_task05/share/lab01_task05/hook/pythonpath.ps1'
[4.459s] INFO:colcon.colcon_core.shell:Creating environment descriptor '/home/felix/robo/robo_ai_turku_2025/install/lab01_task05/share/lab01_task05/hook/pythonpath.dsv'
[4.460s] INFO:colcon.colcon_core.shell:Creating environment hook '/home/felix/robo/robo_ai_turku_2025/install/lab01_task05/share/lab01_task05/hook/pythonpath.sh'
[4.460s] Level 1:colcon.colcon_core.environment:checking '/home/felix/robo/robo_ai_turku_2025/install/lab01_task05/bin'
[4.460s] Level 1:colcon.colcon_core.environment:create_environment_scripts_only(lab01_task05)
[4.461s] INFO:colcon.colcon_core.shell:Creating package script '/home/felix/robo/robo_ai_turku_2025/install/lab01_task05/share/lab01_task05/package.ps1'
[4.461s] INFO:colcon.colcon_core.shell:Creating package descriptor '/home/felix/robo/robo_ai_turku_2025/install/lab01_task05/share/lab01_task05/package.dsv'
[4.461s] INFO:colcon.colcon_core.shell:Creating package script '/home/felix/robo/robo_ai_turku_2025/install/lab01_task05/share/lab01_task05/package.sh'
[4.462s] INFO:colcon.colcon_core.shell:Creating package script '/home/felix/robo/robo_ai_turku_2025/install/lab01_task05/share/lab01_task05/package.bash'
[4.462s] INFO:colcon.colcon_core.shell:Creating package script '/home/felix/robo/robo_ai_turku_2025/install/lab01_task05/share/lab01_task05/package.zsh'
[4.463s] Level 1:colcon.colcon_core.environment:create_file_with_runtime_dependencies(/home/felix/robo/robo_ai_turku_2025/install/lab01_task05/share/colcon-core/packages/lab01_task05)
[4.527s] Level 1:colcon.colcon_core.environment:checking '/home/felix/robo/robo_ai_turku_2025/install/lab01_task03' for CMake module files
[4.528s] DEBUG:colcon.colcon_core.event_handler.log_command:Invoked command in '/home/felix/robo/robo_ai_turku_2025/ros2_ws/src/lab01_task03' returned '0': PYTHONPATH=/home/felix/robo/robo_ai_turku_2025/build/lab01_task03/prefix_override:/usr/lib/python3/dist-packages/colcon_core/task/python/colcon_distutils_commands:/home/felix/robo/robo_ai_turku_2025/install/lab01_task03/lib/python3.10/site-packages:${PYTHONPATH} /usr/bin/python3 -W ignore:setup.py install is deprecated -W ignore:easy_install command is deprecated setup.py egg_info --egg-base ../../../build/lab01_task03 build --build-base /home/felix/robo/robo_ai_turku_2025/build/lab01_task03/build install --record /home/felix/robo/robo_ai_turku_2025/build/lab01_task03/install.log --single-version-externally-managed install_data
[4.530s] Level 1:colcon.colcon_core.environment:checking '/home/felix/robo/robo_ai_turku_2025/install/lab01_task03' for CMake config files
[4.535s] Level 1:colcon.colcon_core.environment:checking '/home/felix/robo/robo_ai_turku_2025/install/lab01_task03/lib'
[4.536s] Level 1:colcon.colcon_core.environment:checking '/home/felix/robo/robo_ai_turku_2025/install/lab01_task03/bin'
[4.536s] Level 1:colcon.colcon_core.environment:checking '/home/felix/robo/robo_ai_turku_2025/install/lab01_task03/lib/pkgconfig/lab01_task03.pc'
[4.536s] Level 1:colcon.colcon_core.environment:checking '/home/felix/robo/robo_ai_turku_2025/install/lab01_task03/lib/python3.10/site-packages'
[4.536s] Level 1:colcon.colcon_core.shell:create_environment_hook('lab01_task03', 'pythonpath')
[4.536s] INFO:colcon.colcon_core.shell:Creating environment hook '/home/felix/robo/robo_ai_turku_2025/install/lab01_task03/share/lab01_task03/hook/pythonpath.ps1'
[4.537s] INFO:colcon.colcon_core.shell:Creating environment descriptor '/home/felix/robo/robo_ai_turku_2025/install/lab01_task03/share/lab01_task03/hook/pythonpath.dsv'
[4.537s] INFO:colcon.colcon_core.shell:Creating environment hook '/home/felix/robo/robo_ai_turku_2025/install/lab01_task03/share/lab01_task03/hook/pythonpath.sh'
[4.538s] Level 1:colcon.colcon_core.environment:checking '/home/felix/robo/robo_ai_turku_2025/install/lab01_task03/bin'
[4.538s] Level 1:colcon.colcon_core.environment:create_environment_scripts_only(lab01_task03)
[4.538s] INFO:colcon.colcon_core.shell:Creating package script '/home/felix/robo/robo_ai_turku_2025/install/lab01_task03/share/lab01_task03/package.ps1'
[4.539s] INFO:colcon.colcon_core.shell:Creating package descriptor '/home/felix/robo/robo_ai_turku_2025/install/lab01_task03/share/lab01_task03/package.dsv'
[4.540s] INFO:colcon.colcon_core.shell:Creating package script '/home/felix/robo/robo_ai_turku_2025/install/lab01_task03/share/lab01_task03/package.sh'
[4.541s] INFO:colcon.colcon_core.shell:Creating package script '/home/felix/robo/robo_ai_turku_2025/install/lab01_task03/share/lab01_task03/package.bash'
[4.542s] INFO:colcon.colcon_core.shell:Creating package script '/home/felix/robo/robo_ai_turku_2025/install/lab01_task03/share/lab01_task03/package.zsh'
[4.542s] Level 1:colcon.colcon_core.environment:create_file_with_runtime_dependencies(/home/felix/robo/robo_ai_turku_2025/install/lab01_task03/share/colcon-core/packages/lab01_task03)
[4.543s] DEBUG:colcon.colcon_parallel_executor.executor.parallel:closing loop
[4.544s] DEBUG:colcon.colcon_parallel_executor.executor.parallel:loop closed
[4.545s] DEBUG:colcon.colcon_parallel_executor.executor.parallel:run_until_complete finished with '0'
[4.546s] DEBUG:colcon.colcon_core.event_reactor:joining thread
[4.613s] INFO:colcon.colcon_core.plugin_system:Skipping extension 'colcon_notification.desktop_notification.notify_send': Could not find 'notify-send'
[4.614s] INFO:colcon.colcon_core.plugin_system:Skipping extension 'colcon_notification.desktop_notification.terminal_notifier': Not used on non-Darwin systems
[4.614s] INFO:colcon.colcon_core.plugin_system:Skipping extension 'colcon_notification.desktop_notification.win32': Not used on non-Windows systems
[4.614s] INFO:colcon.colcon_notification.desktop_notification:Sending desktop notification using 'notify2'
[4.614s] DEBUG:colcon.colcon_notification.desktop_notification.notify2:Failed to initialize notify2: org.freedesktop.DBus.Error.FileNotFound: Failed to connect to socket /run/user/1000/bus: No such file or directory
[4.614s] DEBUG:colcon.colcon_core.event_reactor:joined thread
[4.615s] INFO:colcon.colcon_core.shell:Creating prefix script '/home/felix/robo/robo_ai_turku_2025/install/local_setup.ps1'
[4.617s] INFO:colcon.colcon_core.shell:Creating prefix util module '/home/felix/robo/robo_ai_turku_2025/install/_local_setup_util_ps1.py'
[4.619s] INFO:colcon.colcon_core.shell:Creating prefix chain script '/home/felix/robo/robo_ai_turku_2025/install/setup.ps1'
[4.622s] INFO:colcon.colcon_core.shell:Creating prefix script '/home/felix/robo/robo_ai_turku_2025/install/local_setup.sh'
[4.623s] INFO:colcon.colcon_core.shell:Creating prefix util module '/home/felix/robo/robo_ai_turku_2025/install/_local_setup_util_sh.py'
[4.624s] INFO:colcon.colcon_core.shell:Creating prefix chain script '/home/felix/robo/robo_ai_turku_2025/install/setup.sh'
[4.627s] INFO:colcon.colcon_core.shell:Creating prefix script '/home/felix/robo/robo_ai_turku_2025/install/local_setup.bash'
[4.628s] INFO:colcon.colcon_core.shell:Creating prefix chain script '/home/felix/robo/robo_ai_turku_2025/install/setup.bash'
[4.630s] INFO:colcon.colcon_core.shell:Creating prefix script '/home/felix/robo/robo_ai_turku_2025/install/local_setup.zsh'
[4.631s] INFO:colcon.colcon_core.shell:Creating prefix chain script '/home/felix/robo/robo_ai_turku_2025/install/setup.zsh'
