running egg_info
writing ../build/name_navigation_stack/name_navigation_stack.egg-info/PKG-INFO
writing dependency_links to ../build/name_navigation_stack/name_navigation_stack.egg-info/dependency_links.txt
writing entry points to ../build/name_navigation_stack/name_navigation_stack.egg-info/entry_points.txt
writing requirements to ../build/name_navigation_stack/name_navigation_stack.egg-info/requires.txt
writing top-level names to ../build/name_navigation_stack/name_navigation_stack.egg-info/top_level.txt
reading manifest file '../build/name_navigation_stack/name_navigation_stack.egg-info/SOURCES.txt'
adding license file 'LICENSE'
writing manifest file '../build/name_navigation_stack/name_navigation_stack.egg-info/SOURCES.txt'
running build
running build_py
running install
running install_lib
running install_data
running install_egg_info
removing '/home/bot/Algo2025/robo_ai_turku_2025/ros2_lab6_ws/src/install/name_navigation_stack/lib/python3.10/site-packages/name_navigation_stack-0.0.0-py3.10.egg-info' (and everything under it)
Copying ../build/name_navigation_stack/name_navigation_stack.egg-info to /home/bot/Algo2025/robo_ai_turku_2025/ros2_lab6_ws/src/install/name_navigation_stack/lib/python3.10/site-packages/name_navigation_stack-0.0.0-py3.10.egg-info
running install_scripts
Installing mapper script to /home/bot/Algo2025/robo_ai_turku_2025/ros2_lab6_ws/src/install/name_navigation_stack/lib/name_navigation_stack
Installing visualize script to /home/bot/Algo2025/robo_ai_turku_2025/ros2_lab6_ws/src/install/name_navigation_stack/lib/name_navigation_stack
Installing wp_follower script to /home/bot/Algo2025/robo_ai_turku_2025/ros2_lab6_ws/src/install/name_navigation_stack/lib/name_navigation_stack
writing list of installed files to '/home/bot/Algo2025/robo_ai_turku_2025/ros2_lab6_ws/src/build/name_navigation_stack/install.log'
