running egg_info
creating ../../../build/lab01_task03/lab01_task03.egg-info
writing ../../../build/lab01_task03/lab01_task03.egg-info/PKG-INFO
writing dependency_links to ../../../build/lab01_task03/lab01_task03.egg-info/dependency_links.txt
writing entry points to ../../../build/lab01_task03/lab01_task03.egg-info/entry_points.txt
writing requirements to ../../../build/lab01_task03/lab01_task03.egg-info/requires.txt
writing top-level names to ../../../build/lab01_task03/lab01_task03.egg-info/top_level.txt
writing manifest file '../../../build/lab01_task03/lab01_task03.egg-info/SOURCES.txt'
reading manifest file '../../../build/lab01_task03/lab01_task03.egg-info/SOURCES.txt'
adding license file 'LICENSE'
writing manifest file '../../../build/lab01_task03/lab01_task03.egg-info/SOURCES.txt'
running build
running build_py
creating /home/michael/robo_ai_turku_2025/build/lab01_task03/build
creating /home/michael/robo_ai_turku_2025/build/lab01_task03/build/lib
creating /home/michael/robo_ai_turku_2025/build/lab01_task03/build/lib/lab01_task03
copying lab01_task03/server.py -> /home/michael/robo_ai_turku_2025/build/lab01_task03/build/lib/lab01_task03
copying lab01_task03/__init__.py -> /home/michael/robo_ai_turku_2025/build/lab01_task03/build/lib/lab01_task03
copying lab01_task03/client.py -> /home/michael/robo_ai_turku_2025/build/lab01_task03/build/lib/lab01_task03
running install
running install_lib
creating /home/michael/robo_ai_turku_2025/install/lab01_task03/lib/python3.10/site-packages/lab01_task03
copying /home/michael/robo_ai_turku_2025/build/lab01_task03/build/lib/lab01_task03/server.py -> /home/michael/robo_ai_turku_2025/install/lab01_task03/lib/python3.10/site-packages/lab01_task03
copying /home/michael/robo_ai_turku_2025/build/lab01_task03/build/lib/lab01_task03/__init__.py -> /home/michael/robo_ai_turku_2025/install/lab01_task03/lib/python3.10/site-packages/lab01_task03
copying /home/michael/robo_ai_turku_2025/build/lab01_task03/build/lib/lab01_task03/client.py -> /home/michael/robo_ai_turku_2025/install/lab01_task03/lib/python3.10/site-packages/lab01_task03
byte-compiling /home/michael/robo_ai_turku_2025/install/lab01_task03/lib/python3.10/site-packages/lab01_task03/server.py to server.cpython-310.pyc
byte-compiling /home/michael/robo_ai_turku_2025/install/lab01_task03/lib/python3.10/site-packages/lab01_task03/__init__.py to __init__.cpython-310.pyc
byte-compiling /home/michael/robo_ai_turku_2025/install/lab01_task03/lib/python3.10/site-packages/lab01_task03/client.py to client.cpython-310.pyc
running install_data
creating /home/michael/robo_ai_turku_2025/install/lab01_task03/share/ament_index
creating /home/michael/robo_ai_turku_2025/install/lab01_task03/share/ament_index/resource_index
creating /home/michael/robo_ai_turku_2025/install/lab01_task03/share/ament_index/resource_index/packages
copying resource/lab01_task03 -> /home/michael/robo_ai_turku_2025/install/lab01_task03/share/ament_index/resource_index/packages
copying package.xml -> /home/michael/robo_ai_turku_2025/install/lab01_task03/share/lab01_task03
creating /home/michael/robo_ai_turku_2025/install/lab01_task03/share/lab01_task03/config
copying config/params.yaml -> /home/michael/robo_ai_turku_2025/install/lab01_task03/share/lab01_task03/config
running install_egg_info
Copying ../../../build/lab01_task03/lab01_task03.egg-info to /home/michael/robo_ai_turku_2025/install/lab01_task03/lib/python3.10/site-packages/lab01_task03-0.0.0-py3.10.egg-info
running install_scripts
Installing client script to /home/michael/robo_ai_turku_2025/install/lab01_task03/lib/lab01_task03
Installing server script to /home/michael/robo_ai_turku_2025/install/lab01_task03/lib/lab01_task03
writing list of installed files to '/home/michael/robo_ai_turku_2025/build/lab01_task03/install.log'
