[0.626s] Invoking command in '/home/michael/robo_ai_turku_2025/ros2_ws/src/lab01_task03': AMENT_PREFIX_PATH=/home/michael/robo_ai_turku_2025/install/custom_interface:${AMENT_PREFIX_PATH} CMAKE_PREFIX_PATH=/home/michael/robo_ai_turku_2025/install/custom_interface LD_LIBRARY_PATH=/home/michael/robo_ai_turku_2025/install/custom_interface/lib:${LD_LIBRARY_PATH} PYTHONPATH=/home/michael/robo_ai_turku_2025/build/lab01_task03/prefix_override:/usr/lib/python3/dist-packages/colcon_core/task/python/colcon_distutils_commands:/home/michael/robo_ai_turku_2025/install/lab01_task03/lib/python3.10/site-packages:/home/michael/robo_ai_turku_2025/install/custom_interface/local/lib/python3.10/dist-packages:${PYTHONPATH} /usr/bin/python3 -W ignore:setup.py install is deprecated -W ignore:easy_install command is deprecated setup.py egg_info --egg-base ../../../build/lab01_task03 build --build-base /home/michael/robo_ai_turku_2025/build/lab01_task03/build install --record /home/michael/robo_ai_turku_2025/build/lab01_task03/install.log --single-version-externally-managed install_data
[0.788s] running egg_info
[0.790s] creating ../../../build/lab01_task03/lab01_task03.egg-info
[0.790s] writing ../../../build/lab01_task03/lab01_task03.egg-info/PKG-INFO
[0.790s] writing dependency_links to ../../../build/lab01_task03/lab01_task03.egg-info/dependency_links.txt
[0.790s] writing entry points to ../../../build/lab01_task03/lab01_task03.egg-info/entry_points.txt
[0.790s] writing requirements to ../../../build/lab01_task03/lab01_task03.egg-info/requires.txt
[0.790s] writing top-level names to ../../../build/lab01_task03/lab01_task03.egg-info/top_level.txt
[0.790s] writing manifest file '../../../build/lab01_task03/lab01_task03.egg-info/SOURCES.txt'
[0.790s] reading manifest file '../../../build/lab01_task03/lab01_task03.egg-info/SOURCES.txt'
[0.790s] adding license file 'LICENSE'
[0.791s] writing manifest file '../../../build/lab01_task03/lab01_task03.egg-info/SOURCES.txt'
[0.791s] running build
[0.791s] running build_py
[0.792s] creating /home/michael/robo_ai_turku_2025/build/lab01_task03/build
[0.792s] creating /home/michael/robo_ai_turku_2025/build/lab01_task03/build/lib
[0.792s] creating /home/michael/robo_ai_turku_2025/build/lab01_task03/build/lib/lab01_task03
[0.792s] copying lab01_task03/server.py -> /home/michael/robo_ai_turku_2025/build/lab01_task03/build/lib/lab01_task03
[0.792s] copying lab01_task03/__init__.py -> /home/michael/robo_ai_turku_2025/build/lab01_task03/build/lib/lab01_task03
[0.792s] copying lab01_task03/client.py -> /home/michael/robo_ai_turku_2025/build/lab01_task03/build/lib/lab01_task03
[0.792s] running install
[0.793s] running install_lib
[0.793s] creating /home/michael/robo_ai_turku_2025/install/lab01_task03/lib/python3.10/site-packages/lab01_task03
[0.793s] copying /home/michael/robo_ai_turku_2025/build/lab01_task03/build/lib/lab01_task03/server.py -> /home/michael/robo_ai_turku_2025/install/lab01_task03/lib/python3.10/site-packages/lab01_task03
[0.793s] copying /home/michael/robo_ai_turku_2025/build/lab01_task03/build/lib/lab01_task03/__init__.py -> /home/michael/robo_ai_turku_2025/install/lab01_task03/lib/python3.10/site-packages/lab01_task03
[0.793s] copying /home/michael/robo_ai_turku_2025/build/lab01_task03/build/lib/lab01_task03/client.py -> /home/michael/robo_ai_turku_2025/install/lab01_task03/lib/python3.10/site-packages/lab01_task03
[0.794s] byte-compiling /home/michael/robo_ai_turku_2025/install/lab01_task03/lib/python3.10/site-packages/lab01_task03/server.py to server.cpython-310.pyc
[0.794s] byte-compiling /home/michael/robo_ai_turku_2025/install/lab01_task03/lib/python3.10/site-packages/lab01_task03/__init__.py to __init__.cpython-310.pyc
[0.794s] byte-compiling /home/michael/robo_ai_turku_2025/install/lab01_task03/lib/python3.10/site-packages/lab01_task03/client.py to client.cpython-310.pyc
[0.795s] running install_data
[0.795s] creating /home/michael/robo_ai_turku_2025/install/lab01_task03/share/ament_index
[0.795s] creating /home/michael/robo_ai_turku_2025/install/lab01_task03/share/ament_index/resource_index
[0.795s] creating /home/michael/robo_ai_turku_2025/install/lab01_task03/share/ament_index/resource_index/packages
[0.795s] copying resource/lab01_task03 -> /home/michael/robo_ai_turku_2025/install/lab01_task03/share/ament_index/resource_index/packages
[0.795s] copying package.xml -> /home/michael/robo_ai_turku_2025/install/lab01_task03/share/lab01_task03
[0.796s] creating /home/michael/robo_ai_turku_2025/install/lab01_task03/share/lab01_task03/config
[0.796s] copying config/params.yaml -> /home/michael/robo_ai_turku_2025/install/lab01_task03/share/lab01_task03/config
[0.796s] running install_egg_info
[0.797s] Copying ../../../build/lab01_task03/lab01_task03.egg-info to /home/michael/robo_ai_turku_2025/install/lab01_task03/lib/python3.10/site-packages/lab01_task03-0.0.0-py3.10.egg-info
[0.798s] running install_scripts
[0.812s] Installing client script to /home/michael/robo_ai_turku_2025/install/lab01_task03/lib/lab01_task03
[0.812s] Installing server script to /home/michael/robo_ai_turku_2025/install/lab01_task03/lib/lab01_task03
[0.812s] writing list of installed files to '/home/michael/robo_ai_turku_2025/build/lab01_task03/install.log'
[0.832s] Invoked command in '/home/michael/robo_ai_turku_2025/ros2_ws/src/lab01_task03' returned '0': AMENT_PREFIX_PATH=/home/michael/robo_ai_turku_2025/install/custom_interface:${AMENT_PREFIX_PATH} CMAKE_PREFIX_PATH=/home/michael/robo_ai_turku_2025/install/custom_interface LD_LIBRARY_PATH=/home/michael/robo_ai_turku_2025/install/custom_interface/lib:${LD_LIBRARY_PATH} PYTHONPATH=/home/michael/robo_ai_turku_2025/build/lab01_task03/prefix_override:/usr/lib/python3/dist-packages/colcon_core/task/python/colcon_distutils_commands:/home/michael/robo_ai_turku_2025/install/lab01_task03/lib/python3.10/site-packages:/home/michael/robo_ai_turku_2025/install/custom_interface/local/lib/python3.10/dist-packages:${PYTHONPATH} /usr/bin/python3 -W ignore:setup.py install is deprecated -W ignore:easy_install command is deprecated setup.py egg_info --egg-base ../../../build/lab01_task03 build --build-base /home/michael/robo_ai_turku_2025/build/lab01_task03/build install --record /home/michael/robo_ai_turku_2025/build/lab01_task03/install.log --single-version-externally-managed install_data
