[0.732s] Invoking command in '/home/bot/lab/robo_ai_turku_2025/ros2_lab5_ws/src/lab5_task5': PYTHONPATH=/home/bot/lab/robo_ai_turku_2025/ros2_lab5_ws/src/lab5_task5/build/lab5_task5/prefix_override:/usr/lib/python3/dist-packages/colcon_core/task/python/colcon_distutils_commands:/home/bot/lab/robo_ai_turku_2025/ros2_lab5_ws/src/lab5_task5/install/lab5_task5/lib/python3.10/site-packages:${PYTHONPATH} /usr/bin/python3 -W ignore:setup.py install is deprecated -W ignore:easy_install command is deprecated setup.py egg_info --egg-base build/lab5_task5 build --build-base /home/bot/lab/robo_ai_turku_2025/ros2_lab5_ws/src/lab5_task5/build/lab5_task5/build install --record /home/bot/lab/robo_ai_turku_2025/ros2_lab5_ws/src/lab5_task5/build/lab5_task5/install.log --single-version-externally-managed install_data
[1.011s] running egg_info
[1.012s] writing build/lab5_task5/lab5_task5.egg-info/PKG-INFO
[1.012s] writing dependency_links to build/lab5_task5/lab5_task5.egg-info/dependency_links.txt
[1.012s] writing entry points to build/lab5_task5/lab5_task5.egg-info/entry_points.txt
[1.012s] writing requirements to build/lab5_task5/lab5_task5.egg-info/requires.txt
[1.013s] writing top-level names to build/lab5_task5/lab5_task5.egg-info/top_level.txt
[1.015s] reading manifest file 'build/lab5_task5/lab5_task5.egg-info/SOURCES.txt'
[1.015s] adding license file 'LICENSE'
[1.016s] writing manifest file 'build/lab5_task5/lab5_task5.egg-info/SOURCES.txt'
[1.016s] running build
[1.016s] running build_py
[1.016s] running install
[1.016s] running install_lib
[1.018s] running install_data
[1.018s] running install_egg_info
[1.020s] removing '/home/bot/lab/robo_ai_turku_2025/ros2_lab5_ws/src/lab5_task5/install/lab5_task5/lib/python3.10/site-packages/lab5_task5-0.0.0-py3.10.egg-info' (and everything under it)
[1.020s] Copying build/lab5_task5/lab5_task5.egg-info to /home/bot/lab/robo_ai_turku_2025/ros2_lab5_ws/src/lab5_task5/install/lab5_task5/lib/python3.10/site-packages/lab5_task5-0.0.0-py3.10.egg-info
[1.021s] running install_scripts
[1.046s] Installing pfc script to /home/bot/lab/robo_ai_turku_2025/ros2_lab5_ws/src/lab5_task5/install/lab5_task5/lib/lab5_task5
[1.046s] writing list of installed files to '/home/bot/lab/robo_ai_turku_2025/ros2_lab5_ws/src/lab5_task5/build/lab5_task5/install.log'
[1.075s] Invoked command in '/home/bot/lab/robo_ai_turku_2025/ros2_lab5_ws/src/lab5_task5' returned '0': PYTHONPATH=/home/bot/lab/robo_ai_turku_2025/ros2_lab5_ws/src/lab5_task5/build/lab5_task5/prefix_override:/usr/lib/python3/dist-packages/colcon_core/task/python/colcon_distutils_commands:/home/bot/lab/robo_ai_turku_2025/ros2_lab5_ws/src/lab5_task5/install/lab5_task5/lib/python3.10/site-packages:${PYTHONPATH} /usr/bin/python3 -W ignore:setup.py install is deprecated -W ignore:easy_install command is deprecated setup.py egg_info --egg-base build/lab5_task5 build --build-base /home/bot/lab/robo_ai_turku_2025/ros2_lab5_ws/src/lab5_task5/build/lab5_task5/build install --record /home/bot/lab/robo_ai_turku_2025/ros2_lab5_ws/src/lab5_task5/build/lab5_task5/install.log --single-version-externally-managed install_data
