[0.714s] Invoking command in '/home/felix/robo/robo_ai_turku_2025/ros2_ws/src/lab01_task02': PYTHONPATH=/home/felix/robo/robo_ai_turku_2025/ros2_ws/src/lab01_task02/build/lab01_task02/prefix_override:/usr/lib/python3/dist-packages/colcon_core/task/python/colcon_distutils_commands:/home/felix/robo/robo_ai_turku_2025/ros2_ws/src/lab01_task02/install/lab01_task02/lib/python3.10/site-packages:${PYTHONPATH} /usr/bin/python3 -W ignore:setup.py install is deprecated -W ignore:easy_install command is deprecated setup.py egg_info --egg-base build/lab01_task02 build --build-base /home/felix/robo/robo_ai_turku_2025/ros2_ws/src/lab01_task02/build/lab01_task02/build install --record /home/felix/robo/robo_ai_turku_2025/ros2_ws/src/lab01_task02/build/lab01_task02/install.log --single-version-externally-managed install_data
[0.971s] running egg_info
[0.973s] writing build/lab01_task02/lab01_task02.egg-info/PKG-INFO
[0.973s] writing dependency_links to build/lab01_task02/lab01_task02.egg-info/dependency_links.txt
[0.973s] writing entry points to build/lab01_task02/lab01_task02.egg-info/entry_points.txt
[0.973s] writing requirements to build/lab01_task02/lab01_task02.egg-info/requires.txt
[0.973s] writing top-level names to build/lab01_task02/lab01_task02.egg-info/top_level.txt
[0.974s] reading manifest file 'build/lab01_task02/lab01_task02.egg-info/SOURCES.txt'
[0.975s] adding license file 'LICENSE'
[0.975s] writing manifest file 'build/lab01_task02/lab01_task02.egg-info/SOURCES.txt'
[0.976s] running build
[0.976s] running build_py
[0.976s] copying lab01_task02/publisher.py -> /home/felix/robo/robo_ai_turku_2025/ros2_ws/src/lab01_task02/build/lab01_task02/build/lib/lab01_task02
[0.977s] running install
[0.978s] running install_lib
[0.978s] copying /home/felix/robo/robo_ai_turku_2025/ros2_ws/src/lab01_task02/build/lab01_task02/build/lib/lab01_task02/publisher.py -> /home/felix/robo/robo_ai_turku_2025/ros2_ws/src/lab01_task02/install/lab01_task02/lib/python3.10/site-packages/lab01_task02
[0.979s] byte-compiling /home/felix/robo/robo_ai_turku_2025/ros2_ws/src/lab01_task02/install/lab01_task02/lib/python3.10/site-packages/lab01_task02/publisher.py to publisher.cpython-310.pyc
[0.981s] running install_data
[0.981s] running install_egg_info
[0.984s] removing '/home/felix/robo/robo_ai_turku_2025/ros2_ws/src/lab01_task02/install/lab01_task02/lib/python3.10/site-packages/lab01_task02-0.0.0-py3.10.egg-info' (and everything under it)
[0.985s] Copying build/lab01_task02/lab01_task02.egg-info to /home/felix/robo/robo_ai_turku_2025/ros2_ws/src/lab01_task02/install/lab01_task02/lib/python3.10/site-packages/lab01_task02-0.0.0-py3.10.egg-info
[0.987s] running install_scripts
[1.009s] Installing publisher script to /home/felix/robo/robo_ai_turku_2025/ros2_ws/src/lab01_task02/install/lab01_task02/lib/lab01_task02
[1.009s] writing list of installed files to '/home/felix/robo/robo_ai_turku_2025/ros2_ws/src/lab01_task02/build/lab01_task02/install.log'
[1.035s] Invoked command in '/home/felix/robo/robo_ai_turku_2025/ros2_ws/src/lab01_task02' returned '0': PYTHONPATH=/home/felix/robo/robo_ai_turku_2025/ros2_ws/src/lab01_task02/build/lab01_task02/prefix_override:/usr/lib/python3/dist-packages/colcon_core/task/python/colcon_distutils_commands:/home/felix/robo/robo_ai_turku_2025/ros2_ws/src/lab01_task02/install/lab01_task02/lib/python3.10/site-packages:${PYTHONPATH} /usr/bin/python3 -W ignore:setup.py install is deprecated -W ignore:easy_install command is deprecated setup.py egg_info --egg-base build/lab01_task02 build --build-base /home/felix/robo/robo_ai_turku_2025/ros2_ws/src/lab01_task02/build/lab01_task02/build install --record /home/felix/robo/robo_ai_turku_2025/ros2_ws/src/lab01_task02/build/lab01_task02/install.log --single-version-externally-managed install_data
