[0.068s] DEBUG:colcon:Command line arguments: ['/usr/bin/colcon', 'build']
[0.068s] DEBUG:colcon:Parsed command line arguments: Namespace(log_base=None, log_level=None, verb_name='build', build_base='build', install_base='install', merge_install=False, symlink_install=False, test_result_base=None, continue_on_error=False, executor='parallel', parallel_workers=8, event_handlers=None, ignore_user_meta=False, metas=['./colcon.meta'], base_paths=['.'], packages_ignore=None, packages_ignore_regex=None, paths=None, packages_up_to=None, packages_up_to_regex=None, packages_above=None, packages_above_and_dependencies=None, packages_above_depth=None, packages_select_by_dep=None, packages_skip_by_dep=None, packages_skip_up_to=None, packages_select_build_failed=False, packages_skip_build_finished=False, packages_select_test_failures=False, packages_skip_test_passed=False, packages_select=None, packages_skip=None, packages_select_regex=None, packages_skip_regex=None, packages_start=None, packages_end=None, allow_overriding=[], cmake_args=None, cmake_target=None, cmake_target_skip_unavailable=False, cmake_clean_cache=False, cmake_clean_first=False, cmake_force_configure=False, ament_cmake_args=None, catkin_cmake_args=None, catkin_skip_building_tests=False, verb_parser=<colcon_defaults.argument_parser.defaults.DefaultArgumentsDecorator object at 0x751a35951300>, verb_extension=<colcon_core.verb.build.BuildVerb object at 0x751a35950d30>, main=<bound method BuildVerb.main of <colcon_core.verb.build.BuildVerb object at 0x751a35950d30>>)
[0.177s] Level 1:colcon.colcon_core.package_discovery:discover_packages(colcon_meta) check parameters
[0.177s] Level 1:colcon.colcon_core.package_discovery:discover_packages(recursive) check parameters
[0.177s] Level 1:colcon.colcon_core.package_discovery:discover_packages(ignore) check parameters
[0.177s] Level 1:colcon.colcon_core.package_discovery:discover_packages(path) check parameters
[0.177s] Level 1:colcon.colcon_core.package_discovery:discover_packages(colcon_meta) discover
[0.177s] Level 1:colcon.colcon_core.package_discovery:discover_packages(recursive) discover
[0.177s] INFO:colcon.colcon_core.package_discovery:Crawling recursively for packages in '/home/bot/Algo2025/robo_ai_turku_2025/ros2_lab2_ws'
[0.177s] Level 1:colcon.colcon_core.package_identification:_identify(.) by extensions ['ignore', 'ignore_ament_install']
[0.177s] Level 1:colcon.colcon_core.package_identification:_identify(.) by extension 'ignore'
[0.177s] Level 1:colcon.colcon_core.package_identification:_identify(.) by extension 'ignore_ament_install'
[0.177s] Level 1:colcon.colcon_core.package_identification:_identify(.) by extensions ['colcon_pkg']
[0.177s] Level 1:colcon.colcon_core.package_identification:_identify(.) by extension 'colcon_pkg'
[0.177s] Level 1:colcon.colcon_core.package_identification:_identify(.) by extensions ['colcon_meta']
[0.177s] Level 1:colcon.colcon_core.package_identification:_identify(.) by extension 'colcon_meta'
[0.177s] Level 1:colcon.colcon_core.package_identification:_identify(.) by extensions ['ros']
[0.177s] Level 1:colcon.colcon_core.package_identification:_identify(.) by extension 'ros'
[0.185s] Level 1:colcon.colcon_core.package_identification:_identify(.) by extensions ['cmake', 'python']
[0.185s] Level 1:colcon.colcon_core.package_identification:_identify(.) by extension 'cmake'
[0.185s] Level 1:colcon.colcon_core.package_identification:_identify(.) by extension 'python'
[0.185s] Level 1:colcon.colcon_core.package_identification:_identify(.) by extensions ['python_setup_py']
[0.185s] Level 1:colcon.colcon_core.package_identification:_identify(.) by extension 'python_setup_py'
[0.185s] Level 1:colcon.colcon_core.package_identification:_identify(13_rosbags) by extensions ['ignore', 'ignore_ament_install']
[0.185s] Level 1:colcon.colcon_core.package_identification:_identify(13_rosbags) by extension 'ignore'
[0.185s] Level 1:colcon.colcon_core.package_identification:_identify(13_rosbags) by extension 'ignore_ament_install'
[0.185s] Level 1:colcon.colcon_core.package_identification:_identify(13_rosbags) by extensions ['colcon_pkg']
[0.185s] Level 1:colcon.colcon_core.package_identification:_identify(13_rosbags) by extension 'colcon_pkg'
[0.185s] Level 1:colcon.colcon_core.package_identification:_identify(13_rosbags) by extensions ['colcon_meta']
[0.185s] Level 1:colcon.colcon_core.package_identification:_identify(13_rosbags) by extension 'colcon_meta'
[0.185s] Level 1:colcon.colcon_core.package_identification:_identify(13_rosbags) by extensions ['ros']
[0.185s] Level 1:colcon.colcon_core.package_identification:_identify(13_rosbags) by extension 'ros'
[0.185s] Level 1:colcon.colcon_core.package_identification:_identify(13_rosbags) by extensions ['cmake', 'python']
[0.185s] Level 1:colcon.colcon_core.package_identification:_identify(13_rosbags) by extension 'cmake'
[0.185s] Level 1:colcon.colcon_core.package_identification:_identify(13_rosbags) by extension 'python'
[0.185s] Level 1:colcon.colcon_core.package_identification:_identify(13_rosbags) by extensions ['python_setup_py']
[0.185s] Level 1:colcon.colcon_core.package_identification:_identify(13_rosbags) by extension 'python_setup_py'
[0.185s] Level 1:colcon.colcon_core.package_identification:_identify(13_rosbags/group13_rosbag10) by extensions ['ignore', 'ignore_ament_install']
[0.185s] Level 1:colcon.colcon_core.package_identification:_identify(13_rosbags/group13_rosbag10) by extension 'ignore'
[0.185s] Level 1:colcon.colcon_core.package_identification:_identify(13_rosbags/group13_rosbag10) by extension 'ignore_ament_install'
[0.185s] Level 1:colcon.colcon_core.package_identification:_identify(13_rosbags/group13_rosbag10) by extensions ['colcon_pkg']
[0.185s] Level 1:colcon.colcon_core.package_identification:_identify(13_rosbags/group13_rosbag10) by extension 'colcon_pkg'
[0.185s] Level 1:colcon.colcon_core.package_identification:_identify(13_rosbags/group13_rosbag10) by extensions ['colcon_meta']
[0.185s] Level 1:colcon.colcon_core.package_identification:_identify(13_rosbags/group13_rosbag10) by extension 'colcon_meta'
[0.186s] Level 1:colcon.colcon_core.package_identification:_identify(13_rosbags/group13_rosbag10) by extensions ['ros']
[0.186s] Level 1:colcon.colcon_core.package_identification:_identify(13_rosbags/group13_rosbag10) by extension 'ros'
[0.186s] Level 1:colcon.colcon_core.package_identification:_identify(13_rosbags/group13_rosbag10) by extensions ['cmake', 'python']
[0.186s] Level 1:colcon.colcon_core.package_identification:_identify(13_rosbags/group13_rosbag10) by extension 'cmake'
[0.186s] Level 1:colcon.colcon_core.package_identification:_identify(13_rosbags/group13_rosbag10) by extension 'python'
[0.186s] Level 1:colcon.colcon_core.package_identification:_identify(13_rosbags/group13_rosbag10) by extensions ['python_setup_py']
[0.186s] Level 1:colcon.colcon_core.package_identification:_identify(13_rosbags/group13_rosbag10) by extension 'python_setup_py'
[0.186s] Level 1:colcon.colcon_core.package_identification:_identify(13_rosbags/group13_rosbag30) by extensions ['ignore', 'ignore_ament_install']
[0.186s] Level 1:colcon.colcon_core.package_identification:_identify(13_rosbags/group13_rosbag30) by extension 'ignore'
[0.186s] Level 1:colcon.colcon_core.package_identification:_identify(13_rosbags/group13_rosbag30) by extension 'ignore_ament_install'
[0.186s] Level 1:colcon.colcon_core.package_identification:_identify(13_rosbags/group13_rosbag30) by extensions ['colcon_pkg']
[0.186s] Level 1:colcon.colcon_core.package_identification:_identify(13_rosbags/group13_rosbag30) by extension 'colcon_pkg'
[0.186s] Level 1:colcon.colcon_core.package_identification:_identify(13_rosbags/group13_rosbag30) by extensions ['colcon_meta']
[0.186s] Level 1:colcon.colcon_core.package_identification:_identify(13_rosbags/group13_rosbag30) by extension 'colcon_meta'
[0.186s] Level 1:colcon.colcon_core.package_identification:_identify(13_rosbags/group13_rosbag30) by extensions ['ros']
[0.186s] Level 1:colcon.colcon_core.package_identification:_identify(13_rosbags/group13_rosbag30) by extension 'ros'
[0.186s] Level 1:colcon.colcon_core.package_identification:_identify(13_rosbags/group13_rosbag30) by extensions ['cmake', 'python']
[0.186s] Level 1:colcon.colcon_core.package_identification:_identify(13_rosbags/group13_rosbag30) by extension 'cmake'
[0.186s] Level 1:colcon.colcon_core.package_identification:_identify(13_rosbags/group13_rosbag30) by extension 'python'
[0.186s] Level 1:colcon.colcon_core.package_identification:_identify(13_rosbags/group13_rosbag30) by extensions ['python_setup_py']
[0.186s] Level 1:colcon.colcon_core.package_identification:_identify(13_rosbags/group13_rosbag30) by extension 'python_setup_py'
[0.186s] Level 1:colcon.colcon_core.package_identification:_identify(build) by extensions ['ignore', 'ignore_ament_install']
[0.186s] Level 1:colcon.colcon_core.package_identification:_identify(build) by extension 'ignore'
[0.186s] Level 1:colcon.colcon_core.package_identification:_identify(build) ignored
[0.186s] Level 1:colcon.colcon_core.package_identification:_identify(install) by extensions ['ignore', 'ignore_ament_install']
[0.186s] Level 1:colcon.colcon_core.package_identification:_identify(install) by extension 'ignore'
[0.186s] Level 1:colcon.colcon_core.package_identification:_identify(install) ignored
[0.186s] Level 1:colcon.colcon_core.package_identification:_identify(log) by extensions ['ignore', 'ignore_ament_install']
[0.186s] Level 1:colcon.colcon_core.package_identification:_identify(log) by extension 'ignore'
[0.186s] Level 1:colcon.colcon_core.package_identification:_identify(log) ignored
[0.186s] Level 1:colcon.colcon_core.package_identification:_identify(src) by extensions ['ignore', 'ignore_ament_install']
[0.187s] Level 1:colcon.colcon_core.package_identification:_identify(src) by extension 'ignore'
[0.187s] Level 1:colcon.colcon_core.package_identification:_identify(src) by extension 'ignore_ament_install'
[0.187s] Level 1:colcon.colcon_core.package_identification:_identify(src) by extensions ['colcon_pkg']
[0.187s] Level 1:colcon.colcon_core.package_identification:_identify(src) by extension 'colcon_pkg'
[0.187s] Level 1:colcon.colcon_core.package_identification:_identify(src) by extensions ['colcon_meta']
[0.187s] Level 1:colcon.colcon_core.package_identification:_identify(src) by extension 'colcon_meta'
[0.187s] Level 1:colcon.colcon_core.package_identification:_identify(src) by extensions ['ros']
[0.187s] Level 1:colcon.colcon_core.package_identification:_identify(src) by extension 'ros'
[0.187s] Level 1:colcon.colcon_core.package_identification:_identify(src) by extensions ['cmake', 'python']
[0.187s] Level 1:colcon.colcon_core.package_identification:_identify(src) by extension 'cmake'
[0.187s] Level 1:colcon.colcon_core.package_identification:_identify(src) by extension 'python'
[0.187s] Level 1:colcon.colcon_core.package_identification:_identify(src) by extensions ['python_setup_py']
[0.187s] Level 1:colcon.colcon_core.package_identification:_identify(src) by extension 'python_setup_py'
[0.187s] Level 1:colcon.colcon_core.package_identification:_identify(src/custom_world) by extensions ['ignore', 'ignore_ament_install']
[0.187s] Level 1:colcon.colcon_core.package_identification:_identify(src/custom_world) by extension 'ignore'
[0.187s] Level 1:colcon.colcon_core.package_identification:_identify(src/custom_world) by extension 'ignore_ament_install'
[0.187s] Level 1:colcon.colcon_core.package_identification:_identify(src/custom_world) by extensions ['colcon_pkg']
[0.187s] Level 1:colcon.colcon_core.package_identification:_identify(src/custom_world) by extension 'colcon_pkg'
[0.187s] Level 1:colcon.colcon_core.package_identification:_identify(src/custom_world) by extensions ['colcon_meta']
[0.187s] Level 1:colcon.colcon_core.package_identification:_identify(src/custom_world) by extension 'colcon_meta'
[0.187s] Level 1:colcon.colcon_core.package_identification:_identify(src/custom_world) by extensions ['ros']
[0.187s] Level 1:colcon.colcon_core.package_identification:_identify(src/custom_world) by extension 'ros'
[0.195s] DEBUG:colcon.colcon_core.package_identification:Package 'src/custom_world' with type 'ros.ament_python' and name 'custom_world'
[0.195s] Level 1:colcon.colcon_core.package_identification:_identify(src/lab02_task03) by extensions ['ignore', 'ignore_ament_install']
[0.195s] Level 1:colcon.colcon_core.package_identification:_identify(src/lab02_task03) by extension 'ignore'
[0.195s] Level 1:colcon.colcon_core.package_identification:_identify(src/lab02_task03) by extension 'ignore_ament_install'
[0.195s] Level 1:colcon.colcon_core.package_identification:_identify(src/lab02_task03) by extensions ['colcon_pkg']
[0.195s] Level 1:colcon.colcon_core.package_identification:_identify(src/lab02_task03) by extension 'colcon_pkg'
[0.196s] Level 1:colcon.colcon_core.package_identification:_identify(src/lab02_task03) by extensions ['colcon_meta']
[0.196s] Level 1:colcon.colcon_core.package_identification:_identify(src/lab02_task03) by extension 'colcon_meta'
[0.196s] Level 1:colcon.colcon_core.package_identification:_identify(src/lab02_task03) by extensions ['ros']
[0.196s] Level 1:colcon.colcon_core.package_identification:_identify(src/lab02_task03) by extension 'ros'
[0.196s] DEBUG:colcon.colcon_core.package_identification:Package 'src/lab02_task03' with type 'ros.ament_python' and name 'lab02_task03'
[0.196s] Level 1:colcon.colcon_core.package_discovery:discover_packages(recursive) using defaults
[0.196s] Level 1:colcon.colcon_core.package_discovery:discover_packages(ignore) discover
[0.196s] Level 1:colcon.colcon_core.package_discovery:discover_packages(ignore) using defaults
[0.196s] Level 1:colcon.colcon_core.package_discovery:discover_packages(path) discover
[0.196s] Level 1:colcon.colcon_core.package_discovery:discover_packages(path) using defaults
[0.219s] Level 1:colcon.colcon_core.package_discovery:discover_packages(prefix_path) check parameters
[0.219s] Level 1:colcon.colcon_core.package_discovery:discover_packages(prefix_path) discover
[0.220s] DEBUG:colcon.colcon_installed_package_information.package_discovery:Found 1 installed packages in /home/bot/Algo2025/robo_ai_turku_2025/ros2_lab6_ws/install
[0.221s] DEBUG:colcon.colcon_installed_package_information.package_discovery:Found 454 installed packages in /opt/ros/humble
[0.222s] Level 1:colcon.colcon_core.package_discovery:discover_packages(prefix_path) using defaults
[0.258s] Level 5:colcon.colcon_core.verb:set package 'custom_world' build argument 'cmake_args' from command line to 'None'
[0.258s] Level 5:colcon.colcon_core.verb:set package 'custom_world' build argument 'cmake_target' from command line to 'None'
[0.258s] Level 5:colcon.colcon_core.verb:set package 'custom_world' build argument 'cmake_target_skip_unavailable' from command line to 'False'
[0.258s] Level 5:colcon.colcon_core.verb:set package 'custom_world' build argument 'cmake_clean_cache' from command line to 'False'
[0.258s] Level 5:colcon.colcon_core.verb:set package 'custom_world' build argument 'cmake_clean_first' from command line to 'False'
[0.258s] Level 5:colcon.colcon_core.verb:set package 'custom_world' build argument 'cmake_force_configure' from command line to 'False'
[0.258s] Level 5:colcon.colcon_core.verb:set package 'custom_world' build argument 'ament_cmake_args' from command line to 'None'
[0.258s] Level 5:colcon.colcon_core.verb:set package 'custom_world' build argument 'catkin_cmake_args' from command line to 'None'
[0.258s] Level 5:colcon.colcon_core.verb:set package 'custom_world' build argument 'catkin_skip_building_tests' from command line to 'False'
[0.258s] DEBUG:colcon.colcon_core.verb:Building package 'custom_world' with the following arguments: {'ament_cmake_args': None, 'build_base': '/home/bot/Algo2025/robo_ai_turku_2025/ros2_lab2_ws/build/custom_world', 'catkin_cmake_args': None, 'catkin_skip_building_tests': False, 'cmake_args': None, 'cmake_clean_cache': False, 'cmake_clean_first': False, 'cmake_force_configure': False, 'cmake_target': None, 'cmake_target_skip_unavailable': False, 'install_base': '/home/bot/Algo2025/robo_ai_turku_2025/ros2_lab2_ws/install/custom_world', 'merge_install': False, 'path': '/home/bot/Algo2025/robo_ai_turku_2025/ros2_lab2_ws/src/custom_world', 'symlink_install': False, 'test_result_base': None}
[0.258s] Level 5:colcon.colcon_core.verb:set package 'lab02_task03' build argument 'cmake_args' from command line to 'None'
[0.258s] Level 5:colcon.colcon_core.verb:set package 'lab02_task03' build argument 'cmake_target' from command line to 'None'
[0.258s] Level 5:colcon.colcon_core.verb:set package 'lab02_task03' build argument 'cmake_target_skip_unavailable' from command line to 'False'
[0.259s] Level 5:colcon.colcon_core.verb:set package 'lab02_task03' build argument 'cmake_clean_cache' from command line to 'False'
[0.259s] Level 5:colcon.colcon_core.verb:set package 'lab02_task03' build argument 'cmake_clean_first' from command line to 'False'
[0.259s] Level 5:colcon.colcon_core.verb:set package 'lab02_task03' build argument 'cmake_force_configure' from command line to 'False'
[0.259s] Level 5:colcon.colcon_core.verb:set package 'lab02_task03' build argument 'ament_cmake_args' from command line to 'None'
[0.259s] Level 5:colcon.colcon_core.verb:set package 'lab02_task03' build argument 'catkin_cmake_args' from command line to 'None'
[0.259s] Level 5:colcon.colcon_core.verb:set package 'lab02_task03' build argument 'catkin_skip_building_tests' from command line to 'False'
[0.259s] DEBUG:colcon.colcon_core.verb:Building package 'lab02_task03' with the following arguments: {'ament_cmake_args': None, 'build_base': '/home/bot/Algo2025/robo_ai_turku_2025/ros2_lab2_ws/build/lab02_task03', 'catkin_cmake_args': None, 'catkin_skip_building_tests': False, 'cmake_args': None, 'cmake_clean_cache': False, 'cmake_clean_first': False, 'cmake_force_configure': False, 'cmake_target': None, 'cmake_target_skip_unavailable': False, 'install_base': '/home/bot/Algo2025/robo_ai_turku_2025/ros2_lab2_ws/install/lab02_task03', 'merge_install': False, 'path': '/home/bot/Algo2025/robo_ai_turku_2025/ros2_lab2_ws/src/lab02_task03', 'symlink_install': False, 'test_result_base': None}
[0.259s] INFO:colcon.colcon_core.executor:Executing jobs using 'parallel' executor
[0.259s] DEBUG:colcon.colcon_parallel_executor.executor.parallel:run_until_complete
[0.260s] INFO:colcon.colcon_ros.task.ament_python.build:Building ROS package in '/home/bot/Algo2025/robo_ai_turku_2025/ros2_lab2_ws/src/custom_world' with build type 'ament_python'
[0.260s] Level 1:colcon.colcon_core.shell:create_environment_hook('custom_world', 'ament_prefix_path')
[0.261s] INFO:colcon.colcon_core.plugin_system:Skipping extension 'colcon_core.shell.bat': Not used on non-Windows systems
[0.261s] INFO:colcon.colcon_core.shell:Creating environment hook '/home/bot/Algo2025/robo_ai_turku_2025/ros2_lab2_ws/install/custom_world/share/custom_world/hook/ament_prefix_path.ps1'
[0.262s] INFO:colcon.colcon_core.shell:Creating environment descriptor '/home/bot/Algo2025/robo_ai_turku_2025/ros2_lab2_ws/install/custom_world/share/custom_world/hook/ament_prefix_path.dsv'
[0.262s] INFO:colcon.colcon_core.shell:Creating environment hook '/home/bot/Algo2025/robo_ai_turku_2025/ros2_lab2_ws/install/custom_world/share/custom_world/hook/ament_prefix_path.sh'
[0.263s] INFO:colcon.colcon_core.shell:Skip shell extension 'powershell' for command environment: Not usable outside of PowerShell
[0.263s] DEBUG:colcon.colcon_core.shell:Skip shell extension 'dsv' for command environment
[0.265s] INFO:colcon.colcon_ros.task.ament_python.build:Building ROS package in '/home/bot/Algo2025/robo_ai_turku_2025/ros2_lab2_ws/src/lab02_task03' with build type 'ament_python'
[0.265s] Level 1:colcon.colcon_core.shell:create_environment_hook('lab02_task03', 'ament_prefix_path')
[0.265s] INFO:colcon.colcon_core.shell:Creating environment hook '/home/bot/Algo2025/robo_ai_turku_2025/ros2_lab2_ws/install/lab02_task03/share/lab02_task03/hook/ament_prefix_path.ps1'
[0.266s] INFO:colcon.colcon_core.shell:Creating environment descriptor '/home/bot/Algo2025/robo_ai_turku_2025/ros2_lab2_ws/install/lab02_task03/share/lab02_task03/hook/ament_prefix_path.dsv'
[0.266s] INFO:colcon.colcon_core.shell:Creating environment hook '/home/bot/Algo2025/robo_ai_turku_2025/ros2_lab2_ws/install/lab02_task03/share/lab02_task03/hook/ament_prefix_path.sh'
[0.266s] INFO:colcon.colcon_core.shell:Skip shell extension 'powershell' for command environment: Not usable outside of PowerShell
[0.267s] DEBUG:colcon.colcon_core.shell:Skip shell extension 'dsv' for command environment
[0.447s] INFO:colcon.colcon_core.task.python.build:Building Python package in '/home/bot/Algo2025/robo_ai_turku_2025/ros2_lab2_ws/src/custom_world'
[0.447s] INFO:colcon.colcon_core.shell:Skip shell extension 'powershell' for command environment: Not usable outside of PowerShell
[0.447s] DEBUG:colcon.colcon_core.shell:Skip shell extension 'dsv' for command environment
[0.631s] INFO:colcon.colcon_core.task.python.build:Building Python package in '/home/bot/Algo2025/robo_ai_turku_2025/ros2_lab2_ws/src/lab02_task03'
[0.631s] INFO:colcon.colcon_core.shell:Skip shell extension 'powershell' for command environment: Not usable outside of PowerShell
[0.631s] DEBUG:colcon.colcon_core.shell:Skip shell extension 'dsv' for command environment
[0.910s] DEBUG:colcon.colcon_core.event_handler.log_command:Invoking command in '/home/bot/Algo2025/robo_ai_turku_2025/ros2_lab2_ws/src/custom_world': PYTHONPATH=/home/bot/Algo2025/robo_ai_turku_2025/ros2_lab2_ws/build/custom_world/prefix_override:/usr/lib/python3/dist-packages/colcon_core/task/python/colcon_distutils_commands:/home/bot/Algo2025/robo_ai_turku_2025/ros2_lab2_ws/install/custom_world/lib/python3.10/site-packages:${PYTHONPATH} /usr/bin/python3 -W ignore:setup.py install is deprecated -W ignore:easy_install command is deprecated setup.py egg_info --egg-base ../../build/custom_world build --build-base /home/bot/Algo2025/robo_ai_turku_2025/ros2_lab2_ws/build/custom_world/build install --record /home/bot/Algo2025/robo_ai_turku_2025/ros2_lab2_ws/build/custom_world/install.log --single-version-externally-managed install_data
[0.911s] DEBUG:colcon.colcon_core.event_handler.log_command:Invoking command in '/home/bot/Algo2025/robo_ai_turku_2025/ros2_lab2_ws/src/lab02_task03': PYTHONPATH=/home/bot/Algo2025/robo_ai_turku_2025/ros2_lab2_ws/build/lab02_task03/prefix_override:/usr/lib/python3/dist-packages/colcon_core/task/python/colcon_distutils_commands:/home/bot/Algo2025/robo_ai_turku_2025/ros2_lab2_ws/install/lab02_task03/lib/python3.10/site-packages:${PYTHONPATH} /usr/bin/python3 -W ignore:setup.py install is deprecated -W ignore:easy_install command is deprecated setup.py egg_info --egg-base ../../build/lab02_task03 build --build-base /home/bot/Algo2025/robo_ai_turku_2025/ros2_lab2_ws/build/lab02_task03/build install --record /home/bot/Algo2025/robo_ai_turku_2025/ros2_lab2_ws/build/lab02_task03/install.log --single-version-externally-managed install_data
[1.135s] DEBUG:colcon.colcon_core.event_handler.log_command:Invoked command in '/home/bot/Algo2025/robo_ai_turku_2025/ros2_lab2_ws/src/custom_world' returned '0': PYTHONPATH=/home/bot/Algo2025/robo_ai_turku_2025/ros2_lab2_ws/build/custom_world/prefix_override:/usr/lib/python3/dist-packages/colcon_core/task/python/colcon_distutils_commands:/home/bot/Algo2025/robo_ai_turku_2025/ros2_lab2_ws/install/custom_world/lib/python3.10/site-packages:${PYTHONPATH} /usr/bin/python3 -W ignore:setup.py install is deprecated -W ignore:easy_install command is deprecated setup.py egg_info --egg-base ../../build/custom_world build --build-base /home/bot/Algo2025/robo_ai_turku_2025/ros2_lab2_ws/build/custom_world/build install --record /home/bot/Algo2025/robo_ai_turku_2025/ros2_lab2_ws/build/custom_world/install.log --single-version-externally-managed install_data
[1.136s] Level 1:colcon.colcon_core.environment:checking '/home/bot/Algo2025/robo_ai_turku_2025/ros2_lab2_ws/install/custom_world' for CMake module files
[1.137s] Level 1:colcon.colcon_core.environment:checking '/home/bot/Algo2025/robo_ai_turku_2025/ros2_lab2_ws/install/custom_world' for CMake config files
[1.137s] Level 1:colcon.colcon_core.environment:checking '/home/bot/Algo2025/robo_ai_turku_2025/ros2_lab2_ws/install/custom_world/lib'
[1.137s] Level 1:colcon.colcon_core.environment:checking '/home/bot/Algo2025/robo_ai_turku_2025/ros2_lab2_ws/install/custom_world/bin'
[1.137s] Level 1:colcon.colcon_core.environment:checking '/home/bot/Algo2025/robo_ai_turku_2025/ros2_lab2_ws/install/custom_world/lib/pkgconfig/custom_world.pc'
[1.138s] Level 1:colcon.colcon_core.environment:checking '/home/bot/Algo2025/robo_ai_turku_2025/ros2_lab2_ws/install/custom_world/lib/python3.10/site-packages'
[1.138s] Level 1:colcon.colcon_core.shell:create_environment_hook('custom_world', 'pythonpath')
[1.138s] INFO:colcon.colcon_core.shell:Creating environment hook '/home/bot/Algo2025/robo_ai_turku_2025/ros2_lab2_ws/install/custom_world/share/custom_world/hook/pythonpath.ps1'
[1.138s] INFO:colcon.colcon_core.shell:Creating environment descriptor '/home/bot/Algo2025/robo_ai_turku_2025/ros2_lab2_ws/install/custom_world/share/custom_world/hook/pythonpath.dsv'
[1.138s] INFO:colcon.colcon_core.shell:Creating environment hook '/home/bot/Algo2025/robo_ai_turku_2025/ros2_lab2_ws/install/custom_world/share/custom_world/hook/pythonpath.sh'
[1.139s] Level 1:colcon.colcon_core.environment:checking '/home/bot/Algo2025/robo_ai_turku_2025/ros2_lab2_ws/install/custom_world/bin'
[1.139s] Level 1:colcon.colcon_core.environment:create_environment_scripts_only(custom_world)
[1.139s] INFO:colcon.colcon_core.shell:Creating package script '/home/bot/Algo2025/robo_ai_turku_2025/ros2_lab2_ws/install/custom_world/share/custom_world/package.ps1'
[1.140s] INFO:colcon.colcon_core.shell:Creating package descriptor '/home/bot/Algo2025/robo_ai_turku_2025/ros2_lab2_ws/install/custom_world/share/custom_world/package.dsv'
[1.140s] INFO:colcon.colcon_core.shell:Creating package script '/home/bot/Algo2025/robo_ai_turku_2025/ros2_lab2_ws/install/custom_world/share/custom_world/package.sh'
[1.140s] INFO:colcon.colcon_core.shell:Creating package script '/home/bot/Algo2025/robo_ai_turku_2025/ros2_lab2_ws/install/custom_world/share/custom_world/package.bash'
[1.141s] INFO:colcon.colcon_core.shell:Creating package script '/home/bot/Algo2025/robo_ai_turku_2025/ros2_lab2_ws/install/custom_world/share/custom_world/package.zsh'
[1.141s] Level 1:colcon.colcon_core.environment:create_file_with_runtime_dependencies(/home/bot/Algo2025/robo_ai_turku_2025/ros2_lab2_ws/install/custom_world/share/colcon-core/packages/custom_world)
[1.143s] Level 1:colcon.colcon_core.environment:checking '/home/bot/Algo2025/robo_ai_turku_2025/ros2_lab2_ws/install/lab02_task03' for CMake module files
[1.143s] DEBUG:colcon.colcon_core.event_handler.log_command:Invoked command in '/home/bot/Algo2025/robo_ai_turku_2025/ros2_lab2_ws/src/lab02_task03' returned '0': PYTHONPATH=/home/bot/Algo2025/robo_ai_turku_2025/ros2_lab2_ws/build/lab02_task03/prefix_override:/usr/lib/python3/dist-packages/colcon_core/task/python/colcon_distutils_commands:/home/bot/Algo2025/robo_ai_turku_2025/ros2_lab2_ws/install/lab02_task03/lib/python3.10/site-packages:${PYTHONPATH} /usr/bin/python3 -W ignore:setup.py install is deprecated -W ignore:easy_install command is deprecated setup.py egg_info --egg-base ../../build/lab02_task03 build --build-base /home/bot/Algo2025/robo_ai_turku_2025/ros2_lab2_ws/build/lab02_task03/build install --record /home/bot/Algo2025/robo_ai_turku_2025/ros2_lab2_ws/build/lab02_task03/install.log --single-version-externally-managed install_data
[1.143s] Level 1:colcon.colcon_core.environment:checking '/home/bot/Algo2025/robo_ai_turku_2025/ros2_lab2_ws/install/lab02_task03' for CMake config files
[1.143s] Level 1:colcon.colcon_core.environment:checking '/home/bot/Algo2025/robo_ai_turku_2025/ros2_lab2_ws/install/lab02_task03/lib'
[1.143s] Level 1:colcon.colcon_core.environment:checking '/home/bot/Algo2025/robo_ai_turku_2025/ros2_lab2_ws/install/lab02_task03/bin'
[1.144s] Level 1:colcon.colcon_core.environment:checking '/home/bot/Algo2025/robo_ai_turku_2025/ros2_lab2_ws/install/lab02_task03/lib/pkgconfig/lab02_task03.pc'
[1.144s] Level 1:colcon.colcon_core.environment:checking '/home/bot/Algo2025/robo_ai_turku_2025/ros2_lab2_ws/install/lab02_task03/lib/python3.10/site-packages'
[1.144s] Level 1:colcon.colcon_core.shell:create_environment_hook('lab02_task03', 'pythonpath')
[1.144s] INFO:colcon.colcon_core.shell:Creating environment hook '/home/bot/Algo2025/robo_ai_turku_2025/ros2_lab2_ws/install/lab02_task03/share/lab02_task03/hook/pythonpath.ps1'
[1.144s] INFO:colcon.colcon_core.shell:Creating environment descriptor '/home/bot/Algo2025/robo_ai_turku_2025/ros2_lab2_ws/install/lab02_task03/share/lab02_task03/hook/pythonpath.dsv'
[1.144s] INFO:colcon.colcon_core.shell:Creating environment hook '/home/bot/Algo2025/robo_ai_turku_2025/ros2_lab2_ws/install/lab02_task03/share/lab02_task03/hook/pythonpath.sh'
[1.145s] Level 1:colcon.colcon_core.environment:checking '/home/bot/Algo2025/robo_ai_turku_2025/ros2_lab2_ws/install/lab02_task03/bin'
[1.145s] Level 1:colcon.colcon_core.environment:create_environment_scripts_only(lab02_task03)
[1.145s] INFO:colcon.colcon_core.shell:Creating package script '/home/bot/Algo2025/robo_ai_turku_2025/ros2_lab2_ws/install/lab02_task03/share/lab02_task03/package.ps1'
[1.145s] INFO:colcon.colcon_core.shell:Creating package descriptor '/home/bot/Algo2025/robo_ai_turku_2025/ros2_lab2_ws/install/lab02_task03/share/lab02_task03/package.dsv'
[1.146s] INFO:colcon.colcon_core.shell:Creating package script '/home/bot/Algo2025/robo_ai_turku_2025/ros2_lab2_ws/install/lab02_task03/share/lab02_task03/package.sh'
[1.146s] INFO:colcon.colcon_core.shell:Creating package script '/home/bot/Algo2025/robo_ai_turku_2025/ros2_lab2_ws/install/lab02_task03/share/lab02_task03/package.bash'
[1.146s] INFO:colcon.colcon_core.shell:Creating package script '/home/bot/Algo2025/robo_ai_turku_2025/ros2_lab2_ws/install/lab02_task03/share/lab02_task03/package.zsh'
[1.146s] Level 1:colcon.colcon_core.environment:create_file_with_runtime_dependencies(/home/bot/Algo2025/robo_ai_turku_2025/ros2_lab2_ws/install/lab02_task03/share/colcon-core/packages/lab02_task03)
[1.146s] DEBUG:colcon.colcon_parallel_executor.executor.parallel:closing loop
[1.147s] DEBUG:colcon.colcon_parallel_executor.executor.parallel:loop closed
[1.147s] DEBUG:colcon.colcon_parallel_executor.executor.parallel:run_until_complete finished with '0'
[1.147s] DEBUG:colcon.colcon_core.event_reactor:joining thread
[1.150s] INFO:colcon.colcon_core.plugin_system:Skipping extension 'colcon_notification.desktop_notification.terminal_notifier': Not used on non-Darwin systems
[1.150s] INFO:colcon.colcon_core.plugin_system:Skipping extension 'colcon_notification.desktop_notification.win32': Not used on non-Windows systems
[1.150s] INFO:colcon.colcon_notification.desktop_notification:Sending desktop notification using 'notify2'
[1.158s] DEBUG:colcon.colcon_core.event_reactor:joined thread
[1.159s] INFO:colcon.colcon_core.shell:Creating prefix script '/home/bot/Algo2025/robo_ai_turku_2025/ros2_lab2_ws/install/local_setup.ps1'
[1.159s] INFO:colcon.colcon_core.shell:Creating prefix util module '/home/bot/Algo2025/robo_ai_turku_2025/ros2_lab2_ws/install/_local_setup_util_ps1.py'
[1.160s] INFO:colcon.colcon_core.shell:Creating prefix chain script '/home/bot/Algo2025/robo_ai_turku_2025/ros2_lab2_ws/install/setup.ps1'
[1.161s] INFO:colcon.colcon_core.shell:Creating prefix script '/home/bot/Algo2025/robo_ai_turku_2025/ros2_lab2_ws/install/local_setup.sh'
[1.161s] INFO:colcon.colcon_core.shell:Creating prefix util module '/home/bot/Algo2025/robo_ai_turku_2025/ros2_lab2_ws/install/_local_setup_util_sh.py'
[1.162s] INFO:colcon.colcon_core.shell:Creating prefix chain script '/home/bot/Algo2025/robo_ai_turku_2025/ros2_lab2_ws/install/setup.sh'
[1.162s] INFO:colcon.colcon_core.shell:Creating prefix script '/home/bot/Algo2025/robo_ai_turku_2025/ros2_lab2_ws/install/local_setup.bash'
[1.163s] INFO:colcon.colcon_core.shell:Creating prefix chain script '/home/bot/Algo2025/robo_ai_turku_2025/ros2_lab2_ws/install/setup.bash'
[1.163s] INFO:colcon.colcon_core.shell:Creating prefix script '/home/bot/Algo2025/robo_ai_turku_2025/ros2_lab2_ws/install/local_setup.zsh'
[1.163s] INFO:colcon.colcon_core.shell:Creating prefix chain script '/home/bot/Algo2025/robo_ai_turku_2025/ros2_lab2_ws/install/setup.zsh'
