[0.976s] Invoking command in '/home/felix/robo/robo_ai_turku_2025/ros2_ws/src/lab1_bringup': PYTHONPATH=/home/felix/robo/robo_ai_turku_2025/ros2_ws/build/lab1_bringup/prefix_override:/usr/lib/python3/dist-packages/colcon_core/task/python/colcon_distutils_commands:/home/felix/robo/robo_ai_turku_2025/ros2_ws/install/lab1_bringup/lib/python3.10/site-packages:${PYTHONPATH} /usr/bin/python3 -W ignore:setup.py install is deprecated -W ignore:easy_install command is deprecated setup.py egg_info --egg-base ../../build/lab1_bringup build --build-base /home/felix/robo/robo_ai_turku_2025/ros2_ws/build/lab1_bringup/build install --record /home/felix/robo/robo_ai_turku_2025/ros2_ws/build/lab1_bringup/install.log --single-version-externally-managed install_data
[1.121s] running egg_info
[1.121s] writing ../../build/lab1_bringup/lab1_bringup.egg-info/PKG-INFO
[1.122s] writing dependency_links to ../../build/lab1_bringup/lab1_bringup.egg-info/dependency_links.txt
[1.122s] writing entry points to ../../build/lab1_bringup/lab1_bringup.egg-info/entry_points.txt
[1.122s] writing requirements to ../../build/lab1_bringup/lab1_bringup.egg-info/requires.txt
[1.123s] writing top-level names to ../../build/lab1_bringup/lab1_bringup.egg-info/top_level.txt
[1.123s] reading manifest file '../../build/lab1_bringup/lab1_bringup.egg-info/SOURCES.txt'
[1.125s] adding license file 'LICENSE'
[1.125s] writing manifest file '../../build/lab1_bringup/lab1_bringup.egg-info/SOURCES.txt'
[1.125s] running build
[1.125s] running build_py
[1.125s] running install
[1.125s] running install_lib
[1.127s] running install_data
[1.127s] running install_egg_info
[1.129s] removing '/home/felix/robo/robo_ai_turku_2025/ros2_ws/install/lab1_bringup/lib/python3.10/site-packages/lab1_bringup-0.0.0-py3.10.egg-info' (and everything under it)
[1.130s] Copying ../../build/lab1_bringup/lab1_bringup.egg-info to /home/felix/robo/robo_ai_turku_2025/ros2_ws/install/lab1_bringup/lib/python3.10/site-packages/lab1_bringup-0.0.0-py3.10.egg-info
[1.131s] running install_scripts
[1.160s] writing list of installed files to '/home/felix/robo/robo_ai_turku_2025/ros2_ws/build/lab1_bringup/install.log'
[1.189s] Invoked command in '/home/felix/robo/robo_ai_turku_2025/ros2_ws/src/lab1_bringup' returned '0': PYTHONPATH=/home/felix/robo/robo_ai_turku_2025/ros2_ws/build/lab1_bringup/prefix_override:/usr/lib/python3/dist-packages/colcon_core/task/python/colcon_distutils_commands:/home/felix/robo/robo_ai_turku_2025/ros2_ws/install/lab1_bringup/lib/python3.10/site-packages:${PYTHONPATH} /usr/bin/python3 -W ignore:setup.py install is deprecated -W ignore:easy_install command is deprecated setup.py egg_info --egg-base ../../build/lab1_bringup build --build-base /home/felix/robo/robo_ai_turku_2025/ros2_ws/build/lab1_bringup/build install --record /home/felix/robo/robo_ai_turku_2025/ros2_ws/build/lab1_bringup/install.log --single-version-externally-managed install_data
