[0.053s] Invoking command in '/home/felix/robo/robo_ai_turku_2025/ros2_ws/build/custom_interface': CMAKE_PREFIX_PATH=${CMAKE_PREFIX_PATH}:/home/felix/robo/robo_ai_turku_2025/install/task1:/home/felix/robo/robo_ai_turku_2025/install/lab1_bringup:/home/felix/robo/robo_ai_turku_2025/install/lab01_task05:/home/felix/robo/robo_ai_turku_2025/install/lab01_task03:/home/felix/robo/robo_ai_turku_2025/install/lab01_task02:/home/felix/robo/robo_ai_turku_2025/install/lab01_task01:/home/felix/robo/robo_ai_turku_2025/ros2_ws/install/lab01_task05:/home/felix/robo/robo_ai_turku_2025/ros2_ws/install/lab01_task03:/home/felix/robo/robo_ai_turku_2025/ros2_ws/install/lab01_task02:/home/felix/robo/robo_ai_turku_2025/ros2_ws/install/lab01_task01:/home/felix/robo/robo_ai_turku_2025/ros2_ws/install/lab1_bringup:/home/felix/robo/robo_ai_turku_2025/ros2_ws/install/task1:/opt/ros/humble /usr/bin/cmake /home/felix/robo/robo_ai_turku_2025/ros2_ws/src/custom_interface -DCMAKE_INSTALL_PREFIX=/home/felix/robo/robo_ai_turku_2025/ros2_ws/install/custom_interface
[0.956s] -- The C compiler identification is GNU 11.4.0
[0.962s] -- The CXX compiler identification is GNU 11.4.0
[1.197s] -- Detecting C compiler ABI info
[1.388s] -- Detecting C compiler ABI info - done
[1.397s] -- Check for working C compiler: /usr/bin/cc - skipped
[1.399s] -- Detecting C compile features
[1.401s] -- Detecting C compile features - done
[1.408s] -- Detecting CXX compiler ABI info
[1.653s] -- Detecting CXX compiler ABI info - done
[1.665s] -- Check for working CXX compiler: /usr/bin/c++ - skipped
[1.666s] -- Detecting CXX compile features
[1.666s] -- Detecting CXX compile features - done
[1.703s] -- Found ament_cmake: 1.3.12 (/opt/ros/humble/share/ament_cmake/cmake)
[1.992s] -- Found Python3: /usr/bin/python3 (found version "3.10.12") found components: Interpreter 
[2.237s] -- Found rclcpp: 16.0.14 (/opt/ros/humble/share/rclcpp/cmake)
[2.515s] -- Found rosidl_generator_c: 3.1.7 (/opt/ros/humble/share/rosidl_generator_c/cmake)
[2.525s] -- Found rosidl_adapter: 3.1.7 (/opt/ros/humble/share/rosidl_adapter/cmake)
[2.546s] -- Found rosidl_generator_cpp: 3.1.7 (/opt/ros/humble/share/rosidl_generator_cpp/cmake)
[2.577s] -- Using all available rosidl_typesupport_c: rosidl_typesupport_fastrtps_c;rosidl_typesupport_introspection_c
[2.614s] -- Using all available rosidl_typesupport_cpp: rosidl_typesupport_fastrtps_cpp;rosidl_typesupport_introspection_cpp
[2.717s] -- Found rmw_implementation_cmake: 6.1.2 (/opt/ros/humble/share/rmw_implementation_cmake/cmake)
[2.724s] -- Found rmw_fastrtps_cpp: 6.2.8 (/opt/ros/humble/share/rmw_fastrtps_cpp/cmake)
[3.742s] -- Found OpenSSL: /usr/lib/x86_64-linux-gnu/libcrypto.so (found version "3.0.2")  
[4.622s] -- Found FastRTPS: /opt/ros/humble/include  
[6.157s] -- Using RMW implementation 'rmw_fastrtps_cpp' as default
[6.181s] -- Looking for pthread.h
[6.345s] -- Looking for pthread.h - found
[6.345s] -- Performing Test CMAKE_HAVE_LIBC_PTHREAD
[6.477s] -- Performing Test CMAKE_HAVE_LIBC_PTHREAD - Success
[6.477s] -- Found Threads: TRUE  
[6.589s] -- Found geometry_msgs: 4.9.0 (/opt/ros/humble/share/geometry_msgs/cmake)
[6.621s] -- Found rosidl_default_generators: 1.2.0 (/opt/ros/humble/share/rosidl_default_generators/cmake)
[7.151s] -- Found ament_cmake_ros: 0.10.0 (/opt/ros/humble/share/ament_cmake_ros/cmake)
[7.771s] -- Using all available rosidl_typesupport_c: rosidl_typesupport_fastrtps_c;rosidl_typesupport_introspection_c
[8.006s] -- Using all available rosidl_typesupport_cpp: rosidl_typesupport_fastrtps_cpp;rosidl_typesupport_introspection_cpp
[8.150s] -- Found PythonInterp: /usr/bin/python3 (found suitable version "3.10.12", minimum required is "3.6") 
[8.154s] -- Found python_cmake_module: 0.10.0 (/opt/ros/humble/share/python_cmake_module/cmake)
[8.495s] -- Found PythonLibs: /usr/lib/x86_64-linux-gnu/libpython3.10.so (found suitable version "3.10.12", minimum required is "3.5") 
[8.496s] -- Using PYTHON_EXECUTABLE: /usr/bin/python3
[8.496s] -- Using PYTHON_INCLUDE_DIRS: /usr/include/python3.10
[8.496s] -- Using PYTHON_LIBRARIES: /usr/lib/x86_64-linux-gnu/libpython3.10.so
[8.540s] -- Found PythonExtra: .so  
[8.669s] -- Found ament_lint_auto: 0.12.14 (/opt/ros/humble/share/ament_lint_auto/cmake)
[8.752s] -- Added test 'cppcheck' to perform static code analysis on C / C++ code
[8.752s] -- Configured cppcheck include dirs: 
[8.752s] -- Configured cppcheck exclude dirs and/or files: 
[8.757s] -- Added test 'flake8' to check Python code syntax and style conventions
[8.765s] -- Added test 'lint_cmake' to check CMake code style
[8.770s] -- Added test 'pep257' to check Python code against some of the docstring style conventions in PEP 257
[8.796s] -- Added test 'uncrustify' to check C / C++ code style
[8.796s] -- Configured uncrustify additional arguments: 
[8.802s] -- Added test 'xmllint' to check XML markup files
[8.808s] -- Configuring done
[8.885s] -- Generating done
[8.901s] -- Build files have been written to: /home/felix/robo/robo_ai_turku_2025/ros2_ws/build/custom_interface
[8.913s] Invoked command in '/home/felix/robo/robo_ai_turku_2025/ros2_ws/build/custom_interface' returned '0': CMAKE_PREFIX_PATH=${CMAKE_PREFIX_PATH}:/home/felix/robo/robo_ai_turku_2025/install/task1:/home/felix/robo/robo_ai_turku_2025/install/lab1_bringup:/home/felix/robo/robo_ai_turku_2025/install/lab01_task05:/home/felix/robo/robo_ai_turku_2025/install/lab01_task03:/home/felix/robo/robo_ai_turku_2025/install/lab01_task02:/home/felix/robo/robo_ai_turku_2025/install/lab01_task01:/home/felix/robo/robo_ai_turku_2025/ros2_ws/install/lab01_task05:/home/felix/robo/robo_ai_turku_2025/ros2_ws/install/lab01_task03:/home/felix/robo/robo_ai_turku_2025/ros2_ws/install/lab01_task02:/home/felix/robo/robo_ai_turku_2025/ros2_ws/install/lab01_task01:/home/felix/robo/robo_ai_turku_2025/ros2_ws/install/lab1_bringup:/home/felix/robo/robo_ai_turku_2025/ros2_ws/install/task1:/opt/ros/humble /usr/bin/cmake /home/felix/robo/robo_ai_turku_2025/ros2_ws/src/custom_interface -DCMAKE_INSTALL_PREFIX=/home/felix/robo/robo_ai_turku_2025/ros2_ws/install/custom_interface
[8.916s] Invoking command in '/home/felix/robo/robo_ai_turku_2025/ros2_ws/build/custom_interface': CMAKE_PREFIX_PATH=${CMAKE_PREFIX_PATH}:/home/felix/robo/robo_ai_turku_2025/install/task1:/home/felix/robo/robo_ai_turku_2025/install/lab1_bringup:/home/felix/robo/robo_ai_turku_2025/install/lab01_task05:/home/felix/robo/robo_ai_turku_2025/install/lab01_task03:/home/felix/robo/robo_ai_turku_2025/install/lab01_task02:/home/felix/robo/robo_ai_turku_2025/install/lab01_task01:/home/felix/robo/robo_ai_turku_2025/ros2_ws/install/lab01_task05:/home/felix/robo/robo_ai_turku_2025/ros2_ws/install/lab01_task03:/home/felix/robo/robo_ai_turku_2025/ros2_ws/install/lab01_task02:/home/felix/robo/robo_ai_turku_2025/ros2_ws/install/lab01_task01:/home/felix/robo/robo_ai_turku_2025/ros2_ws/install/lab1_bringup:/home/felix/robo/robo_ai_turku_2025/ros2_ws/install/task1:/opt/ros/humble /usr/bin/cmake --build /home/felix/robo/robo_ai_turku_2025/ros2_ws/build/custom_interface -- -j22 -l22
[8.969s] [  1%] [34m[1mGenerating C code for ROS interfaces[0m
[8.978s] [  2%] [34m[1mGenerating C++ code for ROS interfaces[0m
[8.985s] [  2%] Built target ament_cmake_python_copy_custom_interface
[9.263s] running egg_info
[9.264s] creating custom_interface.egg-info
[9.265s] writing custom_interface.egg-info/PKG-INFO
[9.265s] writing dependency_links to custom_interface.egg-info/dependency_links.txt
[9.265s] writing top-level names to custom_interface.egg-info/top_level.txt
[9.265s] writing manifest file 'custom_interface.egg-info/SOURCES.txt'
[9.267s] reading manifest file 'custom_interface.egg-info/SOURCES.txt'
[9.268s] writing manifest file 'custom_interface.egg-info/SOURCES.txt'
[9.296s] [  2%] Built target ament_cmake_python_build_custom_interface_egg
[9.837s] [  3%] [32mBuilding C object CMakeFiles/custom_interface__rosidl_generator_c.dir/rosidl_generator_c/custom_interface/srv/detail/calculate_distance__functions.c.o[0m
[9.838s] [  5%] [32mBuilding C object CMakeFiles/custom_interface__rosidl_generator_c.dir/rosidl_generator_c/custom_interface/action/detail/countdown__functions.c.o[0m
[9.838s] [  6%] [32mBuilding C object CMakeFiles/custom_interface__rosidl_generator_c.dir/rosidl_generator_c/custom_interface/msg/detail/request_distance_msg__functions.c.o[0m
[9.838s] [  7%] [32mBuilding C object CMakeFiles/custom_interface__rosidl_generator_c.dir/rosidl_generator_c/custom_interface/msg/detail/task_msg__functions.c.o[0m
[9.840s] [  8%] [32mBuilding C object CMakeFiles/custom_interface__rosidl_generator_c.dir/rosidl_generator_c/custom_interface/msg/detail/count__functions.c.o[0m
[9.842s] [ 10%] [32mBuilding C object CMakeFiles/custom_interface__rosidl_generator_c.dir/rosidl_generator_c/custom_interface/srv/detail/cancel_request__functions.c.o[0m
[9.845s] [ 11%] [32mBuilding C object CMakeFiles/custom_interface__rosidl_generator_c.dir/rosidl_generator_c/custom_interface/msg/detail/response_distance_msg__functions.c.o[0m
[9.863s] [ 11%] Built target custom_interface__cpp
[9.879s] [ 12%] [34m[1mGenerating C++ type support dispatch for ROS interfaces[0m
[9.880s] [ 13%] [34m[1mGenerating C++ type support for eProsima Fast-RTPS[0m
[9.881s] [ 15%] [34m[1mGenerating C++ introspection for ROS interfaces[0m
[10.062s] [ 16%] [32m[1mLinking C shared library libcustom_interface__rosidl_generator_c.so[0m
[10.172s] [ 16%] Built target custom_interface__rosidl_generator_c
[10.185s] [ 17%] [34m[1mGenerating C type support dispatch for ROS interfaces[0m
[10.185s] [ 18%] [34m[1mGenerating C type support for eProsima Fast-RTPS[0m
[10.186s] [ 20%] [34m[1mGenerating C introspection for ROS interfaces[0m
[10.439s] [ 21%] [32mBuilding CXX object CMakeFiles/custom_interface__rosidl_typesupport_cpp.dir/rosidl_typesupport_cpp/custom_interface/msg/request_distance_msg__type_support.cpp.o[0m
[10.440s] [ 22%] [32mBuilding CXX object CMakeFiles/custom_interface__rosidl_typesupport_cpp.dir/rosidl_typesupport_cpp/custom_interface/srv/calculate_distance__type_support.cpp.o[0m
[10.440s] [ 24%] [32mBuilding CXX object CMakeFiles/custom_interface__rosidl_typesupport_cpp.dir/rosidl_typesupport_cpp/custom_interface/msg/response_distance_msg__type_support.cpp.o[0m
[10.442s] [ 25%] [32mBuilding CXX object CMakeFiles/custom_interface__rosidl_typesupport_cpp.dir/rosidl_typesupport_cpp/custom_interface/srv/cancel_request__type_support.cpp.o[0m
[10.443s] [ 26%] [32mBuilding CXX object CMakeFiles/custom_interface__rosidl_typesupport_cpp.dir/rosidl_typesupport_cpp/custom_interface/msg/task_msg__type_support.cpp.o[0m
[10.450s] [ 27%] [32mBuilding CXX object CMakeFiles/custom_interface__rosidl_typesupport_cpp.dir/rosidl_typesupport_cpp/custom_interface/action/countdown__type_support.cpp.o[0m
[10.451s] [ 29%] [32mBuilding CXX object CMakeFiles/custom_interface__rosidl_typesupport_cpp.dir/rosidl_typesupport_cpp/custom_interface/msg/count__type_support.cpp.o[0m
[10.583s] [ 31%] [32mBuilding CXX object CMakeFiles/custom_interface__rosidl_typesupport_introspection_cpp.dir/rosidl_typesupport_introspection_cpp/custom_interface/srv/detail/cancel_request__type_support.cpp.o[0m
[10.584s] [ 32%] [32mBuilding CXX object CMakeFiles/custom_interface__rosidl_typesupport_introspection_cpp.dir/rosidl_typesupport_introspection_cpp/custom_interface/srv/detail/calculate_distance__type_support.cpp.o[0m
[10.584s] [ 32%] [32mBuilding CXX object CMakeFiles/custom_interface__rosidl_typesupport_introspection_cpp.dir/rosidl_typesupport_introspection_cpp/custom_interface/msg/detail/task_msg__type_support.cpp.o[0m
[10.584s] [ 35%] [32mBuilding CXX object CMakeFiles/custom_interface__rosidl_typesupport_introspection_cpp.dir/rosidl_typesupport_introspection_cpp/custom_interface/msg/detail/response_distance_msg__type_support.cpp.o[0m
[10.584s] [ 35%] [32mBuilding CXX object CMakeFiles/custom_interface__rosidl_typesupport_introspection_cpp.dir/rosidl_typesupport_introspection_cpp/custom_interface/msg/detail/request_distance_msg__type_support.cpp.o[0m
[10.586s] [ 36%] [32mBuilding CXX object CMakeFiles/custom_interface__rosidl_typesupport_introspection_cpp.dir/rosidl_typesupport_introspection_cpp/custom_interface/msg/detail/count__type_support.cpp.o[0m
[10.586s] [ 37%] [32mBuilding CXX object CMakeFiles/custom_interface__rosidl_typesupport_introspection_cpp.dir/rosidl_typesupport_introspection_cpp/custom_interface/action/detail/countdown__type_support.cpp.o[0m
[10.865s] [ 40%] [32mBuilding CXX object CMakeFiles/custom_interface__rosidl_typesupport_fastrtps_cpp.dir/rosidl_typesupport_fastrtps_cpp/custom_interface/msg/detail/dds_fastrtps/request_distance_msg__type_support.cpp.o[0m
[10.865s] [ 40%] [32mBuilding CXX object CMakeFiles/custom_interface__rosidl_typesupport_fastrtps_cpp.dir/rosidl_typesupport_fastrtps_cpp/custom_interface/msg/detail/dds_fastrtps/response_distance_msg__type_support.cpp.o[0m
[10.865s] [ 41%] [32mBuilding CXX object CMakeFiles/custom_interface__rosidl_typesupport_fastrtps_cpp.dir/rosidl_typesupport_fastrtps_cpp/custom_interface/msg/detail/dds_fastrtps/task_msg__type_support.cpp.o[0m
[10.881s] [ 43%] [32mBuilding CXX object CMakeFiles/custom_interface__rosidl_typesupport_fastrtps_cpp.dir/rosidl_typesupport_fastrtps_cpp/custom_interface/srv/detail/dds_fastrtps/cancel_request__type_support.cpp.o[0m
[10.881s] [ 44%] [32mBuilding CXX object CMakeFiles/custom_interface__rosidl_typesupport_fastrtps_cpp.dir/rosidl_typesupport_fastrtps_cpp/custom_interface/srv/detail/dds_fastrtps/calculate_distance__type_support.cpp.o[0m
[11.072s] [ 45%] [32mBuilding CXX object CMakeFiles/custom_interface__rosidl_typesupport_c.dir/rosidl_typesupport_c/custom_interface/msg/task_msg__type_support.cpp.o[0m
[11.177s] [ 46%] [32mBuilding CXX object CMakeFiles/custom_interface__rosidl_typesupport_fastrtps_cpp.dir/rosidl_typesupport_fastrtps_cpp/custom_interface/action/detail/dds_fastrtps/countdown__type_support.cpp.o[0m
[11.189s] [ 48%] [32mBuilding CXX object CMakeFiles/custom_interface__rosidl_typesupport_c.dir/rosidl_typesupport_c/custom_interface/msg/request_distance_msg__type_support.cpp.o[0m
[11.210s] [ 49%] [32mBuilding CXX object CMakeFiles/custom_interface__rosidl_typesupport_c.dir/rosidl_typesupport_c/custom_interface/msg/response_distance_msg__type_support.cpp.o[0m
[11.267s] [ 50%] [32mBuilding CXX object CMakeFiles/custom_interface__rosidl_typesupport_c.dir/rosidl_typesupport_c/custom_interface/srv/calculate_distance__type_support.cpp.o[0m
[11.269s] [ 51%] [32mBuilding CXX object CMakeFiles/custom_interface__rosidl_typesupport_fastrtps_cpp.dir/rosidl_typesupport_fastrtps_cpp/custom_interface/msg/detail/dds_fastrtps/count__type_support.cpp.o[0m
[11.270s] [ 53%] [32mBuilding CXX object CMakeFiles/custom_interface__rosidl_typesupport_c.dir/rosidl_typesupport_c/custom_interface/srv/cancel_request__type_support.cpp.o[0m
[11.308s] [ 54%] [32mBuilding CXX object CMakeFiles/custom_interface__rosidl_typesupport_c.dir/rosidl_typesupport_c/custom_interface/action/countdown__type_support.cpp.o[0m
[11.314s] [ 55%] [32mBuilding CXX object CMakeFiles/custom_interface__rosidl_typesupport_c.dir/rosidl_typesupport_c/custom_interface/msg/count__type_support.cpp.o[0m
[11.382s] [ 56%] [32mBuilding C object CMakeFiles/custom_interface__rosidl_typesupport_introspection_c.dir/rosidl_typesupport_introspection_c/custom_interface/msg/detail/response_distance_msg__type_support.c.o[0m
[11.384s] [ 58%] [32mBuilding C object CMakeFiles/custom_interface__rosidl_typesupport_introspection_c.dir/rosidl_typesupport_introspection_c/custom_interface/msg/detail/request_distance_msg__type_support.c.o[0m
[11.388s] [ 59%] [32mBuilding C object CMakeFiles/custom_interface__rosidl_typesupport_introspection_c.dir/rosidl_typesupport_introspection_c/custom_interface/msg/detail/task_msg__type_support.c.o[0m
[11.409s] [ 60%] [32mBuilding C object CMakeFiles/custom_interface__rosidl_typesupport_introspection_c.dir/rosidl_typesupport_introspection_c/custom_interface/srv/detail/calculate_distance__type_support.c.o[0m
[11.492s] [ 62%] [32mBuilding C object CMakeFiles/custom_interface__rosidl_typesupport_introspection_c.dir/rosidl_typesupport_introspection_c/custom_interface/srv/detail/cancel_request__type_support.c.o[0m
[11.522s] [ 63%] [32m[1mLinking CXX shared library libcustom_interface__rosidl_typesupport_c.so[0m
[11.524s] [ 64%] [32mBuilding C object CMakeFiles/custom_interface__rosidl_typesupport_introspection_c.dir/rosidl_typesupport_introspection_c/custom_interface/action/detail/countdown__type_support.c.o[0m
[11.524s] [ 65%] [32mBuilding C object CMakeFiles/custom_interface__rosidl_typesupport_introspection_c.dir/rosidl_typesupport_introspection_c/custom_interface/msg/detail/count__type_support.c.o[0m
[11.617s] [ 67%] [32mBuilding CXX object CMakeFiles/custom_interface__rosidl_typesupport_fastrtps_c.dir/rosidl_typesupport_fastrtps_c/custom_interface/msg/detail/task_msg__type_support_c.cpp.o[0m
[11.620s] [ 68%] [32mBuilding CXX object CMakeFiles/custom_interface__rosidl_typesupport_fastrtps_c.dir/rosidl_typesupport_fastrtps_c/custom_interface/msg/detail/response_distance_msg__type_support_c.cpp.o[0m
[11.620s] [ 69%] [32mBuilding CXX object CMakeFiles/custom_interface__rosidl_typesupport_fastrtps_c.dir/rosidl_typesupport_fastrtps_c/custom_interface/srv/detail/calculate_distance__type_support_c.cpp.o[0m
[11.621s] [ 70%] [32mBuilding CXX object CMakeFiles/custom_interface__rosidl_typesupport_fastrtps_c.dir/rosidl_typesupport_fastrtps_c/custom_interface/msg/detail/request_distance_msg__type_support_c.cpp.o[0m
[11.629s] [ 72%] [32mBuilding CXX object CMakeFiles/custom_interface__rosidl_typesupport_fastrtps_c.dir/rosidl_typesupport_fastrtps_c/custom_interface/srv/detail/cancel_request__type_support_c.cpp.o[0m
[11.632s] [ 73%] [32mBuilding CXX object CMakeFiles/custom_interface__rosidl_typesupport_fastrtps_c.dir/rosidl_typesupport_fastrtps_c/custom_interface/msg/detail/count__type_support_c.cpp.o[0m
[11.638s] [ 74%] [32mBuilding CXX object CMakeFiles/custom_interface__rosidl_typesupport_fastrtps_c.dir/rosidl_typesupport_fastrtps_c/custom_interface/action/detail/countdown__type_support_c.cpp.o[0m
[11.725s] [ 75%] [32m[1mLinking C shared library libcustom_interface__rosidl_typesupport_introspection_c.so[0m
[11.810s] [ 75%] Built target custom_interface__rosidl_typesupport_c
[11.882s] [ 77%] [32m[1mLinking CXX shared library libcustom_interface__rosidl_typesupport_cpp.so[0m
[11.937s] [ 77%] Built target custom_interface__rosidl_typesupport_introspection_c
[12.073s] [ 77%] Built target custom_interface__rosidl_typesupport_cpp
[12.191s] [ 78%] [32m[1mLinking CXX shared library libcustom_interface__rosidl_typesupport_introspection_cpp.so[0m
[12.360s] [ 79%] [32m[1mLinking CXX shared library libcustom_interface__rosidl_typesupport_fastrtps_cpp.so[0m
[12.367s] [ 79%] Built target custom_interface__rosidl_typesupport_introspection_cpp
[12.397s] [ 81%] [32m[1mLinking CXX shared library libcustom_interface__rosidl_typesupport_fastrtps_c.so[0m
[12.509s] [ 81%] Built target custom_interface__rosidl_typesupport_fastrtps_cpp
[12.557s] [ 81%] Built target custom_interface__rosidl_typesupport_fastrtps_c
[12.580s] [ 81%] Built target custom_interface
[12.604s] [ 82%] [34m[1mGenerating Python code for ROS interfaces[0m
[14.183s] [ 82%] Built target custom_interface__py
[14.209s] [ 83%] [32mBuilding C object CMakeFiles/custom_interface__rosidl_generator_py.dir/rosidl_generator_py/custom_interface/msg/_task_msg_s.c.o[0m
[14.210s] [ 84%] [32mBuilding C object CMakeFiles/custom_interface__rosidl_generator_py.dir/rosidl_generator_py/custom_interface/msg/_request_distance_msg_s.c.o[0m
[14.211s] [ 86%] [32mBuilding C object CMakeFiles/custom_interface__rosidl_generator_py.dir/rosidl_generator_py/custom_interface/msg/_response_distance_msg_s.c.o[0m
[14.217s] [ 87%] [32mBuilding C object CMakeFiles/custom_interface__rosidl_generator_py.dir/rosidl_generator_py/custom_interface/action/_countdown_s.c.o[0m
[14.218s] [ 88%] [32mBuilding C object CMakeFiles/custom_interface__rosidl_generator_py.dir/rosidl_generator_py/custom_interface/srv/_cancel_request_s.c.o[0m
[14.222s] [ 89%] [32mBuilding C object CMakeFiles/custom_interface__rosidl_generator_py.dir/rosidl_generator_py/custom_interface/msg/_count_s.c.o[0m
[14.223s] [ 91%] [32mBuilding C object CMakeFiles/custom_interface__rosidl_generator_py.dir/rosidl_generator_py/custom_interface/srv/_calculate_distance_s.c.o[0m
[14.471s] [ 92%] [32m[1mLinking C shared library rosidl_generator_py/custom_interface/libcustom_interface__rosidl_generator_py.so[0m
[14.663s] [ 92%] Built target custom_interface__rosidl_generator_py
[14.693s] [ 93%] [32mBuilding C object CMakeFiles/custom_interface__rosidl_typesupport_introspection_c__pyext.dir/rosidl_generator_py/custom_interface/_custom_interface_s.ep.rosidl_typesupport_introspection_c.c.o[0m
[14.693s] [ 94%] [32mBuilding C object CMakeFiles/custom_interface__rosidl_typesupport_c__pyext.dir/rosidl_generator_py/custom_interface/_custom_interface_s.ep.rosidl_typesupport_c.c.o[0m
[14.697s] [ 96%] [32mBuilding C object CMakeFiles/custom_interface__rosidl_typesupport_fastrtps_c__pyext.dir/rosidl_generator_py/custom_interface/_custom_interface_s.ep.rosidl_typesupport_fastrtps_c.c.o[0m
[14.864s] [ 97%] [32m[1mLinking C shared library rosidl_generator_py/custom_interface/custom_interface_s__rosidl_typesupport_fastrtps_c.cpython-310-x86_64-linux-gnu.so[0m
[14.865s] [ 98%] [32m[1mLinking C shared library rosidl_generator_py/custom_interface/custom_interface_s__rosidl_typesupport_c.cpython-310-x86_64-linux-gnu.so[0m
[14.869s] [100%] [32m[1mLinking C shared library rosidl_generator_py/custom_interface/custom_interface_s__rosidl_typesupport_introspection_c.cpython-310-x86_64-linux-gnu.so[0m
[15.019s] [100%] Built target custom_interface__rosidl_typesupport_fastrtps_c__pyext
[15.028s] [100%] Built target custom_interface__rosidl_typesupport_c__pyext
[15.029s] [100%] Built target custom_interface__rosidl_typesupport_introspection_c__pyext
[15.047s] Invoked command in '/home/felix/robo/robo_ai_turku_2025/ros2_ws/build/custom_interface' returned '0': CMAKE_PREFIX_PATH=${CMAKE_PREFIX_PATH}:/home/felix/robo/robo_ai_turku_2025/install/task1:/home/felix/robo/robo_ai_turku_2025/install/lab1_bringup:/home/felix/robo/robo_ai_turku_2025/install/lab01_task05:/home/felix/robo/robo_ai_turku_2025/install/lab01_task03:/home/felix/robo/robo_ai_turku_2025/install/lab01_task02:/home/felix/robo/robo_ai_turku_2025/install/lab01_task01:/home/felix/robo/robo_ai_turku_2025/ros2_ws/install/lab01_task05:/home/felix/robo/robo_ai_turku_2025/ros2_ws/install/lab01_task03:/home/felix/robo/robo_ai_turku_2025/ros2_ws/install/lab01_task02:/home/felix/robo/robo_ai_turku_2025/ros2_ws/install/lab01_task01:/home/felix/robo/robo_ai_turku_2025/ros2_ws/install/lab1_bringup:/home/felix/robo/robo_ai_turku_2025/ros2_ws/install/task1:/opt/ros/humble /usr/bin/cmake --build /home/felix/robo/robo_ai_turku_2025/ros2_ws/build/custom_interface -- -j22 -l22
[15.058s] Invoking command in '/home/felix/robo/robo_ai_turku_2025/ros2_ws/build/custom_interface': CMAKE_PREFIX_PATH=${CMAKE_PREFIX_PATH}:/home/felix/robo/robo_ai_turku_2025/install/task1:/home/felix/robo/robo_ai_turku_2025/install/lab1_bringup:/home/felix/robo/robo_ai_turku_2025/install/lab01_task05:/home/felix/robo/robo_ai_turku_2025/install/lab01_task03:/home/felix/robo/robo_ai_turku_2025/install/lab01_task02:/home/felix/robo/robo_ai_turku_2025/install/lab01_task01:/home/felix/robo/robo_ai_turku_2025/ros2_ws/install/lab01_task05:/home/felix/robo/robo_ai_turku_2025/ros2_ws/install/lab01_task03:/home/felix/robo/robo_ai_turku_2025/ros2_ws/install/lab01_task02:/home/felix/robo/robo_ai_turku_2025/ros2_ws/install/lab01_task01:/home/felix/robo/robo_ai_turku_2025/ros2_ws/install/lab1_bringup:/home/felix/robo/robo_ai_turku_2025/ros2_ws/install/task1:/opt/ros/humble /usr/bin/cmake --install /home/felix/robo/robo_ai_turku_2025/ros2_ws/build/custom_interface
[15.066s] -- Install configuration: ""
[15.067s] -- Installing: /home/felix/robo/robo_ai_turku_2025/ros2_ws/install/custom_interface/share/ament_index/resource_index/rosidl_interfaces/custom_interface
[15.068s] -- Installing: /home/felix/robo/robo_ai_turku_2025/ros2_ws/install/custom_interface/include/custom_interface/custom_interface
[15.068s] -- Installing: /home/felix/robo/robo_ai_turku_2025/ros2_ws/install/custom_interface/include/custom_interface/custom_interface/msg
[15.068s] -- Installing: /home/felix/robo/robo_ai_turku_2025/ros2_ws/install/custom_interface/include/custom_interface/custom_interface/msg/count.h
[15.069s] -- Installing: /home/felix/robo/robo_ai_turku_2025/ros2_ws/install/custom_interface/include/custom_interface/custom_interface/msg/task_msg.h
[15.069s] -- Installing: /home/felix/robo/robo_ai_turku_2025/ros2_ws/install/custom_interface/include/custom_interface/custom_interface/msg/request_distance_msg.h
[15.069s] -- Installing: /home/felix/robo/robo_ai_turku_2025/ros2_ws/install/custom_interface/include/custom_interface/custom_interface/msg/rosidl_generator_c__visibility_control.h
[15.070s] -- Installing: /home/felix/robo/robo_ai_turku_2025/ros2_ws/install/custom_interface/include/custom_interface/custom_interface/msg/response_distance_msg.h
[15.070s] -- Installing: /home/felix/robo/robo_ai_turku_2025/ros2_ws/install/custom_interface/include/custom_interface/custom_interface/msg/detail
[15.070s] -- Installing: /home/felix/robo/robo_ai_turku_2025/ros2_ws/install/custom_interface/include/custom_interface/custom_interface/msg/detail/response_distance_msg__functions.c
[15.070s] -- Installing: /home/felix/robo/robo_ai_turku_2025/ros2_ws/install/custom_interface/include/custom_interface/custom_interface/msg/detail/response_distance_msg__type_support.h
[15.070s] -- Installing: /home/felix/robo/robo_ai_turku_2025/ros2_ws/install/custom_interface/include/custom_interface/custom_interface/msg/detail/task_msg__struct.h
[15.070s] -- Installing: /home/felix/robo/robo_ai_turku_2025/ros2_ws/install/custom_interface/include/custom_interface/custom_interface/msg/detail/count__functions.h
[15.071s] -- Installing: /home/felix/robo/robo_ai_turku_2025/ros2_ws/install/custom_interface/include/custom_interface/custom_interface/msg/detail/request_distance_msg__struct.h
[15.071s] -- Installing: /home/felix/robo/robo_ai_turku_2025/ros2_ws/install/custom_interface/include/custom_interface/custom_interface/msg/detail/request_distance_msg__functions.h
[15.071s] -- Installing: /home/felix/robo/robo_ai_turku_2025/ros2_ws/install/custom_interface/include/custom_interface/custom_interface/msg/detail/count__struct.h
[15.071s] -- Installing: /home/felix/robo/robo_ai_turku_2025/ros2_ws/install/custom_interface/include/custom_interface/custom_interface/msg/detail/response_distance_msg__functions.h
[15.071s] -- Installing: /home/felix/robo/robo_ai_turku_2025/ros2_ws/install/custom_interface/include/custom_interface/custom_interface/msg/detail/count__functions.c
[15.071s] -- Installing: /home/felix/robo/robo_ai_turku_2025/ros2_ws/install/custom_interface/include/custom_interface/custom_interface/msg/detail/task_msg__functions.c
[15.072s] -- Installing: /home/felix/robo/robo_ai_turku_2025/ros2_ws/install/custom_interface/include/custom_interface/custom_interface/msg/detail/task_msg__functions.h
[15.072s] -- Installing: /home/felix/robo/robo_ai_turku_2025/ros2_ws/install/custom_interface/include/custom_interface/custom_interface/msg/detail/task_msg__type_support.h
[15.072s] -- Installing: /home/felix/robo/robo_ai_turku_2025/ros2_ws/install/custom_interface/include/custom_interface/custom_interface/msg/detail/response_distance_msg__struct.h
[15.072s] -- Installing: /home/felix/robo/robo_ai_turku_2025/ros2_ws/install/custom_interface/include/custom_interface/custom_interface/msg/detail/request_distance_msg__functions.c
[15.072s] -- Installing: /home/felix/robo/robo_ai_turku_2025/ros2_ws/install/custom_interface/include/custom_interface/custom_interface/msg/detail/request_distance_msg__type_support.h
[15.072s] -- Installing: /home/felix/robo/robo_ai_turku_2025/ros2_ws/install/custom_interface/include/custom_interface/custom_interface/msg/detail/count__type_support.h
[15.073s] -- Installing: /home/felix/robo/robo_ai_turku_2025/ros2_ws/install/custom_interface/include/custom_interface/custom_interface/action
[15.073s] -- Installing: /home/felix/robo/robo_ai_turku_2025/ros2_ws/install/custom_interface/include/custom_interface/custom_interface/action/countdown.h
[15.073s] -- Installing: /home/felix/robo/robo_ai_turku_2025/ros2_ws/install/custom_interface/include/custom_interface/custom_interface/action/detail
[15.073s] -- Installing: /home/felix/robo/robo_ai_turku_2025/ros2_ws/install/custom_interface/include/custom_interface/custom_interface/action/detail/countdown__type_support.h
[15.074s] -- Installing: /home/felix/robo/robo_ai_turku_2025/ros2_ws/install/custom_interface/include/custom_interface/custom_interface/action/detail/countdown__functions.c
[15.074s] -- Installing: /home/felix/robo/robo_ai_turku_2025/ros2_ws/install/custom_interface/include/custom_interface/custom_interface/action/detail/countdown__functions.h
[15.074s] -- Installing: /home/felix/robo/robo_ai_turku_2025/ros2_ws/install/custom_interface/include/custom_interface/custom_interface/action/detail/countdown__struct.h
[15.074s] -- Installing: /home/felix/robo/robo_ai_turku_2025/ros2_ws/install/custom_interface/include/custom_interface/custom_interface/srv
[15.074s] -- Installing: /home/felix/robo/robo_ai_turku_2025/ros2_ws/install/custom_interface/include/custom_interface/custom_interface/srv/calculate_distance.h
[15.075s] -- Installing: /home/felix/robo/robo_ai_turku_2025/ros2_ws/install/custom_interface/include/custom_interface/custom_interface/srv/cancel_request.h
[15.075s] -- Installing: /home/felix/robo/robo_ai_turku_2025/ros2_ws/install/custom_interface/include/custom_interface/custom_interface/srv/detail
[15.075s] -- Installing: /home/felix/robo/robo_ai_turku_2025/ros2_ws/install/custom_interface/include/custom_interface/custom_interface/srv/detail/cancel_request__functions.c
[15.075s] -- Installing: /home/felix/robo/robo_ai_turku_2025/ros2_ws/install/custom_interface/include/custom_interface/custom_interface/srv/detail/cancel_request__type_support.h
[15.075s] -- Installing: /home/felix/robo/robo_ai_turku_2025/ros2_ws/install/custom_interface/include/custom_interface/custom_interface/srv/detail/calculate_distance__functions.c
[15.075s] -- Installing: /home/felix/robo/robo_ai_turku_2025/ros2_ws/install/custom_interface/include/custom_interface/custom_interface/srv/detail/cancel_request__struct.h
[15.075s] -- Installing: /home/felix/robo/robo_ai_turku_2025/ros2_ws/install/custom_interface/include/custom_interface/custom_interface/srv/detail/calculate_distance__type_support.h
[15.075s] -- Installing: /home/felix/robo/robo_ai_turku_2025/ros2_ws/install/custom_interface/include/custom_interface/custom_interface/srv/detail/cancel_request__functions.h
[15.076s] -- Installing: /home/felix/robo/robo_ai_turku_2025/ros2_ws/install/custom_interface/include/custom_interface/custom_interface/srv/detail/calculate_distance__functions.h
[15.076s] -- Installing: /home/felix/robo/robo_ai_turku_2025/ros2_ws/install/custom_interface/include/custom_interface/custom_interface/srv/detail/calculate_distance__struct.h
[15.076s] -- Installing: /home/felix/robo/robo_ai_turku_2025/ros2_ws/install/custom_interface/share/custom_interface/environment/library_path.sh
[15.076s] -- Installing: /home/felix/robo/robo_ai_turku_2025/ros2_ws/install/custom_interface/share/custom_interface/environment/library_path.dsv
[15.076s] -- Installing: /home/felix/robo/robo_ai_turku_2025/ros2_ws/install/custom_interface/lib/libcustom_interface__rosidl_generator_c.so
[15.077s] -- Set runtime path of "/home/felix/robo/robo_ai_turku_2025/ros2_ws/install/custom_interface/lib/libcustom_interface__rosidl_generator_c.so" to ""
[15.077s] -- Up-to-date: /home/felix/robo/robo_ai_turku_2025/ros2_ws/install/custom_interface/include/custom_interface/custom_interface
[15.077s] -- Up-to-date: /home/felix/robo/robo_ai_turku_2025/ros2_ws/install/custom_interface/include/custom_interface/custom_interface/msg
[15.078s] -- Up-to-date: /home/felix/robo/robo_ai_turku_2025/ros2_ws/install/custom_interface/include/custom_interface/custom_interface/msg/detail
[15.078s] -- Installing: /home/felix/robo/robo_ai_turku_2025/ros2_ws/install/custom_interface/include/custom_interface/custom_interface/msg/detail/task_msg__rosidl_typesupport_fastrtps_c.h
[15.078s] -- Installing: /home/felix/robo/robo_ai_turku_2025/ros2_ws/install/custom_interface/include/custom_interface/custom_interface/msg/detail/request_distance_msg__rosidl_typesupport_fastrtps_c.h
[15.078s] -- Installing: /home/felix/robo/robo_ai_turku_2025/ros2_ws/install/custom_interface/include/custom_interface/custom_interface/msg/detail/count__rosidl_typesupport_fastrtps_c.h
[15.078s] -- Installing: /home/felix/robo/robo_ai_turku_2025/ros2_ws/install/custom_interface/include/custom_interface/custom_interface/msg/detail/response_distance_msg__rosidl_typesupport_fastrtps_c.h
[15.078s] -- Installing: /home/felix/robo/robo_ai_turku_2025/ros2_ws/install/custom_interface/include/custom_interface/custom_interface/msg/rosidl_typesupport_fastrtps_c__visibility_control.h
[15.078s] -- Up-to-date: /home/felix/robo/robo_ai_turku_2025/ros2_ws/install/custom_interface/include/custom_interface/custom_interface/action
[15.078s] -- Up-to-date: /home/felix/robo/robo_ai_turku_2025/ros2_ws/install/custom_interface/include/custom_interface/custom_interface/action/detail
[15.078s] -- Installing: /home/felix/robo/robo_ai_turku_2025/ros2_ws/install/custom_interface/include/custom_interface/custom_interface/action/detail/countdown__rosidl_typesupport_fastrtps_c.h
[15.078s] -- Up-to-date: /home/felix/robo/robo_ai_turku_2025/ros2_ws/install/custom_interface/include/custom_interface/custom_interface/srv
[15.078s] -- Up-to-date: /home/felix/robo/robo_ai_turku_2025/ros2_ws/install/custom_interface/include/custom_interface/custom_interface/srv/detail
[15.078s] -- Installing: /home/felix/robo/robo_ai_turku_2025/ros2_ws/install/custom_interface/include/custom_interface/custom_interface/srv/detail/cancel_request__rosidl_typesupport_fastrtps_c.h
[15.079s] -- Installing: /home/felix/robo/robo_ai_turku_2025/ros2_ws/install/custom_interface/include/custom_interface/custom_interface/srv/detail/calculate_distance__rosidl_typesupport_fastrtps_c.h
[15.079s] -- Installing: /home/felix/robo/robo_ai_turku_2025/ros2_ws/install/custom_interface/lib/libcustom_interface__rosidl_typesupport_fastrtps_c.so
[15.079s] -- Set runtime path of "/home/felix/robo/robo_ai_turku_2025/ros2_ws/install/custom_interface/lib/libcustom_interface__rosidl_typesupport_fastrtps_c.so" to ""
[15.079s] -- Up-to-date: /home/felix/robo/robo_ai_turku_2025/ros2_ws/install/custom_interface/include/custom_interface/custom_interface
[15.079s] -- Up-to-date: /home/felix/robo/robo_ai_turku_2025/ros2_ws/install/custom_interface/include/custom_interface/custom_interface/msg
[15.079s] -- Installing: /home/felix/robo/robo_ai_turku_2025/ros2_ws/install/custom_interface/include/custom_interface/custom_interface/msg/request_distance_msg.hpp
[15.080s] -- Installing: /home/felix/robo/robo_ai_turku_2025/ros2_ws/install/custom_interface/include/custom_interface/custom_interface/msg/count.hpp
[15.080s] -- Installing: /home/felix/robo/robo_ai_turku_2025/ros2_ws/install/custom_interface/include/custom_interface/custom_interface/msg/response_distance_msg.hpp
[15.080s] -- Installing: /home/felix/robo/robo_ai_turku_2025/ros2_ws/install/custom_interface/include/custom_interface/custom_interface/msg/rosidl_generator_cpp__visibility_control.hpp
[15.080s] -- Installing: /home/felix/robo/robo_ai_turku_2025/ros2_ws/install/custom_interface/include/custom_interface/custom_interface/msg/task_msg.hpp
[15.080s] -- Up-to-date: /home/felix/robo/robo_ai_turku_2025/ros2_ws/install/custom_interface/include/custom_interface/custom_interface/msg/detail
[15.080s] -- Installing: /home/felix/robo/robo_ai_turku_2025/ros2_ws/install/custom_interface/include/custom_interface/custom_interface/msg/detail/request_distance_msg__builder.hpp
[15.080s] -- Installing: /home/felix/robo/robo_ai_turku_2025/ros2_ws/install/custom_interface/include/custom_interface/custom_interface/msg/detail/task_msg__traits.hpp
[15.080s] -- Installing: /home/felix/robo/robo_ai_turku_2025/ros2_ws/install/custom_interface/include/custom_interface/custom_interface/msg/detail/task_msg__builder.hpp
[15.080s] -- Installing: /home/felix/robo/robo_ai_turku_2025/ros2_ws/install/custom_interface/include/custom_interface/custom_interface/msg/detail/request_distance_msg__traits.hpp
[15.081s] -- Installing: /home/felix/robo/robo_ai_turku_2025/ros2_ws/install/custom_interface/include/custom_interface/custom_interface/msg/detail/request_distance_msg__struct.hpp
[15.081s] -- Installing: /home/felix/robo/robo_ai_turku_2025/ros2_ws/install/custom_interface/include/custom_interface/custom_interface/msg/detail/count__traits.hpp
[15.081s] -- Installing: /home/felix/robo/robo_ai_turku_2025/ros2_ws/install/custom_interface/include/custom_interface/custom_interface/msg/detail/response_distance_msg__type_support.hpp
[15.081s] -- Installing: /home/felix/robo/robo_ai_turku_2025/ros2_ws/install/custom_interface/include/custom_interface/custom_interface/msg/detail/response_distance_msg__struct.hpp
[15.081s] -- Installing: /home/felix/robo/robo_ai_turku_2025/ros2_ws/install/custom_interface/include/custom_interface/custom_interface/msg/detail/response_distance_msg__traits.hpp
[15.081s] -- Installing: /home/felix/robo/robo_ai_turku_2025/ros2_ws/install/custom_interface/include/custom_interface/custom_interface/msg/detail/response_distance_msg__builder.hpp
[15.081s] -- Installing: /home/felix/robo/robo_ai_turku_2025/ros2_ws/install/custom_interface/include/custom_interface/custom_interface/msg/detail/count__struct.hpp
[15.081s] -- Installing: /home/felix/robo/robo_ai_turku_2025/ros2_ws/install/custom_interface/include/custom_interface/custom_interface/msg/detail/count__type_support.hpp
[15.081s] -- Installing: /home/felix/robo/robo_ai_turku_2025/ros2_ws/install/custom_interface/include/custom_interface/custom_interface/msg/detail/task_msg__struct.hpp
[15.082s] -- Installing: /home/felix/robo/robo_ai_turku_2025/ros2_ws/install/custom_interface/include/custom_interface/custom_interface/msg/detail/count__builder.hpp
[15.083s] -- Installing: /home/felix/robo/robo_ai_turku_2025/ros2_ws/install/custom_interface/include/custom_interface/custom_interface/msg/detail/request_distance_msg__type_support.hpp
[15.083s] -- Installing: /home/felix/robo/robo_ai_turku_2025/ros2_ws/install/custom_interface/include/custom_interface/custom_interface/msg/detail/task_msg__type_support.hpp
[15.083s] -- Up-to-date: /home/felix/robo/robo_ai_turku_2025/ros2_ws/install/custom_interface/include/custom_interface/custom_interface/action
[15.083s] -- Installing: /home/felix/robo/robo_ai_turku_2025/ros2_ws/install/custom_interface/include/custom_interface/custom_interface/action/countdown.hpp
[15.083s] -- Up-to-date: /home/felix/robo/robo_ai_turku_2025/ros2_ws/install/custom_interface/include/custom_interface/custom_interface/action/detail
[15.084s] -- Installing: /home/felix/robo/robo_ai_turku_2025/ros2_ws/install/custom_interface/include/custom_interface/custom_interface/action/detail/countdown__type_support.hpp
[15.085s] -- Installing: /home/felix/robo/robo_ai_turku_2025/ros2_ws/install/custom_interface/include/custom_interface/custom_interface/action/detail/countdown__builder.hpp
[15.085s] -- Installing: /home/felix/robo/robo_ai_turku_2025/ros2_ws/install/custom_interface/include/custom_interface/custom_interface/action/detail/countdown__struct.hpp
[15.085s] -- Installing: /home/felix/robo/robo_ai_turku_2025/ros2_ws/install/custom_interface/include/custom_interface/custom_interface/action/detail/countdown__traits.hpp
[15.085s] -- Up-to-date: /home/felix/robo/robo_ai_turku_2025/ros2_ws/install/custom_interface/include/custom_interface/custom_interface/srv
[15.085s] -- Installing: /home/felix/robo/robo_ai_turku_2025/ros2_ws/install/custom_interface/include/custom_interface/custom_interface/srv/calculate_distance.hpp
[15.085s] -- Installing: /home/felix/robo/robo_ai_turku_2025/ros2_ws/install/custom_interface/include/custom_interface/custom_interface/srv/cancel_request.hpp
[15.086s] -- Up-to-date: /home/felix/robo/robo_ai_turku_2025/ros2_ws/install/custom_interface/include/custom_interface/custom_interface/srv/detail
[15.086s] -- Installing: /home/felix/robo/robo_ai_turku_2025/ros2_ws/install/custom_interface/include/custom_interface/custom_interface/srv/detail/cancel_request__struct.hpp
[15.086s] -- Installing: /home/felix/robo/robo_ai_turku_2025/ros2_ws/install/custom_interface/include/custom_interface/custom_interface/srv/detail/calculate_distance__type_support.hpp
[15.086s] -- Installing: /home/felix/robo/robo_ai_turku_2025/ros2_ws/install/custom_interface/include/custom_interface/custom_interface/srv/detail/cancel_request__type_support.hpp
[15.086s] -- Installing: /home/felix/robo/robo_ai_turku_2025/ros2_ws/install/custom_interface/include/custom_interface/custom_interface/srv/detail/calculate_distance__builder.hpp
[15.087s] -- Installing: /home/felix/robo/robo_ai_turku_2025/ros2_ws/install/custom_interface/include/custom_interface/custom_interface/srv/detail/calculate_distance__traits.hpp
[15.087s] -- Installing: /home/felix/robo/robo_ai_turku_2025/ros2_ws/install/custom_interface/include/custom_interface/custom_interface/srv/detail/cancel_request__traits.hpp
[15.087s] -- Installing: /home/felix/robo/robo_ai_turku_2025/ros2_ws/install/custom_interface/include/custom_interface/custom_interface/srv/detail/cancel_request__builder.hpp
[15.087s] -- Installing: /home/felix/robo/robo_ai_turku_2025/ros2_ws/install/custom_interface/include/custom_interface/custom_interface/srv/detail/calculate_distance__struct.hpp
[15.087s] -- Up-to-date: /home/felix/robo/robo_ai_turku_2025/ros2_ws/install/custom_interface/include/custom_interface/custom_interface
[15.087s] -- Up-to-date: /home/felix/robo/robo_ai_turku_2025/ros2_ws/install/custom_interface/include/custom_interface/custom_interface/msg
[15.087s] -- Installing: /home/felix/robo/robo_ai_turku_2025/ros2_ws/install/custom_interface/include/custom_interface/custom_interface/msg/rosidl_typesupport_fastrtps_cpp__visibility_control.h
[15.087s] -- Up-to-date: /home/felix/robo/robo_ai_turku_2025/ros2_ws/install/custom_interface/include/custom_interface/custom_interface/msg/detail
[15.087s] -- Installing: /home/felix/robo/robo_ai_turku_2025/ros2_ws/install/custom_interface/include/custom_interface/custom_interface/msg/detail/request_distance_msg__rosidl_typesupport_fastrtps_cpp.hpp
[15.087s] -- Installing: /home/felix/robo/robo_ai_turku_2025/ros2_ws/install/custom_interface/include/custom_interface/custom_interface/msg/detail/response_distance_msg__rosidl_typesupport_fastrtps_cpp.hpp
[15.087s] -- Installing: /home/felix/robo/robo_ai_turku_2025/ros2_ws/install/custom_interface/include/custom_interface/custom_interface/msg/detail/task_msg__rosidl_typesupport_fastrtps_cpp.hpp
[15.087s] -- Installing: /home/felix/robo/robo_ai_turku_2025/ros2_ws/install/custom_interface/include/custom_interface/custom_interface/msg/detail/count__rosidl_typesupport_fastrtps_cpp.hpp
[15.087s] -- Installing: /home/felix/robo/robo_ai_turku_2025/ros2_ws/install/custom_interface/include/custom_interface/custom_interface/msg/detail/dds_fastrtps
[15.087s] -- Up-to-date: /home/felix/robo/robo_ai_turku_2025/ros2_ws/install/custom_interface/include/custom_interface/custom_interface/action
[15.088s] -- Up-to-date: /home/felix/robo/robo_ai_turku_2025/ros2_ws/install/custom_interface/include/custom_interface/custom_interface/action/detail
[15.088s] -- Installing: /home/felix/robo/robo_ai_turku_2025/ros2_ws/install/custom_interface/include/custom_interface/custom_interface/action/detail/dds_fastrtps
[15.088s] -- Installing: /home/felix/robo/robo_ai_turku_2025/ros2_ws/install/custom_interface/include/custom_interface/custom_interface/action/detail/countdown__rosidl_typesupport_fastrtps_cpp.hpp
[15.088s] -- Up-to-date: /home/felix/robo/robo_ai_turku_2025/ros2_ws/install/custom_interface/include/custom_interface/custom_interface/srv
[15.088s] -- Up-to-date: /home/felix/robo/robo_ai_turku_2025/ros2_ws/install/custom_interface/include/custom_interface/custom_interface/srv/detail
[15.088s] -- Installing: /home/felix/robo/robo_ai_turku_2025/ros2_ws/install/custom_interface/include/custom_interface/custom_interface/srv/detail/cancel_request__rosidl_typesupport_fastrtps_cpp.hpp
[15.088s] -- Installing: /home/felix/robo/robo_ai_turku_2025/ros2_ws/install/custom_interface/include/custom_interface/custom_interface/srv/detail/calculate_distance__rosidl_typesupport_fastrtps_cpp.hpp
[15.088s] -- Installing: /home/felix/robo/robo_ai_turku_2025/ros2_ws/install/custom_interface/include/custom_interface/custom_interface/srv/detail/dds_fastrtps
[15.088s] -- Installing: /home/felix/robo/robo_ai_turku_2025/ros2_ws/install/custom_interface/lib/libcustom_interface__rosidl_typesupport_fastrtps_cpp.so
[15.088s] -- Set runtime path of "/home/felix/robo/robo_ai_turku_2025/ros2_ws/install/custom_interface/lib/libcustom_interface__rosidl_typesupport_fastrtps_cpp.so" to ""
[15.088s] -- Up-to-date: /home/felix/robo/robo_ai_turku_2025/ros2_ws/install/custom_interface/include/custom_interface/custom_interface
[15.088s] -- Up-to-date: /home/felix/robo/robo_ai_turku_2025/ros2_ws/install/custom_interface/include/custom_interface/custom_interface/msg
[15.088s] -- Installing: /home/felix/robo/robo_ai_turku_2025/ros2_ws/install/custom_interface/include/custom_interface/custom_interface/msg/rosidl_typesupport_introspection_c__visibility_control.h
[15.088s] -- Up-to-date: /home/felix/robo/robo_ai_turku_2025/ros2_ws/install/custom_interface/include/custom_interface/custom_interface/msg/detail
[15.088s] -- Installing: /home/felix/robo/robo_ai_turku_2025/ros2_ws/install/custom_interface/include/custom_interface/custom_interface/msg/detail/count__rosidl_typesupport_introspection_c.h
[15.088s] -- Installing: /home/felix/robo/robo_ai_turku_2025/ros2_ws/install/custom_interface/include/custom_interface/custom_interface/msg/detail/response_distance_msg__rosidl_typesupport_introspection_c.h
[15.088s] -- Installing: /home/felix/robo/robo_ai_turku_2025/ros2_ws/install/custom_interface/include/custom_interface/custom_interface/msg/detail/response_distance_msg__type_support.c
[15.089s] -- Installing: /home/felix/robo/robo_ai_turku_2025/ros2_ws/install/custom_interface/include/custom_interface/custom_interface/msg/detail/request_distance_msg__rosidl_typesupport_introspection_c.h
[15.089s] -- Installing: /home/felix/robo/robo_ai_turku_2025/ros2_ws/install/custom_interface/include/custom_interface/custom_interface/msg/detail/request_distance_msg__type_support.c
[15.089s] -- Installing: /home/felix/robo/robo_ai_turku_2025/ros2_ws/install/custom_interface/include/custom_interface/custom_interface/msg/detail/task_msg__rosidl_typesupport_introspection_c.h
[15.089s] -- Installing: /home/felix/robo/robo_ai_turku_2025/ros2_ws/install/custom_interface/include/custom_interface/custom_interface/msg/detail/count__type_support.c
[15.089s] -- Installing: /home/felix/robo/robo_ai_turku_2025/ros2_ws/install/custom_interface/include/custom_interface/custom_interface/msg/detail/task_msg__type_support.c
[15.089s] -- Up-to-date: /home/felix/robo/robo_ai_turku_2025/ros2_ws/install/custom_interface/include/custom_interface/custom_interface/action
[15.089s] -- Up-to-date: /home/felix/robo/robo_ai_turku_2025/ros2_ws/install/custom_interface/include/custom_interface/custom_interface/action/detail
[15.089s] -- Installing: /home/felix/robo/robo_ai_turku_2025/ros2_ws/install/custom_interface/include/custom_interface/custom_interface/action/detail/countdown__type_support.c
[15.089s] -- Installing: /home/felix/robo/robo_ai_turku_2025/ros2_ws/install/custom_interface/include/custom_interface/custom_interface/action/detail/countdown__rosidl_typesupport_introspection_c.h
[15.090s] -- Up-to-date: /home/felix/robo/robo_ai_turku_2025/ros2_ws/install/custom_interface/include/custom_interface/custom_interface/srv
[15.090s] -- Up-to-date: /home/felix/robo/robo_ai_turku_2025/ros2_ws/install/custom_interface/include/custom_interface/custom_interface/srv/detail
[15.090s] -- Installing: /home/felix/robo/robo_ai_turku_2025/ros2_ws/install/custom_interface/include/custom_interface/custom_interface/srv/detail/cancel_request__rosidl_typesupport_introspection_c.h
[15.090s] -- Installing: /home/felix/robo/robo_ai_turku_2025/ros2_ws/install/custom_interface/include/custom_interface/custom_interface/srv/detail/cancel_request__type_support.c
[15.090s] -- Installing: /home/felix/robo/robo_ai_turku_2025/ros2_ws/install/custom_interface/include/custom_interface/custom_interface/srv/detail/calculate_distance__type_support.c
[15.090s] -- Installing: /home/felix/robo/robo_ai_turku_2025/ros2_ws/install/custom_interface/include/custom_interface/custom_interface/srv/detail/calculate_distance__rosidl_typesupport_introspection_c.h
[15.090s] -- Installing: /home/felix/robo/robo_ai_turku_2025/ros2_ws/install/custom_interface/lib/libcustom_interface__rosidl_typesupport_introspection_c.so
[15.090s] -- Set runtime path of "/home/felix/robo/robo_ai_turku_2025/ros2_ws/install/custom_interface/lib/libcustom_interface__rosidl_typesupport_introspection_c.so" to ""
[15.090s] -- Installing: /home/felix/robo/robo_ai_turku_2025/ros2_ws/install/custom_interface/lib/libcustom_interface__rosidl_typesupport_c.so
[15.090s] -- Set runtime path of "/home/felix/robo/robo_ai_turku_2025/ros2_ws/install/custom_interface/lib/libcustom_interface__rosidl_typesupport_c.so" to ""
[15.090s] -- Up-to-date: /home/felix/robo/robo_ai_turku_2025/ros2_ws/install/custom_interface/include/custom_interface/custom_interface
[15.090s] -- Up-to-date: /home/felix/robo/robo_ai_turku_2025/ros2_ws/install/custom_interface/include/custom_interface/custom_interface/msg
[15.090s] -- Up-to-date: /home/felix/robo/robo_ai_turku_2025/ros2_ws/install/custom_interface/include/custom_interface/custom_interface/msg/detail
[15.091s] -- Installing: /home/felix/robo/robo_ai_turku_2025/ros2_ws/install/custom_interface/include/custom_interface/custom_interface/msg/detail/request_distance_msg__rosidl_typesupport_introspection_cpp.hpp
[15.091s] -- Installing: /home/felix/robo/robo_ai_turku_2025/ros2_ws/install/custom_interface/include/custom_interface/custom_interface/msg/detail/count__rosidl_typesupport_introspection_cpp.hpp
[15.091s] -- Installing: /home/felix/robo/robo_ai_turku_2025/ros2_ws/install/custom_interface/include/custom_interface/custom_interface/msg/detail/task_msg__rosidl_typesupport_introspection_cpp.hpp
[15.091s] -- Installing: /home/felix/robo/robo_ai_turku_2025/ros2_ws/install/custom_interface/include/custom_interface/custom_interface/msg/detail/request_distance_msg__type_support.cpp
[15.091s] -- Installing: /home/felix/robo/robo_ai_turku_2025/ros2_ws/install/custom_interface/include/custom_interface/custom_interface/msg/detail/response_distance_msg__type_support.cpp
[15.091s] -- Installing: /home/felix/robo/robo_ai_turku_2025/ros2_ws/install/custom_interface/include/custom_interface/custom_interface/msg/detail/task_msg__type_support.cpp
[15.091s] -- Installing: /home/felix/robo/robo_ai_turku_2025/ros2_ws/install/custom_interface/include/custom_interface/custom_interface/msg/detail/response_distance_msg__rosidl_typesupport_introspection_cpp.hpp
[15.091s] -- Installing: /home/felix/robo/robo_ai_turku_2025/ros2_ws/install/custom_interface/include/custom_interface/custom_interface/msg/detail/count__type_support.cpp
[15.091s] -- Up-to-date: /home/felix/robo/robo_ai_turku_2025/ros2_ws/install/custom_interface/include/custom_interface/custom_interface/action
[15.091s] -- Up-to-date: /home/felix/robo/robo_ai_turku_2025/ros2_ws/install/custom_interface/include/custom_interface/custom_interface/action/detail
[15.091s] -- Installing: /home/felix/robo/robo_ai_turku_2025/ros2_ws/install/custom_interface/include/custom_interface/custom_interface/action/detail/countdown__rosidl_typesupport_introspection_cpp.hpp
[15.091s] -- Installing: /home/felix/robo/robo_ai_turku_2025/ros2_ws/install/custom_interface/include/custom_interface/custom_interface/action/detail/countdown__type_support.cpp
[15.091s] -- Up-to-date: /home/felix/robo/robo_ai_turku_2025/ros2_ws/install/custom_interface/include/custom_interface/custom_interface/srv
[15.091s] -- Up-to-date: /home/felix/robo/robo_ai_turku_2025/ros2_ws/install/custom_interface/include/custom_interface/custom_interface/srv/detail
[15.092s] -- Installing: /home/felix/robo/robo_ai_turku_2025/ros2_ws/install/custom_interface/include/custom_interface/custom_interface/srv/detail/cancel_request__rosidl_typesupport_introspection_cpp.hpp
[15.092s] -- Installing: /home/felix/robo/robo_ai_turku_2025/ros2_ws/install/custom_interface/include/custom_interface/custom_interface/srv/detail/calculate_distance__rosidl_typesupport_introspection_cpp.hpp
[15.092s] -- Installing: /home/felix/robo/robo_ai_turku_2025/ros2_ws/install/custom_interface/include/custom_interface/custom_interface/srv/detail/calculate_distance__type_support.cpp
[15.092s] -- Installing: /home/felix/robo/robo_ai_turku_2025/ros2_ws/install/custom_interface/include/custom_interface/custom_interface/srv/detail/cancel_request__type_support.cpp
[15.092s] -- Installing: /home/felix/robo/robo_ai_turku_2025/ros2_ws/install/custom_interface/lib/libcustom_interface__rosidl_typesupport_introspection_cpp.so
[15.092s] -- Set runtime path of "/home/felix/robo/robo_ai_turku_2025/ros2_ws/install/custom_interface/lib/libcustom_interface__rosidl_typesupport_introspection_cpp.so" to ""
[15.092s] -- Installing: /home/felix/robo/robo_ai_turku_2025/ros2_ws/install/custom_interface/lib/libcustom_interface__rosidl_typesupport_cpp.so
[15.092s] -- Set runtime path of "/home/felix/robo/robo_ai_turku_2025/ros2_ws/install/custom_interface/lib/libcustom_interface__rosidl_typesupport_cpp.so" to ""
[15.092s] -- Installing: /home/felix/robo/robo_ai_turku_2025/ros2_ws/install/custom_interface/share/custom_interface/environment/pythonpath.sh
[15.093s] -- Installing: /home/felix/robo/robo_ai_turku_2025/ros2_ws/install/custom_interface/share/custom_interface/environment/pythonpath.dsv
[15.093s] -- Installing: /home/felix/robo/robo_ai_turku_2025/ros2_ws/install/custom_interface/local/lib/python3.10/dist-packages/custom_interface-0.0.0-py3.10.egg-info
[15.093s] -- Installing: /home/felix/robo/robo_ai_turku_2025/ros2_ws/install/custom_interface/local/lib/python3.10/dist-packages/custom_interface-0.0.0-py3.10.egg-info/dependency_links.txt
[15.094s] -- Installing: /home/felix/robo/robo_ai_turku_2025/ros2_ws/install/custom_interface/local/lib/python3.10/dist-packages/custom_interface-0.0.0-py3.10.egg-info/PKG-INFO
[15.094s] -- Installing: /home/felix/robo/robo_ai_turku_2025/ros2_ws/install/custom_interface/local/lib/python3.10/dist-packages/custom_interface-0.0.0-py3.10.egg-info/SOURCES.txt
[15.094s] -- Installing: /home/felix/robo/robo_ai_turku_2025/ros2_ws/install/custom_interface/local/lib/python3.10/dist-packages/custom_interface-0.0.0-py3.10.egg-info/top_level.txt
[15.094s] -- Installing: /home/felix/robo/robo_ai_turku_2025/ros2_ws/install/custom_interface/local/lib/python3.10/dist-packages/custom_interface
[15.094s] -- Installing: /home/felix/robo/robo_ai_turku_2025/ros2_ws/install/custom_interface/local/lib/python3.10/dist-packages/custom_interface/_custom_interface_s.ep.rosidl_typesupport_fastrtps_c.c
[15.095s] -- Installing: /home/felix/robo/robo_ai_turku_2025/ros2_ws/install/custom_interface/local/lib/python3.10/dist-packages/custom_interface/__init__.py
[15.095s] -- Installing: /home/felix/robo/robo_ai_turku_2025/ros2_ws/install/custom_interface/local/lib/python3.10/dist-packages/custom_interface/msg
[15.095s] -- Installing: /home/felix/robo/robo_ai_turku_2025/ros2_ws/install/custom_interface/local/lib/python3.10/dist-packages/custom_interface/msg/_response_distance_msg.py
[15.095s] -- Installing: /home/felix/robo/robo_ai_turku_2025/ros2_ws/install/custom_interface/local/lib/python3.10/dist-packages/custom_interface/msg/_response_distance_msg_s.c
[15.095s] -- Installing: /home/felix/robo/robo_ai_turku_2025/ros2_ws/install/custom_interface/local/lib/python3.10/dist-packages/custom_interface/msg/_request_distance_msg.py
[15.095s] -- Installing: /home/felix/robo/robo_ai_turku_2025/ros2_ws/install/custom_interface/local/lib/python3.10/dist-packages/custom_interface/msg/__init__.py
[15.096s] -- Installing: /home/felix/robo/robo_ai_turku_2025/ros2_ws/install/custom_interface/local/lib/python3.10/dist-packages/custom_interface/msg/_count_s.c
[15.096s] -- Installing: /home/felix/robo/robo_ai_turku_2025/ros2_ws/install/custom_interface/local/lib/python3.10/dist-packages/custom_interface/msg/_count.py
[15.096s] -- Installing: /home/felix/robo/robo_ai_turku_2025/ros2_ws/install/custom_interface/local/lib/python3.10/dist-packages/custom_interface/msg/_task_msg_s.c
[15.096s] -- Installing: /home/felix/robo/robo_ai_turku_2025/ros2_ws/install/custom_interface/local/lib/python3.10/dist-packages/custom_interface/msg/_request_distance_msg_s.c
[15.096s] -- Installing: /home/felix/robo/robo_ai_turku_2025/ros2_ws/install/custom_interface/local/lib/python3.10/dist-packages/custom_interface/msg/_task_msg.py
[15.096s] -- Installing: /home/felix/robo/robo_ai_turku_2025/ros2_ws/install/custom_interface/local/lib/python3.10/dist-packages/custom_interface/action
[15.096s] -- Installing: /home/felix/robo/robo_ai_turku_2025/ros2_ws/install/custom_interface/local/lib/python3.10/dist-packages/custom_interface/action/__init__.py
[15.096s] -- Installing: /home/felix/robo/robo_ai_turku_2025/ros2_ws/install/custom_interface/local/lib/python3.10/dist-packages/custom_interface/action/_countdown.py
[15.097s] -- Installing: /home/felix/robo/robo_ai_turku_2025/ros2_ws/install/custom_interface/local/lib/python3.10/dist-packages/custom_interface/action/_countdown_s.c
[15.097s] -- Installing: /home/felix/robo/robo_ai_turku_2025/ros2_ws/install/custom_interface/local/lib/python3.10/dist-packages/custom_interface/srv
[15.097s] -- Installing: /home/felix/robo/robo_ai_turku_2025/ros2_ws/install/custom_interface/local/lib/python3.10/dist-packages/custom_interface/srv/__init__.py
[15.097s] -- Installing: /home/felix/robo/robo_ai_turku_2025/ros2_ws/install/custom_interface/local/lib/python3.10/dist-packages/custom_interface/srv/_cancel_request.py
[15.097s] -- Installing: /home/felix/robo/robo_ai_turku_2025/ros2_ws/install/custom_interface/local/lib/python3.10/dist-packages/custom_interface/srv/_calculate_distance.py
[15.098s] -- Installing: /home/felix/robo/robo_ai_turku_2025/ros2_ws/install/custom_interface/local/lib/python3.10/dist-packages/custom_interface/srv/_cancel_request_s.c
[15.098s] -- Installing: /home/felix/robo/robo_ai_turku_2025/ros2_ws/install/custom_interface/local/lib/python3.10/dist-packages/custom_interface/srv/_calculate_distance_s.c
[15.098s] -- Installing: /home/felix/robo/robo_ai_turku_2025/ros2_ws/install/custom_interface/local/lib/python3.10/dist-packages/custom_interface/custom_interface_s__rosidl_typesupport_c.cpython-310-x86_64-linux-gnu.so
[15.098s] -- Installing: /home/felix/robo/robo_ai_turku_2025/ros2_ws/install/custom_interface/local/lib/python3.10/dist-packages/custom_interface/libcustom_interface__rosidl_generator_py.so
[15.098s] -- Installing: /home/felix/robo/robo_ai_turku_2025/ros2_ws/install/custom_interface/local/lib/python3.10/dist-packages/custom_interface/custom_interface_s__rosidl_typesupport_fastrtps_c.cpython-310-x86_64-linux-gnu.so
[15.098s] -- Installing: /home/felix/robo/robo_ai_turku_2025/ros2_ws/install/custom_interface/local/lib/python3.10/dist-packages/custom_interface/custom_interface_s__rosidl_typesupport_introspection_c.cpython-310-x86_64-linux-gnu.so
[15.098s] -- Installing: /home/felix/robo/robo_ai_turku_2025/ros2_ws/install/custom_interface/local/lib/python3.10/dist-packages/custom_interface/_custom_interface_s.ep.rosidl_typesupport_introspection_c.c
[15.098s] -- Installing: /home/felix/robo/robo_ai_turku_2025/ros2_ws/install/custom_interface/local/lib/python3.10/dist-packages/custom_interface/_custom_interface_s.ep.rosidl_typesupport_c.c
[15.163s] Listing '/home/felix/robo/robo_ai_turku_2025/ros2_ws/install/custom_interface/local/lib/python3.10/dist-packages/custom_interface'...
[15.163s] Compiling '/home/felix/robo/robo_ai_turku_2025/ros2_ws/install/custom_interface/local/lib/python3.10/dist-packages/custom_interface/__init__.py'...
[15.163s] Listing '/home/felix/robo/robo_ai_turku_2025/ros2_ws/install/custom_interface/local/lib/python3.10/dist-packages/custom_interface/action'...
[15.163s] Compiling '/home/felix/robo/robo_ai_turku_2025/ros2_ws/install/custom_interface/local/lib/python3.10/dist-packages/custom_interface/action/__init__.py'...
[15.164s] Compiling '/home/felix/robo/robo_ai_turku_2025/ros2_ws/install/custom_interface/local/lib/python3.10/dist-packages/custom_interface/action/_countdown.py'...
[15.164s] Listing '/home/felix/robo/robo_ai_turku_2025/ros2_ws/install/custom_interface/local/lib/python3.10/dist-packages/custom_interface/msg'...
[15.164s] Compiling '/home/felix/robo/robo_ai_turku_2025/ros2_ws/install/custom_interface/local/lib/python3.10/dist-packages/custom_interface/msg/__init__.py'...
[15.164s] Compiling '/home/felix/robo/robo_ai_turku_2025/ros2_ws/install/custom_interface/local/lib/python3.10/dist-packages/custom_interface/msg/_count.py'...
[15.164s] Compiling '/home/felix/robo/robo_ai_turku_2025/ros2_ws/install/custom_interface/local/lib/python3.10/dist-packages/custom_interface/msg/_request_distance_msg.py'...
[15.164s] Compiling '/home/felix/robo/robo_ai_turku_2025/ros2_ws/install/custom_interface/local/lib/python3.10/dist-packages/custom_interface/msg/_response_distance_msg.py'...
[15.164s] Compiling '/home/felix/robo/robo_ai_turku_2025/ros2_ws/install/custom_interface/local/lib/python3.10/dist-packages/custom_interface/msg/_task_msg.py'...
[15.164s] Listing '/home/felix/robo/robo_ai_turku_2025/ros2_ws/install/custom_interface/local/lib/python3.10/dist-packages/custom_interface/srv'...
[15.164s] Compiling '/home/felix/robo/robo_ai_turku_2025/ros2_ws/install/custom_interface/local/lib/python3.10/dist-packages/custom_interface/srv/__init__.py'...
[15.164s] Compiling '/home/felix/robo/robo_ai_turku_2025/ros2_ws/install/custom_interface/local/lib/python3.10/dist-packages/custom_interface/srv/_calculate_distance.py'...
[15.164s] Compiling '/home/felix/robo/robo_ai_turku_2025/ros2_ws/install/custom_interface/local/lib/python3.10/dist-packages/custom_interface/srv/_cancel_request.py'...
[15.170s] -- Installing: /home/felix/robo/robo_ai_turku_2025/ros2_ws/install/custom_interface/local/lib/python3.10/dist-packages/custom_interface/custom_interface_s__rosidl_typesupport_fastrtps_c.cpython-310-x86_64-linux-gnu.so
[15.171s] -- Set runtime path of "/home/felix/robo/robo_ai_turku_2025/ros2_ws/install/custom_interface/local/lib/python3.10/dist-packages/custom_interface/custom_interface_s__rosidl_typesupport_fastrtps_c.cpython-310-x86_64-linux-gnu.so" to ""
[15.171s] -- Installing: /home/felix/robo/robo_ai_turku_2025/ros2_ws/install/custom_interface/local/lib/python3.10/dist-packages/custom_interface/custom_interface_s__rosidl_typesupport_introspection_c.cpython-310-x86_64-linux-gnu.so
[15.172s] -- Set runtime path of "/home/felix/robo/robo_ai_turku_2025/ros2_ws/install/custom_interface/local/lib/python3.10/dist-packages/custom_interface/custom_interface_s__rosidl_typesupport_introspection_c.cpython-310-x86_64-linux-gnu.so" to ""
[15.172s] -- Installing: /home/felix/robo/robo_ai_turku_2025/ros2_ws/install/custom_interface/local/lib/python3.10/dist-packages/custom_interface/custom_interface_s__rosidl_typesupport_c.cpython-310-x86_64-linux-gnu.so
[15.172s] -- Set runtime path of "/home/felix/robo/robo_ai_turku_2025/ros2_ws/install/custom_interface/local/lib/python3.10/dist-packages/custom_interface/custom_interface_s__rosidl_typesupport_c.cpython-310-x86_64-linux-gnu.so" to ""
[15.173s] -- Installing: /home/felix/robo/robo_ai_turku_2025/ros2_ws/install/custom_interface/lib/libcustom_interface__rosidl_generator_py.so
[15.173s] -- Set runtime path of "/home/felix/robo/robo_ai_turku_2025/ros2_ws/install/custom_interface/lib/libcustom_interface__rosidl_generator_py.so" to ""
[15.174s] -- Installing: /home/felix/robo/robo_ai_turku_2025/ros2_ws/install/custom_interface/share/custom_interface/msg/TaskMsg.idl
[15.174s] -- Installing: /home/felix/robo/robo_ai_turku_2025/ros2_ws/install/custom_interface/share/custom_interface/msg/RequestDistanceMsg.idl
[15.175s] -- Installing: /home/felix/robo/robo_ai_turku_2025/ros2_ws/install/custom_interface/share/custom_interface/msg/ResponseDistanceMsg.idl
[15.175s] -- Installing: /home/felix/robo/robo_ai_turku_2025/ros2_ws/install/custom_interface/share/custom_interface/srv/CalculateDistance.idl
[15.175s] -- Installing: /home/felix/robo/robo_ai_turku_2025/ros2_ws/install/custom_interface/share/custom_interface/srv/CancelRequest.idl
[15.176s] -- Installing: /home/felix/robo/robo_ai_turku_2025/ros2_ws/install/custom_interface/share/custom_interface/action/Countdown.idl
[15.176s] -- Installing: /home/felix/robo/robo_ai_turku_2025/ros2_ws/install/custom_interface/share/custom_interface/msg/Count.idl
[15.176s] -- Installing: /home/felix/robo/robo_ai_turku_2025/ros2_ws/install/custom_interface/share/custom_interface/msg/TaskMsg.msg
[15.176s] -- Installing: /home/felix/robo/robo_ai_turku_2025/ros2_ws/install/custom_interface/share/custom_interface/msg/RequestDistanceMsg.msg
[15.177s] -- Installing: /home/felix/robo/robo_ai_turku_2025/ros2_ws/install/custom_interface/share/custom_interface/msg/ResponseDistanceMsg.msg
[15.177s] -- Installing: /home/felix/robo/robo_ai_turku_2025/ros2_ws/install/custom_interface/share/custom_interface/srv/CalculateDistance.srv
[15.177s] -- Installing: /home/felix/robo/robo_ai_turku_2025/ros2_ws/install/custom_interface/share/custom_interface/srv/CalculateDistance_Request.msg
[15.177s] -- Installing: /home/felix/robo/robo_ai_turku_2025/ros2_ws/install/custom_interface/share/custom_interface/srv/CalculateDistance_Response.msg
[15.177s] -- Installing: /home/felix/robo/robo_ai_turku_2025/ros2_ws/install/custom_interface/share/custom_interface/srv/CancelRequest.srv
[15.177s] -- Installing: /home/felix/robo/robo_ai_turku_2025/ros2_ws/install/custom_interface/share/custom_interface/srv/CancelRequest_Request.msg
[15.177s] -- Installing: /home/felix/robo/robo_ai_turku_2025/ros2_ws/install/custom_interface/share/custom_interface/srv/CancelRequest_Response.msg
[15.177s] -- Installing: /home/felix/robo/robo_ai_turku_2025/ros2_ws/install/custom_interface/share/custom_interface/action/Countdown.action
[15.177s] -- Installing: /home/felix/robo/robo_ai_turku_2025/ros2_ws/install/custom_interface/share/custom_interface/msg/Count.msg
[15.178s] -- Installing: /home/felix/robo/robo_ai_turku_2025/ros2_ws/install/custom_interface/share/ament_index/resource_index/package_run_dependencies/custom_interface
[15.186s] -- Installing: /home/felix/robo/robo_ai_turku_2025/ros2_ws/install/custom_interface/share/ament_index/resource_index/parent_prefix_path/custom_interface
[15.186s] -- Installing: /home/felix/robo/robo_ai_turku_2025/ros2_ws/install/custom_interface/share/custom_interface/environment/ament_prefix_path.sh
[15.186s] -- Installing: /home/felix/robo/robo_ai_turku_2025/ros2_ws/install/custom_interface/share/custom_interface/environment/ament_prefix_path.dsv
[15.186s] -- Installing: /home/felix/robo/robo_ai_turku_2025/ros2_ws/install/custom_interface/share/custom_interface/environment/path.sh
[15.187s] -- Installing: /home/felix/robo/robo_ai_turku_2025/ros2_ws/install/custom_interface/share/custom_interface/environment/path.dsv
[15.187s] -- Installing: /home/felix/robo/robo_ai_turku_2025/ros2_ws/install/custom_interface/share/custom_interface/local_setup.bash
[15.187s] -- Installing: /home/felix/robo/robo_ai_turku_2025/ros2_ws/install/custom_interface/share/custom_interface/local_setup.sh
[15.187s] -- Installing: /home/felix/robo/robo_ai_turku_2025/ros2_ws/install/custom_interface/share/custom_interface/local_setup.zsh
[15.187s] -- Installing: /home/felix/robo/robo_ai_turku_2025/ros2_ws/install/custom_interface/share/custom_interface/local_setup.dsv
[15.187s] -- Installing: /home/felix/robo/robo_ai_turku_2025/ros2_ws/install/custom_interface/share/custom_interface/package.dsv
[15.187s] -- Installing: /home/felix/robo/robo_ai_turku_2025/ros2_ws/install/custom_interface/share/ament_index/resource_index/packages/custom_interface
[15.187s] -- Installing: /home/felix/robo/robo_ai_turku_2025/ros2_ws/install/custom_interface/share/custom_interface/cmake/export_custom_interface__rosidl_generator_cExport.cmake
[15.187s] -- Installing: /home/felix/robo/robo_ai_turku_2025/ros2_ws/install/custom_interface/share/custom_interface/cmake/export_custom_interface__rosidl_generator_cExport-noconfig.cmake
[15.187s] -- Installing: /home/felix/robo/robo_ai_turku_2025/ros2_ws/install/custom_interface/share/custom_interface/cmake/export_custom_interface__rosidl_typesupport_fastrtps_cExport.cmake
[15.187s] -- Installing: /home/felix/robo/robo_ai_turku_2025/ros2_ws/install/custom_interface/share/custom_interface/cmake/export_custom_interface__rosidl_typesupport_fastrtps_cExport-noconfig.cmake
[15.187s] -- Installing: /home/felix/robo/robo_ai_turku_2025/ros2_ws/install/custom_interface/share/custom_interface/cmake/export_custom_interface__rosidl_generator_cppExport.cmake
[15.187s] -- Installing: /home/felix/robo/robo_ai_turku_2025/ros2_ws/install/custom_interface/share/custom_interface/cmake/export_custom_interface__rosidl_typesupport_fastrtps_cppExport.cmake
[15.187s] -- Installing: /home/felix/robo/robo_ai_turku_2025/ros2_ws/install/custom_interface/share/custom_interface/cmake/export_custom_interface__rosidl_typesupport_fastrtps_cppExport-noconfig.cmake
[15.187s] -- Installing: /home/felix/robo/robo_ai_turku_2025/ros2_ws/install/custom_interface/share/custom_interface/cmake/custom_interface__rosidl_typesupport_introspection_cExport.cmake
[15.187s] -- Installing: /home/felix/robo/robo_ai_turku_2025/ros2_ws/install/custom_interface/share/custom_interface/cmake/custom_interface__rosidl_typesupport_introspection_cExport-noconfig.cmake
[15.187s] -- Installing: /home/felix/robo/robo_ai_turku_2025/ros2_ws/install/custom_interface/share/custom_interface/cmake/custom_interface__rosidl_typesupport_cExport.cmake
[15.187s] -- Installing: /home/felix/robo/robo_ai_turku_2025/ros2_ws/install/custom_interface/share/custom_interface/cmake/custom_interface__rosidl_typesupport_cExport-noconfig.cmake
[15.188s] -- Installing: /home/felix/robo/robo_ai_turku_2025/ros2_ws/install/custom_interface/share/custom_interface/cmake/custom_interface__rosidl_typesupport_introspection_cppExport.cmake
[15.188s] -- Installing: /home/felix/robo/robo_ai_turku_2025/ros2_ws/install/custom_interface/share/custom_interface/cmake/custom_interface__rosidl_typesupport_introspection_cppExport-noconfig.cmake
[15.188s] -- Installing: /home/felix/robo/robo_ai_turku_2025/ros2_ws/install/custom_interface/share/custom_interface/cmake/custom_interface__rosidl_typesupport_cppExport.cmake
[15.188s] -- Installing: /home/felix/robo/robo_ai_turku_2025/ros2_ws/install/custom_interface/share/custom_interface/cmake/custom_interface__rosidl_typesupport_cppExport-noconfig.cmake
[15.188s] -- Installing: /home/felix/robo/robo_ai_turku_2025/ros2_ws/install/custom_interface/share/custom_interface/cmake/export_custom_interface__rosidl_generator_pyExport.cmake
[15.188s] -- Installing: /home/felix/robo/robo_ai_turku_2025/ros2_ws/install/custom_interface/share/custom_interface/cmake/export_custom_interface__rosidl_generator_pyExport-noconfig.cmake
[15.188s] -- Installing: /home/felix/robo/robo_ai_turku_2025/ros2_ws/install/custom_interface/share/custom_interface/cmake/rosidl_cmake-extras.cmake
[15.188s] -- Installing: /home/felix/robo/robo_ai_turku_2025/ros2_ws/install/custom_interface/share/custom_interface/cmake/ament_cmake_export_dependencies-extras.cmake
[15.188s] -- Installing: /home/felix/robo/robo_ai_turku_2025/ros2_ws/install/custom_interface/share/custom_interface/cmake/ament_cmake_export_include_directories-extras.cmake
[15.188s] -- Installing: /home/felix/robo/robo_ai_turku_2025/ros2_ws/install/custom_interface/share/custom_interface/cmake/ament_cmake_export_libraries-extras.cmake
[15.188s] -- Installing: /home/felix/robo/robo_ai_turku_2025/ros2_ws/install/custom_interface/share/custom_interface/cmake/ament_cmake_export_targets-extras.cmake
[15.188s] -- Installing: /home/felix/robo/robo_ai_turku_2025/ros2_ws/install/custom_interface/share/custom_interface/cmake/rosidl_cmake_export_typesupport_targets-extras.cmake
[15.188s] -- Installing: /home/felix/robo/robo_ai_turku_2025/ros2_ws/install/custom_interface/share/custom_interface/cmake/rosidl_cmake_export_typesupport_libraries-extras.cmake
[15.188s] -- Installing: /home/felix/robo/robo_ai_turku_2025/ros2_ws/install/custom_interface/share/custom_interface/cmake/custom_interfaceConfig.cmake
[15.188s] -- Installing: /home/felix/robo/robo_ai_turku_2025/ros2_ws/install/custom_interface/share/custom_interface/cmake/custom_interfaceConfig-version.cmake
[15.188s] -- Installing: /home/felix/robo/robo_ai_turku_2025/ros2_ws/install/custom_interface/share/custom_interface/package.xml
[15.195s] Invoked command in '/home/felix/robo/robo_ai_turku_2025/ros2_ws/build/custom_interface' returned '0': CMAKE_PREFIX_PATH=${CMAKE_PREFIX_PATH}:/home/felix/robo/robo_ai_turku_2025/install/task1:/home/felix/robo/robo_ai_turku_2025/install/lab1_bringup:/home/felix/robo/robo_ai_turku_2025/install/lab01_task05:/home/felix/robo/robo_ai_turku_2025/install/lab01_task03:/home/felix/robo/robo_ai_turku_2025/install/lab01_task02:/home/felix/robo/robo_ai_turku_2025/install/lab01_task01:/home/felix/robo/robo_ai_turku_2025/ros2_ws/install/lab01_task05:/home/felix/robo/robo_ai_turku_2025/ros2_ws/install/lab01_task03:/home/felix/robo/robo_ai_turku_2025/ros2_ws/install/lab01_task02:/home/felix/robo/robo_ai_turku_2025/ros2_ws/install/lab01_task01:/home/felix/robo/robo_ai_turku_2025/ros2_ws/install/lab1_bringup:/home/felix/robo/robo_ai_turku_2025/ros2_ws/install/task1:/opt/ros/humble /usr/bin/cmake --install /home/felix/robo/robo_ai_turku_2025/ros2_ws/build/custom_interface
