[0.015s] Invoking command in '/home/michael/robo_ai_turku_2025/build/custom_interface': CMAKE_PREFIX_PATH=/opt/ros/humble /usr/bin/cmake /home/michael/robo_ai_turku_2025/ros2_ws/src/custom_interface -DCMAKE_INSTALL_PREFIX=/home/michael/robo_ai_turku_2025/install/custom_interface
[0.207s] -- The C compiler identification is GNU 11.4.0
[0.238s] -- The CXX compiler identification is GNU 11.4.0
[0.247s] -- Detecting C compiler ABI info
[0.299s] -- Detecting C compiler ABI info - done
[0.305s] -- Check for working C compiler: /usr/bin/cc - skipped
[0.305s] -- Detecting C compile features
[0.306s] -- Detecting C compile features - done
[0.309s] -- Detecting CXX compiler ABI info
[0.376s] -- Detecting CXX compiler ABI info - done
[0.382s] -- Check for working CXX compiler: /usr/bin/c++ - skipped
[0.382s] -- Detecting CXX compile features
[0.383s] -- Detecting CXX compile features - done
[0.392s] -- Found ament_cmake: 1.3.12 (/opt/ros/humble/share/ament_cmake/cmake)
[0.511s] -- Found Python3: /usr/bin/python3 (found version "3.10.12") found components: Interpreter 
[0.608s] -- Found rclcpp: 16.0.14 (/opt/ros/humble/share/rclcpp/cmake)
[0.667s] -- Found rosidl_generator_c: 3.1.7 (/opt/ros/humble/share/rosidl_generator_c/cmake)
[0.674s] -- Found rosidl_adapter: 3.1.7 (/opt/ros/humble/share/rosidl_adapter/cmake)
[0.684s] -- Found rosidl_generator_cpp: 3.1.7 (/opt/ros/humble/share/rosidl_generator_cpp/cmake)
[0.702s] -- Using all available rosidl_typesupport_c: rosidl_typesupport_fastrtps_c;rosidl_typesupport_introspection_c
[0.722s] -- Using all available rosidl_typesupport_cpp: rosidl_typesupport_fastrtps_cpp;rosidl_typesupport_introspection_cpp
[0.781s] -- Found rmw_implementation_cmake: 6.1.2 (/opt/ros/humble/share/rmw_implementation_cmake/cmake)
[0.785s] -- Found rmw_fastrtps_cpp: 6.2.8 (/opt/ros/humble/share/rmw_fastrtps_cpp/cmake)
[0.880s] -- Found OpenSSL: /usr/lib/aarch64-linux-gnu/libcrypto.so (found version "3.0.2")  
[0.904s] -- Found FastRTPS: /opt/ros/humble/include  
[0.940s] -- Using RMW implementation 'rmw_fastrtps_cpp' as default
[0.953s] -- Looking for pthread.h
[1.022s] -- Looking for pthread.h - found
[1.022s] -- Performing Test CMAKE_HAVE_LIBC_PTHREAD
[1.085s] -- Performing Test CMAKE_HAVE_LIBC_PTHREAD - Success
[1.086s] -- Found Threads: TRUE  
[1.143s] -- Found geometry_msgs: 4.9.0 (/opt/ros/humble/share/geometry_msgs/cmake)
[1.156s] -- Found rosidl_default_generators: 1.2.0 (/opt/ros/humble/share/rosidl_default_generators/cmake)
[1.473s] -- Found ament_cmake_ros: 0.10.0 (/opt/ros/humble/share/ament_cmake_ros/cmake)
[1.845s] -- Using all available rosidl_typesupport_c: rosidl_typesupport_fastrtps_c;rosidl_typesupport_introspection_c
[1.976s] -- Using all available rosidl_typesupport_cpp: rosidl_typesupport_fastrtps_cpp;rosidl_typesupport_introspection_cpp
[1.994s] -- Found PythonInterp: /usr/bin/python3 (found suitable version "3.10.12", minimum required is "3.6") 
[1.996s] -- Found python_cmake_module: 0.10.0 (/opt/ros/humble/share/python_cmake_module/cmake)
[2.018s] -- Found PythonLibs: /usr/lib/aarch64-linux-gnu/libpython3.10.so (found suitable version "3.10.12", minimum required is "3.5") 
[2.018s] -- Using PYTHON_EXECUTABLE: /usr/bin/python3
[2.018s] -- Using PYTHON_INCLUDE_DIRS: /usr/include/python3.10
[2.018s] -- Using PYTHON_LIBRARIES: /usr/lib/aarch64-linux-gnu/libpython3.10.so
[2.033s] -- Found PythonExtra: .so  
[2.096s] -- Found ament_lint_auto: 0.12.14 (/opt/ros/humble/share/ament_lint_auto/cmake)
[2.131s] -- Added test 'lint_cmake' to check CMake code style
[2.132s] -- Added test 'xmllint' to check XML markup files
[2.134s] -- Configuring done
[2.173s] -- Generating done
[2.184s] -- Build files have been written to: /home/michael/robo_ai_turku_2025/build/custom_interface
[2.193s] Invoked command in '/home/michael/robo_ai_turku_2025/build/custom_interface' returned '0': CMAKE_PREFIX_PATH=/opt/ros/humble /usr/bin/cmake /home/michael/robo_ai_turku_2025/ros2_ws/src/custom_interface -DCMAKE_INSTALL_PREFIX=/home/michael/robo_ai_turku_2025/install/custom_interface
[2.194s] Invoking command in '/home/michael/robo_ai_turku_2025/build/custom_interface': CMAKE_PREFIX_PATH=/opt/ros/humble /usr/bin/cmake --build /home/michael/robo_ai_turku_2025/build/custom_interface -- -j3 -l3
[2.226s] [  1%] [34m[1mGenerating C code for ROS interfaces[0m
[2.234s] [  1%] Built target ament_cmake_python_copy_custom_interface
[2.240s] [  2%] [34m[1mGenerating C++ code for ROS interfaces[0m
[2.428s] running egg_info
[2.428s] creating custom_interface.egg-info
[2.429s] writing custom_interface.egg-info/PKG-INFO
[2.429s] writing dependency_links to custom_interface.egg-info/dependency_links.txt
[2.429s] writing top-level names to custom_interface.egg-info/top_level.txt
[2.429s] writing manifest file 'custom_interface.egg-info/SOURCES.txt'
[2.430s] reading manifest file 'custom_interface.egg-info/SOURCES.txt'
[2.431s] writing manifest file 'custom_interface.egg-info/SOURCES.txt'
[2.453s] [  2%] Built target ament_cmake_python_build_custom_interface_egg
[2.952s] [  2%] Built target custom_interface__cpp
[2.954s] [  5%] [32mBuilding C object CMakeFiles/custom_interface__rosidl_generator_c.dir/rosidl_generator_c/custom_interface/msg/detail/task_msg__functions.c.o[0m
[2.955s] [  5%] [32mBuilding C object CMakeFiles/custom_interface__rosidl_generator_c.dir/rosidl_generator_c/custom_interface/msg/detail/request_distance_msg__functions.c.o[0m
[2.958s] [  6%] [34m[1mGenerating C++ type support dispatch for ROS interfaces[0m
[3.003s] [  7%] [32mBuilding C object CMakeFiles/custom_interface__rosidl_generator_c.dir/rosidl_generator_c/custom_interface/msg/detail/response_distance_msg__functions.c.o[0m
[3.004s] [  8%] [34m[1mGenerating C++ type support for eProsima Fast-RTPS[0m
[3.041s] [ 10%] [32mBuilding C object CMakeFiles/custom_interface__rosidl_generator_c.dir/rosidl_generator_c/custom_interface/srv/detail/calculate_distance__functions.c.o[0m
[3.087s] [ 11%] [32mBuilding C object CMakeFiles/custom_interface__rosidl_generator_c.dir/rosidl_generator_c/custom_interface/srv/detail/cancel_request__functions.c.o[0m
[3.129s] [ 12%] [32mBuilding C object CMakeFiles/custom_interface__rosidl_generator_c.dir/rosidl_generator_c/custom_interface/action/detail/countdown__functions.c.o[0m
[3.220s] [ 13%] [32mBuilding C object CMakeFiles/custom_interface__rosidl_generator_c.dir/rosidl_generator_c/custom_interface/msg/detail/count__functions.c.o[0m
[3.253s] [ 15%] [32m[1mLinking C shared library libcustom_interface__rosidl_generator_c.so[0m
[3.286s] [ 15%] Built target custom_interface__rosidl_generator_c
[3.292s] [ 16%] [34m[1mGenerating C++ introspection for ROS interfaces[0m
[3.310s] [ 17%] [32mBuilding CXX object CMakeFiles/custom_interface__rosidl_typesupport_cpp.dir/rosidl_typesupport_cpp/custom_interface/msg/task_msg__type_support.cpp.o[0m
[3.539s] [ 18%] [32mBuilding CXX object CMakeFiles/custom_interface__rosidl_typesupport_cpp.dir/rosidl_typesupport_cpp/custom_interface/msg/request_distance_msg__type_support.cpp.o[0m
[3.553s] [ 20%] [32mBuilding CXX object CMakeFiles/custom_interface__rosidl_typesupport_fastrtps_cpp.dir/rosidl_typesupport_fastrtps_cpp/custom_interface/msg/detail/dds_fastrtps/task_msg__type_support.cpp.o[0m
[3.804s] [ 21%] [32mBuilding CXX object CMakeFiles/custom_interface__rosidl_typesupport_cpp.dir/rosidl_typesupport_cpp/custom_interface/msg/response_distance_msg__type_support.cpp.o[0m
[3.853s] [ 22%] [32mBuilding CXX object CMakeFiles/custom_interface__rosidl_typesupport_introspection_cpp.dir/rosidl_typesupport_introspection_cpp/custom_interface/msg/detail/task_msg__type_support.cpp.o[0m
[3.929s] [ 24%] [32mBuilding CXX object CMakeFiles/custom_interface__rosidl_typesupport_fastrtps_cpp.dir/rosidl_typesupport_fastrtps_cpp/custom_interface/msg/detail/dds_fastrtps/request_distance_msg__type_support.cpp.o[0m
[3.990s] [ 25%] [32mBuilding CXX object CMakeFiles/custom_interface__rosidl_typesupport_cpp.dir/rosidl_typesupport_cpp/custom_interface/srv/calculate_distance__type_support.cpp.o[0m
[4.163s] [ 26%] [32mBuilding CXX object CMakeFiles/custom_interface__rosidl_typesupport_introspection_cpp.dir/rosidl_typesupport_introspection_cpp/custom_interface/msg/detail/request_distance_msg__type_support.cpp.o[0m
[4.225s] [ 27%] [32mBuilding CXX object CMakeFiles/custom_interface__rosidl_typesupport_cpp.dir/rosidl_typesupport_cpp/custom_interface/srv/cancel_request__type_support.cpp.o[0m
[4.238s] [ 29%] [32mBuilding CXX object CMakeFiles/custom_interface__rosidl_typesupport_fastrtps_cpp.dir/rosidl_typesupport_fastrtps_cpp/custom_interface/msg/detail/dds_fastrtps/response_distance_msg__type_support.cpp.o[0m
[4.490s] [ 30%] [32mBuilding CXX object CMakeFiles/custom_interface__rosidl_typesupport_cpp.dir/rosidl_typesupport_cpp/custom_interface/action/countdown__type_support.cpp.o[0m
[4.516s] [ 31%] [32mBuilding CXX object CMakeFiles/custom_interface__rosidl_typesupport_introspection_cpp.dir/rosidl_typesupport_introspection_cpp/custom_interface/msg/detail/response_distance_msg__type_support.cpp.o[0m
[4.600s] [ 32%] [32mBuilding CXX object CMakeFiles/custom_interface__rosidl_typesupport_fastrtps_cpp.dir/rosidl_typesupport_fastrtps_cpp/custom_interface/srv/detail/dds_fastrtps/calculate_distance__type_support.cpp.o[0m
[4.861s] [ 34%] [32mBuilding CXX object CMakeFiles/custom_interface__rosidl_typesupport_introspection_cpp.dir/rosidl_typesupport_introspection_cpp/custom_interface/srv/detail/calculate_distance__type_support.cpp.o[0m
[4.994s] [ 35%] [32mBuilding CXX object CMakeFiles/custom_interface__rosidl_typesupport_cpp.dir/rosidl_typesupport_cpp/custom_interface/msg/count__type_support.cpp.o[0m
[5.093s] [ 36%] [32mBuilding CXX object CMakeFiles/custom_interface__rosidl_typesupport_fastrtps_cpp.dir/rosidl_typesupport_fastrtps_cpp/custom_interface/srv/detail/dds_fastrtps/cancel_request__type_support.cpp.o[0m
[5.191s] [ 37%] [32m[1mLinking CXX shared library libcustom_interface__rosidl_typesupport_cpp.so[0m
[5.220s] [ 37%] Built target custom_interface__rosidl_typesupport_cpp
[5.222s] [ 39%] [32mBuilding CXX object CMakeFiles/custom_interface__rosidl_typesupport_introspection_cpp.dir/rosidl_typesupport_introspection_cpp/custom_interface/srv/detail/cancel_request__type_support.cpp.o[0m
[5.227s] [ 40%] [34m[1mGenerating C type support for eProsima Fast-RTPS[0m
[5.370s] [ 41%] [32mBuilding CXX object CMakeFiles/custom_interface__rosidl_typesupport_fastrtps_cpp.dir/rosidl_typesupport_fastrtps_cpp/custom_interface/action/detail/dds_fastrtps/countdown__type_support.cpp.o[0m
[5.498s] [ 43%] [32mBuilding CXX object CMakeFiles/custom_interface__rosidl_typesupport_introspection_cpp.dir/rosidl_typesupport_introspection_cpp/custom_interface/action/detail/countdown__type_support.cpp.o[0m
[5.849s] [ 44%] [32mBuilding CXX object CMakeFiles/custom_interface__rosidl_typesupport_fastrtps_cpp.dir/rosidl_typesupport_fastrtps_cpp/custom_interface/msg/detail/dds_fastrtps/count__type_support.cpp.o[0m
[5.863s] [ 45%] [32mBuilding CXX object CMakeFiles/custom_interface__rosidl_typesupport_fastrtps_c.dir/rosidl_typesupport_fastrtps_c/custom_interface/msg/detail/task_msg__type_support_c.cpp.o[0m
[5.978s] [ 46%] [32mBuilding CXX object CMakeFiles/custom_interface__rosidl_typesupport_introspection_cpp.dir/rosidl_typesupport_introspection_cpp/custom_interface/msg/detail/count__type_support.cpp.o[0m
[6.109s] [ 48%] [32mBuilding CXX object CMakeFiles/custom_interface__rosidl_typesupport_fastrtps_c.dir/rosidl_typesupport_fastrtps_c/custom_interface/msg/detail/request_distance_msg__type_support_c.cpp.o[0m
[6.127s] [ 49%] [32m[1mLinking CXX shared library libcustom_interface__rosidl_typesupport_fastrtps_cpp.so[0m
[6.191s] [ 49%] Built target custom_interface__rosidl_typesupport_fastrtps_cpp
[6.200s] [ 50%] [34m[1mGenerating C introspection for ROS interfaces[0m
[6.240s] [ 51%] [32m[1mLinking CXX shared library libcustom_interface__rosidl_typesupport_introspection_cpp.so[0m
[6.307s] [ 51%] Built target custom_interface__rosidl_typesupport_introspection_cpp
[6.316s] [ 53%] [34m[1mGenerating C type support dispatch for ROS interfaces[0m
[6.384s] [ 54%] [32mBuilding CXX object CMakeFiles/custom_interface__rosidl_typesupport_fastrtps_c.dir/rosidl_typesupport_fastrtps_c/custom_interface/msg/detail/response_distance_msg__type_support_c.cpp.o[0m
[6.639s] [ 55%] [32mBuilding CXX object CMakeFiles/custom_interface__rosidl_typesupport_fastrtps_c.dir/rosidl_typesupport_fastrtps_c/custom_interface/srv/detail/calculate_distance__type_support_c.cpp.o[0m
[6.731s] [ 56%] [32mBuilding CXX object CMakeFiles/custom_interface__rosidl_typesupport_c.dir/rosidl_typesupport_c/custom_interface/msg/task_msg__type_support.cpp.o[0m
[6.757s] [ 58%] [32mBuilding CXX object CMakeFiles/custom_interface__rosidl_typesupport_c.dir/rosidl_typesupport_c/custom_interface/msg/request_distance_msg__type_support.cpp.o[0m
[6.779s] [ 59%] [32mBuilding CXX object CMakeFiles/custom_interface__rosidl_typesupport_c.dir/rosidl_typesupport_c/custom_interface/msg/response_distance_msg__type_support.cpp.o[0m
[6.800s] [ 60%] [32mBuilding CXX object CMakeFiles/custom_interface__rosidl_typesupport_c.dir/rosidl_typesupport_c/custom_interface/srv/calculate_distance__type_support.cpp.o[0m
[6.803s] [ 62%] [32mBuilding C object CMakeFiles/custom_interface__rosidl_typesupport_introspection_c.dir/rosidl_typesupport_introspection_c/custom_interface/msg/detail/task_msg__type_support.c.o[0m
[6.824s] [ 63%] [32mBuilding CXX object CMakeFiles/custom_interface__rosidl_typesupport_c.dir/rosidl_typesupport_c/custom_interface/srv/cancel_request__type_support.cpp.o[0m
[6.835s] [ 64%] [32mBuilding C object CMakeFiles/custom_interface__rosidl_typesupport_introspection_c.dir/rosidl_typesupport_introspection_c/custom_interface/msg/detail/request_distance_msg__type_support.c.o[0m
[6.851s] [ 65%] [32mBuilding CXX object CMakeFiles/custom_interface__rosidl_typesupport_c.dir/rosidl_typesupport_c/custom_interface/action/countdown__type_support.cpp.o[0m
[6.861s] [ 67%] [32mBuilding C object CMakeFiles/custom_interface__rosidl_typesupport_introspection_c.dir/rosidl_typesupport_introspection_c/custom_interface/msg/detail/response_distance_msg__type_support.c.o[0m
[6.886s] [ 68%] [32mBuilding C object CMakeFiles/custom_interface__rosidl_typesupport_introspection_c.dir/rosidl_typesupport_introspection_c/custom_interface/srv/detail/calculate_distance__type_support.c.o[0m
[6.886s] [ 69%] [32mBuilding CXX object CMakeFiles/custom_interface__rosidl_typesupport_c.dir/rosidl_typesupport_c/custom_interface/msg/count__type_support.cpp.o[0m
[6.890s] [ 70%] [32mBuilding CXX object CMakeFiles/custom_interface__rosidl_typesupport_fastrtps_c.dir/rosidl_typesupport_fastrtps_c/custom_interface/srv/detail/cancel_request__type_support_c.cpp.o[0m
[6.909s] [ 72%] [32m[1mLinking CXX shared library libcustom_interface__rosidl_typesupport_c.so[0m
[6.913s] [ 73%] [32mBuilding C object CMakeFiles/custom_interface__rosidl_typesupport_introspection_c.dir/rosidl_typesupport_introspection_c/custom_interface/srv/detail/cancel_request__type_support.c.o[0m
[6.938s] [ 74%] [32mBuilding C object CMakeFiles/custom_interface__rosidl_typesupport_introspection_c.dir/rosidl_typesupport_introspection_c/custom_interface/action/detail/countdown__type_support.c.o[0m
[6.950s] [ 74%] Built target custom_interface__rosidl_typesupport_c
[6.955s] [ 75%] [32mBuilding C object CMakeFiles/custom_interface__rosidl_typesupport_introspection_c.dir/rosidl_typesupport_introspection_c/custom_interface/msg/detail/count__type_support.c.o[0m
[6.974s] [ 77%] [32mBuilding CXX object CMakeFiles/custom_interface__rosidl_typesupport_fastrtps_c.dir/rosidl_typesupport_fastrtps_c/custom_interface/action/detail/countdown__type_support_c.cpp.o[0m
[6.979s] [ 78%] [32m[1mLinking C shared library libcustom_interface__rosidl_typesupport_introspection_c.so[0m
[7.008s] [ 78%] Built target custom_interface__rosidl_typesupport_introspection_c
[7.014s] [ 79%] [32mBuilding CXX object CMakeFiles/custom_interface__rosidl_typesupport_fastrtps_c.dir/rosidl_typesupport_fastrtps_c/custom_interface/msg/detail/count__type_support_c.cpp.o[0m
[7.225s] [ 81%] [32m[1mLinking CXX shared library libcustom_interface__rosidl_typesupport_fastrtps_c.so[0m
[7.274s] [ 81%] Built target custom_interface__rosidl_typesupport_fastrtps_c
[7.285s] [ 81%] Built target custom_interface
[7.296s] [ 82%] [34m[1mGenerating Python code for ROS interfaces[0m
[8.288s] [ 82%] Built target custom_interface__py
[8.300s] [ 86%] [32mBuilding C object CMakeFiles/custom_interface__rosidl_generator_py.dir/rosidl_generator_py/custom_interface/msg/_request_distance_msg_s.c.o[0m
[8.300s] [ 86%] [32mBuilding C object CMakeFiles/custom_interface__rosidl_generator_py.dir/rosidl_generator_py/custom_interface/msg/_response_distance_msg_s.c.o[0m
[8.300s] [ 86%] [32mBuilding C object CMakeFiles/custom_interface__rosidl_generator_py.dir/rosidl_generator_py/custom_interface/msg/_task_msg_s.c.o[0m
[8.398s] [ 88%] [32mBuilding C object CMakeFiles/custom_interface__rosidl_generator_py.dir/rosidl_generator_py/custom_interface/srv/_cancel_request_s.c.o[0m
[8.398s] [ 88%] [32mBuilding C object CMakeFiles/custom_interface__rosidl_generator_py.dir/rosidl_generator_py/custom_interface/srv/_calculate_distance_s.c.o[0m
[8.398s] [ 89%] [32mBuilding C object CMakeFiles/custom_interface__rosidl_generator_py.dir/rosidl_generator_py/custom_interface/action/_countdown_s.c.o[0m
[8.479s] [ 91%] [32mBuilding C object CMakeFiles/custom_interface__rosidl_generator_py.dir/rosidl_generator_py/custom_interface/msg/_count_s.c.o[0m
[8.549s] [ 92%] [32m[1mLinking C shared library rosidl_generator_py/custom_interface/libcustom_interface__rosidl_generator_py.so[0m
[8.580s] [ 92%] Built target custom_interface__rosidl_generator_py
[8.592s] [ 94%] [32mBuilding C object CMakeFiles/custom_interface__rosidl_typesupport_introspection_c__pyext.dir/rosidl_generator_py/custom_interface/_custom_interface_s.ep.rosidl_typesupport_introspection_c.c.o[0m
[8.592s] [ 96%] [32mBuilding C object CMakeFiles/custom_interface__rosidl_typesupport_fastrtps_c__pyext.dir/rosidl_generator_py/custom_interface/_custom_interface_s.ep.rosidl_typesupport_fastrtps_c.c.o[0m
[8.592s] [ 96%] [32mBuilding C object CMakeFiles/custom_interface__rosidl_typesupport_c__pyext.dir/rosidl_generator_py/custom_interface/_custom_interface_s.ep.rosidl_typesupport_c.c.o[0m
[8.692s] [100%] [32m[1mLinking C shared library rosidl_generator_py/custom_interface/custom_interface_s__rosidl_typesupport_c.cpython-310-aarch64-linux-gnu.so[0m
[8.692s] [100%] [32m[1mLinking C shared library rosidl_generator_py/custom_interface/custom_interface_s__rosidl_typesupport_introspection_c.cpython-310-aarch64-linux-gnu.so[0m
[8.692s] [100%] [32m[1mLinking C shared library rosidl_generator_py/custom_interface/custom_interface_s__rosidl_typesupport_fastrtps_c.cpython-310-aarch64-linux-gnu.so[0m
[8.721s] [100%] Built target custom_interface__rosidl_typesupport_fastrtps_c__pyext
[8.722s] [100%] Built target custom_interface__rosidl_typesupport_introspection_c__pyext
[8.723s] [100%] Built target custom_interface__rosidl_typesupport_c__pyext
[8.731s] Invoked command in '/home/michael/robo_ai_turku_2025/build/custom_interface' returned '0': CMAKE_PREFIX_PATH=/opt/ros/humble /usr/bin/cmake --build /home/michael/robo_ai_turku_2025/build/custom_interface -- -j3 -l3
[8.736s] Invoking command in '/home/michael/robo_ai_turku_2025/build/custom_interface': CMAKE_PREFIX_PATH=/opt/ros/humble /usr/bin/cmake --install /home/michael/robo_ai_turku_2025/build/custom_interface
[8.741s] -- Install configuration: ""
[8.741s] -- Installing: /home/michael/robo_ai_turku_2025/install/custom_interface/share/ament_index/resource_index/rosidl_interfaces/custom_interface
[8.741s] -- Installing: /home/michael/robo_ai_turku_2025/install/custom_interface/include/custom_interface/custom_interface
[8.742s] -- Installing: /home/michael/robo_ai_turku_2025/install/custom_interface/include/custom_interface/custom_interface/action
[8.742s] -- Installing: /home/michael/robo_ai_turku_2025/install/custom_interface/include/custom_interface/custom_interface/action/countdown.h
[8.742s] -- Installing: /home/michael/robo_ai_turku_2025/install/custom_interface/include/custom_interface/custom_interface/action/detail
[8.742s] -- Installing: /home/michael/robo_ai_turku_2025/install/custom_interface/include/custom_interface/custom_interface/action/detail/countdown__functions.h
[8.742s] -- Installing: /home/michael/robo_ai_turku_2025/install/custom_interface/include/custom_interface/custom_interface/action/detail/countdown__functions.c
[8.742s] -- Installing: /home/michael/robo_ai_turku_2025/install/custom_interface/include/custom_interface/custom_interface/action/detail/countdown__struct.h
[8.742s] -- Installing: /home/michael/robo_ai_turku_2025/install/custom_interface/include/custom_interface/custom_interface/action/detail/countdown__type_support.h
[8.742s] -- Installing: /home/michael/robo_ai_turku_2025/install/custom_interface/include/custom_interface/custom_interface/srv
[8.742s] -- Installing: /home/michael/robo_ai_turku_2025/install/custom_interface/include/custom_interface/custom_interface/srv/calculate_distance.h
[8.742s] -- Installing: /home/michael/robo_ai_turku_2025/install/custom_interface/include/custom_interface/custom_interface/srv/cancel_request.h
[8.742s] -- Installing: /home/michael/robo_ai_turku_2025/install/custom_interface/include/custom_interface/custom_interface/srv/detail
[8.742s] -- Installing: /home/michael/robo_ai_turku_2025/install/custom_interface/include/custom_interface/custom_interface/srv/detail/calculate_distance__type_support.h
[8.742s] -- Installing: /home/michael/robo_ai_turku_2025/install/custom_interface/include/custom_interface/custom_interface/srv/detail/cancel_request__functions.h
[8.743s] -- Installing: /home/michael/robo_ai_turku_2025/install/custom_interface/include/custom_interface/custom_interface/srv/detail/cancel_request__struct.h
[8.743s] -- Installing: /home/michael/robo_ai_turku_2025/install/custom_interface/include/custom_interface/custom_interface/srv/detail/cancel_request__functions.c
[8.743s] -- Installing: /home/michael/robo_ai_turku_2025/install/custom_interface/include/custom_interface/custom_interface/srv/detail/calculate_distance__struct.h
[8.743s] -- Installing: /home/michael/robo_ai_turku_2025/install/custom_interface/include/custom_interface/custom_interface/srv/detail/calculate_distance__functions.c
[8.743s] -- Installing: /home/michael/robo_ai_turku_2025/install/custom_interface/include/custom_interface/custom_interface/srv/detail/cancel_request__type_support.h
[8.743s] -- Installing: /home/michael/robo_ai_turku_2025/install/custom_interface/include/custom_interface/custom_interface/srv/detail/calculate_distance__functions.h
[8.743s] -- Installing: /home/michael/robo_ai_turku_2025/install/custom_interface/include/custom_interface/custom_interface/msg
[8.743s] -- Installing: /home/michael/robo_ai_turku_2025/install/custom_interface/include/custom_interface/custom_interface/msg/request_distance_msg.h
[8.743s] -- Installing: /home/michael/robo_ai_turku_2025/install/custom_interface/include/custom_interface/custom_interface/msg/count.h
[8.743s] -- Installing: /home/michael/robo_ai_turku_2025/install/custom_interface/include/custom_interface/custom_interface/msg/task_msg.h
[8.743s] -- Installing: /home/michael/robo_ai_turku_2025/install/custom_interface/include/custom_interface/custom_interface/msg/detail
[8.743s] -- Installing: /home/michael/robo_ai_turku_2025/install/custom_interface/include/custom_interface/custom_interface/msg/detail/count__type_support.h
[8.743s] -- Installing: /home/michael/robo_ai_turku_2025/install/custom_interface/include/custom_interface/custom_interface/msg/detail/request_distance_msg__struct.h
[8.743s] -- Installing: /home/michael/robo_ai_turku_2025/install/custom_interface/include/custom_interface/custom_interface/msg/detail/count__struct.h
[8.744s] -- Installing: /home/michael/robo_ai_turku_2025/install/custom_interface/include/custom_interface/custom_interface/msg/detail/count__functions.h
[8.744s] -- Installing: /home/michael/robo_ai_turku_2025/install/custom_interface/include/custom_interface/custom_interface/msg/detail/response_distance_msg__type_support.h
[8.744s] -- Installing: /home/michael/robo_ai_turku_2025/install/custom_interface/include/custom_interface/custom_interface/msg/detail/response_distance_msg__functions.h
[8.744s] -- Installing: /home/michael/robo_ai_turku_2025/install/custom_interface/include/custom_interface/custom_interface/msg/detail/request_distance_msg__functions.c
[8.744s] -- Installing: /home/michael/robo_ai_turku_2025/install/custom_interface/include/custom_interface/custom_interface/msg/detail/request_distance_msg__functions.h
[8.744s] -- Installing: /home/michael/robo_ai_turku_2025/install/custom_interface/include/custom_interface/custom_interface/msg/detail/task_msg__struct.h
[8.744s] -- Installing: /home/michael/robo_ai_turku_2025/install/custom_interface/include/custom_interface/custom_interface/msg/detail/task_msg__type_support.h
[8.744s] -- Installing: /home/michael/robo_ai_turku_2025/install/custom_interface/include/custom_interface/custom_interface/msg/detail/response_distance_msg__struct.h
[8.744s] -- Installing: /home/michael/robo_ai_turku_2025/install/custom_interface/include/custom_interface/custom_interface/msg/detail/response_distance_msg__functions.c
[8.744s] -- Installing: /home/michael/robo_ai_turku_2025/install/custom_interface/include/custom_interface/custom_interface/msg/detail/request_distance_msg__type_support.h
[8.744s] -- Installing: /home/michael/robo_ai_turku_2025/install/custom_interface/include/custom_interface/custom_interface/msg/detail/count__functions.c
[8.744s] -- Installing: /home/michael/robo_ai_turku_2025/install/custom_interface/include/custom_interface/custom_interface/msg/detail/task_msg__functions.c
[8.744s] -- Installing: /home/michael/robo_ai_turku_2025/install/custom_interface/include/custom_interface/custom_interface/msg/detail/task_msg__functions.h
[8.744s] -- Installing: /home/michael/robo_ai_turku_2025/install/custom_interface/include/custom_interface/custom_interface/msg/rosidl_generator_c__visibility_control.h
[8.744s] -- Installing: /home/michael/robo_ai_turku_2025/install/custom_interface/include/custom_interface/custom_interface/msg/response_distance_msg.h
[8.745s] -- Installing: /home/michael/robo_ai_turku_2025/install/custom_interface/share/custom_interface/environment/library_path.sh
[8.745s] -- Installing: /home/michael/robo_ai_turku_2025/install/custom_interface/share/custom_interface/environment/library_path.dsv
[8.745s] -- Installing: /home/michael/robo_ai_turku_2025/install/custom_interface/lib/libcustom_interface__rosidl_generator_c.so
[8.745s] -- Set runtime path of "/home/michael/robo_ai_turku_2025/install/custom_interface/lib/libcustom_interface__rosidl_generator_c.so" to ""
[8.745s] -- Up-to-date: /home/michael/robo_ai_turku_2025/install/custom_interface/include/custom_interface/custom_interface
[8.745s] -- Up-to-date: /home/michael/robo_ai_turku_2025/install/custom_interface/include/custom_interface/custom_interface/action
[8.745s] -- Up-to-date: /home/michael/robo_ai_turku_2025/install/custom_interface/include/custom_interface/custom_interface/action/detail
[8.745s] -- Installing: /home/michael/robo_ai_turku_2025/install/custom_interface/include/custom_interface/custom_interface/action/detail/countdown__rosidl_typesupport_fastrtps_c.h
[8.745s] -- Up-to-date: /home/michael/robo_ai_turku_2025/install/custom_interface/include/custom_interface/custom_interface/srv
[8.745s] -- Up-to-date: /home/michael/robo_ai_turku_2025/install/custom_interface/include/custom_interface/custom_interface/srv/detail
[8.746s] -- Installing: /home/michael/robo_ai_turku_2025/install/custom_interface/include/custom_interface/custom_interface/srv/detail/cancel_request__rosidl_typesupport_fastrtps_c.h
[8.746s] -- Installing: /home/michael/robo_ai_turku_2025/install/custom_interface/include/custom_interface/custom_interface/srv/detail/calculate_distance__rosidl_typesupport_fastrtps_c.h
[8.746s] -- Up-to-date: /home/michael/robo_ai_turku_2025/install/custom_interface/include/custom_interface/custom_interface/msg
[8.746s] -- Installing: /home/michael/robo_ai_turku_2025/install/custom_interface/include/custom_interface/custom_interface/msg/rosidl_typesupport_fastrtps_c__visibility_control.h
[8.746s] -- Up-to-date: /home/michael/robo_ai_turku_2025/install/custom_interface/include/custom_interface/custom_interface/msg/detail
[8.746s] -- Installing: /home/michael/robo_ai_turku_2025/install/custom_interface/include/custom_interface/custom_interface/msg/detail/task_msg__rosidl_typesupport_fastrtps_c.h
[8.746s] -- Installing: /home/michael/robo_ai_turku_2025/install/custom_interface/include/custom_interface/custom_interface/msg/detail/response_distance_msg__rosidl_typesupport_fastrtps_c.h
[8.746s] -- Installing: /home/michael/robo_ai_turku_2025/install/custom_interface/include/custom_interface/custom_interface/msg/detail/count__rosidl_typesupport_fastrtps_c.h
[8.746s] -- Installing: /home/michael/robo_ai_turku_2025/install/custom_interface/include/custom_interface/custom_interface/msg/detail/request_distance_msg__rosidl_typesupport_fastrtps_c.h
[8.746s] -- Installing: /home/michael/robo_ai_turku_2025/install/custom_interface/lib/libcustom_interface__rosidl_typesupport_fastrtps_c.so
[8.746s] -- Set runtime path of "/home/michael/robo_ai_turku_2025/install/custom_interface/lib/libcustom_interface__rosidl_typesupport_fastrtps_c.so" to ""
[8.746s] -- Up-to-date: /home/michael/robo_ai_turku_2025/install/custom_interface/include/custom_interface/custom_interface
[8.746s] -- Up-to-date: /home/michael/robo_ai_turku_2025/install/custom_interface/include/custom_interface/custom_interface/action
[8.746s] -- Installing: /home/michael/robo_ai_turku_2025/install/custom_interface/include/custom_interface/custom_interface/action/countdown.hpp
[8.746s] -- Up-to-date: /home/michael/robo_ai_turku_2025/install/custom_interface/include/custom_interface/custom_interface/action/detail
[8.747s] -- Installing: /home/michael/robo_ai_turku_2025/install/custom_interface/include/custom_interface/custom_interface/action/detail/countdown__type_support.hpp
[8.747s] -- Installing: /home/michael/robo_ai_turku_2025/install/custom_interface/include/custom_interface/custom_interface/action/detail/countdown__struct.hpp
[8.747s] -- Installing: /home/michael/robo_ai_turku_2025/install/custom_interface/include/custom_interface/custom_interface/action/detail/countdown__builder.hpp
[8.747s] -- Installing: /home/michael/robo_ai_turku_2025/install/custom_interface/include/custom_interface/custom_interface/action/detail/countdown__traits.hpp
[8.747s] -- Up-to-date: /home/michael/robo_ai_turku_2025/install/custom_interface/include/custom_interface/custom_interface/srv
[8.747s] -- Installing: /home/michael/robo_ai_turku_2025/install/custom_interface/include/custom_interface/custom_interface/srv/cancel_request.hpp
[8.747s] -- Up-to-date: /home/michael/robo_ai_turku_2025/install/custom_interface/include/custom_interface/custom_interface/srv/detail
[8.747s] -- Installing: /home/michael/robo_ai_turku_2025/install/custom_interface/include/custom_interface/custom_interface/srv/detail/calculate_distance__builder.hpp
[8.747s] -- Installing: /home/michael/robo_ai_turku_2025/install/custom_interface/include/custom_interface/custom_interface/srv/detail/cancel_request__builder.hpp
[8.747s] -- Installing: /home/michael/robo_ai_turku_2025/install/custom_interface/include/custom_interface/custom_interface/srv/detail/calculate_distance__type_support.hpp
[8.747s] -- Installing: /home/michael/robo_ai_turku_2025/install/custom_interface/include/custom_interface/custom_interface/srv/detail/calculate_distance__struct.hpp
[8.747s] -- Installing: /home/michael/robo_ai_turku_2025/install/custom_interface/include/custom_interface/custom_interface/srv/detail/cancel_request__traits.hpp
[8.747s] -- Installing: /home/michael/robo_ai_turku_2025/install/custom_interface/include/custom_interface/custom_interface/srv/detail/calculate_distance__traits.hpp
[8.748s] -- Installing: /home/michael/robo_ai_turku_2025/install/custom_interface/include/custom_interface/custom_interface/srv/detail/cancel_request__struct.hpp
[8.748s] -- Installing: /home/michael/robo_ai_turku_2025/install/custom_interface/include/custom_interface/custom_interface/srv/detail/cancel_request__type_support.hpp
[8.748s] -- Installing: /home/michael/robo_ai_turku_2025/install/custom_interface/include/custom_interface/custom_interface/srv/calculate_distance.hpp
[8.748s] -- Up-to-date: /home/michael/robo_ai_turku_2025/install/custom_interface/include/custom_interface/custom_interface/msg
[8.748s] -- Installing: /home/michael/robo_ai_turku_2025/install/custom_interface/include/custom_interface/custom_interface/msg/task_msg.hpp
[8.748s] -- Up-to-date: /home/michael/robo_ai_turku_2025/install/custom_interface/include/custom_interface/custom_interface/msg/detail
[8.748s] -- Installing: /home/michael/robo_ai_turku_2025/install/custom_interface/include/custom_interface/custom_interface/msg/detail/count__traits.hpp
[8.748s] -- Installing: /home/michael/robo_ai_turku_2025/install/custom_interface/include/custom_interface/custom_interface/msg/detail/response_distance_msg__type_support.hpp
[8.748s] -- Installing: /home/michael/robo_ai_turku_2025/install/custom_interface/include/custom_interface/custom_interface/msg/detail/count__builder.hpp
[8.748s] -- Installing: /home/michael/robo_ai_turku_2025/install/custom_interface/include/custom_interface/custom_interface/msg/detail/request_distance_msg__type_support.hpp
[8.748s] -- Installing: /home/michael/robo_ai_turku_2025/install/custom_interface/include/custom_interface/custom_interface/msg/detail/response_distance_msg__traits.hpp
[8.748s] -- Installing: /home/michael/robo_ai_turku_2025/install/custom_interface/include/custom_interface/custom_interface/msg/detail/request_distance_msg__struct.hpp
[8.748s] -- Installing: /home/michael/robo_ai_turku_2025/install/custom_interface/include/custom_interface/custom_interface/msg/detail/count__type_support.hpp
[8.748s] -- Installing: /home/michael/robo_ai_turku_2025/install/custom_interface/include/custom_interface/custom_interface/msg/detail/count__struct.hpp
[8.748s] -- Installing: /home/michael/robo_ai_turku_2025/install/custom_interface/include/custom_interface/custom_interface/msg/detail/task_msg__type_support.hpp
[8.748s] -- Installing: /home/michael/robo_ai_turku_2025/install/custom_interface/include/custom_interface/custom_interface/msg/detail/task_msg__struct.hpp
[8.749s] -- Installing: /home/michael/robo_ai_turku_2025/install/custom_interface/include/custom_interface/custom_interface/msg/detail/request_distance_msg__builder.hpp
[8.749s] -- Installing: /home/michael/robo_ai_turku_2025/install/custom_interface/include/custom_interface/custom_interface/msg/detail/response_distance_msg__struct.hpp
[8.749s] -- Installing: /home/michael/robo_ai_turku_2025/install/custom_interface/include/custom_interface/custom_interface/msg/detail/response_distance_msg__builder.hpp
[8.749s] -- Installing: /home/michael/robo_ai_turku_2025/install/custom_interface/include/custom_interface/custom_interface/msg/detail/task_msg__builder.hpp
[8.749s] -- Installing: /home/michael/robo_ai_turku_2025/install/custom_interface/include/custom_interface/custom_interface/msg/detail/task_msg__traits.hpp
[8.749s] -- Installing: /home/michael/robo_ai_turku_2025/install/custom_interface/include/custom_interface/custom_interface/msg/detail/request_distance_msg__traits.hpp
[8.749s] -- Installing: /home/michael/robo_ai_turku_2025/install/custom_interface/include/custom_interface/custom_interface/msg/request_distance_msg.hpp
[8.749s] -- Installing: /home/michael/robo_ai_turku_2025/install/custom_interface/include/custom_interface/custom_interface/msg/count.hpp
[8.749s] -- Installing: /home/michael/robo_ai_turku_2025/install/custom_interface/include/custom_interface/custom_interface/msg/response_distance_msg.hpp
[8.749s] -- Installing: /home/michael/robo_ai_turku_2025/install/custom_interface/include/custom_interface/custom_interface/msg/rosidl_generator_cpp__visibility_control.hpp
[8.749s] -- Up-to-date: /home/michael/robo_ai_turku_2025/install/custom_interface/include/custom_interface/custom_interface
[8.750s] -- Up-to-date: /home/michael/robo_ai_turku_2025/install/custom_interface/include/custom_interface/custom_interface/action
[8.750s] -- Up-to-date: /home/michael/robo_ai_turku_2025/install/custom_interface/include/custom_interface/custom_interface/action/detail
[8.750s] -- Installing: /home/michael/robo_ai_turku_2025/install/custom_interface/include/custom_interface/custom_interface/action/detail/dds_fastrtps
[8.750s] -- Installing: /home/michael/robo_ai_turku_2025/install/custom_interface/include/custom_interface/custom_interface/action/detail/countdown__rosidl_typesupport_fastrtps_cpp.hpp
[8.750s] -- Up-to-date: /home/michael/robo_ai_turku_2025/install/custom_interface/include/custom_interface/custom_interface/srv
[8.750s] -- Up-to-date: /home/michael/robo_ai_turku_2025/install/custom_interface/include/custom_interface/custom_interface/srv/detail
[8.750s] -- Installing: /home/michael/robo_ai_turku_2025/install/custom_interface/include/custom_interface/custom_interface/srv/detail/calculate_distance__rosidl_typesupport_fastrtps_cpp.hpp
[8.750s] -- Installing: /home/michael/robo_ai_turku_2025/install/custom_interface/include/custom_interface/custom_interface/srv/detail/cancel_request__rosidl_typesupport_fastrtps_cpp.hpp
[8.750s] -- Installing: /home/michael/robo_ai_turku_2025/install/custom_interface/include/custom_interface/custom_interface/srv/detail/dds_fastrtps
[8.750s] -- Up-to-date: /home/michael/robo_ai_turku_2025/install/custom_interface/include/custom_interface/custom_interface/msg
[8.750s] -- Up-to-date: /home/michael/robo_ai_turku_2025/install/custom_interface/include/custom_interface/custom_interface/msg/detail
[8.750s] -- Installing: /home/michael/robo_ai_turku_2025/install/custom_interface/include/custom_interface/custom_interface/msg/detail/count__rosidl_typesupport_fastrtps_cpp.hpp
[8.750s] -- Installing: /home/michael/robo_ai_turku_2025/install/custom_interface/include/custom_interface/custom_interface/msg/detail/task_msg__rosidl_typesupport_fastrtps_cpp.hpp
[8.750s] -- Installing: /home/michael/robo_ai_turku_2025/install/custom_interface/include/custom_interface/custom_interface/msg/detail/request_distance_msg__rosidl_typesupport_fastrtps_cpp.hpp
[8.750s] -- Installing: /home/michael/robo_ai_turku_2025/install/custom_interface/include/custom_interface/custom_interface/msg/detail/response_distance_msg__rosidl_typesupport_fastrtps_cpp.hpp
[8.750s] -- Installing: /home/michael/robo_ai_turku_2025/install/custom_interface/include/custom_interface/custom_interface/msg/detail/dds_fastrtps
[8.751s] -- Installing: /home/michael/robo_ai_turku_2025/install/custom_interface/include/custom_interface/custom_interface/msg/rosidl_typesupport_fastrtps_cpp__visibility_control.h
[8.751s] -- Installing: /home/michael/robo_ai_turku_2025/install/custom_interface/lib/libcustom_interface__rosidl_typesupport_fastrtps_cpp.so
[8.751s] -- Set runtime path of "/home/michael/robo_ai_turku_2025/install/custom_interface/lib/libcustom_interface__rosidl_typesupport_fastrtps_cpp.so" to ""
[8.751s] -- Up-to-date: /home/michael/robo_ai_turku_2025/install/custom_interface/include/custom_interface/custom_interface
[8.751s] -- Up-to-date: /home/michael/robo_ai_turku_2025/install/custom_interface/include/custom_interface/custom_interface/action
[8.751s] -- Up-to-date: /home/michael/robo_ai_turku_2025/install/custom_interface/include/custom_interface/custom_interface/action/detail
[8.751s] -- Installing: /home/michael/robo_ai_turku_2025/install/custom_interface/include/custom_interface/custom_interface/action/detail/countdown__type_support.c
[8.751s] -- Installing: /home/michael/robo_ai_turku_2025/install/custom_interface/include/custom_interface/custom_interface/action/detail/countdown__rosidl_typesupport_introspection_c.h
[8.751s] -- Up-to-date: /home/michael/robo_ai_turku_2025/install/custom_interface/include/custom_interface/custom_interface/srv
[8.751s] -- Up-to-date: /home/michael/robo_ai_turku_2025/install/custom_interface/include/custom_interface/custom_interface/srv/detail
[8.751s] -- Installing: /home/michael/robo_ai_turku_2025/install/custom_interface/include/custom_interface/custom_interface/srv/detail/calculate_distance__type_support.c
[8.751s] -- Installing: /home/michael/robo_ai_turku_2025/install/custom_interface/include/custom_interface/custom_interface/srv/detail/cancel_request__type_support.c
[8.751s] -- Installing: /home/michael/robo_ai_turku_2025/install/custom_interface/include/custom_interface/custom_interface/srv/detail/cancel_request__rosidl_typesupport_introspection_c.h
[8.751s] -- Installing: /home/michael/robo_ai_turku_2025/install/custom_interface/include/custom_interface/custom_interface/srv/detail/calculate_distance__rosidl_typesupport_introspection_c.h
[8.752s] -- Up-to-date: /home/michael/robo_ai_turku_2025/install/custom_interface/include/custom_interface/custom_interface/msg
[8.752s] -- Installing: /home/michael/robo_ai_turku_2025/install/custom_interface/include/custom_interface/custom_interface/msg/rosidl_typesupport_introspection_c__visibility_control.h
[8.752s] -- Up-to-date: /home/michael/robo_ai_turku_2025/install/custom_interface/include/custom_interface/custom_interface/msg/detail
[8.752s] -- Installing: /home/michael/robo_ai_turku_2025/install/custom_interface/include/custom_interface/custom_interface/msg/detail/request_distance_msg__rosidl_typesupport_introspection_c.h
[8.752s] -- Installing: /home/michael/robo_ai_turku_2025/install/custom_interface/include/custom_interface/custom_interface/msg/detail/response_distance_msg__rosidl_typesupport_introspection_c.h
[8.752s] -- Installing: /home/michael/robo_ai_turku_2025/install/custom_interface/include/custom_interface/custom_interface/msg/detail/task_msg__rosidl_typesupport_introspection_c.h
[8.752s] -- Installing: /home/michael/robo_ai_turku_2025/install/custom_interface/include/custom_interface/custom_interface/msg/detail/request_distance_msg__type_support.c
[8.752s] -- Installing: /home/michael/robo_ai_turku_2025/install/custom_interface/include/custom_interface/custom_interface/msg/detail/response_distance_msg__type_support.c
[8.752s] -- Installing: /home/michael/robo_ai_turku_2025/install/custom_interface/include/custom_interface/custom_interface/msg/detail/task_msg__type_support.c
[8.752s] -- Installing: /home/michael/robo_ai_turku_2025/install/custom_interface/include/custom_interface/custom_interface/msg/detail/count__type_support.c
[8.752s] -- Installing: /home/michael/robo_ai_turku_2025/install/custom_interface/include/custom_interface/custom_interface/msg/detail/count__rosidl_typesupport_introspection_c.h
[8.753s] -- Installing: /home/michael/robo_ai_turku_2025/install/custom_interface/lib/libcustom_interface__rosidl_typesupport_introspection_c.so
[8.753s] -- Set runtime path of "/home/michael/robo_ai_turku_2025/install/custom_interface/lib/libcustom_interface__rosidl_typesupport_introspection_c.so" to ""
[8.753s] -- Installing: /home/michael/robo_ai_turku_2025/install/custom_interface/lib/libcustom_interface__rosidl_typesupport_c.so
[8.753s] -- Set runtime path of "/home/michael/robo_ai_turku_2025/install/custom_interface/lib/libcustom_interface__rosidl_typesupport_c.so" to ""
[8.753s] -- Up-to-date: /home/michael/robo_ai_turku_2025/install/custom_interface/include/custom_interface/custom_interface
[8.753s] -- Up-to-date: /home/michael/robo_ai_turku_2025/install/custom_interface/include/custom_interface/custom_interface/action
[8.753s] -- Up-to-date: /home/michael/robo_ai_turku_2025/install/custom_interface/include/custom_interface/custom_interface/action/detail
[8.753s] -- Installing: /home/michael/robo_ai_turku_2025/install/custom_interface/include/custom_interface/custom_interface/action/detail/countdown__type_support.cpp
[8.753s] -- Installing: /home/michael/robo_ai_turku_2025/install/custom_interface/include/custom_interface/custom_interface/action/detail/countdown__rosidl_typesupport_introspection_cpp.hpp
[8.753s] -- Up-to-date: /home/michael/robo_ai_turku_2025/install/custom_interface/include/custom_interface/custom_interface/srv
[8.753s] -- Up-to-date: /home/michael/robo_ai_turku_2025/install/custom_interface/include/custom_interface/custom_interface/srv/detail
[8.753s] -- Installing: /home/michael/robo_ai_turku_2025/install/custom_interface/include/custom_interface/custom_interface/srv/detail/calculate_distance__rosidl_typesupport_introspection_cpp.hpp
[8.753s] -- Installing: /home/michael/robo_ai_turku_2025/install/custom_interface/include/custom_interface/custom_interface/srv/detail/calculate_distance__type_support.cpp
[8.754s] -- Installing: /home/michael/robo_ai_turku_2025/install/custom_interface/include/custom_interface/custom_interface/srv/detail/cancel_request__rosidl_typesupport_introspection_cpp.hpp
[8.754s] -- Installing: /home/michael/robo_ai_turku_2025/install/custom_interface/include/custom_interface/custom_interface/srv/detail/cancel_request__type_support.cpp
[8.754s] -- Up-to-date: /home/michael/robo_ai_turku_2025/install/custom_interface/include/custom_interface/custom_interface/msg
[8.754s] -- Up-to-date: /home/michael/robo_ai_turku_2025/install/custom_interface/include/custom_interface/custom_interface/msg/detail
[8.754s] -- Installing: /home/michael/robo_ai_turku_2025/install/custom_interface/include/custom_interface/custom_interface/msg/detail/response_distance_msg__rosidl_typesupport_introspection_cpp.hpp
[8.754s] -- Installing: /home/michael/robo_ai_turku_2025/install/custom_interface/include/custom_interface/custom_interface/msg/detail/response_distance_msg__type_support.cpp
[8.754s] -- Installing: /home/michael/robo_ai_turku_2025/install/custom_interface/include/custom_interface/custom_interface/msg/detail/count__type_support.cpp
[8.754s] -- Installing: /home/michael/robo_ai_turku_2025/install/custom_interface/include/custom_interface/custom_interface/msg/detail/request_distance_msg__rosidl_typesupport_introspection_cpp.hpp
[8.754s] -- Installing: /home/michael/robo_ai_turku_2025/install/custom_interface/include/custom_interface/custom_interface/msg/detail/task_msg__type_support.cpp
[8.754s] -- Installing: /home/michael/robo_ai_turku_2025/install/custom_interface/include/custom_interface/custom_interface/msg/detail/request_distance_msg__type_support.cpp
[8.754s] -- Installing: /home/michael/robo_ai_turku_2025/install/custom_interface/include/custom_interface/custom_interface/msg/detail/count__rosidl_typesupport_introspection_cpp.hpp
[8.754s] -- Installing: /home/michael/robo_ai_turku_2025/install/custom_interface/include/custom_interface/custom_interface/msg/detail/task_msg__rosidl_typesupport_introspection_cpp.hpp
[8.754s] -- Installing: /home/michael/robo_ai_turku_2025/install/custom_interface/lib/libcustom_interface__rosidl_typesupport_introspection_cpp.so
[8.754s] -- Set runtime path of "/home/michael/robo_ai_turku_2025/install/custom_interface/lib/libcustom_interface__rosidl_typesupport_introspection_cpp.so" to ""
[8.754s] -- Installing: /home/michael/robo_ai_turku_2025/install/custom_interface/lib/libcustom_interface__rosidl_typesupport_cpp.so
[8.754s] -- Set runtime path of "/home/michael/robo_ai_turku_2025/install/custom_interface/lib/libcustom_interface__rosidl_typesupport_cpp.so" to ""
[8.755s] -- Installing: /home/michael/robo_ai_turku_2025/install/custom_interface/share/custom_interface/environment/pythonpath.sh
[8.755s] -- Installing: /home/michael/robo_ai_turku_2025/install/custom_interface/share/custom_interface/environment/pythonpath.dsv
[8.755s] -- Installing: /home/michael/robo_ai_turku_2025/install/custom_interface/local/lib/python3.10/dist-packages/custom_interface-0.0.0-py3.10.egg-info
[8.755s] -- Installing: /home/michael/robo_ai_turku_2025/install/custom_interface/local/lib/python3.10/dist-packages/custom_interface-0.0.0-py3.10.egg-info/SOURCES.txt
[8.755s] -- Installing: /home/michael/robo_ai_turku_2025/install/custom_interface/local/lib/python3.10/dist-packages/custom_interface-0.0.0-py3.10.egg-info/top_level.txt
[8.755s] -- Installing: /home/michael/robo_ai_turku_2025/install/custom_interface/local/lib/python3.10/dist-packages/custom_interface-0.0.0-py3.10.egg-info/PKG-INFO
[8.755s] -- Installing: /home/michael/robo_ai_turku_2025/install/custom_interface/local/lib/python3.10/dist-packages/custom_interface-0.0.0-py3.10.egg-info/dependency_links.txt
[8.755s] -- Installing: /home/michael/robo_ai_turku_2025/install/custom_interface/local/lib/python3.10/dist-packages/custom_interface
[8.755s] -- Installing: /home/michael/robo_ai_turku_2025/install/custom_interface/local/lib/python3.10/dist-packages/custom_interface/custom_interface_s__rosidl_typesupport_introspection_c.cpython-310-aarch64-linux-gnu.so
[8.755s] -- Installing: /home/michael/robo_ai_turku_2025/install/custom_interface/local/lib/python3.10/dist-packages/custom_interface/libcustom_interface__rosidl_generator_py.so
[8.755s] -- Installing: /home/michael/robo_ai_turku_2025/install/custom_interface/local/lib/python3.10/dist-packages/custom_interface/_custom_interface_s.ep.rosidl_typesupport_c.c
[8.756s] -- Installing: /home/michael/robo_ai_turku_2025/install/custom_interface/local/lib/python3.10/dist-packages/custom_interface/action
[8.756s] -- Installing: /home/michael/robo_ai_turku_2025/install/custom_interface/local/lib/python3.10/dist-packages/custom_interface/action/_countdown.py
[8.756s] -- Installing: /home/michael/robo_ai_turku_2025/install/custom_interface/local/lib/python3.10/dist-packages/custom_interface/action/_countdown_s.c
[8.756s] -- Installing: /home/michael/robo_ai_turku_2025/install/custom_interface/local/lib/python3.10/dist-packages/custom_interface/action/__init__.py
[8.756s] -- Installing: /home/michael/robo_ai_turku_2025/install/custom_interface/local/lib/python3.10/dist-packages/custom_interface/_custom_interface_s.ep.rosidl_typesupport_introspection_c.c
[8.756s] -- Installing: /home/michael/robo_ai_turku_2025/install/custom_interface/local/lib/python3.10/dist-packages/custom_interface/custom_interface_s__rosidl_typesupport_fastrtps_c.cpython-310-aarch64-linux-gnu.so
[8.756s] -- Installing: /home/michael/robo_ai_turku_2025/install/custom_interface/local/lib/python3.10/dist-packages/custom_interface/srv
[8.756s] -- Installing: /home/michael/robo_ai_turku_2025/install/custom_interface/local/lib/python3.10/dist-packages/custom_interface/srv/_cancel_request_s.c
[8.756s] -- Installing: /home/michael/robo_ai_turku_2025/install/custom_interface/local/lib/python3.10/dist-packages/custom_interface/srv/_calculate_distance.py
[8.756s] -- Installing: /home/michael/robo_ai_turku_2025/install/custom_interface/local/lib/python3.10/dist-packages/custom_interface/srv/__init__.py
[8.756s] -- Installing: /home/michael/robo_ai_turku_2025/install/custom_interface/local/lib/python3.10/dist-packages/custom_interface/srv/_calculate_distance_s.c
[8.757s] -- Installing: /home/michael/robo_ai_turku_2025/install/custom_interface/local/lib/python3.10/dist-packages/custom_interface/srv/_cancel_request.py
[8.757s] -- Installing: /home/michael/robo_ai_turku_2025/install/custom_interface/local/lib/python3.10/dist-packages/custom_interface/msg
[8.757s] -- Installing: /home/michael/robo_ai_turku_2025/install/custom_interface/local/lib/python3.10/dist-packages/custom_interface/msg/_count_s.c
[8.757s] -- Installing: /home/michael/robo_ai_turku_2025/install/custom_interface/local/lib/python3.10/dist-packages/custom_interface/msg/_response_distance_msg.py
[8.757s] -- Installing: /home/michael/robo_ai_turku_2025/install/custom_interface/local/lib/python3.10/dist-packages/custom_interface/msg/_task_msg.py
[8.757s] -- Installing: /home/michael/robo_ai_turku_2025/install/custom_interface/local/lib/python3.10/dist-packages/custom_interface/msg/_response_distance_msg_s.c
[8.757s] -- Installing: /home/michael/robo_ai_turku_2025/install/custom_interface/local/lib/python3.10/dist-packages/custom_interface/msg/_request_distance_msg.py
[8.757s] -- Installing: /home/michael/robo_ai_turku_2025/install/custom_interface/local/lib/python3.10/dist-packages/custom_interface/msg/_request_distance_msg_s.c
[8.757s] -- Installing: /home/michael/robo_ai_turku_2025/install/custom_interface/local/lib/python3.10/dist-packages/custom_interface/msg/__init__.py
[8.757s] -- Installing: /home/michael/robo_ai_turku_2025/install/custom_interface/local/lib/python3.10/dist-packages/custom_interface/msg/_count.py
[8.757s] -- Installing: /home/michael/robo_ai_turku_2025/install/custom_interface/local/lib/python3.10/dist-packages/custom_interface/msg/_task_msg_s.c
[8.757s] -- Installing: /home/michael/robo_ai_turku_2025/install/custom_interface/local/lib/python3.10/dist-packages/custom_interface/__init__.py
[8.757s] -- Installing: /home/michael/robo_ai_turku_2025/install/custom_interface/local/lib/python3.10/dist-packages/custom_interface/_custom_interface_s.ep.rosidl_typesupport_fastrtps_c.c
[8.757s] -- Installing: /home/michael/robo_ai_turku_2025/install/custom_interface/local/lib/python3.10/dist-packages/custom_interface/custom_interface_s__rosidl_typesupport_c.cpython-310-aarch64-linux-gnu.so
[8.792s] Listing '/home/michael/robo_ai_turku_2025/install/custom_interface/local/lib/python3.10/dist-packages/custom_interface'...
[8.792s] Compiling '/home/michael/robo_ai_turku_2025/install/custom_interface/local/lib/python3.10/dist-packages/custom_interface/__init__.py'...
[8.792s] Listing '/home/michael/robo_ai_turku_2025/install/custom_interface/local/lib/python3.10/dist-packages/custom_interface/action'...
[8.792s] Compiling '/home/michael/robo_ai_turku_2025/install/custom_interface/local/lib/python3.10/dist-packages/custom_interface/action/__init__.py'...
[8.792s] Compiling '/home/michael/robo_ai_turku_2025/install/custom_interface/local/lib/python3.10/dist-packages/custom_interface/action/_countdown.py'...
[8.793s] Listing '/home/michael/robo_ai_turku_2025/install/custom_interface/local/lib/python3.10/dist-packages/custom_interface/msg'...
[8.793s] Compiling '/home/michael/robo_ai_turku_2025/install/custom_interface/local/lib/python3.10/dist-packages/custom_interface/msg/__init__.py'...
[8.793s] Compiling '/home/michael/robo_ai_turku_2025/install/custom_interface/local/lib/python3.10/dist-packages/custom_interface/msg/_count.py'...
[8.793s] Compiling '/home/michael/robo_ai_turku_2025/install/custom_interface/local/lib/python3.10/dist-packages/custom_interface/msg/_request_distance_msg.py'...
[8.793s] Compiling '/home/michael/robo_ai_turku_2025/install/custom_interface/local/lib/python3.10/dist-packages/custom_interface/msg/_response_distance_msg.py'...
[8.793s] Compiling '/home/michael/robo_ai_turku_2025/install/custom_interface/local/lib/python3.10/dist-packages/custom_interface/msg/_task_msg.py'...
[8.793s] Listing '/home/michael/robo_ai_turku_2025/install/custom_interface/local/lib/python3.10/dist-packages/custom_interface/srv'...
[8.793s] Compiling '/home/michael/robo_ai_turku_2025/install/custom_interface/local/lib/python3.10/dist-packages/custom_interface/srv/__init__.py'...
[8.793s] Compiling '/home/michael/robo_ai_turku_2025/install/custom_interface/local/lib/python3.10/dist-packages/custom_interface/srv/_calculate_distance.py'...
[8.793s] Compiling '/home/michael/robo_ai_turku_2025/install/custom_interface/local/lib/python3.10/dist-packages/custom_interface/srv/_cancel_request.py'...
[8.796s] -- Installing: /home/michael/robo_ai_turku_2025/install/custom_interface/local/lib/python3.10/dist-packages/custom_interface/custom_interface_s__rosidl_typesupport_fastrtps_c.cpython-310-aarch64-linux-gnu.so
[8.796s] -- Set runtime path of "/home/michael/robo_ai_turku_2025/install/custom_interface/local/lib/python3.10/dist-packages/custom_interface/custom_interface_s__rosidl_typesupport_fastrtps_c.cpython-310-aarch64-linux-gnu.so" to ""
[8.797s] -- Installing: /home/michael/robo_ai_turku_2025/install/custom_interface/local/lib/python3.10/dist-packages/custom_interface/custom_interface_s__rosidl_typesupport_introspection_c.cpython-310-aarch64-linux-gnu.so
[8.797s] -- Set runtime path of "/home/michael/robo_ai_turku_2025/install/custom_interface/local/lib/python3.10/dist-packages/custom_interface/custom_interface_s__rosidl_typesupport_introspection_c.cpython-310-aarch64-linux-gnu.so" to ""
[8.797s] -- Installing: /home/michael/robo_ai_turku_2025/install/custom_interface/local/lib/python3.10/dist-packages/custom_interface/custom_interface_s__rosidl_typesupport_c.cpython-310-aarch64-linux-gnu.so
[8.797s] -- Set runtime path of "/home/michael/robo_ai_turku_2025/install/custom_interface/local/lib/python3.10/dist-packages/custom_interface/custom_interface_s__rosidl_typesupport_c.cpython-310-aarch64-linux-gnu.so" to ""
[8.797s] -- Installing: /home/michael/robo_ai_turku_2025/install/custom_interface/lib/libcustom_interface__rosidl_generator_py.so
[8.798s] -- Set runtime path of "/home/michael/robo_ai_turku_2025/install/custom_interface/lib/libcustom_interface__rosidl_generator_py.so" to ""
[8.798s] -- Installing: /home/michael/robo_ai_turku_2025/install/custom_interface/share/custom_interface/msg/TaskMsg.idl
[8.798s] -- Installing: /home/michael/robo_ai_turku_2025/install/custom_interface/share/custom_interface/msg/RequestDistanceMsg.idl
[8.798s] -- Installing: /home/michael/robo_ai_turku_2025/install/custom_interface/share/custom_interface/msg/ResponseDistanceMsg.idl
[8.798s] -- Installing: /home/michael/robo_ai_turku_2025/install/custom_interface/share/custom_interface/srv/CalculateDistance.idl
[8.798s] -- Installing: /home/michael/robo_ai_turku_2025/install/custom_interface/share/custom_interface/srv/CancelRequest.idl
[8.798s] -- Installing: /home/michael/robo_ai_turku_2025/install/custom_interface/share/custom_interface/action/Countdown.idl
[8.798s] -- Installing: /home/michael/robo_ai_turku_2025/install/custom_interface/share/custom_interface/msg/Count.idl
[8.799s] -- Installing: /home/michael/robo_ai_turku_2025/install/custom_interface/share/custom_interface/msg/TaskMsg.msg
[8.799s] -- Installing: /home/michael/robo_ai_turku_2025/install/custom_interface/share/custom_interface/msg/RequestDistanceMsg.msg
[8.799s] -- Installing: /home/michael/robo_ai_turku_2025/install/custom_interface/share/custom_interface/msg/ResponseDistanceMsg.msg
[8.799s] -- Installing: /home/michael/robo_ai_turku_2025/install/custom_interface/share/custom_interface/srv/CalculateDistance.srv
[8.799s] -- Installing: /home/michael/robo_ai_turku_2025/install/custom_interface/share/custom_interface/srv/CalculateDistance_Request.msg
[8.799s] -- Installing: /home/michael/robo_ai_turku_2025/install/custom_interface/share/custom_interface/srv/CalculateDistance_Response.msg
[8.799s] -- Installing: /home/michael/robo_ai_turku_2025/install/custom_interface/share/custom_interface/srv/CancelRequest.srv
[8.799s] -- Installing: /home/michael/robo_ai_turku_2025/install/custom_interface/share/custom_interface/srv/CancelRequest_Request.msg
[8.799s] -- Installing: /home/michael/robo_ai_turku_2025/install/custom_interface/share/custom_interface/srv/CancelRequest_Response.msg
[8.799s] -- Installing: /home/michael/robo_ai_turku_2025/install/custom_interface/share/custom_interface/action/Countdown.action
[8.799s] -- Installing: /home/michael/robo_ai_turku_2025/install/custom_interface/share/custom_interface/msg/Count.msg
[8.799s] -- Installing: /home/michael/robo_ai_turku_2025/install/custom_interface/share/ament_index/resource_index/package_run_dependencies/custom_interface
[8.800s] -- Installing: /home/michael/robo_ai_turku_2025/install/custom_interface/share/ament_index/resource_index/parent_prefix_path/custom_interface
[8.800s] -- Installing: /home/michael/robo_ai_turku_2025/install/custom_interface/share/custom_interface/environment/ament_prefix_path.sh
[8.800s] -- Installing: /home/michael/robo_ai_turku_2025/install/custom_interface/share/custom_interface/environment/ament_prefix_path.dsv
[8.800s] -- Installing: /home/michael/robo_ai_turku_2025/install/custom_interface/share/custom_interface/environment/path.sh
[8.800s] -- Installing: /home/michael/robo_ai_turku_2025/install/custom_interface/share/custom_interface/environment/path.dsv
[8.800s] -- Installing: /home/michael/robo_ai_turku_2025/install/custom_interface/share/custom_interface/local_setup.bash
[8.800s] -- Installing: /home/michael/robo_ai_turku_2025/install/custom_interface/share/custom_interface/local_setup.sh
[8.800s] -- Installing: /home/michael/robo_ai_turku_2025/install/custom_interface/share/custom_interface/local_setup.zsh
[8.800s] -- Installing: /home/michael/robo_ai_turku_2025/install/custom_interface/share/custom_interface/local_setup.dsv
[8.800s] -- Installing: /home/michael/robo_ai_turku_2025/install/custom_interface/share/custom_interface/package.dsv
[8.800s] -- Installing: /home/michael/robo_ai_turku_2025/install/custom_interface/share/ament_index/resource_index/packages/custom_interface
[8.800s] -- Installing: /home/michael/robo_ai_turku_2025/install/custom_interface/share/custom_interface/cmake/export_custom_interface__rosidl_generator_cExport.cmake
[8.801s] -- Installing: /home/michael/robo_ai_turku_2025/install/custom_interface/share/custom_interface/cmake/export_custom_interface__rosidl_generator_cExport-noconfig.cmake
[8.801s] -- Installing: /home/michael/robo_ai_turku_2025/install/custom_interface/share/custom_interface/cmake/export_custom_interface__rosidl_typesupport_fastrtps_cExport.cmake
[8.801s] -- Installing: /home/michael/robo_ai_turku_2025/install/custom_interface/share/custom_interface/cmake/export_custom_interface__rosidl_typesupport_fastrtps_cExport-noconfig.cmake
[8.801s] -- Installing: /home/michael/robo_ai_turku_2025/install/custom_interface/share/custom_interface/cmake/export_custom_interface__rosidl_generator_cppExport.cmake
[8.801s] -- Installing: /home/michael/robo_ai_turku_2025/install/custom_interface/share/custom_interface/cmake/export_custom_interface__rosidl_typesupport_fastrtps_cppExport.cmake
[8.801s] -- Installing: /home/michael/robo_ai_turku_2025/install/custom_interface/share/custom_interface/cmake/export_custom_interface__rosidl_typesupport_fastrtps_cppExport-noconfig.cmake
[8.801s] -- Installing: /home/michael/robo_ai_turku_2025/install/custom_interface/share/custom_interface/cmake/custom_interface__rosidl_typesupport_introspection_cExport.cmake
[8.801s] -- Installing: /home/michael/robo_ai_turku_2025/install/custom_interface/share/custom_interface/cmake/custom_interface__rosidl_typesupport_introspection_cExport-noconfig.cmake
[8.801s] -- Installing: /home/michael/robo_ai_turku_2025/install/custom_interface/share/custom_interface/cmake/custom_interface__rosidl_typesupport_cExport.cmake
[8.801s] -- Installing: /home/michael/robo_ai_turku_2025/install/custom_interface/share/custom_interface/cmake/custom_interface__rosidl_typesupport_cExport-noconfig.cmake
[8.801s] -- Installing: /home/michael/robo_ai_turku_2025/install/custom_interface/share/custom_interface/cmake/custom_interface__rosidl_typesupport_introspection_cppExport.cmake
[8.802s] -- Installing: /home/michael/robo_ai_turku_2025/install/custom_interface/share/custom_interface/cmake/custom_interface__rosidl_typesupport_introspection_cppExport-noconfig.cmake
[8.802s] -- Installing: /home/michael/robo_ai_turku_2025/install/custom_interface/share/custom_interface/cmake/custom_interface__rosidl_typesupport_cppExport.cmake
[8.802s] -- Installing: /home/michael/robo_ai_turku_2025/install/custom_interface/share/custom_interface/cmake/custom_interface__rosidl_typesupport_cppExport-noconfig.cmake
[8.802s] -- Installing: /home/michael/robo_ai_turku_2025/install/custom_interface/share/custom_interface/cmake/export_custom_interface__rosidl_generator_pyExport.cmake
[8.802s] -- Installing: /home/michael/robo_ai_turku_2025/install/custom_interface/share/custom_interface/cmake/export_custom_interface__rosidl_generator_pyExport-noconfig.cmake
[8.802s] -- Installing: /home/michael/robo_ai_turku_2025/install/custom_interface/share/custom_interface/cmake/rosidl_cmake-extras.cmake
[8.802s] -- Installing: /home/michael/robo_ai_turku_2025/install/custom_interface/share/custom_interface/cmake/ament_cmake_export_dependencies-extras.cmake
[8.802s] -- Installing: /home/michael/robo_ai_turku_2025/install/custom_interface/share/custom_interface/cmake/ament_cmake_export_include_directories-extras.cmake
[8.802s] -- Installing: /home/michael/robo_ai_turku_2025/install/custom_interface/share/custom_interface/cmake/ament_cmake_export_libraries-extras.cmake
[8.802s] -- Installing: /home/michael/robo_ai_turku_2025/install/custom_interface/share/custom_interface/cmake/ament_cmake_export_targets-extras.cmake
[8.803s] -- Installing: /home/michael/robo_ai_turku_2025/install/custom_interface/share/custom_interface/cmake/rosidl_cmake_export_typesupport_targets-extras.cmake
[8.803s] -- Installing: /home/michael/robo_ai_turku_2025/install/custom_interface/share/custom_interface/cmake/rosidl_cmake_export_typesupport_libraries-extras.cmake
[8.803s] -- Installing: /home/michael/robo_ai_turku_2025/install/custom_interface/share/custom_interface/cmake/custom_interfaceConfig.cmake
[8.803s] -- Installing: /home/michael/robo_ai_turku_2025/install/custom_interface/share/custom_interface/cmake/custom_interfaceConfig-version.cmake
[8.803s] -- Installing: /home/michael/robo_ai_turku_2025/install/custom_interface/share/custom_interface/package.xml
[8.805s] Invoked command in '/home/michael/robo_ai_turku_2025/build/custom_interface' returned '0': CMAKE_PREFIX_PATH=/opt/ros/humble /usr/bin/cmake --install /home/michael/robo_ai_turku_2025/build/custom_interface
