[1.913s] Invoking command in '/home/felix/robo/robo_ai_turku_2025/ros2_ws/src/lab01_task01': PYTHONPATH=/home/felix/robo/robo_ai_turku_2025/ros2_ws/build/lab01_task01/prefix_override:/usr/lib/python3/dist-packages/colcon_core/task/python/colcon_distutils_commands:/home/felix/robo/robo_ai_turku_2025/ros2_ws/install/lab01_task01/lib/python3.10/site-packages:${PYTHONPATH} /usr/bin/python3 -W ignore:setup.py install is deprecated -W ignore:easy_install command is deprecated setup.py egg_info --egg-base ../../build/lab01_task01 build --build-base /home/felix/robo/robo_ai_turku_2025/ros2_ws/build/lab01_task01/build install --record /home/felix/robo/robo_ai_turku_2025/ros2_ws/build/lab01_task01/install.log --single-version-externally-managed install_data
[2.150s] running egg_info
[2.152s] writing ../../build/lab01_task01/lab01_task01.egg-info/PKG-INFO
[2.152s] writing dependency_links to ../../build/lab01_task01/lab01_task01.egg-info/dependency_links.txt
[2.152s] writing entry points to ../../build/lab01_task01/lab01_task01.egg-info/entry_points.txt
[2.153s] writing requirements to ../../build/lab01_task01/lab01_task01.egg-info/requires.txt
[2.153s] writing top-level names to ../../build/lab01_task01/lab01_task01.egg-info/top_level.txt
[2.160s] reading manifest file '../../build/lab01_task01/lab01_task01.egg-info/SOURCES.txt'
[2.162s] adding license file 'LICENSE'
[2.162s] writing manifest file '../../build/lab01_task01/lab01_task01.egg-info/SOURCES.txt'
[2.163s] running build
[2.163s] running build_py
[2.163s] running install
[2.164s] running install_lib
[2.166s] running install_data
[2.166s] running install_egg_info
[2.167s] removing '/home/felix/robo/robo_ai_turku_2025/ros2_ws/install/lab01_task01/lib/python3.10/site-packages/lab01_task01-0.0.0-py3.10.egg-info' (and everything under it)
[2.167s] Copying ../../build/lab01_task01/lab01_task01.egg-info to /home/felix/robo/robo_ai_turku_2025/ros2_ws/install/lab01_task01/lib/python3.10/site-packages/lab01_task01-0.0.0-py3.10.egg-info
[2.170s] running install_scripts
[2.195s] Installing publisher script to /home/felix/robo/robo_ai_turku_2025/ros2_ws/install/lab01_task01/lib/lab01_task01
[2.197s] Installing subscriber script to /home/felix/robo/robo_ai_turku_2025/ros2_ws/install/lab01_task01/lib/lab01_task01
[2.197s] writing list of installed files to '/home/felix/robo/robo_ai_turku_2025/ros2_ws/build/lab01_task01/install.log'
[2.229s] Invoked command in '/home/felix/robo/robo_ai_turku_2025/ros2_ws/src/lab01_task01' returned '0': PYTHONPATH=/home/felix/robo/robo_ai_turku_2025/ros2_ws/build/lab01_task01/prefix_override:/usr/lib/python3/dist-packages/colcon_core/task/python/colcon_distutils_commands:/home/felix/robo/robo_ai_turku_2025/ros2_ws/install/lab01_task01/lib/python3.10/site-packages:${PYTHONPATH} /usr/bin/python3 -W ignore:setup.py install is deprecated -W ignore:easy_install command is deprecated setup.py egg_info --egg-base ../../build/lab01_task01 build --build-base /home/felix/robo/robo_ai_turku_2025/ros2_ws/build/lab01_task01/build install --record /home/felix/robo/robo_ai_turku_2025/ros2_ws/build/lab01_task01/install.log --single-version-externally-managed install_data
