[0.148s] DEBUG:colcon:Command line arguments: ['/usr/bin/colcon', 'build']
[0.149s] DEBUG:colcon:Parsed command line arguments: Namespace(log_base=None, log_level=None, verb_name='build', build_base='build', install_base='install', merge_install=False, symlink_install=False, test_result_base=None, continue_on_error=False, executor='parallel', parallel_workers=8, event_handlers=None, ignore_user_meta=False, metas=['./colcon.meta'], base_paths=['.'], packages_ignore=None, packages_ignore_regex=None, paths=None, packages_up_to=None, packages_up_to_regex=None, packages_above=None, packages_above_and_dependencies=None, packages_above_depth=None, packages_select_by_dep=None, packages_skip_by_dep=None, packages_skip_up_to=None, packages_select_build_failed=False, packages_skip_build_finished=False, packages_select_test_failures=False, packages_skip_test_passed=False, packages_select=None, packages_skip=None, packages_select_regex=None, packages_skip_regex=None, packages_start=None, packages_end=None, allow_overriding=[], cmake_args=None, cmake_target=None, cmake_target_skip_unavailable=False, cmake_clean_cache=False, cmake_clean_first=False, cmake_force_configure=False, ament_cmake_args=None, catkin_cmake_args=None, catkin_skip_building_tests=False, verb_parser=<colcon_defaults.argument_parser.defaults.DefaultArgumentsDecorator object at 0x7eb4ca95ea70>, verb_extension=<colcon_core.verb.build.BuildVerb object at 0x7eb4ca95e4a0>, main=<bound method BuildVerb.main of <colcon_core.verb.build.BuildVerb object at 0x7eb4ca95e4a0>>)
[0.353s] Level 1:colcon.colcon_core.package_discovery:discover_packages(colcon_meta) check parameters
[0.353s] Level 1:colcon.colcon_core.package_discovery:discover_packages(recursive) check parameters
[0.353s] Level 1:colcon.colcon_core.package_discovery:discover_packages(ignore) check parameters
[0.353s] Level 1:colcon.colcon_core.package_discovery:discover_packages(path) check parameters
[0.353s] Level 1:colcon.colcon_core.package_discovery:discover_packages(colcon_meta) discover
[0.353s] Level 1:colcon.colcon_core.package_discovery:discover_packages(recursive) discover
[0.353s] INFO:colcon.colcon_core.package_discovery:Crawling recursively for packages in '/home/bot/Algo2025/lab5/robo_ai_turku_2025/ros2_lab5_ws'
[0.353s] Level 1:colcon.colcon_core.package_identification:_identify(.) by extensions ['ignore', 'ignore_ament_install']
[0.354s] Level 1:colcon.colcon_core.package_identification:_identify(.) by extension 'ignore'
[0.354s] Level 1:colcon.colcon_core.package_identification:_identify(.) by extension 'ignore_ament_install'
[0.354s] Level 1:colcon.colcon_core.package_identification:_identify(.) by extensions ['colcon_pkg']
[0.354s] Level 1:colcon.colcon_core.package_identification:_identify(.) by extension 'colcon_pkg'
[0.354s] Level 1:colcon.colcon_core.package_identification:_identify(.) by extensions ['colcon_meta']
[0.354s] Level 1:colcon.colcon_core.package_identification:_identify(.) by extension 'colcon_meta'
[0.354s] Level 1:colcon.colcon_core.package_identification:_identify(.) by extensions ['ros']
[0.354s] Level 1:colcon.colcon_core.package_identification:_identify(.) by extension 'ros'
[0.367s] Level 1:colcon.colcon_core.package_identification:_identify(.) by extensions ['cmake', 'python']
[0.367s] Level 1:colcon.colcon_core.package_identification:_identify(.) by extension 'cmake'
[0.367s] Level 1:colcon.colcon_core.package_identification:_identify(.) by extension 'python'
[0.367s] Level 1:colcon.colcon_core.package_identification:_identify(.) by extensions ['python_setup_py']
[0.367s] Level 1:colcon.colcon_core.package_identification:_identify(.) by extension 'python_setup_py'
[0.368s] Level 1:colcon.colcon_core.package_identification:_identify(build) by extensions ['ignore', 'ignore_ament_install']
[0.368s] Level 1:colcon.colcon_core.package_identification:_identify(build) by extension 'ignore'
[0.368s] Level 1:colcon.colcon_core.package_identification:_identify(build) ignored
[0.368s] Level 1:colcon.colcon_core.package_identification:_identify(install) by extensions ['ignore', 'ignore_ament_install']
[0.368s] Level 1:colcon.colcon_core.package_identification:_identify(install) by extension 'ignore'
[0.368s] Level 1:colcon.colcon_core.package_identification:_identify(install) ignored
[0.368s] Level 1:colcon.colcon_core.package_identification:_identify(log) by extensions ['ignore', 'ignore_ament_install']
[0.368s] Level 1:colcon.colcon_core.package_identification:_identify(log) by extension 'ignore'
[0.368s] Level 1:colcon.colcon_core.package_identification:_identify(log) ignored
[0.368s] Level 1:colcon.colcon_core.package_identification:_identify(src) by extensions ['ignore', 'ignore_ament_install']
[0.368s] Level 1:colcon.colcon_core.package_identification:_identify(src) by extension 'ignore'
[0.369s] Level 1:colcon.colcon_core.package_identification:_identify(src) by extension 'ignore_ament_install'
[0.369s] Level 1:colcon.colcon_core.package_identification:_identify(src) by extensions ['colcon_pkg']
[0.369s] Level 1:colcon.colcon_core.package_identification:_identify(src) by extension 'colcon_pkg'
[0.369s] Level 1:colcon.colcon_core.package_identification:_identify(src) by extensions ['colcon_meta']
[0.369s] Level 1:colcon.colcon_core.package_identification:_identify(src) by extension 'colcon_meta'
[0.369s] Level 1:colcon.colcon_core.package_identification:_identify(src) by extensions ['ros']
[0.369s] Level 1:colcon.colcon_core.package_identification:_identify(src) by extension 'ros'
[0.369s] Level 1:colcon.colcon_core.package_identification:_identify(src) by extensions ['cmake', 'python']
[0.369s] Level 1:colcon.colcon_core.package_identification:_identify(src) by extension 'cmake'
[0.369s] Level 1:colcon.colcon_core.package_identification:_identify(src) by extension 'python'
[0.369s] Level 1:colcon.colcon_core.package_identification:_identify(src) by extensions ['python_setup_py']
[0.369s] Level 1:colcon.colcon_core.package_identification:_identify(src) by extension 'python_setup_py'
[0.369s] Level 1:colcon.colcon_core.package_identification:_identify(src/lab5_task1) by extensions ['ignore', 'ignore_ament_install']
[0.369s] Level 1:colcon.colcon_core.package_identification:_identify(src/lab5_task1) by extension 'ignore'
[0.369s] Level 1:colcon.colcon_core.package_identification:_identify(src/lab5_task1) by extension 'ignore_ament_install'
[0.369s] Level 1:colcon.colcon_core.package_identification:_identify(src/lab5_task1) by extensions ['colcon_pkg']
[0.369s] Level 1:colcon.colcon_core.package_identification:_identify(src/lab5_task1) by extension 'colcon_pkg'
[0.370s] Level 1:colcon.colcon_core.package_identification:_identify(src/lab5_task1) by extensions ['colcon_meta']
[0.370s] Level 1:colcon.colcon_core.package_identification:_identify(src/lab5_task1) by extension 'colcon_meta'
[0.370s] Level 1:colcon.colcon_core.package_identification:_identify(src/lab5_task1) by extensions ['ros']
[0.370s] Level 1:colcon.colcon_core.package_identification:_identify(src/lab5_task1) by extension 'ros'
[0.372s] DEBUG:colcon.colcon_core.package_identification:Package 'src/lab5_task1' with type 'ros.ament_python' and name 'lab5_task1'
[0.373s] Level 1:colcon.colcon_core.package_identification:_identify(src/lab5_task3) by extensions ['ignore', 'ignore_ament_install']
[0.373s] Level 1:colcon.colcon_core.package_identification:_identify(src/lab5_task3) by extension 'ignore'
[0.373s] Level 1:colcon.colcon_core.package_identification:_identify(src/lab5_task3) by extension 'ignore_ament_install'
[0.373s] Level 1:colcon.colcon_core.package_identification:_identify(src/lab5_task3) by extensions ['colcon_pkg']
[0.373s] Level 1:colcon.colcon_core.package_identification:_identify(src/lab5_task3) by extension 'colcon_pkg'
[0.373s] Level 1:colcon.colcon_core.package_identification:_identify(src/lab5_task3) by extensions ['colcon_meta']
[0.373s] Level 1:colcon.colcon_core.package_identification:_identify(src/lab5_task3) by extension 'colcon_meta'
[0.373s] Level 1:colcon.colcon_core.package_identification:_identify(src/lab5_task3) by extensions ['ros']
[0.373s] Level 1:colcon.colcon_core.package_identification:_identify(src/lab5_task3) by extension 'ros'
[0.375s] DEBUG:colcon.colcon_core.package_identification:Package 'src/lab5_task3' with type 'ros.ament_python' and name 'lab5_task3'
[0.375s] Level 1:colcon.colcon_core.package_identification:_identify(src/lab5_task4) by extensions ['ignore', 'ignore_ament_install']
[0.375s] Level 1:colcon.colcon_core.package_identification:_identify(src/lab5_task4) by extension 'ignore'
[0.375s] Level 1:colcon.colcon_core.package_identification:_identify(src/lab5_task4) by extension 'ignore_ament_install'
[0.376s] Level 1:colcon.colcon_core.package_identification:_identify(src/lab5_task4) by extensions ['colcon_pkg']
[0.376s] Level 1:colcon.colcon_core.package_identification:_identify(src/lab5_task4) by extension 'colcon_pkg'
[0.376s] Level 1:colcon.colcon_core.package_identification:_identify(src/lab5_task4) by extensions ['colcon_meta']
[0.376s] Level 1:colcon.colcon_core.package_identification:_identify(src/lab5_task4) by extension 'colcon_meta'
[0.376s] Level 1:colcon.colcon_core.package_identification:_identify(src/lab5_task4) by extensions ['ros']
[0.376s] Level 1:colcon.colcon_core.package_identification:_identify(src/lab5_task4) by extension 'ros'
[0.376s] DEBUG:colcon.colcon_core.package_identification:Package 'src/lab5_task4' with type 'ros.ament_python' and name 'lab5_task4'
[0.376s] Level 1:colcon.colcon_core.package_discovery:discover_packages(recursive) using defaults
[0.376s] Level 1:colcon.colcon_core.package_discovery:discover_packages(ignore) discover
[0.376s] Level 1:colcon.colcon_core.package_discovery:discover_packages(ignore) using defaults
[0.376s] Level 1:colcon.colcon_core.package_discovery:discover_packages(path) discover
[0.376s] Level 1:colcon.colcon_core.package_discovery:discover_packages(path) using defaults
[0.423s] Level 1:colcon.colcon_core.package_discovery:discover_packages(prefix_path) check parameters
[0.423s] Level 1:colcon.colcon_core.package_discovery:discover_packages(prefix_path) discover
[0.426s] DEBUG:colcon.colcon_installed_package_information.package_discovery:Found 8 installed packages in /home/bot/Algo2025/lab5/robo_ai_turku_2025/install
[0.429s] DEBUG:colcon.colcon_installed_package_information.package_discovery:Found 454 installed packages in /opt/ros/humble
[0.431s] Level 1:colcon.colcon_core.package_discovery:discover_packages(prefix_path) using defaults
[0.497s] Level 5:colcon.colcon_core.verb:set package 'lab5_task1' build argument 'cmake_args' from command line to 'None'
[0.497s] Level 5:colcon.colcon_core.verb:set package 'lab5_task1' build argument 'cmake_target' from command line to 'None'
[0.497s] Level 5:colcon.colcon_core.verb:set package 'lab5_task1' build argument 'cmake_target_skip_unavailable' from command line to 'False'
[0.497s] Level 5:colcon.colcon_core.verb:set package 'lab5_task1' build argument 'cmake_clean_cache' from command line to 'False'
[0.497s] Level 5:colcon.colcon_core.verb:set package 'lab5_task1' build argument 'cmake_clean_first' from command line to 'False'
[0.497s] Level 5:colcon.colcon_core.verb:set package 'lab5_task1' build argument 'cmake_force_configure' from command line to 'False'
[0.497s] Level 5:colcon.colcon_core.verb:set package 'lab5_task1' build argument 'ament_cmake_args' from command line to 'None'
[0.497s] Level 5:colcon.colcon_core.verb:set package 'lab5_task1' build argument 'catkin_cmake_args' from command line to 'None'
[0.497s] Level 5:colcon.colcon_core.verb:set package 'lab5_task1' build argument 'catkin_skip_building_tests' from command line to 'False'
[0.497s] DEBUG:colcon.colcon_core.verb:Building package 'lab5_task1' with the following arguments: {'ament_cmake_args': None, 'build_base': '/home/bot/Algo2025/lab5/robo_ai_turku_2025/ros2_lab5_ws/build/lab5_task1', 'catkin_cmake_args': None, 'catkin_skip_building_tests': False, 'cmake_args': None, 'cmake_clean_cache': False, 'cmake_clean_first': False, 'cmake_force_configure': False, 'cmake_target': None, 'cmake_target_skip_unavailable': False, 'install_base': '/home/bot/Algo2025/lab5/robo_ai_turku_2025/ros2_lab5_ws/install/lab5_task1', 'merge_install': False, 'path': '/home/bot/Algo2025/lab5/robo_ai_turku_2025/ros2_lab5_ws/src/lab5_task1', 'symlink_install': False, 'test_result_base': None}
[0.498s] Level 5:colcon.colcon_core.verb:set package 'lab5_task3' build argument 'cmake_args' from command line to 'None'
[0.498s] Level 5:colcon.colcon_core.verb:set package 'lab5_task3' build argument 'cmake_target' from command line to 'None'
[0.498s] Level 5:colcon.colcon_core.verb:set package 'lab5_task3' build argument 'cmake_target_skip_unavailable' from command line to 'False'
[0.498s] Level 5:colcon.colcon_core.verb:set package 'lab5_task3' build argument 'cmake_clean_cache' from command line to 'False'
[0.498s] Level 5:colcon.colcon_core.verb:set package 'lab5_task3' build argument 'cmake_clean_first' from command line to 'False'
[0.498s] Level 5:colcon.colcon_core.verb:set package 'lab5_task3' build argument 'cmake_force_configure' from command line to 'False'
[0.498s] Level 5:colcon.colcon_core.verb:set package 'lab5_task3' build argument 'ament_cmake_args' from command line to 'None'
[0.498s] Level 5:colcon.colcon_core.verb:set package 'lab5_task3' build argument 'catkin_cmake_args' from command line to 'None'
[0.498s] Level 5:colcon.colcon_core.verb:set package 'lab5_task3' build argument 'catkin_skip_building_tests' from command line to 'False'
[0.498s] DEBUG:colcon.colcon_core.verb:Building package 'lab5_task3' with the following arguments: {'ament_cmake_args': None, 'build_base': '/home/bot/Algo2025/lab5/robo_ai_turku_2025/ros2_lab5_ws/build/lab5_task3', 'catkin_cmake_args': None, 'catkin_skip_building_tests': False, 'cmake_args': None, 'cmake_clean_cache': False, 'cmake_clean_first': False, 'cmake_force_configure': False, 'cmake_target': None, 'cmake_target_skip_unavailable': False, 'install_base': '/home/bot/Algo2025/lab5/robo_ai_turku_2025/ros2_lab5_ws/install/lab5_task3', 'merge_install': False, 'path': '/home/bot/Algo2025/lab5/robo_ai_turku_2025/ros2_lab5_ws/src/lab5_task3', 'symlink_install': False, 'test_result_base': None}
[0.498s] Level 5:colcon.colcon_core.verb:set package 'lab5_task4' build argument 'cmake_args' from command line to 'None'
[0.499s] Level 5:colcon.colcon_core.verb:set package 'lab5_task4' build argument 'cmake_target' from command line to 'None'
[0.499s] Level 5:colcon.colcon_core.verb:set package 'lab5_task4' build argument 'cmake_target_skip_unavailable' from command line to 'False'
[0.499s] Level 5:colcon.colcon_core.verb:set package 'lab5_task4' build argument 'cmake_clean_cache' from command line to 'False'
[0.499s] Level 5:colcon.colcon_core.verb:set package 'lab5_task4' build argument 'cmake_clean_first' from command line to 'False'
[0.499s] Level 5:colcon.colcon_core.verb:set package 'lab5_task4' build argument 'cmake_force_configure' from command line to 'False'
[0.499s] Level 5:colcon.colcon_core.verb:set package 'lab5_task4' build argument 'ament_cmake_args' from command line to 'None'
[0.499s] Level 5:colcon.colcon_core.verb:set package 'lab5_task4' build argument 'catkin_cmake_args' from command line to 'None'
[0.499s] Level 5:colcon.colcon_core.verb:set package 'lab5_task4' build argument 'catkin_skip_building_tests' from command line to 'False'
[0.499s] DEBUG:colcon.colcon_core.verb:Building package 'lab5_task4' with the following arguments: {'ament_cmake_args': None, 'build_base': '/home/bot/Algo2025/lab5/robo_ai_turku_2025/ros2_lab5_ws/build/lab5_task4', 'catkin_cmake_args': None, 'catkin_skip_building_tests': False, 'cmake_args': None, 'cmake_clean_cache': False, 'cmake_clean_first': False, 'cmake_force_configure': False, 'cmake_target': None, 'cmake_target_skip_unavailable': False, 'install_base': '/home/bot/Algo2025/lab5/robo_ai_turku_2025/ros2_lab5_ws/install/lab5_task4', 'merge_install': False, 'path': '/home/bot/Algo2025/lab5/robo_ai_turku_2025/ros2_lab5_ws/src/lab5_task4', 'symlink_install': False, 'test_result_base': None}
[0.499s] INFO:colcon.colcon_core.executor:Executing jobs using 'parallel' executor
[0.500s] DEBUG:colcon.colcon_parallel_executor.executor.parallel:run_until_complete
[0.501s] INFO:colcon.colcon_ros.task.ament_python.build:Building ROS package in '/home/bot/Algo2025/lab5/robo_ai_turku_2025/ros2_lab5_ws/src/lab5_task1' with build type 'ament_python'
[0.501s] Level 1:colcon.colcon_core.shell:create_environment_hook('lab5_task1', 'ament_prefix_path')
[0.505s] INFO:colcon.colcon_core.plugin_system:Skipping extension 'colcon_core.shell.bat': Not used on non-Windows systems
[0.505s] INFO:colcon.colcon_core.shell:Creating environment hook '/home/bot/Algo2025/lab5/robo_ai_turku_2025/ros2_lab5_ws/install/lab5_task1/share/lab5_task1/hook/ament_prefix_path.ps1'
[0.506s] INFO:colcon.colcon_core.shell:Creating environment descriptor '/home/bot/Algo2025/lab5/robo_ai_turku_2025/ros2_lab5_ws/install/lab5_task1/share/lab5_task1/hook/ament_prefix_path.dsv'
[0.507s] INFO:colcon.colcon_core.shell:Creating environment hook '/home/bot/Algo2025/lab5/robo_ai_turku_2025/ros2_lab5_ws/install/lab5_task1/share/lab5_task1/hook/ament_prefix_path.sh'
[0.509s] INFO:colcon.colcon_core.shell:Skip shell extension 'powershell' for command environment: Not usable outside of PowerShell
[0.509s] DEBUG:colcon.colcon_core.shell:Skip shell extension 'dsv' for command environment
[0.517s] INFO:colcon.colcon_ros.task.ament_python.build:Building ROS package in '/home/bot/Algo2025/lab5/robo_ai_turku_2025/ros2_lab5_ws/src/lab5_task3' with build type 'ament_python'
[0.517s] Level 1:colcon.colcon_core.shell:create_environment_hook('lab5_task3', 'ament_prefix_path')
[0.518s] INFO:colcon.colcon_core.shell:Creating environment hook '/home/bot/Algo2025/lab5/robo_ai_turku_2025/ros2_lab5_ws/install/lab5_task3/share/lab5_task3/hook/ament_prefix_path.ps1'
[0.520s] INFO:colcon.colcon_core.shell:Creating environment descriptor '/home/bot/Algo2025/lab5/robo_ai_turku_2025/ros2_lab5_ws/install/lab5_task3/share/lab5_task3/hook/ament_prefix_path.dsv'
[0.521s] INFO:colcon.colcon_core.shell:Creating environment hook '/home/bot/Algo2025/lab5/robo_ai_turku_2025/ros2_lab5_ws/install/lab5_task3/share/lab5_task3/hook/ament_prefix_path.sh'
[0.522s] INFO:colcon.colcon_core.shell:Skip shell extension 'powershell' for command environment: Not usable outside of PowerShell
[0.522s] DEBUG:colcon.colcon_core.shell:Skip shell extension 'dsv' for command environment
[0.528s] INFO:colcon.colcon_ros.task.ament_python.build:Building ROS package in '/home/bot/Algo2025/lab5/robo_ai_turku_2025/ros2_lab5_ws/src/lab5_task4' with build type 'ament_python'
[0.529s] Level 1:colcon.colcon_core.shell:create_environment_hook('lab5_task4', 'ament_prefix_path')
[0.529s] INFO:colcon.colcon_core.shell:Creating environment hook '/home/bot/Algo2025/lab5/robo_ai_turku_2025/ros2_lab5_ws/install/lab5_task4/share/lab5_task4/hook/ament_prefix_path.ps1'
[0.530s] INFO:colcon.colcon_core.shell:Creating environment descriptor '/home/bot/Algo2025/lab5/robo_ai_turku_2025/ros2_lab5_ws/install/lab5_task4/share/lab5_task4/hook/ament_prefix_path.dsv'
[0.531s] INFO:colcon.colcon_core.shell:Creating environment hook '/home/bot/Algo2025/lab5/robo_ai_turku_2025/ros2_lab5_ws/install/lab5_task4/share/lab5_task4/hook/ament_prefix_path.sh'
[0.532s] INFO:colcon.colcon_core.shell:Skip shell extension 'powershell' for command environment: Not usable outside of PowerShell
[0.532s] DEBUG:colcon.colcon_core.shell:Skip shell extension 'dsv' for command environment
[0.933s] INFO:colcon.colcon_core.task.python.build:Building Python package in '/home/bot/Algo2025/lab5/robo_ai_turku_2025/ros2_lab5_ws/src/lab5_task1'
[0.934s] INFO:colcon.colcon_core.shell:Skip shell extension 'powershell' for command environment: Not usable outside of PowerShell
[0.934s] DEBUG:colcon.colcon_core.shell:Skip shell extension 'dsv' for command environment
[1.300s] INFO:colcon.colcon_core.task.python.build:Building Python package in '/home/bot/Algo2025/lab5/robo_ai_turku_2025/ros2_lab5_ws/src/lab5_task3'
[1.300s] INFO:colcon.colcon_core.shell:Skip shell extension 'powershell' for command environment: Not usable outside of PowerShell
[1.300s] DEBUG:colcon.colcon_core.shell:Skip shell extension 'dsv' for command environment
[1.684s] INFO:colcon.colcon_core.task.python.build:Building Python package in '/home/bot/Algo2025/lab5/robo_ai_turku_2025/ros2_lab5_ws/src/lab5_task4'
[1.684s] INFO:colcon.colcon_core.shell:Skip shell extension 'powershell' for command environment: Not usable outside of PowerShell
[1.684s] DEBUG:colcon.colcon_core.shell:Skip shell extension 'dsv' for command environment
[2.482s] DEBUG:colcon.colcon_core.event_handler.log_command:Invoking command in '/home/bot/Algo2025/lab5/robo_ai_turku_2025/ros2_lab5_ws/src/lab5_task4': PYTHONPATH=/home/bot/Algo2025/lab5/robo_ai_turku_2025/ros2_lab5_ws/build/lab5_task4/prefix_override:/usr/lib/python3/dist-packages/colcon_core/task/python/colcon_distutils_commands:/home/bot/Algo2025/lab5/robo_ai_turku_2025/ros2_lab5_ws/install/lab5_task4/lib/python3.10/site-packages:${PYTHONPATH} /usr/bin/python3 -W ignore:setup.py install is deprecated -W ignore:easy_install command is deprecated setup.py egg_info --egg-base ../../build/lab5_task4 build --build-base /home/bot/Algo2025/lab5/robo_ai_turku_2025/ros2_lab5_ws/build/lab5_task4/build install --record /home/bot/Algo2025/lab5/robo_ai_turku_2025/ros2_lab5_ws/build/lab5_task4/install.log --single-version-externally-managed install_data
[2.491s] DEBUG:colcon.colcon_core.event_handler.log_command:Invoking command in '/home/bot/Algo2025/lab5/robo_ai_turku_2025/ros2_lab5_ws/src/lab5_task1': PYTHONPATH=/home/bot/Algo2025/lab5/robo_ai_turku_2025/ros2_lab5_ws/build/lab5_task1/prefix_override:/usr/lib/python3/dist-packages/colcon_core/task/python/colcon_distutils_commands:/home/bot/Algo2025/lab5/robo_ai_turku_2025/ros2_lab5_ws/install/lab5_task1/lib/python3.10/site-packages:${PYTHONPATH} /usr/bin/python3 -W ignore:setup.py install is deprecated -W ignore:easy_install command is deprecated setup.py egg_info --egg-base ../../build/lab5_task1 build --build-base /home/bot/Algo2025/lab5/robo_ai_turku_2025/ros2_lab5_ws/build/lab5_task1/build install --record /home/bot/Algo2025/lab5/robo_ai_turku_2025/ros2_lab5_ws/build/lab5_task1/install.log --single-version-externally-managed install_data
[2.495s] DEBUG:colcon.colcon_core.event_handler.log_command:Invoking command in '/home/bot/Algo2025/lab5/robo_ai_turku_2025/ros2_lab5_ws/src/lab5_task3': PYTHONPATH=/home/bot/Algo2025/lab5/robo_ai_turku_2025/ros2_lab5_ws/build/lab5_task3/prefix_override:/usr/lib/python3/dist-packages/colcon_core/task/python/colcon_distutils_commands:/home/bot/Algo2025/lab5/robo_ai_turku_2025/ros2_lab5_ws/install/lab5_task3/lib/python3.10/site-packages:${PYTHONPATH} /usr/bin/python3 -W ignore:setup.py install is deprecated -W ignore:easy_install command is deprecated setup.py egg_info --egg-base ../../build/lab5_task3 build --build-base /home/bot/Algo2025/lab5/robo_ai_turku_2025/ros2_lab5_ws/build/lab5_task3/build install --record /home/bot/Algo2025/lab5/robo_ai_turku_2025/ros2_lab5_ws/build/lab5_task3/install.log --single-version-externally-managed install_data
[3.082s] DEBUG:colcon.colcon_core.event_handler.log_command:Invoked command in '/home/bot/Algo2025/lab5/robo_ai_turku_2025/ros2_lab5_ws/src/lab5_task3' returned '0': PYTHONPATH=/home/bot/Algo2025/lab5/robo_ai_turku_2025/ros2_lab5_ws/build/lab5_task3/prefix_override:/usr/lib/python3/dist-packages/colcon_core/task/python/colcon_distutils_commands:/home/bot/Algo2025/lab5/robo_ai_turku_2025/ros2_lab5_ws/install/lab5_task3/lib/python3.10/site-packages:${PYTHONPATH} /usr/bin/python3 -W ignore:setup.py install is deprecated -W ignore:easy_install command is deprecated setup.py egg_info --egg-base ../../build/lab5_task3 build --build-base /home/bot/Algo2025/lab5/robo_ai_turku_2025/ros2_lab5_ws/build/lab5_task3/build install --record /home/bot/Algo2025/lab5/robo_ai_turku_2025/ros2_lab5_ws/build/lab5_task3/install.log --single-version-externally-managed install_data
[3.087s] Level 1:colcon.colcon_core.environment:checking '/home/bot/Algo2025/lab5/robo_ai_turku_2025/ros2_lab5_ws/install/lab5_task3' for CMake module files
[3.087s] Level 1:colcon.colcon_core.environment:checking '/home/bot/Algo2025/lab5/robo_ai_turku_2025/ros2_lab5_ws/install/lab5_task3' for CMake config files
[3.088s] Level 1:colcon.colcon_core.environment:checking '/home/bot/Algo2025/lab5/robo_ai_turku_2025/ros2_lab5_ws/install/lab5_task3/lib'
[3.088s] Level 1:colcon.colcon_core.environment:checking '/home/bot/Algo2025/lab5/robo_ai_turku_2025/ros2_lab5_ws/install/lab5_task3/bin'
[3.088s] Level 1:colcon.colcon_core.environment:checking '/home/bot/Algo2025/lab5/robo_ai_turku_2025/ros2_lab5_ws/install/lab5_task3/lib/pkgconfig/lab5_task3.pc'
[3.089s] Level 1:colcon.colcon_core.environment:checking '/home/bot/Algo2025/lab5/robo_ai_turku_2025/ros2_lab5_ws/install/lab5_task3/lib/python3.10/site-packages'
[3.089s] Level 1:colcon.colcon_core.shell:create_environment_hook('lab5_task3', 'pythonpath')
[3.089s] INFO:colcon.colcon_core.shell:Creating environment hook '/home/bot/Algo2025/lab5/robo_ai_turku_2025/ros2_lab5_ws/install/lab5_task3/share/lab5_task3/hook/pythonpath.ps1'
[3.090s] INFO:colcon.colcon_core.shell:Creating environment descriptor '/home/bot/Algo2025/lab5/robo_ai_turku_2025/ros2_lab5_ws/install/lab5_task3/share/lab5_task3/hook/pythonpath.dsv'
[3.090s] INFO:colcon.colcon_core.shell:Creating environment hook '/home/bot/Algo2025/lab5/robo_ai_turku_2025/ros2_lab5_ws/install/lab5_task3/share/lab5_task3/hook/pythonpath.sh'
[3.091s] Level 1:colcon.colcon_core.environment:checking '/home/bot/Algo2025/lab5/robo_ai_turku_2025/ros2_lab5_ws/install/lab5_task3/bin'
[3.091s] Level 1:colcon.colcon_core.environment:create_environment_scripts_only(lab5_task3)
[3.091s] INFO:colcon.colcon_core.shell:Creating package script '/home/bot/Algo2025/lab5/robo_ai_turku_2025/ros2_lab5_ws/install/lab5_task3/share/lab5_task3/package.ps1'
[3.094s] INFO:colcon.colcon_core.shell:Creating package descriptor '/home/bot/Algo2025/lab5/robo_ai_turku_2025/ros2_lab5_ws/install/lab5_task3/share/lab5_task3/package.dsv'
[3.096s] INFO:colcon.colcon_core.shell:Creating package script '/home/bot/Algo2025/lab5/robo_ai_turku_2025/ros2_lab5_ws/install/lab5_task3/share/lab5_task3/package.sh'
[3.097s] INFO:colcon.colcon_core.shell:Creating package script '/home/bot/Algo2025/lab5/robo_ai_turku_2025/ros2_lab5_ws/install/lab5_task3/share/lab5_task3/package.bash'
[3.098s] INFO:colcon.colcon_core.shell:Creating package script '/home/bot/Algo2025/lab5/robo_ai_turku_2025/ros2_lab5_ws/install/lab5_task3/share/lab5_task3/package.zsh'
[3.099s] Level 1:colcon.colcon_core.environment:create_file_with_runtime_dependencies(/home/bot/Algo2025/lab5/robo_ai_turku_2025/ros2_lab5_ws/install/lab5_task3/share/colcon-core/packages/lab5_task3)
[3.100s] Level 1:colcon.colcon_core.environment:checking '/home/bot/Algo2025/lab5/robo_ai_turku_2025/ros2_lab5_ws/install/lab5_task4' for CMake module files
[3.101s] DEBUG:colcon.colcon_core.event_handler.log_command:Invoked command in '/home/bot/Algo2025/lab5/robo_ai_turku_2025/ros2_lab5_ws/src/lab5_task4' returned '0': PYTHONPATH=/home/bot/Algo2025/lab5/robo_ai_turku_2025/ros2_lab5_ws/build/lab5_task4/prefix_override:/usr/lib/python3/dist-packages/colcon_core/task/python/colcon_distutils_commands:/home/bot/Algo2025/lab5/robo_ai_turku_2025/ros2_lab5_ws/install/lab5_task4/lib/python3.10/site-packages:${PYTHONPATH} /usr/bin/python3 -W ignore:setup.py install is deprecated -W ignore:easy_install command is deprecated setup.py egg_info --egg-base ../../build/lab5_task4 build --build-base /home/bot/Algo2025/lab5/robo_ai_turku_2025/ros2_lab5_ws/build/lab5_task4/build install --record /home/bot/Algo2025/lab5/robo_ai_turku_2025/ros2_lab5_ws/build/lab5_task4/install.log --single-version-externally-managed install_data
[3.101s] Level 1:colcon.colcon_core.environment:checking '/home/bot/Algo2025/lab5/robo_ai_turku_2025/ros2_lab5_ws/install/lab5_task4' for CMake config files
[3.102s] Level 1:colcon.colcon_core.environment:checking '/home/bot/Algo2025/lab5/robo_ai_turku_2025/ros2_lab5_ws/install/lab5_task4/lib'
[3.102s] Level 1:colcon.colcon_core.environment:checking '/home/bot/Algo2025/lab5/robo_ai_turku_2025/ros2_lab5_ws/install/lab5_task4/bin'
[3.102s] Level 1:colcon.colcon_core.environment:checking '/home/bot/Algo2025/lab5/robo_ai_turku_2025/ros2_lab5_ws/install/lab5_task4/lib/pkgconfig/lab5_task4.pc'
[3.102s] Level 1:colcon.colcon_core.environment:checking '/home/bot/Algo2025/lab5/robo_ai_turku_2025/ros2_lab5_ws/install/lab5_task4/lib/python3.10/site-packages'
[3.102s] Level 1:colcon.colcon_core.shell:create_environment_hook('lab5_task4', 'pythonpath')
[3.104s] INFO:colcon.colcon_core.shell:Creating environment hook '/home/bot/Algo2025/lab5/robo_ai_turku_2025/ros2_lab5_ws/install/lab5_task4/share/lab5_task4/hook/pythonpath.ps1'
[3.105s] INFO:colcon.colcon_core.shell:Creating environment descriptor '/home/bot/Algo2025/lab5/robo_ai_turku_2025/ros2_lab5_ws/install/lab5_task4/share/lab5_task4/hook/pythonpath.dsv'
[3.105s] INFO:colcon.colcon_core.shell:Creating environment hook '/home/bot/Algo2025/lab5/robo_ai_turku_2025/ros2_lab5_ws/install/lab5_task4/share/lab5_task4/hook/pythonpath.sh'
[3.106s] Level 1:colcon.colcon_core.environment:checking '/home/bot/Algo2025/lab5/robo_ai_turku_2025/ros2_lab5_ws/install/lab5_task4/bin'
[3.106s] Level 1:colcon.colcon_core.environment:create_environment_scripts_only(lab5_task4)
[3.107s] INFO:colcon.colcon_core.shell:Creating package script '/home/bot/Algo2025/lab5/robo_ai_turku_2025/ros2_lab5_ws/install/lab5_task4/share/lab5_task4/package.ps1'
[3.108s] INFO:colcon.colcon_core.shell:Creating package descriptor '/home/bot/Algo2025/lab5/robo_ai_turku_2025/ros2_lab5_ws/install/lab5_task4/share/lab5_task4/package.dsv'
[3.109s] INFO:colcon.colcon_core.shell:Creating package script '/home/bot/Algo2025/lab5/robo_ai_turku_2025/ros2_lab5_ws/install/lab5_task4/share/lab5_task4/package.sh'
[3.110s] INFO:colcon.colcon_core.shell:Creating package script '/home/bot/Algo2025/lab5/robo_ai_turku_2025/ros2_lab5_ws/install/lab5_task4/share/lab5_task4/package.bash'
[3.110s] INFO:colcon.colcon_core.shell:Creating package script '/home/bot/Algo2025/lab5/robo_ai_turku_2025/ros2_lab5_ws/install/lab5_task4/share/lab5_task4/package.zsh'
[3.110s] Level 1:colcon.colcon_core.environment:create_file_with_runtime_dependencies(/home/bot/Algo2025/lab5/robo_ai_turku_2025/ros2_lab5_ws/install/lab5_task4/share/colcon-core/packages/lab5_task4)
[3.112s] Level 1:colcon.colcon_core.environment:checking '/home/bot/Algo2025/lab5/robo_ai_turku_2025/ros2_lab5_ws/install/lab5_task1' for CMake module files
[3.113s] DEBUG:colcon.colcon_core.event_handler.log_command:Invoked command in '/home/bot/Algo2025/lab5/robo_ai_turku_2025/ros2_lab5_ws/src/lab5_task1' returned '0': PYTHONPATH=/home/bot/Algo2025/lab5/robo_ai_turku_2025/ros2_lab5_ws/build/lab5_task1/prefix_override:/usr/lib/python3/dist-packages/colcon_core/task/python/colcon_distutils_commands:/home/bot/Algo2025/lab5/robo_ai_turku_2025/ros2_lab5_ws/install/lab5_task1/lib/python3.10/site-packages:${PYTHONPATH} /usr/bin/python3 -W ignore:setup.py install is deprecated -W ignore:easy_install command is deprecated setup.py egg_info --egg-base ../../build/lab5_task1 build --build-base /home/bot/Algo2025/lab5/robo_ai_turku_2025/ros2_lab5_ws/build/lab5_task1/build install --record /home/bot/Algo2025/lab5/robo_ai_turku_2025/ros2_lab5_ws/build/lab5_task1/install.log --single-version-externally-managed install_data
[3.113s] Level 1:colcon.colcon_core.environment:checking '/home/bot/Algo2025/lab5/robo_ai_turku_2025/ros2_lab5_ws/install/lab5_task1' for CMake config files
[3.114s] Level 1:colcon.colcon_core.environment:checking '/home/bot/Algo2025/lab5/robo_ai_turku_2025/ros2_lab5_ws/install/lab5_task1/lib'
[3.114s] Level 1:colcon.colcon_core.environment:checking '/home/bot/Algo2025/lab5/robo_ai_turku_2025/ros2_lab5_ws/install/lab5_task1/bin'
[3.114s] Level 1:colcon.colcon_core.environment:checking '/home/bot/Algo2025/lab5/robo_ai_turku_2025/ros2_lab5_ws/install/lab5_task1/lib/pkgconfig/lab5_task1.pc'
[3.114s] Level 1:colcon.colcon_core.environment:checking '/home/bot/Algo2025/lab5/robo_ai_turku_2025/ros2_lab5_ws/install/lab5_task1/lib/python3.10/site-packages'
[3.114s] Level 1:colcon.colcon_core.shell:create_environment_hook('lab5_task1', 'pythonpath')
[3.115s] INFO:colcon.colcon_core.shell:Creating environment hook '/home/bot/Algo2025/lab5/robo_ai_turku_2025/ros2_lab5_ws/install/lab5_task1/share/lab5_task1/hook/pythonpath.ps1'
[3.116s] INFO:colcon.colcon_core.shell:Creating environment descriptor '/home/bot/Algo2025/lab5/robo_ai_turku_2025/ros2_lab5_ws/install/lab5_task1/share/lab5_task1/hook/pythonpath.dsv'
[3.116s] INFO:colcon.colcon_core.shell:Creating environment hook '/home/bot/Algo2025/lab5/robo_ai_turku_2025/ros2_lab5_ws/install/lab5_task1/share/lab5_task1/hook/pythonpath.sh'
[3.117s] Level 1:colcon.colcon_core.environment:checking '/home/bot/Algo2025/lab5/robo_ai_turku_2025/ros2_lab5_ws/install/lab5_task1/bin'
[3.117s] Level 1:colcon.colcon_core.environment:create_environment_scripts_only(lab5_task1)
[3.118s] INFO:colcon.colcon_core.shell:Creating package script '/home/bot/Algo2025/lab5/robo_ai_turku_2025/ros2_lab5_ws/install/lab5_task1/share/lab5_task1/package.ps1'
[3.119s] INFO:colcon.colcon_core.shell:Creating package descriptor '/home/bot/Algo2025/lab5/robo_ai_turku_2025/ros2_lab5_ws/install/lab5_task1/share/lab5_task1/package.dsv'
[3.120s] INFO:colcon.colcon_core.shell:Creating package script '/home/bot/Algo2025/lab5/robo_ai_turku_2025/ros2_lab5_ws/install/lab5_task1/share/lab5_task1/package.sh'
[3.120s] INFO:colcon.colcon_core.shell:Creating package script '/home/bot/Algo2025/lab5/robo_ai_turku_2025/ros2_lab5_ws/install/lab5_task1/share/lab5_task1/package.bash'
[3.121s] INFO:colcon.colcon_core.shell:Creating package script '/home/bot/Algo2025/lab5/robo_ai_turku_2025/ros2_lab5_ws/install/lab5_task1/share/lab5_task1/package.zsh'
[3.122s] Level 1:colcon.colcon_core.environment:create_file_with_runtime_dependencies(/home/bot/Algo2025/lab5/robo_ai_turku_2025/ros2_lab5_ws/install/lab5_task1/share/colcon-core/packages/lab5_task1)
[3.123s] DEBUG:colcon.colcon_parallel_executor.executor.parallel:closing loop
[3.124s] DEBUG:colcon.colcon_parallel_executor.executor.parallel:loop closed
[3.125s] DEBUG:colcon.colcon_parallel_executor.executor.parallel:run_until_complete finished with '0'
[3.125s] DEBUG:colcon.colcon_core.event_reactor:joining thread
[3.132s] INFO:colcon.colcon_core.plugin_system:Skipping extension 'colcon_notification.desktop_notification.terminal_notifier': Not used on non-Darwin systems
[3.133s] INFO:colcon.colcon_core.plugin_system:Skipping extension 'colcon_notification.desktop_notification.win32': Not used on non-Windows systems
[3.133s] INFO:colcon.colcon_notification.desktop_notification:Sending desktop notification using 'notify2'
[3.159s] DEBUG:colcon.colcon_core.event_reactor:joined thread
[3.160s] INFO:colcon.colcon_core.shell:Creating prefix script '/home/bot/Algo2025/lab5/robo_ai_turku_2025/ros2_lab5_ws/install/local_setup.ps1'
[3.162s] INFO:colcon.colcon_core.shell:Creating prefix util module '/home/bot/Algo2025/lab5/robo_ai_turku_2025/ros2_lab5_ws/install/_local_setup_util_ps1.py'
[3.166s] INFO:colcon.colcon_core.shell:Creating prefix chain script '/home/bot/Algo2025/lab5/robo_ai_turku_2025/ros2_lab5_ws/install/setup.ps1'
[3.170s] INFO:colcon.colcon_core.shell:Creating prefix script '/home/bot/Algo2025/lab5/robo_ai_turku_2025/ros2_lab5_ws/install/local_setup.sh'
[3.172s] INFO:colcon.colcon_core.shell:Creating prefix util module '/home/bot/Algo2025/lab5/robo_ai_turku_2025/ros2_lab5_ws/install/_local_setup_util_sh.py'
[3.173s] INFO:colcon.colcon_core.shell:Creating prefix chain script '/home/bot/Algo2025/lab5/robo_ai_turku_2025/ros2_lab5_ws/install/setup.sh'
[3.175s] INFO:colcon.colcon_core.shell:Creating prefix script '/home/bot/Algo2025/lab5/robo_ai_turku_2025/ros2_lab5_ws/install/local_setup.bash'
[3.177s] INFO:colcon.colcon_core.shell:Creating prefix chain script '/home/bot/Algo2025/lab5/robo_ai_turku_2025/ros2_lab5_ws/install/setup.bash'
[3.181s] INFO:colcon.colcon_core.shell:Creating prefix script '/home/bot/Algo2025/lab5/robo_ai_turku_2025/ros2_lab5_ws/install/local_setup.zsh'
[3.183s] INFO:colcon.colcon_core.shell:Creating prefix chain script '/home/bot/Algo2025/lab5/robo_ai_turku_2025/ros2_lab5_ws/install/setup.zsh'
