running egg_info
creating ../../../build/group_13_navigation_stack/group_13_navigation_stack.egg-info
writing ../../../build/group_13_navigation_stack/group_13_navigation_stack.egg-info/PKG-INFO
writing dependency_links to ../../../build/group_13_navigation_stack/group_13_navigation_stack.egg-info/dependency_links.txt
writing entry points to ../../../build/group_13_navigation_stack/group_13_navigation_stack.egg-info/entry_points.txt
writing requirements to ../../../build/group_13_navigation_stack/group_13_navigation_stack.egg-info/requires.txt
writing top-level names to ../../../build/group_13_navigation_stack/group_13_navigation_stack.egg-info/top_level.txt
writing manifest file '../../../build/group_13_navigation_stack/group_13_navigation_stack.egg-info/SOURCES.txt'
reading manifest file '../../../build/group_13_navigation_stack/group_13_navigation_stack.egg-info/SOURCES.txt'
adding license file 'LICENSE'
writing manifest file '../../../build/group_13_navigation_stack/group_13_navigation_stack.egg-info/SOURCES.txt'
running build
running build_py
creating /home/bot/Algo2025/robo_ai_turku_2025/build/group_13_navigation_stack/build
creating /home/bot/Algo2025/robo_ai_turku_2025/build/group_13_navigation_stack/build/lib
creating /home/bot/Algo2025/robo_ai_turku_2025/build/group_13_navigation_stack/build/lib/group_13_navigation_stack
copying group_13_navigation_stack/Lab6_Task5_pathplaning.py -> /home/bot/Algo2025/robo_ai_turku_2025/build/group_13_navigation_stack/build/lib/group_13_navigation_stack
copying group_13_navigation_stack/Lab6_Task4.py -> /home/bot/Algo2025/robo_ai_turku_2025/build/group_13_navigation_stack/build/lib/group_13_navigation_stack
copying group_13_navigation_stack/Lab6_Task2_graph.py -> /home/bot/Algo2025/robo_ai_turku_2025/build/group_13_navigation_stack/build/lib/group_13_navigation_stack
copying group_13_navigation_stack/__init__.py -> /home/bot/Algo2025/robo_ai_turku_2025/build/group_13_navigation_stack/build/lib/group_13_navigation_stack
copying group_13_navigation_stack/Lab6_Task1_pathfollower.py -> /home/bot/Algo2025/robo_ai_turku_2025/build/group_13_navigation_stack/build/lib/group_13_navigation_stack
copying group_13_navigation_stack/Lap6_Task4_visualization.py -> /home/bot/Algo2025/robo_ai_turku_2025/build/group_13_navigation_stack/build/lib/group_13_navigation_stack
copying group_13_navigation_stack/Lab6_Task1_mapper.py -> /home/bot/Algo2025/robo_ai_turku_2025/build/group_13_navigation_stack/build/lib/group_13_navigation_stack
copying group_13_navigation_stack/Lab6_Task3.py -> /home/bot/Algo2025/robo_ai_turku_2025/build/group_13_navigation_stack/build/lib/group_13_navigation_stack
copying group_13_navigation_stack/Lab6_Task5_manager.py -> /home/bot/Algo2025/robo_ai_turku_2025/build/group_13_navigation_stack/build/lib/group_13_navigation_stack
copying group_13_navigation_stack/Lab6_Task1_visualization.py -> /home/bot/Algo2025/robo_ai_turku_2025/build/group_13_navigation_stack/build/lib/group_13_navigation_stack
copying group_13_navigation_stack/Lab6_Task2.py -> /home/bot/Algo2025/robo_ai_turku_2025/build/group_13_navigation_stack/build/lib/group_13_navigation_stack
copying group_13_navigation_stack/Lab6_Task5_pathfollwer.py -> /home/bot/Algo2025/robo_ai_turku_2025/build/group_13_navigation_stack/build/lib/group_13_navigation_stack
copying group_13_navigation_stack/pathfollower.py -> /home/bot/Algo2025/robo_ai_turku_2025/build/group_13_navigation_stack/build/lib/group_13_navigation_stack
running install
running install_lib
creating /home/bot/Algo2025/robo_ai_turku_2025/install/group_13_navigation_stack/lib/python3.10/site-packages/group_13_navigation_stack
copying /home/bot/Algo2025/robo_ai_turku_2025/build/group_13_navigation_stack/build/lib/group_13_navigation_stack/Lab6_Task5_pathplaning.py -> /home/bot/Algo2025/robo_ai_turku_2025/install/group_13_navigation_stack/lib/python3.10/site-packages/group_13_navigation_stack
copying /home/bot/Algo2025/robo_ai_turku_2025/build/group_13_navigation_stack/build/lib/group_13_navigation_stack/Lab6_Task4.py -> /home/bot/Algo2025/robo_ai_turku_2025/install/group_13_navigation_stack/lib/python3.10/site-packages/group_13_navigation_stack
copying /home/bot/Algo2025/robo_ai_turku_2025/build/group_13_navigation_stack/build/lib/group_13_navigation_stack/Lab6_Task2_graph.py -> /home/bot/Algo2025/robo_ai_turku_2025/install/group_13_navigation_stack/lib/python3.10/site-packages/group_13_navigation_stack
copying /home/bot/Algo2025/robo_ai_turku_2025/build/group_13_navigation_stack/build/lib/group_13_navigation_stack/__init__.py -> /home/bot/Algo2025/robo_ai_turku_2025/install/group_13_navigation_stack/lib/python3.10/site-packages/group_13_navigation_stack
copying /home/bot/Algo2025/robo_ai_turku_2025/build/group_13_navigation_stack/build/lib/group_13_navigation_stack/Lab6_Task1_pathfollower.py -> /home/bot/Algo2025/robo_ai_turku_2025/install/group_13_navigation_stack/lib/python3.10/site-packages/group_13_navigation_stack
copying /home/bot/Algo2025/robo_ai_turku_2025/build/group_13_navigation_stack/build/lib/group_13_navigation_stack/Lap6_Task4_visualization.py -> /home/bot/Algo2025/robo_ai_turku_2025/install/group_13_navigation_stack/lib/python3.10/site-packages/group_13_navigation_stack
copying /home/bot/Algo2025/robo_ai_turku_2025/build/group_13_navigation_stack/build/lib/group_13_navigation_stack/Lab6_Task1_mapper.py -> /home/bot/Algo2025/robo_ai_turku_2025/install/group_13_navigation_stack/lib/python3.10/site-packages/group_13_navigation_stack
copying /home/bot/Algo2025/robo_ai_turku_2025/build/group_13_navigation_stack/build/lib/group_13_navigation_stack/Lab6_Task3.py -> /home/bot/Algo2025/robo_ai_turku_2025/install/group_13_navigation_stack/lib/python3.10/site-packages/group_13_navigation_stack
copying /home/bot/Algo2025/robo_ai_turku_2025/build/group_13_navigation_stack/build/lib/group_13_navigation_stack/Lab6_Task5_manager.py -> /home/bot/Algo2025/robo_ai_turku_2025/install/group_13_navigation_stack/lib/python3.10/site-packages/group_13_navigation_stack
copying /home/bot/Algo2025/robo_ai_turku_2025/build/group_13_navigation_stack/build/lib/group_13_navigation_stack/Lab6_Task1_visualization.py -> /home/bot/Algo2025/robo_ai_turku_2025/install/group_13_navigation_stack/lib/python3.10/site-packages/group_13_navigation_stack
copying /home/bot/Algo2025/robo_ai_turku_2025/build/group_13_navigation_stack/build/lib/group_13_navigation_stack/Lab6_Task2.py -> /home/bot/Algo2025/robo_ai_turku_2025/install/group_13_navigation_stack/lib/python3.10/site-packages/group_13_navigation_stack
copying /home/bot/Algo2025/robo_ai_turku_2025/build/group_13_navigation_stack/build/lib/group_13_navigation_stack/Lab6_Task5_pathfollwer.py -> /home/bot/Algo2025/robo_ai_turku_2025/install/group_13_navigation_stack/lib/python3.10/site-packages/group_13_navigation_stack
copying /home/bot/Algo2025/robo_ai_turku_2025/build/group_13_navigation_stack/build/lib/group_13_navigation_stack/pathfollower.py -> /home/bot/Algo2025/robo_ai_turku_2025/install/group_13_navigation_stack/lib/python3.10/site-packages/group_13_navigation_stack
byte-compiling /home/bot/Algo2025/robo_ai_turku_2025/install/group_13_navigation_stack/lib/python3.10/site-packages/group_13_navigation_stack/Lab6_Task5_pathplaning.py to Lab6_Task5_pathplaning.cpython-310.pyc
byte-compiling /home/bot/Algo2025/robo_ai_turku_2025/install/group_13_navigation_stack/lib/python3.10/site-packages/group_13_navigation_stack/Lab6_Task4.py to Lab6_Task4.cpython-310.pyc
byte-compiling /home/bot/Algo2025/robo_ai_turku_2025/install/group_13_navigation_stack/lib/python3.10/site-packages/group_13_navigation_stack/Lab6_Task2_graph.py to Lab6_Task2_graph.cpython-310.pyc
byte-compiling /home/bot/Algo2025/robo_ai_turku_2025/install/group_13_navigation_stack/lib/python3.10/site-packages/group_13_navigation_stack/__init__.py to __init__.cpython-310.pyc
byte-compiling /home/bot/Algo2025/robo_ai_turku_2025/install/group_13_navigation_stack/lib/python3.10/site-packages/group_13_navigation_stack/Lab6_Task1_pathfollower.py to Lab6_Task1_pathfollower.cpython-310.pyc
byte-compiling /home/bot/Algo2025/robo_ai_turku_2025/install/group_13_navigation_stack/lib/python3.10/site-packages/group_13_navigation_stack/Lap6_Task4_visualization.py to Lap6_Task4_visualization.cpython-310.pyc
byte-compiling /home/bot/Algo2025/robo_ai_turku_2025/install/group_13_navigation_stack/lib/python3.10/site-packages/group_13_navigation_stack/Lab6_Task1_mapper.py to Lab6_Task1_mapper.cpython-310.pyc
byte-compiling /home/bot/Algo2025/robo_ai_turku_2025/install/group_13_navigation_stack/lib/python3.10/site-packages/group_13_navigation_stack/Lab6_Task3.py to Lab6_Task3.cpython-310.pyc
byte-compiling /home/bot/Algo2025/robo_ai_turku_2025/install/group_13_navigation_stack/lib/python3.10/site-packages/group_13_navigation_stack/Lab6_Task5_manager.py to Lab6_Task5_manager.cpython-310.pyc
byte-compiling /home/bot/Algo2025/robo_ai_turku_2025/install/group_13_navigation_stack/lib/python3.10/site-packages/group_13_navigation_stack/Lab6_Task1_visualization.py to Lab6_Task1_visualization.cpython-310.pyc
byte-compiling /home/bot/Algo2025/robo_ai_turku_2025/install/group_13_navigation_stack/lib/python3.10/site-packages/group_13_navigation_stack/Lab6_Task2.py to Lab6_Task2.cpython-310.pyc
byte-compiling /home/bot/Algo2025/robo_ai_turku_2025/install/group_13_navigation_stack/lib/python3.10/site-packages/group_13_navigation_stack/Lab6_Task5_pathfollwer.py to Lab6_Task5_pathfollwer.cpython-310.pyc
byte-compiling /home/bot/Algo2025/robo_ai_turku_2025/install/group_13_navigation_stack/lib/python3.10/site-packages/group_13_navigation_stack/pathfollower.py to pathfollower.cpython-310.pyc
running install_data
creating /home/bot/Algo2025/robo_ai_turku_2025/install/group_13_navigation_stack/share/ament_index
creating /home/bot/Algo2025/robo_ai_turku_2025/install/group_13_navigation_stack/share/ament_index/resource_index
creating /home/bot/Algo2025/robo_ai_turku_2025/install/group_13_navigation_stack/share/ament_index/resource_index/packages
copying resource/group_13_navigation_stack -> /home/bot/Algo2025/robo_ai_turku_2025/install/group_13_navigation_stack/share/ament_index/resource_index/packages
copying package.xml -> /home/bot/Algo2025/robo_ai_turku_2025/install/group_13_navigation_stack/share/group_13_navigation_stack
creating /home/bot/Algo2025/robo_ai_turku_2025/install/group_13_navigation_stack/share/group_13_navigation_stack/launch
copying launch/task3.launch.py -> /home/bot/Algo2025/robo_ai_turku_2025/install/group_13_navigation_stack/share/group_13_navigation_stack/launch
copying launch/task5.launch.py -> /home/bot/Algo2025/robo_ai_turku_2025/install/group_13_navigation_stack/share/group_13_navigation_stack/launch
copying launch/task1.launch.py -> /home/bot/Algo2025/robo_ai_turku_2025/install/group_13_navigation_stack/share/group_13_navigation_stack/launch
copying launch/task2.launch.py -> /home/bot/Algo2025/robo_ai_turku_2025/install/group_13_navigation_stack/share/group_13_navigation_stack/launch
copying launch/task4.launch.py -> /home/bot/Algo2025/robo_ai_turku_2025/install/group_13_navigation_stack/share/group_13_navigation_stack/launch
creating /home/bot/Algo2025/robo_ai_turku_2025/install/group_13_navigation_stack/share/group_13_navigation_stack/worlds
copying worlds/backup.world -> /home/bot/Algo2025/robo_ai_turku_2025/install/group_13_navigation_stack/share/group_13_navigation_stack/worlds
copying worlds/custom_world.world -> /home/bot/Algo2025/robo_ai_turku_2025/install/group_13_navigation_stack/share/group_13_navigation_stack/worlds
copying worlds/lab6_world.world -> /home/bot/Algo2025/robo_ai_turku_2025/install/group_13_navigation_stack/share/group_13_navigation_stack/worlds
running install_egg_info
Copying ../../../build/group_13_navigation_stack/group_13_navigation_stack.egg-info to /home/bot/Algo2025/robo_ai_turku_2025/install/group_13_navigation_stack/lib/python3.10/site-packages/group_13_navigation_stack-0.0.0-py3.10.egg-info
running install_scripts
Installing four_visualize script to /home/bot/Algo2025/robo_ai_turku_2025/install/group_13_navigation_stack/lib/group_13_navigation_stack
Installing greedy_explore script to /home/bot/Algo2025/robo_ai_turku_2025/install/group_13_navigation_stack/lib/group_13_navigation_stack
Installing manager script to /home/bot/Algo2025/robo_ai_turku_2025/install/group_13_navigation_stack/lib/group_13_navigation_stack
Installing mapper script to /home/bot/Algo2025/robo_ai_turku_2025/install/group_13_navigation_stack/lib/group_13_navigation_stack
Installing one_pathfollower script to /home/bot/Algo2025/robo_ai_turku_2025/install/group_13_navigation_stack/lib/group_13_navigation_stack
Installing one_visualize script to /home/bot/Algo2025/robo_ai_turku_2025/install/group_13_navigation_stack/lib/group_13_navigation_stack
Installing pathfinder script to /home/bot/Algo2025/robo_ai_turku_2025/install/group_13_navigation_stack/lib/group_13_navigation_stack
Installing pathfinderA script to /home/bot/Algo2025/robo_ai_turku_2025/install/group_13_navigation_stack/lib/group_13_navigation_stack
Installing pathfollower script to /home/bot/Algo2025/robo_ai_turku_2025/install/group_13_navigation_stack/lib/group_13_navigation_stack
Installing six_pathfollwer script to /home/bot/Algo2025/robo_ai_turku_2025/install/group_13_navigation_stack/lib/group_13_navigation_stack
Installing six_pathplaning script to /home/bot/Algo2025/robo_ai_turku_2025/install/group_13_navigation_stack/lib/group_13_navigation_stack
writing list of installed files to '/home/bot/Algo2025/robo_ai_turku_2025/build/group_13_navigation_stack/install.log'
