[0.072s] Invoking command in '/home/felix/robo/robo_ai_turku_2025/ros2_ws/build/custom_interface': CMAKE_PREFIX_PATH=${CMAKE_PREFIX_PATH}:/home/felix/robo/robo_ai_turku_2025/ros2_ws/install/lab01_task02:/home/felix/robo/robo_ai_turku_2025/ros2_ws/install/lab01_task01:/home/felix/robo/robo_ai_turku_2025/ros2_ws/install/lab1_bringup:/home/felix/robo/robo_ai_turku_2025/ros2_ws/install/task1:/opt/ros/humble /usr/bin/cmake --build /home/felix/robo/robo_ai_turku_2025/ros2_ws/build/custom_interface -- -j22 -l22
[0.941s] -- Found ament_cmake: 1.3.12 (/opt/ros/humble/share/ament_cmake/cmake)
[0.942s] -- Found rclcpp: 16.0.14 (/opt/ros/humble/share/rclcpp/cmake)
[0.942s] -- Found rosidl_generator_c: 3.1.7 (/opt/ros/humble/share/rosidl_generator_c/cmake)
[0.942s] -- Found rosidl_adapter: 3.1.7 (/opt/ros/humble/share/rosidl_adapter/cmake)
[0.942s] -- Found rosidl_generator_cpp: 3.1.7 (/opt/ros/humble/share/rosidl_generator_cpp/cmake)
[0.942s] -- Using all available rosidl_typesupport_c: rosidl_typesupport_fastrtps_c;rosidl_typesupport_introspection_c
[0.942s] -- Using all available rosidl_typesupport_cpp: rosidl_typesupport_fastrtps_cpp;rosidl_typesupport_introspection_cpp
[0.942s] -- Found rmw_implementation_cmake: 6.1.2 (/opt/ros/humble/share/rmw_implementation_cmake/cmake)
[0.942s] -- Found rmw_fastrtps_cpp: 6.2.8 (/opt/ros/humble/share/rmw_fastrtps_cpp/cmake)
[4.809s] -- Using RMW implementation 'rmw_fastrtps_cpp' as default
[4.914s] -- Found rosidl_default_generators: 1.2.0 (/opt/ros/humble/share/rosidl_default_generators/cmake)
[5.271s] -- Found ament_cmake_ros: 0.10.0 (/opt/ros/humble/share/ament_cmake_ros/cmake)
[5.720s] -- Using all available rosidl_typesupport_c: rosidl_typesupport_fastrtps_c;rosidl_typesupport_introspection_c
[5.895s] -- Using all available rosidl_typesupport_cpp: rosidl_typesupport_fastrtps_cpp;rosidl_typesupport_introspection_cpp
[5.929s] -- Found python_cmake_module: 0.10.0 (/opt/ros/humble/share/python_cmake_module/cmake)
[5.963s] -- Using PYTHON_EXECUTABLE: /usr/bin/python3
[5.963s] -- Using PYTHON_INCLUDE_DIRS: /usr/include/python3.10
[5.963s] -- Using PYTHON_LIBRARIES: /usr/lib/x86_64-linux-gnu/libpython3.10.so
[5.996s] -- Found ament_lint_auto: 0.12.14 (/opt/ros/humble/share/ament_lint_auto/cmake)
[6.115s] -- Added test 'cppcheck' to perform static code analysis on C / C++ code
[6.115s] -- Configured cppcheck include dirs: 
[6.115s] -- Configured cppcheck exclude dirs and/or files: 
[6.119s] -- Added test 'flake8' to check Python code syntax and style conventions
[6.126s] -- Added test 'lint_cmake' to check CMake code style
[6.132s] -- Added test 'pep257' to check Python code against some of the docstring style conventions in PEP 257
[6.158s] -- Added test 'uncrustify' to check C / C++ code style
[6.158s] -- Configured uncrustify additional arguments: 
[6.162s] -- Added test 'xmllint' to check XML markup files
[6.170s] -- Configuring done
[6.248s] -- Generating done
[6.270s] -- Build files have been written to: /home/felix/robo/robo_ai_turku_2025/ros2_ws/build/custom_interface
[6.307s] [  3%] [34m[1mGenerating C code for ROS interfaces[0m
[6.320s] [  6%] [34m[1mGenerating C++ code for ROS interfaces[0m
[6.344s] [  6%] Built target ament_cmake_python_copy_custom_interface
[6.592s] [  6%] Built target custom_interface__cpp
[6.603s] [  9%] [34m[1mGenerating C++ type support dispatch for ROS interfaces[0m
[6.604s] [ 12%] [34m[1mGenerating C++ type support for eProsima Fast-RTPS[0m
[6.605s] [35m[1mConsolidate compiler generated dependencies of target custom_interface__rosidl_generator_c[0m
[6.605s] [ 16%] [34m[1mGenerating C++ introspection for ROS interfaces[0m
[6.616s] running egg_info
[6.619s] [ 19%] [32mBuilding C object CMakeFiles/custom_interface__rosidl_generator_c.dir/rosidl_generator_c/custom_interface/msg/detail/task_msg__functions.c.o[0m
[6.619s] writing custom_interface.egg-info/PKG-INFO
[6.620s] writing dependency_links to custom_interface.egg-info/dependency_links.txt
[6.621s] writing top-level names to custom_interface.egg-info/top_level.txt
[6.625s] reading manifest file 'custom_interface.egg-info/SOURCES.txt'
[6.627s] writing manifest file 'custom_interface.egg-info/SOURCES.txt'
[6.661s] [ 19%] Built target ament_cmake_python_build_custom_interface_egg
[6.791s] [ 22%] [32m[1mLinking C shared library libcustom_interface__rosidl_generator_c.so[0m
[6.868s] [35m[1mConsolidate compiler generated dependencies of target custom_interface__rosidl_typesupport_cpp[0m
[6.886s] [ 25%] [32mBuilding CXX object CMakeFiles/custom_interface__rosidl_typesupport_cpp.dir/rosidl_typesupport_cpp/custom_interface/msg/task_msg__type_support.cpp.o[0m
[6.904s] [35m[1mConsolidate compiler generated dependencies of target custom_interface__rosidl_typesupport_introspection_cpp[0m
[6.919s] [35m[1mConsolidate compiler generated dependencies of target custom_interface__rosidl_typesupport_fastrtps_cpp[0m
[6.922s] [ 29%] [32mBuilding CXX object CMakeFiles/custom_interface__rosidl_typesupport_introspection_cpp.dir/rosidl_typesupport_introspection_cpp/custom_interface/msg/detail/task_msg__type_support.cpp.o[0m
[6.937s] [ 32%] [32mBuilding CXX object CMakeFiles/custom_interface__rosidl_typesupport_fastrtps_cpp.dir/rosidl_typesupport_fastrtps_cpp/custom_interface/msg/detail/dds_fastrtps/task_msg__type_support.cpp.o[0m
[6.952s] [ 32%] Built target custom_interface__rosidl_generator_c
[6.967s] [ 35%] [34m[1mGenerating C type support for eProsima Fast-RTPS[0m
[6.968s] [ 38%] [34m[1mGenerating C type support dispatch for ROS interfaces[0m
[6.970s] [ 41%] [34m[1mGenerating C introspection for ROS interfaces[0m
[7.250s] [35m[1mConsolidate compiler generated dependencies of target custom_interface__rosidl_typesupport_c[0m
[7.269s] [ 45%] [32mBuilding CXX object CMakeFiles/custom_interface__rosidl_typesupport_c.dir/rosidl_typesupport_c/custom_interface/msg/task_msg__type_support.cpp.o[0m
[7.289s] [35m[1mConsolidate compiler generated dependencies of target custom_interface__rosidl_typesupport_introspection_c[0m
[7.294s] [35m[1mConsolidate compiler generated dependencies of target custom_interface__rosidl_typesupport_fastrtps_c[0m
[7.302s] [ 48%] [32mBuilding C object CMakeFiles/custom_interface__rosidl_typesupport_introspection_c.dir/rosidl_typesupport_introspection_c/custom_interface/msg/detail/task_msg__type_support.c.o[0m
[7.312s] [ 51%] [32mBuilding CXX object CMakeFiles/custom_interface__rosidl_typesupport_fastrtps_c.dir/rosidl_typesupport_fastrtps_c/custom_interface/msg/detail/task_msg__type_support_c.cpp.o[0m
[7.324s] [ 54%] [32m[1mLinking CXX shared library libcustom_interface__rosidl_typesupport_c.so[0m
[7.351s] [ 58%] [32m[1mLinking C shared library libcustom_interface__rosidl_typesupport_introspection_c.so[0m
[7.374s] [ 61%] [32m[1mLinking CXX shared library libcustom_interface__rosidl_typesupport_cpp.so[0m
[7.431s] [ 61%] Built target custom_interface__rosidl_typesupport_c
[7.435s] [ 61%] Built target custom_interface__rosidl_typesupport_introspection_c
[7.482s] [ 61%] Built target custom_interface__rosidl_typesupport_cpp
[7.520s] [ 67%] [32m[1mLinking CXX shared library libcustom_interface__rosidl_typesupport_introspection_cpp.so[0m
[7.520s] [ 67%] [32m[1mLinking CXX shared library libcustom_interface__rosidl_typesupport_fastrtps_cpp.so[0m
[7.631s] [ 67%] Built target custom_interface__rosidl_typesupport_introspection_cpp
[7.643s] [ 67%] Built target custom_interface__rosidl_typesupport_fastrtps_cpp
[7.689s] [ 70%] [32m[1mLinking CXX shared library libcustom_interface__rosidl_typesupport_fastrtps_c.so[0m
[7.805s] [ 70%] Built target custom_interface__rosidl_typesupport_fastrtps_c
[7.827s] [ 70%] Built target custom_interface
[7.850s] [ 74%] [34m[1mGenerating Python code for ROS interfaces[0m
[8.193s] [ 74%] Built target custom_interface__py
[8.207s] [35m[1mConsolidate compiler generated dependencies of target custom_interface__rosidl_generator_py[0m
[8.220s] [ 77%] [32mBuilding C object CMakeFiles/custom_interface__rosidl_generator_py.dir/rosidl_generator_py/custom_interface/msg/_task_msg_s.c.o[0m
[8.389s] [ 80%] [32m[1mLinking C shared library rosidl_generator_py/custom_interface/libcustom_interface__rosidl_generator_py.so[0m
[8.527s] [ 80%] Built target custom_interface__rosidl_generator_py
[8.539s] [35m[1mConsolidate compiler generated dependencies of target custom_interface__rosidl_typesupport_fastrtps_c__pyext[0m
[8.540s] [35m[1mConsolidate compiler generated dependencies of target custom_interface__rosidl_typesupport_c__pyext[0m
[8.544s] [35m[1mConsolidate compiler generated dependencies of target custom_interface__rosidl_typesupport_introspection_c__pyext[0m
[8.554s] [ 83%] [32mBuilding C object CMakeFiles/custom_interface__rosidl_typesupport_fastrtps_c__pyext.dir/rosidl_generator_py/custom_interface/_custom_interface_s.ep.rosidl_typesupport_fastrtps_c.c.o[0m
[8.558s] [ 87%] [32mBuilding C object CMakeFiles/custom_interface__rosidl_typesupport_c__pyext.dir/rosidl_generator_py/custom_interface/_custom_interface_s.ep.rosidl_typesupport_c.c.o[0m
[8.560s] [ 90%] [32mBuilding C object CMakeFiles/custom_interface__rosidl_typesupport_introspection_c__pyext.dir/rosidl_generator_py/custom_interface/_custom_interface_s.ep.rosidl_typesupport_introspection_c.c.o[0m
[8.658s] [ 93%] [32m[1mLinking C shared library rosidl_generator_py/custom_interface/custom_interface_s__rosidl_typesupport_fastrtps_c.cpython-310-x86_64-linux-gnu.so[0m
[8.659s] [ 96%] [32m[1mLinking C shared library rosidl_generator_py/custom_interface/custom_interface_s__rosidl_typesupport_c.cpython-310-x86_64-linux-gnu.so[0m
[8.671s] [100%] [32m[1mLinking C shared library rosidl_generator_py/custom_interface/custom_interface_s__rosidl_typesupport_introspection_c.cpython-310-x86_64-linux-gnu.so[0m
[8.729s] [100%] Built target custom_interface__rosidl_typesupport_fastrtps_c__pyext
[8.729s] [100%] Built target custom_interface__rosidl_typesupport_c__pyext
[8.757s] [100%] Built target custom_interface__rosidl_typesupport_introspection_c__pyext
[8.772s] Invoked command in '/home/felix/robo/robo_ai_turku_2025/ros2_ws/build/custom_interface' returned '0': CMAKE_PREFIX_PATH=${CMAKE_PREFIX_PATH}:/home/felix/robo/robo_ai_turku_2025/ros2_ws/install/lab01_task02:/home/felix/robo/robo_ai_turku_2025/ros2_ws/install/lab01_task01:/home/felix/robo/robo_ai_turku_2025/ros2_ws/install/lab1_bringup:/home/felix/robo/robo_ai_turku_2025/ros2_ws/install/task1:/opt/ros/humble /usr/bin/cmake --build /home/felix/robo/robo_ai_turku_2025/ros2_ws/build/custom_interface -- -j22 -l22
[8.783s] Invoking command in '/home/felix/robo/robo_ai_turku_2025/ros2_ws/build/custom_interface': CMAKE_PREFIX_PATH=${CMAKE_PREFIX_PATH}:/home/felix/robo/robo_ai_turku_2025/ros2_ws/install/lab01_task02:/home/felix/robo/robo_ai_turku_2025/ros2_ws/install/lab01_task01:/home/felix/robo/robo_ai_turku_2025/ros2_ws/install/lab1_bringup:/home/felix/robo/robo_ai_turku_2025/ros2_ws/install/task1:/opt/ros/humble /usr/bin/cmake --install /home/felix/robo/robo_ai_turku_2025/ros2_ws/build/custom_interface
[8.792s] -- Install configuration: ""
[8.792s] -- Up-to-date: /home/felix/robo/robo_ai_turku_2025/ros2_ws/install/custom_interface/share/ament_index/resource_index/rosidl_interfaces/custom_interface
[8.792s] -- Up-to-date: /home/felix/robo/robo_ai_turku_2025/ros2_ws/install/custom_interface/include/custom_interface/custom_interface
[8.793s] -- Up-to-date: /home/felix/robo/robo_ai_turku_2025/ros2_ws/install/custom_interface/include/custom_interface/custom_interface/msg
[8.793s] -- Installing: /home/felix/robo/robo_ai_turku_2025/ros2_ws/install/custom_interface/include/custom_interface/custom_interface/msg/task_msg.h
[8.794s] -- Up-to-date: /home/felix/robo/robo_ai_turku_2025/ros2_ws/install/custom_interface/include/custom_interface/custom_interface/msg/rosidl_generator_c__visibility_control.h
[8.794s] -- Up-to-date: /home/felix/robo/robo_ai_turku_2025/ros2_ws/install/custom_interface/include/custom_interface/custom_interface/msg/detail
[8.794s] -- Installing: /home/felix/robo/robo_ai_turku_2025/ros2_ws/install/custom_interface/include/custom_interface/custom_interface/msg/detail/task_msg__struct.h
[8.794s] -- Installing: /home/felix/robo/robo_ai_turku_2025/ros2_ws/install/custom_interface/include/custom_interface/custom_interface/msg/detail/task_msg__functions.c
[8.795s] -- Installing: /home/felix/robo/robo_ai_turku_2025/ros2_ws/install/custom_interface/include/custom_interface/custom_interface/msg/detail/task_msg__functions.h
[8.795s] -- Installing: /home/felix/robo/robo_ai_turku_2025/ros2_ws/install/custom_interface/include/custom_interface/custom_interface/msg/detail/task_msg__type_support.h
[8.795s] -- Up-to-date: /home/felix/robo/robo_ai_turku_2025/ros2_ws/install/custom_interface/share/custom_interface/environment/library_path.sh
[8.795s] -- Installing: /home/felix/robo/robo_ai_turku_2025/ros2_ws/install/custom_interface/share/custom_interface/environment/library_path.dsv
[8.796s] -- Installing: /home/felix/robo/robo_ai_turku_2025/ros2_ws/install/custom_interface/lib/libcustom_interface__rosidl_generator_c.so
[8.797s] -- Set runtime path of "/home/felix/robo/robo_ai_turku_2025/ros2_ws/install/custom_interface/lib/libcustom_interface__rosidl_generator_c.so" to ""
[8.798s] -- Up-to-date: /home/felix/robo/robo_ai_turku_2025/ros2_ws/install/custom_interface/include/custom_interface/custom_interface
[8.798s] -- Up-to-date: /home/felix/robo/robo_ai_turku_2025/ros2_ws/install/custom_interface/include/custom_interface/custom_interface/msg
[8.798s] -- Up-to-date: /home/felix/robo/robo_ai_turku_2025/ros2_ws/install/custom_interface/include/custom_interface/custom_interface/msg/detail
[8.798s] -- Installing: /home/felix/robo/robo_ai_turku_2025/ros2_ws/install/custom_interface/include/custom_interface/custom_interface/msg/detail/task_msg__rosidl_typesupport_fastrtps_c.h
[8.798s] -- Up-to-date: /home/felix/robo/robo_ai_turku_2025/ros2_ws/install/custom_interface/include/custom_interface/custom_interface/msg/rosidl_typesupport_fastrtps_c__visibility_control.h
[8.800s] -- Installing: /home/felix/robo/robo_ai_turku_2025/ros2_ws/install/custom_interface/lib/libcustom_interface__rosidl_typesupport_fastrtps_c.so
[8.801s] -- Set runtime path of "/home/felix/robo/robo_ai_turku_2025/ros2_ws/install/custom_interface/lib/libcustom_interface__rosidl_typesupport_fastrtps_c.so" to ""
[8.801s] -- Up-to-date: /home/felix/robo/robo_ai_turku_2025/ros2_ws/install/custom_interface/include/custom_interface/custom_interface
[8.801s] -- Up-to-date: /home/felix/robo/robo_ai_turku_2025/ros2_ws/install/custom_interface/include/custom_interface/custom_interface/msg
[8.801s] -- Up-to-date: /home/felix/robo/robo_ai_turku_2025/ros2_ws/install/custom_interface/include/custom_interface/custom_interface/msg/rosidl_generator_cpp__visibility_control.hpp
[8.801s] -- Installing: /home/felix/robo/robo_ai_turku_2025/ros2_ws/install/custom_interface/include/custom_interface/custom_interface/msg/task_msg.hpp
[8.803s] -- Up-to-date: /home/felix/robo/robo_ai_turku_2025/ros2_ws/install/custom_interface/include/custom_interface/custom_interface/msg/detail
[8.803s] -- Installing: /home/felix/robo/robo_ai_turku_2025/ros2_ws/install/custom_interface/include/custom_interface/custom_interface/msg/detail/task_msg__traits.hpp
[8.803s] -- Installing: /home/felix/robo/robo_ai_turku_2025/ros2_ws/install/custom_interface/include/custom_interface/custom_interface/msg/detail/task_msg__builder.hpp
[8.803s] -- Installing: /home/felix/robo/robo_ai_turku_2025/ros2_ws/install/custom_interface/include/custom_interface/custom_interface/msg/detail/task_msg__struct.hpp
[8.803s] -- Installing: /home/felix/robo/robo_ai_turku_2025/ros2_ws/install/custom_interface/include/custom_interface/custom_interface/msg/detail/task_msg__type_support.hpp
[8.803s] -- Up-to-date: /home/felix/robo/robo_ai_turku_2025/ros2_ws/install/custom_interface/include/custom_interface/custom_interface
[8.804s] -- Up-to-date: /home/felix/robo/robo_ai_turku_2025/ros2_ws/install/custom_interface/include/custom_interface/custom_interface/msg
[8.805s] -- Up-to-date: /home/felix/robo/robo_ai_turku_2025/ros2_ws/install/custom_interface/include/custom_interface/custom_interface/msg/rosidl_typesupport_fastrtps_cpp__visibility_control.h
[8.805s] -- Up-to-date: /home/felix/robo/robo_ai_turku_2025/ros2_ws/install/custom_interface/include/custom_interface/custom_interface/msg/detail
[8.805s] -- Installing: /home/felix/robo/robo_ai_turku_2025/ros2_ws/install/custom_interface/include/custom_interface/custom_interface/msg/detail/task_msg__rosidl_typesupport_fastrtps_cpp.hpp
[8.805s] -- Up-to-date: /home/felix/robo/robo_ai_turku_2025/ros2_ws/install/custom_interface/include/custom_interface/custom_interface/msg/detail/dds_fastrtps
[8.807s] -- Installing: /home/felix/robo/robo_ai_turku_2025/ros2_ws/install/custom_interface/lib/libcustom_interface__rosidl_typesupport_fastrtps_cpp.so
[8.807s] -- Set runtime path of "/home/felix/robo/robo_ai_turku_2025/ros2_ws/install/custom_interface/lib/libcustom_interface__rosidl_typesupport_fastrtps_cpp.so" to ""
[8.808s] -- Up-to-date: /home/felix/robo/robo_ai_turku_2025/ros2_ws/install/custom_interface/include/custom_interface/custom_interface
[8.808s] -- Up-to-date: /home/felix/robo/robo_ai_turku_2025/ros2_ws/install/custom_interface/include/custom_interface/custom_interface/msg
[8.809s] -- Up-to-date: /home/felix/robo/robo_ai_turku_2025/ros2_ws/install/custom_interface/include/custom_interface/custom_interface/msg/rosidl_typesupport_introspection_c__visibility_control.h
[8.809s] -- Up-to-date: /home/felix/robo/robo_ai_turku_2025/ros2_ws/install/custom_interface/include/custom_interface/custom_interface/msg/detail
[8.809s] -- Installing: /home/felix/robo/robo_ai_turku_2025/ros2_ws/install/custom_interface/include/custom_interface/custom_interface/msg/detail/task_msg__rosidl_typesupport_introspection_c.h
[8.809s] -- Installing: /home/felix/robo/robo_ai_turku_2025/ros2_ws/install/custom_interface/include/custom_interface/custom_interface/msg/detail/task_msg__type_support.c
[8.810s] -- Installing: /home/felix/robo/robo_ai_turku_2025/ros2_ws/install/custom_interface/lib/libcustom_interface__rosidl_typesupport_introspection_c.so
[8.810s] -- Set runtime path of "/home/felix/robo/robo_ai_turku_2025/ros2_ws/install/custom_interface/lib/libcustom_interface__rosidl_typesupport_introspection_c.so" to ""
[8.811s] -- Installing: /home/felix/robo/robo_ai_turku_2025/ros2_ws/install/custom_interface/lib/libcustom_interface__rosidl_typesupport_c.so
[8.811s] -- Set runtime path of "/home/felix/robo/robo_ai_turku_2025/ros2_ws/install/custom_interface/lib/libcustom_interface__rosidl_typesupport_c.so" to ""
[8.811s] -- Up-to-date: /home/felix/robo/robo_ai_turku_2025/ros2_ws/install/custom_interface/include/custom_interface/custom_interface
[8.812s] -- Up-to-date: /home/felix/robo/robo_ai_turku_2025/ros2_ws/install/custom_interface/include/custom_interface/custom_interface/msg
[8.812s] -- Up-to-date: /home/felix/robo/robo_ai_turku_2025/ros2_ws/install/custom_interface/include/custom_interface/custom_interface/msg/detail
[8.812s] -- Installing: /home/felix/robo/robo_ai_turku_2025/ros2_ws/install/custom_interface/include/custom_interface/custom_interface/msg/detail/task_msg__rosidl_typesupport_introspection_cpp.hpp
[8.812s] -- Installing: /home/felix/robo/robo_ai_turku_2025/ros2_ws/install/custom_interface/include/custom_interface/custom_interface/msg/detail/task_msg__type_support.cpp
[8.813s] -- Installing: /home/felix/robo/robo_ai_turku_2025/ros2_ws/install/custom_interface/lib/libcustom_interface__rosidl_typesupport_introspection_cpp.so
[8.813s] -- Set runtime path of "/home/felix/robo/robo_ai_turku_2025/ros2_ws/install/custom_interface/lib/libcustom_interface__rosidl_typesupport_introspection_cpp.so" to ""
[8.814s] -- Installing: /home/felix/robo/robo_ai_turku_2025/ros2_ws/install/custom_interface/lib/libcustom_interface__rosidl_typesupport_cpp.so
[8.815s] -- Set runtime path of "/home/felix/robo/robo_ai_turku_2025/ros2_ws/install/custom_interface/lib/libcustom_interface__rosidl_typesupport_cpp.so" to ""
[8.815s] -- Up-to-date: /home/felix/robo/robo_ai_turku_2025/ros2_ws/install/custom_interface/share/custom_interface/environment/pythonpath.sh
[8.815s] -- Installing: /home/felix/robo/robo_ai_turku_2025/ros2_ws/install/custom_interface/share/custom_interface/environment/pythonpath.dsv
[8.815s] -- Up-to-date: /home/felix/robo/robo_ai_turku_2025/ros2_ws/install/custom_interface/local/lib/python3.10/dist-packages/custom_interface-0.0.0-py3.10.egg-info
[8.816s] -- Installing: /home/felix/robo/robo_ai_turku_2025/ros2_ws/install/custom_interface/local/lib/python3.10/dist-packages/custom_interface-0.0.0-py3.10.egg-info/dependency_links.txt
[8.816s] -- Installing: /home/felix/robo/robo_ai_turku_2025/ros2_ws/install/custom_interface/local/lib/python3.10/dist-packages/custom_interface-0.0.0-py3.10.egg-info/PKG-INFO
[8.816s] -- Installing: /home/felix/robo/robo_ai_turku_2025/ros2_ws/install/custom_interface/local/lib/python3.10/dist-packages/custom_interface-0.0.0-py3.10.egg-info/SOURCES.txt
[8.816s] -- Installing: /home/felix/robo/robo_ai_turku_2025/ros2_ws/install/custom_interface/local/lib/python3.10/dist-packages/custom_interface-0.0.0-py3.10.egg-info/top_level.txt
[8.816s] -- Up-to-date: /home/felix/robo/robo_ai_turku_2025/ros2_ws/install/custom_interface/local/lib/python3.10/dist-packages/custom_interface
[8.816s] -- Installing: /home/felix/robo/robo_ai_turku_2025/ros2_ws/install/custom_interface/local/lib/python3.10/dist-packages/custom_interface/_custom_interface_s.ep.rosidl_typesupport_fastrtps_c.c
[8.816s] -- Installing: /home/felix/robo/robo_ai_turku_2025/ros2_ws/install/custom_interface/local/lib/python3.10/dist-packages/custom_interface/__init__.py
[8.816s] -- Up-to-date: /home/felix/robo/robo_ai_turku_2025/ros2_ws/install/custom_interface/local/lib/python3.10/dist-packages/custom_interface/msg
[8.817s] -- Installing: /home/felix/robo/robo_ai_turku_2025/ros2_ws/install/custom_interface/local/lib/python3.10/dist-packages/custom_interface/msg/__init__.py
[8.817s] -- Installing: /home/felix/robo/robo_ai_turku_2025/ros2_ws/install/custom_interface/local/lib/python3.10/dist-packages/custom_interface/msg/_task_msg_s.c
[8.818s] -- Installing: /home/felix/robo/robo_ai_turku_2025/ros2_ws/install/custom_interface/local/lib/python3.10/dist-packages/custom_interface/msg/_task_msg.py
[8.818s] -- Installing: /home/felix/robo/robo_ai_turku_2025/ros2_ws/install/custom_interface/local/lib/python3.10/dist-packages/custom_interface/custom_interface_s__rosidl_typesupport_c.cpython-310-x86_64-linux-gnu.so
[8.818s] -- Installing: /home/felix/robo/robo_ai_turku_2025/ros2_ws/install/custom_interface/local/lib/python3.10/dist-packages/custom_interface/libcustom_interface__rosidl_generator_py.so
[8.819s] -- Installing: /home/felix/robo/robo_ai_turku_2025/ros2_ws/install/custom_interface/local/lib/python3.10/dist-packages/custom_interface/custom_interface_s__rosidl_typesupport_fastrtps_c.cpython-310-x86_64-linux-gnu.so
[8.819s] -- Installing: /home/felix/robo/robo_ai_turku_2025/ros2_ws/install/custom_interface/local/lib/python3.10/dist-packages/custom_interface/custom_interface_s__rosidl_typesupport_introspection_c.cpython-310-x86_64-linux-gnu.so
[8.819s] -- Installing: /home/felix/robo/robo_ai_turku_2025/ros2_ws/install/custom_interface/local/lib/python3.10/dist-packages/custom_interface/_custom_interface_s.ep.rosidl_typesupport_introspection_c.c
[8.819s] -- Installing: /home/felix/robo/robo_ai_turku_2025/ros2_ws/install/custom_interface/local/lib/python3.10/dist-packages/custom_interface/_custom_interface_s.ep.rosidl_typesupport_c.c
[8.863s] Listing '/home/felix/robo/robo_ai_turku_2025/ros2_ws/install/custom_interface/local/lib/python3.10/dist-packages/custom_interface'...
[8.863s] Compiling '/home/felix/robo/robo_ai_turku_2025/ros2_ws/install/custom_interface/local/lib/python3.10/dist-packages/custom_interface/__init__.py'...
[8.863s] Listing '/home/felix/robo/robo_ai_turku_2025/ros2_ws/install/custom_interface/local/lib/python3.10/dist-packages/custom_interface/msg'...
[8.863s] Compiling '/home/felix/robo/robo_ai_turku_2025/ros2_ws/install/custom_interface/local/lib/python3.10/dist-packages/custom_interface/msg/__init__.py'...
[8.863s] Compiling '/home/felix/robo/robo_ai_turku_2025/ros2_ws/install/custom_interface/local/lib/python3.10/dist-packages/custom_interface/msg/_task_msg.py'...
[8.868s] -- Installing: /home/felix/robo/robo_ai_turku_2025/ros2_ws/install/custom_interface/local/lib/python3.10/dist-packages/custom_interface/custom_interface_s__rosidl_typesupport_fastrtps_c.cpython-310-x86_64-linux-gnu.so
[8.869s] -- Set runtime path of "/home/felix/robo/robo_ai_turku_2025/ros2_ws/install/custom_interface/local/lib/python3.10/dist-packages/custom_interface/custom_interface_s__rosidl_typesupport_fastrtps_c.cpython-310-x86_64-linux-gnu.so" to ""
[8.869s] -- Installing: /home/felix/robo/robo_ai_turku_2025/ros2_ws/install/custom_interface/local/lib/python3.10/dist-packages/custom_interface/custom_interface_s__rosidl_typesupport_introspection_c.cpython-310-x86_64-linux-gnu.so
[8.870s] -- Set runtime path of "/home/felix/robo/robo_ai_turku_2025/ros2_ws/install/custom_interface/local/lib/python3.10/dist-packages/custom_interface/custom_interface_s__rosidl_typesupport_introspection_c.cpython-310-x86_64-linux-gnu.so" to ""
[8.870s] -- Installing: /home/felix/robo/robo_ai_turku_2025/ros2_ws/install/custom_interface/local/lib/python3.10/dist-packages/custom_interface/custom_interface_s__rosidl_typesupport_c.cpython-310-x86_64-linux-gnu.so
[8.870s] -- Set runtime path of "/home/felix/robo/robo_ai_turku_2025/ros2_ws/install/custom_interface/local/lib/python3.10/dist-packages/custom_interface/custom_interface_s__rosidl_typesupport_c.cpython-310-x86_64-linux-gnu.so" to ""
[8.872s] -- Installing: /home/felix/robo/robo_ai_turku_2025/ros2_ws/install/custom_interface/lib/libcustom_interface__rosidl_generator_py.so
[8.873s] -- Set runtime path of "/home/felix/robo/robo_ai_turku_2025/ros2_ws/install/custom_interface/lib/libcustom_interface__rosidl_generator_py.so" to ""
[8.873s] -- Installing: /home/felix/robo/robo_ai_turku_2025/ros2_ws/install/custom_interface/share/custom_interface/msg/TaskMsg.idl
[8.873s] -- Installing: /home/felix/robo/robo_ai_turku_2025/ros2_ws/install/custom_interface/share/custom_interface/msg/TaskMsg.msg
[8.873s] -- Up-to-date: /home/felix/robo/robo_ai_turku_2025/ros2_ws/install/custom_interface/share/ament_index/resource_index/package_run_dependencies/custom_interface
[8.873s] -- Installing: /home/felix/robo/robo_ai_turku_2025/ros2_ws/install/custom_interface/share/ament_index/resource_index/parent_prefix_path/custom_interface
[8.874s] -- Up-to-date: /home/felix/robo/robo_ai_turku_2025/ros2_ws/install/custom_interface/share/custom_interface/environment/ament_prefix_path.sh
[8.874s] -- Installing: /home/felix/robo/robo_ai_turku_2025/ros2_ws/install/custom_interface/share/custom_interface/environment/ament_prefix_path.dsv
[8.875s] -- Up-to-date: /home/felix/robo/robo_ai_turku_2025/ros2_ws/install/custom_interface/share/custom_interface/environment/path.sh
[8.875s] -- Installing: /home/felix/robo/robo_ai_turku_2025/ros2_ws/install/custom_interface/share/custom_interface/environment/path.dsv
[8.875s] -- Up-to-date: /home/felix/robo/robo_ai_turku_2025/ros2_ws/install/custom_interface/share/custom_interface/local_setup.bash
[8.875s] -- Up-to-date: /home/felix/robo/robo_ai_turku_2025/ros2_ws/install/custom_interface/share/custom_interface/local_setup.sh
[8.875s] -- Up-to-date: /home/felix/robo/robo_ai_turku_2025/ros2_ws/install/custom_interface/share/custom_interface/local_setup.zsh
[8.875s] -- Installing: /home/felix/robo/robo_ai_turku_2025/ros2_ws/install/custom_interface/share/custom_interface/local_setup.dsv
[8.876s] -- Installing: /home/felix/robo/robo_ai_turku_2025/ros2_ws/install/custom_interface/share/custom_interface/package.dsv
[8.876s] -- Up-to-date: /home/felix/robo/robo_ai_turku_2025/ros2_ws/install/custom_interface/share/ament_index/resource_index/packages/custom_interface
[8.877s] -- Old export file "/home/felix/robo/robo_ai_turku_2025/ros2_ws/install/custom_interface/share/custom_interface/cmake/export_custom_interface__rosidl_generator_cExport.cmake" will be replaced.  Removing files [/home/felix/robo/robo_ai_turku_2025/ros2_ws/install/custom_interface/share/custom_interface/cmake/export_custom_interface__rosidl_generator_cExport-noconfig.cmake].
[8.877s] -- Installing: /home/felix/robo/robo_ai_turku_2025/ros2_ws/install/custom_interface/share/custom_interface/cmake/export_custom_interface__rosidl_generator_cExport.cmake
[8.877s] -- Installing: /home/felix/robo/robo_ai_turku_2025/ros2_ws/install/custom_interface/share/custom_interface/cmake/export_custom_interface__rosidl_generator_cExport-noconfig.cmake
[8.877s] -- Old export file "/home/felix/robo/robo_ai_turku_2025/ros2_ws/install/custom_interface/share/custom_interface/cmake/export_custom_interface__rosidl_typesupport_fastrtps_cExport.cmake" will be replaced.  Removing files [/home/felix/robo/robo_ai_turku_2025/ros2_ws/install/custom_interface/share/custom_interface/cmake/export_custom_interface__rosidl_typesupport_fastrtps_cExport-noconfig.cmake].
[8.877s] -- Installing: /home/felix/robo/robo_ai_turku_2025/ros2_ws/install/custom_interface/share/custom_interface/cmake/export_custom_interface__rosidl_typesupport_fastrtps_cExport.cmake
[8.878s] -- Installing: /home/felix/robo/robo_ai_turku_2025/ros2_ws/install/custom_interface/share/custom_interface/cmake/export_custom_interface__rosidl_typesupport_fastrtps_cExport-noconfig.cmake
[8.878s] -- Installing: /home/felix/robo/robo_ai_turku_2025/ros2_ws/install/custom_interface/share/custom_interface/cmake/export_custom_interface__rosidl_generator_cppExport.cmake
[8.878s] -- Old export file "/home/felix/robo/robo_ai_turku_2025/ros2_ws/install/custom_interface/share/custom_interface/cmake/export_custom_interface__rosidl_typesupport_fastrtps_cppExport.cmake" will be replaced.  Removing files [/home/felix/robo/robo_ai_turku_2025/ros2_ws/install/custom_interface/share/custom_interface/cmake/export_custom_interface__rosidl_typesupport_fastrtps_cppExport-noconfig.cmake].
[8.878s] -- Installing: /home/felix/robo/robo_ai_turku_2025/ros2_ws/install/custom_interface/share/custom_interface/cmake/export_custom_interface__rosidl_typesupport_fastrtps_cppExport.cmake
[8.879s] -- Installing: /home/felix/robo/robo_ai_turku_2025/ros2_ws/install/custom_interface/share/custom_interface/cmake/export_custom_interface__rosidl_typesupport_fastrtps_cppExport-noconfig.cmake
[8.879s] -- Old export file "/home/felix/robo/robo_ai_turku_2025/ros2_ws/install/custom_interface/share/custom_interface/cmake/custom_interface__rosidl_typesupport_introspection_cExport.cmake" will be replaced.  Removing files [/home/felix/robo/robo_ai_turku_2025/ros2_ws/install/custom_interface/share/custom_interface/cmake/custom_interface__rosidl_typesupport_introspection_cExport-noconfig.cmake].
[8.880s] -- Installing: /home/felix/robo/robo_ai_turku_2025/ros2_ws/install/custom_interface/share/custom_interface/cmake/custom_interface__rosidl_typesupport_introspection_cExport.cmake
[8.880s] -- Installing: /home/felix/robo/robo_ai_turku_2025/ros2_ws/install/custom_interface/share/custom_interface/cmake/custom_interface__rosidl_typesupport_introspection_cExport-noconfig.cmake
[8.880s] -- Old export file "/home/felix/robo/robo_ai_turku_2025/ros2_ws/install/custom_interface/share/custom_interface/cmake/custom_interface__rosidl_typesupport_cExport.cmake" will be replaced.  Removing files [/home/felix/robo/robo_ai_turku_2025/ros2_ws/install/custom_interface/share/custom_interface/cmake/custom_interface__rosidl_typesupport_cExport-noconfig.cmake].
[8.880s] -- Installing: /home/felix/robo/robo_ai_turku_2025/ros2_ws/install/custom_interface/share/custom_interface/cmake/custom_interface__rosidl_typesupport_cExport.cmake
[8.880s] -- Installing: /home/felix/robo/robo_ai_turku_2025/ros2_ws/install/custom_interface/share/custom_interface/cmake/custom_interface__rosidl_typesupport_cExport-noconfig.cmake
[8.881s] -- Old export file "/home/felix/robo/robo_ai_turku_2025/ros2_ws/install/custom_interface/share/custom_interface/cmake/custom_interface__rosidl_typesupport_introspection_cppExport.cmake" will be replaced.  Removing files [/home/felix/robo/robo_ai_turku_2025/ros2_ws/install/custom_interface/share/custom_interface/cmake/custom_interface__rosidl_typesupport_introspection_cppExport-noconfig.cmake].
[8.881s] -- Installing: /home/felix/robo/robo_ai_turku_2025/ros2_ws/install/custom_interface/share/custom_interface/cmake/custom_interface__rosidl_typesupport_introspection_cppExport.cmake
[8.881s] -- Installing: /home/felix/robo/robo_ai_turku_2025/ros2_ws/install/custom_interface/share/custom_interface/cmake/custom_interface__rosidl_typesupport_introspection_cppExport-noconfig.cmake
[8.882s] -- Old export file "/home/felix/robo/robo_ai_turku_2025/ros2_ws/install/custom_interface/share/custom_interface/cmake/custom_interface__rosidl_typesupport_cppExport.cmake" will be replaced.  Removing files [/home/felix/robo/robo_ai_turku_2025/ros2_ws/install/custom_interface/share/custom_interface/cmake/custom_interface__rosidl_typesupport_cppExport-noconfig.cmake].
[8.882s] -- Installing: /home/felix/robo/robo_ai_turku_2025/ros2_ws/install/custom_interface/share/custom_interface/cmake/custom_interface__rosidl_typesupport_cppExport.cmake
[8.882s] -- Installing: /home/felix/robo/robo_ai_turku_2025/ros2_ws/install/custom_interface/share/custom_interface/cmake/custom_interface__rosidl_typesupport_cppExport-noconfig.cmake
[8.882s] -- Old export file "/home/felix/robo/robo_ai_turku_2025/ros2_ws/install/custom_interface/share/custom_interface/cmake/export_custom_interface__rosidl_generator_pyExport.cmake" will be replaced.  Removing files [/home/felix/robo/robo_ai_turku_2025/ros2_ws/install/custom_interface/share/custom_interface/cmake/export_custom_interface__rosidl_generator_pyExport-noconfig.cmake].
[8.882s] -- Installing: /home/felix/robo/robo_ai_turku_2025/ros2_ws/install/custom_interface/share/custom_interface/cmake/export_custom_interface__rosidl_generator_pyExport.cmake
[8.882s] -- Installing: /home/felix/robo/robo_ai_turku_2025/ros2_ws/install/custom_interface/share/custom_interface/cmake/export_custom_interface__rosidl_generator_pyExport-noconfig.cmake
[8.882s] -- Up-to-date: /home/felix/robo/robo_ai_turku_2025/ros2_ws/install/custom_interface/share/custom_interface/cmake/rosidl_cmake-extras.cmake
[8.882s] -- Installing: /home/felix/robo/robo_ai_turku_2025/ros2_ws/install/custom_interface/share/custom_interface/cmake/ament_cmake_export_dependencies-extras.cmake
[8.882s] -- Up-to-date: /home/felix/robo/robo_ai_turku_2025/ros2_ws/install/custom_interface/share/custom_interface/cmake/ament_cmake_export_include_directories-extras.cmake
[8.882s] -- Up-to-date: /home/felix/robo/robo_ai_turku_2025/ros2_ws/install/custom_interface/share/custom_interface/cmake/ament_cmake_export_libraries-extras.cmake
[8.882s] -- Up-to-date: /home/felix/robo/robo_ai_turku_2025/ros2_ws/install/custom_interface/share/custom_interface/cmake/ament_cmake_export_targets-extras.cmake
[8.882s] -- Up-to-date: /home/felix/robo/robo_ai_turku_2025/ros2_ws/install/custom_interface/share/custom_interface/cmake/rosidl_cmake_export_typesupport_targets-extras.cmake
[8.882s] -- Up-to-date: /home/felix/robo/robo_ai_turku_2025/ros2_ws/install/custom_interface/share/custom_interface/cmake/rosidl_cmake_export_typesupport_libraries-extras.cmake
[8.882s] -- Installing: /home/felix/robo/robo_ai_turku_2025/ros2_ws/install/custom_interface/share/custom_interface/cmake/custom_interfaceConfig.cmake
[8.882s] -- Up-to-date: /home/felix/robo/robo_ai_turku_2025/ros2_ws/install/custom_interface/share/custom_interface/cmake/custom_interfaceConfig-version.cmake
[8.882s] -- Installing: /home/felix/robo/robo_ai_turku_2025/ros2_ws/install/custom_interface/share/custom_interface/package.xml
[8.885s] Invoked command in '/home/felix/robo/robo_ai_turku_2025/ros2_ws/build/custom_interface' returned '0': CMAKE_PREFIX_PATH=${CMAKE_PREFIX_PATH}:/home/felix/robo/robo_ai_turku_2025/ros2_ws/install/lab01_task02:/home/felix/robo/robo_ai_turku_2025/ros2_ws/install/lab01_task01:/home/felix/robo/robo_ai_turku_2025/ros2_ws/install/lab1_bringup:/home/felix/robo/robo_ai_turku_2025/ros2_ws/install/task1:/opt/ros/humble /usr/bin/cmake --install /home/felix/robo/robo_ai_turku_2025/ros2_ws/build/custom_interface
