[0.626s] DEBUG:colcon:Command line arguments: ['/usr/bin/colcon', 'build']
[0.626s] DEBUG:colcon:Parsed command line arguments: Namespace(log_base=None, log_level=None, verb_name='build', build_base='build', install_base='install', merge_install=False, symlink_install=False, test_result_base=None, continue_on_error=False, executor='parallel', parallel_workers=22, event_handlers=None, ignore_user_meta=False, metas=['./colcon.meta'], base_paths=['.'], packages_ignore=None, packages_ignore_regex=None, paths=None, packages_up_to=None, packages_up_to_regex=None, packages_above=None, packages_above_and_dependencies=None, packages_above_depth=None, packages_select_by_dep=None, packages_skip_by_dep=None, packages_skip_up_to=None, packages_select_build_failed=False, packages_skip_build_finished=False, packages_select_test_failures=False, packages_skip_test_passed=False, packages_select=None, packages_skip=None, packages_select_regex=None, packages_skip_regex=None, packages_start=None, packages_end=None, allow_overriding=[], cmake_args=None, cmake_target=None, cmake_target_skip_unavailable=False, cmake_clean_cache=False, cmake_clean_first=False, cmake_force_configure=False, ament_cmake_args=None, catkin_cmake_args=None, catkin_skip_building_tests=False, verb_parser=<colcon_defaults.argument_parser.defaults.DefaultArgumentsDecorator object at 0x71e9ce135e40>, verb_extension=<colcon_core.verb.build.BuildVerb object at 0x71e9ce2b75b0>, main=<bound method BuildVerb.main of <colcon_core.verb.build.BuildVerb object at 0x71e9ce2b75b0>>)
[1.351s] Level 1:colcon.colcon_core.package_discovery:discover_packages(colcon_meta) check parameters
[1.351s] Level 1:colcon.colcon_core.package_discovery:discover_packages(recursive) check parameters
[1.351s] Level 1:colcon.colcon_core.package_discovery:discover_packages(ignore) check parameters
[1.351s] Level 1:colcon.colcon_core.package_discovery:discover_packages(path) check parameters
[1.351s] Level 1:colcon.colcon_core.package_discovery:discover_packages(colcon_meta) discover
[1.351s] Level 1:colcon.colcon_core.package_discovery:discover_packages(recursive) discover
[1.351s] INFO:colcon.colcon_core.package_discovery:Crawling recursively for packages in '/home/felix/robo/robo_ai_turku_2025'
[1.352s] Level 1:colcon.colcon_core.package_identification:_identify(.) by extensions ['ignore', 'ignore_ament_install']
[1.352s] Level 1:colcon.colcon_core.package_identification:_identify(.) by extension 'ignore'
[1.352s] Level 1:colcon.colcon_core.package_identification:_identify(.) by extension 'ignore_ament_install'
[1.352s] Level 1:colcon.colcon_core.package_identification:_identify(.) by extensions ['colcon_pkg']
[1.352s] Level 1:colcon.colcon_core.package_identification:_identify(.) by extension 'colcon_pkg'
[1.352s] Level 1:colcon.colcon_core.package_identification:_identify(.) by extensions ['colcon_meta']
[1.352s] Level 1:colcon.colcon_core.package_identification:_identify(.) by extension 'colcon_meta'
[1.352s] Level 1:colcon.colcon_core.package_identification:_identify(.) by extensions ['ros']
[1.352s] Level 1:colcon.colcon_core.package_identification:_identify(.) by extension 'ros'
[1.378s] Level 1:colcon.colcon_core.package_identification:_identify(.) by extensions ['cmake', 'python']
[1.378s] Level 1:colcon.colcon_core.package_identification:_identify(.) by extension 'cmake'
[1.378s] Level 1:colcon.colcon_core.package_identification:_identify(.) by extension 'python'
[1.378s] Level 1:colcon.colcon_core.package_identification:_identify(.) by extensions ['python_setup_py']
[1.378s] Level 1:colcon.colcon_core.package_identification:_identify(.) by extension 'python_setup_py'
[1.379s] Level 1:colcon.colcon_core.package_identification:_identify(build) by extensions ['ignore', 'ignore_ament_install']
[1.380s] Level 1:colcon.colcon_core.package_identification:_identify(build) by extension 'ignore'
[1.380s] Level 1:colcon.colcon_core.package_identification:_identify(build) ignored
[1.381s] Level 1:colcon.colcon_core.package_identification:_identify(code) by extensions ['ignore', 'ignore_ament_install']
[1.381s] Level 1:colcon.colcon_core.package_identification:_identify(code) by extension 'ignore'
[1.381s] Level 1:colcon.colcon_core.package_identification:_identify(code) by extension 'ignore_ament_install'
[1.382s] Level 1:colcon.colcon_core.package_identification:_identify(code) by extensions ['colcon_pkg']
[1.382s] Level 1:colcon.colcon_core.package_identification:_identify(code) by extension 'colcon_pkg'
[1.382s] Level 1:colcon.colcon_core.package_identification:_identify(code) by extensions ['colcon_meta']
[1.382s] Level 1:colcon.colcon_core.package_identification:_identify(code) by extension 'colcon_meta'
[1.383s] Level 1:colcon.colcon_core.package_identification:_identify(code) by extensions ['ros']
[1.383s] Level 1:colcon.colcon_core.package_identification:_identify(code) by extension 'ros'
[1.383s] Level 1:colcon.colcon_core.package_identification:_identify(code) by extensions ['cmake', 'python']
[1.383s] Level 1:colcon.colcon_core.package_identification:_identify(code) by extension 'cmake'
[1.383s] Level 1:colcon.colcon_core.package_identification:_identify(code) by extension 'python'
[1.383s] Level 1:colcon.colcon_core.package_identification:_identify(code) by extensions ['python_setup_py']
[1.383s] Level 1:colcon.colcon_core.package_identification:_identify(code) by extension 'python_setup_py'
[1.384s] Level 1:colcon.colcon_core.package_identification:_identify(install) by extensions ['ignore', 'ignore_ament_install']
[1.384s] Level 1:colcon.colcon_core.package_identification:_identify(install) by extension 'ignore'
[1.384s] Level 1:colcon.colcon_core.package_identification:_identify(install) ignored
[1.386s] Level 1:colcon.colcon_core.package_identification:_identify(lab_1) by extensions ['ignore', 'ignore_ament_install']
[1.386s] Level 1:colcon.colcon_core.package_identification:_identify(lab_1) by extension 'ignore'
[1.386s] Level 1:colcon.colcon_core.package_identification:_identify(lab_1) by extension 'ignore_ament_install'
[1.386s] Level 1:colcon.colcon_core.package_identification:_identify(lab_1) by extensions ['colcon_pkg']
[1.386s] Level 1:colcon.colcon_core.package_identification:_identify(lab_1) by extension 'colcon_pkg'
[1.386s] Level 1:colcon.colcon_core.package_identification:_identify(lab_1) by extensions ['colcon_meta']
[1.386s] Level 1:colcon.colcon_core.package_identification:_identify(lab_1) by extension 'colcon_meta'
[1.386s] Level 1:colcon.colcon_core.package_identification:_identify(lab_1) by extensions ['ros']
[1.386s] Level 1:colcon.colcon_core.package_identification:_identify(lab_1) by extension 'ros'
[1.386s] Level 1:colcon.colcon_core.package_identification:_identify(lab_1) by extensions ['cmake', 'python']
[1.386s] Level 1:colcon.colcon_core.package_identification:_identify(lab_1) by extension 'cmake'
[1.386s] Level 1:colcon.colcon_core.package_identification:_identify(lab_1) by extension 'python'
[1.387s] Level 1:colcon.colcon_core.package_identification:_identify(lab_1) by extensions ['python_setup_py']
[1.387s] Level 1:colcon.colcon_core.package_identification:_identify(lab_1) by extension 'python_setup_py'
[1.387s] Level 1:colcon.colcon_core.package_identification:_identify(lab_1/code) by extensions ['ignore', 'ignore_ament_install']
[1.387s] Level 1:colcon.colcon_core.package_identification:_identify(lab_1/code) by extension 'ignore'
[1.387s] Level 1:colcon.colcon_core.package_identification:_identify(lab_1/code) by extension 'ignore_ament_install'
[1.387s] Level 1:colcon.colcon_core.package_identification:_identify(lab_1/code) by extensions ['colcon_pkg']
[1.387s] Level 1:colcon.colcon_core.package_identification:_identify(lab_1/code) by extension 'colcon_pkg'
[1.387s] Level 1:colcon.colcon_core.package_identification:_identify(lab_1/code) by extensions ['colcon_meta']
[1.387s] Level 1:colcon.colcon_core.package_identification:_identify(lab_1/code) by extension 'colcon_meta'
[1.387s] Level 1:colcon.colcon_core.package_identification:_identify(lab_1/code) by extensions ['ros']
[1.387s] Level 1:colcon.colcon_core.package_identification:_identify(lab_1/code) by extension 'ros'
[1.388s] Level 1:colcon.colcon_core.package_identification:_identify(lab_1/code) by extensions ['cmake', 'python']
[1.388s] Level 1:colcon.colcon_core.package_identification:_identify(lab_1/code) by extension 'cmake'
[1.388s] Level 1:colcon.colcon_core.package_identification:_identify(lab_1/code) by extension 'python'
[1.388s] Level 1:colcon.colcon_core.package_identification:_identify(lab_1/code) by extensions ['python_setup_py']
[1.388s] Level 1:colcon.colcon_core.package_identification:_identify(lab_1/code) by extension 'python_setup_py'
[1.388s] Level 1:colcon.colcon_core.package_identification:_identify(log) by extensions ['ignore', 'ignore_ament_install']
[1.388s] Level 1:colcon.colcon_core.package_identification:_identify(log) by extension 'ignore'
[1.388s] Level 1:colcon.colcon_core.package_identification:_identify(log) ignored
[1.388s] Level 1:colcon.colcon_core.package_identification:_identify(ros2_ws) by extensions ['ignore', 'ignore_ament_install']
[1.388s] Level 1:colcon.colcon_core.package_identification:_identify(ros2_ws) by extension 'ignore'
[1.388s] Level 1:colcon.colcon_core.package_identification:_identify(ros2_ws) by extension 'ignore_ament_install'
[1.388s] Level 1:colcon.colcon_core.package_identification:_identify(ros2_ws) by extensions ['colcon_pkg']
[1.388s] Level 1:colcon.colcon_core.package_identification:_identify(ros2_ws) by extension 'colcon_pkg'
[1.388s] Level 1:colcon.colcon_core.package_identification:_identify(ros2_ws) by extensions ['colcon_meta']
[1.388s] Level 1:colcon.colcon_core.package_identification:_identify(ros2_ws) by extension 'colcon_meta'
[1.388s] Level 1:colcon.colcon_core.package_identification:_identify(ros2_ws) by extensions ['ros']
[1.388s] Level 1:colcon.colcon_core.package_identification:_identify(ros2_ws) by extension 'ros'
[1.388s] Level 1:colcon.colcon_core.package_identification:_identify(ros2_ws) by extensions ['cmake', 'python']
[1.388s] Level 1:colcon.colcon_core.package_identification:_identify(ros2_ws) by extension 'cmake'
[1.388s] Level 1:colcon.colcon_core.package_identification:_identify(ros2_ws) by extension 'python'
[1.388s] Level 1:colcon.colcon_core.package_identification:_identify(ros2_ws) by extensions ['python_setup_py']
[1.388s] Level 1:colcon.colcon_core.package_identification:_identify(ros2_ws) by extension 'python_setup_py'
[1.391s] Level 1:colcon.colcon_core.package_identification:_identify(ros2_ws/build) by extensions ['ignore', 'ignore_ament_install']
[1.392s] Level 1:colcon.colcon_core.package_identification:_identify(ros2_ws/build) by extension 'ignore'
[1.392s] Level 1:colcon.colcon_core.package_identification:_identify(ros2_ws/build) ignored
[1.393s] Level 1:colcon.colcon_core.package_identification:_identify(ros2_ws/install) by extensions ['ignore', 'ignore_ament_install']
[1.393s] Level 1:colcon.colcon_core.package_identification:_identify(ros2_ws/install) by extension 'ignore'
[1.393s] Level 1:colcon.colcon_core.package_identification:_identify(ros2_ws/install) ignored
[1.395s] Level 1:colcon.colcon_core.package_identification:_identify(ros2_ws/log) by extensions ['ignore', 'ignore_ament_install']
[1.395s] Level 1:colcon.colcon_core.package_identification:_identify(ros2_ws/log) by extension 'ignore'
[1.395s] Level 1:colcon.colcon_core.package_identification:_identify(ros2_ws/log) ignored
[1.395s] Level 1:colcon.colcon_core.package_identification:_identify(ros2_ws/src) by extensions ['ignore', 'ignore_ament_install']
[1.395s] Level 1:colcon.colcon_core.package_identification:_identify(ros2_ws/src) by extension 'ignore'
[1.395s] Level 1:colcon.colcon_core.package_identification:_identify(ros2_ws/src) by extension 'ignore_ament_install'
[1.396s] Level 1:colcon.colcon_core.package_identification:_identify(ros2_ws/src) by extensions ['colcon_pkg']
[1.396s] Level 1:colcon.colcon_core.package_identification:_identify(ros2_ws/src) by extension 'colcon_pkg'
[1.396s] Level 1:colcon.colcon_core.package_identification:_identify(ros2_ws/src) by extensions ['colcon_meta']
[1.396s] Level 1:colcon.colcon_core.package_identification:_identify(ros2_ws/src) by extension 'colcon_meta'
[1.396s] Level 1:colcon.colcon_core.package_identification:_identify(ros2_ws/src) by extensions ['ros']
[1.396s] Level 1:colcon.colcon_core.package_identification:_identify(ros2_ws/src) by extension 'ros'
[1.396s] Level 1:colcon.colcon_core.package_identification:_identify(ros2_ws/src) by extensions ['cmake', 'python']
[1.396s] Level 1:colcon.colcon_core.package_identification:_identify(ros2_ws/src) by extension 'cmake'
[1.396s] Level 1:colcon.colcon_core.package_identification:_identify(ros2_ws/src) by extension 'python'
[1.396s] Level 1:colcon.colcon_core.package_identification:_identify(ros2_ws/src) by extensions ['python_setup_py']
[1.396s] Level 1:colcon.colcon_core.package_identification:_identify(ros2_ws/src) by extension 'python_setup_py'
[1.397s] Level 1:colcon.colcon_core.package_identification:_identify(ros2_ws/src/build) by extensions ['ignore', 'ignore_ament_install']
[1.397s] Level 1:colcon.colcon_core.package_identification:_identify(ros2_ws/src/build) by extension 'ignore'
[1.397s] Level 1:colcon.colcon_core.package_identification:_identify(ros2_ws/src/build) ignored
[1.398s] Level 1:colcon.colcon_core.package_identification:_identify(ros2_ws/src/custom_interface) by extensions ['ignore', 'ignore_ament_install']
[1.398s] Level 1:colcon.colcon_core.package_identification:_identify(ros2_ws/src/custom_interface) by extension 'ignore'
[1.398s] Level 1:colcon.colcon_core.package_identification:_identify(ros2_ws/src/custom_interface) by extension 'ignore_ament_install'
[1.398s] Level 1:colcon.colcon_core.package_identification:_identify(ros2_ws/src/custom_interface) by extensions ['colcon_pkg']
[1.398s] Level 1:colcon.colcon_core.package_identification:_identify(ros2_ws/src/custom_interface) by extension 'colcon_pkg'
[1.398s] Level 1:colcon.colcon_core.package_identification:_identify(ros2_ws/src/custom_interface) by extensions ['colcon_meta']
[1.398s] Level 1:colcon.colcon_core.package_identification:_identify(ros2_ws/src/custom_interface) by extension 'colcon_meta'
[1.398s] Level 1:colcon.colcon_core.package_identification:_identify(ros2_ws/src/custom_interface) by extensions ['ros']
[1.398s] Level 1:colcon.colcon_core.package_identification:_identify(ros2_ws/src/custom_interface) by extension 'ros'
[1.404s] DEBUG:colcon.colcon_core.package_identification:Package 'ros2_ws/src/custom_interface' with type 'ros.ament_cmake' and name 'custom_interface'
[1.404s] Level 1:colcon.colcon_core.package_identification:_identify(ros2_ws/src/install) by extensions ['ignore', 'ignore_ament_install']
[1.404s] Level 1:colcon.colcon_core.package_identification:_identify(ros2_ws/src/install) by extension 'ignore'
[1.405s] Level 1:colcon.colcon_core.package_identification:_identify(ros2_ws/src/install) ignored
[1.405s] Level 1:colcon.colcon_core.package_identification:_identify(ros2_ws/src/lab01_task01) by extensions ['ignore', 'ignore_ament_install']
[1.405s] Level 1:colcon.colcon_core.package_identification:_identify(ros2_ws/src/lab01_task01) by extension 'ignore'
[1.405s] Level 1:colcon.colcon_core.package_identification:_identify(ros2_ws/src/lab01_task01) by extension 'ignore_ament_install'
[1.405s] Level 1:colcon.colcon_core.package_identification:_identify(ros2_ws/src/lab01_task01) by extensions ['colcon_pkg']
[1.405s] Level 1:colcon.colcon_core.package_identification:_identify(ros2_ws/src/lab01_task01) by extension 'colcon_pkg'
[1.405s] Level 1:colcon.colcon_core.package_identification:_identify(ros2_ws/src/lab01_task01) by extensions ['colcon_meta']
[1.405s] Level 1:colcon.colcon_core.package_identification:_identify(ros2_ws/src/lab01_task01) by extension 'colcon_meta'
[1.406s] Level 1:colcon.colcon_core.package_identification:_identify(ros2_ws/src/lab01_task01) by extensions ['ros']
[1.406s] Level 1:colcon.colcon_core.package_identification:_identify(ros2_ws/src/lab01_task01) by extension 'ros'
[1.407s] DEBUG:colcon.colcon_core.package_identification:Package 'ros2_ws/src/lab01_task01' with type 'ros.ament_python' and name 'lab01_task01'
[1.409s] Level 1:colcon.colcon_core.package_identification:_identify(ros2_ws/src/lab01_task02) by extensions ['ignore', 'ignore_ament_install']
[1.409s] Level 1:colcon.colcon_core.package_identification:_identify(ros2_ws/src/lab01_task02) by extension 'ignore'
[1.409s] Level 1:colcon.colcon_core.package_identification:_identify(ros2_ws/src/lab01_task02) by extension 'ignore_ament_install'
[1.410s] Level 1:colcon.colcon_core.package_identification:_identify(ros2_ws/src/lab01_task02) by extensions ['colcon_pkg']
[1.410s] Level 1:colcon.colcon_core.package_identification:_identify(ros2_ws/src/lab01_task02) by extension 'colcon_pkg'
[1.410s] Level 1:colcon.colcon_core.package_identification:_identify(ros2_ws/src/lab01_task02) by extensions ['colcon_meta']
[1.410s] Level 1:colcon.colcon_core.package_identification:_identify(ros2_ws/src/lab01_task02) by extension 'colcon_meta'
[1.411s] Level 1:colcon.colcon_core.package_identification:_identify(ros2_ws/src/lab01_task02) by extensions ['ros']
[1.411s] Level 1:colcon.colcon_core.package_identification:_identify(ros2_ws/src/lab01_task02) by extension 'ros'
[1.414s] DEBUG:colcon.colcon_core.package_identification:Package 'ros2_ws/src/lab01_task02' with type 'ros.ament_python' and name 'lab01_task02'
[1.414s] Level 1:colcon.colcon_core.package_identification:_identify(ros2_ws/src/lab01_task03) by extensions ['ignore', 'ignore_ament_install']
[1.414s] Level 1:colcon.colcon_core.package_identification:_identify(ros2_ws/src/lab01_task03) by extension 'ignore'
[1.415s] Level 1:colcon.colcon_core.package_identification:_identify(ros2_ws/src/lab01_task03) by extension 'ignore_ament_install'
[1.415s] Level 1:colcon.colcon_core.package_identification:_identify(ros2_ws/src/lab01_task03) by extensions ['colcon_pkg']
[1.415s] Level 1:colcon.colcon_core.package_identification:_identify(ros2_ws/src/lab01_task03) by extension 'colcon_pkg'
[1.415s] Level 1:colcon.colcon_core.package_identification:_identify(ros2_ws/src/lab01_task03) by extensions ['colcon_meta']
[1.415s] Level 1:colcon.colcon_core.package_identification:_identify(ros2_ws/src/lab01_task03) by extension 'colcon_meta'
[1.415s] Level 1:colcon.colcon_core.package_identification:_identify(ros2_ws/src/lab01_task03) by extensions ['ros']
[1.415s] Level 1:colcon.colcon_core.package_identification:_identify(ros2_ws/src/lab01_task03) by extension 'ros'
[1.416s] DEBUG:colcon.colcon_core.package_identification:Package 'ros2_ws/src/lab01_task03' with type 'ros.ament_python' and name 'lab01_task03'
[1.417s] Level 1:colcon.colcon_core.package_identification:_identify(ros2_ws/src/lab01_task05) by extensions ['ignore', 'ignore_ament_install']
[1.417s] Level 1:colcon.colcon_core.package_identification:_identify(ros2_ws/src/lab01_task05) by extension 'ignore'
[1.417s] Level 1:colcon.colcon_core.package_identification:_identify(ros2_ws/src/lab01_task05) by extension 'ignore_ament_install'
[1.417s] Level 1:colcon.colcon_core.package_identification:_identify(ros2_ws/src/lab01_task05) by extensions ['colcon_pkg']
[1.417s] Level 1:colcon.colcon_core.package_identification:_identify(ros2_ws/src/lab01_task05) by extension 'colcon_pkg'
[1.417s] Level 1:colcon.colcon_core.package_identification:_identify(ros2_ws/src/lab01_task05) by extensions ['colcon_meta']
[1.417s] Level 1:colcon.colcon_core.package_identification:_identify(ros2_ws/src/lab01_task05) by extension 'colcon_meta'
[1.417s] Level 1:colcon.colcon_core.package_identification:_identify(ros2_ws/src/lab01_task05) by extensions ['ros']
[1.417s] Level 1:colcon.colcon_core.package_identification:_identify(ros2_ws/src/lab01_task05) by extension 'ros'
[1.419s] DEBUG:colcon.colcon_core.package_identification:Package 'ros2_ws/src/lab01_task05' with type 'ros.ament_python' and name 'lab01_task05'
[1.419s] Level 1:colcon.colcon_core.package_identification:_identify(ros2_ws/src/lab1_bringup) by extensions ['ignore', 'ignore_ament_install']
[1.419s] Level 1:colcon.colcon_core.package_identification:_identify(ros2_ws/src/lab1_bringup) by extension 'ignore'
[1.419s] Level 1:colcon.colcon_core.package_identification:_identify(ros2_ws/src/lab1_bringup) by extension 'ignore_ament_install'
[1.419s] Level 1:colcon.colcon_core.package_identification:_identify(ros2_ws/src/lab1_bringup) by extensions ['colcon_pkg']
[1.419s] Level 1:colcon.colcon_core.package_identification:_identify(ros2_ws/src/lab1_bringup) by extension 'colcon_pkg'
[1.419s] Level 1:colcon.colcon_core.package_identification:_identify(ros2_ws/src/lab1_bringup) by extensions ['colcon_meta']
[1.419s] Level 1:colcon.colcon_core.package_identification:_identify(ros2_ws/src/lab1_bringup) by extension 'colcon_meta'
[1.419s] Level 1:colcon.colcon_core.package_identification:_identify(ros2_ws/src/lab1_bringup) by extensions ['ros']
[1.419s] Level 1:colcon.colcon_core.package_identification:_identify(ros2_ws/src/lab1_bringup) by extension 'ros'
[1.420s] DEBUG:colcon.colcon_core.package_identification:Package 'ros2_ws/src/lab1_bringup' with type 'ros.ament_python' and name 'lab1_bringup'
[1.421s] Level 1:colcon.colcon_core.package_identification:_identify(ros2_ws/src/log) by extensions ['ignore', 'ignore_ament_install']
[1.422s] Level 1:colcon.colcon_core.package_identification:_identify(ros2_ws/src/log) by extension 'ignore'
[1.422s] Level 1:colcon.colcon_core.package_identification:_identify(ros2_ws/src/log) ignored
[1.424s] Level 1:colcon.colcon_core.package_identification:_identify(ros2_ws/src/task1) by extensions ['ignore', 'ignore_ament_install']
[1.424s] Level 1:colcon.colcon_core.package_identification:_identify(ros2_ws/src/task1) by extension 'ignore'
[1.424s] Level 1:colcon.colcon_core.package_identification:_identify(ros2_ws/src/task1) by extension 'ignore_ament_install'
[1.425s] Level 1:colcon.colcon_core.package_identification:_identify(ros2_ws/src/task1) by extensions ['colcon_pkg']
[1.425s] Level 1:colcon.colcon_core.package_identification:_identify(ros2_ws/src/task1) by extension 'colcon_pkg'
[1.425s] Level 1:colcon.colcon_core.package_identification:_identify(ros2_ws/src/task1) by extensions ['colcon_meta']
[1.425s] Level 1:colcon.colcon_core.package_identification:_identify(ros2_ws/src/task1) by extension 'colcon_meta'
[1.426s] Level 1:colcon.colcon_core.package_identification:_identify(ros2_ws/src/task1) by extensions ['ros']
[1.426s] Level 1:colcon.colcon_core.package_identification:_identify(ros2_ws/src/task1) by extension 'ros'
[1.429s] DEBUG:colcon.colcon_core.package_identification:Package 'ros2_ws/src/task1' with type 'ros.ament_python' and name 'task1'
[1.429s] Level 1:colcon.colcon_core.package_discovery:discover_packages(recursive) using defaults
[1.429s] Level 1:colcon.colcon_core.package_discovery:discover_packages(ignore) discover
[1.429s] Level 1:colcon.colcon_core.package_discovery:discover_packages(ignore) using defaults
[1.429s] Level 1:colcon.colcon_core.package_discovery:discover_packages(path) discover
[1.429s] Level 1:colcon.colcon_core.package_discovery:discover_packages(path) using defaults
[1.489s] Level 1:colcon.colcon_core.package_discovery:discover_packages(prefix_path) check parameters
[1.489s] Level 1:colcon.colcon_core.package_discovery:discover_packages(prefix_path) discover
[1.500s] DEBUG:colcon.colcon_installed_package_information.package_discovery:Found 7 installed packages in /home/felix/robo/robo_ai_turku_2025/install
[1.500s] DEBUG:colcon.colcon_installed_package_information.package_discovery:Found 7 installed packages in /home/felix/robo/robo_ai_turku_2025/ros2_ws/install
[1.501s] DEBUG:colcon.colcon_installed_package_information.package_discovery:Found 0 installed packages in /home/felix/robo/robo_ai_turku_2025/ros2_ws/src/install
[1.502s] DEBUG:colcon.colcon_installed_package_information.package_discovery:Found 1 installed packages in /home/felix/robo/robo_ai_turku_2025/ros2_ws/src/custom_interface/install
[1.504s] DEBUG:colcon.colcon_installed_package_information.package_discovery:Found 271 installed packages in /opt/ros/humble
[1.519s] Level 1:colcon.colcon_core.package_discovery:discover_packages(prefix_path) using defaults
[1.624s] Level 5:colcon.colcon_core.verb:set package 'custom_interface' build argument 'cmake_args' from command line to 'None'
[1.624s] Level 5:colcon.colcon_core.verb:set package 'custom_interface' build argument 'cmake_target' from command line to 'None'
[1.624s] Level 5:colcon.colcon_core.verb:set package 'custom_interface' build argument 'cmake_target_skip_unavailable' from command line to 'False'
[1.624s] Level 5:colcon.colcon_core.verb:set package 'custom_interface' build argument 'cmake_clean_cache' from command line to 'False'
[1.624s] Level 5:colcon.colcon_core.verb:set package 'custom_interface' build argument 'cmake_clean_first' from command line to 'False'
[1.624s] Level 5:colcon.colcon_core.verb:set package 'custom_interface' build argument 'cmake_force_configure' from command line to 'False'
[1.624s] Level 5:colcon.colcon_core.verb:set package 'custom_interface' build argument 'ament_cmake_args' from command line to 'None'
[1.624s] Level 5:colcon.colcon_core.verb:set package 'custom_interface' build argument 'catkin_cmake_args' from command line to 'None'
[1.624s] Level 5:colcon.colcon_core.verb:set package 'custom_interface' build argument 'catkin_skip_building_tests' from command line to 'False'
[1.624s] DEBUG:colcon.colcon_core.verb:Building package 'custom_interface' with the following arguments: {'ament_cmake_args': None, 'build_base': '/home/felix/robo/robo_ai_turku_2025/build/custom_interface', 'catkin_cmake_args': None, 'catkin_skip_building_tests': False, 'cmake_args': None, 'cmake_clean_cache': False, 'cmake_clean_first': False, 'cmake_force_configure': False, 'cmake_target': None, 'cmake_target_skip_unavailable': False, 'install_base': '/home/felix/robo/robo_ai_turku_2025/install/custom_interface', 'merge_install': False, 'path': '/home/felix/robo/robo_ai_turku_2025/ros2_ws/src/custom_interface', 'symlink_install': False, 'test_result_base': None}
[1.625s] Level 5:colcon.colcon_core.verb:set package 'lab01_task01' build argument 'cmake_args' from command line to 'None'
[1.625s] Level 5:colcon.colcon_core.verb:set package 'lab01_task01' build argument 'cmake_target' from command line to 'None'
[1.625s] Level 5:colcon.colcon_core.verb:set package 'lab01_task01' build argument 'cmake_target_skip_unavailable' from command line to 'False'
[1.625s] Level 5:colcon.colcon_core.verb:set package 'lab01_task01' build argument 'cmake_clean_cache' from command line to 'False'
[1.625s] Level 5:colcon.colcon_core.verb:set package 'lab01_task01' build argument 'cmake_clean_first' from command line to 'False'
[1.625s] Level 5:colcon.colcon_core.verb:set package 'lab01_task01' build argument 'cmake_force_configure' from command line to 'False'
[1.625s] Level 5:colcon.colcon_core.verb:set package 'lab01_task01' build argument 'ament_cmake_args' from command line to 'None'
[1.625s] Level 5:colcon.colcon_core.verb:set package 'lab01_task01' build argument 'catkin_cmake_args' from command line to 'None'
[1.625s] Level 5:colcon.colcon_core.verb:set package 'lab01_task01' build argument 'catkin_skip_building_tests' from command line to 'False'
[1.625s] DEBUG:colcon.colcon_core.verb:Building package 'lab01_task01' with the following arguments: {'ament_cmake_args': None, 'build_base': '/home/felix/robo/robo_ai_turku_2025/build/lab01_task01', 'catkin_cmake_args': None, 'catkin_skip_building_tests': False, 'cmake_args': None, 'cmake_clean_cache': False, 'cmake_clean_first': False, 'cmake_force_configure': False, 'cmake_target': None, 'cmake_target_skip_unavailable': False, 'install_base': '/home/felix/robo/robo_ai_turku_2025/install/lab01_task01', 'merge_install': False, 'path': '/home/felix/robo/robo_ai_turku_2025/ros2_ws/src/lab01_task01', 'symlink_install': False, 'test_result_base': None}
[1.625s] Level 5:colcon.colcon_core.verb:set package 'lab01_task02' build argument 'cmake_args' from command line to 'None'
[1.625s] Level 5:colcon.colcon_core.verb:set package 'lab01_task02' build argument 'cmake_target' from command line to 'None'
[1.625s] Level 5:colcon.colcon_core.verb:set package 'lab01_task02' build argument 'cmake_target_skip_unavailable' from command line to 'False'
[1.625s] Level 5:colcon.colcon_core.verb:set package 'lab01_task02' build argument 'cmake_clean_cache' from command line to 'False'
[1.625s] Level 5:colcon.colcon_core.verb:set package 'lab01_task02' build argument 'cmake_clean_first' from command line to 'False'
[1.625s] Level 5:colcon.colcon_core.verb:set package 'lab01_task02' build argument 'cmake_force_configure' from command line to 'False'
[1.625s] Level 5:colcon.colcon_core.verb:set package 'lab01_task02' build argument 'ament_cmake_args' from command line to 'None'
[1.625s] Level 5:colcon.colcon_core.verb:set package 'lab01_task02' build argument 'catkin_cmake_args' from command line to 'None'
[1.625s] Level 5:colcon.colcon_core.verb:set package 'lab01_task02' build argument 'catkin_skip_building_tests' from command line to 'False'
[1.625s] DEBUG:colcon.colcon_core.verb:Building package 'lab01_task02' with the following arguments: {'ament_cmake_args': None, 'build_base': '/home/felix/robo/robo_ai_turku_2025/build/lab01_task02', 'catkin_cmake_args': None, 'catkin_skip_building_tests': False, 'cmake_args': None, 'cmake_clean_cache': False, 'cmake_clean_first': False, 'cmake_force_configure': False, 'cmake_target': None, 'cmake_target_skip_unavailable': False, 'install_base': '/home/felix/robo/robo_ai_turku_2025/install/lab01_task02', 'merge_install': False, 'path': '/home/felix/robo/robo_ai_turku_2025/ros2_ws/src/lab01_task02', 'symlink_install': False, 'test_result_base': None}
[1.626s] Level 5:colcon.colcon_core.verb:set package 'lab1_bringup' build argument 'cmake_args' from command line to 'None'
[1.626s] Level 5:colcon.colcon_core.verb:set package 'lab1_bringup' build argument 'cmake_target' from command line to 'None'
[1.626s] Level 5:colcon.colcon_core.verb:set package 'lab1_bringup' build argument 'cmake_target_skip_unavailable' from command line to 'False'
[1.626s] Level 5:colcon.colcon_core.verb:set package 'lab1_bringup' build argument 'cmake_clean_cache' from command line to 'False'
[1.626s] Level 5:colcon.colcon_core.verb:set package 'lab1_bringup' build argument 'cmake_clean_first' from command line to 'False'
[1.626s] Level 5:colcon.colcon_core.verb:set package 'lab1_bringup' build argument 'cmake_force_configure' from command line to 'False'
[1.626s] Level 5:colcon.colcon_core.verb:set package 'lab1_bringup' build argument 'ament_cmake_args' from command line to 'None'
[1.626s] Level 5:colcon.colcon_core.verb:set package 'lab1_bringup' build argument 'catkin_cmake_args' from command line to 'None'
[1.626s] Level 5:colcon.colcon_core.verb:set package 'lab1_bringup' build argument 'catkin_skip_building_tests' from command line to 'False'
[1.626s] DEBUG:colcon.colcon_core.verb:Building package 'lab1_bringup' with the following arguments: {'ament_cmake_args': None, 'build_base': '/home/felix/robo/robo_ai_turku_2025/build/lab1_bringup', 'catkin_cmake_args': None, 'catkin_skip_building_tests': False, 'cmake_args': None, 'cmake_clean_cache': False, 'cmake_clean_first': False, 'cmake_force_configure': False, 'cmake_target': None, 'cmake_target_skip_unavailable': False, 'install_base': '/home/felix/robo/robo_ai_turku_2025/install/lab1_bringup', 'merge_install': False, 'path': '/home/felix/robo/robo_ai_turku_2025/ros2_ws/src/lab1_bringup', 'symlink_install': False, 'test_result_base': None}
[1.626s] Level 5:colcon.colcon_core.verb:set package 'task1' build argument 'cmake_args' from command line to 'None'
[1.626s] Level 5:colcon.colcon_core.verb:set package 'task1' build argument 'cmake_target' from command line to 'None'
[1.626s] Level 5:colcon.colcon_core.verb:set package 'task1' build argument 'cmake_target_skip_unavailable' from command line to 'False'
[1.626s] Level 5:colcon.colcon_core.verb:set package 'task1' build argument 'cmake_clean_cache' from command line to 'False'
[1.626s] Level 5:colcon.colcon_core.verb:set package 'task1' build argument 'cmake_clean_first' from command line to 'False'
[1.626s] Level 5:colcon.colcon_core.verb:set package 'task1' build argument 'cmake_force_configure' from command line to 'False'
[1.626s] Level 5:colcon.colcon_core.verb:set package 'task1' build argument 'ament_cmake_args' from command line to 'None'
[1.626s] Level 5:colcon.colcon_core.verb:set package 'task1' build argument 'catkin_cmake_args' from command line to 'None'
[1.626s] Level 5:colcon.colcon_core.verb:set package 'task1' build argument 'catkin_skip_building_tests' from command line to 'False'
[1.626s] DEBUG:colcon.colcon_core.verb:Building package 'task1' with the following arguments: {'ament_cmake_args': None, 'build_base': '/home/felix/robo/robo_ai_turku_2025/build/task1', 'catkin_cmake_args': None, 'catkin_skip_building_tests': False, 'cmake_args': None, 'cmake_clean_cache': False, 'cmake_clean_first': False, 'cmake_force_configure': False, 'cmake_target': None, 'cmake_target_skip_unavailable': False, 'install_base': '/home/felix/robo/robo_ai_turku_2025/install/task1', 'merge_install': False, 'path': '/home/felix/robo/robo_ai_turku_2025/ros2_ws/src/task1', 'symlink_install': False, 'test_result_base': None}
[1.627s] Level 5:colcon.colcon_core.verb:set package 'lab01_task03' build argument 'cmake_args' from command line to 'None'
[1.627s] Level 5:colcon.colcon_core.verb:set package 'lab01_task03' build argument 'cmake_target' from command line to 'None'
[1.627s] Level 5:colcon.colcon_core.verb:set package 'lab01_task03' build argument 'cmake_target_skip_unavailable' from command line to 'False'
[1.627s] Level 5:colcon.colcon_core.verb:set package 'lab01_task03' build argument 'cmake_clean_cache' from command line to 'False'
[1.627s] Level 5:colcon.colcon_core.verb:set package 'lab01_task03' build argument 'cmake_clean_first' from command line to 'False'
[1.627s] Level 5:colcon.colcon_core.verb:set package 'lab01_task03' build argument 'cmake_force_configure' from command line to 'False'
[1.627s] Level 5:colcon.colcon_core.verb:set package 'lab01_task03' build argument 'ament_cmake_args' from command line to 'None'
[1.627s] Level 5:colcon.colcon_core.verb:set package 'lab01_task03' build argument 'catkin_cmake_args' from command line to 'None'
[1.627s] Level 5:colcon.colcon_core.verb:set package 'lab01_task03' build argument 'catkin_skip_building_tests' from command line to 'False'
[1.627s] DEBUG:colcon.colcon_core.verb:Building package 'lab01_task03' with the following arguments: {'ament_cmake_args': None, 'build_base': '/home/felix/robo/robo_ai_turku_2025/build/lab01_task03', 'catkin_cmake_args': None, 'catkin_skip_building_tests': False, 'cmake_args': None, 'cmake_clean_cache': False, 'cmake_clean_first': False, 'cmake_force_configure': False, 'cmake_target': None, 'cmake_target_skip_unavailable': False, 'install_base': '/home/felix/robo/robo_ai_turku_2025/install/lab01_task03', 'merge_install': False, 'path': '/home/felix/robo/robo_ai_turku_2025/ros2_ws/src/lab01_task03', 'symlink_install': False, 'test_result_base': None}
[1.627s] Level 5:colcon.colcon_core.verb:set package 'lab01_task05' build argument 'cmake_args' from command line to 'None'
[1.627s] Level 5:colcon.colcon_core.verb:set package 'lab01_task05' build argument 'cmake_target' from command line to 'None'
[1.627s] Level 5:colcon.colcon_core.verb:set package 'lab01_task05' build argument 'cmake_target_skip_unavailable' from command line to 'False'
[1.627s] Level 5:colcon.colcon_core.verb:set package 'lab01_task05' build argument 'cmake_clean_cache' from command line to 'False'
[1.627s] Level 5:colcon.colcon_core.verb:set package 'lab01_task05' build argument 'cmake_clean_first' from command line to 'False'
[1.627s] Level 5:colcon.colcon_core.verb:set package 'lab01_task05' build argument 'cmake_force_configure' from command line to 'False'
[1.627s] Level 5:colcon.colcon_core.verb:set package 'lab01_task05' build argument 'ament_cmake_args' from command line to 'None'
[1.627s] Level 5:colcon.colcon_core.verb:set package 'lab01_task05' build argument 'catkin_cmake_args' from command line to 'None'
[1.627s] Level 5:colcon.colcon_core.verb:set package 'lab01_task05' build argument 'catkin_skip_building_tests' from command line to 'False'
[1.627s] DEBUG:colcon.colcon_core.verb:Building package 'lab01_task05' with the following arguments: {'ament_cmake_args': None, 'build_base': '/home/felix/robo/robo_ai_turku_2025/build/lab01_task05', 'catkin_cmake_args': None, 'catkin_skip_building_tests': False, 'cmake_args': None, 'cmake_clean_cache': False, 'cmake_clean_first': False, 'cmake_force_configure': False, 'cmake_target': None, 'cmake_target_skip_unavailable': False, 'install_base': '/home/felix/robo/robo_ai_turku_2025/install/lab01_task05', 'merge_install': False, 'path': '/home/felix/robo/robo_ai_turku_2025/ros2_ws/src/lab01_task05', 'symlink_install': False, 'test_result_base': None}
[1.627s] INFO:colcon.colcon_core.executor:Executing jobs using 'parallel' executor
[1.629s] DEBUG:colcon.colcon_parallel_executor.executor.parallel:run_until_complete
[1.629s] INFO:colcon.colcon_ros.task.ament_cmake.build:Building ROS package in '/home/felix/robo/robo_ai_turku_2025/ros2_ws/src/custom_interface' with build type 'ament_cmake'
[1.629s] INFO:colcon.colcon_cmake.task.cmake.build:Building CMake package in '/home/felix/robo/robo_ai_turku_2025/ros2_ws/src/custom_interface'
[1.642s] INFO:colcon.colcon_core.plugin_system:Skipping extension 'colcon_core.shell.bat': Not used on non-Windows systems
[1.643s] INFO:colcon.colcon_core.shell:Skip shell extension 'powershell' for command environment: Not usable outside of PowerShell
[1.643s] DEBUG:colcon.colcon_core.shell:Skip shell extension 'dsv' for command environment
[1.650s] INFO:colcon.colcon_ros.task.ament_python.build:Building ROS package in '/home/felix/robo/robo_ai_turku_2025/ros2_ws/src/lab01_task01' with build type 'ament_python'
[1.650s] Level 1:colcon.colcon_core.shell:create_environment_hook('lab01_task01', 'ament_prefix_path')
[1.650s] INFO:colcon.colcon_core.shell:Creating environment hook '/home/felix/robo/robo_ai_turku_2025/install/lab01_task01/share/lab01_task01/hook/ament_prefix_path.ps1'
[1.652s] INFO:colcon.colcon_core.shell:Creating environment descriptor '/home/felix/robo/robo_ai_turku_2025/install/lab01_task01/share/lab01_task01/hook/ament_prefix_path.dsv'
[1.657s] INFO:colcon.colcon_core.shell:Creating environment hook '/home/felix/robo/robo_ai_turku_2025/install/lab01_task01/share/lab01_task01/hook/ament_prefix_path.sh'
[1.658s] INFO:colcon.colcon_core.shell:Skip shell extension 'powershell' for command environment: Not usable outside of PowerShell
[1.658s] DEBUG:colcon.colcon_core.shell:Skip shell extension 'dsv' for command environment
[1.664s] INFO:colcon.colcon_ros.task.ament_python.build:Building ROS package in '/home/felix/robo/robo_ai_turku_2025/ros2_ws/src/lab01_task02' with build type 'ament_python'
[1.664s] Level 1:colcon.colcon_core.shell:create_environment_hook('lab01_task02', 'ament_prefix_path')
[1.665s] INFO:colcon.colcon_core.shell:Creating environment hook '/home/felix/robo/robo_ai_turku_2025/install/lab01_task02/share/lab01_task02/hook/ament_prefix_path.ps1'
[1.666s] INFO:colcon.colcon_core.shell:Creating environment descriptor '/home/felix/robo/robo_ai_turku_2025/install/lab01_task02/share/lab01_task02/hook/ament_prefix_path.dsv'
[1.667s] INFO:colcon.colcon_core.shell:Creating environment hook '/home/felix/robo/robo_ai_turku_2025/install/lab01_task02/share/lab01_task02/hook/ament_prefix_path.sh'
[1.668s] INFO:colcon.colcon_core.shell:Skip shell extension 'powershell' for command environment: Not usable outside of PowerShell
[1.668s] DEBUG:colcon.colcon_core.shell:Skip shell extension 'dsv' for command environment
[1.674s] INFO:colcon.colcon_ros.task.ament_python.build:Building ROS package in '/home/felix/robo/robo_ai_turku_2025/ros2_ws/src/lab1_bringup' with build type 'ament_python'
[1.674s] Level 1:colcon.colcon_core.shell:create_environment_hook('lab1_bringup', 'ament_prefix_path')
[1.674s] INFO:colcon.colcon_core.shell:Creating environment hook '/home/felix/robo/robo_ai_turku_2025/install/lab1_bringup/share/lab1_bringup/hook/ament_prefix_path.ps1'
[1.676s] INFO:colcon.colcon_core.shell:Creating environment descriptor '/home/felix/robo/robo_ai_turku_2025/install/lab1_bringup/share/lab1_bringup/hook/ament_prefix_path.dsv'
[1.676s] INFO:colcon.colcon_core.shell:Creating environment hook '/home/felix/robo/robo_ai_turku_2025/install/lab1_bringup/share/lab1_bringup/hook/ament_prefix_path.sh'
[1.677s] INFO:colcon.colcon_core.shell:Skip shell extension 'powershell' for command environment: Not usable outside of PowerShell
[1.677s] DEBUG:colcon.colcon_core.shell:Skip shell extension 'dsv' for command environment
[1.683s] INFO:colcon.colcon_ros.task.ament_python.build:Building ROS package in '/home/felix/robo/robo_ai_turku_2025/ros2_ws/src/task1' with build type 'ament_python'
[1.683s] Level 1:colcon.colcon_core.shell:create_environment_hook('task1', 'ament_prefix_path')
[1.683s] INFO:colcon.colcon_core.shell:Creating environment hook '/home/felix/robo/robo_ai_turku_2025/install/task1/share/task1/hook/ament_prefix_path.ps1'
[1.683s] INFO:colcon.colcon_core.shell:Creating environment descriptor '/home/felix/robo/robo_ai_turku_2025/install/task1/share/task1/hook/ament_prefix_path.dsv'
[1.685s] INFO:colcon.colcon_core.shell:Creating environment hook '/home/felix/robo/robo_ai_turku_2025/install/task1/share/task1/hook/ament_prefix_path.sh'
[1.685s] INFO:colcon.colcon_core.shell:Skip shell extension 'powershell' for command environment: Not usable outside of PowerShell
[1.686s] DEBUG:colcon.colcon_core.shell:Skip shell extension 'dsv' for command environment
[1.699s] DEBUG:colcon.colcon_core.event_handler.log_command:Invoking command in '/home/felix/robo/robo_ai_turku_2025/build/custom_interface': CMAKE_PREFIX_PATH=${CMAKE_PREFIX_PATH}:/home/felix/robo/robo_ai_turku_2025/install/task1:/home/felix/robo/robo_ai_turku_2025/install/lab1_bringup:/home/felix/robo/robo_ai_turku_2025/install/lab01_task05:/home/felix/robo/robo_ai_turku_2025/install/lab01_task03:/home/felix/robo/robo_ai_turku_2025/install/lab01_task02:/home/felix/robo/robo_ai_turku_2025/install/lab01_task01:/home/felix/robo/robo_ai_turku_2025/ros2_ws/install/lab01_task05:/home/felix/robo/robo_ai_turku_2025/ros2_ws/install/lab01_task03:/home/felix/robo/robo_ai_turku_2025/ros2_ws/install/lab01_task02:/home/felix/robo/robo_ai_turku_2025/ros2_ws/install/lab01_task01:/home/felix/robo/robo_ai_turku_2025/ros2_ws/install/lab1_bringup:/home/felix/robo/robo_ai_turku_2025/ros2_ws/install/task1:/opt/ros/humble /usr/bin/cmake --build /home/felix/robo/robo_ai_turku_2025/build/custom_interface -- -j22 -l22
[2.003s] INFO:colcon.colcon_core.task.python.build:Building Python package in '/home/felix/robo/robo_ai_turku_2025/ros2_ws/src/lab01_task01'
[2.003s] INFO:colcon.colcon_core.shell:Skip shell extension 'powershell' for command environment: Not usable outside of PowerShell
[2.003s] DEBUG:colcon.colcon_core.shell:Skip shell extension 'dsv' for command environment
[2.281s] INFO:colcon.colcon_core.task.python.build:Building Python package in '/home/felix/robo/robo_ai_turku_2025/ros2_ws/src/lab01_task02'
[2.281s] INFO:colcon.colcon_core.shell:Skip shell extension 'powershell' for command environment: Not usable outside of PowerShell
[2.281s] DEBUG:colcon.colcon_core.shell:Skip shell extension 'dsv' for command environment
[2.578s] INFO:colcon.colcon_core.task.python.build:Building Python package in '/home/felix/robo/robo_ai_turku_2025/ros2_ws/src/lab1_bringup'
[2.579s] INFO:colcon.colcon_core.shell:Skip shell extension 'powershell' for command environment: Not usable outside of PowerShell
[2.579s] DEBUG:colcon.colcon_core.shell:Skip shell extension 'dsv' for command environment
[2.868s] INFO:colcon.colcon_core.task.python.build:Building Python package in '/home/felix/robo/robo_ai_turku_2025/ros2_ws/src/task1'
[2.869s] INFO:colcon.colcon_core.shell:Skip shell extension 'powershell' for command environment: Not usable outside of PowerShell
[2.869s] DEBUG:colcon.colcon_core.shell:Skip shell extension 'dsv' for command environment
[2.878s] DEBUG:colcon.colcon_core.event_handler.log_command:Invoked command in '/home/felix/robo/robo_ai_turku_2025/build/custom_interface' returned '0': CMAKE_PREFIX_PATH=${CMAKE_PREFIX_PATH}:/home/felix/robo/robo_ai_turku_2025/install/task1:/home/felix/robo/robo_ai_turku_2025/install/lab1_bringup:/home/felix/robo/robo_ai_turku_2025/install/lab01_task05:/home/felix/robo/robo_ai_turku_2025/install/lab01_task03:/home/felix/robo/robo_ai_turku_2025/install/lab01_task02:/home/felix/robo/robo_ai_turku_2025/install/lab01_task01:/home/felix/robo/robo_ai_turku_2025/ros2_ws/install/lab01_task05:/home/felix/robo/robo_ai_turku_2025/ros2_ws/install/lab01_task03:/home/felix/robo/robo_ai_turku_2025/ros2_ws/install/lab01_task02:/home/felix/robo/robo_ai_turku_2025/ros2_ws/install/lab01_task01:/home/felix/robo/robo_ai_turku_2025/ros2_ws/install/lab1_bringup:/home/felix/robo/robo_ai_turku_2025/ros2_ws/install/task1:/opt/ros/humble /usr/bin/cmake --build /home/felix/robo/robo_ai_turku_2025/build/custom_interface -- -j22 -l22
[2.893s] DEBUG:colcon.colcon_core.event_handler.log_command:Invoking command in '/home/felix/robo/robo_ai_turku_2025/build/custom_interface': CMAKE_PREFIX_PATH=${CMAKE_PREFIX_PATH}:/home/felix/robo/robo_ai_turku_2025/install/task1:/home/felix/robo/robo_ai_turku_2025/install/lab1_bringup:/home/felix/robo/robo_ai_turku_2025/install/lab01_task05:/home/felix/robo/robo_ai_turku_2025/install/lab01_task03:/home/felix/robo/robo_ai_turku_2025/install/lab01_task02:/home/felix/robo/robo_ai_turku_2025/install/lab01_task01:/home/felix/robo/robo_ai_turku_2025/ros2_ws/install/lab01_task05:/home/felix/robo/robo_ai_turku_2025/ros2_ws/install/lab01_task03:/home/felix/robo/robo_ai_turku_2025/ros2_ws/install/lab01_task02:/home/felix/robo/robo_ai_turku_2025/ros2_ws/install/lab01_task01:/home/felix/robo/robo_ai_turku_2025/ros2_ws/install/lab1_bringup:/home/felix/robo/robo_ai_turku_2025/ros2_ws/install/task1:/opt/ros/humble /usr/bin/cmake --install /home/felix/robo/robo_ai_turku_2025/build/custom_interface
[3.067s] Level 1:colcon.colcon_core.environment:create_environment_scripts_only(custom_interface)
[3.067s] DEBUG:colcon.colcon_core.event_handler.log_command:Invoked command in '/home/felix/robo/robo_ai_turku_2025/build/custom_interface' returned '0': CMAKE_PREFIX_PATH=${CMAKE_PREFIX_PATH}:/home/felix/robo/robo_ai_turku_2025/install/task1:/home/felix/robo/robo_ai_turku_2025/install/lab1_bringup:/home/felix/robo/robo_ai_turku_2025/install/lab01_task05:/home/felix/robo/robo_ai_turku_2025/install/lab01_task03:/home/felix/robo/robo_ai_turku_2025/install/lab01_task02:/home/felix/robo/robo_ai_turku_2025/install/lab01_task01:/home/felix/robo/robo_ai_turku_2025/ros2_ws/install/lab01_task05:/home/felix/robo/robo_ai_turku_2025/ros2_ws/install/lab01_task03:/home/felix/robo/robo_ai_turku_2025/ros2_ws/install/lab01_task02:/home/felix/robo/robo_ai_turku_2025/ros2_ws/install/lab01_task01:/home/felix/robo/robo_ai_turku_2025/ros2_ws/install/lab1_bringup:/home/felix/robo/robo_ai_turku_2025/ros2_ws/install/task1:/opt/ros/humble /usr/bin/cmake --install /home/felix/robo/robo_ai_turku_2025/build/custom_interface
[3.087s] Level 1:colcon.colcon_core.environment:checking '/home/felix/robo/robo_ai_turku_2025/install/custom_interface' for CMake module files
[3.089s] Level 1:colcon.colcon_core.environment:checking '/home/felix/robo/robo_ai_turku_2025/install/custom_interface' for CMake config files
[3.104s] Level 1:colcon.colcon_core.shell:create_environment_hook('custom_interface', 'cmake_prefix_path')
[3.105s] INFO:colcon.colcon_core.shell:Creating environment hook '/home/felix/robo/robo_ai_turku_2025/install/custom_interface/share/custom_interface/hook/cmake_prefix_path.ps1'
[3.105s] INFO:colcon.colcon_core.shell:Creating environment descriptor '/home/felix/robo/robo_ai_turku_2025/install/custom_interface/share/custom_interface/hook/cmake_prefix_path.dsv'
[3.106s] INFO:colcon.colcon_core.shell:Creating environment hook '/home/felix/robo/robo_ai_turku_2025/install/custom_interface/share/custom_interface/hook/cmake_prefix_path.sh'
[3.107s] Level 1:colcon.colcon_core.environment:checking '/home/felix/robo/robo_ai_turku_2025/install/custom_interface/lib'
[3.107s] Level 1:colcon.colcon_core.shell:create_environment_hook('custom_interface', 'ld_library_path_lib')
[3.107s] INFO:colcon.colcon_core.shell:Creating environment hook '/home/felix/robo/robo_ai_turku_2025/install/custom_interface/share/custom_interface/hook/ld_library_path_lib.ps1'
[3.107s] INFO:colcon.colcon_core.shell:Creating environment descriptor '/home/felix/robo/robo_ai_turku_2025/install/custom_interface/share/custom_interface/hook/ld_library_path_lib.dsv'
[3.108s] INFO:colcon.colcon_core.shell:Creating environment hook '/home/felix/robo/robo_ai_turku_2025/install/custom_interface/share/custom_interface/hook/ld_library_path_lib.sh'
[3.108s] Level 1:colcon.colcon_core.environment:checking '/home/felix/robo/robo_ai_turku_2025/install/custom_interface/bin'
[3.108s] Level 1:colcon.colcon_core.environment:checking '/home/felix/robo/robo_ai_turku_2025/install/custom_interface/lib/pkgconfig/custom_interface.pc'
[3.108s] Level 1:colcon.colcon_core.environment:checking '/home/felix/robo/robo_ai_turku_2025/install/custom_interface/lib/python3.10/site-packages'
[3.108s] Level 1:colcon.colcon_core.environment:checking '/home/felix/robo/robo_ai_turku_2025/install/custom_interface/bin'
[3.109s] INFO:colcon.colcon_core.shell:Creating package script '/home/felix/robo/robo_ai_turku_2025/install/custom_interface/share/custom_interface/package.ps1'
[3.111s] INFO:colcon.colcon_core.shell:Creating package descriptor '/home/felix/robo/robo_ai_turku_2025/install/custom_interface/share/custom_interface/package.dsv'
[3.113s] INFO:colcon.colcon_core.shell:Creating package script '/home/felix/robo/robo_ai_turku_2025/install/custom_interface/share/custom_interface/package.sh'
[3.115s] INFO:colcon.colcon_core.shell:Creating package script '/home/felix/robo/robo_ai_turku_2025/install/custom_interface/share/custom_interface/package.bash'
[3.117s] INFO:colcon.colcon_core.shell:Creating package script '/home/felix/robo/robo_ai_turku_2025/install/custom_interface/share/custom_interface/package.zsh'
[3.121s] Level 1:colcon.colcon_core.environment:create_file_with_runtime_dependencies(/home/felix/robo/robo_ai_turku_2025/install/custom_interface/share/colcon-core/packages/custom_interface)
[3.122s] Level 1:colcon.colcon_core.environment:create_environment_scripts_only(custom_interface)
[3.122s] Level 1:colcon.colcon_core.environment:checking '/home/felix/robo/robo_ai_turku_2025/install/custom_interface' for CMake module files
[3.123s] Level 1:colcon.colcon_core.environment:checking '/home/felix/robo/robo_ai_turku_2025/install/custom_interface' for CMake config files
[3.123s] Level 1:colcon.colcon_core.shell:create_environment_hook('custom_interface', 'cmake_prefix_path')
[3.124s] INFO:colcon.colcon_core.shell:Creating environment hook '/home/felix/robo/robo_ai_turku_2025/install/custom_interface/share/custom_interface/hook/cmake_prefix_path.ps1'
[3.124s] INFO:colcon.colcon_core.shell:Creating environment descriptor '/home/felix/robo/robo_ai_turku_2025/install/custom_interface/share/custom_interface/hook/cmake_prefix_path.dsv'
[3.124s] INFO:colcon.colcon_core.shell:Creating environment hook '/home/felix/robo/robo_ai_turku_2025/install/custom_interface/share/custom_interface/hook/cmake_prefix_path.sh'
[3.125s] Level 1:colcon.colcon_core.environment:checking '/home/felix/robo/robo_ai_turku_2025/install/custom_interface/lib'
[3.125s] Level 1:colcon.colcon_core.shell:create_environment_hook('custom_interface', 'ld_library_path_lib')
[3.125s] INFO:colcon.colcon_core.shell:Creating environment hook '/home/felix/robo/robo_ai_turku_2025/install/custom_interface/share/custom_interface/hook/ld_library_path_lib.ps1'
[3.126s] INFO:colcon.colcon_core.shell:Creating environment descriptor '/home/felix/robo/robo_ai_turku_2025/install/custom_interface/share/custom_interface/hook/ld_library_path_lib.dsv'
[3.126s] INFO:colcon.colcon_core.shell:Creating environment hook '/home/felix/robo/robo_ai_turku_2025/install/custom_interface/share/custom_interface/hook/ld_library_path_lib.sh'
[3.126s] Level 1:colcon.colcon_core.environment:checking '/home/felix/robo/robo_ai_turku_2025/install/custom_interface/bin'
[3.126s] Level 1:colcon.colcon_core.environment:checking '/home/felix/robo/robo_ai_turku_2025/install/custom_interface/lib/pkgconfig/custom_interface.pc'
[3.127s] Level 1:colcon.colcon_core.environment:checking '/home/felix/robo/robo_ai_turku_2025/install/custom_interface/lib/python3.10/site-packages'
[3.127s] Level 1:colcon.colcon_core.environment:checking '/home/felix/robo/robo_ai_turku_2025/install/custom_interface/bin'
[3.127s] INFO:colcon.colcon_core.shell:Creating package script '/home/felix/robo/robo_ai_turku_2025/install/custom_interface/share/custom_interface/package.ps1'
[3.128s] INFO:colcon.colcon_core.shell:Creating package descriptor '/home/felix/robo/robo_ai_turku_2025/install/custom_interface/share/custom_interface/package.dsv'
[3.128s] INFO:colcon.colcon_core.shell:Creating package script '/home/felix/robo/robo_ai_turku_2025/install/custom_interface/share/custom_interface/package.sh'
[3.129s] INFO:colcon.colcon_core.shell:Creating package script '/home/felix/robo/robo_ai_turku_2025/install/custom_interface/share/custom_interface/package.bash'
[3.129s] INFO:colcon.colcon_core.shell:Creating package script '/home/felix/robo/robo_ai_turku_2025/install/custom_interface/share/custom_interface/package.zsh'
[3.129s] Level 1:colcon.colcon_core.environment:create_file_with_runtime_dependencies(/home/felix/robo/robo_ai_turku_2025/install/custom_interface/share/colcon-core/packages/custom_interface)
[3.130s] INFO:colcon.colcon_ros.task.ament_python.build:Building ROS package in '/home/felix/robo/robo_ai_turku_2025/ros2_ws/src/lab01_task03' with build type 'ament_python'
[3.130s] Level 1:colcon.colcon_core.shell:create_environment_hook('lab01_task03', 'ament_prefix_path')
[3.130s] INFO:colcon.colcon_core.shell:Creating environment hook '/home/felix/robo/robo_ai_turku_2025/install/lab01_task03/share/lab01_task03/hook/ament_prefix_path.ps1'
[3.131s] INFO:colcon.colcon_core.shell:Creating environment descriptor '/home/felix/robo/robo_ai_turku_2025/install/lab01_task03/share/lab01_task03/hook/ament_prefix_path.dsv'
[3.132s] INFO:colcon.colcon_core.shell:Creating environment hook '/home/felix/robo/robo_ai_turku_2025/install/lab01_task03/share/lab01_task03/hook/ament_prefix_path.sh'
[3.132s] INFO:colcon.colcon_core.shell:Skip shell extension 'powershell' for command environment: Not usable outside of PowerShell
[3.132s] DEBUG:colcon.colcon_core.shell:Skip shell extension 'dsv' for command environment
[3.142s] INFO:colcon.colcon_ros.task.ament_python.build:Building ROS package in '/home/felix/robo/robo_ai_turku_2025/ros2_ws/src/lab01_task05' with build type 'ament_python'
[3.142s] Level 1:colcon.colcon_core.shell:create_environment_hook('lab01_task05', 'ament_prefix_path')
[3.143s] INFO:colcon.colcon_core.shell:Creating environment hook '/home/felix/robo/robo_ai_turku_2025/install/lab01_task05/share/lab01_task05/hook/ament_prefix_path.ps1'
[3.143s] INFO:colcon.colcon_core.shell:Creating environment descriptor '/home/felix/robo/robo_ai_turku_2025/install/lab01_task05/share/lab01_task05/hook/ament_prefix_path.dsv'
[3.144s] INFO:colcon.colcon_core.shell:Creating environment hook '/home/felix/robo/robo_ai_turku_2025/install/lab01_task05/share/lab01_task05/hook/ament_prefix_path.sh'
[3.144s] INFO:colcon.colcon_core.shell:Skip shell extension 'powershell' for command environment: Not usable outside of PowerShell
[3.144s] DEBUG:colcon.colcon_core.shell:Skip shell extension 'dsv' for command environment
[3.493s] INFO:colcon.colcon_core.task.python.build:Building Python package in '/home/felix/robo/robo_ai_turku_2025/ros2_ws/src/lab01_task03'
[3.493s] INFO:colcon.colcon_core.shell:Skip shell extension 'powershell' for command environment: Not usable outside of PowerShell
[3.493s] DEBUG:colcon.colcon_core.shell:Skip shell extension 'dsv' for command environment
[3.795s] INFO:colcon.colcon_core.task.python.build:Building Python package in '/home/felix/robo/robo_ai_turku_2025/ros2_ws/src/lab01_task05'
[3.795s] INFO:colcon.colcon_core.shell:Skip shell extension 'powershell' for command environment: Not usable outside of PowerShell
[3.795s] DEBUG:colcon.colcon_core.shell:Skip shell extension 'dsv' for command environment
[3.808s] DEBUG:colcon.colcon_core.event_handler.log_command:Invoking command in '/home/felix/robo/robo_ai_turku_2025/ros2_ws/src/lab1_bringup': PYTHONPATH=/home/felix/robo/robo_ai_turku_2025/build/lab1_bringup/prefix_override:/usr/lib/python3/dist-packages/colcon_core/task/python/colcon_distutils_commands:/home/felix/robo/robo_ai_turku_2025/install/lab1_bringup/lib/python3.10/site-packages:${PYTHONPATH} /usr/bin/python3 -W ignore:setup.py install is deprecated -W ignore:easy_install command is deprecated setup.py egg_info --egg-base ../../../build/lab1_bringup build --build-base /home/felix/robo/robo_ai_turku_2025/build/lab1_bringup/build install --record /home/felix/robo/robo_ai_turku_2025/build/lab1_bringup/install.log --single-version-externally-managed install_data
[3.814s] DEBUG:colcon.colcon_core.event_handler.log_command:Invoking command in '/home/felix/robo/robo_ai_turku_2025/ros2_ws/src/task1': PYTHONPATH=/home/felix/robo/robo_ai_turku_2025/build/task1/prefix_override:/usr/lib/python3/dist-packages/colcon_core/task/python/colcon_distutils_commands:/home/felix/robo/robo_ai_turku_2025/install/task1/lib/python3.10/site-packages:${PYTHONPATH} /usr/bin/python3 -W ignore:setup.py install is deprecated -W ignore:easy_install command is deprecated setup.py egg_info --egg-base ../../../build/task1 build --build-base /home/felix/robo/robo_ai_turku_2025/build/task1/build install --record /home/felix/robo/robo_ai_turku_2025/build/task1/install.log --single-version-externally-managed install_data
[3.819s] DEBUG:colcon.colcon_core.event_handler.log_command:Invoking command in '/home/felix/robo/robo_ai_turku_2025/ros2_ws/src/lab01_task01': PYTHONPATH=/home/felix/robo/robo_ai_turku_2025/build/lab01_task01/prefix_override:/usr/lib/python3/dist-packages/colcon_core/task/python/colcon_distutils_commands:/home/felix/robo/robo_ai_turku_2025/install/lab01_task01/lib/python3.10/site-packages:${PYTHONPATH} /usr/bin/python3 -W ignore:setup.py install is deprecated -W ignore:easy_install command is deprecated setup.py egg_info --egg-base ../../../build/lab01_task01 build --build-base /home/felix/robo/robo_ai_turku_2025/build/lab01_task01/build install --record /home/felix/robo/robo_ai_turku_2025/build/lab01_task01/install.log --single-version-externally-managed install_data
[3.840s] DEBUG:colcon.colcon_core.event_handler.log_command:Invoking command in '/home/felix/robo/robo_ai_turku_2025/ros2_ws/src/lab01_task02': PYTHONPATH=/home/felix/robo/robo_ai_turku_2025/build/lab01_task02/prefix_override:/usr/lib/python3/dist-packages/colcon_core/task/python/colcon_distutils_commands:/home/felix/robo/robo_ai_turku_2025/install/lab01_task02/lib/python3.10/site-packages:${PYTHONPATH} /usr/bin/python3 -W ignore:setup.py install is deprecated -W ignore:easy_install command is deprecated setup.py egg_info --egg-base ../../../build/lab01_task02 build --build-base /home/felix/robo/robo_ai_turku_2025/build/lab01_task02/build install --record /home/felix/robo/robo_ai_turku_2025/build/lab01_task02/install.log --single-version-externally-managed install_data
[4.172s] Level 1:colcon.colcon_core.environment:checking '/home/felix/robo/robo_ai_turku_2025/install/lab1_bringup' for CMake module files
[4.173s] DEBUG:colcon.colcon_core.event_handler.log_command:Invoked command in '/home/felix/robo/robo_ai_turku_2025/ros2_ws/src/lab1_bringup' returned '0': PYTHONPATH=/home/felix/robo/robo_ai_turku_2025/build/lab1_bringup/prefix_override:/usr/lib/python3/dist-packages/colcon_core/task/python/colcon_distutils_commands:/home/felix/robo/robo_ai_turku_2025/install/lab1_bringup/lib/python3.10/site-packages:${PYTHONPATH} /usr/bin/python3 -W ignore:setup.py install is deprecated -W ignore:easy_install command is deprecated setup.py egg_info --egg-base ../../../build/lab1_bringup build --build-base /home/felix/robo/robo_ai_turku_2025/build/lab1_bringup/build install --record /home/felix/robo/robo_ai_turku_2025/build/lab1_bringup/install.log --single-version-externally-managed install_data
[4.175s] Level 1:colcon.colcon_core.environment:checking '/home/felix/robo/robo_ai_turku_2025/install/lab1_bringup' for CMake config files
[4.184s] Level 1:colcon.colcon_core.environment:checking '/home/felix/robo/robo_ai_turku_2025/install/lab1_bringup/lib'
[4.184s] Level 1:colcon.colcon_core.environment:checking '/home/felix/robo/robo_ai_turku_2025/install/lab1_bringup/bin'
[4.184s] Level 1:colcon.colcon_core.environment:checking '/home/felix/robo/robo_ai_turku_2025/install/lab1_bringup/lib/pkgconfig/lab1_bringup.pc'
[4.185s] Level 1:colcon.colcon_core.environment:checking '/home/felix/robo/robo_ai_turku_2025/install/lab1_bringup/lib/python3.10/site-packages'
[4.185s] Level 1:colcon.colcon_core.shell:create_environment_hook('lab1_bringup', 'pythonpath')
[4.186s] INFO:colcon.colcon_core.shell:Creating environment hook '/home/felix/robo/robo_ai_turku_2025/install/lab1_bringup/share/lab1_bringup/hook/pythonpath.ps1'
[4.186s] INFO:colcon.colcon_core.shell:Creating environment descriptor '/home/felix/robo/robo_ai_turku_2025/install/lab1_bringup/share/lab1_bringup/hook/pythonpath.dsv'
[4.187s] INFO:colcon.colcon_core.shell:Creating environment hook '/home/felix/robo/robo_ai_turku_2025/install/lab1_bringup/share/lab1_bringup/hook/pythonpath.sh'
[4.188s] Level 1:colcon.colcon_core.environment:checking '/home/felix/robo/robo_ai_turku_2025/install/lab1_bringup/bin'
[4.188s] Level 1:colcon.colcon_core.environment:create_environment_scripts_only(lab1_bringup)
[4.188s] INFO:colcon.colcon_core.shell:Creating package script '/home/felix/robo/robo_ai_turku_2025/install/lab1_bringup/share/lab1_bringup/package.ps1'
[4.189s] INFO:colcon.colcon_core.shell:Creating package descriptor '/home/felix/robo/robo_ai_turku_2025/install/lab1_bringup/share/lab1_bringup/package.dsv'
[4.189s] INFO:colcon.colcon_core.shell:Creating package script '/home/felix/robo/robo_ai_turku_2025/install/lab1_bringup/share/lab1_bringup/package.sh'
[4.193s] INFO:colcon.colcon_core.shell:Creating package script '/home/felix/robo/robo_ai_turku_2025/install/lab1_bringup/share/lab1_bringup/package.bash'
[4.194s] INFO:colcon.colcon_core.shell:Creating package script '/home/felix/robo/robo_ai_turku_2025/install/lab1_bringup/share/lab1_bringup/package.zsh'
[4.196s] Level 1:colcon.colcon_core.environment:create_file_with_runtime_dependencies(/home/felix/robo/robo_ai_turku_2025/install/lab1_bringup/share/colcon-core/packages/lab1_bringup)
[4.212s] Level 1:colcon.colcon_core.environment:checking '/home/felix/robo/robo_ai_turku_2025/install/lab01_task02' for CMake module files
[4.214s] DEBUG:colcon.colcon_core.event_handler.log_command:Invoked command in '/home/felix/robo/robo_ai_turku_2025/ros2_ws/src/lab01_task02' returned '0': PYTHONPATH=/home/felix/robo/robo_ai_turku_2025/build/lab01_task02/prefix_override:/usr/lib/python3/dist-packages/colcon_core/task/python/colcon_distutils_commands:/home/felix/robo/robo_ai_turku_2025/install/lab01_task02/lib/python3.10/site-packages:${PYTHONPATH} /usr/bin/python3 -W ignore:setup.py install is deprecated -W ignore:easy_install command is deprecated setup.py egg_info --egg-base ../../../build/lab01_task02 build --build-base /home/felix/robo/robo_ai_turku_2025/build/lab01_task02/build install --record /home/felix/robo/robo_ai_turku_2025/build/lab01_task02/install.log --single-version-externally-managed install_data
[4.216s] Level 1:colcon.colcon_core.environment:checking '/home/felix/robo/robo_ai_turku_2025/install/lab01_task02' for CMake config files
[4.222s] Level 1:colcon.colcon_core.environment:checking '/home/felix/robo/robo_ai_turku_2025/install/lab01_task02/lib'
[4.222s] Level 1:colcon.colcon_core.environment:checking '/home/felix/robo/robo_ai_turku_2025/install/lab01_task02/bin'
[4.222s] Level 1:colcon.colcon_core.environment:checking '/home/felix/robo/robo_ai_turku_2025/install/lab01_task02/lib/pkgconfig/lab01_task02.pc'
[4.223s] Level 1:colcon.colcon_core.environment:checking '/home/felix/robo/robo_ai_turku_2025/install/lab01_task02/lib/python3.10/site-packages'
[4.223s] Level 1:colcon.colcon_core.shell:create_environment_hook('lab01_task02', 'pythonpath')
[4.223s] INFO:colcon.colcon_core.shell:Creating environment hook '/home/felix/robo/robo_ai_turku_2025/install/lab01_task02/share/lab01_task02/hook/pythonpath.ps1'
[4.223s] INFO:colcon.colcon_core.shell:Creating environment descriptor '/home/felix/robo/robo_ai_turku_2025/install/lab01_task02/share/lab01_task02/hook/pythonpath.dsv'
[4.224s] INFO:colcon.colcon_core.shell:Creating environment hook '/home/felix/robo/robo_ai_turku_2025/install/lab01_task02/share/lab01_task02/hook/pythonpath.sh'
[4.225s] Level 1:colcon.colcon_core.environment:checking '/home/felix/robo/robo_ai_turku_2025/install/lab01_task02/bin'
[4.225s] Level 1:colcon.colcon_core.environment:create_environment_scripts_only(lab01_task02)
[4.225s] INFO:colcon.colcon_core.shell:Creating package script '/home/felix/robo/robo_ai_turku_2025/install/lab01_task02/share/lab01_task02/package.ps1'
[4.226s] INFO:colcon.colcon_core.shell:Creating package descriptor '/home/felix/robo/robo_ai_turku_2025/install/lab01_task02/share/lab01_task02/package.dsv'
[4.226s] INFO:colcon.colcon_core.shell:Creating package script '/home/felix/robo/robo_ai_turku_2025/install/lab01_task02/share/lab01_task02/package.sh'
[4.227s] INFO:colcon.colcon_core.shell:Creating package script '/home/felix/robo/robo_ai_turku_2025/install/lab01_task02/share/lab01_task02/package.bash'
[4.227s] INFO:colcon.colcon_core.shell:Creating package script '/home/felix/robo/robo_ai_turku_2025/install/lab01_task02/share/lab01_task02/package.zsh'
[4.227s] Level 1:colcon.colcon_core.environment:create_file_with_runtime_dependencies(/home/felix/robo/robo_ai_turku_2025/install/lab01_task02/share/colcon-core/packages/lab01_task02)
[4.231s] Level 1:colcon.colcon_core.environment:checking '/home/felix/robo/robo_ai_turku_2025/install/task1' for CMake module files
[4.232s] DEBUG:colcon.colcon_core.event_handler.log_command:Invoked command in '/home/felix/robo/robo_ai_turku_2025/ros2_ws/src/task1' returned '0': PYTHONPATH=/home/felix/robo/robo_ai_turku_2025/build/task1/prefix_override:/usr/lib/python3/dist-packages/colcon_core/task/python/colcon_distutils_commands:/home/felix/robo/robo_ai_turku_2025/install/task1/lib/python3.10/site-packages:${PYTHONPATH} /usr/bin/python3 -W ignore:setup.py install is deprecated -W ignore:easy_install command is deprecated setup.py egg_info --egg-base ../../../build/task1 build --build-base /home/felix/robo/robo_ai_turku_2025/build/task1/build install --record /home/felix/robo/robo_ai_turku_2025/build/task1/install.log --single-version-externally-managed install_data
[4.232s] Level 1:colcon.colcon_core.environment:checking '/home/felix/robo/robo_ai_turku_2025/install/task1' for CMake config files
[4.235s] Level 1:colcon.colcon_core.environment:checking '/home/felix/robo/robo_ai_turku_2025/install/task1/lib'
[4.235s] Level 1:colcon.colcon_core.environment:checking '/home/felix/robo/robo_ai_turku_2025/install/task1/bin'
[4.235s] Level 1:colcon.colcon_core.environment:checking '/home/felix/robo/robo_ai_turku_2025/install/task1/lib/pkgconfig/task1.pc'
[4.236s] Level 1:colcon.colcon_core.environment:checking '/home/felix/robo/robo_ai_turku_2025/install/task1/lib/python3.10/site-packages'
[4.236s] Level 1:colcon.colcon_core.shell:create_environment_hook('task1', 'pythonpath')
[4.236s] INFO:colcon.colcon_core.shell:Creating environment hook '/home/felix/robo/robo_ai_turku_2025/install/task1/share/task1/hook/pythonpath.ps1'
[4.236s] INFO:colcon.colcon_core.shell:Creating environment descriptor '/home/felix/robo/robo_ai_turku_2025/install/task1/share/task1/hook/pythonpath.dsv'
[4.237s] INFO:colcon.colcon_core.shell:Creating environment hook '/home/felix/robo/robo_ai_turku_2025/install/task1/share/task1/hook/pythonpath.sh'
[4.237s] Level 1:colcon.colcon_core.environment:checking '/home/felix/robo/robo_ai_turku_2025/install/task1/bin'
[4.237s] Level 1:colcon.colcon_core.environment:create_environment_scripts_only(task1)
[4.238s] INFO:colcon.colcon_core.shell:Creating package script '/home/felix/robo/robo_ai_turku_2025/install/task1/share/task1/package.ps1'
[4.239s] INFO:colcon.colcon_core.shell:Creating package descriptor '/home/felix/robo/robo_ai_turku_2025/install/task1/share/task1/package.dsv'
[4.239s] INFO:colcon.colcon_core.shell:Creating package script '/home/felix/robo/robo_ai_turku_2025/install/task1/share/task1/package.sh'
[4.239s] INFO:colcon.colcon_core.shell:Creating package script '/home/felix/robo/robo_ai_turku_2025/install/task1/share/task1/package.bash'
[4.240s] INFO:colcon.colcon_core.shell:Creating package script '/home/felix/robo/robo_ai_turku_2025/install/task1/share/task1/package.zsh'
[4.240s] Level 1:colcon.colcon_core.environment:create_file_with_runtime_dependencies(/home/felix/robo/robo_ai_turku_2025/install/task1/share/colcon-core/packages/task1)
[4.241s] Level 1:colcon.colcon_core.environment:checking '/home/felix/robo/robo_ai_turku_2025/install/lab01_task01' for CMake module files
[4.242s] DEBUG:colcon.colcon_core.event_handler.log_command:Invoked command in '/home/felix/robo/robo_ai_turku_2025/ros2_ws/src/lab01_task01' returned '0': PYTHONPATH=/home/felix/robo/robo_ai_turku_2025/build/lab01_task01/prefix_override:/usr/lib/python3/dist-packages/colcon_core/task/python/colcon_distutils_commands:/home/felix/robo/robo_ai_turku_2025/install/lab01_task01/lib/python3.10/site-packages:${PYTHONPATH} /usr/bin/python3 -W ignore:setup.py install is deprecated -W ignore:easy_install command is deprecated setup.py egg_info --egg-base ../../../build/lab01_task01 build --build-base /home/felix/robo/robo_ai_turku_2025/build/lab01_task01/build install --record /home/felix/robo/robo_ai_turku_2025/build/lab01_task01/install.log --single-version-externally-managed install_data
[4.243s] Level 1:colcon.colcon_core.environment:checking '/home/felix/robo/robo_ai_turku_2025/install/lab01_task01' for CMake config files
[4.246s] Level 1:colcon.colcon_core.environment:checking '/home/felix/robo/robo_ai_turku_2025/install/lab01_task01/lib'
[4.247s] Level 1:colcon.colcon_core.environment:checking '/home/felix/robo/robo_ai_turku_2025/install/lab01_task01/bin'
[4.247s] Level 1:colcon.colcon_core.environment:checking '/home/felix/robo/robo_ai_turku_2025/install/lab01_task01/lib/pkgconfig/lab01_task01.pc'
[4.247s] Level 1:colcon.colcon_core.environment:checking '/home/felix/robo/robo_ai_turku_2025/install/lab01_task01/lib/python3.10/site-packages'
[4.247s] Level 1:colcon.colcon_core.shell:create_environment_hook('lab01_task01', 'pythonpath')
[4.247s] INFO:colcon.colcon_core.shell:Creating environment hook '/home/felix/robo/robo_ai_turku_2025/install/lab01_task01/share/lab01_task01/hook/pythonpath.ps1'
[4.248s] INFO:colcon.colcon_core.shell:Creating environment descriptor '/home/felix/robo/robo_ai_turku_2025/install/lab01_task01/share/lab01_task01/hook/pythonpath.dsv'
[4.248s] INFO:colcon.colcon_core.shell:Creating environment hook '/home/felix/robo/robo_ai_turku_2025/install/lab01_task01/share/lab01_task01/hook/pythonpath.sh'
[4.249s] Level 1:colcon.colcon_core.environment:checking '/home/felix/robo/robo_ai_turku_2025/install/lab01_task01/bin'
[4.249s] Level 1:colcon.colcon_core.environment:create_environment_scripts_only(lab01_task01)
[4.249s] INFO:colcon.colcon_core.shell:Creating package script '/home/felix/robo/robo_ai_turku_2025/install/lab01_task01/share/lab01_task01/package.ps1'
[4.249s] INFO:colcon.colcon_core.shell:Creating package descriptor '/home/felix/robo/robo_ai_turku_2025/install/lab01_task01/share/lab01_task01/package.dsv'
[4.250s] INFO:colcon.colcon_core.shell:Creating package script '/home/felix/robo/robo_ai_turku_2025/install/lab01_task01/share/lab01_task01/package.sh'
[4.250s] INFO:colcon.colcon_core.shell:Creating package script '/home/felix/robo/robo_ai_turku_2025/install/lab01_task01/share/lab01_task01/package.bash'
[4.251s] INFO:colcon.colcon_core.shell:Creating package script '/home/felix/robo/robo_ai_turku_2025/install/lab01_task01/share/lab01_task01/package.zsh'
[4.251s] Level 1:colcon.colcon_core.environment:create_file_with_runtime_dependencies(/home/felix/robo/robo_ai_turku_2025/install/lab01_task01/share/colcon-core/packages/lab01_task01)
[4.289s] DEBUG:colcon.colcon_core.event_handler.log_command:Invoking command in '/home/felix/robo/robo_ai_turku_2025/ros2_ws/src/lab01_task03': PYTHONPATH=/home/felix/robo/robo_ai_turku_2025/build/lab01_task03/prefix_override:/usr/lib/python3/dist-packages/colcon_core/task/python/colcon_distutils_commands:/home/felix/robo/robo_ai_turku_2025/install/lab01_task03/lib/python3.10/site-packages:${PYTHONPATH} /usr/bin/python3 -W ignore:setup.py install is deprecated -W ignore:easy_install command is deprecated setup.py egg_info --egg-base ../../../build/lab01_task03 build --build-base /home/felix/robo/robo_ai_turku_2025/build/lab01_task03/build install --record /home/felix/robo/robo_ai_turku_2025/build/lab01_task03/install.log --single-version-externally-managed install_data
[4.366s] DEBUG:colcon.colcon_core.event_handler.log_command:Invoking command in '/home/felix/robo/robo_ai_turku_2025/ros2_ws/src/lab01_task05': PYTHONPATH=/home/felix/robo/robo_ai_turku_2025/build/lab01_task05/prefix_override:/usr/lib/python3/dist-packages/colcon_core/task/python/colcon_distutils_commands:/home/felix/robo/robo_ai_turku_2025/install/lab01_task05/lib/python3.10/site-packages:${PYTHONPATH} /usr/bin/python3 -W ignore:setup.py install is deprecated -W ignore:easy_install command is deprecated setup.py egg_info --egg-base ../../../build/lab01_task05 build --build-base /home/felix/robo/robo_ai_turku_2025/build/lab01_task05/build install --record /home/felix/robo/robo_ai_turku_2025/build/lab01_task05/install.log --single-version-externally-managed install_data
[4.617s] Level 1:colcon.colcon_core.environment:checking '/home/felix/robo/robo_ai_turku_2025/install/lab01_task03' for CMake module files
[4.618s] DEBUG:colcon.colcon_core.event_handler.log_command:Invoked command in '/home/felix/robo/robo_ai_turku_2025/ros2_ws/src/lab01_task03' returned '0': PYTHONPATH=/home/felix/robo/robo_ai_turku_2025/build/lab01_task03/prefix_override:/usr/lib/python3/dist-packages/colcon_core/task/python/colcon_distutils_commands:/home/felix/robo/robo_ai_turku_2025/install/lab01_task03/lib/python3.10/site-packages:${PYTHONPATH} /usr/bin/python3 -W ignore:setup.py install is deprecated -W ignore:easy_install command is deprecated setup.py egg_info --egg-base ../../../build/lab01_task03 build --build-base /home/felix/robo/robo_ai_turku_2025/build/lab01_task03/build install --record /home/felix/robo/robo_ai_turku_2025/build/lab01_task03/install.log --single-version-externally-managed install_data
[4.620s] Level 1:colcon.colcon_core.environment:checking '/home/felix/robo/robo_ai_turku_2025/install/lab01_task03' for CMake config files
[4.625s] Level 1:colcon.colcon_core.environment:checking '/home/felix/robo/robo_ai_turku_2025/install/lab01_task03/lib'
[4.625s] Level 1:colcon.colcon_core.environment:checking '/home/felix/robo/robo_ai_turku_2025/install/lab01_task03/bin'
[4.625s] Level 1:colcon.colcon_core.environment:checking '/home/felix/robo/robo_ai_turku_2025/install/lab01_task03/lib/pkgconfig/lab01_task03.pc'
[4.625s] Level 1:colcon.colcon_core.environment:checking '/home/felix/robo/robo_ai_turku_2025/install/lab01_task03/lib/python3.10/site-packages'
[4.625s] Level 1:colcon.colcon_core.shell:create_environment_hook('lab01_task03', 'pythonpath')
[4.625s] INFO:colcon.colcon_core.shell:Creating environment hook '/home/felix/robo/robo_ai_turku_2025/install/lab01_task03/share/lab01_task03/hook/pythonpath.ps1'
[4.626s] INFO:colcon.colcon_core.shell:Creating environment descriptor '/home/felix/robo/robo_ai_turku_2025/install/lab01_task03/share/lab01_task03/hook/pythonpath.dsv'
[4.626s] INFO:colcon.colcon_core.shell:Creating environment hook '/home/felix/robo/robo_ai_turku_2025/install/lab01_task03/share/lab01_task03/hook/pythonpath.sh'
[4.627s] Level 1:colcon.colcon_core.environment:checking '/home/felix/robo/robo_ai_turku_2025/install/lab01_task03/bin'
[4.627s] Level 1:colcon.colcon_core.environment:create_environment_scripts_only(lab01_task03)
[4.628s] INFO:colcon.colcon_core.shell:Creating package script '/home/felix/robo/robo_ai_turku_2025/install/lab01_task03/share/lab01_task03/package.ps1'
[4.629s] INFO:colcon.colcon_core.shell:Creating package descriptor '/home/felix/robo/robo_ai_turku_2025/install/lab01_task03/share/lab01_task03/package.dsv'
[4.630s] INFO:colcon.colcon_core.shell:Creating package script '/home/felix/robo/robo_ai_turku_2025/install/lab01_task03/share/lab01_task03/package.sh'
[4.632s] INFO:colcon.colcon_core.shell:Creating package script '/home/felix/robo/robo_ai_turku_2025/install/lab01_task03/share/lab01_task03/package.bash'
[4.632s] INFO:colcon.colcon_core.shell:Creating package script '/home/felix/robo/robo_ai_turku_2025/install/lab01_task03/share/lab01_task03/package.zsh'
[4.634s] Level 1:colcon.colcon_core.environment:create_file_with_runtime_dependencies(/home/felix/robo/robo_ai_turku_2025/install/lab01_task03/share/colcon-core/packages/lab01_task03)
[4.689s] Level 1:colcon.colcon_core.environment:checking '/home/felix/robo/robo_ai_turku_2025/install/lab01_task05' for CMake module files
[4.690s] DEBUG:colcon.colcon_core.event_handler.log_command:Invoked command in '/home/felix/robo/robo_ai_turku_2025/ros2_ws/src/lab01_task05' returned '0': PYTHONPATH=/home/felix/robo/robo_ai_turku_2025/build/lab01_task05/prefix_override:/usr/lib/python3/dist-packages/colcon_core/task/python/colcon_distutils_commands:/home/felix/robo/robo_ai_turku_2025/install/lab01_task05/lib/python3.10/site-packages:${PYTHONPATH} /usr/bin/python3 -W ignore:setup.py install is deprecated -W ignore:easy_install command is deprecated setup.py egg_info --egg-base ../../../build/lab01_task05 build --build-base /home/felix/robo/robo_ai_turku_2025/build/lab01_task05/build install --record /home/felix/robo/robo_ai_turku_2025/build/lab01_task05/install.log --single-version-externally-managed install_data
[4.692s] Level 1:colcon.colcon_core.environment:checking '/home/felix/robo/robo_ai_turku_2025/install/lab01_task05' for CMake config files
[4.696s] Level 1:colcon.colcon_core.environment:checking '/home/felix/robo/robo_ai_turku_2025/install/lab01_task05/lib'
[4.696s] Level 1:colcon.colcon_core.environment:checking '/home/felix/robo/robo_ai_turku_2025/install/lab01_task05/bin'
[4.696s] Level 1:colcon.colcon_core.environment:checking '/home/felix/robo/robo_ai_turku_2025/install/lab01_task05/lib/pkgconfig/lab01_task05.pc'
[4.697s] Level 1:colcon.colcon_core.environment:checking '/home/felix/robo/robo_ai_turku_2025/install/lab01_task05/lib/python3.10/site-packages'
[4.697s] Level 1:colcon.colcon_core.shell:create_environment_hook('lab01_task05', 'pythonpath')
[4.697s] INFO:colcon.colcon_core.shell:Creating environment hook '/home/felix/robo/robo_ai_turku_2025/install/lab01_task05/share/lab01_task05/hook/pythonpath.ps1'
[4.698s] INFO:colcon.colcon_core.shell:Creating environment descriptor '/home/felix/robo/robo_ai_turku_2025/install/lab01_task05/share/lab01_task05/hook/pythonpath.dsv'
[4.698s] INFO:colcon.colcon_core.shell:Creating environment hook '/home/felix/robo/robo_ai_turku_2025/install/lab01_task05/share/lab01_task05/hook/pythonpath.sh'
[4.699s] Level 1:colcon.colcon_core.environment:checking '/home/felix/robo/robo_ai_turku_2025/install/lab01_task05/bin'
[4.699s] Level 1:colcon.colcon_core.environment:create_environment_scripts_only(lab01_task05)
[4.699s] INFO:colcon.colcon_core.shell:Creating package script '/home/felix/robo/robo_ai_turku_2025/install/lab01_task05/share/lab01_task05/package.ps1'
[4.700s] INFO:colcon.colcon_core.shell:Creating package descriptor '/home/felix/robo/robo_ai_turku_2025/install/lab01_task05/share/lab01_task05/package.dsv'
[4.700s] INFO:colcon.colcon_core.shell:Creating package script '/home/felix/robo/robo_ai_turku_2025/install/lab01_task05/share/lab01_task05/package.sh'
[4.700s] INFO:colcon.colcon_core.shell:Creating package script '/home/felix/robo/robo_ai_turku_2025/install/lab01_task05/share/lab01_task05/package.bash'
[4.701s] INFO:colcon.colcon_core.shell:Creating package script '/home/felix/robo/robo_ai_turku_2025/install/lab01_task05/share/lab01_task05/package.zsh'
[4.701s] Level 1:colcon.colcon_core.environment:create_file_with_runtime_dependencies(/home/felix/robo/robo_ai_turku_2025/install/lab01_task05/share/colcon-core/packages/lab01_task05)
[4.701s] DEBUG:colcon.colcon_parallel_executor.executor.parallel:closing loop
[4.702s] DEBUG:colcon.colcon_parallel_executor.executor.parallel:loop closed
[4.703s] DEBUG:colcon.colcon_parallel_executor.executor.parallel:run_until_complete finished with '0'
[4.703s] DEBUG:colcon.colcon_core.event_reactor:joining thread
[4.763s] INFO:colcon.colcon_core.plugin_system:Skipping extension 'colcon_notification.desktop_notification.notify_send': Could not find 'notify-send'
[4.763s] INFO:colcon.colcon_core.plugin_system:Skipping extension 'colcon_notification.desktop_notification.terminal_notifier': Not used on non-Darwin systems
[4.763s] INFO:colcon.colcon_core.plugin_system:Skipping extension 'colcon_notification.desktop_notification.win32': Not used on non-Windows systems
[4.763s] INFO:colcon.colcon_notification.desktop_notification:Sending desktop notification using 'notify2'
[4.764s] DEBUG:colcon.colcon_notification.desktop_notification.notify2:Failed to initialize notify2: org.freedesktop.DBus.Error.FileNotFound: Failed to connect to socket /run/user/1000/bus: No such file or directory
[4.764s] DEBUG:colcon.colcon_core.event_reactor:joined thread
[4.765s] INFO:colcon.colcon_core.shell:Creating prefix script '/home/felix/robo/robo_ai_turku_2025/install/local_setup.ps1'
[4.767s] INFO:colcon.colcon_core.shell:Creating prefix util module '/home/felix/robo/robo_ai_turku_2025/install/_local_setup_util_ps1.py'
[4.770s] INFO:colcon.colcon_core.shell:Creating prefix chain script '/home/felix/robo/robo_ai_turku_2025/install/setup.ps1'
[4.773s] INFO:colcon.colcon_core.shell:Creating prefix script '/home/felix/robo/robo_ai_turku_2025/install/local_setup.sh'
[4.774s] INFO:colcon.colcon_core.shell:Creating prefix util module '/home/felix/robo/robo_ai_turku_2025/install/_local_setup_util_sh.py'
[4.776s] INFO:colcon.colcon_core.shell:Creating prefix chain script '/home/felix/robo/robo_ai_turku_2025/install/setup.sh'
[4.778s] INFO:colcon.colcon_core.shell:Creating prefix script '/home/felix/robo/robo_ai_turku_2025/install/local_setup.bash'
[4.779s] INFO:colcon.colcon_core.shell:Creating prefix chain script '/home/felix/robo/robo_ai_turku_2025/install/setup.bash'
[4.780s] INFO:colcon.colcon_core.shell:Creating prefix script '/home/felix/robo/robo_ai_turku_2025/install/local_setup.zsh'
[4.782s] INFO:colcon.colcon_core.shell:Creating prefix chain script '/home/felix/robo/robo_ai_turku_2025/install/setup.zsh'
