[1.802s] Invoking command in '/home/felix/robo/robo_ai_turku_2025/ros2_ws/src/lab01_task01': PYTHONPATH=/home/felix/robo/robo_ai_turku_2025/build/lab01_task01/prefix_override:/usr/lib/python3/dist-packages/colcon_core/task/python/colcon_distutils_commands:/home/felix/robo/robo_ai_turku_2025/install/lab01_task01/lib/python3.10/site-packages:${PYTHONPATH} /usr/bin/python3 -W ignore:setup.py install is deprecated -W ignore:easy_install command is deprecated setup.py egg_info --egg-base ../../../build/lab01_task01 build --build-base /home/felix/robo/robo_ai_turku_2025/build/lab01_task01/build install --record /home/felix/robo/robo_ai_turku_2025/build/lab01_task01/install.log --single-version-externally-managed install_data
[2.052s] running egg_info
[2.052s] creating ../../../build/lab01_task01/lab01_task01.egg-info
[2.052s] writing ../../../build/lab01_task01/lab01_task01.egg-info/PKG-INFO
[2.056s] writing dependency_links to ../../../build/lab01_task01/lab01_task01.egg-info/dependency_links.txt
[2.056s] writing entry points to ../../../build/lab01_task01/lab01_task01.egg-info/entry_points.txt
[2.056s] writing requirements to ../../../build/lab01_task01/lab01_task01.egg-info/requires.txt
[2.056s] writing top-level names to ../../../build/lab01_task01/lab01_task01.egg-info/top_level.txt
[2.057s] writing manifest file '../../../build/lab01_task01/lab01_task01.egg-info/SOURCES.txt'
[2.058s] reading manifest file '../../../build/lab01_task01/lab01_task01.egg-info/SOURCES.txt'
[2.059s] adding license file 'LICENSE'
[2.059s] writing manifest file '../../../build/lab01_task01/lab01_task01.egg-info/SOURCES.txt'
[2.059s] running build
[2.059s] running build_py
[2.059s] creating /home/felix/robo/robo_ai_turku_2025/build/lab01_task01/build
[2.059s] creating /home/felix/robo/robo_ai_turku_2025/build/lab01_task01/build/lib
[2.059s] creating /home/felix/robo/robo_ai_turku_2025/build/lab01_task01/build/lib/lab01_task01
[2.060s] copying lab01_task01/publisher.py -> /home/felix/robo/robo_ai_turku_2025/build/lab01_task01/build/lib/lab01_task01
[2.062s] copying lab01_task01/__init__.py -> /home/felix/robo/robo_ai_turku_2025/build/lab01_task01/build/lib/lab01_task01
[2.062s] copying lab01_task01/subscriber.py -> /home/felix/robo/robo_ai_turku_2025/build/lab01_task01/build/lib/lab01_task01
[2.063s] running install
[2.063s] running install_lib
[2.064s] creating /home/felix/robo/robo_ai_turku_2025/install/lab01_task01/lib/python3.10/site-packages/lab01_task01
[2.064s] copying /home/felix/robo/robo_ai_turku_2025/build/lab01_task01/build/lib/lab01_task01/publisher.py -> /home/felix/robo/robo_ai_turku_2025/install/lab01_task01/lib/python3.10/site-packages/lab01_task01
[2.064s] copying /home/felix/robo/robo_ai_turku_2025/build/lab01_task01/build/lib/lab01_task01/__init__.py -> /home/felix/robo/robo_ai_turku_2025/install/lab01_task01/lib/python3.10/site-packages/lab01_task01
[2.064s] copying /home/felix/robo/robo_ai_turku_2025/build/lab01_task01/build/lib/lab01_task01/subscriber.py -> /home/felix/robo/robo_ai_turku_2025/install/lab01_task01/lib/python3.10/site-packages/lab01_task01
[2.064s] byte-compiling /home/felix/robo/robo_ai_turku_2025/install/lab01_task01/lib/python3.10/site-packages/lab01_task01/publisher.py to publisher.cpython-310.pyc
[2.065s] byte-compiling /home/felix/robo/robo_ai_turku_2025/install/lab01_task01/lib/python3.10/site-packages/lab01_task01/__init__.py to __init__.cpython-310.pyc
[2.065s] byte-compiling /home/felix/robo/robo_ai_turku_2025/install/lab01_task01/lib/python3.10/site-packages/lab01_task01/subscriber.py to subscriber.cpython-310.pyc
[2.065s] running install_data
[2.065s] creating /home/felix/robo/robo_ai_turku_2025/install/lab01_task01/share/ament_index
[2.065s] creating /home/felix/robo/robo_ai_turku_2025/install/lab01_task01/share/ament_index/resource_index
[2.065s] creating /home/felix/robo/robo_ai_turku_2025/install/lab01_task01/share/ament_index/resource_index/packages
[2.065s] copying resource/lab01_task01 -> /home/felix/robo/robo_ai_turku_2025/install/lab01_task01/share/ament_index/resource_index/packages
[2.065s] copying package.xml -> /home/felix/robo/robo_ai_turku_2025/install/lab01_task01/share/lab01_task01
[2.065s] running install_egg_info
[2.065s] Copying ../../../build/lab01_task01/lab01_task01.egg-info to /home/felix/robo/robo_ai_turku_2025/install/lab01_task01/lib/python3.10/site-packages/lab01_task01-0.0.0-py3.10.egg-info
[2.065s] running install_scripts
[2.086s] Installing publisher script to /home/felix/robo/robo_ai_turku_2025/install/lab01_task01/lib/lab01_task01
[2.087s] Installing subscriber script to /home/felix/robo/robo_ai_turku_2025/install/lab01_task01/lib/lab01_task01
[2.087s] writing list of installed files to '/home/felix/robo/robo_ai_turku_2025/build/lab01_task01/install.log'
[2.143s] Invoked command in '/home/felix/robo/robo_ai_turku_2025/ros2_ws/src/lab01_task01' returned '0': PYTHONPATH=/home/felix/robo/robo_ai_turku_2025/build/lab01_task01/prefix_override:/usr/lib/python3/dist-packages/colcon_core/task/python/colcon_distutils_commands:/home/felix/robo/robo_ai_turku_2025/install/lab01_task01/lib/python3.10/site-packages:${PYTHONPATH} /usr/bin/python3 -W ignore:setup.py install is deprecated -W ignore:easy_install command is deprecated setup.py egg_info --egg-base ../../../build/lab01_task01 build --build-base /home/felix/robo/robo_ai_turku_2025/build/lab01_task01/build install --record /home/felix/robo/robo_ai_turku_2025/build/lab01_task01/install.log --single-version-externally-managed install_data
