[1.663s] Invoking command in '/home/felix/robo/robo_ai_turku_2025/ros2_ws/src/lab01_task02': PYTHONPATH=/home/felix/robo/robo_ai_turku_2025/ros2_ws/build/lab01_task02/prefix_override:/usr/lib/python3/dist-packages/colcon_core/task/python/colcon_distutils_commands:/home/felix/robo/robo_ai_turku_2025/ros2_ws/install/lab01_task02/lib/python3.10/site-packages:${PYTHONPATH} /usr/bin/python3 -W ignore:setup.py install is deprecated -W ignore:easy_install command is deprecated setup.py egg_info --egg-base ../../build/lab01_task02 build --build-base /home/felix/robo/robo_ai_turku_2025/ros2_ws/build/lab01_task02/build install --record /home/felix/robo/robo_ai_turku_2025/ros2_ws/build/lab01_task02/install.log --single-version-externally-managed install_data
[1.921s] running egg_info
[1.922s] writing ../../build/lab01_task02/lab01_task02.egg-info/PKG-INFO
[1.922s] writing dependency_links to ../../build/lab01_task02/lab01_task02.egg-info/dependency_links.txt
[1.924s] writing entry points to ../../build/lab01_task02/lab01_task02.egg-info/entry_points.txt
[1.924s] writing requirements to ../../build/lab01_task02/lab01_task02.egg-info/requires.txt
[1.924s] writing top-level names to ../../build/lab01_task02/lab01_task02.egg-info/top_level.txt
[1.930s] reading manifest file '../../build/lab01_task02/lab01_task02.egg-info/SOURCES.txt'
[1.930s] adding license file 'LICENSE'
[1.931s] writing manifest file '../../build/lab01_task02/lab01_task02.egg-info/SOURCES.txt'
[1.932s] running build
[1.933s] running build_py
[1.933s] running install
[1.935s] running install_lib
[1.935s] running install_data
[1.936s] running install_egg_info
[1.937s] removing '/home/felix/robo/robo_ai_turku_2025/ros2_ws/install/lab01_task02/lib/python3.10/site-packages/lab01_task02-0.0.0-py3.10.egg-info' (and everything under it)
[1.937s] Copying ../../build/lab01_task02/lab01_task02.egg-info to /home/felix/robo/robo_ai_turku_2025/ros2_ws/install/lab01_task02/lib/python3.10/site-packages/lab01_task02-0.0.0-py3.10.egg-info
[1.939s] running install_scripts
[1.964s] Installing publisher script to /home/felix/robo/robo_ai_turku_2025/ros2_ws/install/lab01_task02/lib/lab01_task02
[1.964s] Installing subscriber script to /home/felix/robo/robo_ai_turku_2025/ros2_ws/install/lab01_task02/lib/lab01_task02
[1.966s] writing list of installed files to '/home/felix/robo/robo_ai_turku_2025/ros2_ws/build/lab01_task02/install.log'
[1.993s] Invoked command in '/home/felix/robo/robo_ai_turku_2025/ros2_ws/src/lab01_task02' returned '0': PYTHONPATH=/home/felix/robo/robo_ai_turku_2025/ros2_ws/build/lab01_task02/prefix_override:/usr/lib/python3/dist-packages/colcon_core/task/python/colcon_distutils_commands:/home/felix/robo/robo_ai_turku_2025/ros2_ws/install/lab01_task02/lib/python3.10/site-packages:${PYTHONPATH} /usr/bin/python3 -W ignore:setup.py install is deprecated -W ignore:easy_install command is deprecated setup.py egg_info --egg-base ../../build/lab01_task02 build --build-base /home/felix/robo/robo_ai_turku_2025/ros2_ws/build/lab01_task02/build install --record /home/felix/robo/robo_ai_turku_2025/ros2_ws/build/lab01_task02/install.log --single-version-externally-managed install_data
