running egg_info
creating build/lab5_task5/lab5_task5.egg-info
writing build/lab5_task5/lab5_task5.egg-info/PKG-INFO
writing dependency_links to build/lab5_task5/lab5_task5.egg-info/dependency_links.txt
writing entry points to build/lab5_task5/lab5_task5.egg-info/entry_points.txt
writing requirements to build/lab5_task5/lab5_task5.egg-info/requires.txt
writing top-level names to build/lab5_task5/lab5_task5.egg-info/top_level.txt
writing manifest file 'build/lab5_task5/lab5_task5.egg-info/SOURCES.txt'
reading manifest file 'build/lab5_task5/lab5_task5.egg-info/SOURCES.txt'
adding license file 'LICENSE'
writing manifest file 'build/lab5_task5/lab5_task5.egg-info/SOURCES.txt'
running build
running build_py
creating /home/bot/lab/robo_ai_turku_2025/ros2_lab5_ws/src/lab5_task5/build/lab5_task5/build
creating /home/bot/lab/robo_ai_turku_2025/ros2_lab5_ws/src/lab5_task5/build/lab5_task5/build/lib
creating /home/bot/lab/robo_ai_turku_2025/ros2_lab5_ws/src/lab5_task5/build/lab5_task5/build/lib/lab5_task5
copying lab5_task5/pfc.py -> /home/bot/lab/robo_ai_turku_2025/ros2_lab5_ws/src/lab5_task5/build/lab5_task5/build/lib/lab5_task5
copying lab5_task5/__init__.py -> /home/bot/lab/robo_ai_turku_2025/ros2_lab5_ws/src/lab5_task5/build/lab5_task5/build/lib/lab5_task5
running install
running install_lib
creating /home/bot/lab/robo_ai_turku_2025/ros2_lab5_ws/src/lab5_task5/install/lab5_task5/lib/python3.10/site-packages/lab5_task5
copying /home/bot/lab/robo_ai_turku_2025/ros2_lab5_ws/src/lab5_task5/build/lab5_task5/build/lib/lab5_task5/pfc.py -> /home/bot/lab/robo_ai_turku_2025/ros2_lab5_ws/src/lab5_task5/install/lab5_task5/lib/python3.10/site-packages/lab5_task5
copying /home/bot/lab/robo_ai_turku_2025/ros2_lab5_ws/src/lab5_task5/build/lab5_task5/build/lib/lab5_task5/__init__.py -> /home/bot/lab/robo_ai_turku_2025/ros2_lab5_ws/src/lab5_task5/install/lab5_task5/lib/python3.10/site-packages/lab5_task5
byte-compiling /home/bot/lab/robo_ai_turku_2025/ros2_lab5_ws/src/lab5_task5/install/lab5_task5/lib/python3.10/site-packages/lab5_task5/pfc.py to pfc.cpython-310.pyc
byte-compiling /home/bot/lab/robo_ai_turku_2025/ros2_lab5_ws/src/lab5_task5/install/lab5_task5/lib/python3.10/site-packages/lab5_task5/__init__.py to __init__.cpython-310.pyc
running install_data
creating /home/bot/lab/robo_ai_turku_2025/ros2_lab5_ws/src/lab5_task5/install/lab5_task5/share
creating /home/bot/lab/robo_ai_turku_2025/ros2_lab5_ws/src/lab5_task5/install/lab5_task5/share/ament_index
creating /home/bot/lab/robo_ai_turku_2025/ros2_lab5_ws/src/lab5_task5/install/lab5_task5/share/ament_index/resource_index
creating /home/bot/lab/robo_ai_turku_2025/ros2_lab5_ws/src/lab5_task5/install/lab5_task5/share/ament_index/resource_index/packages
copying resource/lab5_task5 -> /home/bot/lab/robo_ai_turku_2025/ros2_lab5_ws/src/lab5_task5/install/lab5_task5/share/ament_index/resource_index/packages
creating /home/bot/lab/robo_ai_turku_2025/ros2_lab5_ws/src/lab5_task5/install/lab5_task5/share/lab5_task5
copying package.xml -> /home/bot/lab/robo_ai_turku_2025/ros2_lab5_ws/src/lab5_task5/install/lab5_task5/share/lab5_task5
running install_egg_info
Copying build/lab5_task5/lab5_task5.egg-info to /home/bot/lab/robo_ai_turku_2025/ros2_lab5_ws/src/lab5_task5/install/lab5_task5/lib/python3.10/site-packages/lab5_task5-0.0.0-py3.10.egg-info
running install_scripts
Installing pfc script to /home/bot/lab/robo_ai_turku_2025/ros2_lab5_ws/src/lab5_task5/install/lab5_task5/lib/lab5_task5
writing list of installed files to '/home/bot/lab/robo_ai_turku_2025/ros2_lab5_ws/src/lab5_task5/build/lab5_task5/install.log'
