[0.594s] DEBUG:colcon:Command line arguments: ['/usr/bin/colcon', 'build']
[0.594s] DEBUG:colcon:Parsed command line arguments: Namespace(log_base=None, log_level=None, verb_name='build', build_base='build', install_base='install', merge_install=False, symlink_install=False, test_result_base=None, continue_on_error=False, executor='parallel', parallel_workers=22, event_handlers=None, ignore_user_meta=False, metas=['./colcon.meta'], base_paths=['.'], packages_ignore=None, packages_ignore_regex=None, paths=None, packages_up_to=None, packages_up_to_regex=None, packages_above=None, packages_above_and_dependencies=None, packages_above_depth=None, packages_select_by_dep=None, packages_skip_by_dep=None, packages_skip_up_to=None, packages_select_build_failed=False, packages_skip_build_finished=False, packages_select_test_failures=False, packages_skip_test_passed=False, packages_select=None, packages_skip=None, packages_select_regex=None, packages_skip_regex=None, packages_start=None, packages_end=None, allow_overriding=[], cmake_args=None, cmake_target=None, cmake_target_skip_unavailable=False, cmake_clean_cache=False, cmake_clean_first=False, cmake_force_configure=False, ament_cmake_args=None, catkin_cmake_args=None, catkin_skip_building_tests=False, verb_parser=<colcon_defaults.argument_parser.defaults.DefaultArgumentsDecorator object at 0x78d75e040d30>, verb_extension=<colcon_core.verb.build.BuildVerb object at 0x78d75e1ae4a0>, main=<bound method BuildVerb.main of <colcon_core.verb.build.BuildVerb object at 0x78d75e1ae4a0>>)
[1.082s] Level 1:colcon.colcon_core.package_discovery:discover_packages(colcon_meta) check parameters
[1.082s] Level 1:colcon.colcon_core.package_discovery:discover_packages(recursive) check parameters
[1.082s] Level 1:colcon.colcon_core.package_discovery:discover_packages(ignore) check parameters
[1.082s] Level 1:colcon.colcon_core.package_discovery:discover_packages(path) check parameters
[1.082s] Level 1:colcon.colcon_core.package_discovery:discover_packages(colcon_meta) discover
[1.082s] Level 1:colcon.colcon_core.package_discovery:discover_packages(recursive) discover
[1.082s] INFO:colcon.colcon_core.package_discovery:Crawling recursively for packages in '/home/felix/robo/robo_ai_turku_2025'
[1.082s] Level 1:colcon.colcon_core.package_identification:_identify(.) by extensions ['ignore', 'ignore_ament_install']
[1.082s] Level 1:colcon.colcon_core.package_identification:_identify(.) by extension 'ignore'
[1.082s] Level 1:colcon.colcon_core.package_identification:_identify(.) by extension 'ignore_ament_install'
[1.082s] Level 1:colcon.colcon_core.package_identification:_identify(.) by extensions ['colcon_pkg']
[1.083s] Level 1:colcon.colcon_core.package_identification:_identify(.) by extension 'colcon_pkg'
[1.083s] Level 1:colcon.colcon_core.package_identification:_identify(.) by extensions ['colcon_meta']
[1.083s] Level 1:colcon.colcon_core.package_identification:_identify(.) by extension 'colcon_meta'
[1.083s] Level 1:colcon.colcon_core.package_identification:_identify(.) by extensions ['ros']
[1.083s] Level 1:colcon.colcon_core.package_identification:_identify(.) by extension 'ros'
[1.105s] Level 1:colcon.colcon_core.package_identification:_identify(.) by extensions ['cmake', 'python']
[1.105s] Level 1:colcon.colcon_core.package_identification:_identify(.) by extension 'cmake'
[1.105s] Level 1:colcon.colcon_core.package_identification:_identify(.) by extension 'python'
[1.105s] Level 1:colcon.colcon_core.package_identification:_identify(.) by extensions ['python_setup_py']
[1.105s] Level 1:colcon.colcon_core.package_identification:_identify(.) by extension 'python_setup_py'
[1.106s] Level 1:colcon.colcon_core.package_identification:_identify(build) by extensions ['ignore', 'ignore_ament_install']
[1.106s] Level 1:colcon.colcon_core.package_identification:_identify(build) by extension 'ignore'
[1.106s] Level 1:colcon.colcon_core.package_identification:_identify(build) ignored
[1.107s] Level 1:colcon.colcon_core.package_identification:_identify(code) by extensions ['ignore', 'ignore_ament_install']
[1.107s] Level 1:colcon.colcon_core.package_identification:_identify(code) by extension 'ignore'
[1.107s] Level 1:colcon.colcon_core.package_identification:_identify(code) by extension 'ignore_ament_install'
[1.107s] Level 1:colcon.colcon_core.package_identification:_identify(code) by extensions ['colcon_pkg']
[1.107s] Level 1:colcon.colcon_core.package_identification:_identify(code) by extension 'colcon_pkg'
[1.107s] Level 1:colcon.colcon_core.package_identification:_identify(code) by extensions ['colcon_meta']
[1.107s] Level 1:colcon.colcon_core.package_identification:_identify(code) by extension 'colcon_meta'
[1.107s] Level 1:colcon.colcon_core.package_identification:_identify(code) by extensions ['ros']
[1.107s] Level 1:colcon.colcon_core.package_identification:_identify(code) by extension 'ros'
[1.107s] Level 1:colcon.colcon_core.package_identification:_identify(code) by extensions ['cmake', 'python']
[1.107s] Level 1:colcon.colcon_core.package_identification:_identify(code) by extension 'cmake'
[1.107s] Level 1:colcon.colcon_core.package_identification:_identify(code) by extension 'python'
[1.107s] Level 1:colcon.colcon_core.package_identification:_identify(code) by extensions ['python_setup_py']
[1.107s] Level 1:colcon.colcon_core.package_identification:_identify(code) by extension 'python_setup_py'
[1.107s] Level 1:colcon.colcon_core.package_identification:_identify(install) by extensions ['ignore', 'ignore_ament_install']
[1.107s] Level 1:colcon.colcon_core.package_identification:_identify(install) by extension 'ignore'
[1.108s] Level 1:colcon.colcon_core.package_identification:_identify(install) ignored
[1.108s] Level 1:colcon.colcon_core.package_identification:_identify(lab_1) by extensions ['ignore', 'ignore_ament_install']
[1.108s] Level 1:colcon.colcon_core.package_identification:_identify(lab_1) by extension 'ignore'
[1.108s] Level 1:colcon.colcon_core.package_identification:_identify(lab_1) by extension 'ignore_ament_install'
[1.108s] Level 1:colcon.colcon_core.package_identification:_identify(lab_1) by extensions ['colcon_pkg']
[1.108s] Level 1:colcon.colcon_core.package_identification:_identify(lab_1) by extension 'colcon_pkg'
[1.108s] Level 1:colcon.colcon_core.package_identification:_identify(lab_1) by extensions ['colcon_meta']
[1.108s] Level 1:colcon.colcon_core.package_identification:_identify(lab_1) by extension 'colcon_meta'
[1.108s] Level 1:colcon.colcon_core.package_identification:_identify(lab_1) by extensions ['ros']
[1.108s] Level 1:colcon.colcon_core.package_identification:_identify(lab_1) by extension 'ros'
[1.109s] Level 1:colcon.colcon_core.package_identification:_identify(lab_1) by extensions ['cmake', 'python']
[1.109s] Level 1:colcon.colcon_core.package_identification:_identify(lab_1) by extension 'cmake'
[1.109s] Level 1:colcon.colcon_core.package_identification:_identify(lab_1) by extension 'python'
[1.109s] Level 1:colcon.colcon_core.package_identification:_identify(lab_1) by extensions ['python_setup_py']
[1.109s] Level 1:colcon.colcon_core.package_identification:_identify(lab_1) by extension 'python_setup_py'
[1.110s] Level 1:colcon.colcon_core.package_identification:_identify(lab_1/code) by extensions ['ignore', 'ignore_ament_install']
[1.110s] Level 1:colcon.colcon_core.package_identification:_identify(lab_1/code) by extension 'ignore'
[1.110s] Level 1:colcon.colcon_core.package_identification:_identify(lab_1/code) by extension 'ignore_ament_install'
[1.110s] Level 1:colcon.colcon_core.package_identification:_identify(lab_1/code) by extensions ['colcon_pkg']
[1.110s] Level 1:colcon.colcon_core.package_identification:_identify(lab_1/code) by extension 'colcon_pkg'
[1.111s] Level 1:colcon.colcon_core.package_identification:_identify(lab_1/code) by extensions ['colcon_meta']
[1.111s] Level 1:colcon.colcon_core.package_identification:_identify(lab_1/code) by extension 'colcon_meta'
[1.111s] Level 1:colcon.colcon_core.package_identification:_identify(lab_1/code) by extensions ['ros']
[1.111s] Level 1:colcon.colcon_core.package_identification:_identify(lab_1/code) by extension 'ros'
[1.111s] Level 1:colcon.colcon_core.package_identification:_identify(lab_1/code) by extensions ['cmake', 'python']
[1.111s] Level 1:colcon.colcon_core.package_identification:_identify(lab_1/code) by extension 'cmake'
[1.111s] Level 1:colcon.colcon_core.package_identification:_identify(lab_1/code) by extension 'python'
[1.111s] Level 1:colcon.colcon_core.package_identification:_identify(lab_1/code) by extensions ['python_setup_py']
[1.111s] Level 1:colcon.colcon_core.package_identification:_identify(lab_1/code) by extension 'python_setup_py'
[1.111s] Level 1:colcon.colcon_core.package_identification:_identify(log) by extensions ['ignore', 'ignore_ament_install']
[1.111s] Level 1:colcon.colcon_core.package_identification:_identify(log) by extension 'ignore'
[1.111s] Level 1:colcon.colcon_core.package_identification:_identify(log) ignored
[1.111s] Level 1:colcon.colcon_core.package_identification:_identify(ros2_ws) by extensions ['ignore', 'ignore_ament_install']
[1.111s] Level 1:colcon.colcon_core.package_identification:_identify(ros2_ws) by extension 'ignore'
[1.111s] Level 1:colcon.colcon_core.package_identification:_identify(ros2_ws) by extension 'ignore_ament_install'
[1.111s] Level 1:colcon.colcon_core.package_identification:_identify(ros2_ws) by extensions ['colcon_pkg']
[1.111s] Level 1:colcon.colcon_core.package_identification:_identify(ros2_ws) by extension 'colcon_pkg'
[1.111s] Level 1:colcon.colcon_core.package_identification:_identify(ros2_ws) by extensions ['colcon_meta']
[1.111s] Level 1:colcon.colcon_core.package_identification:_identify(ros2_ws) by extension 'colcon_meta'
[1.112s] Level 1:colcon.colcon_core.package_identification:_identify(ros2_ws) by extensions ['ros']
[1.112s] Level 1:colcon.colcon_core.package_identification:_identify(ros2_ws) by extension 'ros'
[1.112s] Level 1:colcon.colcon_core.package_identification:_identify(ros2_ws) by extensions ['cmake', 'python']
[1.112s] Level 1:colcon.colcon_core.package_identification:_identify(ros2_ws) by extension 'cmake'
[1.112s] Level 1:colcon.colcon_core.package_identification:_identify(ros2_ws) by extension 'python'
[1.112s] Level 1:colcon.colcon_core.package_identification:_identify(ros2_ws) by extensions ['python_setup_py']
[1.112s] Level 1:colcon.colcon_core.package_identification:_identify(ros2_ws) by extension 'python_setup_py'
[1.112s] Level 1:colcon.colcon_core.package_identification:_identify(ros2_ws/build) by extensions ['ignore', 'ignore_ament_install']
[1.112s] Level 1:colcon.colcon_core.package_identification:_identify(ros2_ws/build) by extension 'ignore'
[1.112s] Level 1:colcon.colcon_core.package_identification:_identify(ros2_ws/build) ignored
[1.113s] Level 1:colcon.colcon_core.package_identification:_identify(ros2_ws/install) by extensions ['ignore', 'ignore_ament_install']
[1.113s] Level 1:colcon.colcon_core.package_identification:_identify(ros2_ws/install) by extension 'ignore'
[1.113s] Level 1:colcon.colcon_core.package_identification:_identify(ros2_ws/install) ignored
[1.114s] Level 1:colcon.colcon_core.package_identification:_identify(ros2_ws/log) by extensions ['ignore', 'ignore_ament_install']
[1.114s] Level 1:colcon.colcon_core.package_identification:_identify(ros2_ws/log) by extension 'ignore'
[1.114s] Level 1:colcon.colcon_core.package_identification:_identify(ros2_ws/log) ignored
[1.114s] Level 1:colcon.colcon_core.package_identification:_identify(ros2_ws/src) by extensions ['ignore', 'ignore_ament_install']
[1.114s] Level 1:colcon.colcon_core.package_identification:_identify(ros2_ws/src) by extension 'ignore'
[1.114s] Level 1:colcon.colcon_core.package_identification:_identify(ros2_ws/src) by extension 'ignore_ament_install'
[1.114s] Level 1:colcon.colcon_core.package_identification:_identify(ros2_ws/src) by extensions ['colcon_pkg']
[1.114s] Level 1:colcon.colcon_core.package_identification:_identify(ros2_ws/src) by extension 'colcon_pkg'
[1.114s] Level 1:colcon.colcon_core.package_identification:_identify(ros2_ws/src) by extensions ['colcon_meta']
[1.114s] Level 1:colcon.colcon_core.package_identification:_identify(ros2_ws/src) by extension 'colcon_meta'
[1.114s] Level 1:colcon.colcon_core.package_identification:_identify(ros2_ws/src) by extensions ['ros']
[1.114s] Level 1:colcon.colcon_core.package_identification:_identify(ros2_ws/src) by extension 'ros'
[1.114s] Level 1:colcon.colcon_core.package_identification:_identify(ros2_ws/src) by extensions ['cmake', 'python']
[1.114s] Level 1:colcon.colcon_core.package_identification:_identify(ros2_ws/src) by extension 'cmake'
[1.114s] Level 1:colcon.colcon_core.package_identification:_identify(ros2_ws/src) by extension 'python'
[1.114s] Level 1:colcon.colcon_core.package_identification:_identify(ros2_ws/src) by extensions ['python_setup_py']
[1.114s] Level 1:colcon.colcon_core.package_identification:_identify(ros2_ws/src) by extension 'python_setup_py'
[1.115s] Level 1:colcon.colcon_core.package_identification:_identify(ros2_ws/src/build) by extensions ['ignore', 'ignore_ament_install']
[1.115s] Level 1:colcon.colcon_core.package_identification:_identify(ros2_ws/src/build) by extension 'ignore'
[1.115s] Level 1:colcon.colcon_core.package_identification:_identify(ros2_ws/src/build) ignored
[1.116s] Level 1:colcon.colcon_core.package_identification:_identify(ros2_ws/src/custom_interface) by extensions ['ignore', 'ignore_ament_install']
[1.116s] Level 1:colcon.colcon_core.package_identification:_identify(ros2_ws/src/custom_interface) by extension 'ignore'
[1.116s] Level 1:colcon.colcon_core.package_identification:_identify(ros2_ws/src/custom_interface) by extension 'ignore_ament_install'
[1.116s] Level 1:colcon.colcon_core.package_identification:_identify(ros2_ws/src/custom_interface) by extensions ['colcon_pkg']
[1.116s] Level 1:colcon.colcon_core.package_identification:_identify(ros2_ws/src/custom_interface) by extension 'colcon_pkg'
[1.116s] Level 1:colcon.colcon_core.package_identification:_identify(ros2_ws/src/custom_interface) by extensions ['colcon_meta']
[1.116s] Level 1:colcon.colcon_core.package_identification:_identify(ros2_ws/src/custom_interface) by extension 'colcon_meta'
[1.116s] Level 1:colcon.colcon_core.package_identification:_identify(ros2_ws/src/custom_interface) by extensions ['ros']
[1.116s] Level 1:colcon.colcon_core.package_identification:_identify(ros2_ws/src/custom_interface) by extension 'ros'
[1.121s] DEBUG:colcon.colcon_core.package_identification:Package 'ros2_ws/src/custom_interface' with type 'ros.ament_cmake' and name 'custom_interface'
[1.123s] Level 1:colcon.colcon_core.package_identification:_identify(ros2_ws/src/install) by extensions ['ignore', 'ignore_ament_install']
[1.123s] Level 1:colcon.colcon_core.package_identification:_identify(ros2_ws/src/install) by extension 'ignore'
[1.123s] Level 1:colcon.colcon_core.package_identification:_identify(ros2_ws/src/install) ignored
[1.123s] Level 1:colcon.colcon_core.package_identification:_identify(ros2_ws/src/lab01_task01) by extensions ['ignore', 'ignore_ament_install']
[1.124s] Level 1:colcon.colcon_core.package_identification:_identify(ros2_ws/src/lab01_task01) by extension 'ignore'
[1.124s] Level 1:colcon.colcon_core.package_identification:_identify(ros2_ws/src/lab01_task01) by extension 'ignore_ament_install'
[1.124s] Level 1:colcon.colcon_core.package_identification:_identify(ros2_ws/src/lab01_task01) by extensions ['colcon_pkg']
[1.124s] Level 1:colcon.colcon_core.package_identification:_identify(ros2_ws/src/lab01_task01) by extension 'colcon_pkg'
[1.124s] Level 1:colcon.colcon_core.package_identification:_identify(ros2_ws/src/lab01_task01) by extensions ['colcon_meta']
[1.124s] Level 1:colcon.colcon_core.package_identification:_identify(ros2_ws/src/lab01_task01) by extension 'colcon_meta'
[1.124s] Level 1:colcon.colcon_core.package_identification:_identify(ros2_ws/src/lab01_task01) by extensions ['ros']
[1.124s] Level 1:colcon.colcon_core.package_identification:_identify(ros2_ws/src/lab01_task01) by extension 'ros'
[1.125s] DEBUG:colcon.colcon_core.package_identification:Package 'ros2_ws/src/lab01_task01' with type 'ros.ament_python' and name 'lab01_task01'
[1.126s] Level 1:colcon.colcon_core.package_identification:_identify(ros2_ws/src/lab01_task02) by extensions ['ignore', 'ignore_ament_install']
[1.126s] Level 1:colcon.colcon_core.package_identification:_identify(ros2_ws/src/lab01_task02) by extension 'ignore'
[1.126s] Level 1:colcon.colcon_core.package_identification:_identify(ros2_ws/src/lab01_task02) by extension 'ignore_ament_install'
[1.126s] Level 1:colcon.colcon_core.package_identification:_identify(ros2_ws/src/lab01_task02) by extensions ['colcon_pkg']
[1.126s] Level 1:colcon.colcon_core.package_identification:_identify(ros2_ws/src/lab01_task02) by extension 'colcon_pkg'
[1.126s] Level 1:colcon.colcon_core.package_identification:_identify(ros2_ws/src/lab01_task02) by extensions ['colcon_meta']
[1.126s] Level 1:colcon.colcon_core.package_identification:_identify(ros2_ws/src/lab01_task02) by extension 'colcon_meta'
[1.126s] Level 1:colcon.colcon_core.package_identification:_identify(ros2_ws/src/lab01_task02) by extensions ['ros']
[1.126s] Level 1:colcon.colcon_core.package_identification:_identify(ros2_ws/src/lab01_task02) by extension 'ros'
[1.127s] DEBUG:colcon.colcon_core.package_identification:Package 'ros2_ws/src/lab01_task02' with type 'ros.ament_python' and name 'lab01_task02'
[1.128s] Level 1:colcon.colcon_core.package_identification:_identify(ros2_ws/src/lab01_task03) by extensions ['ignore', 'ignore_ament_install']
[1.128s] Level 1:colcon.colcon_core.package_identification:_identify(ros2_ws/src/lab01_task03) by extension 'ignore'
[1.128s] Level 1:colcon.colcon_core.package_identification:_identify(ros2_ws/src/lab01_task03) by extension 'ignore_ament_install'
[1.128s] Level 1:colcon.colcon_core.package_identification:_identify(ros2_ws/src/lab01_task03) by extensions ['colcon_pkg']
[1.128s] Level 1:colcon.colcon_core.package_identification:_identify(ros2_ws/src/lab01_task03) by extension 'colcon_pkg'
[1.128s] Level 1:colcon.colcon_core.package_identification:_identify(ros2_ws/src/lab01_task03) by extensions ['colcon_meta']
[1.128s] Level 1:colcon.colcon_core.package_identification:_identify(ros2_ws/src/lab01_task03) by extension 'colcon_meta'
[1.128s] Level 1:colcon.colcon_core.package_identification:_identify(ros2_ws/src/lab01_task03) by extensions ['ros']
[1.128s] Level 1:colcon.colcon_core.package_identification:_identify(ros2_ws/src/lab01_task03) by extension 'ros'
[1.129s] DEBUG:colcon.colcon_core.package_identification:Package 'ros2_ws/src/lab01_task03' with type 'ros.ament_python' and name 'lab01_task03'
[1.130s] Level 1:colcon.colcon_core.package_identification:_identify(ros2_ws/src/lab01_task05) by extensions ['ignore', 'ignore_ament_install']
[1.130s] Level 1:colcon.colcon_core.package_identification:_identify(ros2_ws/src/lab01_task05) by extension 'ignore'
[1.130s] Level 1:colcon.colcon_core.package_identification:_identify(ros2_ws/src/lab01_task05) by extension 'ignore_ament_install'
[1.130s] Level 1:colcon.colcon_core.package_identification:_identify(ros2_ws/src/lab01_task05) by extensions ['colcon_pkg']
[1.130s] Level 1:colcon.colcon_core.package_identification:_identify(ros2_ws/src/lab01_task05) by extension 'colcon_pkg'
[1.130s] Level 1:colcon.colcon_core.package_identification:_identify(ros2_ws/src/lab01_task05) by extensions ['colcon_meta']
[1.130s] Level 1:colcon.colcon_core.package_identification:_identify(ros2_ws/src/lab01_task05) by extension 'colcon_meta'
[1.130s] Level 1:colcon.colcon_core.package_identification:_identify(ros2_ws/src/lab01_task05) by extensions ['ros']
[1.130s] Level 1:colcon.colcon_core.package_identification:_identify(ros2_ws/src/lab01_task05) by extension 'ros'
[1.131s] DEBUG:colcon.colcon_core.package_identification:Package 'ros2_ws/src/lab01_task05' with type 'ros.ament_python' and name 'lab01_task05'
[1.131s] Level 1:colcon.colcon_core.package_identification:_identify(ros2_ws/src/lab1_bringup) by extensions ['ignore', 'ignore_ament_install']
[1.131s] Level 1:colcon.colcon_core.package_identification:_identify(ros2_ws/src/lab1_bringup) by extension 'ignore'
[1.131s] Level 1:colcon.colcon_core.package_identification:_identify(ros2_ws/src/lab1_bringup) by extension 'ignore_ament_install'
[1.131s] Level 1:colcon.colcon_core.package_identification:_identify(ros2_ws/src/lab1_bringup) by extensions ['colcon_pkg']
[1.131s] Level 1:colcon.colcon_core.package_identification:_identify(ros2_ws/src/lab1_bringup) by extension 'colcon_pkg'
[1.131s] Level 1:colcon.colcon_core.package_identification:_identify(ros2_ws/src/lab1_bringup) by extensions ['colcon_meta']
[1.131s] Level 1:colcon.colcon_core.package_identification:_identify(ros2_ws/src/lab1_bringup) by extension 'colcon_meta'
[1.132s] Level 1:colcon.colcon_core.package_identification:_identify(ros2_ws/src/lab1_bringup) by extensions ['ros']
[1.132s] Level 1:colcon.colcon_core.package_identification:_identify(ros2_ws/src/lab1_bringup) by extension 'ros'
[1.133s] DEBUG:colcon.colcon_core.package_identification:Package 'ros2_ws/src/lab1_bringup' with type 'ros.ament_python' and name 'lab1_bringup'
[1.133s] Level 1:colcon.colcon_core.package_identification:_identify(ros2_ws/src/log) by extensions ['ignore', 'ignore_ament_install']
[1.134s] Level 1:colcon.colcon_core.package_identification:_identify(ros2_ws/src/log) by extension 'ignore'
[1.134s] Level 1:colcon.colcon_core.package_identification:_identify(ros2_ws/src/log) ignored
[1.134s] Level 1:colcon.colcon_core.package_identification:_identify(ros2_ws/src/task1) by extensions ['ignore', 'ignore_ament_install']
[1.134s] Level 1:colcon.colcon_core.package_identification:_identify(ros2_ws/src/task1) by extension 'ignore'
[1.134s] Level 1:colcon.colcon_core.package_identification:_identify(ros2_ws/src/task1) by extension 'ignore_ament_install'
[1.134s] Level 1:colcon.colcon_core.package_identification:_identify(ros2_ws/src/task1) by extensions ['colcon_pkg']
[1.134s] Level 1:colcon.colcon_core.package_identification:_identify(ros2_ws/src/task1) by extension 'colcon_pkg'
[1.134s] Level 1:colcon.colcon_core.package_identification:_identify(ros2_ws/src/task1) by extensions ['colcon_meta']
[1.134s] Level 1:colcon.colcon_core.package_identification:_identify(ros2_ws/src/task1) by extension 'colcon_meta'
[1.134s] Level 1:colcon.colcon_core.package_identification:_identify(ros2_ws/src/task1) by extensions ['ros']
[1.134s] Level 1:colcon.colcon_core.package_identification:_identify(ros2_ws/src/task1) by extension 'ros'
[1.136s] DEBUG:colcon.colcon_core.package_identification:Package 'ros2_ws/src/task1' with type 'ros.ament_python' and name 'task1'
[1.136s] Level 1:colcon.colcon_core.package_discovery:discover_packages(recursive) using defaults
[1.136s] Level 1:colcon.colcon_core.package_discovery:discover_packages(ignore) discover
[1.136s] Level 1:colcon.colcon_core.package_discovery:discover_packages(ignore) using defaults
[1.136s] Level 1:colcon.colcon_core.package_discovery:discover_packages(path) discover
[1.136s] Level 1:colcon.colcon_core.package_discovery:discover_packages(path) using defaults
[1.184s] Level 1:colcon.colcon_core.package_discovery:discover_packages(prefix_path) check parameters
[1.184s] Level 1:colcon.colcon_core.package_discovery:discover_packages(prefix_path) discover
[1.197s] DEBUG:colcon.colcon_installed_package_information.package_discovery:Found 7 installed packages in /home/felix/robo/robo_ai_turku_2025/ros2_ws/install
[1.198s] DEBUG:colcon.colcon_installed_package_information.package_discovery:Found 0 installed packages in /home/felix/robo/robo_ai_turku_2025/ros2_ws/src/install
[1.199s] DEBUG:colcon.colcon_installed_package_information.package_discovery:Found 1 installed packages in /home/felix/robo/robo_ai_turku_2025/ros2_ws/src/custom_interface/install
[1.201s] DEBUG:colcon.colcon_installed_package_information.package_discovery:Found 271 installed packages in /opt/ros/humble
[1.211s] Level 1:colcon.colcon_core.package_discovery:discover_packages(prefix_path) using defaults
[1.341s] Level 5:colcon.colcon_core.verb:set package 'custom_interface' build argument 'cmake_args' from command line to 'None'
[1.341s] Level 5:colcon.colcon_core.verb:set package 'custom_interface' build argument 'cmake_target' from command line to 'None'
[1.341s] Level 5:colcon.colcon_core.verb:set package 'custom_interface' build argument 'cmake_target_skip_unavailable' from command line to 'False'
[1.341s] Level 5:colcon.colcon_core.verb:set package 'custom_interface' build argument 'cmake_clean_cache' from command line to 'False'
[1.341s] Level 5:colcon.colcon_core.verb:set package 'custom_interface' build argument 'cmake_clean_first' from command line to 'False'
[1.341s] Level 5:colcon.colcon_core.verb:set package 'custom_interface' build argument 'cmake_force_configure' from command line to 'False'
[1.341s] Level 5:colcon.colcon_core.verb:set package 'custom_interface' build argument 'ament_cmake_args' from command line to 'None'
[1.341s] Level 5:colcon.colcon_core.verb:set package 'custom_interface' build argument 'catkin_cmake_args' from command line to 'None'
[1.341s] Level 5:colcon.colcon_core.verb:set package 'custom_interface' build argument 'catkin_skip_building_tests' from command line to 'False'
[1.341s] DEBUG:colcon.colcon_core.verb:Building package 'custom_interface' with the following arguments: {'ament_cmake_args': None, 'build_base': '/home/felix/robo/robo_ai_turku_2025/build/custom_interface', 'catkin_cmake_args': None, 'catkin_skip_building_tests': False, 'cmake_args': None, 'cmake_clean_cache': False, 'cmake_clean_first': False, 'cmake_force_configure': False, 'cmake_target': None, 'cmake_target_skip_unavailable': False, 'install_base': '/home/felix/robo/robo_ai_turku_2025/install/custom_interface', 'merge_install': False, 'path': '/home/felix/robo/robo_ai_turku_2025/ros2_ws/src/custom_interface', 'symlink_install': False, 'test_result_base': None}
[1.341s] Level 5:colcon.colcon_core.verb:set package 'lab01_task01' build argument 'cmake_args' from command line to 'None'
[1.341s] Level 5:colcon.colcon_core.verb:set package 'lab01_task01' build argument 'cmake_target' from command line to 'None'
[1.341s] Level 5:colcon.colcon_core.verb:set package 'lab01_task01' build argument 'cmake_target_skip_unavailable' from command line to 'False'
[1.341s] Level 5:colcon.colcon_core.verb:set package 'lab01_task01' build argument 'cmake_clean_cache' from command line to 'False'
[1.341s] Level 5:colcon.colcon_core.verb:set package 'lab01_task01' build argument 'cmake_clean_first' from command line to 'False'
[1.341s] Level 5:colcon.colcon_core.verb:set package 'lab01_task01' build argument 'cmake_force_configure' from command line to 'False'
[1.341s] Level 5:colcon.colcon_core.verb:set package 'lab01_task01' build argument 'ament_cmake_args' from command line to 'None'
[1.341s] Level 5:colcon.colcon_core.verb:set package 'lab01_task01' build argument 'catkin_cmake_args' from command line to 'None'
[1.341s] Level 5:colcon.colcon_core.verb:set package 'lab01_task01' build argument 'catkin_skip_building_tests' from command line to 'False'
[1.341s] DEBUG:colcon.colcon_core.verb:Building package 'lab01_task01' with the following arguments: {'ament_cmake_args': None, 'build_base': '/home/felix/robo/robo_ai_turku_2025/build/lab01_task01', 'catkin_cmake_args': None, 'catkin_skip_building_tests': False, 'cmake_args': None, 'cmake_clean_cache': False, 'cmake_clean_first': False, 'cmake_force_configure': False, 'cmake_target': None, 'cmake_target_skip_unavailable': False, 'install_base': '/home/felix/robo/robo_ai_turku_2025/install/lab01_task01', 'merge_install': False, 'path': '/home/felix/robo/robo_ai_turku_2025/ros2_ws/src/lab01_task01', 'symlink_install': False, 'test_result_base': None}
[1.342s] Level 5:colcon.colcon_core.verb:set package 'lab01_task02' build argument 'cmake_args' from command line to 'None'
[1.342s] Level 5:colcon.colcon_core.verb:set package 'lab01_task02' build argument 'cmake_target' from command line to 'None'
[1.342s] Level 5:colcon.colcon_core.verb:set package 'lab01_task02' build argument 'cmake_target_skip_unavailable' from command line to 'False'
[1.342s] Level 5:colcon.colcon_core.verb:set package 'lab01_task02' build argument 'cmake_clean_cache' from command line to 'False'
[1.342s] Level 5:colcon.colcon_core.verb:set package 'lab01_task02' build argument 'cmake_clean_first' from command line to 'False'
[1.342s] Level 5:colcon.colcon_core.verb:set package 'lab01_task02' build argument 'cmake_force_configure' from command line to 'False'
[1.342s] Level 5:colcon.colcon_core.verb:set package 'lab01_task02' build argument 'ament_cmake_args' from command line to 'None'
[1.342s] Level 5:colcon.colcon_core.verb:set package 'lab01_task02' build argument 'catkin_cmake_args' from command line to 'None'
[1.342s] Level 5:colcon.colcon_core.verb:set package 'lab01_task02' build argument 'catkin_skip_building_tests' from command line to 'False'
[1.342s] DEBUG:colcon.colcon_core.verb:Building package 'lab01_task02' with the following arguments: {'ament_cmake_args': None, 'build_base': '/home/felix/robo/robo_ai_turku_2025/build/lab01_task02', 'catkin_cmake_args': None, 'catkin_skip_building_tests': False, 'cmake_args': None, 'cmake_clean_cache': False, 'cmake_clean_first': False, 'cmake_force_configure': False, 'cmake_target': None, 'cmake_target_skip_unavailable': False, 'install_base': '/home/felix/robo/robo_ai_turku_2025/install/lab01_task02', 'merge_install': False, 'path': '/home/felix/robo/robo_ai_turku_2025/ros2_ws/src/lab01_task02', 'symlink_install': False, 'test_result_base': None}
[1.342s] Level 5:colcon.colcon_core.verb:set package 'lab1_bringup' build argument 'cmake_args' from command line to 'None'
[1.342s] Level 5:colcon.colcon_core.verb:set package 'lab1_bringup' build argument 'cmake_target' from command line to 'None'
[1.342s] Level 5:colcon.colcon_core.verb:set package 'lab1_bringup' build argument 'cmake_target_skip_unavailable' from command line to 'False'
[1.342s] Level 5:colcon.colcon_core.verb:set package 'lab1_bringup' build argument 'cmake_clean_cache' from command line to 'False'
[1.342s] Level 5:colcon.colcon_core.verb:set package 'lab1_bringup' build argument 'cmake_clean_first' from command line to 'False'
[1.342s] Level 5:colcon.colcon_core.verb:set package 'lab1_bringup' build argument 'cmake_force_configure' from command line to 'False'
[1.342s] Level 5:colcon.colcon_core.verb:set package 'lab1_bringup' build argument 'ament_cmake_args' from command line to 'None'
[1.342s] Level 5:colcon.colcon_core.verb:set package 'lab1_bringup' build argument 'catkin_cmake_args' from command line to 'None'
[1.342s] Level 5:colcon.colcon_core.verb:set package 'lab1_bringup' build argument 'catkin_skip_building_tests' from command line to 'False'
[1.342s] DEBUG:colcon.colcon_core.verb:Building package 'lab1_bringup' with the following arguments: {'ament_cmake_args': None, 'build_base': '/home/felix/robo/robo_ai_turku_2025/build/lab1_bringup', 'catkin_cmake_args': None, 'catkin_skip_building_tests': False, 'cmake_args': None, 'cmake_clean_cache': False, 'cmake_clean_first': False, 'cmake_force_configure': False, 'cmake_target': None, 'cmake_target_skip_unavailable': False, 'install_base': '/home/felix/robo/robo_ai_turku_2025/install/lab1_bringup', 'merge_install': False, 'path': '/home/felix/robo/robo_ai_turku_2025/ros2_ws/src/lab1_bringup', 'symlink_install': False, 'test_result_base': None}
[1.343s] Level 5:colcon.colcon_core.verb:set package 'task1' build argument 'cmake_args' from command line to 'None'
[1.343s] Level 5:colcon.colcon_core.verb:set package 'task1' build argument 'cmake_target' from command line to 'None'
[1.343s] Level 5:colcon.colcon_core.verb:set package 'task1' build argument 'cmake_target_skip_unavailable' from command line to 'False'
[1.343s] Level 5:colcon.colcon_core.verb:set package 'task1' build argument 'cmake_clean_cache' from command line to 'False'
[1.343s] Level 5:colcon.colcon_core.verb:set package 'task1' build argument 'cmake_clean_first' from command line to 'False'
[1.343s] Level 5:colcon.colcon_core.verb:set package 'task1' build argument 'cmake_force_configure' from command line to 'False'
[1.343s] Level 5:colcon.colcon_core.verb:set package 'task1' build argument 'ament_cmake_args' from command line to 'None'
[1.343s] Level 5:colcon.colcon_core.verb:set package 'task1' build argument 'catkin_cmake_args' from command line to 'None'
[1.343s] Level 5:colcon.colcon_core.verb:set package 'task1' build argument 'catkin_skip_building_tests' from command line to 'False'
[1.343s] DEBUG:colcon.colcon_core.verb:Building package 'task1' with the following arguments: {'ament_cmake_args': None, 'build_base': '/home/felix/robo/robo_ai_turku_2025/build/task1', 'catkin_cmake_args': None, 'catkin_skip_building_tests': False, 'cmake_args': None, 'cmake_clean_cache': False, 'cmake_clean_first': False, 'cmake_force_configure': False, 'cmake_target': None, 'cmake_target_skip_unavailable': False, 'install_base': '/home/felix/robo/robo_ai_turku_2025/install/task1', 'merge_install': False, 'path': '/home/felix/robo/robo_ai_turku_2025/ros2_ws/src/task1', 'symlink_install': False, 'test_result_base': None}
[1.343s] Level 5:colcon.colcon_core.verb:set package 'lab01_task03' build argument 'cmake_args' from command line to 'None'
[1.343s] Level 5:colcon.colcon_core.verb:set package 'lab01_task03' build argument 'cmake_target' from command line to 'None'
[1.343s] Level 5:colcon.colcon_core.verb:set package 'lab01_task03' build argument 'cmake_target_skip_unavailable' from command line to 'False'
[1.343s] Level 5:colcon.colcon_core.verb:set package 'lab01_task03' build argument 'cmake_clean_cache' from command line to 'False'
[1.343s] Level 5:colcon.colcon_core.verb:set package 'lab01_task03' build argument 'cmake_clean_first' from command line to 'False'
[1.343s] Level 5:colcon.colcon_core.verb:set package 'lab01_task03' build argument 'cmake_force_configure' from command line to 'False'
[1.343s] Level 5:colcon.colcon_core.verb:set package 'lab01_task03' build argument 'ament_cmake_args' from command line to 'None'
[1.343s] Level 5:colcon.colcon_core.verb:set package 'lab01_task03' build argument 'catkin_cmake_args' from command line to 'None'
[1.343s] Level 5:colcon.colcon_core.verb:set package 'lab01_task03' build argument 'catkin_skip_building_tests' from command line to 'False'
[1.343s] DEBUG:colcon.colcon_core.verb:Building package 'lab01_task03' with the following arguments: {'ament_cmake_args': None, 'build_base': '/home/felix/robo/robo_ai_turku_2025/build/lab01_task03', 'catkin_cmake_args': None, 'catkin_skip_building_tests': False, 'cmake_args': None, 'cmake_clean_cache': False, 'cmake_clean_first': False, 'cmake_force_configure': False, 'cmake_target': None, 'cmake_target_skip_unavailable': False, 'install_base': '/home/felix/robo/robo_ai_turku_2025/install/lab01_task03', 'merge_install': False, 'path': '/home/felix/robo/robo_ai_turku_2025/ros2_ws/src/lab01_task03', 'symlink_install': False, 'test_result_base': None}
[1.344s] Level 5:colcon.colcon_core.verb:set package 'lab01_task05' build argument 'cmake_args' from command line to 'None'
[1.344s] Level 5:colcon.colcon_core.verb:set package 'lab01_task05' build argument 'cmake_target' from command line to 'None'
[1.344s] Level 5:colcon.colcon_core.verb:set package 'lab01_task05' build argument 'cmake_target_skip_unavailable' from command line to 'False'
[1.344s] Level 5:colcon.colcon_core.verb:set package 'lab01_task05' build argument 'cmake_clean_cache' from command line to 'False'
[1.344s] Level 5:colcon.colcon_core.verb:set package 'lab01_task05' build argument 'cmake_clean_first' from command line to 'False'
[1.344s] Level 5:colcon.colcon_core.verb:set package 'lab01_task05' build argument 'cmake_force_configure' from command line to 'False'
[1.344s] Level 5:colcon.colcon_core.verb:set package 'lab01_task05' build argument 'ament_cmake_args' from command line to 'None'
[1.344s] Level 5:colcon.colcon_core.verb:set package 'lab01_task05' build argument 'catkin_cmake_args' from command line to 'None'
[1.344s] Level 5:colcon.colcon_core.verb:set package 'lab01_task05' build argument 'catkin_skip_building_tests' from command line to 'False'
[1.344s] DEBUG:colcon.colcon_core.verb:Building package 'lab01_task05' with the following arguments: {'ament_cmake_args': None, 'build_base': '/home/felix/robo/robo_ai_turku_2025/build/lab01_task05', 'catkin_cmake_args': None, 'catkin_skip_building_tests': False, 'cmake_args': None, 'cmake_clean_cache': False, 'cmake_clean_first': False, 'cmake_force_configure': False, 'cmake_target': None, 'cmake_target_skip_unavailable': False, 'install_base': '/home/felix/robo/robo_ai_turku_2025/install/lab01_task05', 'merge_install': False, 'path': '/home/felix/robo/robo_ai_turku_2025/ros2_ws/src/lab01_task05', 'symlink_install': False, 'test_result_base': None}
[1.344s] INFO:colcon.colcon_core.executor:Executing jobs using 'parallel' executor
[1.347s] DEBUG:colcon.colcon_parallel_executor.executor.parallel:run_until_complete
[1.348s] INFO:colcon.colcon_ros.task.ament_cmake.build:Building ROS package in '/home/felix/robo/robo_ai_turku_2025/ros2_ws/src/custom_interface' with build type 'ament_cmake'
[1.348s] INFO:colcon.colcon_cmake.task.cmake.build:Building CMake package in '/home/felix/robo/robo_ai_turku_2025/ros2_ws/src/custom_interface'
[1.359s] INFO:colcon.colcon_core.plugin_system:Skipping extension 'colcon_core.shell.bat': Not used on non-Windows systems
[1.360s] INFO:colcon.colcon_core.shell:Skip shell extension 'powershell' for command environment: Not usable outside of PowerShell
[1.360s] DEBUG:colcon.colcon_core.shell:Skip shell extension 'dsv' for command environment
[1.365s] INFO:colcon.colcon_ros.task.ament_python.build:Building ROS package in '/home/felix/robo/robo_ai_turku_2025/ros2_ws/src/lab01_task01' with build type 'ament_python'
[1.366s] Level 1:colcon.colcon_core.shell:create_environment_hook('lab01_task01', 'ament_prefix_path')
[1.366s] INFO:colcon.colcon_core.shell:Creating environment hook '/home/felix/robo/robo_ai_turku_2025/install/lab01_task01/share/lab01_task01/hook/ament_prefix_path.ps1'
[1.369s] INFO:colcon.colcon_core.shell:Creating environment descriptor '/home/felix/robo/robo_ai_turku_2025/install/lab01_task01/share/lab01_task01/hook/ament_prefix_path.dsv'
[1.371s] INFO:colcon.colcon_core.shell:Creating environment hook '/home/felix/robo/robo_ai_turku_2025/install/lab01_task01/share/lab01_task01/hook/ament_prefix_path.sh'
[1.372s] INFO:colcon.colcon_core.shell:Skip shell extension 'powershell' for command environment: Not usable outside of PowerShell
[1.372s] DEBUG:colcon.colcon_core.shell:Skip shell extension 'dsv' for command environment
[1.379s] INFO:colcon.colcon_ros.task.ament_python.build:Building ROS package in '/home/felix/robo/robo_ai_turku_2025/ros2_ws/src/lab01_task02' with build type 'ament_python'
[1.379s] Level 1:colcon.colcon_core.shell:create_environment_hook('lab01_task02', 'ament_prefix_path')
[1.380s] INFO:colcon.colcon_core.shell:Creating environment hook '/home/felix/robo/robo_ai_turku_2025/install/lab01_task02/share/lab01_task02/hook/ament_prefix_path.ps1'
[1.381s] INFO:colcon.colcon_core.shell:Creating environment descriptor '/home/felix/robo/robo_ai_turku_2025/install/lab01_task02/share/lab01_task02/hook/ament_prefix_path.dsv'
[1.382s] INFO:colcon.colcon_core.shell:Creating environment hook '/home/felix/robo/robo_ai_turku_2025/install/lab01_task02/share/lab01_task02/hook/ament_prefix_path.sh'
[1.383s] INFO:colcon.colcon_core.shell:Skip shell extension 'powershell' for command environment: Not usable outside of PowerShell
[1.383s] DEBUG:colcon.colcon_core.shell:Skip shell extension 'dsv' for command environment
[1.389s] INFO:colcon.colcon_ros.task.ament_python.build:Building ROS package in '/home/felix/robo/robo_ai_turku_2025/ros2_ws/src/lab1_bringup' with build type 'ament_python'
[1.390s] Level 1:colcon.colcon_core.shell:create_environment_hook('lab1_bringup', 'ament_prefix_path')
[1.390s] INFO:colcon.colcon_core.shell:Creating environment hook '/home/felix/robo/robo_ai_turku_2025/install/lab1_bringup/share/lab1_bringup/hook/ament_prefix_path.ps1'
[1.392s] INFO:colcon.colcon_core.shell:Creating environment descriptor '/home/felix/robo/robo_ai_turku_2025/install/lab1_bringup/share/lab1_bringup/hook/ament_prefix_path.dsv'
[1.392s] INFO:colcon.colcon_core.shell:Creating environment hook '/home/felix/robo/robo_ai_turku_2025/install/lab1_bringup/share/lab1_bringup/hook/ament_prefix_path.sh'
[1.393s] INFO:colcon.colcon_core.shell:Skip shell extension 'powershell' for command environment: Not usable outside of PowerShell
[1.393s] DEBUG:colcon.colcon_core.shell:Skip shell extension 'dsv' for command environment
[1.398s] INFO:colcon.colcon_ros.task.ament_python.build:Building ROS package in '/home/felix/robo/robo_ai_turku_2025/ros2_ws/src/task1' with build type 'ament_python'
[1.398s] Level 1:colcon.colcon_core.shell:create_environment_hook('task1', 'ament_prefix_path')
[1.398s] INFO:colcon.colcon_core.shell:Creating environment hook '/home/felix/robo/robo_ai_turku_2025/install/task1/share/task1/hook/ament_prefix_path.ps1'
[1.399s] INFO:colcon.colcon_core.shell:Creating environment descriptor '/home/felix/robo/robo_ai_turku_2025/install/task1/share/task1/hook/ament_prefix_path.dsv'
[1.400s] INFO:colcon.colcon_core.shell:Creating environment hook '/home/felix/robo/robo_ai_turku_2025/install/task1/share/task1/hook/ament_prefix_path.sh'
[1.401s] INFO:colcon.colcon_core.shell:Skip shell extension 'powershell' for command environment: Not usable outside of PowerShell
[1.401s] DEBUG:colcon.colcon_core.shell:Skip shell extension 'dsv' for command environment
[1.412s] DEBUG:colcon.colcon_core.event_handler.log_command:Invoking command in '/home/felix/robo/robo_ai_turku_2025/build/custom_interface': CMAKE_PREFIX_PATH=${CMAKE_PREFIX_PATH}:/home/felix/robo/robo_ai_turku_2025/ros2_ws/install/lab01_task05:/home/felix/robo/robo_ai_turku_2025/ros2_ws/install/lab01_task03:/home/felix/robo/robo_ai_turku_2025/ros2_ws/install/lab01_task02:/home/felix/robo/robo_ai_turku_2025/ros2_ws/install/lab01_task01:/home/felix/robo/robo_ai_turku_2025/ros2_ws/install/lab1_bringup:/home/felix/robo/robo_ai_turku_2025/ros2_ws/install/task1:/opt/ros/humble /usr/bin/cmake /home/felix/robo/robo_ai_turku_2025/ros2_ws/src/custom_interface -DCMAKE_INSTALL_PREFIX=/home/felix/robo/robo_ai_turku_2025/install/custom_interface
[1.708s] INFO:colcon.colcon_core.task.python.build:Building Python package in '/home/felix/robo/robo_ai_turku_2025/ros2_ws/src/lab01_task01'
[1.709s] INFO:colcon.colcon_core.shell:Skip shell extension 'powershell' for command environment: Not usable outside of PowerShell
[1.709s] DEBUG:colcon.colcon_core.shell:Skip shell extension 'dsv' for command environment
[1.974s] INFO:colcon.colcon_core.task.python.build:Building Python package in '/home/felix/robo/robo_ai_turku_2025/ros2_ws/src/lab01_task02'
[1.974s] INFO:colcon.colcon_core.shell:Skip shell extension 'powershell' for command environment: Not usable outside of PowerShell
[1.974s] DEBUG:colcon.colcon_core.shell:Skip shell extension 'dsv' for command environment
[2.243s] INFO:colcon.colcon_core.task.python.build:Building Python package in '/home/felix/robo/robo_ai_turku_2025/ros2_ws/src/lab1_bringup'
[2.243s] INFO:colcon.colcon_core.shell:Skip shell extension 'powershell' for command environment: Not usable outside of PowerShell
[2.243s] DEBUG:colcon.colcon_core.shell:Skip shell extension 'dsv' for command environment
[2.528s] INFO:colcon.colcon_core.task.python.build:Building Python package in '/home/felix/robo/robo_ai_turku_2025/ros2_ws/src/task1'
[2.528s] INFO:colcon.colcon_core.shell:Skip shell extension 'powershell' for command environment: Not usable outside of PowerShell
[2.528s] DEBUG:colcon.colcon_core.shell:Skip shell extension 'dsv' for command environment
[3.157s] DEBUG:colcon.colcon_core.event_handler.log_command:Invoking command in '/home/felix/robo/robo_ai_turku_2025/ros2_ws/src/lab01_task02': PYTHONPATH=/home/felix/robo/robo_ai_turku_2025/build/lab01_task02/prefix_override:/usr/lib/python3/dist-packages/colcon_core/task/python/colcon_distutils_commands:/home/felix/robo/robo_ai_turku_2025/install/lab01_task02/lib/python3.10/site-packages:${PYTHONPATH} /usr/bin/python3 -W ignore:setup.py install is deprecated -W ignore:easy_install command is deprecated setup.py egg_info --egg-base ../../../build/lab01_task02 build --build-base /home/felix/robo/robo_ai_turku_2025/build/lab01_task02/build install --record /home/felix/robo/robo_ai_turku_2025/build/lab01_task02/install.log --single-version-externally-managed install_data
[3.162s] DEBUG:colcon.colcon_core.event_handler.log_command:Invoking command in '/home/felix/robo/robo_ai_turku_2025/ros2_ws/src/task1': PYTHONPATH=/home/felix/robo/robo_ai_turku_2025/build/task1/prefix_override:/usr/lib/python3/dist-packages/colcon_core/task/python/colcon_distutils_commands:/home/felix/robo/robo_ai_turku_2025/install/task1/lib/python3.10/site-packages:${PYTHONPATH} /usr/bin/python3 -W ignore:setup.py install is deprecated -W ignore:easy_install command is deprecated setup.py egg_info --egg-base ../../../build/task1 build --build-base /home/felix/robo/robo_ai_turku_2025/build/task1/build install --record /home/felix/robo/robo_ai_turku_2025/build/task1/install.log --single-version-externally-managed install_data
[3.165s] DEBUG:colcon.colcon_core.event_handler.log_command:Invoking command in '/home/felix/robo/robo_ai_turku_2025/ros2_ws/src/lab1_bringup': PYTHONPATH=/home/felix/robo/robo_ai_turku_2025/build/lab1_bringup/prefix_override:/usr/lib/python3/dist-packages/colcon_core/task/python/colcon_distutils_commands:/home/felix/robo/robo_ai_turku_2025/install/lab1_bringup/lib/python3.10/site-packages:${PYTHONPATH} /usr/bin/python3 -W ignore:setup.py install is deprecated -W ignore:easy_install command is deprecated setup.py egg_info --egg-base ../../../build/lab1_bringup build --build-base /home/felix/robo/robo_ai_turku_2025/build/lab1_bringup/build install --record /home/felix/robo/robo_ai_turku_2025/build/lab1_bringup/install.log --single-version-externally-managed install_data
[3.168s] DEBUG:colcon.colcon_core.event_handler.log_command:Invoking command in '/home/felix/robo/robo_ai_turku_2025/ros2_ws/src/lab01_task01': PYTHONPATH=/home/felix/robo/robo_ai_turku_2025/build/lab01_task01/prefix_override:/usr/lib/python3/dist-packages/colcon_core/task/python/colcon_distutils_commands:/home/felix/robo/robo_ai_turku_2025/install/lab01_task01/lib/python3.10/site-packages:${PYTHONPATH} /usr/bin/python3 -W ignore:setup.py install is deprecated -W ignore:easy_install command is deprecated setup.py egg_info --egg-base ../../../build/lab01_task01 build --build-base /home/felix/robo/robo_ai_turku_2025/build/lab01_task01/build install --record /home/felix/robo/robo_ai_turku_2025/build/lab01_task01/install.log --single-version-externally-managed install_data
[3.469s] DEBUG:colcon.colcon_core.event_handler.log_command:Invoked command in '/home/felix/robo/robo_ai_turku_2025/ros2_ws/src/task1' returned '0': PYTHONPATH=/home/felix/robo/robo_ai_turku_2025/build/task1/prefix_override:/usr/lib/python3/dist-packages/colcon_core/task/python/colcon_distutils_commands:/home/felix/robo/robo_ai_turku_2025/install/task1/lib/python3.10/site-packages:${PYTHONPATH} /usr/bin/python3 -W ignore:setup.py install is deprecated -W ignore:easy_install command is deprecated setup.py egg_info --egg-base ../../../build/task1 build --build-base /home/felix/robo/robo_ai_turku_2025/build/task1/build install --record /home/felix/robo/robo_ai_turku_2025/build/task1/install.log --single-version-externally-managed install_data
[3.479s] Level 1:colcon.colcon_core.environment:checking '/home/felix/robo/robo_ai_turku_2025/install/task1' for CMake module files
[3.479s] Level 1:colcon.colcon_core.environment:checking '/home/felix/robo/robo_ai_turku_2025/install/task1' for CMake config files
[3.480s] Level 1:colcon.colcon_core.environment:checking '/home/felix/robo/robo_ai_turku_2025/install/task1/lib'
[3.480s] Level 1:colcon.colcon_core.environment:checking '/home/felix/robo/robo_ai_turku_2025/install/task1/bin'
[3.480s] Level 1:colcon.colcon_core.environment:checking '/home/felix/robo/robo_ai_turku_2025/install/task1/lib/pkgconfig/task1.pc'
[3.480s] Level 1:colcon.colcon_core.environment:checking '/home/felix/robo/robo_ai_turku_2025/install/task1/lib/python3.10/site-packages'
[3.480s] Level 1:colcon.colcon_core.shell:create_environment_hook('task1', 'pythonpath')
[3.481s] INFO:colcon.colcon_core.shell:Creating environment hook '/home/felix/robo/robo_ai_turku_2025/install/task1/share/task1/hook/pythonpath.ps1'
[3.481s] INFO:colcon.colcon_core.shell:Creating environment descriptor '/home/felix/robo/robo_ai_turku_2025/install/task1/share/task1/hook/pythonpath.dsv'
[3.482s] INFO:colcon.colcon_core.shell:Creating environment hook '/home/felix/robo/robo_ai_turku_2025/install/task1/share/task1/hook/pythonpath.sh'
[3.482s] Level 1:colcon.colcon_core.environment:checking '/home/felix/robo/robo_ai_turku_2025/install/task1/bin'
[3.482s] Level 1:colcon.colcon_core.environment:create_environment_scripts_only(task1)
[3.483s] INFO:colcon.colcon_core.shell:Creating package script '/home/felix/robo/robo_ai_turku_2025/install/task1/share/task1/package.ps1'
[3.484s] INFO:colcon.colcon_core.shell:Creating package descriptor '/home/felix/robo/robo_ai_turku_2025/install/task1/share/task1/package.dsv'
[3.485s] INFO:colcon.colcon_core.shell:Creating package script '/home/felix/robo/robo_ai_turku_2025/install/task1/share/task1/package.sh'
[3.487s] INFO:colcon.colcon_core.shell:Creating package script '/home/felix/robo/robo_ai_turku_2025/install/task1/share/task1/package.bash'
[3.488s] INFO:colcon.colcon_core.shell:Creating package script '/home/felix/robo/robo_ai_turku_2025/install/task1/share/task1/package.zsh'
[3.489s] Level 1:colcon.colcon_core.environment:create_file_with_runtime_dependencies(/home/felix/robo/robo_ai_turku_2025/install/task1/share/colcon-core/packages/task1)
[3.492s] Level 1:colcon.colcon_core.environment:checking '/home/felix/robo/robo_ai_turku_2025/install/lab01_task02' for CMake module files
[3.494s] DEBUG:colcon.colcon_core.event_handler.log_command:Invoked command in '/home/felix/robo/robo_ai_turku_2025/ros2_ws/src/lab01_task02' returned '0': PYTHONPATH=/home/felix/robo/robo_ai_turku_2025/build/lab01_task02/prefix_override:/usr/lib/python3/dist-packages/colcon_core/task/python/colcon_distutils_commands:/home/felix/robo/robo_ai_turku_2025/install/lab01_task02/lib/python3.10/site-packages:${PYTHONPATH} /usr/bin/python3 -W ignore:setup.py install is deprecated -W ignore:easy_install command is deprecated setup.py egg_info --egg-base ../../../build/lab01_task02 build --build-base /home/felix/robo/robo_ai_turku_2025/build/lab01_task02/build install --record /home/felix/robo/robo_ai_turku_2025/build/lab01_task02/install.log --single-version-externally-managed install_data
[3.494s] Level 1:colcon.colcon_core.environment:checking '/home/felix/robo/robo_ai_turku_2025/install/lab01_task02' for CMake config files
[3.495s] Level 1:colcon.colcon_core.environment:checking '/home/felix/robo/robo_ai_turku_2025/install/lab01_task02/lib'
[3.495s] Level 1:colcon.colcon_core.environment:checking '/home/felix/robo/robo_ai_turku_2025/install/lab01_task02/bin'
[3.495s] Level 1:colcon.colcon_core.environment:checking '/home/felix/robo/robo_ai_turku_2025/install/lab01_task02/lib/pkgconfig/lab01_task02.pc'
[3.495s] Level 1:colcon.colcon_core.environment:checking '/home/felix/robo/robo_ai_turku_2025/install/lab01_task02/lib/python3.10/site-packages'
[3.495s] Level 1:colcon.colcon_core.shell:create_environment_hook('lab01_task02', 'pythonpath')
[3.495s] INFO:colcon.colcon_core.shell:Creating environment hook '/home/felix/robo/robo_ai_turku_2025/install/lab01_task02/share/lab01_task02/hook/pythonpath.ps1'
[3.496s] INFO:colcon.colcon_core.shell:Creating environment descriptor '/home/felix/robo/robo_ai_turku_2025/install/lab01_task02/share/lab01_task02/hook/pythonpath.dsv'
[3.496s] INFO:colcon.colcon_core.shell:Creating environment hook '/home/felix/robo/robo_ai_turku_2025/install/lab01_task02/share/lab01_task02/hook/pythonpath.sh'
[3.497s] Level 1:colcon.colcon_core.environment:checking '/home/felix/robo/robo_ai_turku_2025/install/lab01_task02/bin'
[3.497s] Level 1:colcon.colcon_core.environment:create_environment_scripts_only(lab01_task02)
[3.497s] INFO:colcon.colcon_core.shell:Creating package script '/home/felix/robo/robo_ai_turku_2025/install/lab01_task02/share/lab01_task02/package.ps1'
[3.498s] INFO:colcon.colcon_core.shell:Creating package descriptor '/home/felix/robo/robo_ai_turku_2025/install/lab01_task02/share/lab01_task02/package.dsv'
[3.498s] INFO:colcon.colcon_core.shell:Creating package script '/home/felix/robo/robo_ai_turku_2025/install/lab01_task02/share/lab01_task02/package.sh'
[3.499s] INFO:colcon.colcon_core.shell:Creating package script '/home/felix/robo/robo_ai_turku_2025/install/lab01_task02/share/lab01_task02/package.bash'
[3.499s] INFO:colcon.colcon_core.shell:Creating package script '/home/felix/robo/robo_ai_turku_2025/install/lab01_task02/share/lab01_task02/package.zsh'
[3.499s] Level 1:colcon.colcon_core.environment:create_file_with_runtime_dependencies(/home/felix/robo/robo_ai_turku_2025/install/lab01_task02/share/colcon-core/packages/lab01_task02)
[3.500s] Level 1:colcon.colcon_core.environment:checking '/home/felix/robo/robo_ai_turku_2025/install/lab1_bringup' for CMake module files
[3.501s] Level 1:colcon.colcon_core.environment:checking '/home/felix/robo/robo_ai_turku_2025/install/lab1_bringup' for CMake config files
[3.502s] DEBUG:colcon.colcon_core.event_handler.log_command:Invoked command in '/home/felix/robo/robo_ai_turku_2025/ros2_ws/src/lab1_bringup' returned '0': PYTHONPATH=/home/felix/robo/robo_ai_turku_2025/build/lab1_bringup/prefix_override:/usr/lib/python3/dist-packages/colcon_core/task/python/colcon_distutils_commands:/home/felix/robo/robo_ai_turku_2025/install/lab1_bringup/lib/python3.10/site-packages:${PYTHONPATH} /usr/bin/python3 -W ignore:setup.py install is deprecated -W ignore:easy_install command is deprecated setup.py egg_info --egg-base ../../../build/lab1_bringup build --build-base /home/felix/robo/robo_ai_turku_2025/build/lab1_bringup/build install --record /home/felix/robo/robo_ai_turku_2025/build/lab1_bringup/install.log --single-version-externally-managed install_data
[3.502s] Level 1:colcon.colcon_core.environment:checking '/home/felix/robo/robo_ai_turku_2025/install/lab1_bringup/lib'
[3.503s] Level 1:colcon.colcon_core.environment:checking '/home/felix/robo/robo_ai_turku_2025/install/lab1_bringup/bin'
[3.503s] Level 1:colcon.colcon_core.environment:checking '/home/felix/robo/robo_ai_turku_2025/install/lab1_bringup/lib/pkgconfig/lab1_bringup.pc'
[3.503s] Level 1:colcon.colcon_core.environment:checking '/home/felix/robo/robo_ai_turku_2025/install/lab1_bringup/lib/python3.10/site-packages'
[3.503s] Level 1:colcon.colcon_core.shell:create_environment_hook('lab1_bringup', 'pythonpath')
[3.503s] INFO:colcon.colcon_core.shell:Creating environment hook '/home/felix/robo/robo_ai_turku_2025/install/lab1_bringup/share/lab1_bringup/hook/pythonpath.ps1'
[3.503s] INFO:colcon.colcon_core.shell:Creating environment descriptor '/home/felix/robo/robo_ai_turku_2025/install/lab1_bringup/share/lab1_bringup/hook/pythonpath.dsv'
[3.504s] INFO:colcon.colcon_core.shell:Creating environment hook '/home/felix/robo/robo_ai_turku_2025/install/lab1_bringup/share/lab1_bringup/hook/pythonpath.sh'
[3.504s] Level 1:colcon.colcon_core.environment:checking '/home/felix/robo/robo_ai_turku_2025/install/lab1_bringup/bin'
[3.504s] Level 1:colcon.colcon_core.environment:create_environment_scripts_only(lab1_bringup)
[3.505s] INFO:colcon.colcon_core.shell:Creating package script '/home/felix/robo/robo_ai_turku_2025/install/lab1_bringup/share/lab1_bringup/package.ps1'
[3.505s] INFO:colcon.colcon_core.shell:Creating package descriptor '/home/felix/robo/robo_ai_turku_2025/install/lab1_bringup/share/lab1_bringup/package.dsv'
[3.506s] INFO:colcon.colcon_core.shell:Creating package script '/home/felix/robo/robo_ai_turku_2025/install/lab1_bringup/share/lab1_bringup/package.sh'
[3.506s] INFO:colcon.colcon_core.shell:Creating package script '/home/felix/robo/robo_ai_turku_2025/install/lab1_bringup/share/lab1_bringup/package.bash'
[3.506s] INFO:colcon.colcon_core.shell:Creating package script '/home/felix/robo/robo_ai_turku_2025/install/lab1_bringup/share/lab1_bringup/package.zsh'
[3.507s] Level 1:colcon.colcon_core.environment:create_file_with_runtime_dependencies(/home/felix/robo/robo_ai_turku_2025/install/lab1_bringup/share/colcon-core/packages/lab1_bringup)
[3.508s] Level 1:colcon.colcon_core.environment:checking '/home/felix/robo/robo_ai_turku_2025/install/lab01_task01' for CMake module files
[3.509s] DEBUG:colcon.colcon_core.event_handler.log_command:Invoked command in '/home/felix/robo/robo_ai_turku_2025/ros2_ws/src/lab01_task01' returned '0': PYTHONPATH=/home/felix/robo/robo_ai_turku_2025/build/lab01_task01/prefix_override:/usr/lib/python3/dist-packages/colcon_core/task/python/colcon_distutils_commands:/home/felix/robo/robo_ai_turku_2025/install/lab01_task01/lib/python3.10/site-packages:${PYTHONPATH} /usr/bin/python3 -W ignore:setup.py install is deprecated -W ignore:easy_install command is deprecated setup.py egg_info --egg-base ../../../build/lab01_task01 build --build-base /home/felix/robo/robo_ai_turku_2025/build/lab01_task01/build install --record /home/felix/robo/robo_ai_turku_2025/build/lab01_task01/install.log --single-version-externally-managed install_data
[3.510s] Level 1:colcon.colcon_core.environment:checking '/home/felix/robo/robo_ai_turku_2025/install/lab01_task01' for CMake config files
[3.510s] Level 1:colcon.colcon_core.environment:checking '/home/felix/robo/robo_ai_turku_2025/install/lab01_task01/lib'
[3.510s] Level 1:colcon.colcon_core.environment:checking '/home/felix/robo/robo_ai_turku_2025/install/lab01_task01/bin'
[3.510s] Level 1:colcon.colcon_core.environment:checking '/home/felix/robo/robo_ai_turku_2025/install/lab01_task01/lib/pkgconfig/lab01_task01.pc'
[3.510s] Level 1:colcon.colcon_core.environment:checking '/home/felix/robo/robo_ai_turku_2025/install/lab01_task01/lib/python3.10/site-packages'
[3.510s] Level 1:colcon.colcon_core.shell:create_environment_hook('lab01_task01', 'pythonpath')
[3.511s] INFO:colcon.colcon_core.shell:Creating environment hook '/home/felix/robo/robo_ai_turku_2025/install/lab01_task01/share/lab01_task01/hook/pythonpath.ps1'
[3.511s] INFO:colcon.colcon_core.shell:Creating environment descriptor '/home/felix/robo/robo_ai_turku_2025/install/lab01_task01/share/lab01_task01/hook/pythonpath.dsv'
[3.511s] INFO:colcon.colcon_core.shell:Creating environment hook '/home/felix/robo/robo_ai_turku_2025/install/lab01_task01/share/lab01_task01/hook/pythonpath.sh'
[3.512s] Level 1:colcon.colcon_core.environment:checking '/home/felix/robo/robo_ai_turku_2025/install/lab01_task01/bin'
[3.512s] Level 1:colcon.colcon_core.environment:create_environment_scripts_only(lab01_task01)
[3.512s] INFO:colcon.colcon_core.shell:Creating package script '/home/felix/robo/robo_ai_turku_2025/install/lab01_task01/share/lab01_task01/package.ps1'
[3.513s] INFO:colcon.colcon_core.shell:Creating package descriptor '/home/felix/robo/robo_ai_turku_2025/install/lab01_task01/share/lab01_task01/package.dsv'
[3.513s] INFO:colcon.colcon_core.shell:Creating package script '/home/felix/robo/robo_ai_turku_2025/install/lab01_task01/share/lab01_task01/package.sh'
[3.514s] INFO:colcon.colcon_core.shell:Creating package script '/home/felix/robo/robo_ai_turku_2025/install/lab01_task01/share/lab01_task01/package.bash'
[3.514s] INFO:colcon.colcon_core.shell:Creating package script '/home/felix/robo/robo_ai_turku_2025/install/lab01_task01/share/lab01_task01/package.zsh'
[3.514s] Level 1:colcon.colcon_core.environment:create_file_with_runtime_dependencies(/home/felix/robo/robo_ai_turku_2025/install/lab01_task01/share/colcon-core/packages/lab01_task01)
[9.975s] DEBUG:colcon.colcon_core.event_handler.log_command:Invoked command in '/home/felix/robo/robo_ai_turku_2025/build/custom_interface' returned '0': CMAKE_PREFIX_PATH=${CMAKE_PREFIX_PATH}:/home/felix/robo/robo_ai_turku_2025/ros2_ws/install/lab01_task05:/home/felix/robo/robo_ai_turku_2025/ros2_ws/install/lab01_task03:/home/felix/robo/robo_ai_turku_2025/ros2_ws/install/lab01_task02:/home/felix/robo/robo_ai_turku_2025/ros2_ws/install/lab01_task01:/home/felix/robo/robo_ai_turku_2025/ros2_ws/install/lab1_bringup:/home/felix/robo/robo_ai_turku_2025/ros2_ws/install/task1:/opt/ros/humble /usr/bin/cmake /home/felix/robo/robo_ai_turku_2025/ros2_ws/src/custom_interface -DCMAKE_INSTALL_PREFIX=/home/felix/robo/robo_ai_turku_2025/install/custom_interface
[9.975s] DEBUG:colcon.colcon_core.event_handler.log_command:Invoking command in '/home/felix/robo/robo_ai_turku_2025/build/custom_interface': CMAKE_PREFIX_PATH=${CMAKE_PREFIX_PATH}:/home/felix/robo/robo_ai_turku_2025/ros2_ws/install/lab01_task05:/home/felix/robo/robo_ai_turku_2025/ros2_ws/install/lab01_task03:/home/felix/robo/robo_ai_turku_2025/ros2_ws/install/lab01_task02:/home/felix/robo/robo_ai_turku_2025/ros2_ws/install/lab01_task01:/home/felix/robo/robo_ai_turku_2025/ros2_ws/install/lab1_bringup:/home/felix/robo/robo_ai_turku_2025/ros2_ws/install/task1:/opt/ros/humble /usr/bin/cmake --build /home/felix/robo/robo_ai_turku_2025/build/custom_interface -- -j22 -l22
[15.134s] DEBUG:colcon.colcon_core.event_handler.log_command:Invoked command in '/home/felix/robo/robo_ai_turku_2025/build/custom_interface' returned '0': CMAKE_PREFIX_PATH=${CMAKE_PREFIX_PATH}:/home/felix/robo/robo_ai_turku_2025/ros2_ws/install/lab01_task05:/home/felix/robo/robo_ai_turku_2025/ros2_ws/install/lab01_task03:/home/felix/robo/robo_ai_turku_2025/ros2_ws/install/lab01_task02:/home/felix/robo/robo_ai_turku_2025/ros2_ws/install/lab01_task01:/home/felix/robo/robo_ai_turku_2025/ros2_ws/install/lab1_bringup:/home/felix/robo/robo_ai_turku_2025/ros2_ws/install/task1:/opt/ros/humble /usr/bin/cmake --build /home/felix/robo/robo_ai_turku_2025/build/custom_interface -- -j22 -l22
[15.146s] DEBUG:colcon.colcon_core.event_handler.log_command:Invoking command in '/home/felix/robo/robo_ai_turku_2025/build/custom_interface': CMAKE_PREFIX_PATH=${CMAKE_PREFIX_PATH}:/home/felix/robo/robo_ai_turku_2025/ros2_ws/install/lab01_task05:/home/felix/robo/robo_ai_turku_2025/ros2_ws/install/lab01_task03:/home/felix/robo/robo_ai_turku_2025/ros2_ws/install/lab01_task02:/home/felix/robo/robo_ai_turku_2025/ros2_ws/install/lab01_task01:/home/felix/robo/robo_ai_turku_2025/ros2_ws/install/lab1_bringup:/home/felix/robo/robo_ai_turku_2025/ros2_ws/install/task1:/opt/ros/humble /usr/bin/cmake --install /home/felix/robo/robo_ai_turku_2025/build/custom_interface
[15.269s] Level 1:colcon.colcon_core.environment:create_environment_scripts_only(custom_interface)
[15.270s] Level 1:colcon.colcon_core.environment:checking '/home/felix/robo/robo_ai_turku_2025/install/custom_interface' for CMake module files
[15.270s] DEBUG:colcon.colcon_core.event_handler.log_command:Invoked command in '/home/felix/robo/robo_ai_turku_2025/build/custom_interface' returned '0': CMAKE_PREFIX_PATH=${CMAKE_PREFIX_PATH}:/home/felix/robo/robo_ai_turku_2025/ros2_ws/install/lab01_task05:/home/felix/robo/robo_ai_turku_2025/ros2_ws/install/lab01_task03:/home/felix/robo/robo_ai_turku_2025/ros2_ws/install/lab01_task02:/home/felix/robo/robo_ai_turku_2025/ros2_ws/install/lab01_task01:/home/felix/robo/robo_ai_turku_2025/ros2_ws/install/lab1_bringup:/home/felix/robo/robo_ai_turku_2025/ros2_ws/install/task1:/opt/ros/humble /usr/bin/cmake --install /home/felix/robo/robo_ai_turku_2025/build/custom_interface
[15.271s] Level 1:colcon.colcon_core.environment:checking '/home/felix/robo/robo_ai_turku_2025/install/custom_interface' for CMake config files
[15.272s] Level 1:colcon.colcon_core.shell:create_environment_hook('custom_interface', 'cmake_prefix_path')
[15.272s] INFO:colcon.colcon_core.shell:Creating environment hook '/home/felix/robo/robo_ai_turku_2025/install/custom_interface/share/custom_interface/hook/cmake_prefix_path.ps1'
[15.273s] INFO:colcon.colcon_core.shell:Creating environment descriptor '/home/felix/robo/robo_ai_turku_2025/install/custom_interface/share/custom_interface/hook/cmake_prefix_path.dsv'
[15.273s] INFO:colcon.colcon_core.shell:Creating environment hook '/home/felix/robo/robo_ai_turku_2025/install/custom_interface/share/custom_interface/hook/cmake_prefix_path.sh'
[15.274s] Level 1:colcon.colcon_core.environment:checking '/home/felix/robo/robo_ai_turku_2025/install/custom_interface/lib'
[15.274s] Level 1:colcon.colcon_core.shell:create_environment_hook('custom_interface', 'ld_library_path_lib')
[15.274s] INFO:colcon.colcon_core.shell:Creating environment hook '/home/felix/robo/robo_ai_turku_2025/install/custom_interface/share/custom_interface/hook/ld_library_path_lib.ps1'
[15.274s] INFO:colcon.colcon_core.shell:Creating environment descriptor '/home/felix/robo/robo_ai_turku_2025/install/custom_interface/share/custom_interface/hook/ld_library_path_lib.dsv'
[15.275s] INFO:colcon.colcon_core.shell:Creating environment hook '/home/felix/robo/robo_ai_turku_2025/install/custom_interface/share/custom_interface/hook/ld_library_path_lib.sh'
[15.275s] Level 1:colcon.colcon_core.environment:checking '/home/felix/robo/robo_ai_turku_2025/install/custom_interface/bin'
[15.275s] Level 1:colcon.colcon_core.environment:checking '/home/felix/robo/robo_ai_turku_2025/install/custom_interface/lib/pkgconfig/custom_interface.pc'
[15.275s] Level 1:colcon.colcon_core.environment:checking '/home/felix/robo/robo_ai_turku_2025/install/custom_interface/lib/python3.10/site-packages'
[15.276s] Level 1:colcon.colcon_core.environment:checking '/home/felix/robo/robo_ai_turku_2025/install/custom_interface/bin'
[15.276s] INFO:colcon.colcon_core.shell:Creating package script '/home/felix/robo/robo_ai_turku_2025/install/custom_interface/share/custom_interface/package.ps1'
[15.276s] INFO:colcon.colcon_core.shell:Creating package descriptor '/home/felix/robo/robo_ai_turku_2025/install/custom_interface/share/custom_interface/package.dsv'
[15.277s] INFO:colcon.colcon_core.shell:Creating package script '/home/felix/robo/robo_ai_turku_2025/install/custom_interface/share/custom_interface/package.sh'
[15.278s] INFO:colcon.colcon_core.shell:Creating package script '/home/felix/robo/robo_ai_turku_2025/install/custom_interface/share/custom_interface/package.bash'
[15.278s] INFO:colcon.colcon_core.shell:Creating package script '/home/felix/robo/robo_ai_turku_2025/install/custom_interface/share/custom_interface/package.zsh'
[15.279s] Level 1:colcon.colcon_core.environment:create_file_with_runtime_dependencies(/home/felix/robo/robo_ai_turku_2025/install/custom_interface/share/colcon-core/packages/custom_interface)
[15.280s] Level 1:colcon.colcon_core.environment:create_environment_scripts_only(custom_interface)
[15.280s] Level 1:colcon.colcon_core.environment:checking '/home/felix/robo/robo_ai_turku_2025/install/custom_interface' for CMake module files
[15.281s] Level 1:colcon.colcon_core.environment:checking '/home/felix/robo/robo_ai_turku_2025/install/custom_interface' for CMake config files
[15.282s] Level 1:colcon.colcon_core.shell:create_environment_hook('custom_interface', 'cmake_prefix_path')
[15.282s] INFO:colcon.colcon_core.shell:Creating environment hook '/home/felix/robo/robo_ai_turku_2025/install/custom_interface/share/custom_interface/hook/cmake_prefix_path.ps1'
[15.283s] INFO:colcon.colcon_core.shell:Creating environment descriptor '/home/felix/robo/robo_ai_turku_2025/install/custom_interface/share/custom_interface/hook/cmake_prefix_path.dsv'
[15.283s] INFO:colcon.colcon_core.shell:Creating environment hook '/home/felix/robo/robo_ai_turku_2025/install/custom_interface/share/custom_interface/hook/cmake_prefix_path.sh'
[15.284s] Level 1:colcon.colcon_core.environment:checking '/home/felix/robo/robo_ai_turku_2025/install/custom_interface/lib'
[15.284s] Level 1:colcon.colcon_core.shell:create_environment_hook('custom_interface', 'ld_library_path_lib')
[15.284s] INFO:colcon.colcon_core.shell:Creating environment hook '/home/felix/robo/robo_ai_turku_2025/install/custom_interface/share/custom_interface/hook/ld_library_path_lib.ps1'
[15.284s] INFO:colcon.colcon_core.shell:Creating environment descriptor '/home/felix/robo/robo_ai_turku_2025/install/custom_interface/share/custom_interface/hook/ld_library_path_lib.dsv'
[15.285s] INFO:colcon.colcon_core.shell:Creating environment hook '/home/felix/robo/robo_ai_turku_2025/install/custom_interface/share/custom_interface/hook/ld_library_path_lib.sh'
[15.285s] Level 1:colcon.colcon_core.environment:checking '/home/felix/robo/robo_ai_turku_2025/install/custom_interface/bin'
[15.286s] Level 1:colcon.colcon_core.environment:checking '/home/felix/robo/robo_ai_turku_2025/install/custom_interface/lib/pkgconfig/custom_interface.pc'
[15.286s] Level 1:colcon.colcon_core.environment:checking '/home/felix/robo/robo_ai_turku_2025/install/custom_interface/lib/python3.10/site-packages'
[15.286s] Level 1:colcon.colcon_core.environment:checking '/home/felix/robo/robo_ai_turku_2025/install/custom_interface/bin'
[15.286s] INFO:colcon.colcon_core.shell:Creating package script '/home/felix/robo/robo_ai_turku_2025/install/custom_interface/share/custom_interface/package.ps1'
[15.287s] INFO:colcon.colcon_core.shell:Creating package descriptor '/home/felix/robo/robo_ai_turku_2025/install/custom_interface/share/custom_interface/package.dsv'
[15.287s] INFO:colcon.colcon_core.shell:Creating package script '/home/felix/robo/robo_ai_turku_2025/install/custom_interface/share/custom_interface/package.sh'
[15.288s] INFO:colcon.colcon_core.shell:Creating package script '/home/felix/robo/robo_ai_turku_2025/install/custom_interface/share/custom_interface/package.bash'
[15.288s] INFO:colcon.colcon_core.shell:Creating package script '/home/felix/robo/robo_ai_turku_2025/install/custom_interface/share/custom_interface/package.zsh'
[15.288s] Level 1:colcon.colcon_core.environment:create_file_with_runtime_dependencies(/home/felix/robo/robo_ai_turku_2025/install/custom_interface/share/colcon-core/packages/custom_interface)
[15.289s] INFO:colcon.colcon_ros.task.ament_python.build:Building ROS package in '/home/felix/robo/robo_ai_turku_2025/ros2_ws/src/lab01_task03' with build type 'ament_python'
[15.289s] Level 1:colcon.colcon_core.shell:create_environment_hook('lab01_task03', 'ament_prefix_path')
[15.289s] INFO:colcon.colcon_core.shell:Creating environment hook '/home/felix/robo/robo_ai_turku_2025/install/lab01_task03/share/lab01_task03/hook/ament_prefix_path.ps1'
[15.291s] INFO:colcon.colcon_core.shell:Creating environment descriptor '/home/felix/robo/robo_ai_turku_2025/install/lab01_task03/share/lab01_task03/hook/ament_prefix_path.dsv'
[15.292s] INFO:colcon.colcon_core.shell:Creating environment hook '/home/felix/robo/robo_ai_turku_2025/install/lab01_task03/share/lab01_task03/hook/ament_prefix_path.sh'
[15.293s] INFO:colcon.colcon_core.shell:Skip shell extension 'powershell' for command environment: Not usable outside of PowerShell
[15.293s] DEBUG:colcon.colcon_core.shell:Skip shell extension 'dsv' for command environment
[15.298s] INFO:colcon.colcon_ros.task.ament_python.build:Building ROS package in '/home/felix/robo/robo_ai_turku_2025/ros2_ws/src/lab01_task05' with build type 'ament_python'
[15.299s] Level 1:colcon.colcon_core.shell:create_environment_hook('lab01_task05', 'ament_prefix_path')
[15.299s] INFO:colcon.colcon_core.shell:Creating environment hook '/home/felix/robo/robo_ai_turku_2025/install/lab01_task05/share/lab01_task05/hook/ament_prefix_path.ps1'
[15.300s] INFO:colcon.colcon_core.shell:Creating environment descriptor '/home/felix/robo/robo_ai_turku_2025/install/lab01_task05/share/lab01_task05/hook/ament_prefix_path.dsv'
[15.300s] INFO:colcon.colcon_core.shell:Creating environment hook '/home/felix/robo/robo_ai_turku_2025/install/lab01_task05/share/lab01_task05/hook/ament_prefix_path.sh'
[15.301s] INFO:colcon.colcon_core.shell:Skip shell extension 'powershell' for command environment: Not usable outside of PowerShell
[15.301s] DEBUG:colcon.colcon_core.shell:Skip shell extension 'dsv' for command environment
[15.643s] INFO:colcon.colcon_core.task.python.build:Building Python package in '/home/felix/robo/robo_ai_turku_2025/ros2_ws/src/lab01_task03'
[15.643s] INFO:colcon.colcon_core.shell:Skip shell extension 'powershell' for command environment: Not usable outside of PowerShell
[15.644s] DEBUG:colcon.colcon_core.shell:Skip shell extension 'dsv' for command environment
[15.950s] INFO:colcon.colcon_core.task.python.build:Building Python package in '/home/felix/robo/robo_ai_turku_2025/ros2_ws/src/lab01_task05'
[15.951s] INFO:colcon.colcon_core.shell:Skip shell extension 'powershell' for command environment: Not usable outside of PowerShell
[15.951s] DEBUG:colcon.colcon_core.shell:Skip shell extension 'dsv' for command environment
[16.345s] DEBUG:colcon.colcon_core.event_handler.log_command:Invoking command in '/home/felix/robo/robo_ai_turku_2025/ros2_ws/src/lab01_task03': AMENT_PREFIX_PATH=/home/felix/robo/robo_ai_turku_2025/install/custom_interface:${AMENT_PREFIX_PATH} CMAKE_PREFIX_PATH=/home/felix/robo/robo_ai_turku_2025/install/custom_interface:${CMAKE_PREFIX_PATH} LD_LIBRARY_PATH=/home/felix/robo/robo_ai_turku_2025/install/custom_interface/lib:${LD_LIBRARY_PATH} PYTHONPATH=/home/felix/robo/robo_ai_turku_2025/build/lab01_task03/prefix_override:/usr/lib/python3/dist-packages/colcon_core/task/python/colcon_distutils_commands:/home/felix/robo/robo_ai_turku_2025/install/lab01_task03/lib/python3.10/site-packages:/home/felix/robo/robo_ai_turku_2025/install/custom_interface/local/lib/python3.10/dist-packages:${PYTHONPATH} /usr/bin/python3 -W ignore:setup.py install is deprecated -W ignore:easy_install command is deprecated setup.py egg_info --egg-base ../../../build/lab01_task03 build --build-base /home/felix/robo/robo_ai_turku_2025/build/lab01_task03/build install --record /home/felix/robo/robo_ai_turku_2025/build/lab01_task03/install.log --single-version-externally-managed install_data
[16.444s] DEBUG:colcon.colcon_core.event_handler.log_command:Invoking command in '/home/felix/robo/robo_ai_turku_2025/ros2_ws/src/lab01_task05': AMENT_PREFIX_PATH=/home/felix/robo/robo_ai_turku_2025/install/custom_interface:${AMENT_PREFIX_PATH} CMAKE_PREFIX_PATH=/home/felix/robo/robo_ai_turku_2025/install/custom_interface:${CMAKE_PREFIX_PATH} LD_LIBRARY_PATH=/home/felix/robo/robo_ai_turku_2025/install/custom_interface/lib:${LD_LIBRARY_PATH} PYTHONPATH=/home/felix/robo/robo_ai_turku_2025/build/lab01_task05/prefix_override:/usr/lib/python3/dist-packages/colcon_core/task/python/colcon_distutils_commands:/home/felix/robo/robo_ai_turku_2025/install/lab01_task05/lib/python3.10/site-packages:/home/felix/robo/robo_ai_turku_2025/install/custom_interface/local/lib/python3.10/dist-packages:${PYTHONPATH} /usr/bin/python3 -W ignore:setup.py install is deprecated -W ignore:easy_install command is deprecated setup.py egg_info --egg-base ../../../build/lab01_task05 build --build-base /home/felix/robo/robo_ai_turku_2025/build/lab01_task05/build install --record /home/felix/robo/robo_ai_turku_2025/build/lab01_task05/install.log --single-version-externally-managed install_data
[16.668s] Level 1:colcon.colcon_core.environment:checking '/home/felix/robo/robo_ai_turku_2025/install/lab01_task03' for CMake module files
[16.669s] DEBUG:colcon.colcon_core.event_handler.log_command:Invoked command in '/home/felix/robo/robo_ai_turku_2025/ros2_ws/src/lab01_task03' returned '0': AMENT_PREFIX_PATH=/home/felix/robo/robo_ai_turku_2025/install/custom_interface:${AMENT_PREFIX_PATH} CMAKE_PREFIX_PATH=/home/felix/robo/robo_ai_turku_2025/install/custom_interface:${CMAKE_PREFIX_PATH} LD_LIBRARY_PATH=/home/felix/robo/robo_ai_turku_2025/install/custom_interface/lib:${LD_LIBRARY_PATH} PYTHONPATH=/home/felix/robo/robo_ai_turku_2025/build/lab01_task03/prefix_override:/usr/lib/python3/dist-packages/colcon_core/task/python/colcon_distutils_commands:/home/felix/robo/robo_ai_turku_2025/install/lab01_task03/lib/python3.10/site-packages:/home/felix/robo/robo_ai_turku_2025/install/custom_interface/local/lib/python3.10/dist-packages:${PYTHONPATH} /usr/bin/python3 -W ignore:setup.py install is deprecated -W ignore:easy_install command is deprecated setup.py egg_info --egg-base ../../../build/lab01_task03 build --build-base /home/felix/robo/robo_ai_turku_2025/build/lab01_task03/build install --record /home/felix/robo/robo_ai_turku_2025/build/lab01_task03/install.log --single-version-externally-managed install_data
[16.670s] Level 1:colcon.colcon_core.environment:checking '/home/felix/robo/robo_ai_turku_2025/install/lab01_task03' for CMake config files
[16.670s] Level 1:colcon.colcon_core.environment:checking '/home/felix/robo/robo_ai_turku_2025/install/lab01_task03/lib'
[16.670s] Level 1:colcon.colcon_core.environment:checking '/home/felix/robo/robo_ai_turku_2025/install/lab01_task03/bin'
[16.670s] Level 1:colcon.colcon_core.environment:checking '/home/felix/robo/robo_ai_turku_2025/install/lab01_task03/lib/pkgconfig/lab01_task03.pc'
[16.671s] Level 1:colcon.colcon_core.environment:checking '/home/felix/robo/robo_ai_turku_2025/install/lab01_task03/lib/python3.10/site-packages'
[16.671s] Level 1:colcon.colcon_core.shell:create_environment_hook('lab01_task03', 'pythonpath')
[16.671s] INFO:colcon.colcon_core.shell:Creating environment hook '/home/felix/robo/robo_ai_turku_2025/install/lab01_task03/share/lab01_task03/hook/pythonpath.ps1'
[16.672s] INFO:colcon.colcon_core.shell:Creating environment descriptor '/home/felix/robo/robo_ai_turku_2025/install/lab01_task03/share/lab01_task03/hook/pythonpath.dsv'
[16.672s] INFO:colcon.colcon_core.shell:Creating environment hook '/home/felix/robo/robo_ai_turku_2025/install/lab01_task03/share/lab01_task03/hook/pythonpath.sh'
[16.673s] Level 1:colcon.colcon_core.environment:checking '/home/felix/robo/robo_ai_turku_2025/install/lab01_task03/bin'
[16.673s] Level 1:colcon.colcon_core.environment:create_environment_scripts_only(lab01_task03)
[16.674s] INFO:colcon.colcon_core.shell:Creating package script '/home/felix/robo/robo_ai_turku_2025/install/lab01_task03/share/lab01_task03/package.ps1'
[16.674s] INFO:colcon.colcon_core.shell:Creating package descriptor '/home/felix/robo/robo_ai_turku_2025/install/lab01_task03/share/lab01_task03/package.dsv'
[16.675s] INFO:colcon.colcon_core.shell:Creating package script '/home/felix/robo/robo_ai_turku_2025/install/lab01_task03/share/lab01_task03/package.sh'
[16.675s] INFO:colcon.colcon_core.shell:Creating package script '/home/felix/robo/robo_ai_turku_2025/install/lab01_task03/share/lab01_task03/package.bash'
[16.675s] INFO:colcon.colcon_core.shell:Creating package script '/home/felix/robo/robo_ai_turku_2025/install/lab01_task03/share/lab01_task03/package.zsh'
[16.676s] Level 1:colcon.colcon_core.environment:create_file_with_runtime_dependencies(/home/felix/robo/robo_ai_turku_2025/install/lab01_task03/share/colcon-core/packages/lab01_task03)
[16.755s] Level 1:colcon.colcon_core.environment:checking '/home/felix/robo/robo_ai_turku_2025/install/lab01_task05' for CMake module files
[16.756s] DEBUG:colcon.colcon_core.event_handler.log_command:Invoked command in '/home/felix/robo/robo_ai_turku_2025/ros2_ws/src/lab01_task05' returned '0': AMENT_PREFIX_PATH=/home/felix/robo/robo_ai_turku_2025/install/custom_interface:${AMENT_PREFIX_PATH} CMAKE_PREFIX_PATH=/home/felix/robo/robo_ai_turku_2025/install/custom_interface:${CMAKE_PREFIX_PATH} LD_LIBRARY_PATH=/home/felix/robo/robo_ai_turku_2025/install/custom_interface/lib:${LD_LIBRARY_PATH} PYTHONPATH=/home/felix/robo/robo_ai_turku_2025/build/lab01_task05/prefix_override:/usr/lib/python3/dist-packages/colcon_core/task/python/colcon_distutils_commands:/home/felix/robo/robo_ai_turku_2025/install/lab01_task05/lib/python3.10/site-packages:/home/felix/robo/robo_ai_turku_2025/install/custom_interface/local/lib/python3.10/dist-packages:${PYTHONPATH} /usr/bin/python3 -W ignore:setup.py install is deprecated -W ignore:easy_install command is deprecated setup.py egg_info --egg-base ../../../build/lab01_task05 build --build-base /home/felix/robo/robo_ai_turku_2025/build/lab01_task05/build install --record /home/felix/robo/robo_ai_turku_2025/build/lab01_task05/install.log --single-version-externally-managed install_data
[16.757s] Level 1:colcon.colcon_core.environment:checking '/home/felix/robo/robo_ai_turku_2025/install/lab01_task05' for CMake config files
[16.758s] Level 1:colcon.colcon_core.environment:checking '/home/felix/robo/robo_ai_turku_2025/install/lab01_task05/lib'
[16.758s] Level 1:colcon.colcon_core.environment:checking '/home/felix/robo/robo_ai_turku_2025/install/lab01_task05/bin'
[16.758s] Level 1:colcon.colcon_core.environment:checking '/home/felix/robo/robo_ai_turku_2025/install/lab01_task05/lib/pkgconfig/lab01_task05.pc'
[16.759s] Level 1:colcon.colcon_core.environment:checking '/home/felix/robo/robo_ai_turku_2025/install/lab01_task05/lib/python3.10/site-packages'
[16.759s] Level 1:colcon.colcon_core.shell:create_environment_hook('lab01_task05', 'pythonpath')
[16.759s] INFO:colcon.colcon_core.shell:Creating environment hook '/home/felix/robo/robo_ai_turku_2025/install/lab01_task05/share/lab01_task05/hook/pythonpath.ps1'
[16.760s] INFO:colcon.colcon_core.shell:Creating environment descriptor '/home/felix/robo/robo_ai_turku_2025/install/lab01_task05/share/lab01_task05/hook/pythonpath.dsv'
[16.760s] INFO:colcon.colcon_core.shell:Creating environment hook '/home/felix/robo/robo_ai_turku_2025/install/lab01_task05/share/lab01_task05/hook/pythonpath.sh'
[16.761s] Level 1:colcon.colcon_core.environment:checking '/home/felix/robo/robo_ai_turku_2025/install/lab01_task05/bin'
[16.761s] Level 1:colcon.colcon_core.environment:create_environment_scripts_only(lab01_task05)
[16.761s] INFO:colcon.colcon_core.shell:Creating package script '/home/felix/robo/robo_ai_turku_2025/install/lab01_task05/share/lab01_task05/package.ps1'
[16.762s] INFO:colcon.colcon_core.shell:Creating package descriptor '/home/felix/robo/robo_ai_turku_2025/install/lab01_task05/share/lab01_task05/package.dsv'
[16.762s] INFO:colcon.colcon_core.shell:Creating package script '/home/felix/robo/robo_ai_turku_2025/install/lab01_task05/share/lab01_task05/package.sh'
[16.762s] INFO:colcon.colcon_core.shell:Creating package script '/home/felix/robo/robo_ai_turku_2025/install/lab01_task05/share/lab01_task05/package.bash'
[16.763s] INFO:colcon.colcon_core.shell:Creating package script '/home/felix/robo/robo_ai_turku_2025/install/lab01_task05/share/lab01_task05/package.zsh'
[16.763s] Level 1:colcon.colcon_core.environment:create_file_with_runtime_dependencies(/home/felix/robo/robo_ai_turku_2025/install/lab01_task05/share/colcon-core/packages/lab01_task05)
[16.764s] DEBUG:colcon.colcon_parallel_executor.executor.parallel:closing loop
[16.765s] DEBUG:colcon.colcon_parallel_executor.executor.parallel:loop closed
[16.765s] DEBUG:colcon.colcon_parallel_executor.executor.parallel:run_until_complete finished with '0'
[16.765s] DEBUG:colcon.colcon_core.event_reactor:joining thread
[16.816s] INFO:colcon.colcon_core.plugin_system:Skipping extension 'colcon_notification.desktop_notification.notify_send': Could not find 'notify-send'
[16.816s] INFO:colcon.colcon_core.plugin_system:Skipping extension 'colcon_notification.desktop_notification.terminal_notifier': Not used on non-Darwin systems
[16.816s] INFO:colcon.colcon_core.plugin_system:Skipping extension 'colcon_notification.desktop_notification.win32': Not used on non-Windows systems
[16.816s] INFO:colcon.colcon_notification.desktop_notification:Sending desktop notification using 'notify2'
[16.817s] DEBUG:colcon.colcon_notification.desktop_notification.notify2:Failed to initialize notify2: org.freedesktop.DBus.Error.FileNotFound: Failed to connect to socket /run/user/1000/bus: No such file or directory
[16.817s] DEBUG:colcon.colcon_core.event_reactor:joined thread
[16.817s] INFO:colcon.colcon_core.shell:Creating prefix script '/home/felix/robo/robo_ai_turku_2025/install/local_setup.ps1'
[16.819s] INFO:colcon.colcon_core.shell:Creating prefix util module '/home/felix/robo/robo_ai_turku_2025/install/_local_setup_util_ps1.py'
[16.821s] INFO:colcon.colcon_core.shell:Creating prefix chain script '/home/felix/robo/robo_ai_turku_2025/install/setup.ps1'
[16.823s] INFO:colcon.colcon_core.shell:Creating prefix script '/home/felix/robo/robo_ai_turku_2025/install/local_setup.sh'
[16.825s] INFO:colcon.colcon_core.shell:Creating prefix util module '/home/felix/robo/robo_ai_turku_2025/install/_local_setup_util_sh.py'
[16.826s] INFO:colcon.colcon_core.shell:Creating prefix chain script '/home/felix/robo/robo_ai_turku_2025/install/setup.sh'
[16.828s] INFO:colcon.colcon_core.shell:Creating prefix script '/home/felix/robo/robo_ai_turku_2025/install/local_setup.bash'
[16.829s] INFO:colcon.colcon_core.shell:Creating prefix chain script '/home/felix/robo/robo_ai_turku_2025/install/setup.bash'
[16.831s] INFO:colcon.colcon_core.shell:Creating prefix script '/home/felix/robo/robo_ai_turku_2025/install/local_setup.zsh'
[16.833s] INFO:colcon.colcon_core.shell:Creating prefix chain script '/home/felix/robo/robo_ai_turku_2025/install/setup.zsh'
