[0.140s] DEBUG:colcon:Command line arguments: ['/usr/bin/colcon', 'build']
[0.140s] DEBUG:colcon:Parsed command line arguments: Namespace(log_base=None, log_level=None, verb_name='build', build_base='build', install_base='install', merge_install=False, symlink_install=False, test_result_base=None, continue_on_error=False, executor='parallel', parallel_workers=3, event_handlers=None, ignore_user_meta=False, metas=['./colcon.meta'], base_paths=['.'], packages_ignore=None, packages_ignore_regex=None, paths=None, packages_up_to=None, packages_up_to_regex=None, packages_above=None, packages_above_and_dependencies=None, packages_above_depth=None, packages_select_by_dep=None, packages_skip_by_dep=None, packages_skip_up_to=None, packages_select_build_failed=False, packages_skip_build_finished=False, packages_select_test_failures=False, packages_skip_test_passed=False, packages_select=None, packages_skip=None, packages_select_regex=None, packages_skip_regex=None, packages_start=None, packages_end=None, allow_overriding=[], cmake_args=None, cmake_target=None, cmake_target_skip_unavailable=False, cmake_clean_cache=False, cmake_clean_first=False, cmake_force_configure=False, ament_cmake_args=None, catkin_cmake_args=None, catkin_skip_building_tests=False, verb_parser=<colcon_defaults.argument_parser.defaults.DefaultArgumentsDecorator object at 0xffffad5b7190>, verb_extension=<colcon_core.verb.build.BuildVerb object at 0xffffad5b6c50>, main=<bound method BuildVerb.main of <colcon_core.verb.build.BuildVerb object at 0xffffad5b6c50>>)
[0.257s] Level 1:colcon.colcon_core.package_discovery:discover_packages(colcon_meta) check parameters
[0.257s] Level 1:colcon.colcon_core.package_discovery:discover_packages(recursive) check parameters
[0.257s] Level 1:colcon.colcon_core.package_discovery:discover_packages(ignore) check parameters
[0.257s] Level 1:colcon.colcon_core.package_discovery:discover_packages(path) check parameters
[0.257s] Level 1:colcon.colcon_core.package_discovery:discover_packages(colcon_meta) discover
[0.257s] Level 1:colcon.colcon_core.package_discovery:discover_packages(recursive) discover
[0.257s] INFO:colcon.colcon_core.package_discovery:Crawling recursively for packages in '/home/michael/robo_ai_turku_2025/lab_1/ros2_ws'
[0.257s] Level 1:colcon.colcon_core.package_identification:_identify(.) by extensions ['ignore', 'ignore_ament_install']
[0.257s] Level 1:colcon.colcon_core.package_identification:_identify(.) by extension 'ignore'
[0.257s] Level 1:colcon.colcon_core.package_identification:_identify(.) by extension 'ignore_ament_install'
[0.257s] Level 1:colcon.colcon_core.package_identification:_identify(.) by extensions ['colcon_pkg']
[0.257s] Level 1:colcon.colcon_core.package_identification:_identify(.) by extension 'colcon_pkg'
[0.257s] Level 1:colcon.colcon_core.package_identification:_identify(.) by extensions ['colcon_meta']
[0.257s] Level 1:colcon.colcon_core.package_identification:_identify(.) by extension 'colcon_meta'
[0.257s] Level 1:colcon.colcon_core.package_identification:_identify(.) by extensions ['ros']
[0.257s] Level 1:colcon.colcon_core.package_identification:_identify(.) by extension 'ros'
[0.265s] Level 1:colcon.colcon_core.package_identification:_identify(.) by extensions ['cmake', 'python']
[0.265s] Level 1:colcon.colcon_core.package_identification:_identify(.) by extension 'cmake'
[0.265s] Level 1:colcon.colcon_core.package_identification:_identify(.) by extension 'python'
[0.265s] Level 1:colcon.colcon_core.package_identification:_identify(.) by extensions ['python_setup_py']
[0.265s] Level 1:colcon.colcon_core.package_identification:_identify(.) by extension 'python_setup_py'
[0.265s] Level 1:colcon.colcon_core.package_identification:_identify(build) by extensions ['ignore', 'ignore_ament_install']
[0.265s] Level 1:colcon.colcon_core.package_identification:_identify(build) by extension 'ignore'
[0.265s] Level 1:colcon.colcon_core.package_identification:_identify(build) ignored
[0.265s] Level 1:colcon.colcon_core.package_identification:_identify(install) by extensions ['ignore', 'ignore_ament_install']
[0.265s] Level 1:colcon.colcon_core.package_identification:_identify(install) by extension 'ignore'
[0.265s] Level 1:colcon.colcon_core.package_identification:_identify(install) ignored
[0.265s] Level 1:colcon.colcon_core.package_identification:_identify(log) by extensions ['ignore', 'ignore_ament_install']
[0.265s] Level 1:colcon.colcon_core.package_identification:_identify(log) by extension 'ignore'
[0.265s] Level 1:colcon.colcon_core.package_identification:_identify(log) ignored
[0.265s] Level 1:colcon.colcon_core.package_identification:_identify(src) by extensions ['ignore', 'ignore_ament_install']
[0.265s] Level 1:colcon.colcon_core.package_identification:_identify(src) by extension 'ignore'
[0.265s] Level 1:colcon.colcon_core.package_identification:_identify(src) by extension 'ignore_ament_install'
[0.265s] Level 1:colcon.colcon_core.package_identification:_identify(src) by extensions ['colcon_pkg']
[0.265s] Level 1:colcon.colcon_core.package_identification:_identify(src) by extension 'colcon_pkg'
[0.265s] Level 1:colcon.colcon_core.package_identification:_identify(src) by extensions ['colcon_meta']
[0.265s] Level 1:colcon.colcon_core.package_identification:_identify(src) by extension 'colcon_meta'
[0.265s] Level 1:colcon.colcon_core.package_identification:_identify(src) by extensions ['ros']
[0.265s] Level 1:colcon.colcon_core.package_identification:_identify(src) by extension 'ros'
[0.265s] Level 1:colcon.colcon_core.package_identification:_identify(src) by extensions ['cmake', 'python']
[0.265s] Level 1:colcon.colcon_core.package_identification:_identify(src) by extension 'cmake'
[0.265s] Level 1:colcon.colcon_core.package_identification:_identify(src) by extension 'python'
[0.265s] Level 1:colcon.colcon_core.package_identification:_identify(src) by extensions ['python_setup_py']
[0.265s] Level 1:colcon.colcon_core.package_identification:_identify(src) by extension 'python_setup_py'
[0.265s] Level 1:colcon.colcon_core.package_identification:_identify(src/custom_interface) by extensions ['ignore', 'ignore_ament_install']
[0.265s] Level 1:colcon.colcon_core.package_identification:_identify(src/custom_interface) by extension 'ignore'
[0.265s] Level 1:colcon.colcon_core.package_identification:_identify(src/custom_interface) by extension 'ignore_ament_install'
[0.265s] Level 1:colcon.colcon_core.package_identification:_identify(src/custom_interface) by extensions ['colcon_pkg']
[0.265s] Level 1:colcon.colcon_core.package_identification:_identify(src/custom_interface) by extension 'colcon_pkg'
[0.265s] Level 1:colcon.colcon_core.package_identification:_identify(src/custom_interface) by extensions ['colcon_meta']
[0.265s] Level 1:colcon.colcon_core.package_identification:_identify(src/custom_interface) by extension 'colcon_meta'
[0.265s] Level 1:colcon.colcon_core.package_identification:_identify(src/custom_interface) by extensions ['ros']
[0.265s] Level 1:colcon.colcon_core.package_identification:_identify(src/custom_interface) by extension 'ros'
[0.267s] DEBUG:colcon.colcon_core.package_identification:Package 'src/custom_interface' with type 'ros.ament_cmake' and name 'custom_interface'
[0.267s] Level 1:colcon.colcon_core.package_identification:_identify(src/task1) by extensions ['ignore', 'ignore_ament_install']
[0.267s] Level 1:colcon.colcon_core.package_identification:_identify(src/task1) by extension 'ignore'
[0.267s] Level 1:colcon.colcon_core.package_identification:_identify(src/task1) by extension 'ignore_ament_install'
[0.267s] Level 1:colcon.colcon_core.package_identification:_identify(src/task1) by extensions ['colcon_pkg']
[0.267s] Level 1:colcon.colcon_core.package_identification:_identify(src/task1) by extension 'colcon_pkg'
[0.267s] Level 1:colcon.colcon_core.package_identification:_identify(src/task1) by extensions ['colcon_meta']
[0.267s] Level 1:colcon.colcon_core.package_identification:_identify(src/task1) by extension 'colcon_meta'
[0.267s] Level 1:colcon.colcon_core.package_identification:_identify(src/task1) by extensions ['ros']
[0.267s] Level 1:colcon.colcon_core.package_identification:_identify(src/task1) by extension 'ros'
[0.268s] DEBUG:colcon.colcon_core.package_identification:Package 'src/task1' with type 'ros.ament_python' and name 'task1'
[0.268s] Level 1:colcon.colcon_core.package_identification:_identify(src/task2) by extensions ['ignore', 'ignore_ament_install']
[0.268s] Level 1:colcon.colcon_core.package_identification:_identify(src/task2) by extension 'ignore'
[0.268s] Level 1:colcon.colcon_core.package_identification:_identify(src/task2) by extension 'ignore_ament_install'
[0.268s] Level 1:colcon.colcon_core.package_identification:_identify(src/task2) by extensions ['colcon_pkg']
[0.268s] Level 1:colcon.colcon_core.package_identification:_identify(src/task2) by extension 'colcon_pkg'
[0.268s] Level 1:colcon.colcon_core.package_identification:_identify(src/task2) by extensions ['colcon_meta']
[0.268s] Level 1:colcon.colcon_core.package_identification:_identify(src/task2) by extension 'colcon_meta'
[0.268s] Level 1:colcon.colcon_core.package_identification:_identify(src/task2) by extensions ['ros']
[0.268s] Level 1:colcon.colcon_core.package_identification:_identify(src/task2) by extension 'ros'
[0.268s] DEBUG:colcon.colcon_core.package_identification:Package 'src/task2' with type 'ros.ament_python' and name 'task2'
[0.269s] Level 1:colcon.colcon_core.package_identification:_identify(src/task3) by extensions ['ignore', 'ignore_ament_install']
[0.269s] Level 1:colcon.colcon_core.package_identification:_identify(src/task3) by extension 'ignore'
[0.269s] Level 1:colcon.colcon_core.package_identification:_identify(src/task3) by extension 'ignore_ament_install'
[0.269s] Level 1:colcon.colcon_core.package_identification:_identify(src/task3) by extensions ['colcon_pkg']
[0.269s] Level 1:colcon.colcon_core.package_identification:_identify(src/task3) by extension 'colcon_pkg'
[0.269s] Level 1:colcon.colcon_core.package_identification:_identify(src/task3) by extensions ['colcon_meta']
[0.269s] Level 1:colcon.colcon_core.package_identification:_identify(src/task3) by extension 'colcon_meta'
[0.269s] Level 1:colcon.colcon_core.package_identification:_identify(src/task3) by extensions ['ros']
[0.269s] Level 1:colcon.colcon_core.package_identification:_identify(src/task3) by extension 'ros'
[0.269s] DEBUG:colcon.colcon_core.package_identification:Package 'src/task3' with type 'ros.ament_python' and name 'task3'
[0.269s] Level 1:colcon.colcon_core.package_identification:_identify(src/task5) by extensions ['ignore', 'ignore_ament_install']
[0.269s] Level 1:colcon.colcon_core.package_identification:_identify(src/task5) by extension 'ignore'
[0.269s] Level 1:colcon.colcon_core.package_identification:_identify(src/task5) by extension 'ignore_ament_install'
[0.269s] Level 1:colcon.colcon_core.package_identification:_identify(src/task5) by extensions ['colcon_pkg']
[0.269s] Level 1:colcon.colcon_core.package_identification:_identify(src/task5) by extension 'colcon_pkg'
[0.269s] Level 1:colcon.colcon_core.package_identification:_identify(src/task5) by extensions ['colcon_meta']
[0.269s] Level 1:colcon.colcon_core.package_identification:_identify(src/task5) by extension 'colcon_meta'
[0.269s] Level 1:colcon.colcon_core.package_identification:_identify(src/task5) by extensions ['ros']
[0.269s] Level 1:colcon.colcon_core.package_identification:_identify(src/task5) by extension 'ros'
[0.270s] DEBUG:colcon.colcon_core.package_identification:Package 'src/task5' with type 'ros.ament_python' and name 'task5'
[0.270s] Level 1:colcon.colcon_core.package_discovery:discover_packages(recursive) using defaults
[0.270s] Level 1:colcon.colcon_core.package_discovery:discover_packages(ignore) discover
[0.270s] Level 1:colcon.colcon_core.package_discovery:discover_packages(ignore) using defaults
[0.270s] Level 1:colcon.colcon_core.package_discovery:discover_packages(path) discover
[0.270s] Level 1:colcon.colcon_core.package_discovery:discover_packages(path) using defaults
[0.283s] Level 1:colcon.colcon_core.package_discovery:discover_packages(prefix_path) check parameters
[0.283s] Level 1:colcon.colcon_core.package_discovery:discover_packages(prefix_path) discover
[0.285s] DEBUG:colcon.colcon_installed_package_information.package_discovery:Found 271 installed packages in /opt/ros/humble
[0.289s] Level 1:colcon.colcon_core.package_discovery:discover_packages(prefix_path) using defaults
[0.304s] Level 5:colcon.colcon_core.verb:set package 'custom_interface' build argument 'cmake_args' from command line to 'None'
[0.304s] Level 5:colcon.colcon_core.verb:set package 'custom_interface' build argument 'cmake_target' from command line to 'None'
[0.305s] Level 5:colcon.colcon_core.verb:set package 'custom_interface' build argument 'cmake_target_skip_unavailable' from command line to 'False'
[0.305s] Level 5:colcon.colcon_core.verb:set package 'custom_interface' build argument 'cmake_clean_cache' from command line to 'False'
[0.305s] Level 5:colcon.colcon_core.verb:set package 'custom_interface' build argument 'cmake_clean_first' from command line to 'False'
[0.305s] Level 5:colcon.colcon_core.verb:set package 'custom_interface' build argument 'cmake_force_configure' from command line to 'False'
[0.305s] Level 5:colcon.colcon_core.verb:set package 'custom_interface' build argument 'ament_cmake_args' from command line to 'None'
[0.305s] Level 5:colcon.colcon_core.verb:set package 'custom_interface' build argument 'catkin_cmake_args' from command line to 'None'
[0.305s] Level 5:colcon.colcon_core.verb:set package 'custom_interface' build argument 'catkin_skip_building_tests' from command line to 'False'
[0.305s] DEBUG:colcon.colcon_core.verb:Building package 'custom_interface' with the following arguments: {'ament_cmake_args': None, 'build_base': '/home/michael/robo_ai_turku_2025/lab_1/ros2_ws/build/custom_interface', 'catkin_cmake_args': None, 'catkin_skip_building_tests': False, 'cmake_args': None, 'cmake_clean_cache': False, 'cmake_clean_first': False, 'cmake_force_configure': False, 'cmake_target': None, 'cmake_target_skip_unavailable': False, 'install_base': '/home/michael/robo_ai_turku_2025/lab_1/ros2_ws/install/custom_interface', 'merge_install': False, 'path': '/home/michael/robo_ai_turku_2025/lab_1/ros2_ws/src/custom_interface', 'symlink_install': False, 'test_result_base': None}
[0.305s] Level 5:colcon.colcon_core.verb:set package 'task1' build argument 'cmake_args' from command line to 'None'
[0.305s] Level 5:colcon.colcon_core.verb:set package 'task1' build argument 'cmake_target' from command line to 'None'
[0.305s] Level 5:colcon.colcon_core.verb:set package 'task1' build argument 'cmake_target_skip_unavailable' from command line to 'False'
[0.305s] Level 5:colcon.colcon_core.verb:set package 'task1' build argument 'cmake_clean_cache' from command line to 'False'
[0.305s] Level 5:colcon.colcon_core.verb:set package 'task1' build argument 'cmake_clean_first' from command line to 'False'
[0.305s] Level 5:colcon.colcon_core.verb:set package 'task1' build argument 'cmake_force_configure' from command line to 'False'
[0.305s] Level 5:colcon.colcon_core.verb:set package 'task1' build argument 'ament_cmake_args' from command line to 'None'
[0.305s] Level 5:colcon.colcon_core.verb:set package 'task1' build argument 'catkin_cmake_args' from command line to 'None'
[0.305s] Level 5:colcon.colcon_core.verb:set package 'task1' build argument 'catkin_skip_building_tests' from command line to 'False'
[0.305s] DEBUG:colcon.colcon_core.verb:Building package 'task1' with the following arguments: {'ament_cmake_args': None, 'build_base': '/home/michael/robo_ai_turku_2025/lab_1/ros2_ws/build/task1', 'catkin_cmake_args': None, 'catkin_skip_building_tests': False, 'cmake_args': None, 'cmake_clean_cache': False, 'cmake_clean_first': False, 'cmake_force_configure': False, 'cmake_target': None, 'cmake_target_skip_unavailable': False, 'install_base': '/home/michael/robo_ai_turku_2025/lab_1/ros2_ws/install/task1', 'merge_install': False, 'path': '/home/michael/robo_ai_turku_2025/lab_1/ros2_ws/src/task1', 'symlink_install': False, 'test_result_base': None}
[0.305s] Level 5:colcon.colcon_core.verb:set package 'task2' build argument 'cmake_args' from command line to 'None'
[0.305s] Level 5:colcon.colcon_core.verb:set package 'task2' build argument 'cmake_target' from command line to 'None'
[0.305s] Level 5:colcon.colcon_core.verb:set package 'task2' build argument 'cmake_target_skip_unavailable' from command line to 'False'
[0.305s] Level 5:colcon.colcon_core.verb:set package 'task2' build argument 'cmake_clean_cache' from command line to 'False'
[0.305s] Level 5:colcon.colcon_core.verb:set package 'task2' build argument 'cmake_clean_first' from command line to 'False'
[0.305s] Level 5:colcon.colcon_core.verb:set package 'task2' build argument 'cmake_force_configure' from command line to 'False'
[0.305s] Level 5:colcon.colcon_core.verb:set package 'task2' build argument 'ament_cmake_args' from command line to 'None'
[0.305s] Level 5:colcon.colcon_core.verb:set package 'task2' build argument 'catkin_cmake_args' from command line to 'None'
[0.305s] Level 5:colcon.colcon_core.verb:set package 'task2' build argument 'catkin_skip_building_tests' from command line to 'False'
[0.305s] DEBUG:colcon.colcon_core.verb:Building package 'task2' with the following arguments: {'ament_cmake_args': None, 'build_base': '/home/michael/robo_ai_turku_2025/lab_1/ros2_ws/build/task2', 'catkin_cmake_args': None, 'catkin_skip_building_tests': False, 'cmake_args': None, 'cmake_clean_cache': False, 'cmake_clean_first': False, 'cmake_force_configure': False, 'cmake_target': None, 'cmake_target_skip_unavailable': False, 'install_base': '/home/michael/robo_ai_turku_2025/lab_1/ros2_ws/install/task2', 'merge_install': False, 'path': '/home/michael/robo_ai_turku_2025/lab_1/ros2_ws/src/task2', 'symlink_install': False, 'test_result_base': None}
[0.305s] Level 5:colcon.colcon_core.verb:set package 'task3' build argument 'cmake_args' from command line to 'None'
[0.305s] Level 5:colcon.colcon_core.verb:set package 'task3' build argument 'cmake_target' from command line to 'None'
[0.305s] Level 5:colcon.colcon_core.verb:set package 'task3' build argument 'cmake_target_skip_unavailable' from command line to 'False'
[0.305s] Level 5:colcon.colcon_core.verb:set package 'task3' build argument 'cmake_clean_cache' from command line to 'False'
[0.305s] Level 5:colcon.colcon_core.verb:set package 'task3' build argument 'cmake_clean_first' from command line to 'False'
[0.305s] Level 5:colcon.colcon_core.verb:set package 'task3' build argument 'cmake_force_configure' from command line to 'False'
[0.305s] Level 5:colcon.colcon_core.verb:set package 'task3' build argument 'ament_cmake_args' from command line to 'None'
[0.305s] Level 5:colcon.colcon_core.verb:set package 'task3' build argument 'catkin_cmake_args' from command line to 'None'
[0.305s] Level 5:colcon.colcon_core.verb:set package 'task3' build argument 'catkin_skip_building_tests' from command line to 'False'
[0.305s] DEBUG:colcon.colcon_core.verb:Building package 'task3' with the following arguments: {'ament_cmake_args': None, 'build_base': '/home/michael/robo_ai_turku_2025/lab_1/ros2_ws/build/task3', 'catkin_cmake_args': None, 'catkin_skip_building_tests': False, 'cmake_args': None, 'cmake_clean_cache': False, 'cmake_clean_first': False, 'cmake_force_configure': False, 'cmake_target': None, 'cmake_target_skip_unavailable': False, 'install_base': '/home/michael/robo_ai_turku_2025/lab_1/ros2_ws/install/task3', 'merge_install': False, 'path': '/home/michael/robo_ai_turku_2025/lab_1/ros2_ws/src/task3', 'symlink_install': False, 'test_result_base': None}
[0.305s] Level 5:colcon.colcon_core.verb:set package 'task5' build argument 'cmake_args' from command line to 'None'
[0.305s] Level 5:colcon.colcon_core.verb:set package 'task5' build argument 'cmake_target' from command line to 'None'
[0.305s] Level 5:colcon.colcon_core.verb:set package 'task5' build argument 'cmake_target_skip_unavailable' from command line to 'False'
[0.305s] Level 5:colcon.colcon_core.verb:set package 'task5' build argument 'cmake_clean_cache' from command line to 'False'
[0.305s] Level 5:colcon.colcon_core.verb:set package 'task5' build argument 'cmake_clean_first' from command line to 'False'
[0.305s] Level 5:colcon.colcon_core.verb:set package 'task5' build argument 'cmake_force_configure' from command line to 'False'
[0.305s] Level 5:colcon.colcon_core.verb:set package 'task5' build argument 'ament_cmake_args' from command line to 'None'
[0.305s] Level 5:colcon.colcon_core.verb:set package 'task5' build argument 'catkin_cmake_args' from command line to 'None'
[0.305s] Level 5:colcon.colcon_core.verb:set package 'task5' build argument 'catkin_skip_building_tests' from command line to 'False'
[0.305s] DEBUG:colcon.colcon_core.verb:Building package 'task5' with the following arguments: {'ament_cmake_args': None, 'build_base': '/home/michael/robo_ai_turku_2025/lab_1/ros2_ws/build/task5', 'catkin_cmake_args': None, 'catkin_skip_building_tests': False, 'cmake_args': None, 'cmake_clean_cache': False, 'cmake_clean_first': False, 'cmake_force_configure': False, 'cmake_target': None, 'cmake_target_skip_unavailable': False, 'install_base': '/home/michael/robo_ai_turku_2025/lab_1/ros2_ws/install/task5', 'merge_install': False, 'path': '/home/michael/robo_ai_turku_2025/lab_1/ros2_ws/src/task5', 'symlink_install': False, 'test_result_base': None}
[0.306s] INFO:colcon.colcon_core.executor:Executing jobs using 'parallel' executor
[0.306s] DEBUG:colcon.colcon_parallel_executor.executor.parallel:run_until_complete
[0.306s] INFO:colcon.colcon_ros.task.ament_cmake.build:Building ROS package in '/home/michael/robo_ai_turku_2025/lab_1/ros2_ws/src/custom_interface' with build type 'ament_cmake'
[0.306s] INFO:colcon.colcon_cmake.task.cmake.build:Building CMake package in '/home/michael/robo_ai_turku_2025/lab_1/ros2_ws/src/custom_interface'
[0.309s] INFO:colcon.colcon_core.plugin_system:Skipping extension 'colcon_core.shell.bat': Not used on non-Windows systems
[0.309s] INFO:colcon.colcon_core.shell:Skip shell extension 'powershell' for command environment: Not usable outside of PowerShell
[0.309s] DEBUG:colcon.colcon_core.shell:Skip shell extension 'dsv' for command environment
[0.310s] INFO:colcon.colcon_ros.task.ament_python.build:Building ROS package in '/home/michael/robo_ai_turku_2025/lab_1/ros2_ws/src/task1' with build type 'ament_python'
[0.310s] Level 1:colcon.colcon_core.shell:create_environment_hook('task1', 'ament_prefix_path')
[0.310s] INFO:colcon.colcon_core.shell:Creating environment hook '/home/michael/robo_ai_turku_2025/lab_1/ros2_ws/install/task1/share/task1/hook/ament_prefix_path.ps1'
[0.311s] INFO:colcon.colcon_core.shell:Creating environment descriptor '/home/michael/robo_ai_turku_2025/lab_1/ros2_ws/install/task1/share/task1/hook/ament_prefix_path.dsv'
[0.311s] INFO:colcon.colcon_core.shell:Creating environment hook '/home/michael/robo_ai_turku_2025/lab_1/ros2_ws/install/task1/share/task1/hook/ament_prefix_path.sh'
[0.312s] INFO:colcon.colcon_core.shell:Skip shell extension 'powershell' for command environment: Not usable outside of PowerShell
[0.312s] DEBUG:colcon.colcon_core.shell:Skip shell extension 'dsv' for command environment
[0.316s] DEBUG:colcon.colcon_core.event_handler.log_command:Invoking command in '/home/michael/robo_ai_turku_2025/lab_1/ros2_ws/build/custom_interface': CMAKE_PREFIX_PATH=/opt/ros/humble /usr/bin/cmake --build /home/michael/robo_ai_turku_2025/lab_1/ros2_ws/build/custom_interface -- -j3 -l3
[0.415s] INFO:colcon.colcon_core.task.python.build:Building Python package in '/home/michael/robo_ai_turku_2025/lab_1/ros2_ws/src/task1'
[0.415s] INFO:colcon.colcon_core.shell:Skip shell extension 'powershell' for command environment: Not usable outside of PowerShell
[0.415s] DEBUG:colcon.colcon_core.shell:Skip shell extension 'dsv' for command environment
[0.533s] DEBUG:colcon.colcon_core.event_handler.log_command:Invoked command in '/home/michael/robo_ai_turku_2025/lab_1/ros2_ws/build/custom_interface' returned '0': CMAKE_PREFIX_PATH=/opt/ros/humble /usr/bin/cmake --build /home/michael/robo_ai_turku_2025/lab_1/ros2_ws/build/custom_interface -- -j3 -l3
[0.537s] DEBUG:colcon.colcon_core.event_handler.log_command:Invoking command in '/home/michael/robo_ai_turku_2025/lab_1/ros2_ws/build/custom_interface': CMAKE_PREFIX_PATH=/opt/ros/humble /usr/bin/cmake --install /home/michael/robo_ai_turku_2025/lab_1/ros2_ws/build/custom_interface
[0.569s] Level 1:colcon.colcon_core.environment:create_environment_scripts_only(custom_interface)
[0.569s] DEBUG:colcon.colcon_core.event_handler.log_command:Invoked command in '/home/michael/robo_ai_turku_2025/lab_1/ros2_ws/build/custom_interface' returned '0': CMAKE_PREFIX_PATH=/opt/ros/humble /usr/bin/cmake --install /home/michael/robo_ai_turku_2025/lab_1/ros2_ws/build/custom_interface
[0.571s] Level 1:colcon.colcon_core.environment:checking '/home/michael/robo_ai_turku_2025/lab_1/ros2_ws/install/custom_interface' for CMake module files
[0.572s] Level 1:colcon.colcon_core.environment:checking '/home/michael/robo_ai_turku_2025/lab_1/ros2_ws/install/custom_interface' for CMake config files
[0.572s] Level 1:colcon.colcon_core.shell:create_environment_hook('custom_interface', 'cmake_prefix_path')
[0.572s] INFO:colcon.colcon_core.shell:Creating environment hook '/home/michael/robo_ai_turku_2025/lab_1/ros2_ws/install/custom_interface/share/custom_interface/hook/cmake_prefix_path.ps1'
[0.572s] INFO:colcon.colcon_core.shell:Creating environment descriptor '/home/michael/robo_ai_turku_2025/lab_1/ros2_ws/install/custom_interface/share/custom_interface/hook/cmake_prefix_path.dsv'
[0.572s] INFO:colcon.colcon_core.shell:Creating environment hook '/home/michael/robo_ai_turku_2025/lab_1/ros2_ws/install/custom_interface/share/custom_interface/hook/cmake_prefix_path.sh'
[0.573s] Level 1:colcon.colcon_core.environment:checking '/home/michael/robo_ai_turku_2025/lab_1/ros2_ws/install/custom_interface/lib'
[0.573s] Level 1:colcon.colcon_core.shell:create_environment_hook('custom_interface', 'ld_library_path_lib')
[0.573s] INFO:colcon.colcon_core.shell:Creating environment hook '/home/michael/robo_ai_turku_2025/lab_1/ros2_ws/install/custom_interface/share/custom_interface/hook/ld_library_path_lib.ps1'
[0.573s] INFO:colcon.colcon_core.shell:Creating environment descriptor '/home/michael/robo_ai_turku_2025/lab_1/ros2_ws/install/custom_interface/share/custom_interface/hook/ld_library_path_lib.dsv'
[0.573s] INFO:colcon.colcon_core.shell:Creating environment hook '/home/michael/robo_ai_turku_2025/lab_1/ros2_ws/install/custom_interface/share/custom_interface/hook/ld_library_path_lib.sh'
[0.573s] Level 1:colcon.colcon_core.environment:checking '/home/michael/robo_ai_turku_2025/lab_1/ros2_ws/install/custom_interface/bin'
[0.573s] Level 1:colcon.colcon_core.environment:checking '/home/michael/robo_ai_turku_2025/lab_1/ros2_ws/install/custom_interface/lib/pkgconfig/custom_interface.pc'
[0.573s] Level 1:colcon.colcon_core.environment:checking '/home/michael/robo_ai_turku_2025/lab_1/ros2_ws/install/custom_interface/lib/python3.10/site-packages'
[0.573s] Level 1:colcon.colcon_core.environment:checking '/home/michael/robo_ai_turku_2025/lab_1/ros2_ws/install/custom_interface/bin'
[0.574s] INFO:colcon.colcon_core.shell:Creating package script '/home/michael/robo_ai_turku_2025/lab_1/ros2_ws/install/custom_interface/share/custom_interface/package.ps1'
[0.574s] INFO:colcon.colcon_core.shell:Creating package descriptor '/home/michael/robo_ai_turku_2025/lab_1/ros2_ws/install/custom_interface/share/custom_interface/package.dsv'
[0.574s] INFO:colcon.colcon_core.shell:Creating package script '/home/michael/robo_ai_turku_2025/lab_1/ros2_ws/install/custom_interface/share/custom_interface/package.sh'
[0.575s] INFO:colcon.colcon_core.shell:Creating package script '/home/michael/robo_ai_turku_2025/lab_1/ros2_ws/install/custom_interface/share/custom_interface/package.bash'
[0.575s] INFO:colcon.colcon_core.shell:Creating package script '/home/michael/robo_ai_turku_2025/lab_1/ros2_ws/install/custom_interface/share/custom_interface/package.zsh'
[0.576s] Level 1:colcon.colcon_core.environment:create_file_with_runtime_dependencies(/home/michael/robo_ai_turku_2025/lab_1/ros2_ws/install/custom_interface/share/colcon-core/packages/custom_interface)
[0.576s] Level 1:colcon.colcon_core.environment:create_environment_scripts_only(custom_interface)
[0.576s] Level 1:colcon.colcon_core.environment:checking '/home/michael/robo_ai_turku_2025/lab_1/ros2_ws/install/custom_interface' for CMake module files
[0.576s] Level 1:colcon.colcon_core.environment:checking '/home/michael/robo_ai_turku_2025/lab_1/ros2_ws/install/custom_interface' for CMake config files
[0.577s] Level 1:colcon.colcon_core.shell:create_environment_hook('custom_interface', 'cmake_prefix_path')
[0.577s] INFO:colcon.colcon_core.shell:Creating environment hook '/home/michael/robo_ai_turku_2025/lab_1/ros2_ws/install/custom_interface/share/custom_interface/hook/cmake_prefix_path.ps1'
[0.577s] INFO:colcon.colcon_core.shell:Creating environment descriptor '/home/michael/robo_ai_turku_2025/lab_1/ros2_ws/install/custom_interface/share/custom_interface/hook/cmake_prefix_path.dsv'
[0.577s] INFO:colcon.colcon_core.shell:Creating environment hook '/home/michael/robo_ai_turku_2025/lab_1/ros2_ws/install/custom_interface/share/custom_interface/hook/cmake_prefix_path.sh'
[0.577s] Level 1:colcon.colcon_core.environment:checking '/home/michael/robo_ai_turku_2025/lab_1/ros2_ws/install/custom_interface/lib'
[0.577s] Level 1:colcon.colcon_core.shell:create_environment_hook('custom_interface', 'ld_library_path_lib')
[0.577s] INFO:colcon.colcon_core.shell:Creating environment hook '/home/michael/robo_ai_turku_2025/lab_1/ros2_ws/install/custom_interface/share/custom_interface/hook/ld_library_path_lib.ps1'
[0.577s] INFO:colcon.colcon_core.shell:Creating environment descriptor '/home/michael/robo_ai_turku_2025/lab_1/ros2_ws/install/custom_interface/share/custom_interface/hook/ld_library_path_lib.dsv'
[0.577s] INFO:colcon.colcon_core.shell:Creating environment hook '/home/michael/robo_ai_turku_2025/lab_1/ros2_ws/install/custom_interface/share/custom_interface/hook/ld_library_path_lib.sh'
[0.578s] Level 1:colcon.colcon_core.environment:checking '/home/michael/robo_ai_turku_2025/lab_1/ros2_ws/install/custom_interface/bin'
[0.578s] Level 1:colcon.colcon_core.environment:checking '/home/michael/robo_ai_turku_2025/lab_1/ros2_ws/install/custom_interface/lib/pkgconfig/custom_interface.pc'
[0.578s] Level 1:colcon.colcon_core.environment:checking '/home/michael/robo_ai_turku_2025/lab_1/ros2_ws/install/custom_interface/lib/python3.10/site-packages'
[0.578s] Level 1:colcon.colcon_core.environment:checking '/home/michael/robo_ai_turku_2025/lab_1/ros2_ws/install/custom_interface/bin'
[0.578s] INFO:colcon.colcon_core.shell:Creating package script '/home/michael/robo_ai_turku_2025/lab_1/ros2_ws/install/custom_interface/share/custom_interface/package.ps1'
[0.578s] INFO:colcon.colcon_core.shell:Creating package descriptor '/home/michael/robo_ai_turku_2025/lab_1/ros2_ws/install/custom_interface/share/custom_interface/package.dsv'
[0.578s] INFO:colcon.colcon_core.shell:Creating package script '/home/michael/robo_ai_turku_2025/lab_1/ros2_ws/install/custom_interface/share/custom_interface/package.sh'
[0.578s] INFO:colcon.colcon_core.shell:Creating package script '/home/michael/robo_ai_turku_2025/lab_1/ros2_ws/install/custom_interface/share/custom_interface/package.bash'
[0.579s] INFO:colcon.colcon_core.shell:Creating package script '/home/michael/robo_ai_turku_2025/lab_1/ros2_ws/install/custom_interface/share/custom_interface/package.zsh'
[0.579s] Level 1:colcon.colcon_core.environment:create_file_with_runtime_dependencies(/home/michael/robo_ai_turku_2025/lab_1/ros2_ws/install/custom_interface/share/colcon-core/packages/custom_interface)
[0.579s] INFO:colcon.colcon_ros.task.ament_python.build:Building ROS package in '/home/michael/robo_ai_turku_2025/lab_1/ros2_ws/src/task2' with build type 'ament_python'
[0.579s] Level 1:colcon.colcon_core.shell:create_environment_hook('task2', 'ament_prefix_path')
[0.579s] INFO:colcon.colcon_core.shell:Creating environment hook '/home/michael/robo_ai_turku_2025/lab_1/ros2_ws/install/task2/share/task2/hook/ament_prefix_path.ps1'
[0.579s] INFO:colcon.colcon_core.shell:Creating environment descriptor '/home/michael/robo_ai_turku_2025/lab_1/ros2_ws/install/task2/share/task2/hook/ament_prefix_path.dsv'
[0.579s] INFO:colcon.colcon_core.shell:Creating environment hook '/home/michael/robo_ai_turku_2025/lab_1/ros2_ws/install/task2/share/task2/hook/ament_prefix_path.sh'
[0.580s] INFO:colcon.colcon_core.shell:Skip shell extension 'powershell' for command environment: Not usable outside of PowerShell
[0.580s] DEBUG:colcon.colcon_core.shell:Skip shell extension 'dsv' for command environment
[0.581s] INFO:colcon.colcon_ros.task.ament_python.build:Building ROS package in '/home/michael/robo_ai_turku_2025/lab_1/ros2_ws/src/task3' with build type 'ament_python'
[0.581s] Level 1:colcon.colcon_core.shell:create_environment_hook('task3', 'ament_prefix_path')
[0.581s] INFO:colcon.colcon_core.shell:Creating environment hook '/home/michael/robo_ai_turku_2025/lab_1/ros2_ws/install/task3/share/task3/hook/ament_prefix_path.ps1'
[0.581s] INFO:colcon.colcon_core.shell:Creating environment descriptor '/home/michael/robo_ai_turku_2025/lab_1/ros2_ws/install/task3/share/task3/hook/ament_prefix_path.dsv'
[0.581s] INFO:colcon.colcon_core.shell:Creating environment hook '/home/michael/robo_ai_turku_2025/lab_1/ros2_ws/install/task3/share/task3/hook/ament_prefix_path.sh'
[0.581s] INFO:colcon.colcon_core.shell:Skip shell extension 'powershell' for command environment: Not usable outside of PowerShell
[0.581s] DEBUG:colcon.colcon_core.shell:Skip shell extension 'dsv' for command environment
[0.674s] INFO:colcon.colcon_core.task.python.build:Building Python package in '/home/michael/robo_ai_turku_2025/lab_1/ros2_ws/src/task2'
[0.674s] INFO:colcon.colcon_core.shell:Skip shell extension 'powershell' for command environment: Not usable outside of PowerShell
[0.674s] DEBUG:colcon.colcon_core.shell:Skip shell extension 'dsv' for command environment
[0.763s] INFO:colcon.colcon_core.task.python.build:Building Python package in '/home/michael/robo_ai_turku_2025/lab_1/ros2_ws/src/task3'
[0.763s] INFO:colcon.colcon_core.shell:Skip shell extension 'powershell' for command environment: Not usable outside of PowerShell
[0.763s] DEBUG:colcon.colcon_core.shell:Skip shell extension 'dsv' for command environment
[0.765s] DEBUG:colcon.colcon_core.event_handler.log_command:Invoking command in '/home/michael/robo_ai_turku_2025/lab_1/ros2_ws/src/task1': PYTHONPATH=/home/michael/robo_ai_turku_2025/lab_1/ros2_ws/build/task1/prefix_override:/usr/lib/python3/dist-packages/colcon_core/task/python/colcon_distutils_commands:/home/michael/robo_ai_turku_2025/lab_1/ros2_ws/install/task1/lib/python3.10/site-packages:${PYTHONPATH} /usr/bin/python3 -W ignore:setup.py install is deprecated -W ignore:easy_install command is deprecated setup.py egg_info --egg-base ../../build/task1 build --build-base /home/michael/robo_ai_turku_2025/lab_1/ros2_ws/build/task1/build install --record /home/michael/robo_ai_turku_2025/lab_1/ros2_ws/build/task1/install.log --single-version-externally-managed install_data
[0.902s] Level 1:colcon.colcon_core.environment:checking '/home/michael/robo_ai_turku_2025/lab_1/ros2_ws/install/task1' for CMake module files
[0.902s] Level 1:colcon.colcon_core.environment:checking '/home/michael/robo_ai_turku_2025/lab_1/ros2_ws/install/task1' for CMake config files
[0.903s] Level 1:colcon.colcon_core.environment:checking '/home/michael/robo_ai_turku_2025/lab_1/ros2_ws/install/task1/lib'
[0.903s] Level 1:colcon.colcon_core.environment:checking '/home/michael/robo_ai_turku_2025/lab_1/ros2_ws/install/task1/bin'
[0.903s] Level 1:colcon.colcon_core.environment:checking '/home/michael/robo_ai_turku_2025/lab_1/ros2_ws/install/task1/lib/pkgconfig/task1.pc'
[0.903s] DEBUG:colcon.colcon_core.event_handler.log_command:Invoked command in '/home/michael/robo_ai_turku_2025/lab_1/ros2_ws/src/task1' returned '0': PYTHONPATH=/home/michael/robo_ai_turku_2025/lab_1/ros2_ws/build/task1/prefix_override:/usr/lib/python3/dist-packages/colcon_core/task/python/colcon_distutils_commands:/home/michael/robo_ai_turku_2025/lab_1/ros2_ws/install/task1/lib/python3.10/site-packages:${PYTHONPATH} /usr/bin/python3 -W ignore:setup.py install is deprecated -W ignore:easy_install command is deprecated setup.py egg_info --egg-base ../../build/task1 build --build-base /home/michael/robo_ai_turku_2025/lab_1/ros2_ws/build/task1/build install --record /home/michael/robo_ai_turku_2025/lab_1/ros2_ws/build/task1/install.log --single-version-externally-managed install_data
[0.903s] Level 1:colcon.colcon_core.environment:checking '/home/michael/robo_ai_turku_2025/lab_1/ros2_ws/install/task1/lib/python3.10/site-packages'
[0.903s] Level 1:colcon.colcon_core.shell:create_environment_hook('task1', 'pythonpath')
[0.903s] INFO:colcon.colcon_core.shell:Creating environment hook '/home/michael/robo_ai_turku_2025/lab_1/ros2_ws/install/task1/share/task1/hook/pythonpath.ps1'
[0.904s] INFO:colcon.colcon_core.shell:Creating environment descriptor '/home/michael/robo_ai_turku_2025/lab_1/ros2_ws/install/task1/share/task1/hook/pythonpath.dsv'
[0.904s] INFO:colcon.colcon_core.shell:Creating environment hook '/home/michael/robo_ai_turku_2025/lab_1/ros2_ws/install/task1/share/task1/hook/pythonpath.sh'
[0.904s] Level 1:colcon.colcon_core.environment:checking '/home/michael/robo_ai_turku_2025/lab_1/ros2_ws/install/task1/bin'
[0.904s] Level 1:colcon.colcon_core.environment:create_environment_scripts_only(task1)
[0.904s] INFO:colcon.colcon_core.shell:Creating package script '/home/michael/robo_ai_turku_2025/lab_1/ros2_ws/install/task1/share/task1/package.ps1'
[0.904s] INFO:colcon.colcon_core.shell:Creating package descriptor '/home/michael/robo_ai_turku_2025/lab_1/ros2_ws/install/task1/share/task1/package.dsv'
[0.905s] INFO:colcon.colcon_core.shell:Creating package script '/home/michael/robo_ai_turku_2025/lab_1/ros2_ws/install/task1/share/task1/package.sh'
[0.905s] INFO:colcon.colcon_core.shell:Creating package script '/home/michael/robo_ai_turku_2025/lab_1/ros2_ws/install/task1/share/task1/package.bash'
[0.905s] INFO:colcon.colcon_core.shell:Creating package script '/home/michael/robo_ai_turku_2025/lab_1/ros2_ws/install/task1/share/task1/package.zsh'
[0.905s] Level 1:colcon.colcon_core.environment:create_file_with_runtime_dependencies(/home/michael/robo_ai_turku_2025/lab_1/ros2_ws/install/task1/share/colcon-core/packages/task1)
[0.906s] INFO:colcon.colcon_ros.task.ament_python.build:Building ROS package in '/home/michael/robo_ai_turku_2025/lab_1/ros2_ws/src/task5' with build type 'ament_python'
[0.906s] Level 1:colcon.colcon_core.shell:create_environment_hook('task5', 'ament_prefix_path')
[0.906s] INFO:colcon.colcon_core.shell:Creating environment hook '/home/michael/robo_ai_turku_2025/lab_1/ros2_ws/install/task5/share/task5/hook/ament_prefix_path.ps1'
[0.907s] INFO:colcon.colcon_core.shell:Creating environment descriptor '/home/michael/robo_ai_turku_2025/lab_1/ros2_ws/install/task5/share/task5/hook/ament_prefix_path.dsv'
[0.907s] INFO:colcon.colcon_core.shell:Creating environment hook '/home/michael/robo_ai_turku_2025/lab_1/ros2_ws/install/task5/share/task5/hook/ament_prefix_path.sh'
[0.907s] INFO:colcon.colcon_core.shell:Skip shell extension 'powershell' for command environment: Not usable outside of PowerShell
[0.907s] DEBUG:colcon.colcon_core.shell:Skip shell extension 'dsv' for command environment
[1.000s] INFO:colcon.colcon_core.task.python.build:Building Python package in '/home/michael/robo_ai_turku_2025/lab_1/ros2_ws/src/task5'
[1.000s] INFO:colcon.colcon_core.shell:Skip shell extension 'powershell' for command environment: Not usable outside of PowerShell
[1.000s] DEBUG:colcon.colcon_core.shell:Skip shell extension 'dsv' for command environment
[1.002s] DEBUG:colcon.colcon_core.event_handler.log_command:Invoking command in '/home/michael/robo_ai_turku_2025/lab_1/ros2_ws/src/task3': AMENT_PREFIX_PATH=/home/michael/robo_ai_turku_2025/lab_1/ros2_ws/install/custom_interface:${AMENT_PREFIX_PATH} CMAKE_PREFIX_PATH=/home/michael/robo_ai_turku_2025/lab_1/ros2_ws/install/custom_interface LD_LIBRARY_PATH=/home/michael/robo_ai_turku_2025/lab_1/ros2_ws/install/custom_interface/lib:${LD_LIBRARY_PATH} PYTHONPATH=/home/michael/robo_ai_turku_2025/lab_1/ros2_ws/build/task3/prefix_override:/usr/lib/python3/dist-packages/colcon_core/task/python/colcon_distutils_commands:/home/michael/robo_ai_turku_2025/lab_1/ros2_ws/install/task3/lib/python3.10/site-packages:/home/michael/robo_ai_turku_2025/lab_1/ros2_ws/install/custom_interface/local/lib/python3.10/dist-packages:${PYTHONPATH} /usr/bin/python3 -W ignore:setup.py install is deprecated -W ignore:easy_install command is deprecated setup.py egg_info --egg-base ../../build/task3 build --build-base /home/michael/robo_ai_turku_2025/lab_1/ros2_ws/build/task3/build install --record /home/michael/robo_ai_turku_2025/lab_1/ros2_ws/build/task3/install.log --single-version-externally-managed install_data
[1.003s] DEBUG:colcon.colcon_core.event_handler.log_command:Invoking command in '/home/michael/robo_ai_turku_2025/lab_1/ros2_ws/src/task2': AMENT_PREFIX_PATH=/home/michael/robo_ai_turku_2025/lab_1/ros2_ws/install/custom_interface:${AMENT_PREFIX_PATH} CMAKE_PREFIX_PATH=/home/michael/robo_ai_turku_2025/lab_1/ros2_ws/install/custom_interface LD_LIBRARY_PATH=/home/michael/robo_ai_turku_2025/lab_1/ros2_ws/install/custom_interface/lib:${LD_LIBRARY_PATH} PYTHONPATH=/home/michael/robo_ai_turku_2025/lab_1/ros2_ws/build/task2/prefix_override:/usr/lib/python3/dist-packages/colcon_core/task/python/colcon_distutils_commands:/home/michael/robo_ai_turku_2025/lab_1/ros2_ws/install/task2/lib/python3.10/site-packages:/home/michael/robo_ai_turku_2025/lab_1/ros2_ws/install/custom_interface/local/lib/python3.10/dist-packages:${PYTHONPATH} /usr/bin/python3 -W ignore:setup.py install is deprecated -W ignore:easy_install command is deprecated setup.py egg_info --egg-base ../../build/task2 build --build-base /home/michael/robo_ai_turku_2025/lab_1/ros2_ws/build/task2/build install --record /home/michael/robo_ai_turku_2025/lab_1/ros2_ws/build/task2/install.log --single-version-externally-managed install_data
[1.123s] Level 1:colcon.colcon_core.environment:checking '/home/michael/robo_ai_turku_2025/lab_1/ros2_ws/install/task3' for CMake module files
[1.123s] Level 1:colcon.colcon_core.environment:checking '/home/michael/robo_ai_turku_2025/lab_1/ros2_ws/install/task3' for CMake config files
[1.124s] Level 1:colcon.colcon_core.environment:checking '/home/michael/robo_ai_turku_2025/lab_1/ros2_ws/install/task3/lib'
[1.124s] Level 1:colcon.colcon_core.environment:checking '/home/michael/robo_ai_turku_2025/lab_1/ros2_ws/install/task3/bin'
[1.124s] Level 1:colcon.colcon_core.environment:checking '/home/michael/robo_ai_turku_2025/lab_1/ros2_ws/install/task3/lib/pkgconfig/task3.pc'
[1.124s] Level 1:colcon.colcon_core.environment:checking '/home/michael/robo_ai_turku_2025/lab_1/ros2_ws/install/task3/lib/python3.10/site-packages'
[1.124s] Level 1:colcon.colcon_core.shell:create_environment_hook('task3', 'pythonpath')
[1.124s] INFO:colcon.colcon_core.shell:Creating environment hook '/home/michael/robo_ai_turku_2025/lab_1/ros2_ws/install/task3/share/task3/hook/pythonpath.ps1'
[1.124s] INFO:colcon.colcon_core.shell:Creating environment descriptor '/home/michael/robo_ai_turku_2025/lab_1/ros2_ws/install/task3/share/task3/hook/pythonpath.dsv'
[1.124s] INFO:colcon.colcon_core.shell:Creating environment hook '/home/michael/robo_ai_turku_2025/lab_1/ros2_ws/install/task3/share/task3/hook/pythonpath.sh'
[1.125s] Level 1:colcon.colcon_core.environment:checking '/home/michael/robo_ai_turku_2025/lab_1/ros2_ws/install/task3/bin'
[1.125s] Level 1:colcon.colcon_core.environment:create_environment_scripts_only(task3)
[1.125s] INFO:colcon.colcon_core.shell:Creating package script '/home/michael/robo_ai_turku_2025/lab_1/ros2_ws/install/task3/share/task3/package.ps1'
[1.125s] INFO:colcon.colcon_core.shell:Creating package descriptor '/home/michael/robo_ai_turku_2025/lab_1/ros2_ws/install/task3/share/task3/package.dsv'
[1.125s] INFO:colcon.colcon_core.shell:Creating package script '/home/michael/robo_ai_turku_2025/lab_1/ros2_ws/install/task3/share/task3/package.sh'
[1.125s] INFO:colcon.colcon_core.shell:Creating package script '/home/michael/robo_ai_turku_2025/lab_1/ros2_ws/install/task3/share/task3/package.bash'
[1.125s] INFO:colcon.colcon_core.shell:Creating package script '/home/michael/robo_ai_turku_2025/lab_1/ros2_ws/install/task3/share/task3/package.zsh'
[1.125s] Level 1:colcon.colcon_core.environment:create_file_with_runtime_dependencies(/home/michael/robo_ai_turku_2025/lab_1/ros2_ws/install/task3/share/colcon-core/packages/task3)
[1.126s] DEBUG:colcon.colcon_core.event_handler.log_command:Invoked command in '/home/michael/robo_ai_turku_2025/lab_1/ros2_ws/src/task3' returned '0': AMENT_PREFIX_PATH=/home/michael/robo_ai_turku_2025/lab_1/ros2_ws/install/custom_interface:${AMENT_PREFIX_PATH} CMAKE_PREFIX_PATH=/home/michael/robo_ai_turku_2025/lab_1/ros2_ws/install/custom_interface LD_LIBRARY_PATH=/home/michael/robo_ai_turku_2025/lab_1/ros2_ws/install/custom_interface/lib:${LD_LIBRARY_PATH} PYTHONPATH=/home/michael/robo_ai_turku_2025/lab_1/ros2_ws/build/task3/prefix_override:/usr/lib/python3/dist-packages/colcon_core/task/python/colcon_distutils_commands:/home/michael/robo_ai_turku_2025/lab_1/ros2_ws/install/task3/lib/python3.10/site-packages:/home/michael/robo_ai_turku_2025/lab_1/ros2_ws/install/custom_interface/local/lib/python3.10/dist-packages:${PYTHONPATH} /usr/bin/python3 -W ignore:setup.py install is deprecated -W ignore:easy_install command is deprecated setup.py egg_info --egg-base ../../build/task3 build --build-base /home/michael/robo_ai_turku_2025/lab_1/ros2_ws/build/task3/build install --record /home/michael/robo_ai_turku_2025/lab_1/ros2_ws/build/task3/install.log --single-version-externally-managed install_data
[1.130s] Level 1:colcon.colcon_core.environment:checking '/home/michael/robo_ai_turku_2025/lab_1/ros2_ws/install/task2' for CMake module files
[1.130s] DEBUG:colcon.colcon_core.event_handler.log_command:Invoked command in '/home/michael/robo_ai_turku_2025/lab_1/ros2_ws/src/task2' returned '0': AMENT_PREFIX_PATH=/home/michael/robo_ai_turku_2025/lab_1/ros2_ws/install/custom_interface:${AMENT_PREFIX_PATH} CMAKE_PREFIX_PATH=/home/michael/robo_ai_turku_2025/lab_1/ros2_ws/install/custom_interface LD_LIBRARY_PATH=/home/michael/robo_ai_turku_2025/lab_1/ros2_ws/install/custom_interface/lib:${LD_LIBRARY_PATH} PYTHONPATH=/home/michael/robo_ai_turku_2025/lab_1/ros2_ws/build/task2/prefix_override:/usr/lib/python3/dist-packages/colcon_core/task/python/colcon_distutils_commands:/home/michael/robo_ai_turku_2025/lab_1/ros2_ws/install/task2/lib/python3.10/site-packages:/home/michael/robo_ai_turku_2025/lab_1/ros2_ws/install/custom_interface/local/lib/python3.10/dist-packages:${PYTHONPATH} /usr/bin/python3 -W ignore:setup.py install is deprecated -W ignore:easy_install command is deprecated setup.py egg_info --egg-base ../../build/task2 build --build-base /home/michael/robo_ai_turku_2025/lab_1/ros2_ws/build/task2/build install --record /home/michael/robo_ai_turku_2025/lab_1/ros2_ws/build/task2/install.log --single-version-externally-managed install_data
[1.130s] Level 1:colcon.colcon_core.environment:checking '/home/michael/robo_ai_turku_2025/lab_1/ros2_ws/install/task2' for CMake config files
[1.130s] Level 1:colcon.colcon_core.environment:checking '/home/michael/robo_ai_turku_2025/lab_1/ros2_ws/install/task2/lib'
[1.131s] Level 1:colcon.colcon_core.environment:checking '/home/michael/robo_ai_turku_2025/lab_1/ros2_ws/install/task2/bin'
[1.131s] Level 1:colcon.colcon_core.environment:checking '/home/michael/robo_ai_turku_2025/lab_1/ros2_ws/install/task2/lib/pkgconfig/task2.pc'
[1.131s] Level 1:colcon.colcon_core.environment:checking '/home/michael/robo_ai_turku_2025/lab_1/ros2_ws/install/task2/lib/python3.10/site-packages'
[1.131s] Level 1:colcon.colcon_core.shell:create_environment_hook('task2', 'pythonpath')
[1.131s] INFO:colcon.colcon_core.shell:Creating environment hook '/home/michael/robo_ai_turku_2025/lab_1/ros2_ws/install/task2/share/task2/hook/pythonpath.ps1'
[1.131s] INFO:colcon.colcon_core.shell:Creating environment descriptor '/home/michael/robo_ai_turku_2025/lab_1/ros2_ws/install/task2/share/task2/hook/pythonpath.dsv'
[1.132s] INFO:colcon.colcon_core.shell:Creating environment hook '/home/michael/robo_ai_turku_2025/lab_1/ros2_ws/install/task2/share/task2/hook/pythonpath.sh'
[1.132s] Level 1:colcon.colcon_core.environment:checking '/home/michael/robo_ai_turku_2025/lab_1/ros2_ws/install/task2/bin'
[1.132s] Level 1:colcon.colcon_core.environment:create_environment_scripts_only(task2)
[1.132s] INFO:colcon.colcon_core.shell:Creating package script '/home/michael/robo_ai_turku_2025/lab_1/ros2_ws/install/task2/share/task2/package.ps1'
[1.132s] INFO:colcon.colcon_core.shell:Creating package descriptor '/home/michael/robo_ai_turku_2025/lab_1/ros2_ws/install/task2/share/task2/package.dsv'
[1.132s] INFO:colcon.colcon_core.shell:Creating package script '/home/michael/robo_ai_turku_2025/lab_1/ros2_ws/install/task2/share/task2/package.sh'
[1.133s] INFO:colcon.colcon_core.shell:Creating package script '/home/michael/robo_ai_turku_2025/lab_1/ros2_ws/install/task2/share/task2/package.bash'
[1.133s] INFO:colcon.colcon_core.shell:Creating package script '/home/michael/robo_ai_turku_2025/lab_1/ros2_ws/install/task2/share/task2/package.zsh'
[1.133s] Level 1:colcon.colcon_core.environment:create_file_with_runtime_dependencies(/home/michael/robo_ai_turku_2025/lab_1/ros2_ws/install/task2/share/colcon-core/packages/task2)
[1.154s] DEBUG:colcon.colcon_core.event_handler.log_command:Invoking command in '/home/michael/robo_ai_turku_2025/lab_1/ros2_ws/src/task5': AMENT_PREFIX_PATH=/home/michael/robo_ai_turku_2025/lab_1/ros2_ws/install/custom_interface:${AMENT_PREFIX_PATH} CMAKE_PREFIX_PATH=/home/michael/robo_ai_turku_2025/lab_1/ros2_ws/install/custom_interface LD_LIBRARY_PATH=/home/michael/robo_ai_turku_2025/lab_1/ros2_ws/install/custom_interface/lib:${LD_LIBRARY_PATH} PYTHONPATH=/home/michael/robo_ai_turku_2025/lab_1/ros2_ws/build/task5/prefix_override:/usr/lib/python3/dist-packages/colcon_core/task/python/colcon_distutils_commands:/home/michael/robo_ai_turku_2025/lab_1/ros2_ws/install/task5/lib/python3.10/site-packages:/home/michael/robo_ai_turku_2025/lab_1/ros2_ws/install/custom_interface/local/lib/python3.10/dist-packages:${PYTHONPATH} /usr/bin/python3 -W ignore:setup.py install is deprecated -W ignore:easy_install command is deprecated setup.py egg_info --egg-base ../../build/task5 build --build-base /home/michael/robo_ai_turku_2025/lab_1/ros2_ws/build/task5/build install --record /home/michael/robo_ai_turku_2025/lab_1/ros2_ws/build/task5/install.log --single-version-externally-managed install_data
[1.276s] Level 1:colcon.colcon_core.environment:checking '/home/michael/robo_ai_turku_2025/lab_1/ros2_ws/install/task5' for CMake module files
[1.277s] DEBUG:colcon.colcon_core.event_handler.log_command:Invoked command in '/home/michael/robo_ai_turku_2025/lab_1/ros2_ws/src/task5' returned '0': AMENT_PREFIX_PATH=/home/michael/robo_ai_turku_2025/lab_1/ros2_ws/install/custom_interface:${AMENT_PREFIX_PATH} CMAKE_PREFIX_PATH=/home/michael/robo_ai_turku_2025/lab_1/ros2_ws/install/custom_interface LD_LIBRARY_PATH=/home/michael/robo_ai_turku_2025/lab_1/ros2_ws/install/custom_interface/lib:${LD_LIBRARY_PATH} PYTHONPATH=/home/michael/robo_ai_turku_2025/lab_1/ros2_ws/build/task5/prefix_override:/usr/lib/python3/dist-packages/colcon_core/task/python/colcon_distutils_commands:/home/michael/robo_ai_turku_2025/lab_1/ros2_ws/install/task5/lib/python3.10/site-packages:/home/michael/robo_ai_turku_2025/lab_1/ros2_ws/install/custom_interface/local/lib/python3.10/dist-packages:${PYTHONPATH} /usr/bin/python3 -W ignore:setup.py install is deprecated -W ignore:easy_install command is deprecated setup.py egg_info --egg-base ../../build/task5 build --build-base /home/michael/robo_ai_turku_2025/lab_1/ros2_ws/build/task5/build install --record /home/michael/robo_ai_turku_2025/lab_1/ros2_ws/build/task5/install.log --single-version-externally-managed install_data
[1.277s] Level 1:colcon.colcon_core.environment:checking '/home/michael/robo_ai_turku_2025/lab_1/ros2_ws/install/task5' for CMake config files
[1.277s] Level 1:colcon.colcon_core.environment:checking '/home/michael/robo_ai_turku_2025/lab_1/ros2_ws/install/task5/lib'
[1.277s] Level 1:colcon.colcon_core.environment:checking '/home/michael/robo_ai_turku_2025/lab_1/ros2_ws/install/task5/bin'
[1.277s] Level 1:colcon.colcon_core.environment:checking '/home/michael/robo_ai_turku_2025/lab_1/ros2_ws/install/task5/lib/pkgconfig/task5.pc'
[1.277s] Level 1:colcon.colcon_core.environment:checking '/home/michael/robo_ai_turku_2025/lab_1/ros2_ws/install/task5/lib/python3.10/site-packages'
[1.277s] Level 1:colcon.colcon_core.shell:create_environment_hook('task5', 'pythonpath')
[1.277s] INFO:colcon.colcon_core.shell:Creating environment hook '/home/michael/robo_ai_turku_2025/lab_1/ros2_ws/install/task5/share/task5/hook/pythonpath.ps1'
[1.278s] INFO:colcon.colcon_core.shell:Creating environment descriptor '/home/michael/robo_ai_turku_2025/lab_1/ros2_ws/install/task5/share/task5/hook/pythonpath.dsv'
[1.278s] INFO:colcon.colcon_core.shell:Creating environment hook '/home/michael/robo_ai_turku_2025/lab_1/ros2_ws/install/task5/share/task5/hook/pythonpath.sh'
[1.278s] Level 1:colcon.colcon_core.environment:checking '/home/michael/robo_ai_turku_2025/lab_1/ros2_ws/install/task5/bin'
[1.278s] Level 1:colcon.colcon_core.environment:create_environment_scripts_only(task5)
[1.278s] INFO:colcon.colcon_core.shell:Creating package script '/home/michael/robo_ai_turku_2025/lab_1/ros2_ws/install/task5/share/task5/package.ps1'
[1.278s] INFO:colcon.colcon_core.shell:Creating package descriptor '/home/michael/robo_ai_turku_2025/lab_1/ros2_ws/install/task5/share/task5/package.dsv'
[1.279s] INFO:colcon.colcon_core.shell:Creating package script '/home/michael/robo_ai_turku_2025/lab_1/ros2_ws/install/task5/share/task5/package.sh'
[1.279s] INFO:colcon.colcon_core.shell:Creating package script '/home/michael/robo_ai_turku_2025/lab_1/ros2_ws/install/task5/share/task5/package.bash'
[1.279s] INFO:colcon.colcon_core.shell:Creating package script '/home/michael/robo_ai_turku_2025/lab_1/ros2_ws/install/task5/share/task5/package.zsh'
[1.279s] Level 1:colcon.colcon_core.environment:create_file_with_runtime_dependencies(/home/michael/robo_ai_turku_2025/lab_1/ros2_ws/install/task5/share/colcon-core/packages/task5)
[1.279s] DEBUG:colcon.colcon_parallel_executor.executor.parallel:closing loop
[1.279s] DEBUG:colcon.colcon_parallel_executor.executor.parallel:loop closed
[1.279s] DEBUG:colcon.colcon_parallel_executor.executor.parallel:run_until_complete finished with '0'
[1.279s] DEBUG:colcon.colcon_core.event_reactor:joining thread
[1.282s] INFO:colcon.colcon_core.plugin_system:Skipping extension 'colcon_notification.desktop_notification.notify_send': Could not find 'notify-send'
[1.282s] INFO:colcon.colcon_core.plugin_system:Skipping extension 'colcon_notification.desktop_notification.terminal_notifier': Not used on non-Darwin systems
[1.282s] INFO:colcon.colcon_core.plugin_system:Skipping extension 'colcon_notification.desktop_notification.win32': Not used on non-Windows systems
[1.282s] INFO:colcon.colcon_notification.desktop_notification:Sending desktop notification using 'notify2'
[1.288s] DEBUG:colcon.colcon_notification.desktop_notification.notify2:Failed to initialize notify2: org.freedesktop.DBus.Error.ServiceUnknown: The name org.freedesktop.Notifications was not provided by any .service files
[1.288s] DEBUG:colcon.colcon_core.event_reactor:joined thread
[1.288s] INFO:colcon.colcon_core.shell:Creating prefix script '/home/michael/robo_ai_turku_2025/lab_1/ros2_ws/install/local_setup.ps1'
[1.288s] INFO:colcon.colcon_core.shell:Creating prefix util module '/home/michael/robo_ai_turku_2025/lab_1/ros2_ws/install/_local_setup_util_ps1.py'
[1.289s] INFO:colcon.colcon_core.shell:Creating prefix chain script '/home/michael/robo_ai_turku_2025/lab_1/ros2_ws/install/setup.ps1'
[1.290s] INFO:colcon.colcon_core.shell:Creating prefix script '/home/michael/robo_ai_turku_2025/lab_1/ros2_ws/install/local_setup.sh'
[1.290s] INFO:colcon.colcon_core.shell:Creating prefix util module '/home/michael/robo_ai_turku_2025/lab_1/ros2_ws/install/_local_setup_util_sh.py'
[1.290s] INFO:colcon.colcon_core.shell:Creating prefix chain script '/home/michael/robo_ai_turku_2025/lab_1/ros2_ws/install/setup.sh'
[1.291s] INFO:colcon.colcon_core.shell:Creating prefix script '/home/michael/robo_ai_turku_2025/lab_1/ros2_ws/install/local_setup.bash'
[1.291s] INFO:colcon.colcon_core.shell:Creating prefix chain script '/home/michael/robo_ai_turku_2025/lab_1/ros2_ws/install/setup.bash'
[1.291s] INFO:colcon.colcon_core.shell:Creating prefix script '/home/michael/robo_ai_turku_2025/lab_1/ros2_ws/install/local_setup.zsh'
[1.292s] INFO:colcon.colcon_core.shell:Creating prefix chain script '/home/michael/robo_ai_turku_2025/lab_1/ros2_ws/install/setup.zsh'
