[2.218s] Invoking command in '/home/felix/robo/robo_ai_turku_2025/ros2_ws/src/lab01_task01': PYTHONPATH=/home/felix/robo/robo_ai_turku_2025/build/lab01_task01/prefix_override:/usr/lib/python3/dist-packages/colcon_core/task/python/colcon_distutils_commands:/home/felix/robo/robo_ai_turku_2025/install/lab01_task01/lib/python3.10/site-packages:${PYTHONPATH} /usr/bin/python3 -W ignore:setup.py install is deprecated -W ignore:easy_install command is deprecated setup.py egg_info --egg-base ../../../build/lab01_task01 build --build-base /home/felix/robo/robo_ai_turku_2025/build/lab01_task01/build install --record /home/felix/robo/robo_ai_turku_2025/build/lab01_task01/install.log --single-version-externally-managed install_data
[2.504s] running egg_info
[2.505s] writing ../../../build/lab01_task01/lab01_task01.egg-info/PKG-INFO
[2.507s] writing dependency_links to ../../../build/lab01_task01/lab01_task01.egg-info/dependency_links.txt
[2.507s] writing entry points to ../../../build/lab01_task01/lab01_task01.egg-info/entry_points.txt
[2.507s] writing requirements to ../../../build/lab01_task01/lab01_task01.egg-info/requires.txt
[2.507s] writing top-level names to ../../../build/lab01_task01/lab01_task01.egg-info/top_level.txt
[2.510s] reading manifest file '../../../build/lab01_task01/lab01_task01.egg-info/SOURCES.txt'
[2.513s] adding license file 'LICENSE'
[2.513s] writing manifest file '../../../build/lab01_task01/lab01_task01.egg-info/SOURCES.txt'
[2.513s] running build
[2.513s] running build_py
[2.513s] running install
[2.514s] running install_lib
[2.517s] running install_data
[2.517s] running install_egg_info
[2.520s] removing '/home/felix/robo/robo_ai_turku_2025/install/lab01_task01/lib/python3.10/site-packages/lab01_task01-0.0.0-py3.10.egg-info' (and everything under it)
[2.520s] Copying ../../../build/lab01_task01/lab01_task01.egg-info to /home/felix/robo/robo_ai_turku_2025/install/lab01_task01/lib/python3.10/site-packages/lab01_task01-0.0.0-py3.10.egg-info
[2.523s] running install_scripts
[2.550s] Installing publisher script to /home/felix/robo/robo_ai_turku_2025/install/lab01_task01/lib/lab01_task01
[2.550s] Installing subscriber script to /home/felix/robo/robo_ai_turku_2025/install/lab01_task01/lib/lab01_task01
[2.550s] writing list of installed files to '/home/felix/robo/robo_ai_turku_2025/build/lab01_task01/install.log'
[2.579s] Invoked command in '/home/felix/robo/robo_ai_turku_2025/ros2_ws/src/lab01_task01' returned '0': PYTHONPATH=/home/felix/robo/robo_ai_turku_2025/build/lab01_task01/prefix_override:/usr/lib/python3/dist-packages/colcon_core/task/python/colcon_distutils_commands:/home/felix/robo/robo_ai_turku_2025/install/lab01_task01/lib/python3.10/site-packages:${PYTHONPATH} /usr/bin/python3 -W ignore:setup.py install is deprecated -W ignore:easy_install command is deprecated setup.py egg_info --egg-base ../../../build/lab01_task01 build --build-base /home/felix/robo/robo_ai_turku_2025/build/lab01_task01/build install --record /home/felix/robo/robo_ai_turku_2025/build/lab01_task01/install.log --single-version-externally-managed install_data
