[0.235s] Invoking command in '/home/michael/robo_ai_turku_2025/ros2_lab2_ws/src/lab02_task03': PYTHONPATH=/home/michael/robo_ai_turku_2025/ros2_lab2_ws/build/lab02_task03/prefix_override:/usr/lib/python3/dist-packages/colcon_core/task/python/colcon_distutils_commands:/home/michael/robo_ai_turku_2025/ros2_lab2_ws/install/lab02_task03/lib/python3.10/site-packages:${PYTHONPATH} /usr/bin/python3 -W ignore:setup.py install is deprecated -W ignore:easy_install command is deprecated setup.py egg_info --egg-base ../../build/lab02_task03 build --build-base /home/michael/robo_ai_turku_2025/ros2_lab2_ws/build/lab02_task03/build install --record /home/michael/robo_ai_turku_2025/ros2_lab2_ws/build/lab02_task03/install.log --single-version-externally-managed install_data
[0.322s] running egg_info
[0.323s] writing ../../build/lab02_task03/lab02_task03.egg-info/PKG-INFO
[0.323s] writing dependency_links to ../../build/lab02_task03/lab02_task03.egg-info/dependency_links.txt
[0.323s] writing entry points to ../../build/lab02_task03/lab02_task03.egg-info/entry_points.txt
[0.323s] writing requirements to ../../build/lab02_task03/lab02_task03.egg-info/requires.txt
[0.323s] writing top-level names to ../../build/lab02_task03/lab02_task03.egg-info/top_level.txt
[0.324s] reading manifest file '../../build/lab02_task03/lab02_task03.egg-info/SOURCES.txt'
[0.324s] writing manifest file '../../build/lab02_task03/lab02_task03.egg-info/SOURCES.txt'
[0.324s] running build
[0.324s] running build_py
[0.324s] copying lab02_task03/tf_static_broadcaster.py -> /home/michael/robo_ai_turku_2025/ros2_lab2_ws/build/lab02_task03/build/lib/lab02_task03
[0.324s] running install
[0.325s] running install_lib
[0.325s] copying /home/michael/robo_ai_turku_2025/ros2_lab2_ws/build/lab02_task03/build/lib/lab02_task03/tf_static_broadcaster.py -> /home/michael/robo_ai_turku_2025/ros2_lab2_ws/install/lab02_task03/lib/python3.10/site-packages/lab02_task03
[0.325s] byte-compiling /home/michael/robo_ai_turku_2025/ros2_lab2_ws/install/lab02_task03/lib/python3.10/site-packages/lab02_task03/tf_listener.py to tf_listener.cpython-310.pyc
[0.325s] byte-compiling /home/michael/robo_ai_turku_2025/ros2_lab2_ws/install/lab02_task03/lib/python3.10/site-packages/lab02_task03/tf_static_broadcaster.py to tf_static_broadcaster.cpython-310.pyc
[0.325s] running install_data
[0.325s] running install_egg_info
[0.326s] Sorry: IndentationError: expected an indented block after class definition on line 7 (tf_listener.py, line 8)
[0.326s] removing '/home/michael/robo_ai_turku_2025/ros2_lab2_ws/install/lab02_task03/lib/python3.10/site-packages/lab02_task03-0.0.0-py3.10.egg-info' (and everything under it)
[0.326s] Copying ../../build/lab02_task03/lab02_task03.egg-info to /home/michael/robo_ai_turku_2025/ros2_lab2_ws/install/lab02_task03/lib/python3.10/site-packages/lab02_task03-0.0.0-py3.10.egg-info
[0.327s] running install_scripts
[0.335s] Installing tf_broadcaster script to /home/michael/robo_ai_turku_2025/ros2_lab2_ws/install/lab02_task03/lib/lab02_task03
[0.335s] Installing tf_listener_simple script to /home/michael/robo_ai_turku_2025/ros2_lab2_ws/install/lab02_task03/lib/lab02_task03
[0.335s] Installing tf_scanner script to /home/michael/robo_ai_turku_2025/ros2_lab2_ws/install/lab02_task03/lib/lab02_task03
[0.335s] Installing tf_static_broadcaster script to /home/michael/robo_ai_turku_2025/ros2_lab2_ws/install/lab02_task03/lib/lab02_task03
[0.335s] writing list of installed files to '/home/michael/robo_ai_turku_2025/ros2_lab2_ws/build/lab02_task03/install.log'
[0.344s] Invoked command in '/home/michael/robo_ai_turku_2025/ros2_lab2_ws/src/lab02_task03' returned '0': PYTHONPATH=/home/michael/robo_ai_turku_2025/ros2_lab2_ws/build/lab02_task03/prefix_override:/usr/lib/python3/dist-packages/colcon_core/task/python/colcon_distutils_commands:/home/michael/robo_ai_turku_2025/ros2_lab2_ws/install/lab02_task03/lib/python3.10/site-packages:${PYTHONPATH} /usr/bin/python3 -W ignore:setup.py install is deprecated -W ignore:easy_install command is deprecated setup.py egg_info --egg-base ../../build/lab02_task03 build --build-base /home/michael/robo_ai_turku_2025/ros2_lab2_ws/build/lab02_task03/build install --record /home/michael/robo_ai_turku_2025/ros2_lab2_ws/build/lab02_task03/install.log --single-version-externally-managed install_data
