-- Found ament_cmake: 1.3.12 (/opt/ros/humble/share/ament_cmake/cmake)
-- Found rclcpp: 16.0.14 (/opt/ros/humble/share/rclcpp/cmake)
-- Found rosidl_generator_c: 3.1.7 (/opt/ros/humble/share/rosidl_generator_c/cmake)
-- Found rosidl_adapter: 3.1.7 (/opt/ros/humble/share/rosidl_adapter/cmake)
-- Found rosidl_generator_cpp: 3.1.7 (/opt/ros/humble/share/rosidl_generator_cpp/cmake)
-- Using all available rosidl_typesupport_c: rosidl_typesupport_fastrtps_c;rosidl_typesupport_introspection_c
-- Using all available rosidl_typesupport_cpp: rosidl_typesupport_fastrtps_cpp;rosidl_typesupport_introspection_cpp
-- Found rmw_implementation_cmake: 6.1.2 (/opt/ros/humble/share/rmw_implementation_cmake/cmake)
-- Found rmw_fastrtps_cpp: 6.2.8 (/opt/ros/humble/share/rmw_fastrtps_cpp/cmake)
-- Using RMW implementation 'rmw_fastrtps_cpp' as default
-- Found rosidl_default_generators: 1.2.0 (/opt/ros/humble/share/rosidl_default_generators/cmake)
-- Found geometry_msgs: 4.9.0 (/opt/ros/humble/share/geometry_msgs/cmake)
-- Found action_msgs: 1.2.2 (/opt/ros/humble/share/action_msgs/cmake)
-- Found ament_cmake_ros: 0.10.0 (/opt/ros/humble/share/ament_cmake_ros/cmake)
-- Using all available rosidl_typesupport_c: rosidl_typesupport_fastrtps_c;rosidl_typesupport_introspection_c
-- Using all available rosidl_typesupport_cpp: rosidl_typesupport_fastrtps_cpp;rosidl_typesupport_introspection_cpp
-- Found python_cmake_module: 0.10.0 (/opt/ros/humble/share/python_cmake_module/cmake)
-- Using PYTHON_EXECUTABLE: /usr/bin/python3
-- Using PYTHON_INCLUDE_DIRS: /usr/include/python3.10
-- Using PYTHON_LIBRARIES: /usr/lib/aarch64-linux-gnu/libpython3.10.so
-- Found ament_lint_auto: 0.12.14 (/opt/ros/humble/share/ament_lint_auto/cmake)
-- Added test 'lint_cmake' to check CMake code style
-- Added test 'xmllint' to check XML markup files
-- Configuring done
-- Generating done
-- Build files have been written to: /home/michael/robo_ai_turku_2025/lab_1/ros2_ws/build/custom_interface
[35m[1mConsolidate compiler generated dependencies of target custom_interface__rosidl_generator_c[0m
[  2%] Built target custom_interface__cpp
[35m[1mConsolidate compiler generated dependencies of target custom_interface__rosidl_typesupport_cpp[0m
[  2%] Built target ament_cmake_python_copy_custom_interface
[  4%] [32mBuilding C object CMakeFiles/custom_interface__rosidl_generator_c.dir/rosidl_generator_c/custom_interface/msg/detail/person__functions.c.o[0m
[  6%] [32mBuilding CXX object CMakeFiles/custom_interface__rosidl_typesupport_cpp.dir/rosidl_typesupport_cpp/custom_interface/msg/person__type_support.cpp.o[0m
[35m[1mConsolidate compiler generated dependencies of target custom_interface__rosidl_typesupport_fastrtps_cpp[0m
[  8%] [32mBuilding CXX object CMakeFiles/custom_interface__rosidl_typesupport_fastrtps_cpp.dir/rosidl_typesupport_fastrtps_cpp/custom_interface/msg/detail/dds_fastrtps/person__type_support.cpp.o[0m
[ 10%] [32mBuilding C object CMakeFiles/custom_interface__rosidl_generator_c.dir/rosidl_generator_c/custom_interface/srv/detail/calculate_distance__functions.c.o[0m
[ 12%] [32mBuilding C object CMakeFiles/custom_interface__rosidl_generator_c.dir/rosidl_generator_c/custom_interface/action/detail/countdown__functions.c.o[0m
[ 14%] [32m[1mLinking C shared library libcustom_interface__rosidl_generator_c.so[0m
[ 17%] [32mBuilding CXX object CMakeFiles/custom_interface__rosidl_typesupport_cpp.dir/rosidl_typesupport_cpp/custom_interface/srv/calculate_distance__type_support.cpp.o[0m
[ 19%] Built target custom_interface__rosidl_generator_c
[ 21%] [34m[1mGenerating C++ introspection for ROS interfaces[0m
[ 23%] [32mBuilding CXX object CMakeFiles/custom_interface__rosidl_typesupport_fastrtps_cpp.dir/rosidl_typesupport_fastrtps_cpp/custom_interface/srv/detail/dds_fastrtps/calculate_distance__type_support.cpp.o[0m
[ 25%] [32mBuilding CXX object CMakeFiles/custom_interface__rosidl_typesupport_cpp.dir/rosidl_typesupport_cpp/custom_interface/action/countdown__type_support.cpp.o[0m
[35m[1mConsolidate compiler generated dependencies of target custom_interface__rosidl_typesupport_introspection_cpp[0m
[ 27%] [32mBuilding CXX object CMakeFiles/custom_interface__rosidl_typesupport_fastrtps_cpp.dir/rosidl_typesupport_fastrtps_cpp/custom_interface/action/detail/dds_fastrtps/countdown__type_support.cpp.o[0m
[ 29%] [32mBuilding CXX object CMakeFiles/custom_interface__rosidl_typesupport_introspection_cpp.dir/rosidl_typesupport_introspection_cpp/custom_interface/msg/detail/person__type_support.cpp.o[0m
[ 31%] [32m[1mLinking CXX shared library libcustom_interface__rosidl_typesupport_cpp.so[0m
[ 34%] Built target custom_interface__rosidl_typesupport_cpp
[ 36%] [32mBuilding CXX object CMakeFiles/custom_interface__rosidl_typesupport_introspection_cpp.dir/rosidl_typesupport_introspection_cpp/custom_interface/srv/detail/calculate_distance__type_support.cpp.o[0m
running egg_info
writing custom_interface.egg-info/PKG-INFO
writing dependency_links to custom_interface.egg-info/dependency_links.txt
writing top-level names to custom_interface.egg-info/top_level.txt
reading manifest file 'custom_interface.egg-info/SOURCES.txt'
writing manifest file 'custom_interface.egg-info/SOURCES.txt'
[ 36%] Built target ament_cmake_python_build_custom_interface_egg
[ 38%] [34m[1mGenerating C type support for eProsima Fast-RTPS[0m
[ 40%] [32m[1mLinking CXX shared library libcustom_interface__rosidl_typesupport_fastrtps_cpp.so[0m
[ 42%] Built target custom_interface__rosidl_typesupport_fastrtps_cpp
[ 44%] [34m[1mGenerating C introspection for ROS interfaces[0m
[ 46%] [32mBuilding CXX object CMakeFiles/custom_interface__rosidl_typesupport_introspection_cpp.dir/rosidl_typesupport_introspection_cpp/custom_interface/action/detail/countdown__type_support.cpp.o[0m
[35m[1mConsolidate compiler generated dependencies of target custom_interface__rosidl_typesupport_fastrtps_c[0m
[ 48%] [32mBuilding CXX object CMakeFiles/custom_interface__rosidl_typesupport_fastrtps_c.dir/rosidl_typesupport_fastrtps_c/custom_interface/msg/detail/person__type_support_c.cpp.o[0m
[35m[1mConsolidate compiler generated dependencies of target custom_interface__rosidl_typesupport_introspection_c[0m
[ 51%] [32mBuilding C object CMakeFiles/custom_interface__rosidl_typesupport_introspection_c.dir/rosidl_typesupport_introspection_c/custom_interface/msg/detail/person__type_support.c.o[0m
[ 53%] [32mBuilding C object CMakeFiles/custom_interface__rosidl_typesupport_introspection_c.dir/rosidl_typesupport_introspection_c/custom_interface/srv/detail/calculate_distance__type_support.c.o[0m
[ 55%] [32mBuilding C object CMakeFiles/custom_interface__rosidl_typesupport_introspection_c.dir/rosidl_typesupport_introspection_c/custom_interface/action/detail/countdown__type_support.c.o[0m
[ 57%] [32m[1mLinking C shared library libcustom_interface__rosidl_typesupport_introspection_c.so[0m
[ 59%] [32m[1mLinking CXX shared library libcustom_interface__rosidl_typesupport_introspection_cpp.so[0m
[ 59%] Built target custom_interface__rosidl_typesupport_introspection_c
[ 61%] [34m[1mGenerating C type support dispatch for ROS interfaces[0m
[ 63%] [32mBuilding CXX object CMakeFiles/custom_interface__rosidl_typesupport_fastrtps_c.dir/rosidl_typesupport_fastrtps_c/custom_interface/srv/detail/calculate_distance__type_support_c.cpp.o[0m
[ 63%] Built target custom_interface__rosidl_typesupport_introspection_cpp
[ 65%] [32mBuilding CXX object CMakeFiles/custom_interface__rosidl_typesupport_fastrtps_c.dir/rosidl_typesupport_fastrtps_c/custom_interface/action/detail/countdown__type_support_c.cpp.o[0m
[35m[1mConsolidate compiler generated dependencies of target custom_interface__rosidl_typesupport_c[0m
[ 68%] [32mBuilding CXX object CMakeFiles/custom_interface__rosidl_typesupport_c.dir/rosidl_typesupport_c/custom_interface/srv/calculate_distance__type_support.cpp.o[0m
[ 70%] [32mBuilding CXX object CMakeFiles/custom_interface__rosidl_typesupport_c.dir/rosidl_typesupport_c/custom_interface/msg/person__type_support.cpp.o[0m
[ 72%] [32m[1mLinking CXX shared library libcustom_interface__rosidl_typesupport_fastrtps_c.so[0m
[ 74%] [32mBuilding CXX object CMakeFiles/custom_interface__rosidl_typesupport_c.dir/rosidl_typesupport_c/custom_interface/action/countdown__type_support.cpp.o[0m
[ 76%] [32m[1mLinking CXX shared library libcustom_interface__rosidl_typesupport_c.so[0m
[ 76%] Built target custom_interface__rosidl_typesupport_fastrtps_c
[ 76%] Built target custom_interface__rosidl_typesupport_c
[ 76%] Built target custom_interface
[ 78%] [34m[1mGenerating Python code for ROS interfaces[0m
[ 78%] Built target custom_interface__py
[35m[1mConsolidate compiler generated dependencies of target custom_interface__rosidl_generator_py[0m
[ 82%] [32mBuilding C object CMakeFiles/custom_interface__rosidl_generator_py.dir/rosidl_generator_py/custom_interface/srv/_calculate_distance_s.c.o[0m
[ 85%] [32mBuilding C object CMakeFiles/custom_interface__rosidl_generator_py.dir/rosidl_generator_py/custom_interface/action/_countdown_s.c.o[0m
[ 85%] [32mBuilding C object CMakeFiles/custom_interface__rosidl_generator_py.dir/rosidl_generator_py/custom_interface/msg/_person_s.c.o[0m
[ 87%] [32m[1mLinking C shared library rosidl_generator_py/custom_interface/libcustom_interface__rosidl_generator_py.so[0m
[ 87%] Built target custom_interface__rosidl_generator_py
[35m[1mConsolidate compiler generated dependencies of target custom_interface__rosidl_typesupport_fastrtps_c__pyext[0m
[35m[1mConsolidate compiler generated dependencies of target custom_interface__rosidl_typesupport_introspection_c__pyext[0m
[35m[1mConsolidate compiler generated dependencies of target custom_interface__rosidl_typesupport_c__pyext[0m
[ 89%] [32mBuilding C object CMakeFiles/custom_interface__rosidl_typesupport_introspection_c__pyext.dir/rosidl_generator_py/custom_interface/_custom_interface_s.ep.rosidl_typesupport_introspection_c.c.o[0m
[ 91%] [32mBuilding C object CMakeFiles/custom_interface__rosidl_typesupport_c__pyext.dir/rosidl_generator_py/custom_interface/_custom_interface_s.ep.rosidl_typesupport_c.c.o[0m
[ 93%] [32mBuilding C object CMakeFiles/custom_interface__rosidl_typesupport_fastrtps_c__pyext.dir/rosidl_generator_py/custom_interface/_custom_interface_s.ep.rosidl_typesupport_fastrtps_c.c.o[0m
[ 95%] [32m[1mLinking C shared library rosidl_generator_py/custom_interface/custom_interface_s__rosidl_typesupport_introspection_c.cpython-310-aarch64-linux-gnu.so[0m
[ 97%] [32m[1mLinking C shared library rosidl_generator_py/custom_interface/custom_interface_s__rosidl_typesupport_c.cpython-310-aarch64-linux-gnu.so[0m
[ 97%] Built target custom_interface__rosidl_typesupport_introspection_c__pyext
[ 97%] Built target custom_interface__rosidl_typesupport_c__pyext
[100%] [32m[1mLinking C shared library rosidl_generator_py/custom_interface/custom_interface_s__rosidl_typesupport_fastrtps_c.cpython-310-aarch64-linux-gnu.so[0m
[100%] Built target custom_interface__rosidl_typesupport_fastrtps_c__pyext
-- Install configuration: ""
-- Installing: /home/michael/robo_ai_turku_2025/lab_1/ros2_ws/install/custom_interface/share/ament_index/resource_index/rosidl_interfaces/custom_interface
-- Up-to-date: /home/michael/robo_ai_turku_2025/lab_1/ros2_ws/install/custom_interface/include/custom_interface/custom_interface
-- Installing: /home/michael/robo_ai_turku_2025/lab_1/ros2_ws/install/custom_interface/include/custom_interface/custom_interface/action
-- Installing: /home/michael/robo_ai_turku_2025/lab_1/ros2_ws/install/custom_interface/include/custom_interface/custom_interface/action/countdown.h
-- Installing: /home/michael/robo_ai_turku_2025/lab_1/ros2_ws/install/custom_interface/include/custom_interface/custom_interface/action/detail
-- Installing: /home/michael/robo_ai_turku_2025/lab_1/ros2_ws/install/custom_interface/include/custom_interface/custom_interface/action/detail/countdown__functions.h
-- Installing: /home/michael/robo_ai_turku_2025/lab_1/ros2_ws/install/custom_interface/include/custom_interface/custom_interface/action/detail/countdown__functions.c
-- Installing: /home/michael/robo_ai_turku_2025/lab_1/ros2_ws/install/custom_interface/include/custom_interface/custom_interface/action/detail/countdown__struct.h
-- Installing: /home/michael/robo_ai_turku_2025/lab_1/ros2_ws/install/custom_interface/include/custom_interface/custom_interface/action/detail/countdown__type_support.h
-- Up-to-date: /home/michael/robo_ai_turku_2025/lab_1/ros2_ws/install/custom_interface/include/custom_interface/custom_interface/srv
-- Installing: /home/michael/robo_ai_turku_2025/lab_1/ros2_ws/install/custom_interface/include/custom_interface/custom_interface/srv/calculate_distance.h
-- Up-to-date: /home/michael/robo_ai_turku_2025/lab_1/ros2_ws/install/custom_interface/include/custom_interface/custom_interface/srv/detail
-- Installing: /home/michael/robo_ai_turku_2025/lab_1/ros2_ws/install/custom_interface/include/custom_interface/custom_interface/srv/detail/calculate_distance__type_support.h
-- Installing: /home/michael/robo_ai_turku_2025/lab_1/ros2_ws/install/custom_interface/include/custom_interface/custom_interface/srv/detail/calculate_distance__struct.h
-- Installing: /home/michael/robo_ai_turku_2025/lab_1/ros2_ws/install/custom_interface/include/custom_interface/custom_interface/srv/detail/calculate_distance__functions.c
-- Installing: /home/michael/robo_ai_turku_2025/lab_1/ros2_ws/install/custom_interface/include/custom_interface/custom_interface/srv/detail/calculate_distance__functions.h
-- Up-to-date: /home/michael/robo_ai_turku_2025/lab_1/ros2_ws/install/custom_interface/include/custom_interface/custom_interface/msg
-- Installing: /home/michael/robo_ai_turku_2025/lab_1/ros2_ws/install/custom_interface/include/custom_interface/custom_interface/msg/person.h
-- Up-to-date: /home/michael/robo_ai_turku_2025/lab_1/ros2_ws/install/custom_interface/include/custom_interface/custom_interface/msg/detail
-- Installing: /home/michael/robo_ai_turku_2025/lab_1/ros2_ws/install/custom_interface/include/custom_interface/custom_interface/msg/detail/person__functions.h
-- Installing: /home/michael/robo_ai_turku_2025/lab_1/ros2_ws/install/custom_interface/include/custom_interface/custom_interface/msg/detail/person__type_support.h
-- Installing: /home/michael/robo_ai_turku_2025/lab_1/ros2_ws/install/custom_interface/include/custom_interface/custom_interface/msg/detail/person__struct.h
-- Installing: /home/michael/robo_ai_turku_2025/lab_1/ros2_ws/install/custom_interface/include/custom_interface/custom_interface/msg/detail/person__functions.c
-- Up-to-date: /home/michael/robo_ai_turku_2025/lab_1/ros2_ws/install/custom_interface/include/custom_interface/custom_interface/msg/rosidl_generator_c__visibility_control.h
-- Up-to-date: /home/michael/robo_ai_turku_2025/lab_1/ros2_ws/install/custom_interface/share/custom_interface/environment/library_path.sh
-- Installing: /home/michael/robo_ai_turku_2025/lab_1/ros2_ws/install/custom_interface/share/custom_interface/environment/library_path.dsv
-- Installing: /home/michael/robo_ai_turku_2025/lab_1/ros2_ws/install/custom_interface/lib/libcustom_interface__rosidl_generator_c.so
-- Set runtime path of "/home/michael/robo_ai_turku_2025/lab_1/ros2_ws/install/custom_interface/lib/libcustom_interface__rosidl_generator_c.so" to ""
-- Up-to-date: /home/michael/robo_ai_turku_2025/lab_1/ros2_ws/install/custom_interface/include/custom_interface/custom_interface
-- Up-to-date: /home/michael/robo_ai_turku_2025/lab_1/ros2_ws/install/custom_interface/include/custom_interface/custom_interface/action
-- Up-to-date: /home/michael/robo_ai_turku_2025/lab_1/ros2_ws/install/custom_interface/include/custom_interface/custom_interface/action/detail
-- Installing: /home/michael/robo_ai_turku_2025/lab_1/ros2_ws/install/custom_interface/include/custom_interface/custom_interface/action/detail/countdown__rosidl_typesupport_fastrtps_c.h
-- Up-to-date: /home/michael/robo_ai_turku_2025/lab_1/ros2_ws/install/custom_interface/include/custom_interface/custom_interface/srv
-- Up-to-date: /home/michael/robo_ai_turku_2025/lab_1/ros2_ws/install/custom_interface/include/custom_interface/custom_interface/srv/detail
-- Installing: /home/michael/robo_ai_turku_2025/lab_1/ros2_ws/install/custom_interface/include/custom_interface/custom_interface/srv/detail/calculate_distance__rosidl_typesupport_fastrtps_c.h
-- Up-to-date: /home/michael/robo_ai_turku_2025/lab_1/ros2_ws/install/custom_interface/include/custom_interface/custom_interface/msg
-- Up-to-date: /home/michael/robo_ai_turku_2025/lab_1/ros2_ws/install/custom_interface/include/custom_interface/custom_interface/msg/rosidl_typesupport_fastrtps_c__visibility_control.h
-- Up-to-date: /home/michael/robo_ai_turku_2025/lab_1/ros2_ws/install/custom_interface/include/custom_interface/custom_interface/msg/detail
-- Installing: /home/michael/robo_ai_turku_2025/lab_1/ros2_ws/install/custom_interface/include/custom_interface/custom_interface/msg/detail/person__rosidl_typesupport_fastrtps_c.h
-- Installing: /home/michael/robo_ai_turku_2025/lab_1/ros2_ws/install/custom_interface/lib/libcustom_interface__rosidl_typesupport_fastrtps_c.so
-- Set runtime path of "/home/michael/robo_ai_turku_2025/lab_1/ros2_ws/install/custom_interface/lib/libcustom_interface__rosidl_typesupport_fastrtps_c.so" to ""
-- Up-to-date: /home/michael/robo_ai_turku_2025/lab_1/ros2_ws/install/custom_interface/include/custom_interface/custom_interface
-- Up-to-date: /home/michael/robo_ai_turku_2025/lab_1/ros2_ws/install/custom_interface/include/custom_interface/custom_interface/action
-- Installing: /home/michael/robo_ai_turku_2025/lab_1/ros2_ws/install/custom_interface/include/custom_interface/custom_interface/action/countdown.hpp
-- Up-to-date: /home/michael/robo_ai_turku_2025/lab_1/ros2_ws/install/custom_interface/include/custom_interface/custom_interface/action/detail
-- Installing: /home/michael/robo_ai_turku_2025/lab_1/ros2_ws/install/custom_interface/include/custom_interface/custom_interface/action/detail/countdown__type_support.hpp
-- Installing: /home/michael/robo_ai_turku_2025/lab_1/ros2_ws/install/custom_interface/include/custom_interface/custom_interface/action/detail/countdown__struct.hpp
-- Installing: /home/michael/robo_ai_turku_2025/lab_1/ros2_ws/install/custom_interface/include/custom_interface/custom_interface/action/detail/countdown__builder.hpp
-- Installing: /home/michael/robo_ai_turku_2025/lab_1/ros2_ws/install/custom_interface/include/custom_interface/custom_interface/action/detail/countdown__traits.hpp
-- Up-to-date: /home/michael/robo_ai_turku_2025/lab_1/ros2_ws/install/custom_interface/include/custom_interface/custom_interface/srv
-- Up-to-date: /home/michael/robo_ai_turku_2025/lab_1/ros2_ws/install/custom_interface/include/custom_interface/custom_interface/srv/detail
-- Installing: /home/michael/robo_ai_turku_2025/lab_1/ros2_ws/install/custom_interface/include/custom_interface/custom_interface/srv/detail/calculate_distance__builder.hpp
-- Installing: /home/michael/robo_ai_turku_2025/lab_1/ros2_ws/install/custom_interface/include/custom_interface/custom_interface/srv/detail/calculate_distance__type_support.hpp
-- Installing: /home/michael/robo_ai_turku_2025/lab_1/ros2_ws/install/custom_interface/include/custom_interface/custom_interface/srv/detail/calculate_distance__struct.hpp
-- Installing: /home/michael/robo_ai_turku_2025/lab_1/ros2_ws/install/custom_interface/include/custom_interface/custom_interface/srv/detail/calculate_distance__traits.hpp
-- Installing: /home/michael/robo_ai_turku_2025/lab_1/ros2_ws/install/custom_interface/include/custom_interface/custom_interface/srv/calculate_distance.hpp
-- Up-to-date: /home/michael/robo_ai_turku_2025/lab_1/ros2_ws/install/custom_interface/include/custom_interface/custom_interface/msg
-- Up-to-date: /home/michael/robo_ai_turku_2025/lab_1/ros2_ws/install/custom_interface/include/custom_interface/custom_interface/msg/detail
-- Installing: /home/michael/robo_ai_turku_2025/lab_1/ros2_ws/install/custom_interface/include/custom_interface/custom_interface/msg/detail/person__type_support.hpp
-- Installing: /home/michael/robo_ai_turku_2025/lab_1/ros2_ws/install/custom_interface/include/custom_interface/custom_interface/msg/detail/person__struct.hpp
-- Installing: /home/michael/robo_ai_turku_2025/lab_1/ros2_ws/install/custom_interface/include/custom_interface/custom_interface/msg/detail/person__traits.hpp
-- Installing: /home/michael/robo_ai_turku_2025/lab_1/ros2_ws/install/custom_interface/include/custom_interface/custom_interface/msg/detail/person__builder.hpp
-- Up-to-date: /home/michael/robo_ai_turku_2025/lab_1/ros2_ws/install/custom_interface/include/custom_interface/custom_interface/msg/rosidl_generator_cpp__visibility_control.hpp
-- Installing: /home/michael/robo_ai_turku_2025/lab_1/ros2_ws/install/custom_interface/include/custom_interface/custom_interface/msg/person.hpp
-- Up-to-date: /home/michael/robo_ai_turku_2025/lab_1/ros2_ws/install/custom_interface/include/custom_interface/custom_interface
-- Up-to-date: /home/michael/robo_ai_turku_2025/lab_1/ros2_ws/install/custom_interface/include/custom_interface/custom_interface/action
-- Up-to-date: /home/michael/robo_ai_turku_2025/lab_1/ros2_ws/install/custom_interface/include/custom_interface/custom_interface/action/detail
-- Installing: /home/michael/robo_ai_turku_2025/lab_1/ros2_ws/install/custom_interface/include/custom_interface/custom_interface/action/detail/dds_fastrtps
-- Installing: /home/michael/robo_ai_turku_2025/lab_1/ros2_ws/install/custom_interface/include/custom_interface/custom_interface/action/detail/countdown__rosidl_typesupport_fastrtps_cpp.hpp
-- Up-to-date: /home/michael/robo_ai_turku_2025/lab_1/ros2_ws/install/custom_interface/include/custom_interface/custom_interface/srv
-- Up-to-date: /home/michael/robo_ai_turku_2025/lab_1/ros2_ws/install/custom_interface/include/custom_interface/custom_interface/srv/detail
-- Installing: /home/michael/robo_ai_turku_2025/lab_1/ros2_ws/install/custom_interface/include/custom_interface/custom_interface/srv/detail/calculate_distance__rosidl_typesupport_fastrtps_cpp.hpp
-- Up-to-date: /home/michael/robo_ai_turku_2025/lab_1/ros2_ws/install/custom_interface/include/custom_interface/custom_interface/srv/detail/dds_fastrtps
-- Up-to-date: /home/michael/robo_ai_turku_2025/lab_1/ros2_ws/install/custom_interface/include/custom_interface/custom_interface/msg
-- Up-to-date: /home/michael/robo_ai_turku_2025/lab_1/ros2_ws/install/custom_interface/include/custom_interface/custom_interface/msg/detail
-- Installing: /home/michael/robo_ai_turku_2025/lab_1/ros2_ws/install/custom_interface/include/custom_interface/custom_interface/msg/detail/person__rosidl_typesupport_fastrtps_cpp.hpp
-- Up-to-date: /home/michael/robo_ai_turku_2025/lab_1/ros2_ws/install/custom_interface/include/custom_interface/custom_interface/msg/detail/dds_fastrtps
-- Up-to-date: /home/michael/robo_ai_turku_2025/lab_1/ros2_ws/install/custom_interface/include/custom_interface/custom_interface/msg/rosidl_typesupport_fastrtps_cpp__visibility_control.h
-- Installing: /home/michael/robo_ai_turku_2025/lab_1/ros2_ws/install/custom_interface/lib/libcustom_interface__rosidl_typesupport_fastrtps_cpp.so
-- Set runtime path of "/home/michael/robo_ai_turku_2025/lab_1/ros2_ws/install/custom_interface/lib/libcustom_interface__rosidl_typesupport_fastrtps_cpp.so" to ""
-- Up-to-date: /home/michael/robo_ai_turku_2025/lab_1/ros2_ws/install/custom_interface/include/custom_interface/custom_interface
-- Up-to-date: /home/michael/robo_ai_turku_2025/lab_1/ros2_ws/install/custom_interface/include/custom_interface/custom_interface/action
-- Up-to-date: /home/michael/robo_ai_turku_2025/lab_1/ros2_ws/install/custom_interface/include/custom_interface/custom_interface/action/detail
-- Installing: /home/michael/robo_ai_turku_2025/lab_1/ros2_ws/install/custom_interface/include/custom_interface/custom_interface/action/detail/countdown__type_support.c
-- Installing: /home/michael/robo_ai_turku_2025/lab_1/ros2_ws/install/custom_interface/include/custom_interface/custom_interface/action/detail/countdown__rosidl_typesupport_introspection_c.h
-- Up-to-date: /home/michael/robo_ai_turku_2025/lab_1/ros2_ws/install/custom_interface/include/custom_interface/custom_interface/srv
-- Up-to-date: /home/michael/robo_ai_turku_2025/lab_1/ros2_ws/install/custom_interface/include/custom_interface/custom_interface/srv/detail
-- Installing: /home/michael/robo_ai_turku_2025/lab_1/ros2_ws/install/custom_interface/include/custom_interface/custom_interface/srv/detail/calculate_distance__type_support.c
-- Installing: /home/michael/robo_ai_turku_2025/lab_1/ros2_ws/install/custom_interface/include/custom_interface/custom_interface/srv/detail/calculate_distance__rosidl_typesupport_introspection_c.h
-- Up-to-date: /home/michael/robo_ai_turku_2025/lab_1/ros2_ws/install/custom_interface/include/custom_interface/custom_interface/msg
-- Up-to-date: /home/michael/robo_ai_turku_2025/lab_1/ros2_ws/install/custom_interface/include/custom_interface/custom_interface/msg/rosidl_typesupport_introspection_c__visibility_control.h
-- Up-to-date: /home/michael/robo_ai_turku_2025/lab_1/ros2_ws/install/custom_interface/include/custom_interface/custom_interface/msg/detail
-- Installing: /home/michael/robo_ai_turku_2025/lab_1/ros2_ws/install/custom_interface/include/custom_interface/custom_interface/msg/detail/person__rosidl_typesupport_introspection_c.h
-- Installing: /home/michael/robo_ai_turku_2025/lab_1/ros2_ws/install/custom_interface/include/custom_interface/custom_interface/msg/detail/person__type_support.c
-- Installing: /home/michael/robo_ai_turku_2025/lab_1/ros2_ws/install/custom_interface/lib/libcustom_interface__rosidl_typesupport_introspection_c.so
-- Set runtime path of "/home/michael/robo_ai_turku_2025/lab_1/ros2_ws/install/custom_interface/lib/libcustom_interface__rosidl_typesupport_introspection_c.so" to ""
-- Installing: /home/michael/robo_ai_turku_2025/lab_1/ros2_ws/install/custom_interface/lib/libcustom_interface__rosidl_typesupport_c.so
-- Set runtime path of "/home/michael/robo_ai_turku_2025/lab_1/ros2_ws/install/custom_interface/lib/libcustom_interface__rosidl_typesupport_c.so" to ""
-- Up-to-date: /home/michael/robo_ai_turku_2025/lab_1/ros2_ws/install/custom_interface/include/custom_interface/custom_interface
-- Up-to-date: /home/michael/robo_ai_turku_2025/lab_1/ros2_ws/install/custom_interface/include/custom_interface/custom_interface/action
-- Up-to-date: /home/michael/robo_ai_turku_2025/lab_1/ros2_ws/install/custom_interface/include/custom_interface/custom_interface/action/detail
-- Installing: /home/michael/robo_ai_turku_2025/lab_1/ros2_ws/install/custom_interface/include/custom_interface/custom_interface/action/detail/countdown__type_support.cpp
-- Installing: /home/michael/robo_ai_turku_2025/lab_1/ros2_ws/install/custom_interface/include/custom_interface/custom_interface/action/detail/countdown__rosidl_typesupport_introspection_cpp.hpp
-- Up-to-date: /home/michael/robo_ai_turku_2025/lab_1/ros2_ws/install/custom_interface/include/custom_interface/custom_interface/srv
-- Up-to-date: /home/michael/robo_ai_turku_2025/lab_1/ros2_ws/install/custom_interface/include/custom_interface/custom_interface/srv/detail
-- Installing: /home/michael/robo_ai_turku_2025/lab_1/ros2_ws/install/custom_interface/include/custom_interface/custom_interface/srv/detail/calculate_distance__rosidl_typesupport_introspection_cpp.hpp
-- Installing: /home/michael/robo_ai_turku_2025/lab_1/ros2_ws/install/custom_interface/include/custom_interface/custom_interface/srv/detail/calculate_distance__type_support.cpp
-- Up-to-date: /home/michael/robo_ai_turku_2025/lab_1/ros2_ws/install/custom_interface/include/custom_interface/custom_interface/msg
-- Up-to-date: /home/michael/robo_ai_turku_2025/lab_1/ros2_ws/install/custom_interface/include/custom_interface/custom_interface/msg/detail
-- Installing: /home/michael/robo_ai_turku_2025/lab_1/ros2_ws/install/custom_interface/include/custom_interface/custom_interface/msg/detail/person__type_support.cpp
-- Installing: /home/michael/robo_ai_turku_2025/lab_1/ros2_ws/install/custom_interface/include/custom_interface/custom_interface/msg/detail/person__rosidl_typesupport_introspection_cpp.hpp
-- Installing: /home/michael/robo_ai_turku_2025/lab_1/ros2_ws/install/custom_interface/lib/libcustom_interface__rosidl_typesupport_introspection_cpp.so
-- Set runtime path of "/home/michael/robo_ai_turku_2025/lab_1/ros2_ws/install/custom_interface/lib/libcustom_interface__rosidl_typesupport_introspection_cpp.so" to ""
-- Installing: /home/michael/robo_ai_turku_2025/lab_1/ros2_ws/install/custom_interface/lib/libcustom_interface__rosidl_typesupport_cpp.so
-- Set runtime path of "/home/michael/robo_ai_turku_2025/lab_1/ros2_ws/install/custom_interface/lib/libcustom_interface__rosidl_typesupport_cpp.so" to ""
-- Up-to-date: /home/michael/robo_ai_turku_2025/lab_1/ros2_ws/install/custom_interface/share/custom_interface/environment/pythonpath.sh
-- Installing: /home/michael/robo_ai_turku_2025/lab_1/ros2_ws/install/custom_interface/share/custom_interface/environment/pythonpath.dsv
-- Up-to-date: /home/michael/robo_ai_turku_2025/lab_1/ros2_ws/install/custom_interface/local/lib/python3.10/dist-packages/custom_interface-0.0.0-py3.10.egg-info
-- Installing: /home/michael/robo_ai_turku_2025/lab_1/ros2_ws/install/custom_interface/local/lib/python3.10/dist-packages/custom_interface-0.0.0-py3.10.egg-info/SOURCES.txt
-- Installing: /home/michael/robo_ai_turku_2025/lab_1/ros2_ws/install/custom_interface/local/lib/python3.10/dist-packages/custom_interface-0.0.0-py3.10.egg-info/top_level.txt
-- Installing: /home/michael/robo_ai_turku_2025/lab_1/ros2_ws/install/custom_interface/local/lib/python3.10/dist-packages/custom_interface-0.0.0-py3.10.egg-info/PKG-INFO
-- Installing: /home/michael/robo_ai_turku_2025/lab_1/ros2_ws/install/custom_interface/local/lib/python3.10/dist-packages/custom_interface-0.0.0-py3.10.egg-info/dependency_links.txt
-- Up-to-date: /home/michael/robo_ai_turku_2025/lab_1/ros2_ws/install/custom_interface/local/lib/python3.10/dist-packages/custom_interface
-- Installing: /home/michael/robo_ai_turku_2025/lab_1/ros2_ws/install/custom_interface/local/lib/python3.10/dist-packages/custom_interface/custom_interface_s__rosidl_typesupport_introspection_c.cpython-310-aarch64-linux-gnu.so
-- Installing: /home/michael/robo_ai_turku_2025/lab_1/ros2_ws/install/custom_interface/local/lib/python3.10/dist-packages/custom_interface/libcustom_interface__rosidl_generator_py.so
-- Installing: /home/michael/robo_ai_turku_2025/lab_1/ros2_ws/install/custom_interface/local/lib/python3.10/dist-packages/custom_interface/_custom_interface_s.ep.rosidl_typesupport_c.c
-- Installing: /home/michael/robo_ai_turku_2025/lab_1/ros2_ws/install/custom_interface/local/lib/python3.10/dist-packages/custom_interface/action
-- Installing: /home/michael/robo_ai_turku_2025/lab_1/ros2_ws/install/custom_interface/local/lib/python3.10/dist-packages/custom_interface/action/_countdown.py
-- Installing: /home/michael/robo_ai_turku_2025/lab_1/ros2_ws/install/custom_interface/local/lib/python3.10/dist-packages/custom_interface/action/_countdown_s.c
-- Installing: /home/michael/robo_ai_turku_2025/lab_1/ros2_ws/install/custom_interface/local/lib/python3.10/dist-packages/custom_interface/action/__init__.py
-- Installing: /home/michael/robo_ai_turku_2025/lab_1/ros2_ws/install/custom_interface/local/lib/python3.10/dist-packages/custom_interface/_custom_interface_s.ep.rosidl_typesupport_introspection_c.c
-- Installing: /home/michael/robo_ai_turku_2025/lab_1/ros2_ws/install/custom_interface/local/lib/python3.10/dist-packages/custom_interface/custom_interface_s__rosidl_typesupport_fastrtps_c.cpython-310-aarch64-linux-gnu.so
-- Up-to-date: /home/michael/robo_ai_turku_2025/lab_1/ros2_ws/install/custom_interface/local/lib/python3.10/dist-packages/custom_interface/srv
-- Installing: /home/michael/robo_ai_turku_2025/lab_1/ros2_ws/install/custom_interface/local/lib/python3.10/dist-packages/custom_interface/srv/_calculate_distance.py
-- Installing: /home/michael/robo_ai_turku_2025/lab_1/ros2_ws/install/custom_interface/local/lib/python3.10/dist-packages/custom_interface/srv/__init__.py
-- Installing: /home/michael/robo_ai_turku_2025/lab_1/ros2_ws/install/custom_interface/local/lib/python3.10/dist-packages/custom_interface/srv/_calculate_distance_s.c
-- Up-to-date: /home/michael/robo_ai_turku_2025/lab_1/ros2_ws/install/custom_interface/local/lib/python3.10/dist-packages/custom_interface/msg
-- Installing: /home/michael/robo_ai_turku_2025/lab_1/ros2_ws/install/custom_interface/local/lib/python3.10/dist-packages/custom_interface/msg/_person.py
-- Installing: /home/michael/robo_ai_turku_2025/lab_1/ros2_ws/install/custom_interface/local/lib/python3.10/dist-packages/custom_interface/msg/__init__.py
-- Installing: /home/michael/robo_ai_turku_2025/lab_1/ros2_ws/install/custom_interface/local/lib/python3.10/dist-packages/custom_interface/msg/_person_s.c
-- Installing: /home/michael/robo_ai_turku_2025/lab_1/ros2_ws/install/custom_interface/local/lib/python3.10/dist-packages/custom_interface/__init__.py
-- Installing: /home/michael/robo_ai_turku_2025/lab_1/ros2_ws/install/custom_interface/local/lib/python3.10/dist-packages/custom_interface/_custom_interface_s.ep.rosidl_typesupport_fastrtps_c.c
-- Installing: /home/michael/robo_ai_turku_2025/lab_1/ros2_ws/install/custom_interface/local/lib/python3.10/dist-packages/custom_interface/custom_interface_s__rosidl_typesupport_c.cpython-310-aarch64-linux-gnu.so
Listing '/home/michael/robo_ai_turku_2025/lab_1/ros2_ws/install/custom_interface/local/lib/python3.10/dist-packages/custom_interface'...
Compiling '/home/michael/robo_ai_turku_2025/lab_1/ros2_ws/install/custom_interface/local/lib/python3.10/dist-packages/custom_interface/__init__.py'...
Listing '/home/michael/robo_ai_turku_2025/lab_1/ros2_ws/install/custom_interface/local/lib/python3.10/dist-packages/custom_interface/action'...
Compiling '/home/michael/robo_ai_turku_2025/lab_1/ros2_ws/install/custom_interface/local/lib/python3.10/dist-packages/custom_interface/action/__init__.py'...
Compiling '/home/michael/robo_ai_turku_2025/lab_1/ros2_ws/install/custom_interface/local/lib/python3.10/dist-packages/custom_interface/action/_countdown.py'...
Listing '/home/michael/robo_ai_turku_2025/lab_1/ros2_ws/install/custom_interface/local/lib/python3.10/dist-packages/custom_interface/msg'...
Compiling '/home/michael/robo_ai_turku_2025/lab_1/ros2_ws/install/custom_interface/local/lib/python3.10/dist-packages/custom_interface/msg/__init__.py'...
Compiling '/home/michael/robo_ai_turku_2025/lab_1/ros2_ws/install/custom_interface/local/lib/python3.10/dist-packages/custom_interface/msg/_person.py'...
Listing '/home/michael/robo_ai_turku_2025/lab_1/ros2_ws/install/custom_interface/local/lib/python3.10/dist-packages/custom_interface/srv'...
Compiling '/home/michael/robo_ai_turku_2025/lab_1/ros2_ws/install/custom_interface/local/lib/python3.10/dist-packages/custom_interface/srv/__init__.py'...
Compiling '/home/michael/robo_ai_turku_2025/lab_1/ros2_ws/install/custom_interface/local/lib/python3.10/dist-packages/custom_interface/srv/_calculate_distance.py'...
-- Installing: /home/michael/robo_ai_turku_2025/lab_1/ros2_ws/install/custom_interface/local/lib/python3.10/dist-packages/custom_interface/custom_interface_s__rosidl_typesupport_fastrtps_c.cpython-310-aarch64-linux-gnu.so
-- Set runtime path of "/home/michael/robo_ai_turku_2025/lab_1/ros2_ws/install/custom_interface/local/lib/python3.10/dist-packages/custom_interface/custom_interface_s__rosidl_typesupport_fastrtps_c.cpython-310-aarch64-linux-gnu.so" to ""
-- Installing: /home/michael/robo_ai_turku_2025/lab_1/ros2_ws/install/custom_interface/local/lib/python3.10/dist-packages/custom_interface/custom_interface_s__rosidl_typesupport_introspection_c.cpython-310-aarch64-linux-gnu.so
-- Set runtime path of "/home/michael/robo_ai_turku_2025/lab_1/ros2_ws/install/custom_interface/local/lib/python3.10/dist-packages/custom_interface/custom_interface_s__rosidl_typesupport_introspection_c.cpython-310-aarch64-linux-gnu.so" to ""
-- Installing: /home/michael/robo_ai_turku_2025/lab_1/ros2_ws/install/custom_interface/local/lib/python3.10/dist-packages/custom_interface/custom_interface_s__rosidl_typesupport_c.cpython-310-aarch64-linux-gnu.so
-- Set runtime path of "/home/michael/robo_ai_turku_2025/lab_1/ros2_ws/install/custom_interface/local/lib/python3.10/dist-packages/custom_interface/custom_interface_s__rosidl_typesupport_c.cpython-310-aarch64-linux-gnu.so" to ""
-- Installing: /home/michael/robo_ai_turku_2025/lab_1/ros2_ws/install/custom_interface/lib/libcustom_interface__rosidl_generator_py.so
-- Set runtime path of "/home/michael/robo_ai_turku_2025/lab_1/ros2_ws/install/custom_interface/lib/libcustom_interface__rosidl_generator_py.so" to ""
-- Up-to-date: /home/michael/robo_ai_turku_2025/lab_1/ros2_ws/install/custom_interface/share/custom_interface/msg/Person.idl
-- Up-to-date: /home/michael/robo_ai_turku_2025/lab_1/ros2_ws/install/custom_interface/share/custom_interface/srv/CalculateDistance.idl
-- Installing: /home/michael/robo_ai_turku_2025/lab_1/ros2_ws/install/custom_interface/share/custom_interface/action/Countdown.idl
-- Installing: /home/michael/robo_ai_turku_2025/lab_1/ros2_ws/install/custom_interface/share/custom_interface/msg/Person.msg
-- Up-to-date: /home/michael/robo_ai_turku_2025/lab_1/ros2_ws/install/custom_interface/share/custom_interface/srv/CalculateDistance.srv
-- Up-to-date: /home/michael/robo_ai_turku_2025/lab_1/ros2_ws/install/custom_interface/share/custom_interface/srv/CalculateDistance_Request.msg
-- Up-to-date: /home/michael/robo_ai_turku_2025/lab_1/ros2_ws/install/custom_interface/share/custom_interface/srv/CalculateDistance_Response.msg
-- Installing: /home/michael/robo_ai_turku_2025/lab_1/ros2_ws/install/custom_interface/share/custom_interface/action/Countdown.action
-- Installing: /home/michael/robo_ai_turku_2025/lab_1/ros2_ws/install/custom_interface/share/ament_index/resource_index/package_run_dependencies/custom_interface
-- Installing: /home/michael/robo_ai_turku_2025/lab_1/ros2_ws/install/custom_interface/share/ament_index/resource_index/parent_prefix_path/custom_interface
-- Up-to-date: /home/michael/robo_ai_turku_2025/lab_1/ros2_ws/install/custom_interface/share/custom_interface/environment/ament_prefix_path.sh
-- Installing: /home/michael/robo_ai_turku_2025/lab_1/ros2_ws/install/custom_interface/share/custom_interface/environment/ament_prefix_path.dsv
-- Up-to-date: /home/michael/robo_ai_turku_2025/lab_1/ros2_ws/install/custom_interface/share/custom_interface/environment/path.sh
-- Installing: /home/michael/robo_ai_turku_2025/lab_1/ros2_ws/install/custom_interface/share/custom_interface/environment/path.dsv
-- Up-to-date: /home/michael/robo_ai_turku_2025/lab_1/ros2_ws/install/custom_interface/share/custom_interface/local_setup.bash
-- Up-to-date: /home/michael/robo_ai_turku_2025/lab_1/ros2_ws/install/custom_interface/share/custom_interface/local_setup.sh
-- Up-to-date: /home/michael/robo_ai_turku_2025/lab_1/ros2_ws/install/custom_interface/share/custom_interface/local_setup.zsh
-- Installing: /home/michael/robo_ai_turku_2025/lab_1/ros2_ws/install/custom_interface/share/custom_interface/local_setup.dsv
-- Installing: /home/michael/robo_ai_turku_2025/lab_1/ros2_ws/install/custom_interface/share/custom_interface/package.dsv
-- Up-to-date: /home/michael/robo_ai_turku_2025/lab_1/ros2_ws/install/custom_interface/share/ament_index/resource_index/packages/custom_interface
-- Old export file "/home/michael/robo_ai_turku_2025/lab_1/ros2_ws/install/custom_interface/share/custom_interface/cmake/export_custom_interface__rosidl_generator_cExport.cmake" will be replaced.  Removing files [/home/michael/robo_ai_turku_2025/lab_1/ros2_ws/install/custom_interface/share/custom_interface/cmake/export_custom_interface__rosidl_generator_cExport-noconfig.cmake].
-- Installing: /home/michael/robo_ai_turku_2025/lab_1/ros2_ws/install/custom_interface/share/custom_interface/cmake/export_custom_interface__rosidl_generator_cExport.cmake
-- Installing: /home/michael/robo_ai_turku_2025/lab_1/ros2_ws/install/custom_interface/share/custom_interface/cmake/export_custom_interface__rosidl_generator_cExport-noconfig.cmake
-- Old export file "/home/michael/robo_ai_turku_2025/lab_1/ros2_ws/install/custom_interface/share/custom_interface/cmake/export_custom_interface__rosidl_typesupport_fastrtps_cExport.cmake" will be replaced.  Removing files [/home/michael/robo_ai_turku_2025/lab_1/ros2_ws/install/custom_interface/share/custom_interface/cmake/export_custom_interface__rosidl_typesupport_fastrtps_cExport-noconfig.cmake].
-- Installing: /home/michael/robo_ai_turku_2025/lab_1/ros2_ws/install/custom_interface/share/custom_interface/cmake/export_custom_interface__rosidl_typesupport_fastrtps_cExport.cmake
-- Installing: /home/michael/robo_ai_turku_2025/lab_1/ros2_ws/install/custom_interface/share/custom_interface/cmake/export_custom_interface__rosidl_typesupport_fastrtps_cExport-noconfig.cmake
-- Installing: /home/michael/robo_ai_turku_2025/lab_1/ros2_ws/install/custom_interface/share/custom_interface/cmake/export_custom_interface__rosidl_generator_cppExport.cmake
-- Old export file "/home/michael/robo_ai_turku_2025/lab_1/ros2_ws/install/custom_interface/share/custom_interface/cmake/export_custom_interface__rosidl_typesupport_fastrtps_cppExport.cmake" will be replaced.  Removing files [/home/michael/robo_ai_turku_2025/lab_1/ros2_ws/install/custom_interface/share/custom_interface/cmake/export_custom_interface__rosidl_typesupport_fastrtps_cppExport-noconfig.cmake].
-- Installing: /home/michael/robo_ai_turku_2025/lab_1/ros2_ws/install/custom_interface/share/custom_interface/cmake/export_custom_interface__rosidl_typesupport_fastrtps_cppExport.cmake
-- Installing: /home/michael/robo_ai_turku_2025/lab_1/ros2_ws/install/custom_interface/share/custom_interface/cmake/export_custom_interface__rosidl_typesupport_fastrtps_cppExport-noconfig.cmake
-- Old export file "/home/michael/robo_ai_turku_2025/lab_1/ros2_ws/install/custom_interface/share/custom_interface/cmake/custom_interface__rosidl_typesupport_introspection_cExport.cmake" will be replaced.  Removing files [/home/michael/robo_ai_turku_2025/lab_1/ros2_ws/install/custom_interface/share/custom_interface/cmake/custom_interface__rosidl_typesupport_introspection_cExport-noconfig.cmake].
-- Installing: /home/michael/robo_ai_turku_2025/lab_1/ros2_ws/install/custom_interface/share/custom_interface/cmake/custom_interface__rosidl_typesupport_introspection_cExport.cmake
-- Installing: /home/michael/robo_ai_turku_2025/lab_1/ros2_ws/install/custom_interface/share/custom_interface/cmake/custom_interface__rosidl_typesupport_introspection_cExport-noconfig.cmake
-- Old export file "/home/michael/robo_ai_turku_2025/lab_1/ros2_ws/install/custom_interface/share/custom_interface/cmake/custom_interface__rosidl_typesupport_cExport.cmake" will be replaced.  Removing files [/home/michael/robo_ai_turku_2025/lab_1/ros2_ws/install/custom_interface/share/custom_interface/cmake/custom_interface__rosidl_typesupport_cExport-noconfig.cmake].
-- Installing: /home/michael/robo_ai_turku_2025/lab_1/ros2_ws/install/custom_interface/share/custom_interface/cmake/custom_interface__rosidl_typesupport_cExport.cmake
-- Installing: /home/michael/robo_ai_turku_2025/lab_1/ros2_ws/install/custom_interface/share/custom_interface/cmake/custom_interface__rosidl_typesupport_cExport-noconfig.cmake
-- Old export file "/home/michael/robo_ai_turku_2025/lab_1/ros2_ws/install/custom_interface/share/custom_interface/cmake/custom_interface__rosidl_typesupport_introspection_cppExport.cmake" will be replaced.  Removing files [/home/michael/robo_ai_turku_2025/lab_1/ros2_ws/install/custom_interface/share/custom_interface/cmake/custom_interface__rosidl_typesupport_introspection_cppExport-noconfig.cmake].
-- Installing: /home/michael/robo_ai_turku_2025/lab_1/ros2_ws/install/custom_interface/share/custom_interface/cmake/custom_interface__rosidl_typesupport_introspection_cppExport.cmake
-- Installing: /home/michael/robo_ai_turku_2025/lab_1/ros2_ws/install/custom_interface/share/custom_interface/cmake/custom_interface__rosidl_typesupport_introspection_cppExport-noconfig.cmake
-- Old export file "/home/michael/robo_ai_turku_2025/lab_1/ros2_ws/install/custom_interface/share/custom_interface/cmake/custom_interface__rosidl_typesupport_cppExport.cmake" will be replaced.  Removing files [/home/michael/robo_ai_turku_2025/lab_1/ros2_ws/install/custom_interface/share/custom_interface/cmake/custom_interface__rosidl_typesupport_cppExport-noconfig.cmake].
-- Installing: /home/michael/robo_ai_turku_2025/lab_1/ros2_ws/install/custom_interface/share/custom_interface/cmake/custom_interface__rosidl_typesupport_cppExport.cmake
-- Installing: /home/michael/robo_ai_turku_2025/lab_1/ros2_ws/install/custom_interface/share/custom_interface/cmake/custom_interface__rosidl_typesupport_cppExport-noconfig.cmake
-- Old export file "/home/michael/robo_ai_turku_2025/lab_1/ros2_ws/install/custom_interface/share/custom_interface/cmake/export_custom_interface__rosidl_generator_pyExport.cmake" will be replaced.  Removing files [/home/michael/robo_ai_turku_2025/lab_1/ros2_ws/install/custom_interface/share/custom_interface/cmake/export_custom_interface__rosidl_generator_pyExport-noconfig.cmake].
-- Installing: /home/michael/robo_ai_turku_2025/lab_1/ros2_ws/install/custom_interface/share/custom_interface/cmake/export_custom_interface__rosidl_generator_pyExport.cmake
-- Installing: /home/michael/robo_ai_turku_2025/lab_1/ros2_ws/install/custom_interface/share/custom_interface/cmake/export_custom_interface__rosidl_generator_pyExport-noconfig.cmake
-- Installing: /home/michael/robo_ai_turku_2025/lab_1/ros2_ws/install/custom_interface/share/custom_interface/cmake/rosidl_cmake-extras.cmake
-- Installing: /home/michael/robo_ai_turku_2025/lab_1/ros2_ws/install/custom_interface/share/custom_interface/cmake/ament_cmake_export_dependencies-extras.cmake
-- Up-to-date: /home/michael/robo_ai_turku_2025/lab_1/ros2_ws/install/custom_interface/share/custom_interface/cmake/ament_cmake_export_include_directories-extras.cmake
-- Up-to-date: /home/michael/robo_ai_turku_2025/lab_1/ros2_ws/install/custom_interface/share/custom_interface/cmake/ament_cmake_export_libraries-extras.cmake
-- Up-to-date: /home/michael/robo_ai_turku_2025/lab_1/ros2_ws/install/custom_interface/share/custom_interface/cmake/ament_cmake_export_targets-extras.cmake
-- Up-to-date: /home/michael/robo_ai_turku_2025/lab_1/ros2_ws/install/custom_interface/share/custom_interface/cmake/rosidl_cmake_export_typesupport_targets-extras.cmake
-- Up-to-date: /home/michael/robo_ai_turku_2025/lab_1/ros2_ws/install/custom_interface/share/custom_interface/cmake/rosidl_cmake_export_typesupport_libraries-extras.cmake
-- Up-to-date: /home/michael/robo_ai_turku_2025/lab_1/ros2_ws/install/custom_interface/share/custom_interface/cmake/custom_interfaceConfig.cmake
-- Up-to-date: /home/michael/robo_ai_turku_2025/lab_1/ros2_ws/install/custom_interface/share/custom_interface/cmake/custom_interfaceConfig-version.cmake
-- Installing: /home/michael/robo_ai_turku_2025/lab_1/ros2_ws/install/custom_interface/share/custom_interface/package.xml
