[0.008s] Invoking command in '/home/michael/robo_ai_turku_2025/lab_1/ros2_ws/build/custom_interface': CMAKE_PREFIX_PATH=${CMAKE_PREFIX_PATH}:/home/michael/robo_ai_turku_2025/lab_1/ros2_ws/install/task3:/home/michael/robo_ai_turku_2025/lab_1/ros2_ws/install/task2:/home/michael/robo_ai_turku_2025/lab_1/ros2_ws/install/task1:/home/michael/robo_ai_turku_2025/lab_1/ros2_ws/install/lap:/opt/ros/humble /usr/bin/cmake --build /home/michael/robo_ai_turku_2025/lab_1/ros2_ws/build/custom_interface -- -j3 -l3
[0.025s] -- Found ament_cmake: 1.3.12 (/opt/ros/humble/share/ament_cmake/cmake)
[0.119s] -- Found rclcpp: 16.0.14 (/opt/ros/humble/share/rclcpp/cmake)
[0.139s] -- Found rosidl_generator_c: 3.1.7 (/opt/ros/humble/share/rosidl_generator_c/cmake)
[0.141s] -- Found rosidl_adapter: 3.1.7 (/opt/ros/humble/share/rosidl_adapter/cmake)
[0.145s] -- Found rosidl_generator_cpp: 3.1.7 (/opt/ros/humble/share/rosidl_generator_cpp/cmake)
[0.151s] -- Using all available rosidl_typesupport_c: rosidl_typesupport_fastrtps_c;rosidl_typesupport_introspection_c
[0.160s] -- Using all available rosidl_typesupport_cpp: rosidl_typesupport_fastrtps_cpp;rosidl_typesupport_introspection_cpp
[0.183s] -- Found rmw_implementation_cmake: 6.1.2 (/opt/ros/humble/share/rmw_implementation_cmake/cmake)
[0.184s] -- Found rmw_fastrtps_cpp: 6.2.8 (/opt/ros/humble/share/rmw_fastrtps_cpp/cmake)
[0.254s] -- Using RMW implementation 'rmw_fastrtps_cpp' as default
[0.293s] -- Found rosidl_default_generators: 1.2.0 (/opt/ros/humble/share/rosidl_default_generators/cmake)
[0.297s] -- Found geometry_msgs: 4.9.0 (/opt/ros/humble/share/geometry_msgs/cmake)
[0.307s] -- Found action_msgs: 1.2.2 (/opt/ros/humble/share/action_msgs/cmake)
[0.556s] -- Found ament_cmake_ros: 0.10.0 (/opt/ros/humble/share/ament_cmake_ros/cmake)
[0.877s] -- Using all available rosidl_typesupport_c: rosidl_typesupport_fastrtps_c;rosidl_typesupport_introspection_c
[1.002s] -- Using all available rosidl_typesupport_cpp: rosidl_typesupport_fastrtps_cpp;rosidl_typesupport_introspection_cpp
[1.019s] -- Found python_cmake_module: 0.10.0 (/opt/ros/humble/share/python_cmake_module/cmake)
[1.036s] -- Using PYTHON_EXECUTABLE: /usr/bin/python3
[1.036s] -- Using PYTHON_INCLUDE_DIRS: /usr/include/python3.10
[1.036s] -- Using PYTHON_LIBRARIES: /usr/lib/aarch64-linux-gnu/libpython3.10.so
[1.071s] -- Found ament_lint_auto: 0.12.14 (/opt/ros/humble/share/ament_lint_auto/cmake)
[1.077s] -- Added test 'lint_cmake' to check CMake code style
[1.078s] -- Added test 'xmllint' to check XML markup files
[1.079s] -- Configuring done
[1.109s] -- Generating done
[1.119s] -- Build files have been written to: /home/michael/robo_ai_turku_2025/lab_1/ros2_ws/build/custom_interface
[1.138s] [35m[1mConsolidate compiler generated dependencies of target custom_interface__rosidl_generator_c[0m
[1.142s] [  2%] Built target custom_interface__cpp
[1.150s] [35m[1mConsolidate compiler generated dependencies of target custom_interface__rosidl_typesupport_cpp[0m
[1.151s] [  2%] Built target ament_cmake_python_copy_custom_interface
[1.156s] [  4%] [32mBuilding C object CMakeFiles/custom_interface__rosidl_generator_c.dir/rosidl_generator_c/custom_interface/msg/detail/person__functions.c.o[0m
[1.159s] [  6%] [32mBuilding CXX object CMakeFiles/custom_interface__rosidl_typesupport_cpp.dir/rosidl_typesupport_cpp/custom_interface/msg/person__type_support.cpp.o[0m
[1.159s] [35m[1mConsolidate compiler generated dependencies of target custom_interface__rosidl_typesupport_fastrtps_cpp[0m
[1.169s] [  8%] [32mBuilding CXX object CMakeFiles/custom_interface__rosidl_typesupport_fastrtps_cpp.dir/rosidl_typesupport_fastrtps_cpp/custom_interface/msg/detail/dds_fastrtps/person__type_support.cpp.o[0m
[1.197s] [ 10%] [32mBuilding C object CMakeFiles/custom_interface__rosidl_generator_c.dir/rosidl_generator_c/custom_interface/srv/detail/calculate_distance__functions.c.o[0m
[1.242s] [ 12%] [32mBuilding C object CMakeFiles/custom_interface__rosidl_generator_c.dir/rosidl_generator_c/custom_interface/action/detail/countdown__functions.c.o[0m
[1.332s] [ 14%] [32m[1mLinking C shared library libcustom_interface__rosidl_generator_c.so[0m
[1.346s] [ 17%] [32mBuilding CXX object CMakeFiles/custom_interface__rosidl_typesupport_cpp.dir/rosidl_typesupport_cpp/custom_interface/srv/calculate_distance__type_support.cpp.o[0m
[1.359s] [ 19%] Built target custom_interface__rosidl_generator_c
[1.366s] [ 21%] [34m[1mGenerating C++ introspection for ROS interfaces[0m
[1.438s] [ 23%] [32mBuilding CXX object CMakeFiles/custom_interface__rosidl_typesupport_fastrtps_cpp.dir/rosidl_typesupport_fastrtps_cpp/custom_interface/srv/detail/dds_fastrtps/calculate_distance__type_support.cpp.o[0m
[1.525s] [ 25%] [32mBuilding CXX object CMakeFiles/custom_interface__rosidl_typesupport_cpp.dir/rosidl_typesupport_cpp/custom_interface/action/countdown__type_support.cpp.o[0m
[1.706s] [35m[1mConsolidate compiler generated dependencies of target custom_interface__rosidl_typesupport_introspection_cpp[0m
[1.713s] [ 27%] [32mBuilding CXX object CMakeFiles/custom_interface__rosidl_typesupport_fastrtps_cpp.dir/rosidl_typesupport_fastrtps_cpp/custom_interface/action/detail/dds_fastrtps/countdown__type_support.cpp.o[0m
[1.715s] [ 29%] [32mBuilding CXX object CMakeFiles/custom_interface__rosidl_typesupport_introspection_cpp.dir/rosidl_typesupport_introspection_cpp/custom_interface/msg/detail/person__type_support.cpp.o[0m
[1.835s] [ 31%] [32m[1mLinking CXX shared library libcustom_interface__rosidl_typesupport_cpp.so[0m
[1.866s] [ 34%] Built target custom_interface__rosidl_typesupport_cpp
[1.973s] [ 36%] [32mBuilding CXX object CMakeFiles/custom_interface__rosidl_typesupport_introspection_cpp.dir/rosidl_typesupport_introspection_cpp/custom_interface/srv/detail/calculate_distance__type_support.cpp.o[0m
[2.022s] running egg_info
[2.023s] writing custom_interface.egg-info/PKG-INFO
[2.024s] writing dependency_links to custom_interface.egg-info/dependency_links.txt
[2.024s] writing top-level names to custom_interface.egg-info/top_level.txt
[2.026s] reading manifest file 'custom_interface.egg-info/SOURCES.txt'
[2.027s] writing manifest file 'custom_interface.egg-info/SOURCES.txt'
[2.049s] [ 36%] Built target ament_cmake_python_build_custom_interface_egg
[2.055s] [ 38%] [34m[1mGenerating C type support for eProsima Fast-RTPS[0m
[2.093s] [ 40%] [32m[1mLinking CXX shared library libcustom_interface__rosidl_typesupport_fastrtps_cpp.so[0m
[2.142s] [ 42%] Built target custom_interface__rosidl_typesupport_fastrtps_cpp
[2.148s] [ 44%] [34m[1mGenerating C introspection for ROS interfaces[0m
[2.229s] [ 46%] [32mBuilding CXX object CMakeFiles/custom_interface__rosidl_typesupport_introspection_cpp.dir/rosidl_typesupport_introspection_cpp/custom_interface/action/detail/countdown__type_support.cpp.o[0m
[2.423s] [35m[1mConsolidate compiler generated dependencies of target custom_interface__rosidl_typesupport_fastrtps_c[0m
[2.439s] [ 48%] [32mBuilding CXX object CMakeFiles/custom_interface__rosidl_typesupport_fastrtps_c.dir/rosidl_typesupport_fastrtps_c/custom_interface/msg/detail/person__type_support_c.cpp.o[0m
[2.497s] [35m[1mConsolidate compiler generated dependencies of target custom_interface__rosidl_typesupport_introspection_c[0m
[2.511s] [ 51%] [32mBuilding C object CMakeFiles/custom_interface__rosidl_typesupport_introspection_c.dir/rosidl_typesupport_introspection_c/custom_interface/msg/detail/person__type_support.c.o[0m
[2.541s] [ 53%] [32mBuilding C object CMakeFiles/custom_interface__rosidl_typesupport_introspection_c.dir/rosidl_typesupport_introspection_c/custom_interface/srv/detail/calculate_distance__type_support.c.o[0m
[2.569s] [ 55%] [32mBuilding C object CMakeFiles/custom_interface__rosidl_typesupport_introspection_c.dir/rosidl_typesupport_introspection_c/custom_interface/action/detail/countdown__type_support.c.o[0m
[2.605s] [ 57%] [32m[1mLinking C shared library libcustom_interface__rosidl_typesupport_introspection_c.so[0m
[2.619s] [ 59%] [32m[1mLinking CXX shared library libcustom_interface__rosidl_typesupport_introspection_cpp.so[0m
[2.633s] [ 59%] Built target custom_interface__rosidl_typesupport_introspection_c
[2.648s] [ 61%] [34m[1mGenerating C type support dispatch for ROS interfaces[0m
[2.665s] [ 63%] [32mBuilding CXX object CMakeFiles/custom_interface__rosidl_typesupport_fastrtps_c.dir/rosidl_typesupport_fastrtps_c/custom_interface/srv/detail/calculate_distance__type_support_c.cpp.o[0m
[2.680s] [ 63%] Built target custom_interface__rosidl_typesupport_introspection_cpp
[2.685s] [ 65%] [32mBuilding CXX object CMakeFiles/custom_interface__rosidl_typesupport_fastrtps_c.dir/rosidl_typesupport_fastrtps_c/custom_interface/action/detail/countdown__type_support_c.cpp.o[0m
[2.914s] [35m[1mConsolidate compiler generated dependencies of target custom_interface__rosidl_typesupport_c[0m
[2.922s] [ 68%] [32mBuilding CXX object CMakeFiles/custom_interface__rosidl_typesupport_c.dir/rosidl_typesupport_c/custom_interface/srv/calculate_distance__type_support.cpp.o[0m
[2.923s] [ 70%] [32mBuilding CXX object CMakeFiles/custom_interface__rosidl_typesupport_c.dir/rosidl_typesupport_c/custom_interface/msg/person__type_support.cpp.o[0m
[2.934s] [ 72%] [32m[1mLinking CXX shared library libcustom_interface__rosidl_typesupport_fastrtps_c.so[0m
[2.945s] [ 74%] [32mBuilding CXX object CMakeFiles/custom_interface__rosidl_typesupport_c.dir/rosidl_typesupport_c/custom_interface/action/countdown__type_support.cpp.o[0m
[2.984s] [ 76%] [32m[1mLinking CXX shared library libcustom_interface__rosidl_typesupport_c.so[0m
[2.985s] [ 76%] Built target custom_interface__rosidl_typesupport_fastrtps_c
[3.011s] [ 76%] Built target custom_interface__rosidl_typesupport_c
[3.022s] [ 76%] Built target custom_interface
[3.034s] [ 78%] [34m[1mGenerating Python code for ROS interfaces[0m
[3.743s] [ 78%] Built target custom_interface__py
[3.749s] [35m[1mConsolidate compiler generated dependencies of target custom_interface__rosidl_generator_py[0m
[3.758s] [ 82%] [32mBuilding C object CMakeFiles/custom_interface__rosidl_generator_py.dir/rosidl_generator_py/custom_interface/srv/_calculate_distance_s.c.o[0m
[3.758s] [ 85%] [32mBuilding C object CMakeFiles/custom_interface__rosidl_generator_py.dir/rosidl_generator_py/custom_interface/action/_countdown_s.c.o[0m
[3.759s] [ 85%] [32mBuilding C object CMakeFiles/custom_interface__rosidl_generator_py.dir/rosidl_generator_py/custom_interface/msg/_person_s.c.o[0m
[3.861s] [ 87%] [32m[1mLinking C shared library rosidl_generator_py/custom_interface/libcustom_interface__rosidl_generator_py.so[0m
[3.890s] [ 87%] Built target custom_interface__rosidl_generator_py
[3.897s] [35m[1mConsolidate compiler generated dependencies of target custom_interface__rosidl_typesupport_fastrtps_c__pyext[0m
[3.897s] [35m[1mConsolidate compiler generated dependencies of target custom_interface__rosidl_typesupport_introspection_c__pyext[0m
[3.897s] [35m[1mConsolidate compiler generated dependencies of target custom_interface__rosidl_typesupport_c__pyext[0m
[3.927s] [ 89%] [32mBuilding C object CMakeFiles/custom_interface__rosidl_typesupport_introspection_c__pyext.dir/rosidl_generator_py/custom_interface/_custom_interface_s.ep.rosidl_typesupport_introspection_c.c.o[0m
[3.948s] [ 91%] [32mBuilding C object CMakeFiles/custom_interface__rosidl_typesupport_c__pyext.dir/rosidl_generator_py/custom_interface/_custom_interface_s.ep.rosidl_typesupport_c.c.o[0m
[3.963s] [ 93%] [32mBuilding C object CMakeFiles/custom_interface__rosidl_typesupport_fastrtps_c__pyext.dir/rosidl_generator_py/custom_interface/_custom_interface_s.ep.rosidl_typesupport_fastrtps_c.c.o[0m
[4.025s] [ 95%] [32m[1mLinking C shared library rosidl_generator_py/custom_interface/custom_interface_s__rosidl_typesupport_introspection_c.cpython-310-aarch64-linux-gnu.so[0m
[4.046s] [ 97%] [32m[1mLinking C shared library rosidl_generator_py/custom_interface/custom_interface_s__rosidl_typesupport_c.cpython-310-aarch64-linux-gnu.so[0m
[4.072s] [ 97%] Built target custom_interface__rosidl_typesupport_introspection_c__pyext
[4.073s] [ 97%] Built target custom_interface__rosidl_typesupport_c__pyext
[4.102s] [100%] [32m[1mLinking C shared library rosidl_generator_py/custom_interface/custom_interface_s__rosidl_typesupport_fastrtps_c.cpython-310-aarch64-linux-gnu.so[0m
[4.130s] [100%] Built target custom_interface__rosidl_typesupport_fastrtps_c__pyext
[4.137s] Invoked command in '/home/michael/robo_ai_turku_2025/lab_1/ros2_ws/build/custom_interface' returned '0': CMAKE_PREFIX_PATH=${CMAKE_PREFIX_PATH}:/home/michael/robo_ai_turku_2025/lab_1/ros2_ws/install/task3:/home/michael/robo_ai_turku_2025/lab_1/ros2_ws/install/task2:/home/michael/robo_ai_turku_2025/lab_1/ros2_ws/install/task1:/home/michael/robo_ai_turku_2025/lab_1/ros2_ws/install/lap:/opt/ros/humble /usr/bin/cmake --build /home/michael/robo_ai_turku_2025/lab_1/ros2_ws/build/custom_interface -- -j3 -l3
[4.143s] Invoking command in '/home/michael/robo_ai_turku_2025/lab_1/ros2_ws/build/custom_interface': CMAKE_PREFIX_PATH=${CMAKE_PREFIX_PATH}:/home/michael/robo_ai_turku_2025/lab_1/ros2_ws/install/task3:/home/michael/robo_ai_turku_2025/lab_1/ros2_ws/install/task2:/home/michael/robo_ai_turku_2025/lab_1/ros2_ws/install/task1:/home/michael/robo_ai_turku_2025/lab_1/ros2_ws/install/lap:/opt/ros/humble /usr/bin/cmake --install /home/michael/robo_ai_turku_2025/lab_1/ros2_ws/build/custom_interface
[4.147s] -- Install configuration: ""
[4.147s] -- Installing: /home/michael/robo_ai_turku_2025/lab_1/ros2_ws/install/custom_interface/share/ament_index/resource_index/rosidl_interfaces/custom_interface
[4.148s] -- Up-to-date: /home/michael/robo_ai_turku_2025/lab_1/ros2_ws/install/custom_interface/include/custom_interface/custom_interface
[4.148s] -- Installing: /home/michael/robo_ai_turku_2025/lab_1/ros2_ws/install/custom_interface/include/custom_interface/custom_interface/action
[4.148s] -- Installing: /home/michael/robo_ai_turku_2025/lab_1/ros2_ws/install/custom_interface/include/custom_interface/custom_interface/action/countdown.h
[4.148s] -- Installing: /home/michael/robo_ai_turku_2025/lab_1/ros2_ws/install/custom_interface/include/custom_interface/custom_interface/action/detail
[4.148s] -- Installing: /home/michael/robo_ai_turku_2025/lab_1/ros2_ws/install/custom_interface/include/custom_interface/custom_interface/action/detail/countdown__functions.h
[4.148s] -- Installing: /home/michael/robo_ai_turku_2025/lab_1/ros2_ws/install/custom_interface/include/custom_interface/custom_interface/action/detail/countdown__functions.c
[4.148s] -- Installing: /home/michael/robo_ai_turku_2025/lab_1/ros2_ws/install/custom_interface/include/custom_interface/custom_interface/action/detail/countdown__struct.h
[4.148s] -- Installing: /home/michael/robo_ai_turku_2025/lab_1/ros2_ws/install/custom_interface/include/custom_interface/custom_interface/action/detail/countdown__type_support.h
[4.149s] -- Up-to-date: /home/michael/robo_ai_turku_2025/lab_1/ros2_ws/install/custom_interface/include/custom_interface/custom_interface/srv
[4.149s] -- Installing: /home/michael/robo_ai_turku_2025/lab_1/ros2_ws/install/custom_interface/include/custom_interface/custom_interface/srv/calculate_distance.h
[4.149s] -- Up-to-date: /home/michael/robo_ai_turku_2025/lab_1/ros2_ws/install/custom_interface/include/custom_interface/custom_interface/srv/detail
[4.149s] -- Installing: /home/michael/robo_ai_turku_2025/lab_1/ros2_ws/install/custom_interface/include/custom_interface/custom_interface/srv/detail/calculate_distance__type_support.h
[4.149s] -- Installing: /home/michael/robo_ai_turku_2025/lab_1/ros2_ws/install/custom_interface/include/custom_interface/custom_interface/srv/detail/calculate_distance__struct.h
[4.149s] -- Installing: /home/michael/robo_ai_turku_2025/lab_1/ros2_ws/install/custom_interface/include/custom_interface/custom_interface/srv/detail/calculate_distance__functions.c
[4.149s] -- Installing: /home/michael/robo_ai_turku_2025/lab_1/ros2_ws/install/custom_interface/include/custom_interface/custom_interface/srv/detail/calculate_distance__functions.h
[4.149s] -- Up-to-date: /home/michael/robo_ai_turku_2025/lab_1/ros2_ws/install/custom_interface/include/custom_interface/custom_interface/msg
[4.149s] -- Installing: /home/michael/robo_ai_turku_2025/lab_1/ros2_ws/install/custom_interface/include/custom_interface/custom_interface/msg/person.h
[4.149s] -- Up-to-date: /home/michael/robo_ai_turku_2025/lab_1/ros2_ws/install/custom_interface/include/custom_interface/custom_interface/msg/detail
[4.149s] -- Installing: /home/michael/robo_ai_turku_2025/lab_1/ros2_ws/install/custom_interface/include/custom_interface/custom_interface/msg/detail/person__functions.h
[4.150s] -- Installing: /home/michael/robo_ai_turku_2025/lab_1/ros2_ws/install/custom_interface/include/custom_interface/custom_interface/msg/detail/person__type_support.h
[4.150s] -- Installing: /home/michael/robo_ai_turku_2025/lab_1/ros2_ws/install/custom_interface/include/custom_interface/custom_interface/msg/detail/person__struct.h
[4.150s] -- Installing: /home/michael/robo_ai_turku_2025/lab_1/ros2_ws/install/custom_interface/include/custom_interface/custom_interface/msg/detail/person__functions.c
[4.150s] -- Up-to-date: /home/michael/robo_ai_turku_2025/lab_1/ros2_ws/install/custom_interface/include/custom_interface/custom_interface/msg/rosidl_generator_c__visibility_control.h
[4.150s] -- Up-to-date: /home/michael/robo_ai_turku_2025/lab_1/ros2_ws/install/custom_interface/share/custom_interface/environment/library_path.sh
[4.150s] -- Installing: /home/michael/robo_ai_turku_2025/lab_1/ros2_ws/install/custom_interface/share/custom_interface/environment/library_path.dsv
[4.150s] -- Installing: /home/michael/robo_ai_turku_2025/lab_1/ros2_ws/install/custom_interface/lib/libcustom_interface__rosidl_generator_c.so
[4.151s] -- Set runtime path of "/home/michael/robo_ai_turku_2025/lab_1/ros2_ws/install/custom_interface/lib/libcustom_interface__rosidl_generator_c.so" to ""
[4.151s] -- Up-to-date: /home/michael/robo_ai_turku_2025/lab_1/ros2_ws/install/custom_interface/include/custom_interface/custom_interface
[4.151s] -- Up-to-date: /home/michael/robo_ai_turku_2025/lab_1/ros2_ws/install/custom_interface/include/custom_interface/custom_interface/action
[4.151s] -- Up-to-date: /home/michael/robo_ai_turku_2025/lab_1/ros2_ws/install/custom_interface/include/custom_interface/custom_interface/action/detail
[4.151s] -- Installing: /home/michael/robo_ai_turku_2025/lab_1/ros2_ws/install/custom_interface/include/custom_interface/custom_interface/action/detail/countdown__rosidl_typesupport_fastrtps_c.h
[4.151s] -- Up-to-date: /home/michael/robo_ai_turku_2025/lab_1/ros2_ws/install/custom_interface/include/custom_interface/custom_interface/srv
[4.151s] -- Up-to-date: /home/michael/robo_ai_turku_2025/lab_1/ros2_ws/install/custom_interface/include/custom_interface/custom_interface/srv/detail
[4.151s] -- Installing: /home/michael/robo_ai_turku_2025/lab_1/ros2_ws/install/custom_interface/include/custom_interface/custom_interface/srv/detail/calculate_distance__rosidl_typesupport_fastrtps_c.h
[4.151s] -- Up-to-date: /home/michael/robo_ai_turku_2025/lab_1/ros2_ws/install/custom_interface/include/custom_interface/custom_interface/msg
[4.151s] -- Up-to-date: /home/michael/robo_ai_turku_2025/lab_1/ros2_ws/install/custom_interface/include/custom_interface/custom_interface/msg/rosidl_typesupport_fastrtps_c__visibility_control.h
[4.152s] -- Up-to-date: /home/michael/robo_ai_turku_2025/lab_1/ros2_ws/install/custom_interface/include/custom_interface/custom_interface/msg/detail
[4.152s] -- Installing: /home/michael/robo_ai_turku_2025/lab_1/ros2_ws/install/custom_interface/include/custom_interface/custom_interface/msg/detail/person__rosidl_typesupport_fastrtps_c.h
[4.152s] -- Installing: /home/michael/robo_ai_turku_2025/lab_1/ros2_ws/install/custom_interface/lib/libcustom_interface__rosidl_typesupport_fastrtps_c.so
[4.152s] -- Set runtime path of "/home/michael/robo_ai_turku_2025/lab_1/ros2_ws/install/custom_interface/lib/libcustom_interface__rosidl_typesupport_fastrtps_c.so" to ""
[4.152s] -- Up-to-date: /home/michael/robo_ai_turku_2025/lab_1/ros2_ws/install/custom_interface/include/custom_interface/custom_interface
[4.152s] -- Up-to-date: /home/michael/robo_ai_turku_2025/lab_1/ros2_ws/install/custom_interface/include/custom_interface/custom_interface/action
[4.153s] -- Installing: /home/michael/robo_ai_turku_2025/lab_1/ros2_ws/install/custom_interface/include/custom_interface/custom_interface/action/countdown.hpp
[4.153s] -- Up-to-date: /home/michael/robo_ai_turku_2025/lab_1/ros2_ws/install/custom_interface/include/custom_interface/custom_interface/action/detail
[4.153s] -- Installing: /home/michael/robo_ai_turku_2025/lab_1/ros2_ws/install/custom_interface/include/custom_interface/custom_interface/action/detail/countdown__type_support.hpp
[4.153s] -- Installing: /home/michael/robo_ai_turku_2025/lab_1/ros2_ws/install/custom_interface/include/custom_interface/custom_interface/action/detail/countdown__struct.hpp
[4.153s] -- Installing: /home/michael/robo_ai_turku_2025/lab_1/ros2_ws/install/custom_interface/include/custom_interface/custom_interface/action/detail/countdown__builder.hpp
[4.153s] -- Installing: /home/michael/robo_ai_turku_2025/lab_1/ros2_ws/install/custom_interface/include/custom_interface/custom_interface/action/detail/countdown__traits.hpp
[4.153s] -- Up-to-date: /home/michael/robo_ai_turku_2025/lab_1/ros2_ws/install/custom_interface/include/custom_interface/custom_interface/srv
[4.153s] -- Up-to-date: /home/michael/robo_ai_turku_2025/lab_1/ros2_ws/install/custom_interface/include/custom_interface/custom_interface/srv/detail
[4.154s] -- Installing: /home/michael/robo_ai_turku_2025/lab_1/ros2_ws/install/custom_interface/include/custom_interface/custom_interface/srv/detail/calculate_distance__builder.hpp
[4.154s] -- Installing: /home/michael/robo_ai_turku_2025/lab_1/ros2_ws/install/custom_interface/include/custom_interface/custom_interface/srv/detail/calculate_distance__type_support.hpp
[4.154s] -- Installing: /home/michael/robo_ai_turku_2025/lab_1/ros2_ws/install/custom_interface/include/custom_interface/custom_interface/srv/detail/calculate_distance__struct.hpp
[4.154s] -- Installing: /home/michael/robo_ai_turku_2025/lab_1/ros2_ws/install/custom_interface/include/custom_interface/custom_interface/srv/detail/calculate_distance__traits.hpp
[4.154s] -- Installing: /home/michael/robo_ai_turku_2025/lab_1/ros2_ws/install/custom_interface/include/custom_interface/custom_interface/srv/calculate_distance.hpp
[4.155s] -- Up-to-date: /home/michael/robo_ai_turku_2025/lab_1/ros2_ws/install/custom_interface/include/custom_interface/custom_interface/msg
[4.155s] -- Up-to-date: /home/michael/robo_ai_turku_2025/lab_1/ros2_ws/install/custom_interface/include/custom_interface/custom_interface/msg/detail
[4.155s] -- Installing: /home/michael/robo_ai_turku_2025/lab_1/ros2_ws/install/custom_interface/include/custom_interface/custom_interface/msg/detail/person__type_support.hpp
[4.155s] -- Installing: /home/michael/robo_ai_turku_2025/lab_1/ros2_ws/install/custom_interface/include/custom_interface/custom_interface/msg/detail/person__struct.hpp
[4.155s] -- Installing: /home/michael/robo_ai_turku_2025/lab_1/ros2_ws/install/custom_interface/include/custom_interface/custom_interface/msg/detail/person__traits.hpp
[4.155s] -- Installing: /home/michael/robo_ai_turku_2025/lab_1/ros2_ws/install/custom_interface/include/custom_interface/custom_interface/msg/detail/person__builder.hpp
[4.155s] -- Up-to-date: /home/michael/robo_ai_turku_2025/lab_1/ros2_ws/install/custom_interface/include/custom_interface/custom_interface/msg/rosidl_generator_cpp__visibility_control.hpp
[4.155s] -- Installing: /home/michael/robo_ai_turku_2025/lab_1/ros2_ws/install/custom_interface/include/custom_interface/custom_interface/msg/person.hpp
[4.155s] -- Up-to-date: /home/michael/robo_ai_turku_2025/lab_1/ros2_ws/install/custom_interface/include/custom_interface/custom_interface
[4.155s] -- Up-to-date: /home/michael/robo_ai_turku_2025/lab_1/ros2_ws/install/custom_interface/include/custom_interface/custom_interface/action
[4.156s] -- Up-to-date: /home/michael/robo_ai_turku_2025/lab_1/ros2_ws/install/custom_interface/include/custom_interface/custom_interface/action/detail
[4.156s] -- Installing: /home/michael/robo_ai_turku_2025/lab_1/ros2_ws/install/custom_interface/include/custom_interface/custom_interface/action/detail/dds_fastrtps
[4.156s] -- Installing: /home/michael/robo_ai_turku_2025/lab_1/ros2_ws/install/custom_interface/include/custom_interface/custom_interface/action/detail/countdown__rosidl_typesupport_fastrtps_cpp.hpp
[4.156s] -- Up-to-date: /home/michael/robo_ai_turku_2025/lab_1/ros2_ws/install/custom_interface/include/custom_interface/custom_interface/srv
[4.156s] -- Up-to-date: /home/michael/robo_ai_turku_2025/lab_1/ros2_ws/install/custom_interface/include/custom_interface/custom_interface/srv/detail
[4.156s] -- Installing: /home/michael/robo_ai_turku_2025/lab_1/ros2_ws/install/custom_interface/include/custom_interface/custom_interface/srv/detail/calculate_distance__rosidl_typesupport_fastrtps_cpp.hpp
[4.156s] -- Up-to-date: /home/michael/robo_ai_turku_2025/lab_1/ros2_ws/install/custom_interface/include/custom_interface/custom_interface/srv/detail/dds_fastrtps
[4.156s] -- Up-to-date: /home/michael/robo_ai_turku_2025/lab_1/ros2_ws/install/custom_interface/include/custom_interface/custom_interface/msg
[4.156s] -- Up-to-date: /home/michael/robo_ai_turku_2025/lab_1/ros2_ws/install/custom_interface/include/custom_interface/custom_interface/msg/detail
[4.157s] -- Installing: /home/michael/robo_ai_turku_2025/lab_1/ros2_ws/install/custom_interface/include/custom_interface/custom_interface/msg/detail/person__rosidl_typesupport_fastrtps_cpp.hpp
[4.157s] -- Up-to-date: /home/michael/robo_ai_turku_2025/lab_1/ros2_ws/install/custom_interface/include/custom_interface/custom_interface/msg/detail/dds_fastrtps
[4.157s] -- Up-to-date: /home/michael/robo_ai_turku_2025/lab_1/ros2_ws/install/custom_interface/include/custom_interface/custom_interface/msg/rosidl_typesupport_fastrtps_cpp__visibility_control.h
[4.157s] -- Installing: /home/michael/robo_ai_turku_2025/lab_1/ros2_ws/install/custom_interface/lib/libcustom_interface__rosidl_typesupport_fastrtps_cpp.so
[4.157s] -- Set runtime path of "/home/michael/robo_ai_turku_2025/lab_1/ros2_ws/install/custom_interface/lib/libcustom_interface__rosidl_typesupport_fastrtps_cpp.so" to ""
[4.157s] -- Up-to-date: /home/michael/robo_ai_turku_2025/lab_1/ros2_ws/install/custom_interface/include/custom_interface/custom_interface
[4.158s] -- Up-to-date: /home/michael/robo_ai_turku_2025/lab_1/ros2_ws/install/custom_interface/include/custom_interface/custom_interface/action
[4.158s] -- Up-to-date: /home/michael/robo_ai_turku_2025/lab_1/ros2_ws/install/custom_interface/include/custom_interface/custom_interface/action/detail
[4.158s] -- Installing: /home/michael/robo_ai_turku_2025/lab_1/ros2_ws/install/custom_interface/include/custom_interface/custom_interface/action/detail/countdown__type_support.c
[4.158s] -- Installing: /home/michael/robo_ai_turku_2025/lab_1/ros2_ws/install/custom_interface/include/custom_interface/custom_interface/action/detail/countdown__rosidl_typesupport_introspection_c.h
[4.158s] -- Up-to-date: /home/michael/robo_ai_turku_2025/lab_1/ros2_ws/install/custom_interface/include/custom_interface/custom_interface/srv
[4.158s] -- Up-to-date: /home/michael/robo_ai_turku_2025/lab_1/ros2_ws/install/custom_interface/include/custom_interface/custom_interface/srv/detail
[4.158s] -- Installing: /home/michael/robo_ai_turku_2025/lab_1/ros2_ws/install/custom_interface/include/custom_interface/custom_interface/srv/detail/calculate_distance__type_support.c
[4.159s] -- Installing: /home/michael/robo_ai_turku_2025/lab_1/ros2_ws/install/custom_interface/include/custom_interface/custom_interface/srv/detail/calculate_distance__rosidl_typesupport_introspection_c.h
[4.159s] -- Up-to-date: /home/michael/robo_ai_turku_2025/lab_1/ros2_ws/install/custom_interface/include/custom_interface/custom_interface/msg
[4.159s] -- Up-to-date: /home/michael/robo_ai_turku_2025/lab_1/ros2_ws/install/custom_interface/include/custom_interface/custom_interface/msg/rosidl_typesupport_introspection_c__visibility_control.h
[4.159s] -- Up-to-date: /home/michael/robo_ai_turku_2025/lab_1/ros2_ws/install/custom_interface/include/custom_interface/custom_interface/msg/detail
[4.159s] -- Installing: /home/michael/robo_ai_turku_2025/lab_1/ros2_ws/install/custom_interface/include/custom_interface/custom_interface/msg/detail/person__rosidl_typesupport_introspection_c.h
[4.159s] -- Installing: /home/michael/robo_ai_turku_2025/lab_1/ros2_ws/install/custom_interface/include/custom_interface/custom_interface/msg/detail/person__type_support.c
[4.159s] -- Installing: /home/michael/robo_ai_turku_2025/lab_1/ros2_ws/install/custom_interface/lib/libcustom_interface__rosidl_typesupport_introspection_c.so
[4.160s] -- Set runtime path of "/home/michael/robo_ai_turku_2025/lab_1/ros2_ws/install/custom_interface/lib/libcustom_interface__rosidl_typesupport_introspection_c.so" to ""
[4.160s] -- Installing: /home/michael/robo_ai_turku_2025/lab_1/ros2_ws/install/custom_interface/lib/libcustom_interface__rosidl_typesupport_c.so
[4.160s] -- Set runtime path of "/home/michael/robo_ai_turku_2025/lab_1/ros2_ws/install/custom_interface/lib/libcustom_interface__rosidl_typesupport_c.so" to ""
[4.160s] -- Up-to-date: /home/michael/robo_ai_turku_2025/lab_1/ros2_ws/install/custom_interface/include/custom_interface/custom_interface
[4.160s] -- Up-to-date: /home/michael/robo_ai_turku_2025/lab_1/ros2_ws/install/custom_interface/include/custom_interface/custom_interface/action
[4.160s] -- Up-to-date: /home/michael/robo_ai_turku_2025/lab_1/ros2_ws/install/custom_interface/include/custom_interface/custom_interface/action/detail
[4.161s] -- Installing: /home/michael/robo_ai_turku_2025/lab_1/ros2_ws/install/custom_interface/include/custom_interface/custom_interface/action/detail/countdown__type_support.cpp
[4.161s] -- Installing: /home/michael/robo_ai_turku_2025/lab_1/ros2_ws/install/custom_interface/include/custom_interface/custom_interface/action/detail/countdown__rosidl_typesupport_introspection_cpp.hpp
[4.161s] -- Up-to-date: /home/michael/robo_ai_turku_2025/lab_1/ros2_ws/install/custom_interface/include/custom_interface/custom_interface/srv
[4.161s] -- Up-to-date: /home/michael/robo_ai_turku_2025/lab_1/ros2_ws/install/custom_interface/include/custom_interface/custom_interface/srv/detail
[4.161s] -- Installing: /home/michael/robo_ai_turku_2025/lab_1/ros2_ws/install/custom_interface/include/custom_interface/custom_interface/srv/detail/calculate_distance__rosidl_typesupport_introspection_cpp.hpp
[4.161s] -- Installing: /home/michael/robo_ai_turku_2025/lab_1/ros2_ws/install/custom_interface/include/custom_interface/custom_interface/srv/detail/calculate_distance__type_support.cpp
[4.161s] -- Up-to-date: /home/michael/robo_ai_turku_2025/lab_1/ros2_ws/install/custom_interface/include/custom_interface/custom_interface/msg
[4.161s] -- Up-to-date: /home/michael/robo_ai_turku_2025/lab_1/ros2_ws/install/custom_interface/include/custom_interface/custom_interface/msg/detail
[4.161s] -- Installing: /home/michael/robo_ai_turku_2025/lab_1/ros2_ws/install/custom_interface/include/custom_interface/custom_interface/msg/detail/person__type_support.cpp
[4.161s] -- Installing: /home/michael/robo_ai_turku_2025/lab_1/ros2_ws/install/custom_interface/include/custom_interface/custom_interface/msg/detail/person__rosidl_typesupport_introspection_cpp.hpp
[4.162s] -- Installing: /home/michael/robo_ai_turku_2025/lab_1/ros2_ws/install/custom_interface/lib/libcustom_interface__rosidl_typesupport_introspection_cpp.so
[4.162s] -- Set runtime path of "/home/michael/robo_ai_turku_2025/lab_1/ros2_ws/install/custom_interface/lib/libcustom_interface__rosidl_typesupport_introspection_cpp.so" to ""
[4.162s] -- Installing: /home/michael/robo_ai_turku_2025/lab_1/ros2_ws/install/custom_interface/lib/libcustom_interface__rosidl_typesupport_cpp.so
[4.162s] -- Set runtime path of "/home/michael/robo_ai_turku_2025/lab_1/ros2_ws/install/custom_interface/lib/libcustom_interface__rosidl_typesupport_cpp.so" to ""
[4.163s] -- Up-to-date: /home/michael/robo_ai_turku_2025/lab_1/ros2_ws/install/custom_interface/share/custom_interface/environment/pythonpath.sh
[4.163s] -- Installing: /home/michael/robo_ai_turku_2025/lab_1/ros2_ws/install/custom_interface/share/custom_interface/environment/pythonpath.dsv
[4.163s] -- Up-to-date: /home/michael/robo_ai_turku_2025/lab_1/ros2_ws/install/custom_interface/local/lib/python3.10/dist-packages/custom_interface-0.0.0-py3.10.egg-info
[4.163s] -- Installing: /home/michael/robo_ai_turku_2025/lab_1/ros2_ws/install/custom_interface/local/lib/python3.10/dist-packages/custom_interface-0.0.0-py3.10.egg-info/SOURCES.txt
[4.163s] -- Installing: /home/michael/robo_ai_turku_2025/lab_1/ros2_ws/install/custom_interface/local/lib/python3.10/dist-packages/custom_interface-0.0.0-py3.10.egg-info/top_level.txt
[4.163s] -- Installing: /home/michael/robo_ai_turku_2025/lab_1/ros2_ws/install/custom_interface/local/lib/python3.10/dist-packages/custom_interface-0.0.0-py3.10.egg-info/PKG-INFO
[4.163s] -- Installing: /home/michael/robo_ai_turku_2025/lab_1/ros2_ws/install/custom_interface/local/lib/python3.10/dist-packages/custom_interface-0.0.0-py3.10.egg-info/dependency_links.txt
[4.163s] -- Up-to-date: /home/michael/robo_ai_turku_2025/lab_1/ros2_ws/install/custom_interface/local/lib/python3.10/dist-packages/custom_interface
[4.164s] -- Installing: /home/michael/robo_ai_turku_2025/lab_1/ros2_ws/install/custom_interface/local/lib/python3.10/dist-packages/custom_interface/custom_interface_s__rosidl_typesupport_introspection_c.cpython-310-aarch64-linux-gnu.so
[4.164s] -- Installing: /home/michael/robo_ai_turku_2025/lab_1/ros2_ws/install/custom_interface/local/lib/python3.10/dist-packages/custom_interface/libcustom_interface__rosidl_generator_py.so
[4.164s] -- Installing: /home/michael/robo_ai_turku_2025/lab_1/ros2_ws/install/custom_interface/local/lib/python3.10/dist-packages/custom_interface/_custom_interface_s.ep.rosidl_typesupport_c.c
[4.164s] -- Installing: /home/michael/robo_ai_turku_2025/lab_1/ros2_ws/install/custom_interface/local/lib/python3.10/dist-packages/custom_interface/action
[4.164s] -- Installing: /home/michael/robo_ai_turku_2025/lab_1/ros2_ws/install/custom_interface/local/lib/python3.10/dist-packages/custom_interface/action/_countdown.py
[4.164s] -- Installing: /home/michael/robo_ai_turku_2025/lab_1/ros2_ws/install/custom_interface/local/lib/python3.10/dist-packages/custom_interface/action/_countdown_s.c
[4.164s] -- Installing: /home/michael/robo_ai_turku_2025/lab_1/ros2_ws/install/custom_interface/local/lib/python3.10/dist-packages/custom_interface/action/__init__.py
[4.165s] -- Installing: /home/michael/robo_ai_turku_2025/lab_1/ros2_ws/install/custom_interface/local/lib/python3.10/dist-packages/custom_interface/_custom_interface_s.ep.rosidl_typesupport_introspection_c.c
[4.165s] -- Installing: /home/michael/robo_ai_turku_2025/lab_1/ros2_ws/install/custom_interface/local/lib/python3.10/dist-packages/custom_interface/custom_interface_s__rosidl_typesupport_fastrtps_c.cpython-310-aarch64-linux-gnu.so
[4.165s] -- Up-to-date: /home/michael/robo_ai_turku_2025/lab_1/ros2_ws/install/custom_interface/local/lib/python3.10/dist-packages/custom_interface/srv
[4.165s] -- Installing: /home/michael/robo_ai_turku_2025/lab_1/ros2_ws/install/custom_interface/local/lib/python3.10/dist-packages/custom_interface/srv/_calculate_distance.py
[4.165s] -- Installing: /home/michael/robo_ai_turku_2025/lab_1/ros2_ws/install/custom_interface/local/lib/python3.10/dist-packages/custom_interface/srv/__init__.py
[4.165s] -- Installing: /home/michael/robo_ai_turku_2025/lab_1/ros2_ws/install/custom_interface/local/lib/python3.10/dist-packages/custom_interface/srv/_calculate_distance_s.c
[4.165s] -- Up-to-date: /home/michael/robo_ai_turku_2025/lab_1/ros2_ws/install/custom_interface/local/lib/python3.10/dist-packages/custom_interface/msg
[4.166s] -- Installing: /home/michael/robo_ai_turku_2025/lab_1/ros2_ws/install/custom_interface/local/lib/python3.10/dist-packages/custom_interface/msg/_person.py
[4.166s] -- Installing: /home/michael/robo_ai_turku_2025/lab_1/ros2_ws/install/custom_interface/local/lib/python3.10/dist-packages/custom_interface/msg/__init__.py
[4.166s] -- Installing: /home/michael/robo_ai_turku_2025/lab_1/ros2_ws/install/custom_interface/local/lib/python3.10/dist-packages/custom_interface/msg/_person_s.c
[4.166s] -- Installing: /home/michael/robo_ai_turku_2025/lab_1/ros2_ws/install/custom_interface/local/lib/python3.10/dist-packages/custom_interface/__init__.py
[4.166s] -- Installing: /home/michael/robo_ai_turku_2025/lab_1/ros2_ws/install/custom_interface/local/lib/python3.10/dist-packages/custom_interface/_custom_interface_s.ep.rosidl_typesupport_fastrtps_c.c
[4.166s] -- Installing: /home/michael/robo_ai_turku_2025/lab_1/ros2_ws/install/custom_interface/local/lib/python3.10/dist-packages/custom_interface/custom_interface_s__rosidl_typesupport_c.cpython-310-aarch64-linux-gnu.so
[4.197s] Listing '/home/michael/robo_ai_turku_2025/lab_1/ros2_ws/install/custom_interface/local/lib/python3.10/dist-packages/custom_interface'...
[4.197s] Compiling '/home/michael/robo_ai_turku_2025/lab_1/ros2_ws/install/custom_interface/local/lib/python3.10/dist-packages/custom_interface/__init__.py'...
[4.197s] Listing '/home/michael/robo_ai_turku_2025/lab_1/ros2_ws/install/custom_interface/local/lib/python3.10/dist-packages/custom_interface/action'...
[4.197s] Compiling '/home/michael/robo_ai_turku_2025/lab_1/ros2_ws/install/custom_interface/local/lib/python3.10/dist-packages/custom_interface/action/__init__.py'...
[4.197s] Compiling '/home/michael/robo_ai_turku_2025/lab_1/ros2_ws/install/custom_interface/local/lib/python3.10/dist-packages/custom_interface/action/_countdown.py'...
[4.197s] Listing '/home/michael/robo_ai_turku_2025/lab_1/ros2_ws/install/custom_interface/local/lib/python3.10/dist-packages/custom_interface/msg'...
[4.198s] Compiling '/home/michael/robo_ai_turku_2025/lab_1/ros2_ws/install/custom_interface/local/lib/python3.10/dist-packages/custom_interface/msg/__init__.py'...
[4.198s] Compiling '/home/michael/robo_ai_turku_2025/lab_1/ros2_ws/install/custom_interface/local/lib/python3.10/dist-packages/custom_interface/msg/_person.py'...
[4.198s] Listing '/home/michael/robo_ai_turku_2025/lab_1/ros2_ws/install/custom_interface/local/lib/python3.10/dist-packages/custom_interface/srv'...
[4.198s] Compiling '/home/michael/robo_ai_turku_2025/lab_1/ros2_ws/install/custom_interface/local/lib/python3.10/dist-packages/custom_interface/srv/__init__.py'...
[4.203s] Compiling '/home/michael/robo_ai_turku_2025/lab_1/ros2_ws/install/custom_interface/local/lib/python3.10/dist-packages/custom_interface/srv/_calculate_distance.py'...
[4.207s] -- Installing: /home/michael/robo_ai_turku_2025/lab_1/ros2_ws/install/custom_interface/local/lib/python3.10/dist-packages/custom_interface/custom_interface_s__rosidl_typesupport_fastrtps_c.cpython-310-aarch64-linux-gnu.so
[4.207s] -- Set runtime path of "/home/michael/robo_ai_turku_2025/lab_1/ros2_ws/install/custom_interface/local/lib/python3.10/dist-packages/custom_interface/custom_interface_s__rosidl_typesupport_fastrtps_c.cpython-310-aarch64-linux-gnu.so" to ""
[4.207s] -- Installing: /home/michael/robo_ai_turku_2025/lab_1/ros2_ws/install/custom_interface/local/lib/python3.10/dist-packages/custom_interface/custom_interface_s__rosidl_typesupport_introspection_c.cpython-310-aarch64-linux-gnu.so
[4.207s] -- Set runtime path of "/home/michael/robo_ai_turku_2025/lab_1/ros2_ws/install/custom_interface/local/lib/python3.10/dist-packages/custom_interface/custom_interface_s__rosidl_typesupport_introspection_c.cpython-310-aarch64-linux-gnu.so" to ""
[4.208s] -- Installing: /home/michael/robo_ai_turku_2025/lab_1/ros2_ws/install/custom_interface/local/lib/python3.10/dist-packages/custom_interface/custom_interface_s__rosidl_typesupport_c.cpython-310-aarch64-linux-gnu.so
[4.208s] -- Set runtime path of "/home/michael/robo_ai_turku_2025/lab_1/ros2_ws/install/custom_interface/local/lib/python3.10/dist-packages/custom_interface/custom_interface_s__rosidl_typesupport_c.cpython-310-aarch64-linux-gnu.so" to ""
[4.208s] -- Installing: /home/michael/robo_ai_turku_2025/lab_1/ros2_ws/install/custom_interface/lib/libcustom_interface__rosidl_generator_py.so
[4.208s] -- Set runtime path of "/home/michael/robo_ai_turku_2025/lab_1/ros2_ws/install/custom_interface/lib/libcustom_interface__rosidl_generator_py.so" to ""
[4.208s] -- Up-to-date: /home/michael/robo_ai_turku_2025/lab_1/ros2_ws/install/custom_interface/share/custom_interface/msg/Person.idl
[4.209s] -- Up-to-date: /home/michael/robo_ai_turku_2025/lab_1/ros2_ws/install/custom_interface/share/custom_interface/srv/CalculateDistance.idl
[4.209s] -- Installing: /home/michael/robo_ai_turku_2025/lab_1/ros2_ws/install/custom_interface/share/custom_interface/action/Countdown.idl
[4.209s] -- Installing: /home/michael/robo_ai_turku_2025/lab_1/ros2_ws/install/custom_interface/share/custom_interface/msg/Person.msg
[4.209s] -- Up-to-date: /home/michael/robo_ai_turku_2025/lab_1/ros2_ws/install/custom_interface/share/custom_interface/srv/CalculateDistance.srv
[4.209s] -- Up-to-date: /home/michael/robo_ai_turku_2025/lab_1/ros2_ws/install/custom_interface/share/custom_interface/srv/CalculateDistance_Request.msg
[4.209s] -- Up-to-date: /home/michael/robo_ai_turku_2025/lab_1/ros2_ws/install/custom_interface/share/custom_interface/srv/CalculateDistance_Response.msg
[4.209s] -- Installing: /home/michael/robo_ai_turku_2025/lab_1/ros2_ws/install/custom_interface/share/custom_interface/action/Countdown.action
[4.209s] -- Installing: /home/michael/robo_ai_turku_2025/lab_1/ros2_ws/install/custom_interface/share/ament_index/resource_index/package_run_dependencies/custom_interface
[4.210s] -- Installing: /home/michael/robo_ai_turku_2025/lab_1/ros2_ws/install/custom_interface/share/ament_index/resource_index/parent_prefix_path/custom_interface
[4.210s] -- Up-to-date: /home/michael/robo_ai_turku_2025/lab_1/ros2_ws/install/custom_interface/share/custom_interface/environment/ament_prefix_path.sh
[4.210s] -- Installing: /home/michael/robo_ai_turku_2025/lab_1/ros2_ws/install/custom_interface/share/custom_interface/environment/ament_prefix_path.dsv
[4.210s] -- Up-to-date: /home/michael/robo_ai_turku_2025/lab_1/ros2_ws/install/custom_interface/share/custom_interface/environment/path.sh
[4.210s] -- Installing: /home/michael/robo_ai_turku_2025/lab_1/ros2_ws/install/custom_interface/share/custom_interface/environment/path.dsv
[4.210s] -- Up-to-date: /home/michael/robo_ai_turku_2025/lab_1/ros2_ws/install/custom_interface/share/custom_interface/local_setup.bash
[4.211s] -- Up-to-date: /home/michael/robo_ai_turku_2025/lab_1/ros2_ws/install/custom_interface/share/custom_interface/local_setup.sh
[4.211s] -- Up-to-date: /home/michael/robo_ai_turku_2025/lab_1/ros2_ws/install/custom_interface/share/custom_interface/local_setup.zsh
[4.211s] -- Installing: /home/michael/robo_ai_turku_2025/lab_1/ros2_ws/install/custom_interface/share/custom_interface/local_setup.dsv
[4.211s] -- Installing: /home/michael/robo_ai_turku_2025/lab_1/ros2_ws/install/custom_interface/share/custom_interface/package.dsv
[4.211s] -- Up-to-date: /home/michael/robo_ai_turku_2025/lab_1/ros2_ws/install/custom_interface/share/ament_index/resource_index/packages/custom_interface
[4.211s] -- Old export file "/home/michael/robo_ai_turku_2025/lab_1/ros2_ws/install/custom_interface/share/custom_interface/cmake/export_custom_interface__rosidl_generator_cExport.cmake" will be replaced.  Removing files [/home/michael/robo_ai_turku_2025/lab_1/ros2_ws/install/custom_interface/share/custom_interface/cmake/export_custom_interface__rosidl_generator_cExport-noconfig.cmake].
[4.211s] -- Installing: /home/michael/robo_ai_turku_2025/lab_1/ros2_ws/install/custom_interface/share/custom_interface/cmake/export_custom_interface__rosidl_generator_cExport.cmake
[4.211s] -- Installing: /home/michael/robo_ai_turku_2025/lab_1/ros2_ws/install/custom_interface/share/custom_interface/cmake/export_custom_interface__rosidl_generator_cExport-noconfig.cmake
[4.212s] -- Old export file "/home/michael/robo_ai_turku_2025/lab_1/ros2_ws/install/custom_interface/share/custom_interface/cmake/export_custom_interface__rosidl_typesupport_fastrtps_cExport.cmake" will be replaced.  Removing files [/home/michael/robo_ai_turku_2025/lab_1/ros2_ws/install/custom_interface/share/custom_interface/cmake/export_custom_interface__rosidl_typesupport_fastrtps_cExport-noconfig.cmake].
[4.212s] -- Installing: /home/michael/robo_ai_turku_2025/lab_1/ros2_ws/install/custom_interface/share/custom_interface/cmake/export_custom_interface__rosidl_typesupport_fastrtps_cExport.cmake
[4.212s] -- Installing: /home/michael/robo_ai_turku_2025/lab_1/ros2_ws/install/custom_interface/share/custom_interface/cmake/export_custom_interface__rosidl_typesupport_fastrtps_cExport-noconfig.cmake
[4.212s] -- Installing: /home/michael/robo_ai_turku_2025/lab_1/ros2_ws/install/custom_interface/share/custom_interface/cmake/export_custom_interface__rosidl_generator_cppExport.cmake
[4.212s] -- Old export file "/home/michael/robo_ai_turku_2025/lab_1/ros2_ws/install/custom_interface/share/custom_interface/cmake/export_custom_interface__rosidl_typesupport_fastrtps_cppExport.cmake" will be replaced.  Removing files [/home/michael/robo_ai_turku_2025/lab_1/ros2_ws/install/custom_interface/share/custom_interface/cmake/export_custom_interface__rosidl_typesupport_fastrtps_cppExport-noconfig.cmake].
[4.212s] -- Installing: /home/michael/robo_ai_turku_2025/lab_1/ros2_ws/install/custom_interface/share/custom_interface/cmake/export_custom_interface__rosidl_typesupport_fastrtps_cppExport.cmake
[4.213s] -- Installing: /home/michael/robo_ai_turku_2025/lab_1/ros2_ws/install/custom_interface/share/custom_interface/cmake/export_custom_interface__rosidl_typesupport_fastrtps_cppExport-noconfig.cmake
[4.213s] -- Old export file "/home/michael/robo_ai_turku_2025/lab_1/ros2_ws/install/custom_interface/share/custom_interface/cmake/custom_interface__rosidl_typesupport_introspection_cExport.cmake" will be replaced.  Removing files [/home/michael/robo_ai_turku_2025/lab_1/ros2_ws/install/custom_interface/share/custom_interface/cmake/custom_interface__rosidl_typesupport_introspection_cExport-noconfig.cmake].
[4.213s] -- Installing: /home/michael/robo_ai_turku_2025/lab_1/ros2_ws/install/custom_interface/share/custom_interface/cmake/custom_interface__rosidl_typesupport_introspection_cExport.cmake
[4.213s] -- Installing: /home/michael/robo_ai_turku_2025/lab_1/ros2_ws/install/custom_interface/share/custom_interface/cmake/custom_interface__rosidl_typesupport_introspection_cExport-noconfig.cmake
[4.213s] -- Old export file "/home/michael/robo_ai_turku_2025/lab_1/ros2_ws/install/custom_interface/share/custom_interface/cmake/custom_interface__rosidl_typesupport_cExport.cmake" will be replaced.  Removing files [/home/michael/robo_ai_turku_2025/lab_1/ros2_ws/install/custom_interface/share/custom_interface/cmake/custom_interface__rosidl_typesupport_cExport-noconfig.cmake].
[4.213s] -- Installing: /home/michael/robo_ai_turku_2025/lab_1/ros2_ws/install/custom_interface/share/custom_interface/cmake/custom_interface__rosidl_typesupport_cExport.cmake
[4.213s] -- Installing: /home/michael/robo_ai_turku_2025/lab_1/ros2_ws/install/custom_interface/share/custom_interface/cmake/custom_interface__rosidl_typesupport_cExport-noconfig.cmake
[4.214s] -- Old export file "/home/michael/robo_ai_turku_2025/lab_1/ros2_ws/install/custom_interface/share/custom_interface/cmake/custom_interface__rosidl_typesupport_introspection_cppExport.cmake" will be replaced.  Removing files [/home/michael/robo_ai_turku_2025/lab_1/ros2_ws/install/custom_interface/share/custom_interface/cmake/custom_interface__rosidl_typesupport_introspection_cppExport-noconfig.cmake].
[4.214s] -- Installing: /home/michael/robo_ai_turku_2025/lab_1/ros2_ws/install/custom_interface/share/custom_interface/cmake/custom_interface__rosidl_typesupport_introspection_cppExport.cmake
[4.214s] -- Installing: /home/michael/robo_ai_turku_2025/lab_1/ros2_ws/install/custom_interface/share/custom_interface/cmake/custom_interface__rosidl_typesupport_introspection_cppExport-noconfig.cmake
[4.214s] -- Old export file "/home/michael/robo_ai_turku_2025/lab_1/ros2_ws/install/custom_interface/share/custom_interface/cmake/custom_interface__rosidl_typesupport_cppExport.cmake" will be replaced.  Removing files [/home/michael/robo_ai_turku_2025/lab_1/ros2_ws/install/custom_interface/share/custom_interface/cmake/custom_interface__rosidl_typesupport_cppExport-noconfig.cmake].
[4.214s] -- Installing: /home/michael/robo_ai_turku_2025/lab_1/ros2_ws/install/custom_interface/share/custom_interface/cmake/custom_interface__rosidl_typesupport_cppExport.cmake
[4.214s] -- Installing: /home/michael/robo_ai_turku_2025/lab_1/ros2_ws/install/custom_interface/share/custom_interface/cmake/custom_interface__rosidl_typesupport_cppExport-noconfig.cmake
[4.215s] -- Old export file "/home/michael/robo_ai_turku_2025/lab_1/ros2_ws/install/custom_interface/share/custom_interface/cmake/export_custom_interface__rosidl_generator_pyExport.cmake" will be replaced.  Removing files [/home/michael/robo_ai_turku_2025/lab_1/ros2_ws/install/custom_interface/share/custom_interface/cmake/export_custom_interface__rosidl_generator_pyExport-noconfig.cmake].
[4.215s] -- Installing: /home/michael/robo_ai_turku_2025/lab_1/ros2_ws/install/custom_interface/share/custom_interface/cmake/export_custom_interface__rosidl_generator_pyExport.cmake
[4.215s] -- Installing: /home/michael/robo_ai_turku_2025/lab_1/ros2_ws/install/custom_interface/share/custom_interface/cmake/export_custom_interface__rosidl_generator_pyExport-noconfig.cmake
[4.215s] -- Installing: /home/michael/robo_ai_turku_2025/lab_1/ros2_ws/install/custom_interface/share/custom_interface/cmake/rosidl_cmake-extras.cmake
[4.215s] -- Installing: /home/michael/robo_ai_turku_2025/lab_1/ros2_ws/install/custom_interface/share/custom_interface/cmake/ament_cmake_export_dependencies-extras.cmake
[4.215s] -- Up-to-date: /home/michael/robo_ai_turku_2025/lab_1/ros2_ws/install/custom_interface/share/custom_interface/cmake/ament_cmake_export_include_directories-extras.cmake
[4.215s] -- Up-to-date: /home/michael/robo_ai_turku_2025/lab_1/ros2_ws/install/custom_interface/share/custom_interface/cmake/ament_cmake_export_libraries-extras.cmake
[4.216s] -- Up-to-date: /home/michael/robo_ai_turku_2025/lab_1/ros2_ws/install/custom_interface/share/custom_interface/cmake/ament_cmake_export_targets-extras.cmake
[4.216s] -- Up-to-date: /home/michael/robo_ai_turku_2025/lab_1/ros2_ws/install/custom_interface/share/custom_interface/cmake/rosidl_cmake_export_typesupport_targets-extras.cmake
[4.216s] -- Up-to-date: /home/michael/robo_ai_turku_2025/lab_1/ros2_ws/install/custom_interface/share/custom_interface/cmake/rosidl_cmake_export_typesupport_libraries-extras.cmake
[4.216s] -- Up-to-date: /home/michael/robo_ai_turku_2025/lab_1/ros2_ws/install/custom_interface/share/custom_interface/cmake/custom_interfaceConfig.cmake
[4.216s] -- Up-to-date: /home/michael/robo_ai_turku_2025/lab_1/ros2_ws/install/custom_interface/share/custom_interface/cmake/custom_interfaceConfig-version.cmake
[4.216s] -- Installing: /home/michael/robo_ai_turku_2025/lab_1/ros2_ws/install/custom_interface/share/custom_interface/package.xml
[4.218s] Invoked command in '/home/michael/robo_ai_turku_2025/lab_1/ros2_ws/build/custom_interface' returned '0': CMAKE_PREFIX_PATH=${CMAKE_PREFIX_PATH}:/home/michael/robo_ai_turku_2025/lab_1/ros2_ws/install/task3:/home/michael/robo_ai_turku_2025/lab_1/ros2_ws/install/task2:/home/michael/robo_ai_turku_2025/lab_1/ros2_ws/install/task1:/home/michael/robo_ai_turku_2025/lab_1/ros2_ws/install/lap:/opt/ros/humble /usr/bin/cmake --install /home/michael/robo_ai_turku_2025/lab_1/ros2_ws/build/custom_interface
