[1.750s] Invoking command in '/home/felix/robo/robo_ai_turku_2025/ros2_ws/src/lab01_task02': PYTHONPATH=/home/felix/robo/robo_ai_turku_2025/ros2_ws/build/lab01_task02/prefix_override:/usr/lib/python3/dist-packages/colcon_core/task/python/colcon_distutils_commands:/home/felix/robo/robo_ai_turku_2025/ros2_ws/install/lab01_task02/lib/python3.10/site-packages:${PYTHONPATH} /usr/bin/python3 -W ignore:setup.py install is deprecated -W ignore:easy_install command is deprecated setup.py egg_info --egg-base ../../build/lab01_task02 build --build-base /home/felix/robo/robo_ai_turku_2025/ros2_ws/build/lab01_task02/build install --record /home/felix/robo/robo_ai_turku_2025/ros2_ws/build/lab01_task02/install.log --single-version-externally-managed install_data
[2.098s] running egg_info
[2.099s] creating ../../build/lab01_task02/lab01_task02.egg-info
[2.100s] writing ../../build/lab01_task02/lab01_task02.egg-info/PKG-INFO
[2.101s] writing dependency_links to ../../build/lab01_task02/lab01_task02.egg-info/dependency_links.txt
[2.103s] writing entry points to ../../build/lab01_task02/lab01_task02.egg-info/entry_points.txt
[2.103s] writing requirements to ../../build/lab01_task02/lab01_task02.egg-info/requires.txt
[2.103s] writing top-level names to ../../build/lab01_task02/lab01_task02.egg-info/top_level.txt
[2.103s] writing manifest file '../../build/lab01_task02/lab01_task02.egg-info/SOURCES.txt'
[2.105s] reading manifest file '../../build/lab01_task02/lab01_task02.egg-info/SOURCES.txt'
[2.105s] adding license file 'LICENSE'
[2.106s] writing manifest file '../../build/lab01_task02/lab01_task02.egg-info/SOURCES.txt'
[2.106s] running build
[2.106s] running build_py
[2.106s] creating /home/felix/robo/robo_ai_turku_2025/ros2_ws/build/lab01_task02/build
[2.107s] creating /home/felix/robo/robo_ai_turku_2025/ros2_ws/build/lab01_task02/build/lib
[2.107s] creating /home/felix/robo/robo_ai_turku_2025/ros2_ws/build/lab01_task02/build/lib/lab01_task02
[2.107s] copying lab01_task02/publisher.py -> /home/felix/robo/robo_ai_turku_2025/ros2_ws/build/lab01_task02/build/lib/lab01_task02
[2.108s] copying lab01_task02/__init__.py -> /home/felix/robo/robo_ai_turku_2025/ros2_ws/build/lab01_task02/build/lib/lab01_task02
[2.108s] copying lab01_task02/subscriber.py -> /home/felix/robo/robo_ai_turku_2025/ros2_ws/build/lab01_task02/build/lib/lab01_task02
[2.108s] running install
[2.111s] running install_lib
[2.112s] creating /home/felix/robo/robo_ai_turku_2025/ros2_ws/install/lab01_task02/lib/python3.10/site-packages/lab01_task02
[2.112s] copying /home/felix/robo/robo_ai_turku_2025/ros2_ws/build/lab01_task02/build/lib/lab01_task02/publisher.py -> /home/felix/robo/robo_ai_turku_2025/ros2_ws/install/lab01_task02/lib/python3.10/site-packages/lab01_task02
[2.113s] copying /home/felix/robo/robo_ai_turku_2025/ros2_ws/build/lab01_task02/build/lib/lab01_task02/__init__.py -> /home/felix/robo/robo_ai_turku_2025/ros2_ws/install/lab01_task02/lib/python3.10/site-packages/lab01_task02
[2.114s] copying /home/felix/robo/robo_ai_turku_2025/ros2_ws/build/lab01_task02/build/lib/lab01_task02/subscriber.py -> /home/felix/robo/robo_ai_turku_2025/ros2_ws/install/lab01_task02/lib/python3.10/site-packages/lab01_task02
[2.117s] byte-compiling /home/felix/robo/robo_ai_turku_2025/ros2_ws/install/lab01_task02/lib/python3.10/site-packages/lab01_task02/publisher.py to publisher.cpython-310.pyc
[2.120s] byte-compiling /home/felix/robo/robo_ai_turku_2025/ros2_ws/install/lab01_task02/lib/python3.10/site-packages/lab01_task02/__init__.py to __init__.cpython-310.pyc
[2.121s] byte-compiling /home/felix/robo/robo_ai_turku_2025/ros2_ws/install/lab01_task02/lib/python3.10/site-packages/lab01_task02/subscriber.py to subscriber.cpython-310.pyc
[2.121s] running install_data
[2.121s] creating /home/felix/robo/robo_ai_turku_2025/ros2_ws/install/lab01_task02/share/ament_index
[2.122s] creating /home/felix/robo/robo_ai_turku_2025/ros2_ws/install/lab01_task02/share/ament_index/resource_index
[2.122s] creating /home/felix/robo/robo_ai_turku_2025/ros2_ws/install/lab01_task02/share/ament_index/resource_index/packages
[2.122s] copying resource/lab01_task02 -> /home/felix/robo/robo_ai_turku_2025/ros2_ws/install/lab01_task02/share/ament_index/resource_index/packages
[2.123s] copying package.xml -> /home/felix/robo/robo_ai_turku_2025/ros2_ws/install/lab01_task02/share/lab01_task02
[2.123s] running install_egg_info
[2.124s] Copying ../../build/lab01_task02/lab01_task02.egg-info to /home/felix/robo/robo_ai_turku_2025/ros2_ws/install/lab01_task02/lib/python3.10/site-packages/lab01_task02-0.0.0-py3.10.egg-info
[2.125s] running install_scripts
[2.155s] Installing publisher script to /home/felix/robo/robo_ai_turku_2025/ros2_ws/install/lab01_task02/lib/lab01_task02
[2.155s] Installing subscriber script to /home/felix/robo/robo_ai_turku_2025/ros2_ws/install/lab01_task02/lib/lab01_task02
[2.155s] writing list of installed files to '/home/felix/robo/robo_ai_turku_2025/ros2_ws/build/lab01_task02/install.log'
[2.191s] Invoked command in '/home/felix/robo/robo_ai_turku_2025/ros2_ws/src/lab01_task02' returned '0': PYTHONPATH=/home/felix/robo/robo_ai_turku_2025/ros2_ws/build/lab01_task02/prefix_override:/usr/lib/python3/dist-packages/colcon_core/task/python/colcon_distutils_commands:/home/felix/robo/robo_ai_turku_2025/ros2_ws/install/lab01_task02/lib/python3.10/site-packages:${PYTHONPATH} /usr/bin/python3 -W ignore:setup.py install is deprecated -W ignore:easy_install command is deprecated setup.py egg_info --egg-base ../../build/lab01_task02 build --build-base /home/felix/robo/robo_ai_turku_2025/ros2_ws/build/lab01_task02/build install --record /home/felix/robo/robo_ai_turku_2025/ros2_ws/build/lab01_task02/install.log --single-version-externally-managed install_data
