[0.061s] Invoking command in '/home/felix/robo/robo_ai_turku_2025/build/custom_interface': CMAKE_PREFIX_PATH=${CMAKE_PREFIX_PATH}:/home/felix/robo/robo_ai_turku_2025/ros2_ws/install/lab01_task05:/home/felix/robo/robo_ai_turku_2025/ros2_ws/install/lab01_task03:/home/felix/robo/robo_ai_turku_2025/ros2_ws/install/lab01_task02:/home/felix/robo/robo_ai_turku_2025/ros2_ws/install/lab01_task01:/home/felix/robo/robo_ai_turku_2025/ros2_ws/install/lab1_bringup:/home/felix/robo/robo_ai_turku_2025/ros2_ws/install/task1:/opt/ros/humble /usr/bin/cmake /home/felix/robo/robo_ai_turku_2025/ros2_ws/src/custom_interface -DCMAKE_INSTALL_PREFIX=/home/felix/robo/robo_ai_turku_2025/install/custom_interface
[1.186s] -- The C compiler identification is GNU 11.4.0
[1.186s] -- The CXX compiler identification is GNU 11.4.0
[1.186s] -- Detecting C compiler ABI info
[1.186s] -- Detecting C compiler ABI info - done
[1.186s] -- Check for working C compiler: /usr/bin/cc - skipped
[1.186s] -- Detecting C compile features
[1.186s] -- Detecting C compile features - done
[1.186s] -- Detecting CXX compiler ABI info
[1.186s] -- Detecting CXX compiler ABI info - done
[1.187s] -- Check for working CXX compiler: /usr/bin/c++ - skipped
[1.188s] -- Detecting CXX compile features
[1.191s] -- Detecting CXX compile features - done
[1.233s] -- Found ament_cmake: 1.3.12 (/opt/ros/humble/share/ament_cmake/cmake)
[1.452s] -- Found Python3: /usr/bin/python3 (found version "3.10.12") found components: Interpreter 
[1.612s] -- Found rclcpp: 16.0.14 (/opt/ros/humble/share/rclcpp/cmake)
[1.880s] -- Found rosidl_generator_c: 3.1.7 (/opt/ros/humble/share/rosidl_generator_c/cmake)
[1.897s] -- Found rosidl_adapter: 3.1.7 (/opt/ros/humble/share/rosidl_adapter/cmake)
[1.922s] -- Found rosidl_generator_cpp: 3.1.7 (/opt/ros/humble/share/rosidl_generator_cpp/cmake)
[1.959s] -- Using all available rosidl_typesupport_c: rosidl_typesupport_fastrtps_c;rosidl_typesupport_introspection_c
[1.998s] -- Using all available rosidl_typesupport_cpp: rosidl_typesupport_fastrtps_cpp;rosidl_typesupport_introspection_cpp
[2.134s] -- Found rmw_implementation_cmake: 6.1.2 (/opt/ros/humble/share/rmw_implementation_cmake/cmake)
[2.139s] -- Found rmw_fastrtps_cpp: 6.2.8 (/opt/ros/humble/share/rmw_fastrtps_cpp/cmake)
[3.897s] -- Found OpenSSL: /usr/lib/x86_64-linux-gnu/libcrypto.so (found version "3.0.2")  
[4.722s] -- Found FastRTPS: /opt/ros/humble/include  
[6.122s] -- Using RMW implementation 'rmw_fastrtps_cpp' as default
[6.139s] -- Looking for pthread.h
[6.263s] -- Looking for pthread.h - found
[6.265s] -- Performing Test CMAKE_HAVE_LIBC_PTHREAD
[6.443s] -- Performing Test CMAKE_HAVE_LIBC_PTHREAD - Success
[6.445s] -- Found Threads: TRUE  
[6.585s] -- Found geometry_msgs: 4.9.0 (/opt/ros/humble/share/geometry_msgs/cmake)
[6.623s] -- Found rosidl_default_generators: 1.2.0 (/opt/ros/humble/share/rosidl_default_generators/cmake)
[7.094s] -- Found ament_cmake_ros: 0.10.0 (/opt/ros/humble/share/ament_cmake_ros/cmake)
[7.586s] -- Using all available rosidl_typesupport_c: rosidl_typesupport_fastrtps_c;rosidl_typesupport_introspection_c
[7.765s] -- Using all available rosidl_typesupport_cpp: rosidl_typesupport_fastrtps_cpp;rosidl_typesupport_introspection_cpp
[7.862s] -- Found PythonInterp: /usr/bin/python3 (found suitable version "3.10.12", minimum required is "3.6") 
[7.865s] -- Found python_cmake_module: 0.10.0 (/opt/ros/humble/share/python_cmake_module/cmake)
[8.185s] -- Found PythonLibs: /usr/lib/x86_64-linux-gnu/libpython3.10.so (found suitable version "3.10.12", minimum required is "3.5") 
[8.185s] -- Using PYTHON_EXECUTABLE: /usr/bin/python3
[8.185s] -- Using PYTHON_INCLUDE_DIRS: /usr/include/python3.10
[8.185s] -- Using PYTHON_LIBRARIES: /usr/lib/x86_64-linux-gnu/libpython3.10.so
[8.215s] -- Found PythonExtra: .so  
[8.328s] -- Found ament_lint_auto: 0.12.14 (/opt/ros/humble/share/ament_lint_auto/cmake)
[8.466s] -- Added test 'cppcheck' to perform static code analysis on C / C++ code
[8.467s] -- Configured cppcheck include dirs: 
[8.467s] -- Configured cppcheck exclude dirs and/or files: 
[8.472s] -- Added test 'flake8' to check Python code syntax and style conventions
[8.480s] -- Added test 'lint_cmake' to check CMake code style
[8.485s] -- Added test 'pep257' to check Python code against some of the docstring style conventions in PEP 257
[8.510s] -- Added test 'uncrustify' to check C / C++ code style
[8.510s] -- Configured uncrustify additional arguments: 
[8.515s] -- Added test 'xmllint' to check XML markup files
[8.521s] -- Configuring done
[8.593s] -- Generating done
[8.610s] -- Build files have been written to: /home/felix/robo/robo_ai_turku_2025/build/custom_interface
[8.624s] Invoked command in '/home/felix/robo/robo_ai_turku_2025/build/custom_interface' returned '0': CMAKE_PREFIX_PATH=${CMAKE_PREFIX_PATH}:/home/felix/robo/robo_ai_turku_2025/ros2_ws/install/lab01_task05:/home/felix/robo/robo_ai_turku_2025/ros2_ws/install/lab01_task03:/home/felix/robo/robo_ai_turku_2025/ros2_ws/install/lab01_task02:/home/felix/robo/robo_ai_turku_2025/ros2_ws/install/lab01_task01:/home/felix/robo/robo_ai_turku_2025/ros2_ws/install/lab1_bringup:/home/felix/robo/robo_ai_turku_2025/ros2_ws/install/task1:/opt/ros/humble /usr/bin/cmake /home/felix/robo/robo_ai_turku_2025/ros2_ws/src/custom_interface -DCMAKE_INSTALL_PREFIX=/home/felix/robo/robo_ai_turku_2025/install/custom_interface
[8.625s] Invoking command in '/home/felix/robo/robo_ai_turku_2025/build/custom_interface': CMAKE_PREFIX_PATH=${CMAKE_PREFIX_PATH}:/home/felix/robo/robo_ai_turku_2025/ros2_ws/install/lab01_task05:/home/felix/robo/robo_ai_turku_2025/ros2_ws/install/lab01_task03:/home/felix/robo/robo_ai_turku_2025/ros2_ws/install/lab01_task02:/home/felix/robo/robo_ai_turku_2025/ros2_ws/install/lab01_task01:/home/felix/robo/robo_ai_turku_2025/ros2_ws/install/lab1_bringup:/home/felix/robo/robo_ai_turku_2025/ros2_ws/install/task1:/opt/ros/humble /usr/bin/cmake --build /home/felix/robo/robo_ai_turku_2025/build/custom_interface -- -j22 -l22
[8.679s] [  1%] [34m[1mGenerating C code for ROS interfaces[0m
[8.695s] [  2%] [34m[1mGenerating C++ code for ROS interfaces[0m
[8.701s] [  2%] Built target ament_cmake_python_copy_custom_interface
[8.949s] running egg_info
[8.950s] creating custom_interface.egg-info
[8.950s] writing custom_interface.egg-info/PKG-INFO
[8.950s] writing dependency_links to custom_interface.egg-info/dependency_links.txt
[8.950s] writing top-level names to custom_interface.egg-info/top_level.txt
[8.951s] writing manifest file 'custom_interface.egg-info/SOURCES.txt'
[8.952s] reading manifest file 'custom_interface.egg-info/SOURCES.txt'
[8.953s] writing manifest file 'custom_interface.egg-info/SOURCES.txt'
[8.980s] [  2%] Built target ament_cmake_python_build_custom_interface_egg
[9.457s] [  2%] Built target custom_interface__cpp
[9.472s] [  4%] [34m[1mGenerating C++ type support for eProsima Fast-RTPS[0m
[9.472s] [  5%] [34m[1mGenerating C++ introspection for ROS interfaces[0m
[9.474s] [  7%] [32mBuilding C object CMakeFiles/custom_interface__rosidl_generator_c.dir/rosidl_generator_c/custom_interface/msg/detail/response_distance_msg__functions.c.o[0m
[9.474s] [  8%] [32mBuilding C object CMakeFiles/custom_interface__rosidl_generator_c.dir/rosidl_generator_c/custom_interface/msg/detail/request_distance_msg__functions.c.o[0m
[9.476s] [  9%] [32mBuilding C object CMakeFiles/custom_interface__rosidl_generator_c.dir/rosidl_generator_c/custom_interface/srv/detail/calculate_distance__functions.c.o[0m
[9.478s] [ 11%] [32mBuilding C object CMakeFiles/custom_interface__rosidl_generator_c.dir/rosidl_generator_c/custom_interface/msg/detail/task_msg__functions.c.o[0m
[9.479s] [ 12%] [34m[1mGenerating C++ type support dispatch for ROS interfaces[0m
[9.481s] [ 14%] [32mBuilding C object CMakeFiles/custom_interface__rosidl_generator_c.dir/rosidl_generator_c/custom_interface/action/detail/countdown__functions.c.o[0m
[9.481s] [ 15%] [32mBuilding C object CMakeFiles/custom_interface__rosidl_generator_c.dir/rosidl_generator_c/custom_interface/msg/detail/count__functions.c.o[0m
[9.656s] [ 16%] [32m[1mLinking C shared library libcustom_interface__rosidl_generator_c.so[0m
[9.751s] [ 16%] Built target custom_interface__rosidl_generator_c
[9.763s] [ 18%] [34m[1mGenerating C introspection for ROS interfaces[0m
[9.763s] [ 19%] [34m[1mGenerating C type support dispatch for ROS interfaces[0m
[9.763s] [ 21%] [34m[1mGenerating C type support for eProsima Fast-RTPS[0m
[9.943s] [ 22%] [32mBuilding CXX object CMakeFiles/custom_interface__rosidl_typesupport_cpp.dir/rosidl_typesupport_cpp/custom_interface/msg/task_msg__type_support.cpp.o[0m
[9.946s] [ 23%] [32mBuilding CXX object CMakeFiles/custom_interface__rosidl_typesupport_cpp.dir/rosidl_typesupport_cpp/custom_interface/msg/count__type_support.cpp.o[0m
[9.946s] [ 25%] [32mBuilding CXX object CMakeFiles/custom_interface__rosidl_typesupport_cpp.dir/rosidl_typesupport_cpp/custom_interface/msg/response_distance_msg__type_support.cpp.o[0m
[9.950s] [ 26%] [32mBuilding CXX object CMakeFiles/custom_interface__rosidl_typesupport_cpp.dir/rosidl_typesupport_cpp/custom_interface/srv/calculate_distance__type_support.cpp.o[0m
[9.951s] [ 28%] [32mBuilding CXX object CMakeFiles/custom_interface__rosidl_typesupport_cpp.dir/rosidl_typesupport_cpp/custom_interface/msg/request_distance_msg__type_support.cpp.o[0m
[9.951s] [ 29%] [32mBuilding CXX object CMakeFiles/custom_interface__rosidl_typesupport_cpp.dir/rosidl_typesupport_cpp/custom_interface/action/countdown__type_support.cpp.o[0m
[10.114s] [ 30%] [32mBuilding CXX object CMakeFiles/custom_interface__rosidl_typesupport_introspection_cpp.dir/rosidl_typesupport_introspection_cpp/custom_interface/msg/detail/response_distance_msg__type_support.cpp.o[0m
[10.118s] [ 32%] [32mBuilding CXX object CMakeFiles/custom_interface__rosidl_typesupport_introspection_cpp.dir/rosidl_typesupport_introspection_cpp/custom_interface/msg/detail/request_distance_msg__type_support.cpp.o[0m
[10.118s] [ 33%] [32mBuilding CXX object CMakeFiles/custom_interface__rosidl_typesupport_introspection_cpp.dir/rosidl_typesupport_introspection_cpp/custom_interface/msg/detail/task_msg__type_support.cpp.o[0m
[10.121s] [ 35%] [32mBuilding CXX object CMakeFiles/custom_interface__rosidl_typesupport_introspection_cpp.dir/rosidl_typesupport_introspection_cpp/custom_interface/srv/detail/calculate_distance__type_support.cpp.o[0m
[10.126s] [ 36%] [32mBuilding CXX object CMakeFiles/custom_interface__rosidl_typesupport_introspection_cpp.dir/rosidl_typesupport_introspection_cpp/custom_interface/action/detail/countdown__type_support.cpp.o[0m
[10.139s] [ 38%] [32mBuilding CXX object CMakeFiles/custom_interface__rosidl_typesupport_introspection_cpp.dir/rosidl_typesupport_introspection_cpp/custom_interface/msg/detail/count__type_support.cpp.o[0m
[10.163s] [ 39%] [32mBuilding CXX object CMakeFiles/custom_interface__rosidl_typesupport_fastrtps_cpp.dir/rosidl_typesupport_fastrtps_cpp/custom_interface/msg/detail/dds_fastrtps/task_msg__type_support.cpp.o[0m
[10.164s] [ 40%] [32mBuilding CXX object CMakeFiles/custom_interface__rosidl_typesupport_fastrtps_cpp.dir/rosidl_typesupport_fastrtps_cpp/custom_interface/msg/detail/dds_fastrtps/count__type_support.cpp.o[0m
[10.167s] [ 42%] [32mBuilding CXX object CMakeFiles/custom_interface__rosidl_typesupport_fastrtps_cpp.dir/rosidl_typesupport_fastrtps_cpp/custom_interface/msg/detail/dds_fastrtps/response_distance_msg__type_support.cpp.o[0m
[10.168s] [ 43%] [32mBuilding CXX object CMakeFiles/custom_interface__rosidl_typesupport_fastrtps_cpp.dir/rosidl_typesupport_fastrtps_cpp/custom_interface/msg/detail/dds_fastrtps/request_distance_msg__type_support.cpp.o[0m
[10.169s] [ 45%] [32mBuilding CXX object CMakeFiles/custom_interface__rosidl_typesupport_fastrtps_cpp.dir/rosidl_typesupport_fastrtps_cpp/custom_interface/srv/detail/dds_fastrtps/calculate_distance__type_support.cpp.o[0m
[10.176s] [ 46%] [32mBuilding CXX object CMakeFiles/custom_interface__rosidl_typesupport_fastrtps_cpp.dir/rosidl_typesupport_fastrtps_cpp/custom_interface/action/detail/dds_fastrtps/countdown__type_support.cpp.o[0m
[10.355s] [ 47%] [32mBuilding CXX object CMakeFiles/custom_interface__rosidl_typesupport_c.dir/rosidl_typesupport_c/custom_interface/msg/task_msg__type_support.cpp.o[0m
[10.363s] [ 49%] [32mBuilding CXX object CMakeFiles/custom_interface__rosidl_typesupport_c.dir/rosidl_typesupport_c/custom_interface/msg/request_distance_msg__type_support.cpp.o[0m
[10.437s] [ 50%] [32mBuilding CXX object CMakeFiles/custom_interface__rosidl_typesupport_c.dir/rosidl_typesupport_c/custom_interface/srv/calculate_distance__type_support.cpp.o[0m
[10.437s] [ 52%] [32mBuilding CXX object CMakeFiles/custom_interface__rosidl_typesupport_c.dir/rosidl_typesupport_c/custom_interface/msg/response_distance_msg__type_support.cpp.o[0m
[10.501s] [ 54%] [32mBuilding CXX object CMakeFiles/custom_interface__rosidl_typesupport_c.dir/rosidl_typesupport_c/custom_interface/action/countdown__type_support.cpp.o[0m
[10.501s] [ 54%] [32mBuilding CXX object CMakeFiles/custom_interface__rosidl_typesupport_c.dir/rosidl_typesupport_c/custom_interface/msg/count__type_support.cpp.o[0m
[10.588s] [ 56%] [32m[1mLinking CXX shared library libcustom_interface__rosidl_typesupport_c.so[0m
[10.736s] [ 57%] [32mBuilding C object CMakeFiles/custom_interface__rosidl_typesupport_introspection_c.dir/rosidl_typesupport_introspection_c/custom_interface/srv/detail/calculate_distance__type_support.c.o[0m
[10.737s] [ 60%] [32mBuilding C object CMakeFiles/custom_interface__rosidl_typesupport_introspection_c.dir/rosidl_typesupport_introspection_c/custom_interface/msg/detail/request_distance_msg__type_support.c.o[0m
[10.743s] [ 60%] [32mBuilding C object CMakeFiles/custom_interface__rosidl_typesupport_introspection_c.dir/rosidl_typesupport_introspection_c/custom_interface/msg/detail/response_distance_msg__type_support.c.o[0m
[10.743s] [ 61%] [32mBuilding C object CMakeFiles/custom_interface__rosidl_typesupport_introspection_c.dir/rosidl_typesupport_introspection_c/custom_interface/msg/detail/task_msg__type_support.c.o[0m
[10.744s] [ 63%] [32mBuilding C object CMakeFiles/custom_interface__rosidl_typesupport_introspection_c.dir/rosidl_typesupport_introspection_c/custom_interface/action/detail/countdown__type_support.c.o[0m
[10.756s] [ 64%] [32mBuilding C object CMakeFiles/custom_interface__rosidl_typesupport_introspection_c.dir/rosidl_typesupport_introspection_c/custom_interface/msg/detail/count__type_support.c.o[0m
[10.834s] [ 64%] Built target custom_interface__rosidl_typesupport_c
[10.866s] [ 66%] [32m[1mLinking C shared library libcustom_interface__rosidl_typesupport_introspection_c.so[0m
[10.904s] [ 67%] [32mBuilding CXX object CMakeFiles/custom_interface__rosidl_typesupport_fastrtps_c.dir/rosidl_typesupport_fastrtps_c/custom_interface/msg/detail/response_distance_msg__type_support_c.cpp.o[0m
[10.905s] [ 69%] [32mBuilding CXX object CMakeFiles/custom_interface__rosidl_typesupport_fastrtps_c.dir/rosidl_typesupport_fastrtps_c/custom_interface/msg/detail/request_distance_msg__type_support_c.cpp.o[0m
[10.905s] [ 70%] [32mBuilding CXX object CMakeFiles/custom_interface__rosidl_typesupport_fastrtps_c.dir/rosidl_typesupport_fastrtps_c/custom_interface/srv/detail/calculate_distance__type_support_c.cpp.o[0m
[10.906s] [ 71%] [32mBuilding CXX object CMakeFiles/custom_interface__rosidl_typesupport_fastrtps_c.dir/rosidl_typesupport_fastrtps_c/custom_interface/msg/detail/task_msg__type_support_c.cpp.o[0m
[10.916s] [ 73%] [32mBuilding CXX object CMakeFiles/custom_interface__rosidl_typesupport_fastrtps_c.dir/rosidl_typesupport_fastrtps_c/custom_interface/action/detail/countdown__type_support_c.cpp.o[0m
[10.925s] [ 74%] [32mBuilding CXX object CMakeFiles/custom_interface__rosidl_typesupport_fastrtps_c.dir/rosidl_typesupport_fastrtps_c/custom_interface/msg/detail/count__type_support_c.cpp.o[0m
[11.093s] [ 74%] Built target custom_interface__rosidl_typesupport_introspection_c
[11.210s] [ 76%] [32m[1mLinking CXX shared library libcustom_interface__rosidl_typesupport_cpp.so[0m
[11.269s] [ 77%] [32m[1mLinking CXX shared library libcustom_interface__rosidl_typesupport_introspection_cpp.so[0m
[11.334s] [ 77%] Built target custom_interface__rosidl_typesupport_cpp
[11.440s] [ 77%] Built target custom_interface__rosidl_typesupport_introspection_cpp
[11.483s] [ 78%] [32m[1mLinking CXX shared library libcustom_interface__rosidl_typesupport_fastrtps_cpp.so[0m
[11.541s] [ 80%] [32m[1mLinking CXX shared library libcustom_interface__rosidl_typesupport_fastrtps_c.so[0m
[11.610s] [ 80%] Built target custom_interface__rosidl_typesupport_fastrtps_cpp
[11.705s] [ 80%] Built target custom_interface__rosidl_typesupport_fastrtps_c
[11.733s] [ 80%] Built target custom_interface
[11.757s] [ 81%] [34m[1mGenerating Python code for ROS interfaces[0m
[13.024s] [ 81%] Built target custom_interface__py
[13.048s] [ 83%] [32mBuilding C object CMakeFiles/custom_interface__rosidl_generator_py.dir/rosidl_generator_py/custom_interface/msg/_request_distance_msg_s.c.o[0m
[13.048s] [ 84%] [32mBuilding C object CMakeFiles/custom_interface__rosidl_generator_py.dir/rosidl_generator_py/custom_interface/msg/_task_msg_s.c.o[0m
[13.049s] [ 85%] [32mBuilding C object CMakeFiles/custom_interface__rosidl_generator_py.dir/rosidl_generator_py/custom_interface/srv/_calculate_distance_s.c.o[0m
[13.052s] [ 87%] [32mBuilding C object CMakeFiles/custom_interface__rosidl_generator_py.dir/rosidl_generator_py/custom_interface/msg/_response_distance_msg_s.c.o[0m
[13.054s] [ 88%] [32mBuilding C object CMakeFiles/custom_interface__rosidl_generator_py.dir/rosidl_generator_py/custom_interface/action/_countdown_s.c.o[0m
[13.056s] [ 90%] [32mBuilding C object CMakeFiles/custom_interface__rosidl_generator_py.dir/rosidl_generator_py/custom_interface/msg/_count_s.c.o[0m
[13.273s] [ 91%] [32m[1mLinking C shared library rosidl_generator_py/custom_interface/libcustom_interface__rosidl_generator_py.so[0m
[13.455s] [ 91%] Built target custom_interface__rosidl_generator_py
[13.480s] [ 92%] [32mBuilding C object CMakeFiles/custom_interface__rosidl_typesupport_fastrtps_c__pyext.dir/rosidl_generator_py/custom_interface/_custom_interface_s.ep.rosidl_typesupport_fastrtps_c.c.o[0m
[13.487s] [ 94%] [32mBuilding C object CMakeFiles/custom_interface__rosidl_typesupport_introspection_c__pyext.dir/rosidl_generator_py/custom_interface/_custom_interface_s.ep.rosidl_typesupport_introspection_c.c.o[0m
[13.490s] [ 95%] [32mBuilding C object CMakeFiles/custom_interface__rosidl_typesupport_c__pyext.dir/rosidl_generator_py/custom_interface/_custom_interface_s.ep.rosidl_typesupport_c.c.o[0m
[13.641s] [ 98%] [32m[1mLinking C shared library rosidl_generator_py/custom_interface/custom_interface_s__rosidl_typesupport_fastrtps_c.cpython-310-x86_64-linux-gnu.so[0m
[13.641s] [ 98%] [32m[1mLinking C shared library rosidl_generator_py/custom_interface/custom_interface_s__rosidl_typesupport_introspection_c.cpython-310-x86_64-linux-gnu.so[0m
[13.648s] [100%] [32m[1mLinking C shared library rosidl_generator_py/custom_interface/custom_interface_s__rosidl_typesupport_c.cpython-310-x86_64-linux-gnu.so[0m
[13.738s] [100%] Built target custom_interface__rosidl_typesupport_introspection_c__pyext
[13.738s] [100%] Built target custom_interface__rosidl_typesupport_fastrtps_c__pyext
[13.770s] [100%] Built target custom_interface__rosidl_typesupport_c__pyext
[13.784s] Invoked command in '/home/felix/robo/robo_ai_turku_2025/build/custom_interface' returned '0': CMAKE_PREFIX_PATH=${CMAKE_PREFIX_PATH}:/home/felix/robo/robo_ai_turku_2025/ros2_ws/install/lab01_task05:/home/felix/robo/robo_ai_turku_2025/ros2_ws/install/lab01_task03:/home/felix/robo/robo_ai_turku_2025/ros2_ws/install/lab01_task02:/home/felix/robo/robo_ai_turku_2025/ros2_ws/install/lab01_task01:/home/felix/robo/robo_ai_turku_2025/ros2_ws/install/lab1_bringup:/home/felix/robo/robo_ai_turku_2025/ros2_ws/install/task1:/opt/ros/humble /usr/bin/cmake --build /home/felix/robo/robo_ai_turku_2025/build/custom_interface -- -j22 -l22
[13.795s] Invoking command in '/home/felix/robo/robo_ai_turku_2025/build/custom_interface': CMAKE_PREFIX_PATH=${CMAKE_PREFIX_PATH}:/home/felix/robo/robo_ai_turku_2025/ros2_ws/install/lab01_task05:/home/felix/robo/robo_ai_turku_2025/ros2_ws/install/lab01_task03:/home/felix/robo/robo_ai_turku_2025/ros2_ws/install/lab01_task02:/home/felix/robo/robo_ai_turku_2025/ros2_ws/install/lab01_task01:/home/felix/robo/robo_ai_turku_2025/ros2_ws/install/lab1_bringup:/home/felix/robo/robo_ai_turku_2025/ros2_ws/install/task1:/opt/ros/humble /usr/bin/cmake --install /home/felix/robo/robo_ai_turku_2025/build/custom_interface
[13.803s] -- Install configuration: ""
[13.805s] -- Installing: /home/felix/robo/robo_ai_turku_2025/install/custom_interface/share/ament_index/resource_index/rosidl_interfaces/custom_interface
[13.805s] -- Installing: /home/felix/robo/robo_ai_turku_2025/install/custom_interface/include/custom_interface/custom_interface
[13.806s] -- Installing: /home/felix/robo/robo_ai_turku_2025/install/custom_interface/include/custom_interface/custom_interface/msg
[13.806s] -- Installing: /home/felix/robo/robo_ai_turku_2025/install/custom_interface/include/custom_interface/custom_interface/msg/count.h
[13.806s] -- Installing: /home/felix/robo/robo_ai_turku_2025/install/custom_interface/include/custom_interface/custom_interface/msg/task_msg.h
[13.807s] -- Installing: /home/felix/robo/robo_ai_turku_2025/install/custom_interface/include/custom_interface/custom_interface/msg/request_distance_msg.h
[13.807s] -- Installing: /home/felix/robo/robo_ai_turku_2025/install/custom_interface/include/custom_interface/custom_interface/msg/rosidl_generator_c__visibility_control.h
[13.807s] -- Installing: /home/felix/robo/robo_ai_turku_2025/install/custom_interface/include/custom_interface/custom_interface/msg/response_distance_msg.h
[13.807s] -- Installing: /home/felix/robo/robo_ai_turku_2025/install/custom_interface/include/custom_interface/custom_interface/msg/detail
[13.807s] -- Installing: /home/felix/robo/robo_ai_turku_2025/install/custom_interface/include/custom_interface/custom_interface/msg/detail/response_distance_msg__functions.c
[13.808s] -- Installing: /home/felix/robo/robo_ai_turku_2025/install/custom_interface/include/custom_interface/custom_interface/msg/detail/response_distance_msg__type_support.h
[13.808s] -- Installing: /home/felix/robo/robo_ai_turku_2025/install/custom_interface/include/custom_interface/custom_interface/msg/detail/task_msg__struct.h
[13.809s] -- Installing: /home/felix/robo/robo_ai_turku_2025/install/custom_interface/include/custom_interface/custom_interface/msg/detail/count__functions.h
[13.809s] -- Installing: /home/felix/robo/robo_ai_turku_2025/install/custom_interface/include/custom_interface/custom_interface/msg/detail/request_distance_msg__struct.h
[13.809s] -- Installing: /home/felix/robo/robo_ai_turku_2025/install/custom_interface/include/custom_interface/custom_interface/msg/detail/request_distance_msg__functions.h
[13.809s] -- Installing: /home/felix/robo/robo_ai_turku_2025/install/custom_interface/include/custom_interface/custom_interface/msg/detail/count__struct.h
[13.809s] -- Installing: /home/felix/robo/robo_ai_turku_2025/install/custom_interface/include/custom_interface/custom_interface/msg/detail/response_distance_msg__functions.h
[13.809s] -- Installing: /home/felix/robo/robo_ai_turku_2025/install/custom_interface/include/custom_interface/custom_interface/msg/detail/count__functions.c
[13.809s] -- Installing: /home/felix/robo/robo_ai_turku_2025/install/custom_interface/include/custom_interface/custom_interface/msg/detail/task_msg__functions.c
[13.810s] -- Installing: /home/felix/robo/robo_ai_turku_2025/install/custom_interface/include/custom_interface/custom_interface/msg/detail/task_msg__functions.h
[13.810s] -- Installing: /home/felix/robo/robo_ai_turku_2025/install/custom_interface/include/custom_interface/custom_interface/msg/detail/task_msg__type_support.h
[13.810s] -- Installing: /home/felix/robo/robo_ai_turku_2025/install/custom_interface/include/custom_interface/custom_interface/msg/detail/response_distance_msg__struct.h
[13.810s] -- Installing: /home/felix/robo/robo_ai_turku_2025/install/custom_interface/include/custom_interface/custom_interface/msg/detail/request_distance_msg__functions.c
[13.810s] -- Installing: /home/felix/robo/robo_ai_turku_2025/install/custom_interface/include/custom_interface/custom_interface/msg/detail/request_distance_msg__type_support.h
[13.810s] -- Installing: /home/felix/robo/robo_ai_turku_2025/install/custom_interface/include/custom_interface/custom_interface/msg/detail/count__type_support.h
[13.810s] -- Installing: /home/felix/robo/robo_ai_turku_2025/install/custom_interface/include/custom_interface/custom_interface/action
[13.810s] -- Installing: /home/felix/robo/robo_ai_turku_2025/install/custom_interface/include/custom_interface/custom_interface/action/countdown.h
[13.811s] -- Installing: /home/felix/robo/robo_ai_turku_2025/install/custom_interface/include/custom_interface/custom_interface/action/detail
[13.811s] -- Installing: /home/felix/robo/robo_ai_turku_2025/install/custom_interface/include/custom_interface/custom_interface/action/detail/countdown__type_support.h
[13.811s] -- Installing: /home/felix/robo/robo_ai_turku_2025/install/custom_interface/include/custom_interface/custom_interface/action/detail/countdown__functions.c
[13.811s] -- Installing: /home/felix/robo/robo_ai_turku_2025/install/custom_interface/include/custom_interface/custom_interface/action/detail/countdown__functions.h
[13.811s] -- Installing: /home/felix/robo/robo_ai_turku_2025/install/custom_interface/include/custom_interface/custom_interface/action/detail/countdown__struct.h
[13.811s] -- Installing: /home/felix/robo/robo_ai_turku_2025/install/custom_interface/include/custom_interface/custom_interface/srv
[13.811s] -- Installing: /home/felix/robo/robo_ai_turku_2025/install/custom_interface/include/custom_interface/custom_interface/srv/calculate_distance.h
[13.811s] -- Installing: /home/felix/robo/robo_ai_turku_2025/install/custom_interface/include/custom_interface/custom_interface/srv/detail
[13.812s] -- Installing: /home/felix/robo/robo_ai_turku_2025/install/custom_interface/include/custom_interface/custom_interface/srv/detail/calculate_distance__functions.c
[13.812s] -- Installing: /home/felix/robo/robo_ai_turku_2025/install/custom_interface/include/custom_interface/custom_interface/srv/detail/calculate_distance__type_support.h
[13.812s] -- Installing: /home/felix/robo/robo_ai_turku_2025/install/custom_interface/include/custom_interface/custom_interface/srv/detail/calculate_distance__functions.h
[13.812s] -- Installing: /home/felix/robo/robo_ai_turku_2025/install/custom_interface/include/custom_interface/custom_interface/srv/detail/calculate_distance__struct.h
[13.812s] -- Installing: /home/felix/robo/robo_ai_turku_2025/install/custom_interface/share/custom_interface/environment/library_path.sh
[13.812s] -- Installing: /home/felix/robo/robo_ai_turku_2025/install/custom_interface/share/custom_interface/environment/library_path.dsv
[13.812s] -- Installing: /home/felix/robo/robo_ai_turku_2025/install/custom_interface/lib/libcustom_interface__rosidl_generator_c.so
[13.812s] -- Set runtime path of "/home/felix/robo/robo_ai_turku_2025/install/custom_interface/lib/libcustom_interface__rosidl_generator_c.so" to ""
[13.813s] -- Up-to-date: /home/felix/robo/robo_ai_turku_2025/install/custom_interface/include/custom_interface/custom_interface
[13.813s] -- Up-to-date: /home/felix/robo/robo_ai_turku_2025/install/custom_interface/include/custom_interface/custom_interface/msg
[13.813s] -- Up-to-date: /home/felix/robo/robo_ai_turku_2025/install/custom_interface/include/custom_interface/custom_interface/msg/detail
[13.813s] -- Installing: /home/felix/robo/robo_ai_turku_2025/install/custom_interface/include/custom_interface/custom_interface/msg/detail/task_msg__rosidl_typesupport_fastrtps_c.h
[13.813s] -- Installing: /home/felix/robo/robo_ai_turku_2025/install/custom_interface/include/custom_interface/custom_interface/msg/detail/request_distance_msg__rosidl_typesupport_fastrtps_c.h
[13.813s] -- Installing: /home/felix/robo/robo_ai_turku_2025/install/custom_interface/include/custom_interface/custom_interface/msg/detail/count__rosidl_typesupport_fastrtps_c.h
[13.814s] -- Installing: /home/felix/robo/robo_ai_turku_2025/install/custom_interface/include/custom_interface/custom_interface/msg/detail/response_distance_msg__rosidl_typesupport_fastrtps_c.h
[13.814s] -- Installing: /home/felix/robo/robo_ai_turku_2025/install/custom_interface/include/custom_interface/custom_interface/msg/rosidl_typesupport_fastrtps_c__visibility_control.h
[13.814s] -- Up-to-date: /home/felix/robo/robo_ai_turku_2025/install/custom_interface/include/custom_interface/custom_interface/action
[13.814s] -- Up-to-date: /home/felix/robo/robo_ai_turku_2025/install/custom_interface/include/custom_interface/custom_interface/action/detail
[13.814s] -- Installing: /home/felix/robo/robo_ai_turku_2025/install/custom_interface/include/custom_interface/custom_interface/action/detail/countdown__rosidl_typesupport_fastrtps_c.h
[13.814s] -- Up-to-date: /home/felix/robo/robo_ai_turku_2025/install/custom_interface/include/custom_interface/custom_interface/srv
[13.814s] -- Up-to-date: /home/felix/robo/robo_ai_turku_2025/install/custom_interface/include/custom_interface/custom_interface/srv/detail
[13.815s] -- Installing: /home/felix/robo/robo_ai_turku_2025/install/custom_interface/include/custom_interface/custom_interface/srv/detail/calculate_distance__rosidl_typesupport_fastrtps_c.h
[13.815s] -- Installing: /home/felix/robo/robo_ai_turku_2025/install/custom_interface/lib/libcustom_interface__rosidl_typesupport_fastrtps_c.so
[13.815s] -- Set runtime path of "/home/felix/robo/robo_ai_turku_2025/install/custom_interface/lib/libcustom_interface__rosidl_typesupport_fastrtps_c.so" to ""
[13.815s] -- Up-to-date: /home/felix/robo/robo_ai_turku_2025/install/custom_interface/include/custom_interface/custom_interface
[13.815s] -- Up-to-date: /home/felix/robo/robo_ai_turku_2025/install/custom_interface/include/custom_interface/custom_interface/msg
[13.815s] -- Installing: /home/felix/robo/robo_ai_turku_2025/install/custom_interface/include/custom_interface/custom_interface/msg/request_distance_msg.hpp
[13.815s] -- Installing: /home/felix/robo/robo_ai_turku_2025/install/custom_interface/include/custom_interface/custom_interface/msg/count.hpp
[13.815s] -- Installing: /home/felix/robo/robo_ai_turku_2025/install/custom_interface/include/custom_interface/custom_interface/msg/response_distance_msg.hpp
[13.815s] -- Installing: /home/felix/robo/robo_ai_turku_2025/install/custom_interface/include/custom_interface/custom_interface/msg/rosidl_generator_cpp__visibility_control.hpp
[13.815s] -- Installing: /home/felix/robo/robo_ai_turku_2025/install/custom_interface/include/custom_interface/custom_interface/msg/task_msg.hpp
[13.815s] -- Up-to-date: /home/felix/robo/robo_ai_turku_2025/install/custom_interface/include/custom_interface/custom_interface/msg/detail
[13.815s] -- Installing: /home/felix/robo/robo_ai_turku_2025/install/custom_interface/include/custom_interface/custom_interface/msg/detail/request_distance_msg__builder.hpp
[13.816s] -- Installing: /home/felix/robo/robo_ai_turku_2025/install/custom_interface/include/custom_interface/custom_interface/msg/detail/task_msg__traits.hpp
[13.816s] -- Installing: /home/felix/robo/robo_ai_turku_2025/install/custom_interface/include/custom_interface/custom_interface/msg/detail/task_msg__builder.hpp
[13.816s] -- Installing: /home/felix/robo/robo_ai_turku_2025/install/custom_interface/include/custom_interface/custom_interface/msg/detail/request_distance_msg__traits.hpp
[13.816s] -- Installing: /home/felix/robo/robo_ai_turku_2025/install/custom_interface/include/custom_interface/custom_interface/msg/detail/request_distance_msg__struct.hpp
[13.816s] -- Installing: /home/felix/robo/robo_ai_turku_2025/install/custom_interface/include/custom_interface/custom_interface/msg/detail/count__traits.hpp
[13.816s] -- Installing: /home/felix/robo/robo_ai_turku_2025/install/custom_interface/include/custom_interface/custom_interface/msg/detail/response_distance_msg__type_support.hpp
[13.816s] -- Installing: /home/felix/robo/robo_ai_turku_2025/install/custom_interface/include/custom_interface/custom_interface/msg/detail/response_distance_msg__struct.hpp
[13.816s] -- Installing: /home/felix/robo/robo_ai_turku_2025/install/custom_interface/include/custom_interface/custom_interface/msg/detail/response_distance_msg__traits.hpp
[13.817s] -- Installing: /home/felix/robo/robo_ai_turku_2025/install/custom_interface/include/custom_interface/custom_interface/msg/detail/response_distance_msg__builder.hpp
[13.817s] -- Installing: /home/felix/robo/robo_ai_turku_2025/install/custom_interface/include/custom_interface/custom_interface/msg/detail/count__struct.hpp
[13.817s] -- Installing: /home/felix/robo/robo_ai_turku_2025/install/custom_interface/include/custom_interface/custom_interface/msg/detail/count__type_support.hpp
[13.817s] -- Installing: /home/felix/robo/robo_ai_turku_2025/install/custom_interface/include/custom_interface/custom_interface/msg/detail/task_msg__struct.hpp
[13.817s] -- Installing: /home/felix/robo/robo_ai_turku_2025/install/custom_interface/include/custom_interface/custom_interface/msg/detail/count__builder.hpp
[13.817s] -- Installing: /home/felix/robo/robo_ai_turku_2025/install/custom_interface/include/custom_interface/custom_interface/msg/detail/request_distance_msg__type_support.hpp
[13.817s] -- Installing: /home/felix/robo/robo_ai_turku_2025/install/custom_interface/include/custom_interface/custom_interface/msg/detail/task_msg__type_support.hpp
[13.817s] -- Up-to-date: /home/felix/robo/robo_ai_turku_2025/install/custom_interface/include/custom_interface/custom_interface/action
[13.818s] -- Installing: /home/felix/robo/robo_ai_turku_2025/install/custom_interface/include/custom_interface/custom_interface/action/countdown.hpp
[13.818s] -- Up-to-date: /home/felix/robo/robo_ai_turku_2025/install/custom_interface/include/custom_interface/custom_interface/action/detail
[13.818s] -- Installing: /home/felix/robo/robo_ai_turku_2025/install/custom_interface/include/custom_interface/custom_interface/action/detail/countdown__type_support.hpp
[13.818s] -- Installing: /home/felix/robo/robo_ai_turku_2025/install/custom_interface/include/custom_interface/custom_interface/action/detail/countdown__builder.hpp
[13.818s] -- Installing: /home/felix/robo/robo_ai_turku_2025/install/custom_interface/include/custom_interface/custom_interface/action/detail/countdown__struct.hpp
[13.818s] -- Installing: /home/felix/robo/robo_ai_turku_2025/install/custom_interface/include/custom_interface/custom_interface/action/detail/countdown__traits.hpp
[13.818s] -- Up-to-date: /home/felix/robo/robo_ai_turku_2025/install/custom_interface/include/custom_interface/custom_interface/srv
[13.818s] -- Installing: /home/felix/robo/robo_ai_turku_2025/install/custom_interface/include/custom_interface/custom_interface/srv/calculate_distance.hpp
[13.818s] -- Up-to-date: /home/felix/robo/robo_ai_turku_2025/install/custom_interface/include/custom_interface/custom_interface/srv/detail
[13.819s] -- Installing: /home/felix/robo/robo_ai_turku_2025/install/custom_interface/include/custom_interface/custom_interface/srv/detail/calculate_distance__type_support.hpp
[13.819s] -- Installing: /home/felix/robo/robo_ai_turku_2025/install/custom_interface/include/custom_interface/custom_interface/srv/detail/calculate_distance__builder.hpp
[13.819s] -- Installing: /home/felix/robo/robo_ai_turku_2025/install/custom_interface/include/custom_interface/custom_interface/srv/detail/calculate_distance__traits.hpp
[13.819s] -- Installing: /home/felix/robo/robo_ai_turku_2025/install/custom_interface/include/custom_interface/custom_interface/srv/detail/calculate_distance__struct.hpp
[13.819s] -- Up-to-date: /home/felix/robo/robo_ai_turku_2025/install/custom_interface/include/custom_interface/custom_interface
[13.819s] -- Up-to-date: /home/felix/robo/robo_ai_turku_2025/install/custom_interface/include/custom_interface/custom_interface/msg
[13.819s] -- Installing: /home/felix/robo/robo_ai_turku_2025/install/custom_interface/include/custom_interface/custom_interface/msg/rosidl_typesupport_fastrtps_cpp__visibility_control.h
[13.819s] -- Up-to-date: /home/felix/robo/robo_ai_turku_2025/install/custom_interface/include/custom_interface/custom_interface/msg/detail
[13.819s] -- Installing: /home/felix/robo/robo_ai_turku_2025/install/custom_interface/include/custom_interface/custom_interface/msg/detail/request_distance_msg__rosidl_typesupport_fastrtps_cpp.hpp
[13.819s] -- Installing: /home/felix/robo/robo_ai_turku_2025/install/custom_interface/include/custom_interface/custom_interface/msg/detail/response_distance_msg__rosidl_typesupport_fastrtps_cpp.hpp
[13.820s] -- Installing: /home/felix/robo/robo_ai_turku_2025/install/custom_interface/include/custom_interface/custom_interface/msg/detail/task_msg__rosidl_typesupport_fastrtps_cpp.hpp
[13.820s] -- Installing: /home/felix/robo/robo_ai_turku_2025/install/custom_interface/include/custom_interface/custom_interface/msg/detail/count__rosidl_typesupport_fastrtps_cpp.hpp
[13.820s] -- Installing: /home/felix/robo/robo_ai_turku_2025/install/custom_interface/include/custom_interface/custom_interface/msg/detail/dds_fastrtps
[13.820s] -- Up-to-date: /home/felix/robo/robo_ai_turku_2025/install/custom_interface/include/custom_interface/custom_interface/action
[13.820s] -- Up-to-date: /home/felix/robo/robo_ai_turku_2025/install/custom_interface/include/custom_interface/custom_interface/action/detail
[13.820s] -- Installing: /home/felix/robo/robo_ai_turku_2025/install/custom_interface/include/custom_interface/custom_interface/action/detail/dds_fastrtps
[13.820s] -- Installing: /home/felix/robo/robo_ai_turku_2025/install/custom_interface/include/custom_interface/custom_interface/action/detail/countdown__rosidl_typesupport_fastrtps_cpp.hpp
[13.820s] -- Up-to-date: /home/felix/robo/robo_ai_turku_2025/install/custom_interface/include/custom_interface/custom_interface/srv
[13.820s] -- Up-to-date: /home/felix/robo/robo_ai_turku_2025/install/custom_interface/include/custom_interface/custom_interface/srv/detail
[13.820s] -- Installing: /home/felix/robo/robo_ai_turku_2025/install/custom_interface/include/custom_interface/custom_interface/srv/detail/calculate_distance__rosidl_typesupport_fastrtps_cpp.hpp
[13.820s] -- Installing: /home/felix/robo/robo_ai_turku_2025/install/custom_interface/include/custom_interface/custom_interface/srv/detail/dds_fastrtps
[13.820s] -- Installing: /home/felix/robo/robo_ai_turku_2025/install/custom_interface/lib/libcustom_interface__rosidl_typesupport_fastrtps_cpp.so
[13.821s] -- Set runtime path of "/home/felix/robo/robo_ai_turku_2025/install/custom_interface/lib/libcustom_interface__rosidl_typesupport_fastrtps_cpp.so" to ""
[13.821s] -- Up-to-date: /home/felix/robo/robo_ai_turku_2025/install/custom_interface/include/custom_interface/custom_interface
[13.821s] -- Up-to-date: /home/felix/robo/robo_ai_turku_2025/install/custom_interface/include/custom_interface/custom_interface/msg
[13.821s] -- Installing: /home/felix/robo/robo_ai_turku_2025/install/custom_interface/include/custom_interface/custom_interface/msg/rosidl_typesupport_introspection_c__visibility_control.h
[13.821s] -- Up-to-date: /home/felix/robo/robo_ai_turku_2025/install/custom_interface/include/custom_interface/custom_interface/msg/detail
[13.821s] -- Installing: /home/felix/robo/robo_ai_turku_2025/install/custom_interface/include/custom_interface/custom_interface/msg/detail/count__rosidl_typesupport_introspection_c.h
[13.821s] -- Installing: /home/felix/robo/robo_ai_turku_2025/install/custom_interface/include/custom_interface/custom_interface/msg/detail/response_distance_msg__rosidl_typesupport_introspection_c.h
[13.821s] -- Installing: /home/felix/robo/robo_ai_turku_2025/install/custom_interface/include/custom_interface/custom_interface/msg/detail/response_distance_msg__type_support.c
[13.821s] -- Installing: /home/felix/robo/robo_ai_turku_2025/install/custom_interface/include/custom_interface/custom_interface/msg/detail/request_distance_msg__rosidl_typesupport_introspection_c.h
[13.822s] -- Installing: /home/felix/robo/robo_ai_turku_2025/install/custom_interface/include/custom_interface/custom_interface/msg/detail/request_distance_msg__type_support.c
[13.822s] -- Installing: /home/felix/robo/robo_ai_turku_2025/install/custom_interface/include/custom_interface/custom_interface/msg/detail/task_msg__rosidl_typesupport_introspection_c.h
[13.822s] -- Installing: /home/felix/robo/robo_ai_turku_2025/install/custom_interface/include/custom_interface/custom_interface/msg/detail/count__type_support.c
[13.822s] -- Installing: /home/felix/robo/robo_ai_turku_2025/install/custom_interface/include/custom_interface/custom_interface/msg/detail/task_msg__type_support.c
[13.822s] -- Up-to-date: /home/felix/robo/robo_ai_turku_2025/install/custom_interface/include/custom_interface/custom_interface/action
[13.822s] -- Up-to-date: /home/felix/robo/robo_ai_turku_2025/install/custom_interface/include/custom_interface/custom_interface/action/detail
[13.822s] -- Installing: /home/felix/robo/robo_ai_turku_2025/install/custom_interface/include/custom_interface/custom_interface/action/detail/countdown__type_support.c
[13.823s] -- Installing: /home/felix/robo/robo_ai_turku_2025/install/custom_interface/include/custom_interface/custom_interface/action/detail/countdown__rosidl_typesupport_introspection_c.h
[13.824s] -- Up-to-date: /home/felix/robo/robo_ai_turku_2025/install/custom_interface/include/custom_interface/custom_interface/srv
[13.824s] -- Up-to-date: /home/felix/robo/robo_ai_turku_2025/install/custom_interface/include/custom_interface/custom_interface/srv/detail
[13.824s] -- Installing: /home/felix/robo/robo_ai_turku_2025/install/custom_interface/include/custom_interface/custom_interface/srv/detail/calculate_distance__type_support.c
[13.824s] -- Installing: /home/felix/robo/robo_ai_turku_2025/install/custom_interface/include/custom_interface/custom_interface/srv/detail/calculate_distance__rosidl_typesupport_introspection_c.h
[13.824s] -- Installing: /home/felix/robo/robo_ai_turku_2025/install/custom_interface/lib/libcustom_interface__rosidl_typesupport_introspection_c.so
[13.824s] -- Set runtime path of "/home/felix/robo/robo_ai_turku_2025/install/custom_interface/lib/libcustom_interface__rosidl_typesupport_introspection_c.so" to ""
[13.824s] -- Installing: /home/felix/robo/robo_ai_turku_2025/install/custom_interface/lib/libcustom_interface__rosidl_typesupport_c.so
[13.824s] -- Set runtime path of "/home/felix/robo/robo_ai_turku_2025/install/custom_interface/lib/libcustom_interface__rosidl_typesupport_c.so" to ""
[13.825s] -- Up-to-date: /home/felix/robo/robo_ai_turku_2025/install/custom_interface/include/custom_interface/custom_interface
[13.825s] -- Up-to-date: /home/felix/robo/robo_ai_turku_2025/install/custom_interface/include/custom_interface/custom_interface/msg
[13.825s] -- Up-to-date: /home/felix/robo/robo_ai_turku_2025/install/custom_interface/include/custom_interface/custom_interface/msg/detail
[13.825s] -- Installing: /home/felix/robo/robo_ai_turku_2025/install/custom_interface/include/custom_interface/custom_interface/msg/detail/request_distance_msg__rosidl_typesupport_introspection_cpp.hpp
[13.825s] -- Installing: /home/felix/robo/robo_ai_turku_2025/install/custom_interface/include/custom_interface/custom_interface/msg/detail/count__rosidl_typesupport_introspection_cpp.hpp
[13.825s] -- Installing: /home/felix/robo/robo_ai_turku_2025/install/custom_interface/include/custom_interface/custom_interface/msg/detail/task_msg__rosidl_typesupport_introspection_cpp.hpp
[13.825s] -- Installing: /home/felix/robo/robo_ai_turku_2025/install/custom_interface/include/custom_interface/custom_interface/msg/detail/request_distance_msg__type_support.cpp
[13.825s] -- Installing: /home/felix/robo/robo_ai_turku_2025/install/custom_interface/include/custom_interface/custom_interface/msg/detail/response_distance_msg__type_support.cpp
[13.825s] -- Installing: /home/felix/robo/robo_ai_turku_2025/install/custom_interface/include/custom_interface/custom_interface/msg/detail/task_msg__type_support.cpp
[13.825s] -- Installing: /home/felix/robo/robo_ai_turku_2025/install/custom_interface/include/custom_interface/custom_interface/msg/detail/response_distance_msg__rosidl_typesupport_introspection_cpp.hpp
[13.825s] -- Installing: /home/felix/robo/robo_ai_turku_2025/install/custom_interface/include/custom_interface/custom_interface/msg/detail/count__type_support.cpp
[13.825s] -- Up-to-date: /home/felix/robo/robo_ai_turku_2025/install/custom_interface/include/custom_interface/custom_interface/action
[13.825s] -- Up-to-date: /home/felix/robo/robo_ai_turku_2025/install/custom_interface/include/custom_interface/custom_interface/action/detail
[13.825s] -- Installing: /home/felix/robo/robo_ai_turku_2025/install/custom_interface/include/custom_interface/custom_interface/action/detail/countdown__rosidl_typesupport_introspection_cpp.hpp
[13.825s] -- Installing: /home/felix/robo/robo_ai_turku_2025/install/custom_interface/include/custom_interface/custom_interface/action/detail/countdown__type_support.cpp
[13.825s] -- Up-to-date: /home/felix/robo/robo_ai_turku_2025/install/custom_interface/include/custom_interface/custom_interface/srv
[13.825s] -- Up-to-date: /home/felix/robo/robo_ai_turku_2025/install/custom_interface/include/custom_interface/custom_interface/srv/detail
[13.825s] -- Installing: /home/felix/robo/robo_ai_turku_2025/install/custom_interface/include/custom_interface/custom_interface/srv/detail/calculate_distance__rosidl_typesupport_introspection_cpp.hpp
[13.825s] -- Installing: /home/felix/robo/robo_ai_turku_2025/install/custom_interface/include/custom_interface/custom_interface/srv/detail/calculate_distance__type_support.cpp
[13.826s] -- Installing: /home/felix/robo/robo_ai_turku_2025/install/custom_interface/lib/libcustom_interface__rosidl_typesupport_introspection_cpp.so
[13.826s] -- Set runtime path of "/home/felix/robo/robo_ai_turku_2025/install/custom_interface/lib/libcustom_interface__rosidl_typesupport_introspection_cpp.so" to ""
[13.826s] -- Installing: /home/felix/robo/robo_ai_turku_2025/install/custom_interface/lib/libcustom_interface__rosidl_typesupport_cpp.so
[13.826s] -- Set runtime path of "/home/felix/robo/robo_ai_turku_2025/install/custom_interface/lib/libcustom_interface__rosidl_typesupport_cpp.so" to ""
[13.827s] -- Installing: /home/felix/robo/robo_ai_turku_2025/install/custom_interface/share/custom_interface/environment/pythonpath.sh
[13.827s] -- Installing: /home/felix/robo/robo_ai_turku_2025/install/custom_interface/share/custom_interface/environment/pythonpath.dsv
[13.827s] -- Installing: /home/felix/robo/robo_ai_turku_2025/install/custom_interface/local/lib/python3.10/dist-packages/custom_interface-0.0.0-py3.10.egg-info
[13.827s] -- Installing: /home/felix/robo/robo_ai_turku_2025/install/custom_interface/local/lib/python3.10/dist-packages/custom_interface-0.0.0-py3.10.egg-info/dependency_links.txt
[13.828s] -- Installing: /home/felix/robo/robo_ai_turku_2025/install/custom_interface/local/lib/python3.10/dist-packages/custom_interface-0.0.0-py3.10.egg-info/PKG-INFO
[13.828s] -- Installing: /home/felix/robo/robo_ai_turku_2025/install/custom_interface/local/lib/python3.10/dist-packages/custom_interface-0.0.0-py3.10.egg-info/SOURCES.txt
[13.828s] -- Installing: /home/felix/robo/robo_ai_turku_2025/install/custom_interface/local/lib/python3.10/dist-packages/custom_interface-0.0.0-py3.10.egg-info/top_level.txt
[13.829s] -- Installing: /home/felix/robo/robo_ai_turku_2025/install/custom_interface/local/lib/python3.10/dist-packages/custom_interface
[13.829s] -- Installing: /home/felix/robo/robo_ai_turku_2025/install/custom_interface/local/lib/python3.10/dist-packages/custom_interface/_custom_interface_s.ep.rosidl_typesupport_fastrtps_c.c
[13.829s] -- Installing: /home/felix/robo/robo_ai_turku_2025/install/custom_interface/local/lib/python3.10/dist-packages/custom_interface/__init__.py
[13.829s] -- Installing: /home/felix/robo/robo_ai_turku_2025/install/custom_interface/local/lib/python3.10/dist-packages/custom_interface/msg
[13.830s] -- Installing: /home/felix/robo/robo_ai_turku_2025/install/custom_interface/local/lib/python3.10/dist-packages/custom_interface/msg/_response_distance_msg.py
[13.830s] -- Installing: /home/felix/robo/robo_ai_turku_2025/install/custom_interface/local/lib/python3.10/dist-packages/custom_interface/msg/_response_distance_msg_s.c
[13.830s] -- Installing: /home/felix/robo/robo_ai_turku_2025/install/custom_interface/local/lib/python3.10/dist-packages/custom_interface/msg/_request_distance_msg.py
[13.830s] -- Installing: /home/felix/robo/robo_ai_turku_2025/install/custom_interface/local/lib/python3.10/dist-packages/custom_interface/msg/__init__.py
[13.831s] -- Installing: /home/felix/robo/robo_ai_turku_2025/install/custom_interface/local/lib/python3.10/dist-packages/custom_interface/msg/_count_s.c
[13.831s] -- Installing: /home/felix/robo/robo_ai_turku_2025/install/custom_interface/local/lib/python3.10/dist-packages/custom_interface/msg/_count.py
[13.831s] -- Installing: /home/felix/robo/robo_ai_turku_2025/install/custom_interface/local/lib/python3.10/dist-packages/custom_interface/msg/_task_msg_s.c
[13.831s] -- Installing: /home/felix/robo/robo_ai_turku_2025/install/custom_interface/local/lib/python3.10/dist-packages/custom_interface/msg/_request_distance_msg_s.c
[13.831s] -- Installing: /home/felix/robo/robo_ai_turku_2025/install/custom_interface/local/lib/python3.10/dist-packages/custom_interface/msg/_task_msg.py
[13.831s] -- Installing: /home/felix/robo/robo_ai_turku_2025/install/custom_interface/local/lib/python3.10/dist-packages/custom_interface/action
[13.832s] -- Installing: /home/felix/robo/robo_ai_turku_2025/install/custom_interface/local/lib/python3.10/dist-packages/custom_interface/action/__init__.py
[13.832s] -- Installing: /home/felix/robo/robo_ai_turku_2025/install/custom_interface/local/lib/python3.10/dist-packages/custom_interface/action/_countdown.py
[13.832s] -- Installing: /home/felix/robo/robo_ai_turku_2025/install/custom_interface/local/lib/python3.10/dist-packages/custom_interface/action/_countdown_s.c
[13.832s] -- Installing: /home/felix/robo/robo_ai_turku_2025/install/custom_interface/local/lib/python3.10/dist-packages/custom_interface/srv
[13.832s] -- Installing: /home/felix/robo/robo_ai_turku_2025/install/custom_interface/local/lib/python3.10/dist-packages/custom_interface/srv/__init__.py
[13.832s] -- Installing: /home/felix/robo/robo_ai_turku_2025/install/custom_interface/local/lib/python3.10/dist-packages/custom_interface/srv/_calculate_distance.py
[13.832s] -- Installing: /home/felix/robo/robo_ai_turku_2025/install/custom_interface/local/lib/python3.10/dist-packages/custom_interface/srv/_calculate_distance_s.c
[13.832s] -- Installing: /home/felix/robo/robo_ai_turku_2025/install/custom_interface/local/lib/python3.10/dist-packages/custom_interface/custom_interface_s__rosidl_typesupport_c.cpython-310-x86_64-linux-gnu.so
[13.832s] -- Installing: /home/felix/robo/robo_ai_turku_2025/install/custom_interface/local/lib/python3.10/dist-packages/custom_interface/libcustom_interface__rosidl_generator_py.so
[13.832s] -- Installing: /home/felix/robo/robo_ai_turku_2025/install/custom_interface/local/lib/python3.10/dist-packages/custom_interface/custom_interface_s__rosidl_typesupport_fastrtps_c.cpython-310-x86_64-linux-gnu.so
[13.832s] -- Installing: /home/felix/robo/robo_ai_turku_2025/install/custom_interface/local/lib/python3.10/dist-packages/custom_interface/custom_interface_s__rosidl_typesupport_introspection_c.cpython-310-x86_64-linux-gnu.so
[13.832s] -- Installing: /home/felix/robo/robo_ai_turku_2025/install/custom_interface/local/lib/python3.10/dist-packages/custom_interface/_custom_interface_s.ep.rosidl_typesupport_introspection_c.c
[13.832s] -- Installing: /home/felix/robo/robo_ai_turku_2025/install/custom_interface/local/lib/python3.10/dist-packages/custom_interface/_custom_interface_s.ep.rosidl_typesupport_c.c
[13.889s] Listing '/home/felix/robo/robo_ai_turku_2025/install/custom_interface/local/lib/python3.10/dist-packages/custom_interface'...
[13.889s] Compiling '/home/felix/robo/robo_ai_turku_2025/install/custom_interface/local/lib/python3.10/dist-packages/custom_interface/__init__.py'...
[13.889s] Listing '/home/felix/robo/robo_ai_turku_2025/install/custom_interface/local/lib/python3.10/dist-packages/custom_interface/action'...
[13.889s] Compiling '/home/felix/robo/robo_ai_turku_2025/install/custom_interface/local/lib/python3.10/dist-packages/custom_interface/action/__init__.py'...
[13.889s] Compiling '/home/felix/robo/robo_ai_turku_2025/install/custom_interface/local/lib/python3.10/dist-packages/custom_interface/action/_countdown.py'...
[13.889s] Listing '/home/felix/robo/robo_ai_turku_2025/install/custom_interface/local/lib/python3.10/dist-packages/custom_interface/msg'...
[13.889s] Compiling '/home/felix/robo/robo_ai_turku_2025/install/custom_interface/local/lib/python3.10/dist-packages/custom_interface/msg/__init__.py'...
[13.889s] Compiling '/home/felix/robo/robo_ai_turku_2025/install/custom_interface/local/lib/python3.10/dist-packages/custom_interface/msg/_count.py'...
[13.889s] Compiling '/home/felix/robo/robo_ai_turku_2025/install/custom_interface/local/lib/python3.10/dist-packages/custom_interface/msg/_request_distance_msg.py'...
[13.889s] Compiling '/home/felix/robo/robo_ai_turku_2025/install/custom_interface/local/lib/python3.10/dist-packages/custom_interface/msg/_response_distance_msg.py'...
[13.889s] Compiling '/home/felix/robo/robo_ai_turku_2025/install/custom_interface/local/lib/python3.10/dist-packages/custom_interface/msg/_task_msg.py'...
[13.889s] Listing '/home/felix/robo/robo_ai_turku_2025/install/custom_interface/local/lib/python3.10/dist-packages/custom_interface/srv'...
[13.889s] Compiling '/home/felix/robo/robo_ai_turku_2025/install/custom_interface/local/lib/python3.10/dist-packages/custom_interface/srv/__init__.py'...
[13.890s] Compiling '/home/felix/robo/robo_ai_turku_2025/install/custom_interface/local/lib/python3.10/dist-packages/custom_interface/srv/_calculate_distance.py'...
[13.898s] -- Installing: /home/felix/robo/robo_ai_turku_2025/install/custom_interface/local/lib/python3.10/dist-packages/custom_interface/custom_interface_s__rosidl_typesupport_fastrtps_c.cpython-310-x86_64-linux-gnu.so
[13.899s] -- Set runtime path of "/home/felix/robo/robo_ai_turku_2025/install/custom_interface/local/lib/python3.10/dist-packages/custom_interface/custom_interface_s__rosidl_typesupport_fastrtps_c.cpython-310-x86_64-linux-gnu.so" to ""
[13.899s] -- Installing: /home/felix/robo/robo_ai_turku_2025/install/custom_interface/local/lib/python3.10/dist-packages/custom_interface/custom_interface_s__rosidl_typesupport_introspection_c.cpython-310-x86_64-linux-gnu.so
[13.900s] -- Set runtime path of "/home/felix/robo/robo_ai_turku_2025/install/custom_interface/local/lib/python3.10/dist-packages/custom_interface/custom_interface_s__rosidl_typesupport_introspection_c.cpython-310-x86_64-linux-gnu.so" to ""
[13.900s] -- Installing: /home/felix/robo/robo_ai_turku_2025/install/custom_interface/local/lib/python3.10/dist-packages/custom_interface/custom_interface_s__rosidl_typesupport_c.cpython-310-x86_64-linux-gnu.so
[13.900s] -- Set runtime path of "/home/felix/robo/robo_ai_turku_2025/install/custom_interface/local/lib/python3.10/dist-packages/custom_interface/custom_interface_s__rosidl_typesupport_c.cpython-310-x86_64-linux-gnu.so" to ""
[13.900s] -- Installing: /home/felix/robo/robo_ai_turku_2025/install/custom_interface/lib/libcustom_interface__rosidl_generator_py.so
[13.901s] -- Set runtime path of "/home/felix/robo/robo_ai_turku_2025/install/custom_interface/lib/libcustom_interface__rosidl_generator_py.so" to ""
[13.902s] -- Installing: /home/felix/robo/robo_ai_turku_2025/install/custom_interface/share/custom_interface/msg/TaskMsg.idl
[13.902s] -- Installing: /home/felix/robo/robo_ai_turku_2025/install/custom_interface/share/custom_interface/msg/RequestDistanceMsg.idl
[13.902s] -- Installing: /home/felix/robo/robo_ai_turku_2025/install/custom_interface/share/custom_interface/msg/ResponseDistanceMsg.idl
[13.903s] -- Installing: /home/felix/robo/robo_ai_turku_2025/install/custom_interface/share/custom_interface/srv/CalculateDistance.idl
[13.903s] -- Installing: /home/felix/robo/robo_ai_turku_2025/install/custom_interface/share/custom_interface/action/Countdown.idl
[13.904s] -- Installing: /home/felix/robo/robo_ai_turku_2025/install/custom_interface/share/custom_interface/msg/Count.idl
[13.904s] -- Installing: /home/felix/robo/robo_ai_turku_2025/install/custom_interface/share/custom_interface/msg/TaskMsg.msg
[13.905s] -- Installing: /home/felix/robo/robo_ai_turku_2025/install/custom_interface/share/custom_interface/msg/RequestDistanceMsg.msg
[13.905s] -- Installing: /home/felix/robo/robo_ai_turku_2025/install/custom_interface/share/custom_interface/msg/ResponseDistanceMsg.msg
[13.905s] -- Installing: /home/felix/robo/robo_ai_turku_2025/install/custom_interface/share/custom_interface/srv/CalculateDistance.srv
[13.906s] -- Installing: /home/felix/robo/robo_ai_turku_2025/install/custom_interface/share/custom_interface/srv/CalculateDistance_Request.msg
[13.906s] -- Installing: /home/felix/robo/robo_ai_turku_2025/install/custom_interface/share/custom_interface/srv/CalculateDistance_Response.msg
[13.906s] -- Installing: /home/felix/robo/robo_ai_turku_2025/install/custom_interface/share/custom_interface/action/Countdown.action
[13.906s] -- Installing: /home/felix/robo/robo_ai_turku_2025/install/custom_interface/share/custom_interface/msg/Count.msg
[13.906s] -- Installing: /home/felix/robo/robo_ai_turku_2025/install/custom_interface/share/ament_index/resource_index/package_run_dependencies/custom_interface
[13.907s] -- Installing: /home/felix/robo/robo_ai_turku_2025/install/custom_interface/share/ament_index/resource_index/parent_prefix_path/custom_interface
[13.908s] -- Installing: /home/felix/robo/robo_ai_turku_2025/install/custom_interface/share/custom_interface/environment/ament_prefix_path.sh
[13.908s] -- Installing: /home/felix/robo/robo_ai_turku_2025/install/custom_interface/share/custom_interface/environment/ament_prefix_path.dsv
[13.908s] -- Installing: /home/felix/robo/robo_ai_turku_2025/install/custom_interface/share/custom_interface/environment/path.sh
[13.908s] -- Installing: /home/felix/robo/robo_ai_turku_2025/install/custom_interface/share/custom_interface/environment/path.dsv
[13.909s] -- Installing: /home/felix/robo/robo_ai_turku_2025/install/custom_interface/share/custom_interface/local_setup.bash
[13.909s] -- Installing: /home/felix/robo/robo_ai_turku_2025/install/custom_interface/share/custom_interface/local_setup.sh
[13.910s] -- Installing: /home/felix/robo/robo_ai_turku_2025/install/custom_interface/share/custom_interface/local_setup.zsh
[13.910s] -- Installing: /home/felix/robo/robo_ai_turku_2025/install/custom_interface/share/custom_interface/local_setup.dsv
[13.910s] -- Installing: /home/felix/robo/robo_ai_turku_2025/install/custom_interface/share/custom_interface/package.dsv
[13.910s] -- Installing: /home/felix/robo/robo_ai_turku_2025/install/custom_interface/share/ament_index/resource_index/packages/custom_interface
[13.911s] -- Installing: /home/felix/robo/robo_ai_turku_2025/install/custom_interface/share/custom_interface/cmake/export_custom_interface__rosidl_generator_cExport.cmake
[13.911s] -- Installing: /home/felix/robo/robo_ai_turku_2025/install/custom_interface/share/custom_interface/cmake/export_custom_interface__rosidl_generator_cExport-noconfig.cmake
[13.912s] -- Installing: /home/felix/robo/robo_ai_turku_2025/install/custom_interface/share/custom_interface/cmake/export_custom_interface__rosidl_typesupport_fastrtps_cExport.cmake
[13.912s] -- Installing: /home/felix/robo/robo_ai_turku_2025/install/custom_interface/share/custom_interface/cmake/export_custom_interface__rosidl_typesupport_fastrtps_cExport-noconfig.cmake
[13.912s] -- Installing: /home/felix/robo/robo_ai_turku_2025/install/custom_interface/share/custom_interface/cmake/export_custom_interface__rosidl_generator_cppExport.cmake
[13.912s] -- Installing: /home/felix/robo/robo_ai_turku_2025/install/custom_interface/share/custom_interface/cmake/export_custom_interface__rosidl_typesupport_fastrtps_cppExport.cmake
[13.912s] -- Installing: /home/felix/robo/robo_ai_turku_2025/install/custom_interface/share/custom_interface/cmake/export_custom_interface__rosidl_typesupport_fastrtps_cppExport-noconfig.cmake
[13.912s] -- Installing: /home/felix/robo/robo_ai_turku_2025/install/custom_interface/share/custom_interface/cmake/custom_interface__rosidl_typesupport_introspection_cExport.cmake
[13.913s] -- Installing: /home/felix/robo/robo_ai_turku_2025/install/custom_interface/share/custom_interface/cmake/custom_interface__rosidl_typesupport_introspection_cExport-noconfig.cmake
[13.913s] -- Installing: /home/felix/robo/robo_ai_turku_2025/install/custom_interface/share/custom_interface/cmake/custom_interface__rosidl_typesupport_cExport.cmake
[13.913s] -- Installing: /home/felix/robo/robo_ai_turku_2025/install/custom_interface/share/custom_interface/cmake/custom_interface__rosidl_typesupport_cExport-noconfig.cmake
[13.914s] -- Installing: /home/felix/robo/robo_ai_turku_2025/install/custom_interface/share/custom_interface/cmake/custom_interface__rosidl_typesupport_introspection_cppExport.cmake
[13.914s] -- Installing: /home/felix/robo/robo_ai_turku_2025/install/custom_interface/share/custom_interface/cmake/custom_interface__rosidl_typesupport_introspection_cppExport-noconfig.cmake
[13.914s] -- Installing: /home/felix/robo/robo_ai_turku_2025/install/custom_interface/share/custom_interface/cmake/custom_interface__rosidl_typesupport_cppExport.cmake
[13.914s] -- Installing: /home/felix/robo/robo_ai_turku_2025/install/custom_interface/share/custom_interface/cmake/custom_interface__rosidl_typesupport_cppExport-noconfig.cmake
[13.914s] -- Installing: /home/felix/robo/robo_ai_turku_2025/install/custom_interface/share/custom_interface/cmake/export_custom_interface__rosidl_generator_pyExport.cmake
[13.915s] -- Installing: /home/felix/robo/robo_ai_turku_2025/install/custom_interface/share/custom_interface/cmake/export_custom_interface__rosidl_generator_pyExport-noconfig.cmake
[13.915s] -- Installing: /home/felix/robo/robo_ai_turku_2025/install/custom_interface/share/custom_interface/cmake/rosidl_cmake-extras.cmake
[13.915s] -- Installing: /home/felix/robo/robo_ai_turku_2025/install/custom_interface/share/custom_interface/cmake/ament_cmake_export_dependencies-extras.cmake
[13.915s] -- Installing: /home/felix/robo/robo_ai_turku_2025/install/custom_interface/share/custom_interface/cmake/ament_cmake_export_include_directories-extras.cmake
[13.915s] -- Installing: /home/felix/robo/robo_ai_turku_2025/install/custom_interface/share/custom_interface/cmake/ament_cmake_export_libraries-extras.cmake
[13.916s] -- Installing: /home/felix/robo/robo_ai_turku_2025/install/custom_interface/share/custom_interface/cmake/ament_cmake_export_targets-extras.cmake
[13.916s] -- Installing: /home/felix/robo/robo_ai_turku_2025/install/custom_interface/share/custom_interface/cmake/rosidl_cmake_export_typesupport_targets-extras.cmake
[13.916s] -- Installing: /home/felix/robo/robo_ai_turku_2025/install/custom_interface/share/custom_interface/cmake/rosidl_cmake_export_typesupport_libraries-extras.cmake
[13.916s] -- Installing: /home/felix/robo/robo_ai_turku_2025/install/custom_interface/share/custom_interface/cmake/custom_interfaceConfig.cmake
[13.916s] -- Installing: /home/felix/robo/robo_ai_turku_2025/install/custom_interface/share/custom_interface/cmake/custom_interfaceConfig-version.cmake
[13.916s] -- Installing: /home/felix/robo/robo_ai_turku_2025/install/custom_interface/share/custom_interface/package.xml
[13.920s] Invoked command in '/home/felix/robo/robo_ai_turku_2025/build/custom_interface' returned '0': CMAKE_PREFIX_PATH=${CMAKE_PREFIX_PATH}:/home/felix/robo/robo_ai_turku_2025/ros2_ws/install/lab01_task05:/home/felix/robo/robo_ai_turku_2025/ros2_ws/install/lab01_task03:/home/felix/robo/robo_ai_turku_2025/ros2_ws/install/lab01_task02:/home/felix/robo/robo_ai_turku_2025/ros2_ws/install/lab01_task01:/home/felix/robo/robo_ai_turku_2025/ros2_ws/install/lab1_bringup:/home/felix/robo/robo_ai_turku_2025/ros2_ws/install/task1:/opt/ros/humble /usr/bin/cmake --install /home/felix/robo/robo_ai_turku_2025/build/custom_interface
