/home/bot/Algo2025/robo_ai_turku_2025/ros2_lab6_ws/install/group_13_navigation_stack/lib/python3.10/site-packages/group_13_navigation_stack/trajectory_visualization.py
/home/bot/Algo2025/robo_ai_turku_2025/ros2_lab6_ws/install/group_13_navigation_stack/lib/python3.10/site-packages/group_13_navigation_stack/Lab6_Task4.py
/home/bot/Algo2025/robo_ai_turku_2025/ros2_lab6_ws/install/group_13_navigation_stack/lib/python3.10/site-packages/group_13_navigation_stack/waypoint_follower.py
/home/bot/Algo2025/robo_ai_turku_2025/ros2_lab6_ws/install/group_13_navigation_stack/lib/python3.10/site-packages/group_13_navigation_stack/task2_graph.py
/home/bot/Algo2025/robo_ai_turku_2025/ros2_lab6_ws/install/group_13_navigation_stack/lib/python3.10/site-packages/group_13_navigation_stack/__init__.py
/home/bot/Algo2025/robo_ai_turku_2025/ros2_lab6_ws/install/group_13_navigation_stack/lib/python3.10/site-packages/group_13_navigation_stack/Lab6_Task3.py
/home/bot/Algo2025/robo_ai_turku_2025/ros2_lab6_ws/install/group_13_navigation_stack/lib/python3.10/site-packages/group_13_navigation_stack/mapper.py
/home/bot/Algo2025/robo_ai_turku_2025/ros2_lab6_ws/install/group_13_navigation_stack/lib/python3.10/site-packages/group_13_navigation_stack/Lab6_Task2.py
/home/bot/Algo2025/robo_ai_turku_2025/ros2_lab6_ws/install/group_13_navigation_stack/lib/python3.10/site-packages/group_13_navigation_stack/pathfollower.py
/home/bot/Algo2025/robo_ai_turku_2025/ros2_lab6_ws/install/group_13_navigation_stack/lib/python3.10/site-packages/group_13_navigation_stack/Dijkstra_Bresenham.py
/home/bot/Algo2025/robo_ai_turku_2025/ros2_lab6_ws/install/group_13_navigation_stack/lib/python3.10/site-packages/group_13_navigation_stack/__pycache__/trajectory_visualization.cpython-310.pyc
/home/bot/Algo2025/robo_ai_turku_2025/ros2_lab6_ws/install/group_13_navigation_stack/lib/python3.10/site-packages/group_13_navigation_stack/__pycache__/Lab6_Task4.cpython-310.pyc
/home/bot/Algo2025/robo_ai_turku_2025/ros2_lab6_ws/install/group_13_navigation_stack/lib/python3.10/site-packages/group_13_navigation_stack/__pycache__/waypoint_follower.cpython-310.pyc
/home/bot/Algo2025/robo_ai_turku_2025/ros2_lab6_ws/install/group_13_navigation_stack/lib/python3.10/site-packages/group_13_navigation_stack/__pycache__/task2_graph.cpython-310.pyc
/home/bot/Algo2025/robo_ai_turku_2025/ros2_lab6_ws/install/group_13_navigation_stack/lib/python3.10/site-packages/group_13_navigation_stack/__pycache__/__init__.cpython-310.pyc
/home/bot/Algo2025/robo_ai_turku_2025/ros2_lab6_ws/install/group_13_navigation_stack/lib/python3.10/site-packages/group_13_navigation_stack/__pycache__/Lab6_Task3.cpython-310.pyc
/home/bot/Algo2025/robo_ai_turku_2025/ros2_lab6_ws/install/group_13_navigation_stack/lib/python3.10/site-packages/group_13_navigation_stack/__pycache__/mapper.cpython-310.pyc
/home/bot/Algo2025/robo_ai_turku_2025/ros2_lab6_ws/install/group_13_navigation_stack/lib/python3.10/site-packages/group_13_navigation_stack/__pycache__/Lab6_Task2.cpython-310.pyc
/home/bot/Algo2025/robo_ai_turku_2025/ros2_lab6_ws/install/group_13_navigation_stack/lib/python3.10/site-packages/group_13_navigation_stack/__pycache__/pathfollower.cpython-310.pyc
/home/bot/Algo2025/robo_ai_turku_2025/ros2_lab6_ws/install/group_13_navigation_stack/lib/python3.10/site-packages/group_13_navigation_stack/__pycache__/Dijkstra_Bresenham.cpython-310.pyc
/home/bot/Algo2025/robo_ai_turku_2025/ros2_lab6_ws/install/group_13_navigation_stack/share/ament_index/resource_index/packages/group_13_navigation_stack
/home/bot/Algo2025/robo_ai_turku_2025/ros2_lab6_ws/install/group_13_navigation_stack/share/group_13_navigation_stack/package.xml
/home/bot/Algo2025/robo_ai_turku_2025/ros2_lab6_ws/install/group_13_navigation_stack/share/group_13_navigation_stack/launch/task3.launch.py
/home/bot/Algo2025/robo_ai_turku_2025/ros2_lab6_ws/install/group_13_navigation_stack/share/group_13_navigation_stack/launch/task1.launch.py
/home/bot/Algo2025/robo_ai_turku_2025/ros2_lab6_ws/install/group_13_navigation_stack/share/group_13_navigation_stack/launch/task2.launch.py
/home/bot/Algo2025/robo_ai_turku_2025/ros2_lab6_ws/install/group_13_navigation_stack/share/group_13_navigation_stack/worlds/backup.world
/home/bot/Algo2025/robo_ai_turku_2025/ros2_lab6_ws/install/group_13_navigation_stack/share/group_13_navigation_stack/worlds/custom_world.world
/home/bot/Algo2025/robo_ai_turku_2025/ros2_lab6_ws/install/group_13_navigation_stack/lib/python3.10/site-packages/group_13_navigation_stack-0.0.0-py3.10.egg-info/entry_points.txt
/home/bot/Algo2025/robo_ai_turku_2025/ros2_lab6_ws/install/group_13_navigation_stack/lib/python3.10/site-packages/group_13_navigation_stack-0.0.0-py3.10.egg-info/PKG-INFO
/home/bot/Algo2025/robo_ai_turku_2025/ros2_lab6_ws/install/group_13_navigation_stack/lib/python3.10/site-packages/group_13_navigation_stack-0.0.0-py3.10.egg-info/dependency_links.txt
/home/bot/Algo2025/robo_ai_turku_2025/ros2_lab6_ws/install/group_13_navigation_stack/lib/python3.10/site-packages/group_13_navigation_stack-0.0.0-py3.10.egg-info/zip-safe
/home/bot/Algo2025/robo_ai_turku_2025/ros2_lab6_ws/install/group_13_navigation_stack/lib/python3.10/site-packages/group_13_navigation_stack-0.0.0-py3.10.egg-info/SOURCES.txt
/home/bot/Algo2025/robo_ai_turku_2025/ros2_lab6_ws/install/group_13_navigation_stack/lib/python3.10/site-packages/group_13_navigation_stack-0.0.0-py3.10.egg-info/top_level.txt
/home/bot/Algo2025/robo_ai_turku_2025/ros2_lab6_ws/install/group_13_navigation_stack/lib/python3.10/site-packages/group_13_navigation_stack-0.0.0-py3.10.egg-info/requires.txt
/home/bot/Algo2025/robo_ai_turku_2025/ros2_lab6_ws/install/group_13_navigation_stack/lib/group_13_navigation_stack/mapper
/home/bot/Algo2025/robo_ai_turku_2025/ros2_lab6_ws/install/group_13_navigation_stack/lib/group_13_navigation_stack/pathfinder
/home/bot/Algo2025/robo_ai_turku_2025/ros2_lab6_ws/install/group_13_navigation_stack/lib/group_13_navigation_stack/pathfinderA
/home/bot/Algo2025/robo_ai_turku_2025/ros2_lab6_ws/install/group_13_navigation_stack/lib/group_13_navigation_stack/pathfollower
/home/bot/Algo2025/robo_ai_turku_2025/ros2_lab6_ws/install/group_13_navigation_stack/lib/group_13_navigation_stack/visualize
/home/bot/Algo2025/robo_ai_turku_2025/ros2_lab6_ws/install/group_13_navigation_stack/lib/group_13_navigation_stack/wp_follower
