[0.105s] DEBUG:colcon:Command line arguments: ['/usr/bin/colcon', 'build']
[0.105s] DEBUG:colcon:Parsed command line arguments: Namespace(log_base=None, log_level=None, verb_name='build', build_base='build', install_base='install', merge_install=False, symlink_install=False, test_result_base=None, continue_on_error=False, executor='parallel', parallel_workers=3, event_handlers=None, ignore_user_meta=False, metas=['./colcon.meta'], base_paths=['.'], packages_ignore=None, packages_ignore_regex=None, paths=None, packages_up_to=None, packages_up_to_regex=None, packages_above=None, packages_above_and_dependencies=None, packages_above_depth=None, packages_select_by_dep=None, packages_skip_by_dep=None, packages_skip_up_to=None, packages_select_build_failed=False, packages_skip_build_finished=False, packages_select_test_failures=False, packages_skip_test_passed=False, packages_select=None, packages_skip=None, packages_select_regex=None, packages_skip_regex=None, packages_start=None, packages_end=None, allow_overriding=[], cmake_args=None, cmake_target=None, cmake_target_skip_unavailable=False, cmake_clean_cache=False, cmake_clean_first=False, cmake_force_configure=False, ament_cmake_args=None, catkin_cmake_args=None, catkin_skip_building_tests=False, verb_parser=<colcon_defaults.argument_parser.defaults.DefaultArgumentsDecorator object at 0xffff8a8e7190>, verb_extension=<colcon_core.verb.build.BuildVerb object at 0xffff8a8e6c50>, main=<bound method BuildVerb.main of <colcon_core.verb.build.BuildVerb object at 0xffff8a8e6c50>>)
[0.303s] Level 1:colcon.colcon_core.package_discovery:discover_packages(colcon_meta) check parameters
[0.303s] Level 1:colcon.colcon_core.package_discovery:discover_packages(recursive) check parameters
[0.303s] Level 1:colcon.colcon_core.package_discovery:discover_packages(ignore) check parameters
[0.303s] Level 1:colcon.colcon_core.package_discovery:discover_packages(path) check parameters
[0.303s] Level 1:colcon.colcon_core.package_discovery:discover_packages(colcon_meta) discover
[0.303s] Level 1:colcon.colcon_core.package_discovery:discover_packages(recursive) discover
[0.303s] INFO:colcon.colcon_core.package_discovery:Crawling recursively for packages in '/home/michael/robo_ai_turku_2025/lab_1/ros2_ws'
[0.303s] Level 1:colcon.colcon_core.package_identification:_identify(.) by extensions ['ignore', 'ignore_ament_install']
[0.303s] Level 1:colcon.colcon_core.package_identification:_identify(.) by extension 'ignore'
[0.304s] Level 1:colcon.colcon_core.package_identification:_identify(.) by extension 'ignore_ament_install'
[0.304s] Level 1:colcon.colcon_core.package_identification:_identify(.) by extensions ['colcon_pkg']
[0.304s] Level 1:colcon.colcon_core.package_identification:_identify(.) by extension 'colcon_pkg'
[0.304s] Level 1:colcon.colcon_core.package_identification:_identify(.) by extensions ['colcon_meta']
[0.304s] Level 1:colcon.colcon_core.package_identification:_identify(.) by extension 'colcon_meta'
[0.304s] Level 1:colcon.colcon_core.package_identification:_identify(.) by extensions ['ros']
[0.304s] Level 1:colcon.colcon_core.package_identification:_identify(.) by extension 'ros'
[0.312s] Level 1:colcon.colcon_core.package_identification:_identify(.) by extensions ['cmake', 'python']
[0.312s] Level 1:colcon.colcon_core.package_identification:_identify(.) by extension 'cmake'
[0.312s] Level 1:colcon.colcon_core.package_identification:_identify(.) by extension 'python'
[0.312s] Level 1:colcon.colcon_core.package_identification:_identify(.) by extensions ['python_setup_py']
[0.313s] Level 1:colcon.colcon_core.package_identification:_identify(.) by extension 'python_setup_py'
[0.313s] Level 1:colcon.colcon_core.package_identification:_identify(build) by extensions ['ignore', 'ignore_ament_install']
[0.313s] Level 1:colcon.colcon_core.package_identification:_identify(build) by extension 'ignore'
[0.313s] Level 1:colcon.colcon_core.package_identification:_identify(build) ignored
[0.313s] Level 1:colcon.colcon_core.package_identification:_identify(install) by extensions ['ignore', 'ignore_ament_install']
[0.313s] Level 1:colcon.colcon_core.package_identification:_identify(install) by extension 'ignore'
[0.313s] Level 1:colcon.colcon_core.package_identification:_identify(install) ignored
[0.313s] Level 1:colcon.colcon_core.package_identification:_identify(log) by extensions ['ignore', 'ignore_ament_install']
[0.313s] Level 1:colcon.colcon_core.package_identification:_identify(log) by extension 'ignore'
[0.313s] Level 1:colcon.colcon_core.package_identification:_identify(log) ignored
[0.313s] Level 1:colcon.colcon_core.package_identification:_identify(src) by extensions ['ignore', 'ignore_ament_install']
[0.313s] Level 1:colcon.colcon_core.package_identification:_identify(src) by extension 'ignore'
[0.313s] Level 1:colcon.colcon_core.package_identification:_identify(src) by extension 'ignore_ament_install'
[0.313s] Level 1:colcon.colcon_core.package_identification:_identify(src) by extensions ['colcon_pkg']
[0.313s] Level 1:colcon.colcon_core.package_identification:_identify(src) by extension 'colcon_pkg'
[0.313s] Level 1:colcon.colcon_core.package_identification:_identify(src) by extensions ['colcon_meta']
[0.313s] Level 1:colcon.colcon_core.package_identification:_identify(src) by extension 'colcon_meta'
[0.313s] Level 1:colcon.colcon_core.package_identification:_identify(src) by extensions ['ros']
[0.313s] Level 1:colcon.colcon_core.package_identification:_identify(src) by extension 'ros'
[0.313s] Level 1:colcon.colcon_core.package_identification:_identify(src) by extensions ['cmake', 'python']
[0.313s] Level 1:colcon.colcon_core.package_identification:_identify(src) by extension 'cmake'
[0.313s] Level 1:colcon.colcon_core.package_identification:_identify(src) by extension 'python'
[0.313s] Level 1:colcon.colcon_core.package_identification:_identify(src) by extensions ['python_setup_py']
[0.313s] Level 1:colcon.colcon_core.package_identification:_identify(src) by extension 'python_setup_py'
[0.314s] Level 1:colcon.colcon_core.package_identification:_identify(src/custom_interface) by extensions ['ignore', 'ignore_ament_install']
[0.314s] Level 1:colcon.colcon_core.package_identification:_identify(src/custom_interface) by extension 'ignore'
[0.314s] Level 1:colcon.colcon_core.package_identification:_identify(src/custom_interface) by extension 'ignore_ament_install'
[0.314s] Level 1:colcon.colcon_core.package_identification:_identify(src/custom_interface) by extensions ['colcon_pkg']
[0.314s] Level 1:colcon.colcon_core.package_identification:_identify(src/custom_interface) by extension 'colcon_pkg'
[0.314s] Level 1:colcon.colcon_core.package_identification:_identify(src/custom_interface) by extensions ['colcon_meta']
[0.314s] Level 1:colcon.colcon_core.package_identification:_identify(src/custom_interface) by extension 'colcon_meta'
[0.314s] Level 1:colcon.colcon_core.package_identification:_identify(src/custom_interface) by extensions ['ros']
[0.314s] Level 1:colcon.colcon_core.package_identification:_identify(src/custom_interface) by extension 'ros'
[0.316s] DEBUG:colcon.colcon_core.package_identification:Package 'src/custom_interface' with type 'ros.ament_cmake' and name 'custom_interface'
[0.316s] Level 1:colcon.colcon_core.package_identification:_identify(src/task1) by extensions ['ignore', 'ignore_ament_install']
[0.317s] Level 1:colcon.colcon_core.package_identification:_identify(src/task1) by extension 'ignore'
[0.317s] Level 1:colcon.colcon_core.package_identification:_identify(src/task1) by extension 'ignore_ament_install'
[0.317s] Level 1:colcon.colcon_core.package_identification:_identify(src/task1) by extensions ['colcon_pkg']
[0.317s] Level 1:colcon.colcon_core.package_identification:_identify(src/task1) by extension 'colcon_pkg'
[0.317s] Level 1:colcon.colcon_core.package_identification:_identify(src/task1) by extensions ['colcon_meta']
[0.317s] Level 1:colcon.colcon_core.package_identification:_identify(src/task1) by extension 'colcon_meta'
[0.317s] Level 1:colcon.colcon_core.package_identification:_identify(src/task1) by extensions ['ros']
[0.317s] Level 1:colcon.colcon_core.package_identification:_identify(src/task1) by extension 'ros'
[0.318s] DEBUG:colcon.colcon_core.package_identification:Package 'src/task1' with type 'ros.ament_python' and name 'task1'
[0.318s] Level 1:colcon.colcon_core.package_identification:_identify(src/task2) by extensions ['ignore', 'ignore_ament_install']
[0.318s] Level 1:colcon.colcon_core.package_identification:_identify(src/task2) by extension 'ignore'
[0.318s] Level 1:colcon.colcon_core.package_identification:_identify(src/task2) by extension 'ignore_ament_install'
[0.318s] Level 1:colcon.colcon_core.package_identification:_identify(src/task2) by extensions ['colcon_pkg']
[0.318s] Level 1:colcon.colcon_core.package_identification:_identify(src/task2) by extension 'colcon_pkg'
[0.318s] Level 1:colcon.colcon_core.package_identification:_identify(src/task2) by extensions ['colcon_meta']
[0.318s] Level 1:colcon.colcon_core.package_identification:_identify(src/task2) by extension 'colcon_meta'
[0.318s] Level 1:colcon.colcon_core.package_identification:_identify(src/task2) by extensions ['ros']
[0.318s] Level 1:colcon.colcon_core.package_identification:_identify(src/task2) by extension 'ros'
[0.319s] DEBUG:colcon.colcon_core.package_identification:Package 'src/task2' with type 'ros.ament_python' and name 'task2'
[0.319s] Level 1:colcon.colcon_core.package_identification:_identify(src/task3) by extensions ['ignore', 'ignore_ament_install']
[0.319s] Level 1:colcon.colcon_core.package_identification:_identify(src/task3) by extension 'ignore'
[0.319s] Level 1:colcon.colcon_core.package_identification:_identify(src/task3) by extension 'ignore_ament_install'
[0.319s] Level 1:colcon.colcon_core.package_identification:_identify(src/task3) by extensions ['colcon_pkg']
[0.319s] Level 1:colcon.colcon_core.package_identification:_identify(src/task3) by extension 'colcon_pkg'
[0.319s] Level 1:colcon.colcon_core.package_identification:_identify(src/task3) by extensions ['colcon_meta']
[0.319s] Level 1:colcon.colcon_core.package_identification:_identify(src/task3) by extension 'colcon_meta'
[0.319s] Level 1:colcon.colcon_core.package_identification:_identify(src/task3) by extensions ['ros']
[0.319s] Level 1:colcon.colcon_core.package_identification:_identify(src/task3) by extension 'ros'
[0.320s] DEBUG:colcon.colcon_core.package_identification:Package 'src/task3' with type 'ros.ament_python' and name 'task3'
[0.320s] Level 1:colcon.colcon_core.package_identification:_identify(src/task5) by extensions ['ignore', 'ignore_ament_install']
[0.320s] Level 1:colcon.colcon_core.package_identification:_identify(src/task5) by extension 'ignore'
[0.320s] Level 1:colcon.colcon_core.package_identification:_identify(src/task5) by extension 'ignore_ament_install'
[0.320s] Level 1:colcon.colcon_core.package_identification:_identify(src/task5) by extensions ['colcon_pkg']
[0.320s] Level 1:colcon.colcon_core.package_identification:_identify(src/task5) by extension 'colcon_pkg'
[0.320s] Level 1:colcon.colcon_core.package_identification:_identify(src/task5) by extensions ['colcon_meta']
[0.320s] Level 1:colcon.colcon_core.package_identification:_identify(src/task5) by extension 'colcon_meta'
[0.320s] Level 1:colcon.colcon_core.package_identification:_identify(src/task5) by extensions ['ros']
[0.320s] Level 1:colcon.colcon_core.package_identification:_identify(src/task5) by extension 'ros'
[0.321s] DEBUG:colcon.colcon_core.package_identification:Package 'src/task5' with type 'ros.ament_python' and name 'task5'
[0.321s] Level 1:colcon.colcon_core.package_discovery:discover_packages(recursive) using defaults
[0.321s] Level 1:colcon.colcon_core.package_discovery:discover_packages(ignore) discover
[0.321s] Level 1:colcon.colcon_core.package_discovery:discover_packages(ignore) using defaults
[0.321s] Level 1:colcon.colcon_core.package_discovery:discover_packages(path) discover
[0.321s] Level 1:colcon.colcon_core.package_discovery:discover_packages(path) using defaults
[0.342s] Level 1:colcon.colcon_core.package_discovery:discover_packages(prefix_path) check parameters
[0.342s] Level 1:colcon.colcon_core.package_discovery:discover_packages(prefix_path) discover
[0.345s] DEBUG:colcon.colcon_installed_package_information.package_discovery:Found 271 installed packages in /opt/ros/humble
[0.353s] Level 1:colcon.colcon_core.package_discovery:discover_packages(prefix_path) using defaults
[0.380s] Level 5:colcon.colcon_core.verb:set package 'custom_interface' build argument 'cmake_args' from command line to 'None'
[0.381s] Level 5:colcon.colcon_core.verb:set package 'custom_interface' build argument 'cmake_target' from command line to 'None'
[0.381s] Level 5:colcon.colcon_core.verb:set package 'custom_interface' build argument 'cmake_target_skip_unavailable' from command line to 'False'
[0.381s] Level 5:colcon.colcon_core.verb:set package 'custom_interface' build argument 'cmake_clean_cache' from command line to 'False'
[0.381s] Level 5:colcon.colcon_core.verb:set package 'custom_interface' build argument 'cmake_clean_first' from command line to 'False'
[0.381s] Level 5:colcon.colcon_core.verb:set package 'custom_interface' build argument 'cmake_force_configure' from command line to 'False'
[0.381s] Level 5:colcon.colcon_core.verb:set package 'custom_interface' build argument 'ament_cmake_args' from command line to 'None'
[0.381s] Level 5:colcon.colcon_core.verb:set package 'custom_interface' build argument 'catkin_cmake_args' from command line to 'None'
[0.381s] Level 5:colcon.colcon_core.verb:set package 'custom_interface' build argument 'catkin_skip_building_tests' from command line to 'False'
[0.381s] DEBUG:colcon.colcon_core.verb:Building package 'custom_interface' with the following arguments: {'ament_cmake_args': None, 'build_base': '/home/michael/robo_ai_turku_2025/lab_1/ros2_ws/build/custom_interface', 'catkin_cmake_args': None, 'catkin_skip_building_tests': False, 'cmake_args': None, 'cmake_clean_cache': False, 'cmake_clean_first': False, 'cmake_force_configure': False, 'cmake_target': None, 'cmake_target_skip_unavailable': False, 'install_base': '/home/michael/robo_ai_turku_2025/lab_1/ros2_ws/install/custom_interface', 'merge_install': False, 'path': '/home/michael/robo_ai_turku_2025/lab_1/ros2_ws/src/custom_interface', 'symlink_install': False, 'test_result_base': None}
[0.381s] Level 5:colcon.colcon_core.verb:set package 'task1' build argument 'cmake_args' from command line to 'None'
[0.381s] Level 5:colcon.colcon_core.verb:set package 'task1' build argument 'cmake_target' from command line to 'None'
[0.381s] Level 5:colcon.colcon_core.verb:set package 'task1' build argument 'cmake_target_skip_unavailable' from command line to 'False'
[0.381s] Level 5:colcon.colcon_core.verb:set package 'task1' build argument 'cmake_clean_cache' from command line to 'False'
[0.381s] Level 5:colcon.colcon_core.verb:set package 'task1' build argument 'cmake_clean_first' from command line to 'False'
[0.381s] Level 5:colcon.colcon_core.verb:set package 'task1' build argument 'cmake_force_configure' from command line to 'False'
[0.381s] Level 5:colcon.colcon_core.verb:set package 'task1' build argument 'ament_cmake_args' from command line to 'None'
[0.381s] Level 5:colcon.colcon_core.verb:set package 'task1' build argument 'catkin_cmake_args' from command line to 'None'
[0.381s] Level 5:colcon.colcon_core.verb:set package 'task1' build argument 'catkin_skip_building_tests' from command line to 'False'
[0.381s] DEBUG:colcon.colcon_core.verb:Building package 'task1' with the following arguments: {'ament_cmake_args': None, 'build_base': '/home/michael/robo_ai_turku_2025/lab_1/ros2_ws/build/task1', 'catkin_cmake_args': None, 'catkin_skip_building_tests': False, 'cmake_args': None, 'cmake_clean_cache': False, 'cmake_clean_first': False, 'cmake_force_configure': False, 'cmake_target': None, 'cmake_target_skip_unavailable': False, 'install_base': '/home/michael/robo_ai_turku_2025/lab_1/ros2_ws/install/task1', 'merge_install': False, 'path': '/home/michael/robo_ai_turku_2025/lab_1/ros2_ws/src/task1', 'symlink_install': False, 'test_result_base': None}
[0.381s] Level 5:colcon.colcon_core.verb:set package 'task2' build argument 'cmake_args' from command line to 'None'
[0.381s] Level 5:colcon.colcon_core.verb:set package 'task2' build argument 'cmake_target' from command line to 'None'
[0.381s] Level 5:colcon.colcon_core.verb:set package 'task2' build argument 'cmake_target_skip_unavailable' from command line to 'False'
[0.381s] Level 5:colcon.colcon_core.verb:set package 'task2' build argument 'cmake_clean_cache' from command line to 'False'
[0.381s] Level 5:colcon.colcon_core.verb:set package 'task2' build argument 'cmake_clean_first' from command line to 'False'
[0.381s] Level 5:colcon.colcon_core.verb:set package 'task2' build argument 'cmake_force_configure' from command line to 'False'
[0.381s] Level 5:colcon.colcon_core.verb:set package 'task2' build argument 'ament_cmake_args' from command line to 'None'
[0.381s] Level 5:colcon.colcon_core.verb:set package 'task2' build argument 'catkin_cmake_args' from command line to 'None'
[0.381s] Level 5:colcon.colcon_core.verb:set package 'task2' build argument 'catkin_skip_building_tests' from command line to 'False'
[0.381s] DEBUG:colcon.colcon_core.verb:Building package 'task2' with the following arguments: {'ament_cmake_args': None, 'build_base': '/home/michael/robo_ai_turku_2025/lab_1/ros2_ws/build/task2', 'catkin_cmake_args': None, 'catkin_skip_building_tests': False, 'cmake_args': None, 'cmake_clean_cache': False, 'cmake_clean_first': False, 'cmake_force_configure': False, 'cmake_target': None, 'cmake_target_skip_unavailable': False, 'install_base': '/home/michael/robo_ai_turku_2025/lab_1/ros2_ws/install/task2', 'merge_install': False, 'path': '/home/michael/robo_ai_turku_2025/lab_1/ros2_ws/src/task2', 'symlink_install': False, 'test_result_base': None}
[0.382s] Level 5:colcon.colcon_core.verb:set package 'task3' build argument 'cmake_args' from command line to 'None'
[0.382s] Level 5:colcon.colcon_core.verb:set package 'task3' build argument 'cmake_target' from command line to 'None'
[0.382s] Level 5:colcon.colcon_core.verb:set package 'task3' build argument 'cmake_target_skip_unavailable' from command line to 'False'
[0.382s] Level 5:colcon.colcon_core.verb:set package 'task3' build argument 'cmake_clean_cache' from command line to 'False'
[0.382s] Level 5:colcon.colcon_core.verb:set package 'task3' build argument 'cmake_clean_first' from command line to 'False'
[0.382s] Level 5:colcon.colcon_core.verb:set package 'task3' build argument 'cmake_force_configure' from command line to 'False'
[0.382s] Level 5:colcon.colcon_core.verb:set package 'task3' build argument 'ament_cmake_args' from command line to 'None'
[0.382s] Level 5:colcon.colcon_core.verb:set package 'task3' build argument 'catkin_cmake_args' from command line to 'None'
[0.382s] Level 5:colcon.colcon_core.verb:set package 'task3' build argument 'catkin_skip_building_tests' from command line to 'False'
[0.382s] DEBUG:colcon.colcon_core.verb:Building package 'task3' with the following arguments: {'ament_cmake_args': None, 'build_base': '/home/michael/robo_ai_turku_2025/lab_1/ros2_ws/build/task3', 'catkin_cmake_args': None, 'catkin_skip_building_tests': False, 'cmake_args': None, 'cmake_clean_cache': False, 'cmake_clean_first': False, 'cmake_force_configure': False, 'cmake_target': None, 'cmake_target_skip_unavailable': False, 'install_base': '/home/michael/robo_ai_turku_2025/lab_1/ros2_ws/install/task3', 'merge_install': False, 'path': '/home/michael/robo_ai_turku_2025/lab_1/ros2_ws/src/task3', 'symlink_install': False, 'test_result_base': None}
[0.382s] Level 5:colcon.colcon_core.verb:set package 'task5' build argument 'cmake_args' from command line to 'None'
[0.382s] Level 5:colcon.colcon_core.verb:set package 'task5' build argument 'cmake_target' from command line to 'None'
[0.382s] Level 5:colcon.colcon_core.verb:set package 'task5' build argument 'cmake_target_skip_unavailable' from command line to 'False'
[0.382s] Level 5:colcon.colcon_core.verb:set package 'task5' build argument 'cmake_clean_cache' from command line to 'False'
[0.382s] Level 5:colcon.colcon_core.verb:set package 'task5' build argument 'cmake_clean_first' from command line to 'False'
[0.382s] Level 5:colcon.colcon_core.verb:set package 'task5' build argument 'cmake_force_configure' from command line to 'False'
[0.382s] Level 5:colcon.colcon_core.verb:set package 'task5' build argument 'ament_cmake_args' from command line to 'None'
[0.382s] Level 5:colcon.colcon_core.verb:set package 'task5' build argument 'catkin_cmake_args' from command line to 'None'
[0.382s] Level 5:colcon.colcon_core.verb:set package 'task5' build argument 'catkin_skip_building_tests' from command line to 'False'
[0.382s] DEBUG:colcon.colcon_core.verb:Building package 'task5' with the following arguments: {'ament_cmake_args': None, 'build_base': '/home/michael/robo_ai_turku_2025/lab_1/ros2_ws/build/task5', 'catkin_cmake_args': None, 'catkin_skip_building_tests': False, 'cmake_args': None, 'cmake_clean_cache': False, 'cmake_clean_first': False, 'cmake_force_configure': False, 'cmake_target': None, 'cmake_target_skip_unavailable': False, 'install_base': '/home/michael/robo_ai_turku_2025/lab_1/ros2_ws/install/task5', 'merge_install': False, 'path': '/home/michael/robo_ai_turku_2025/lab_1/ros2_ws/src/task5', 'symlink_install': False, 'test_result_base': None}
[0.382s] INFO:colcon.colcon_core.executor:Executing jobs using 'parallel' executor
[0.383s] DEBUG:colcon.colcon_parallel_executor.executor.parallel:run_until_complete
[0.383s] INFO:colcon.colcon_ros.task.ament_cmake.build:Building ROS package in '/home/michael/robo_ai_turku_2025/lab_1/ros2_ws/src/custom_interface' with build type 'ament_cmake'
[0.384s] INFO:colcon.colcon_cmake.task.cmake.build:Building CMake package in '/home/michael/robo_ai_turku_2025/lab_1/ros2_ws/src/custom_interface'
[0.387s] INFO:colcon.colcon_core.plugin_system:Skipping extension 'colcon_core.shell.bat': Not used on non-Windows systems
[0.387s] INFO:colcon.colcon_core.shell:Skip shell extension 'powershell' for command environment: Not usable outside of PowerShell
[0.387s] DEBUG:colcon.colcon_core.shell:Skip shell extension 'dsv' for command environment
[0.390s] INFO:colcon.colcon_ros.task.ament_python.build:Building ROS package in '/home/michael/robo_ai_turku_2025/lab_1/ros2_ws/src/task1' with build type 'ament_python'
[0.390s] Level 1:colcon.colcon_core.shell:create_environment_hook('task1', 'ament_prefix_path')
[0.390s] INFO:colcon.colcon_core.shell:Creating environment hook '/home/michael/robo_ai_turku_2025/lab_1/ros2_ws/install/task1/share/task1/hook/ament_prefix_path.ps1'
[0.391s] INFO:colcon.colcon_core.shell:Creating environment descriptor '/home/michael/robo_ai_turku_2025/lab_1/ros2_ws/install/task1/share/task1/hook/ament_prefix_path.dsv'
[0.392s] INFO:colcon.colcon_core.shell:Creating environment hook '/home/michael/robo_ai_turku_2025/lab_1/ros2_ws/install/task1/share/task1/hook/ament_prefix_path.sh'
[0.392s] INFO:colcon.colcon_core.shell:Skip shell extension 'powershell' for command environment: Not usable outside of PowerShell
[0.392s] DEBUG:colcon.colcon_core.shell:Skip shell extension 'dsv' for command environment
[0.399s] DEBUG:colcon.colcon_core.event_handler.log_command:Invoking command in '/home/michael/robo_ai_turku_2025/lab_1/ros2_ws/build/custom_interface': CMAKE_PREFIX_PATH=/opt/ros/humble /usr/bin/cmake --build /home/michael/robo_ai_turku_2025/lab_1/ros2_ws/build/custom_interface -- -j3 -l3
[0.566s] INFO:colcon.colcon_core.task.python.build:Building Python package in '/home/michael/robo_ai_turku_2025/lab_1/ros2_ws/src/task1'
[0.566s] INFO:colcon.colcon_core.shell:Skip shell extension 'powershell' for command environment: Not usable outside of PowerShell
[0.566s] DEBUG:colcon.colcon_core.shell:Skip shell extension 'dsv' for command environment
[0.794s] DEBUG:colcon.colcon_core.event_handler.log_command:Invoked command in '/home/michael/robo_ai_turku_2025/lab_1/ros2_ws/build/custom_interface' returned '0': CMAKE_PREFIX_PATH=/opt/ros/humble /usr/bin/cmake --build /home/michael/robo_ai_turku_2025/lab_1/ros2_ws/build/custom_interface -- -j3 -l3
[0.802s] DEBUG:colcon.colcon_core.event_handler.log_command:Invoking command in '/home/michael/robo_ai_turku_2025/lab_1/ros2_ws/build/custom_interface': CMAKE_PREFIX_PATH=/opt/ros/humble /usr/bin/cmake --install /home/michael/robo_ai_turku_2025/lab_1/ros2_ws/build/custom_interface
[0.886s] Level 1:colcon.colcon_core.environment:create_environment_scripts_only(custom_interface)
[0.886s] DEBUG:colcon.colcon_core.event_handler.log_command:Invoked command in '/home/michael/robo_ai_turku_2025/lab_1/ros2_ws/build/custom_interface' returned '0': CMAKE_PREFIX_PATH=/opt/ros/humble /usr/bin/cmake --install /home/michael/robo_ai_turku_2025/lab_1/ros2_ws/build/custom_interface
[0.890s] Level 1:colcon.colcon_core.environment:checking '/home/michael/robo_ai_turku_2025/lab_1/ros2_ws/install/custom_interface' for CMake module files
[0.890s] Level 1:colcon.colcon_core.environment:checking '/home/michael/robo_ai_turku_2025/lab_1/ros2_ws/install/custom_interface' for CMake config files
[0.891s] Level 1:colcon.colcon_core.shell:create_environment_hook('custom_interface', 'cmake_prefix_path')
[0.891s] INFO:colcon.colcon_core.shell:Creating environment hook '/home/michael/robo_ai_turku_2025/lab_1/ros2_ws/install/custom_interface/share/custom_interface/hook/cmake_prefix_path.ps1'
[0.891s] INFO:colcon.colcon_core.shell:Creating environment descriptor '/home/michael/robo_ai_turku_2025/lab_1/ros2_ws/install/custom_interface/share/custom_interface/hook/cmake_prefix_path.dsv'
[0.891s] INFO:colcon.colcon_core.shell:Creating environment hook '/home/michael/robo_ai_turku_2025/lab_1/ros2_ws/install/custom_interface/share/custom_interface/hook/cmake_prefix_path.sh'
[0.892s] Level 1:colcon.colcon_core.environment:checking '/home/michael/robo_ai_turku_2025/lab_1/ros2_ws/install/custom_interface/lib'
[0.892s] Level 1:colcon.colcon_core.shell:create_environment_hook('custom_interface', 'ld_library_path_lib')
[0.892s] INFO:colcon.colcon_core.shell:Creating environment hook '/home/michael/robo_ai_turku_2025/lab_1/ros2_ws/install/custom_interface/share/custom_interface/hook/ld_library_path_lib.ps1'
[0.892s] INFO:colcon.colcon_core.shell:Creating environment descriptor '/home/michael/robo_ai_turku_2025/lab_1/ros2_ws/install/custom_interface/share/custom_interface/hook/ld_library_path_lib.dsv'
[0.893s] INFO:colcon.colcon_core.shell:Creating environment hook '/home/michael/robo_ai_turku_2025/lab_1/ros2_ws/install/custom_interface/share/custom_interface/hook/ld_library_path_lib.sh'
[0.893s] Level 1:colcon.colcon_core.environment:checking '/home/michael/robo_ai_turku_2025/lab_1/ros2_ws/install/custom_interface/bin'
[0.893s] Level 1:colcon.colcon_core.environment:checking '/home/michael/robo_ai_turku_2025/lab_1/ros2_ws/install/custom_interface/lib/pkgconfig/custom_interface.pc'
[0.893s] Level 1:colcon.colcon_core.environment:checking '/home/michael/robo_ai_turku_2025/lab_1/ros2_ws/install/custom_interface/lib/python3.10/site-packages'
[0.893s] Level 1:colcon.colcon_core.environment:checking '/home/michael/robo_ai_turku_2025/lab_1/ros2_ws/install/custom_interface/bin'
[0.893s] INFO:colcon.colcon_core.shell:Creating package script '/home/michael/robo_ai_turku_2025/lab_1/ros2_ws/install/custom_interface/share/custom_interface/package.ps1'
[0.894s] INFO:colcon.colcon_core.shell:Creating package descriptor '/home/michael/robo_ai_turku_2025/lab_1/ros2_ws/install/custom_interface/share/custom_interface/package.dsv'
[0.895s] INFO:colcon.colcon_core.shell:Creating package script '/home/michael/robo_ai_turku_2025/lab_1/ros2_ws/install/custom_interface/share/custom_interface/package.sh'
[0.895s] INFO:colcon.colcon_core.shell:Creating package script '/home/michael/robo_ai_turku_2025/lab_1/ros2_ws/install/custom_interface/share/custom_interface/package.bash'
[0.896s] INFO:colcon.colcon_core.shell:Creating package script '/home/michael/robo_ai_turku_2025/lab_1/ros2_ws/install/custom_interface/share/custom_interface/package.zsh'
[0.897s] Level 1:colcon.colcon_core.environment:create_file_with_runtime_dependencies(/home/michael/robo_ai_turku_2025/lab_1/ros2_ws/install/custom_interface/share/colcon-core/packages/custom_interface)
[0.897s] Level 1:colcon.colcon_core.environment:create_environment_scripts_only(custom_interface)
[0.898s] Level 1:colcon.colcon_core.environment:checking '/home/michael/robo_ai_turku_2025/lab_1/ros2_ws/install/custom_interface' for CMake module files
[0.898s] Level 1:colcon.colcon_core.environment:checking '/home/michael/robo_ai_turku_2025/lab_1/ros2_ws/install/custom_interface' for CMake config files
[0.898s] Level 1:colcon.colcon_core.shell:create_environment_hook('custom_interface', 'cmake_prefix_path')
[0.898s] INFO:colcon.colcon_core.shell:Creating environment hook '/home/michael/robo_ai_turku_2025/lab_1/ros2_ws/install/custom_interface/share/custom_interface/hook/cmake_prefix_path.ps1'
[0.899s] INFO:colcon.colcon_core.shell:Creating environment descriptor '/home/michael/robo_ai_turku_2025/lab_1/ros2_ws/install/custom_interface/share/custom_interface/hook/cmake_prefix_path.dsv'
[0.899s] INFO:colcon.colcon_core.shell:Creating environment hook '/home/michael/robo_ai_turku_2025/lab_1/ros2_ws/install/custom_interface/share/custom_interface/hook/cmake_prefix_path.sh'
[0.899s] Level 1:colcon.colcon_core.environment:checking '/home/michael/robo_ai_turku_2025/lab_1/ros2_ws/install/custom_interface/lib'
[0.899s] Level 1:colcon.colcon_core.shell:create_environment_hook('custom_interface', 'ld_library_path_lib')
[0.899s] INFO:colcon.colcon_core.shell:Creating environment hook '/home/michael/robo_ai_turku_2025/lab_1/ros2_ws/install/custom_interface/share/custom_interface/hook/ld_library_path_lib.ps1'
[0.900s] INFO:colcon.colcon_core.shell:Creating environment descriptor '/home/michael/robo_ai_turku_2025/lab_1/ros2_ws/install/custom_interface/share/custom_interface/hook/ld_library_path_lib.dsv'
[0.900s] INFO:colcon.colcon_core.shell:Creating environment hook '/home/michael/robo_ai_turku_2025/lab_1/ros2_ws/install/custom_interface/share/custom_interface/hook/ld_library_path_lib.sh'
[0.900s] Level 1:colcon.colcon_core.environment:checking '/home/michael/robo_ai_turku_2025/lab_1/ros2_ws/install/custom_interface/bin'
[0.900s] Level 1:colcon.colcon_core.environment:checking '/home/michael/robo_ai_turku_2025/lab_1/ros2_ws/install/custom_interface/lib/pkgconfig/custom_interface.pc'
[0.900s] Level 1:colcon.colcon_core.environment:checking '/home/michael/robo_ai_turku_2025/lab_1/ros2_ws/install/custom_interface/lib/python3.10/site-packages'
[0.900s] Level 1:colcon.colcon_core.environment:checking '/home/michael/robo_ai_turku_2025/lab_1/ros2_ws/install/custom_interface/bin'
[0.900s] INFO:colcon.colcon_core.shell:Creating package script '/home/michael/robo_ai_turku_2025/lab_1/ros2_ws/install/custom_interface/share/custom_interface/package.ps1'
[0.901s] INFO:colcon.colcon_core.shell:Creating package descriptor '/home/michael/robo_ai_turku_2025/lab_1/ros2_ws/install/custom_interface/share/custom_interface/package.dsv'
[0.901s] INFO:colcon.colcon_core.shell:Creating package script '/home/michael/robo_ai_turku_2025/lab_1/ros2_ws/install/custom_interface/share/custom_interface/package.sh'
[0.901s] INFO:colcon.colcon_core.shell:Creating package script '/home/michael/robo_ai_turku_2025/lab_1/ros2_ws/install/custom_interface/share/custom_interface/package.bash'
[0.902s] INFO:colcon.colcon_core.shell:Creating package script '/home/michael/robo_ai_turku_2025/lab_1/ros2_ws/install/custom_interface/share/custom_interface/package.zsh'
[0.902s] Level 1:colcon.colcon_core.environment:create_file_with_runtime_dependencies(/home/michael/robo_ai_turku_2025/lab_1/ros2_ws/install/custom_interface/share/colcon-core/packages/custom_interface)
[0.902s] INFO:colcon.colcon_ros.task.ament_python.build:Building ROS package in '/home/michael/robo_ai_turku_2025/lab_1/ros2_ws/src/task2' with build type 'ament_python'
[0.903s] Level 1:colcon.colcon_core.shell:create_environment_hook('task2', 'ament_prefix_path')
[0.903s] INFO:colcon.colcon_core.shell:Creating environment hook '/home/michael/robo_ai_turku_2025/lab_1/ros2_ws/install/task2/share/task2/hook/ament_prefix_path.ps1'
[0.903s] INFO:colcon.colcon_core.shell:Creating environment descriptor '/home/michael/robo_ai_turku_2025/lab_1/ros2_ws/install/task2/share/task2/hook/ament_prefix_path.dsv'
[0.903s] INFO:colcon.colcon_core.shell:Creating environment hook '/home/michael/robo_ai_turku_2025/lab_1/ros2_ws/install/task2/share/task2/hook/ament_prefix_path.sh'
[0.903s] INFO:colcon.colcon_core.shell:Skip shell extension 'powershell' for command environment: Not usable outside of PowerShell
[0.903s] DEBUG:colcon.colcon_core.shell:Skip shell extension 'dsv' for command environment
[0.906s] INFO:colcon.colcon_ros.task.ament_python.build:Building ROS package in '/home/michael/robo_ai_turku_2025/lab_1/ros2_ws/src/task3' with build type 'ament_python'
[0.906s] Level 1:colcon.colcon_core.shell:create_environment_hook('task3', 'ament_prefix_path')
[0.906s] INFO:colcon.colcon_core.shell:Creating environment hook '/home/michael/robo_ai_turku_2025/lab_1/ros2_ws/install/task3/share/task3/hook/ament_prefix_path.ps1'
[0.907s] INFO:colcon.colcon_core.shell:Creating environment descriptor '/home/michael/robo_ai_turku_2025/lab_1/ros2_ws/install/task3/share/task3/hook/ament_prefix_path.dsv'
[0.907s] INFO:colcon.colcon_core.shell:Creating environment hook '/home/michael/robo_ai_turku_2025/lab_1/ros2_ws/install/task3/share/task3/hook/ament_prefix_path.sh'
[0.907s] INFO:colcon.colcon_core.shell:Skip shell extension 'powershell' for command environment: Not usable outside of PowerShell
[0.907s] DEBUG:colcon.colcon_core.shell:Skip shell extension 'dsv' for command environment
[1.080s] INFO:colcon.colcon_core.task.python.build:Building Python package in '/home/michael/robo_ai_turku_2025/lab_1/ros2_ws/src/task3'
[1.081s] INFO:colcon.colcon_core.shell:Skip shell extension 'powershell' for command environment: Not usable outside of PowerShell
[1.081s] DEBUG:colcon.colcon_core.shell:Skip shell extension 'dsv' for command environment
[1.084s] DEBUG:colcon.colcon_core.event_handler.log_command:Invoking command in '/home/michael/robo_ai_turku_2025/lab_1/ros2_ws/src/task1': PYTHONPATH=/home/michael/robo_ai_turku_2025/lab_1/ros2_ws/build/task1/prefix_override:/usr/lib/python3/dist-packages/colcon_core/task/python/colcon_distutils_commands:/home/michael/robo_ai_turku_2025/lab_1/ros2_ws/install/task1/lib/python3.10/site-packages:${PYTHONPATH} /usr/bin/python3 -W ignore:setup.py install is deprecated -W ignore:easy_install command is deprecated setup.py egg_info --egg-base ../../build/task1 build --build-base /home/michael/robo_ai_turku_2025/lab_1/ros2_ws/build/task1/build install --record /home/michael/robo_ai_turku_2025/lab_1/ros2_ws/build/task1/install.log --single-version-externally-managed install_data
[1.245s] INFO:colcon.colcon_core.task.python.build:Building Python package in '/home/michael/robo_ai_turku_2025/lab_1/ros2_ws/src/task2'
[1.245s] INFO:colcon.colcon_core.shell:Skip shell extension 'powershell' for command environment: Not usable outside of PowerShell
[1.245s] DEBUG:colcon.colcon_core.shell:Skip shell extension 'dsv' for command environment
[1.274s] Level 1:colcon.colcon_core.environment:checking '/home/michael/robo_ai_turku_2025/lab_1/ros2_ws/install/task1' for CMake module files
[1.275s] Level 1:colcon.colcon_core.environment:checking '/home/michael/robo_ai_turku_2025/lab_1/ros2_ws/install/task1' for CMake config files
[1.275s] Level 1:colcon.colcon_core.environment:checking '/home/michael/robo_ai_turku_2025/lab_1/ros2_ws/install/task1/lib'
[1.275s] Level 1:colcon.colcon_core.environment:checking '/home/michael/robo_ai_turku_2025/lab_1/ros2_ws/install/task1/bin'
[1.275s] Level 1:colcon.colcon_core.environment:checking '/home/michael/robo_ai_turku_2025/lab_1/ros2_ws/install/task1/lib/pkgconfig/task1.pc'
[1.275s] Level 1:colcon.colcon_core.environment:checking '/home/michael/robo_ai_turku_2025/lab_1/ros2_ws/install/task1/lib/python3.10/site-packages'
[1.275s] Level 1:colcon.colcon_core.shell:create_environment_hook('task1', 'pythonpath')
[1.275s] INFO:colcon.colcon_core.shell:Creating environment hook '/home/michael/robo_ai_turku_2025/lab_1/ros2_ws/install/task1/share/task1/hook/pythonpath.ps1'
[1.276s] INFO:colcon.colcon_core.shell:Creating environment descriptor '/home/michael/robo_ai_turku_2025/lab_1/ros2_ws/install/task1/share/task1/hook/pythonpath.dsv'
[1.276s] INFO:colcon.colcon_core.shell:Creating environment hook '/home/michael/robo_ai_turku_2025/lab_1/ros2_ws/install/task1/share/task1/hook/pythonpath.sh'
[1.276s] Level 1:colcon.colcon_core.environment:checking '/home/michael/robo_ai_turku_2025/lab_1/ros2_ws/install/task1/bin'
[1.276s] DEBUG:colcon.colcon_core.event_handler.log_command:Invoked command in '/home/michael/robo_ai_turku_2025/lab_1/ros2_ws/src/task1' returned '0': PYTHONPATH=/home/michael/robo_ai_turku_2025/lab_1/ros2_ws/build/task1/prefix_override:/usr/lib/python3/dist-packages/colcon_core/task/python/colcon_distutils_commands:/home/michael/robo_ai_turku_2025/lab_1/ros2_ws/install/task1/lib/python3.10/site-packages:${PYTHONPATH} /usr/bin/python3 -W ignore:setup.py install is deprecated -W ignore:easy_install command is deprecated setup.py egg_info --egg-base ../../build/task1 build --build-base /home/michael/robo_ai_turku_2025/lab_1/ros2_ws/build/task1/build install --record /home/michael/robo_ai_turku_2025/lab_1/ros2_ws/build/task1/install.log --single-version-externally-managed install_data
[1.277s] Level 1:colcon.colcon_core.environment:create_environment_scripts_only(task1)
[1.277s] INFO:colcon.colcon_core.shell:Creating package script '/home/michael/robo_ai_turku_2025/lab_1/ros2_ws/install/task1/share/task1/package.ps1'
[1.277s] INFO:colcon.colcon_core.shell:Creating package descriptor '/home/michael/robo_ai_turku_2025/lab_1/ros2_ws/install/task1/share/task1/package.dsv'
[1.277s] INFO:colcon.colcon_core.shell:Creating package script '/home/michael/robo_ai_turku_2025/lab_1/ros2_ws/install/task1/share/task1/package.sh'
[1.277s] INFO:colcon.colcon_core.shell:Creating package script '/home/michael/robo_ai_turku_2025/lab_1/ros2_ws/install/task1/share/task1/package.bash'
[1.278s] INFO:colcon.colcon_core.shell:Creating package script '/home/michael/robo_ai_turku_2025/lab_1/ros2_ws/install/task1/share/task1/package.zsh'
[1.278s] Level 1:colcon.colcon_core.environment:create_file_with_runtime_dependencies(/home/michael/robo_ai_turku_2025/lab_1/ros2_ws/install/task1/share/colcon-core/packages/task1)
[1.279s] INFO:colcon.colcon_ros.task.ament_python.build:Building ROS package in '/home/michael/robo_ai_turku_2025/lab_1/ros2_ws/src/task5' with build type 'ament_python'
[1.279s] Level 1:colcon.colcon_core.shell:create_environment_hook('task5', 'ament_prefix_path')
[1.279s] INFO:colcon.colcon_core.shell:Creating environment hook '/home/michael/robo_ai_turku_2025/lab_1/ros2_ws/install/task5/share/task5/hook/ament_prefix_path.ps1'
[1.279s] INFO:colcon.colcon_core.shell:Creating environment descriptor '/home/michael/robo_ai_turku_2025/lab_1/ros2_ws/install/task5/share/task5/hook/ament_prefix_path.dsv'
[1.279s] INFO:colcon.colcon_core.shell:Creating environment hook '/home/michael/robo_ai_turku_2025/lab_1/ros2_ws/install/task5/share/task5/hook/ament_prefix_path.sh'
[1.280s] INFO:colcon.colcon_core.shell:Skip shell extension 'powershell' for command environment: Not usable outside of PowerShell
[1.280s] DEBUG:colcon.colcon_core.shell:Skip shell extension 'dsv' for command environment
[1.447s] INFO:colcon.colcon_core.task.python.build:Building Python package in '/home/michael/robo_ai_turku_2025/lab_1/ros2_ws/src/task5'
[1.447s] INFO:colcon.colcon_core.shell:Skip shell extension 'powershell' for command environment: Not usable outside of PowerShell
[1.447s] DEBUG:colcon.colcon_core.shell:Skip shell extension 'dsv' for command environment
[1.487s] DEBUG:colcon.colcon_core.event_handler.log_command:Invoking command in '/home/michael/robo_ai_turku_2025/lab_1/ros2_ws/src/task2': AMENT_PREFIX_PATH=/home/michael/robo_ai_turku_2025/lab_1/ros2_ws/install/custom_interface:${AMENT_PREFIX_PATH} CMAKE_PREFIX_PATH=/home/michael/robo_ai_turku_2025/lab_1/ros2_ws/install/custom_interface LD_LIBRARY_PATH=/home/michael/robo_ai_turku_2025/lab_1/ros2_ws/install/custom_interface/lib:${LD_LIBRARY_PATH} PYTHONPATH=/home/michael/robo_ai_turku_2025/lab_1/ros2_ws/build/task2/prefix_override:/usr/lib/python3/dist-packages/colcon_core/task/python/colcon_distutils_commands:/home/michael/robo_ai_turku_2025/lab_1/ros2_ws/install/task2/lib/python3.10/site-packages:/home/michael/robo_ai_turku_2025/lab_1/ros2_ws/install/custom_interface/local/lib/python3.10/dist-packages:${PYTHONPATH} /usr/bin/python3 -W ignore:setup.py install is deprecated -W ignore:easy_install command is deprecated setup.py egg_info --egg-base ../../build/task2 build --build-base /home/michael/robo_ai_turku_2025/lab_1/ros2_ws/build/task2/build install --record /home/michael/robo_ai_turku_2025/lab_1/ros2_ws/build/task2/install.log --single-version-externally-managed install_data
[1.519s] DEBUG:colcon.colcon_core.event_handler.log_command:Invoking command in '/home/michael/robo_ai_turku_2025/lab_1/ros2_ws/src/task3': AMENT_PREFIX_PATH=/home/michael/robo_ai_turku_2025/lab_1/ros2_ws/install/custom_interface:${AMENT_PREFIX_PATH} CMAKE_PREFIX_PATH=/home/michael/robo_ai_turku_2025/lab_1/ros2_ws/install/custom_interface LD_LIBRARY_PATH=/home/michael/robo_ai_turku_2025/lab_1/ros2_ws/install/custom_interface/lib:${LD_LIBRARY_PATH} PYTHONPATH=/home/michael/robo_ai_turku_2025/lab_1/ros2_ws/build/task3/prefix_override:/usr/lib/python3/dist-packages/colcon_core/task/python/colcon_distutils_commands:/home/michael/robo_ai_turku_2025/lab_1/ros2_ws/install/task3/lib/python3.10/site-packages:/home/michael/robo_ai_turku_2025/lab_1/ros2_ws/install/custom_interface/local/lib/python3.10/dist-packages:${PYTHONPATH} /usr/bin/python3 -W ignore:setup.py install is deprecated -W ignore:easy_install command is deprecated setup.py egg_info --egg-base ../../build/task3 build --build-base /home/michael/robo_ai_turku_2025/lab_1/ros2_ws/build/task3/build install --record /home/michael/robo_ai_turku_2025/lab_1/ros2_ws/build/task3/install.log --single-version-externally-managed install_data
[1.692s] DEBUG:colcon.colcon_core.event_handler.log_command:Invoking command in '/home/michael/robo_ai_turku_2025/lab_1/ros2_ws/src/task5': AMENT_PREFIX_PATH=/home/michael/robo_ai_turku_2025/lab_1/ros2_ws/install/custom_interface:${AMENT_PREFIX_PATH} CMAKE_PREFIX_PATH=/home/michael/robo_ai_turku_2025/lab_1/ros2_ws/install/custom_interface LD_LIBRARY_PATH=/home/michael/robo_ai_turku_2025/lab_1/ros2_ws/install/custom_interface/lib:${LD_LIBRARY_PATH} PYTHONPATH=/home/michael/robo_ai_turku_2025/lab_1/ros2_ws/build/task5/prefix_override:/usr/lib/python3/dist-packages/colcon_core/task/python/colcon_distutils_commands:/home/michael/robo_ai_turku_2025/lab_1/ros2_ws/install/task5/lib/python3.10/site-packages:/home/michael/robo_ai_turku_2025/lab_1/ros2_ws/install/custom_interface/local/lib/python3.10/dist-packages:${PYTHONPATH} /usr/bin/python3 -W ignore:setup.py install is deprecated -W ignore:easy_install command is deprecated setup.py egg_info --egg-base ../../build/task5 build --build-base /home/michael/robo_ai_turku_2025/lab_1/ros2_ws/build/task5/build install --record /home/michael/robo_ai_turku_2025/lab_1/ros2_ws/build/task5/install.log --single-version-externally-managed install_data
[1.706s] Level 1:colcon.colcon_core.environment:checking '/home/michael/robo_ai_turku_2025/lab_1/ros2_ws/install/task2' for CMake module files
[1.706s] Level 1:colcon.colcon_core.environment:checking '/home/michael/robo_ai_turku_2025/lab_1/ros2_ws/install/task2' for CMake config files
[1.706s] Level 1:colcon.colcon_core.environment:checking '/home/michael/robo_ai_turku_2025/lab_1/ros2_ws/install/task2/lib'
[1.706s] Level 1:colcon.colcon_core.environment:checking '/home/michael/robo_ai_turku_2025/lab_1/ros2_ws/install/task2/bin'
[1.707s] Level 1:colcon.colcon_core.environment:checking '/home/michael/robo_ai_turku_2025/lab_1/ros2_ws/install/task2/lib/pkgconfig/task2.pc'
[1.707s] Level 1:colcon.colcon_core.environment:checking '/home/michael/robo_ai_turku_2025/lab_1/ros2_ws/install/task2/lib/python3.10/site-packages'
[1.707s] Level 1:colcon.colcon_core.shell:create_environment_hook('task2', 'pythonpath')
[1.707s] INFO:colcon.colcon_core.shell:Creating environment hook '/home/michael/robo_ai_turku_2025/lab_1/ros2_ws/install/task2/share/task2/hook/pythonpath.ps1'
[1.707s] INFO:colcon.colcon_core.shell:Creating environment descriptor '/home/michael/robo_ai_turku_2025/lab_1/ros2_ws/install/task2/share/task2/hook/pythonpath.dsv'
[1.707s] DEBUG:colcon.colcon_core.event_handler.log_command:Invoked command in '/home/michael/robo_ai_turku_2025/lab_1/ros2_ws/src/task2' returned '0': AMENT_PREFIX_PATH=/home/michael/robo_ai_turku_2025/lab_1/ros2_ws/install/custom_interface:${AMENT_PREFIX_PATH} CMAKE_PREFIX_PATH=/home/michael/robo_ai_turku_2025/lab_1/ros2_ws/install/custom_interface LD_LIBRARY_PATH=/home/michael/robo_ai_turku_2025/lab_1/ros2_ws/install/custom_interface/lib:${LD_LIBRARY_PATH} PYTHONPATH=/home/michael/robo_ai_turku_2025/lab_1/ros2_ws/build/task2/prefix_override:/usr/lib/python3/dist-packages/colcon_core/task/python/colcon_distutils_commands:/home/michael/robo_ai_turku_2025/lab_1/ros2_ws/install/task2/lib/python3.10/site-packages:/home/michael/robo_ai_turku_2025/lab_1/ros2_ws/install/custom_interface/local/lib/python3.10/dist-packages:${PYTHONPATH} /usr/bin/python3 -W ignore:setup.py install is deprecated -W ignore:easy_install command is deprecated setup.py egg_info --egg-base ../../build/task2 build --build-base /home/michael/robo_ai_turku_2025/lab_1/ros2_ws/build/task2/build install --record /home/michael/robo_ai_turku_2025/lab_1/ros2_ws/build/task2/install.log --single-version-externally-managed install_data
[1.708s] INFO:colcon.colcon_core.shell:Creating environment hook '/home/michael/robo_ai_turku_2025/lab_1/ros2_ws/install/task2/share/task2/hook/pythonpath.sh'
[1.708s] Level 1:colcon.colcon_core.environment:checking '/home/michael/robo_ai_turku_2025/lab_1/ros2_ws/install/task2/bin'
[1.708s] Level 1:colcon.colcon_core.environment:create_environment_scripts_only(task2)
[1.708s] INFO:colcon.colcon_core.shell:Creating package script '/home/michael/robo_ai_turku_2025/lab_1/ros2_ws/install/task2/share/task2/package.ps1'
[1.709s] INFO:colcon.colcon_core.shell:Creating package descriptor '/home/michael/robo_ai_turku_2025/lab_1/ros2_ws/install/task2/share/task2/package.dsv'
[1.709s] INFO:colcon.colcon_core.shell:Creating package script '/home/michael/robo_ai_turku_2025/lab_1/ros2_ws/install/task2/share/task2/package.sh'
[1.709s] INFO:colcon.colcon_core.shell:Creating package script '/home/michael/robo_ai_turku_2025/lab_1/ros2_ws/install/task2/share/task2/package.bash'
[1.709s] INFO:colcon.colcon_core.shell:Creating package script '/home/michael/robo_ai_turku_2025/lab_1/ros2_ws/install/task2/share/task2/package.zsh'
[1.710s] Level 1:colcon.colcon_core.environment:create_file_with_runtime_dependencies(/home/michael/robo_ai_turku_2025/lab_1/ros2_ws/install/task2/share/colcon-core/packages/task2)
[1.748s] Level 1:colcon.colcon_core.environment:checking '/home/michael/robo_ai_turku_2025/lab_1/ros2_ws/install/task3' for CMake module files
[1.748s] Level 1:colcon.colcon_core.environment:checking '/home/michael/robo_ai_turku_2025/lab_1/ros2_ws/install/task3' for CMake config files
[1.749s] Level 1:colcon.colcon_core.environment:checking '/home/michael/robo_ai_turku_2025/lab_1/ros2_ws/install/task3/lib'
[1.749s] Level 1:colcon.colcon_core.environment:checking '/home/michael/robo_ai_turku_2025/lab_1/ros2_ws/install/task3/bin'
[1.749s] Level 1:colcon.colcon_core.environment:checking '/home/michael/robo_ai_turku_2025/lab_1/ros2_ws/install/task3/lib/pkgconfig/task3.pc'
[1.749s] Level 1:colcon.colcon_core.environment:checking '/home/michael/robo_ai_turku_2025/lab_1/ros2_ws/install/task3/lib/python3.10/site-packages'
[1.749s] Level 1:colcon.colcon_core.shell:create_environment_hook('task3', 'pythonpath')
[1.749s] INFO:colcon.colcon_core.shell:Creating environment hook '/home/michael/robo_ai_turku_2025/lab_1/ros2_ws/install/task3/share/task3/hook/pythonpath.ps1'
[1.749s] INFO:colcon.colcon_core.shell:Creating environment descriptor '/home/michael/robo_ai_turku_2025/lab_1/ros2_ws/install/task3/share/task3/hook/pythonpath.dsv'
[1.750s] INFO:colcon.colcon_core.shell:Creating environment hook '/home/michael/robo_ai_turku_2025/lab_1/ros2_ws/install/task3/share/task3/hook/pythonpath.sh'
[1.750s] Level 1:colcon.colcon_core.environment:checking '/home/michael/robo_ai_turku_2025/lab_1/ros2_ws/install/task3/bin'
[1.750s] Level 1:colcon.colcon_core.environment:create_environment_scripts_only(task3)
[1.751s] INFO:colcon.colcon_core.shell:Creating package script '/home/michael/robo_ai_turku_2025/lab_1/ros2_ws/install/task3/share/task3/package.ps1'
[1.751s] INFO:colcon.colcon_core.shell:Creating package descriptor '/home/michael/robo_ai_turku_2025/lab_1/ros2_ws/install/task3/share/task3/package.dsv'
[1.751s] INFO:colcon.colcon_core.shell:Creating package script '/home/michael/robo_ai_turku_2025/lab_1/ros2_ws/install/task3/share/task3/package.sh'
[1.751s] INFO:colcon.colcon_core.shell:Creating package script '/home/michael/robo_ai_turku_2025/lab_1/ros2_ws/install/task3/share/task3/package.bash'
[1.752s] INFO:colcon.colcon_core.shell:Creating package script '/home/michael/robo_ai_turku_2025/lab_1/ros2_ws/install/task3/share/task3/package.zsh'
[1.752s] Level 1:colcon.colcon_core.environment:create_file_with_runtime_dependencies(/home/michael/robo_ai_turku_2025/lab_1/ros2_ws/install/task3/share/colcon-core/packages/task3)
[1.752s] DEBUG:colcon.colcon_core.event_handler.log_command:Invoked command in '/home/michael/robo_ai_turku_2025/lab_1/ros2_ws/src/task3' returned '0': AMENT_PREFIX_PATH=/home/michael/robo_ai_turku_2025/lab_1/ros2_ws/install/custom_interface:${AMENT_PREFIX_PATH} CMAKE_PREFIX_PATH=/home/michael/robo_ai_turku_2025/lab_1/ros2_ws/install/custom_interface LD_LIBRARY_PATH=/home/michael/robo_ai_turku_2025/lab_1/ros2_ws/install/custom_interface/lib:${LD_LIBRARY_PATH} PYTHONPATH=/home/michael/robo_ai_turku_2025/lab_1/ros2_ws/build/task3/prefix_override:/usr/lib/python3/dist-packages/colcon_core/task/python/colcon_distutils_commands:/home/michael/robo_ai_turku_2025/lab_1/ros2_ws/install/task3/lib/python3.10/site-packages:/home/michael/robo_ai_turku_2025/lab_1/ros2_ws/install/custom_interface/local/lib/python3.10/dist-packages:${PYTHONPATH} /usr/bin/python3 -W ignore:setup.py install is deprecated -W ignore:easy_install command is deprecated setup.py egg_info --egg-base ../../build/task3 build --build-base /home/michael/robo_ai_turku_2025/lab_1/ros2_ws/build/task3/build install --record /home/michael/robo_ai_turku_2025/lab_1/ros2_ws/build/task3/install.log --single-version-externally-managed install_data
[1.887s] Level 1:colcon.colcon_core.environment:checking '/home/michael/robo_ai_turku_2025/lab_1/ros2_ws/install/task5' for CMake module files
[1.887s] DEBUG:colcon.colcon_core.event_handler.log_command:Invoked command in '/home/michael/robo_ai_turku_2025/lab_1/ros2_ws/src/task5' returned '0': AMENT_PREFIX_PATH=/home/michael/robo_ai_turku_2025/lab_1/ros2_ws/install/custom_interface:${AMENT_PREFIX_PATH} CMAKE_PREFIX_PATH=/home/michael/robo_ai_turku_2025/lab_1/ros2_ws/install/custom_interface LD_LIBRARY_PATH=/home/michael/robo_ai_turku_2025/lab_1/ros2_ws/install/custom_interface/lib:${LD_LIBRARY_PATH} PYTHONPATH=/home/michael/robo_ai_turku_2025/lab_1/ros2_ws/build/task5/prefix_override:/usr/lib/python3/dist-packages/colcon_core/task/python/colcon_distutils_commands:/home/michael/robo_ai_turku_2025/lab_1/ros2_ws/install/task5/lib/python3.10/site-packages:/home/michael/robo_ai_turku_2025/lab_1/ros2_ws/install/custom_interface/local/lib/python3.10/dist-packages:${PYTHONPATH} /usr/bin/python3 -W ignore:setup.py install is deprecated -W ignore:easy_install command is deprecated setup.py egg_info --egg-base ../../build/task5 build --build-base /home/michael/robo_ai_turku_2025/lab_1/ros2_ws/build/task5/build install --record /home/michael/robo_ai_turku_2025/lab_1/ros2_ws/build/task5/install.log --single-version-externally-managed install_data
[1.887s] Level 1:colcon.colcon_core.environment:checking '/home/michael/robo_ai_turku_2025/lab_1/ros2_ws/install/task5' for CMake config files
[1.888s] Level 1:colcon.colcon_core.environment:checking '/home/michael/robo_ai_turku_2025/lab_1/ros2_ws/install/task5/lib'
[1.888s] Level 1:colcon.colcon_core.environment:checking '/home/michael/robo_ai_turku_2025/lab_1/ros2_ws/install/task5/bin'
[1.888s] Level 1:colcon.colcon_core.environment:checking '/home/michael/robo_ai_turku_2025/lab_1/ros2_ws/install/task5/lib/pkgconfig/task5.pc'
[1.888s] Level 1:colcon.colcon_core.environment:checking '/home/michael/robo_ai_turku_2025/lab_1/ros2_ws/install/task5/lib/python3.10/site-packages'
[1.888s] Level 1:colcon.colcon_core.shell:create_environment_hook('task5', 'pythonpath')
[1.888s] INFO:colcon.colcon_core.shell:Creating environment hook '/home/michael/robo_ai_turku_2025/lab_1/ros2_ws/install/task5/share/task5/hook/pythonpath.ps1'
[1.889s] INFO:colcon.colcon_core.shell:Creating environment descriptor '/home/michael/robo_ai_turku_2025/lab_1/ros2_ws/install/task5/share/task5/hook/pythonpath.dsv'
[1.889s] INFO:colcon.colcon_core.shell:Creating environment hook '/home/michael/robo_ai_turku_2025/lab_1/ros2_ws/install/task5/share/task5/hook/pythonpath.sh'
[1.889s] Level 1:colcon.colcon_core.environment:checking '/home/michael/robo_ai_turku_2025/lab_1/ros2_ws/install/task5/bin'
[1.889s] Level 1:colcon.colcon_core.environment:create_environment_scripts_only(task5)
[1.889s] INFO:colcon.colcon_core.shell:Creating package script '/home/michael/robo_ai_turku_2025/lab_1/ros2_ws/install/task5/share/task5/package.ps1'
[1.890s] INFO:colcon.colcon_core.shell:Creating package descriptor '/home/michael/robo_ai_turku_2025/lab_1/ros2_ws/install/task5/share/task5/package.dsv'
[1.890s] INFO:colcon.colcon_core.shell:Creating package script '/home/michael/robo_ai_turku_2025/lab_1/ros2_ws/install/task5/share/task5/package.sh'
[1.891s] INFO:colcon.colcon_core.shell:Creating package script '/home/michael/robo_ai_turku_2025/lab_1/ros2_ws/install/task5/share/task5/package.bash'
[1.891s] INFO:colcon.colcon_core.shell:Creating package script '/home/michael/robo_ai_turku_2025/lab_1/ros2_ws/install/task5/share/task5/package.zsh'
[1.891s] Level 1:colcon.colcon_core.environment:create_file_with_runtime_dependencies(/home/michael/robo_ai_turku_2025/lab_1/ros2_ws/install/task5/share/colcon-core/packages/task5)
[1.891s] DEBUG:colcon.colcon_parallel_executor.executor.parallel:closing loop
[1.892s] DEBUG:colcon.colcon_parallel_executor.executor.parallel:loop closed
[1.892s] DEBUG:colcon.colcon_parallel_executor.executor.parallel:run_until_complete finished with '0'
[1.892s] DEBUG:colcon.colcon_core.event_reactor:joining thread
[1.897s] INFO:colcon.colcon_core.plugin_system:Skipping extension 'colcon_notification.desktop_notification.notify_send': Could not find 'notify-send'
[1.897s] INFO:colcon.colcon_core.plugin_system:Skipping extension 'colcon_notification.desktop_notification.terminal_notifier': Not used on non-Darwin systems
[1.897s] INFO:colcon.colcon_core.plugin_system:Skipping extension 'colcon_notification.desktop_notification.win32': Not used on non-Windows systems
[1.897s] INFO:colcon.colcon_notification.desktop_notification:Sending desktop notification using 'notify2'
[1.913s] DEBUG:colcon.colcon_notification.desktop_notification.notify2:Failed to initialize notify2: org.freedesktop.DBus.Error.ServiceUnknown: The name org.freedesktop.Notifications was not provided by any .service files
[1.913s] DEBUG:colcon.colcon_core.event_reactor:joined thread
[1.914s] INFO:colcon.colcon_core.shell:Creating prefix script '/home/michael/robo_ai_turku_2025/lab_1/ros2_ws/install/local_setup.ps1'
[1.915s] INFO:colcon.colcon_core.shell:Creating prefix util module '/home/michael/robo_ai_turku_2025/lab_1/ros2_ws/install/_local_setup_util_ps1.py'
[1.916s] INFO:colcon.colcon_core.shell:Creating prefix chain script '/home/michael/robo_ai_turku_2025/lab_1/ros2_ws/install/setup.ps1'
[1.917s] INFO:colcon.colcon_core.shell:Creating prefix script '/home/michael/robo_ai_turku_2025/lab_1/ros2_ws/install/local_setup.sh'
[1.917s] INFO:colcon.colcon_core.shell:Creating prefix util module '/home/michael/robo_ai_turku_2025/lab_1/ros2_ws/install/_local_setup_util_sh.py'
[1.918s] INFO:colcon.colcon_core.shell:Creating prefix chain script '/home/michael/robo_ai_turku_2025/lab_1/ros2_ws/install/setup.sh'
[1.919s] INFO:colcon.colcon_core.shell:Creating prefix script '/home/michael/robo_ai_turku_2025/lab_1/ros2_ws/install/local_setup.bash'
[1.920s] INFO:colcon.colcon_core.shell:Creating prefix chain script '/home/michael/robo_ai_turku_2025/lab_1/ros2_ws/install/setup.bash'
[1.920s] INFO:colcon.colcon_core.shell:Creating prefix script '/home/michael/robo_ai_turku_2025/lab_1/ros2_ws/install/local_setup.zsh'
[1.921s] INFO:colcon.colcon_core.shell:Creating prefix chain script '/home/michael/robo_ai_turku_2025/lab_1/ros2_ws/install/setup.zsh'
