running egg_info
creating ../../../build/lab5_task4/lab5_task4.egg-info
writing ../../../build/lab5_task4/lab5_task4.egg-info/PKG-INFO
writing dependency_links to ../../../build/lab5_task4/lab5_task4.egg-info/dependency_links.txt
writing entry points to ../../../build/lab5_task4/lab5_task4.egg-info/entry_points.txt
writing requirements to ../../../build/lab5_task4/lab5_task4.egg-info/requires.txt
writing top-level names to ../../../build/lab5_task4/lab5_task4.egg-info/top_level.txt
writing manifest file '../../../build/lab5_task4/lab5_task4.egg-info/SOURCES.txt'
reading manifest file '../../../build/lab5_task4/lab5_task4.egg-info/SOURCES.txt'
writing manifest file '../../../build/lab5_task4/lab5_task4.egg-info/SOURCES.txt'
running build
running build_py
creating /home/bot/Algo2025/robo_ai_turku_2025/build/lab5_task4/build
creating /home/bot/Algo2025/robo_ai_turku_2025/build/lab5_task4/build/lib
creating /home/bot/Algo2025/robo_ai_turku_2025/build/lab5_task4/build/lib/lab5_task4
copying lab5_task4/Task4_pfilter.py -> /home/bot/Algo2025/robo_ai_turku_2025/build/lab5_task4/build/lib/lab5_task4
copying lab5_task4/__init__.py -> /home/bot/Algo2025/robo_ai_turku_2025/build/lab5_task4/build/lib/lab5_task4
copying lab5_task4/LidarParticleFilter.py -> /home/bot/Algo2025/robo_ai_turku_2025/build/lab5_task4/build/lib/lab5_task4
running install
running install_lib
creating /home/bot/Algo2025/robo_ai_turku_2025/install/lab5_task4/lib/python3.10/site-packages/lab5_task4
copying /home/bot/Algo2025/robo_ai_turku_2025/build/lab5_task4/build/lib/lab5_task4/Task4_pfilter.py -> /home/bot/Algo2025/robo_ai_turku_2025/install/lab5_task4/lib/python3.10/site-packages/lab5_task4
copying /home/bot/Algo2025/robo_ai_turku_2025/build/lab5_task4/build/lib/lab5_task4/__init__.py -> /home/bot/Algo2025/robo_ai_turku_2025/install/lab5_task4/lib/python3.10/site-packages/lab5_task4
copying /home/bot/Algo2025/robo_ai_turku_2025/build/lab5_task4/build/lib/lab5_task4/LidarParticleFilter.py -> /home/bot/Algo2025/robo_ai_turku_2025/install/lab5_task4/lib/python3.10/site-packages/lab5_task4
byte-compiling /home/bot/Algo2025/robo_ai_turku_2025/install/lab5_task4/lib/python3.10/site-packages/lab5_task4/Task4_pfilter.py to Task4_pfilter.cpython-310.pyc
byte-compiling /home/bot/Algo2025/robo_ai_turku_2025/install/lab5_task4/lib/python3.10/site-packages/lab5_task4/__init__.py to __init__.cpython-310.pyc
byte-compiling /home/bot/Algo2025/robo_ai_turku_2025/install/lab5_task4/lib/python3.10/site-packages/lab5_task4/LidarParticleFilter.py to LidarParticleFilter.cpython-310.pyc
running install_data
creating /home/bot/Algo2025/robo_ai_turku_2025/install/lab5_task4/share/ament_index
creating /home/bot/Algo2025/robo_ai_turku_2025/install/lab5_task4/share/ament_index/resource_index
creating /home/bot/Algo2025/robo_ai_turku_2025/install/lab5_task4/share/ament_index/resource_index/packages
copying resource/lab5_task4 -> /home/bot/Algo2025/robo_ai_turku_2025/install/lab5_task4/share/ament_index/resource_index/packages
copying package.xml -> /home/bot/Algo2025/robo_ai_turku_2025/install/lab5_task4/share/lab5_task4
running install_egg_info
Copying ../../../build/lab5_task4/lab5_task4.egg-info to /home/bot/Algo2025/robo_ai_turku_2025/install/lab5_task4/lib/python3.10/site-packages/lab5_task4-0.0.0-py3.10.egg-info
running install_scripts
Installing lidar_position script to /home/bot/Algo2025/robo_ai_turku_2025/install/lab5_task4/lib/lab5_task4
writing list of installed files to '/home/bot/Algo2025/robo_ai_turku_2025/build/lab5_task4/install.log'
