[1.989s] Invoking command in '/home/bot/Algo2025/lab5/robo_ai_turku_2025/ros2_lab5_ws/src/lab5_task1': PYTHONPATH=/home/bot/Algo2025/lab5/robo_ai_turku_2025/ros2_lab5_ws/build/lab5_task1/prefix_override:/usr/lib/python3/dist-packages/colcon_core/task/python/colcon_distutils_commands:/home/bot/Algo2025/lab5/robo_ai_turku_2025/ros2_lab5_ws/install/lab5_task1/lib/python3.10/site-packages:${PYTHONPATH} /usr/bin/python3 -W ignore:setup.py install is deprecated -W ignore:easy_install command is deprecated setup.py egg_info --egg-base ../../build/lab5_task1 build --build-base /home/bot/Algo2025/lab5/robo_ai_turku_2025/ros2_lab5_ws/build/lab5_task1/build install --record /home/bot/Algo2025/lab5/robo_ai_turku_2025/ros2_lab5_ws/build/lab5_task1/install.log --single-version-externally-managed install_data
[2.424s] running egg_info
[2.425s] creating ../../build/lab5_task1/lab5_task1.egg-info
[2.426s] writing ../../build/lab5_task1/lab5_task1.egg-info/PKG-INFO
[2.427s] writing dependency_links to ../../build/lab5_task1/lab5_task1.egg-info/dependency_links.txt
[2.427s] writing entry points to ../../build/lab5_task1/lab5_task1.egg-info/entry_points.txt
[2.427s] writing requirements to ../../build/lab5_task1/lab5_task1.egg-info/requires.txt
[2.428s] writing top-level names to ../../build/lab5_task1/lab5_task1.egg-info/top_level.txt
[2.428s] writing manifest file '../../build/lab5_task1/lab5_task1.egg-info/SOURCES.txt'
[2.431s] reading manifest file '../../build/lab5_task1/lab5_task1.egg-info/SOURCES.txt'
[2.432s] writing manifest file '../../build/lab5_task1/lab5_task1.egg-info/SOURCES.txt'
[2.432s] running build
[2.432s] running build_py
[2.433s] creating /home/bot/Algo2025/lab5/robo_ai_turku_2025/ros2_lab5_ws/build/lab5_task1/build
[2.433s] creating /home/bot/Algo2025/lab5/robo_ai_turku_2025/ros2_lab5_ws/build/lab5_task1/build/lib
[2.433s] creating /home/bot/Algo2025/lab5/robo_ai_turku_2025/ros2_lab5_ws/build/lab5_task1/build/lib/lab5_task1
[2.433s] copying lab5_task1/feature_detector.py -> /home/bot/Algo2025/lab5/robo_ai_turku_2025/ros2_lab5_ws/build/lab5_task1/build/lib/lab5_task1
[2.433s] copying lab5_task1/__init__.py -> /home/bot/Algo2025/lab5/robo_ai_turku_2025/ros2_lab5_ws/build/lab5_task1/build/lib/lab5_task1
[2.433s] copying lab5_task1/line_detector.py -> /home/bot/Algo2025/lab5/robo_ai_turku_2025/ros2_lab5_ws/build/lab5_task1/build/lib/lab5_task1
[2.434s] copying lab5_task1/lidar_plot.py -> /home/bot/Algo2025/lab5/robo_ai_turku_2025/ros2_lab5_ws/build/lab5_task1/build/lib/lab5_task1
[2.435s] running install
[2.435s] running install_lib
[2.435s] creating /home/bot/Algo2025/lab5/robo_ai_turku_2025/ros2_lab5_ws/install/lab5_task1/lib/python3.10/site-packages/lab5_task1
[2.436s] copying /home/bot/Algo2025/lab5/robo_ai_turku_2025/ros2_lab5_ws/build/lab5_task1/build/lib/lab5_task1/feature_detector.py -> /home/bot/Algo2025/lab5/robo_ai_turku_2025/ros2_lab5_ws/install/lab5_task1/lib/python3.10/site-packages/lab5_task1
[2.436s] copying /home/bot/Algo2025/lab5/robo_ai_turku_2025/ros2_lab5_ws/build/lab5_task1/build/lib/lab5_task1/__init__.py -> /home/bot/Algo2025/lab5/robo_ai_turku_2025/ros2_lab5_ws/install/lab5_task1/lib/python3.10/site-packages/lab5_task1
[2.436s] copying /home/bot/Algo2025/lab5/robo_ai_turku_2025/ros2_lab5_ws/build/lab5_task1/build/lib/lab5_task1/line_detector.py -> /home/bot/Algo2025/lab5/robo_ai_turku_2025/ros2_lab5_ws/install/lab5_task1/lib/python3.10/site-packages/lab5_task1
[2.436s] copying /home/bot/Algo2025/lab5/robo_ai_turku_2025/ros2_lab5_ws/build/lab5_task1/build/lib/lab5_task1/lidar_plot.py -> /home/bot/Algo2025/lab5/robo_ai_turku_2025/ros2_lab5_ws/install/lab5_task1/lib/python3.10/site-packages/lab5_task1
[2.437s] byte-compiling /home/bot/Algo2025/lab5/robo_ai_turku_2025/ros2_lab5_ws/install/lab5_task1/lib/python3.10/site-packages/lab5_task1/feature_detector.py to feature_detector.cpython-310.pyc
[2.441s] byte-compiling /home/bot/Algo2025/lab5/robo_ai_turku_2025/ros2_lab5_ws/install/lab5_task1/lib/python3.10/site-packages/lab5_task1/__init__.py to __init__.cpython-310.pyc
[2.441s] byte-compiling /home/bot/Algo2025/lab5/robo_ai_turku_2025/ros2_lab5_ws/install/lab5_task1/lib/python3.10/site-packages/lab5_task1/line_detector.py to line_detector.cpython-310.pyc
[2.444s] byte-compiling /home/bot/Algo2025/lab5/robo_ai_turku_2025/ros2_lab5_ws/install/lab5_task1/lib/python3.10/site-packages/lab5_task1/lidar_plot.py to lidar_plot.cpython-310.pyc
[2.447s] running install_data
[2.447s] creating /home/bot/Algo2025/lab5/robo_ai_turku_2025/ros2_lab5_ws/install/lab5_task1/share/ament_index
[2.447s] creating /home/bot/Algo2025/lab5/robo_ai_turku_2025/ros2_lab5_ws/install/lab5_task1/share/ament_index/resource_index
[2.447s] creating /home/bot/Algo2025/lab5/robo_ai_turku_2025/ros2_lab5_ws/install/lab5_task1/share/ament_index/resource_index/packages
[2.447s] copying resource/lab5_task1 -> /home/bot/Algo2025/lab5/robo_ai_turku_2025/ros2_lab5_ws/install/lab5_task1/share/ament_index/resource_index/packages
[2.448s] copying package.xml -> /home/bot/Algo2025/lab5/robo_ai_turku_2025/ros2_lab5_ws/install/lab5_task1/share/lab5_task1
[2.448s] running install_egg_info
[2.450s] Copying ../../build/lab5_task1/lab5_task1.egg-info to /home/bot/Algo2025/lab5/robo_ai_turku_2025/ros2_lab5_ws/install/lab5_task1/lib/python3.10/site-packages/lab5_task1-0.0.0-py3.10.egg-info
[2.451s] running install_scripts
[2.493s] Installing feature_detector script to /home/bot/Algo2025/lab5/robo_ai_turku_2025/ros2_lab5_ws/install/lab5_task1/lib/lab5_task1
[2.494s] Installing lidar_plot script to /home/bot/Algo2025/lab5/robo_ai_turku_2025/ros2_lab5_ws/install/lab5_task1/lib/lab5_task1
[2.494s] Installing line_detector script to /home/bot/Algo2025/lab5/robo_ai_turku_2025/ros2_lab5_ws/install/lab5_task1/lib/lab5_task1
[2.494s] writing list of installed files to '/home/bot/Algo2025/lab5/robo_ai_turku_2025/ros2_lab5_ws/build/lab5_task1/install.log'
[2.611s] Invoked command in '/home/bot/Algo2025/lab5/robo_ai_turku_2025/ros2_lab5_ws/src/lab5_task1' returned '0': PYTHONPATH=/home/bot/Algo2025/lab5/robo_ai_turku_2025/ros2_lab5_ws/build/lab5_task1/prefix_override:/usr/lib/python3/dist-packages/colcon_core/task/python/colcon_distutils_commands:/home/bot/Algo2025/lab5/robo_ai_turku_2025/ros2_lab5_ws/install/lab5_task1/lib/python3.10/site-packages:${PYTHONPATH} /usr/bin/python3 -W ignore:setup.py install is deprecated -W ignore:easy_install command is deprecated setup.py egg_info --egg-base ../../build/lab5_task1 build --build-base /home/bot/Algo2025/lab5/robo_ai_turku_2025/ros2_lab5_ws/build/lab5_task1/build install --record /home/bot/Algo2025/lab5/robo_ai_turku_2025/ros2_lab5_ws/build/lab5_task1/install.log --single-version-externally-managed install_data
