[0.585s] Invoking command in '/home/michael/robo_ai_turku_2025/lab_1/ros2_ws/src/task2': AMENT_PREFIX_PATH=/home/michael/robo_ai_turku_2025/lab_1/ros2_ws/install/custom_interface:${AMENT_PREFIX_PATH} CMAKE_PREFIX_PATH=/home/michael/robo_ai_turku_2025/lab_1/ros2_ws/install/custom_interface LD_LIBRARY_PATH=/home/michael/robo_ai_turku_2025/lab_1/ros2_ws/install/custom_interface/lib:${LD_LIBRARY_PATH} PYTHONPATH=/home/michael/robo_ai_turku_2025/lab_1/ros2_ws/build/task2/prefix_override:/usr/lib/python3/dist-packages/colcon_core/task/python/colcon_distutils_commands:/home/michael/robo_ai_turku_2025/lab_1/ros2_ws/install/task2/lib/python3.10/site-packages:/home/michael/robo_ai_turku_2025/lab_1/ros2_ws/install/custom_interface/local/lib/python3.10/dist-packages:${PYTHONPATH} /usr/bin/python3 -W ignore:setup.py install is deprecated -W ignore:easy_install command is deprecated setup.py egg_info --egg-base ../../build/task2 build --build-base /home/michael/robo_ai_turku_2025/lab_1/ros2_ws/build/task2/build install --record /home/michael/robo_ai_turku_2025/lab_1/ros2_ws/build/task2/install.log --single-version-externally-managed install_data
[0.738s] running egg_info
[0.739s] writing ../../build/task2/task2.egg-info/PKG-INFO
[0.739s] writing dependency_links to ../../build/task2/task2.egg-info/dependency_links.txt
[0.739s] writing entry points to ../../build/task2/task2.egg-info/entry_points.txt
[0.740s] writing requirements to ../../build/task2/task2.egg-info/requires.txt
[0.740s] writing top-level names to ../../build/task2/task2.egg-info/top_level.txt
[0.741s] reading manifest file '../../build/task2/task2.egg-info/SOURCES.txt'
[0.742s] adding license file 'LICENSE'
[0.742s] writing manifest file '../../build/task2/task2.egg-info/SOURCES.txt'
[0.743s] running build
[0.743s] running build_py
[0.743s] running install
[0.749s] running install_lib
[0.750s] running install_data
[0.750s] running install_egg_info
[0.752s] removing '/home/michael/robo_ai_turku_2025/lab_1/ros2_ws/install/task2/lib/python3.10/site-packages/task2-0.0.0-py3.10.egg-info' (and everything under it)
[0.763s] Copying ../../build/task2/task2.egg-info to /home/michael/robo_ai_turku_2025/lab_1/ros2_ws/install/task2/lib/python3.10/site-packages/task2-0.0.0-py3.10.egg-info
[0.764s] running install_scripts
[0.780s] Installing publisher script to /home/michael/robo_ai_turku_2025/lab_1/ros2_ws/install/task2/lib/task2
[0.780s] Installing subscriber script to /home/michael/robo_ai_turku_2025/lab_1/ros2_ws/install/task2/lib/task2
[0.781s] writing list of installed files to '/home/michael/robo_ai_turku_2025/lab_1/ros2_ws/build/task2/install.log'
[0.805s] Invoked command in '/home/michael/robo_ai_turku_2025/lab_1/ros2_ws/src/task2' returned '0': AMENT_PREFIX_PATH=/home/michael/robo_ai_turku_2025/lab_1/ros2_ws/install/custom_interface:${AMENT_PREFIX_PATH} CMAKE_PREFIX_PATH=/home/michael/robo_ai_turku_2025/lab_1/ros2_ws/install/custom_interface LD_LIBRARY_PATH=/home/michael/robo_ai_turku_2025/lab_1/ros2_ws/install/custom_interface/lib:${LD_LIBRARY_PATH} PYTHONPATH=/home/michael/robo_ai_turku_2025/lab_1/ros2_ws/build/task2/prefix_override:/usr/lib/python3/dist-packages/colcon_core/task/python/colcon_distutils_commands:/home/michael/robo_ai_turku_2025/lab_1/ros2_ws/install/task2/lib/python3.10/site-packages:/home/michael/robo_ai_turku_2025/lab_1/ros2_ws/install/custom_interface/local/lib/python3.10/dist-packages:${PYTHONPATH} /usr/bin/python3 -W ignore:setup.py install is deprecated -W ignore:easy_install command is deprecated setup.py egg_info --egg-base ../../build/task2 build --build-base /home/michael/robo_ai_turku_2025/lab_1/ros2_ws/build/task2/build install --record /home/michael/robo_ai_turku_2025/lab_1/ros2_ws/build/task2/install.log --single-version-externally-managed install_data
