[0.184s] DEBUG:colcon:Command line arguments: ['/usr/bin/colcon', 'build']
[0.185s] DEBUG:colcon:Parsed command line arguments: Namespace(log_base=None, log_level=None, verb_name='build', build_base='build', install_base='install', merge_install=False, symlink_install=False, test_result_base=None, continue_on_error=False, executor='parallel', parallel_workers=8, event_handlers=None, ignore_user_meta=False, metas=['./colcon.meta'], base_paths=['.'], packages_ignore=None, packages_ignore_regex=None, paths=None, packages_up_to=None, packages_up_to_regex=None, packages_above=None, packages_above_and_dependencies=None, packages_above_depth=None, packages_select_by_dep=None, packages_skip_by_dep=None, packages_skip_up_to=None, packages_select_build_failed=False, packages_skip_build_finished=False, packages_select_test_failures=False, packages_skip_test_passed=False, packages_select=None, packages_skip=None, packages_select_regex=None, packages_skip_regex=None, packages_start=None, packages_end=None, allow_overriding=[], cmake_args=None, cmake_target=None, cmake_target_skip_unavailable=False, cmake_clean_cache=False, cmake_clean_first=False, cmake_force_configure=False, ament_cmake_args=None, catkin_cmake_args=None, catkin_skip_building_tests=False, verb_parser=<colcon_defaults.argument_parser.defaults.DefaultArgumentsDecorator object at 0x7b41cb038ee0>, verb_extension=<colcon_core.verb.build.BuildVerb object at 0x7b41cb038970>, main=<bound method BuildVerb.main of <colcon_core.verb.build.BuildVerb object at 0x7b41cb038970>>)
[0.461s] Level 1:colcon.colcon_core.package_discovery:discover_packages(colcon_meta) check parameters
[0.462s] Level 1:colcon.colcon_core.package_discovery:discover_packages(recursive) check parameters
[0.469s] Level 1:colcon.colcon_core.package_discovery:discover_packages(ignore) check parameters
[0.470s] Level 1:colcon.colcon_core.package_discovery:discover_packages(path) check parameters
[0.470s] Level 1:colcon.colcon_core.package_discovery:discover_packages(colcon_meta) discover
[0.470s] Level 1:colcon.colcon_core.package_discovery:discover_packages(recursive) discover
[0.470s] INFO:colcon.colcon_core.package_discovery:Crawling recursively for packages in '/home/bot/lab/robo_ai_turku_2025/ros2_lab5_ws/src/lab5_task6'
[0.470s] Level 1:colcon.colcon_core.package_identification:_identify(.) by extensions ['ignore', 'ignore_ament_install']
[0.470s] Level 1:colcon.colcon_core.package_identification:_identify(.) by extension 'ignore'
[0.470s] Level 1:colcon.colcon_core.package_identification:_identify(.) by extension 'ignore_ament_install'
[0.470s] Level 1:colcon.colcon_core.package_identification:_identify(.) by extensions ['colcon_pkg']
[0.470s] Level 1:colcon.colcon_core.package_identification:_identify(.) by extension 'colcon_pkg'
[0.470s] Level 1:colcon.colcon_core.package_identification:_identify(.) by extensions ['colcon_meta']
[0.470s] Level 1:colcon.colcon_core.package_identification:_identify(.) by extension 'colcon_meta'
[0.470s] Level 1:colcon.colcon_core.package_identification:_identify(.) by extensions ['ros']
[0.470s] Level 1:colcon.colcon_core.package_identification:_identify(.) by extension 'ros'
[0.494s] DEBUG:colcon.colcon_core.package_identification:Package '.' with type 'ros.ament_python' and name 'lab5_task6'
[0.494s] Level 1:colcon.colcon_core.package_discovery:discover_packages(recursive) using defaults
[0.494s] Level 1:colcon.colcon_core.package_discovery:discover_packages(ignore) discover
[0.494s] Level 1:colcon.colcon_core.package_discovery:discover_packages(ignore) using defaults
[0.494s] Level 1:colcon.colcon_core.package_discovery:discover_packages(path) discover
[0.494s] Level 1:colcon.colcon_core.package_discovery:discover_packages(path) using defaults
[0.547s] Level 1:colcon.colcon_core.package_discovery:discover_packages(prefix_path) check parameters
[0.547s] Level 1:colcon.colcon_core.package_discovery:discover_packages(prefix_path) discover
[0.549s] DEBUG:colcon.colcon_installed_package_information.package_discovery:Found 1 installed packages in /home/bot/lab/robo_ai_turku_2025/ros2_lab5_ws/src/lab5_task6/install
[0.552s] DEBUG:colcon.colcon_installed_package_information.package_discovery:Found 456 installed packages in /opt/ros/humble
[0.557s] Level 1:colcon.colcon_core.package_discovery:discover_packages(prefix_path) using defaults
[0.650s] Level 5:colcon.colcon_core.verb:set package 'lab5_task6' build argument 'cmake_args' from command line to 'None'
[0.651s] Level 5:colcon.colcon_core.verb:set package 'lab5_task6' build argument 'cmake_target' from command line to 'None'
[0.651s] Level 5:colcon.colcon_core.verb:set package 'lab5_task6' build argument 'cmake_target_skip_unavailable' from command line to 'False'
[0.651s] Level 5:colcon.colcon_core.verb:set package 'lab5_task6' build argument 'cmake_clean_cache' from command line to 'False'
[0.651s] Level 5:colcon.colcon_core.verb:set package 'lab5_task6' build argument 'cmake_clean_first' from command line to 'False'
[0.651s] Level 5:colcon.colcon_core.verb:set package 'lab5_task6' build argument 'cmake_force_configure' from command line to 'False'
[0.651s] Level 5:colcon.colcon_core.verb:set package 'lab5_task6' build argument 'ament_cmake_args' from command line to 'None'
[0.651s] Level 5:colcon.colcon_core.verb:set package 'lab5_task6' build argument 'catkin_cmake_args' from command line to 'None'
[0.651s] Level 5:colcon.colcon_core.verb:set package 'lab5_task6' build argument 'catkin_skip_building_tests' from command line to 'False'
[0.651s] DEBUG:colcon.colcon_core.verb:Building package 'lab5_task6' with the following arguments: {'ament_cmake_args': None, 'build_base': '/home/bot/lab/robo_ai_turku_2025/ros2_lab5_ws/src/lab5_task6/build/lab5_task6', 'catkin_cmake_args': None, 'catkin_skip_building_tests': False, 'cmake_args': None, 'cmake_clean_cache': False, 'cmake_clean_first': False, 'cmake_force_configure': False, 'cmake_target': None, 'cmake_target_skip_unavailable': False, 'install_base': '/home/bot/lab/robo_ai_turku_2025/ros2_lab5_ws/src/lab5_task6/install/lab5_task6', 'merge_install': False, 'path': '/home/bot/lab/robo_ai_turku_2025/ros2_lab5_ws/src/lab5_task6', 'symlink_install': False, 'test_result_base': None}
[0.651s] INFO:colcon.colcon_core.executor:Executing jobs using 'parallel' executor
[0.652s] DEBUG:colcon.colcon_parallel_executor.executor.parallel:run_until_complete
[0.653s] INFO:colcon.colcon_ros.task.ament_python.build:Building ROS package in '/home/bot/lab/robo_ai_turku_2025/ros2_lab5_ws/src/lab5_task6' with build type 'ament_python'
[0.653s] Level 1:colcon.colcon_core.shell:create_environment_hook('lab5_task6', 'ament_prefix_path')
[0.656s] INFO:colcon.colcon_core.plugin_system:Skipping extension 'colcon_core.shell.bat': Not used on non-Windows systems
[0.657s] INFO:colcon.colcon_core.shell:Creating environment hook '/home/bot/lab/robo_ai_turku_2025/ros2_lab5_ws/src/lab5_task6/install/lab5_task6/share/lab5_task6/hook/ament_prefix_path.ps1'
[0.658s] INFO:colcon.colcon_core.shell:Creating environment descriptor '/home/bot/lab/robo_ai_turku_2025/ros2_lab5_ws/src/lab5_task6/install/lab5_task6/share/lab5_task6/hook/ament_prefix_path.dsv'
[0.658s] INFO:colcon.colcon_core.shell:Creating environment hook '/home/bot/lab/robo_ai_turku_2025/ros2_lab5_ws/src/lab5_task6/install/lab5_task6/share/lab5_task6/hook/ament_prefix_path.sh'
[0.660s] INFO:colcon.colcon_core.shell:Skip shell extension 'powershell' for command environment: Not usable outside of PowerShell
[0.660s] DEBUG:colcon.colcon_core.shell:Skip shell extension 'dsv' for command environment
[1.142s] INFO:colcon.colcon_core.task.python.build:Building Python package in '/home/bot/lab/robo_ai_turku_2025/ros2_lab5_ws/src/lab5_task6'
[1.142s] INFO:colcon.colcon_core.shell:Skip shell extension 'powershell' for command environment: Not usable outside of PowerShell
[1.142s] DEBUG:colcon.colcon_core.shell:Skip shell extension 'dsv' for command environment
[1.825s] DEBUG:colcon.colcon_core.event_handler.log_command:Invoking command in '/home/bot/lab/robo_ai_turku_2025/ros2_lab5_ws/src/lab5_task6': PYTHONPATH=/home/bot/lab/robo_ai_turku_2025/ros2_lab5_ws/src/lab5_task6/build/lab5_task6/prefix_override:/usr/lib/python3/dist-packages/colcon_core/task/python/colcon_distutils_commands:/home/bot/lab/robo_ai_turku_2025/ros2_lab5_ws/src/lab5_task6/install/lab5_task6/lib/python3.10/site-packages:${PYTHONPATH} /usr/bin/python3 -W ignore:setup.py install is deprecated -W ignore:easy_install command is deprecated setup.py egg_info --egg-base build/lab5_task6 build --build-base /home/bot/lab/robo_ai_turku_2025/ros2_lab5_ws/src/lab5_task6/build/lab5_task6/build install --record /home/bot/lab/robo_ai_turku_2025/ros2_lab5_ws/src/lab5_task6/build/lab5_task6/install.log --single-version-externally-managed install_data
[2.330s] DEBUG:colcon.colcon_core.event_handler.log_command:Invoked command in '/home/bot/lab/robo_ai_turku_2025/ros2_lab5_ws/src/lab5_task6' returned '0': PYTHONPATH=/home/bot/lab/robo_ai_turku_2025/ros2_lab5_ws/src/lab5_task6/build/lab5_task6/prefix_override:/usr/lib/python3/dist-packages/colcon_core/task/python/colcon_distutils_commands:/home/bot/lab/robo_ai_turku_2025/ros2_lab5_ws/src/lab5_task6/install/lab5_task6/lib/python3.10/site-packages:${PYTHONPATH} /usr/bin/python3 -W ignore:setup.py install is deprecated -W ignore:easy_install command is deprecated setup.py egg_info --egg-base build/lab5_task6 build --build-base /home/bot/lab/robo_ai_turku_2025/ros2_lab5_ws/src/lab5_task6/build/lab5_task6/build install --record /home/bot/lab/robo_ai_turku_2025/ros2_lab5_ws/src/lab5_task6/build/lab5_task6/install.log --single-version-externally-managed install_data
[2.336s] Level 1:colcon.colcon_core.environment:checking '/home/bot/lab/robo_ai_turku_2025/ros2_lab5_ws/src/lab5_task6/install/lab5_task6' for CMake module files
[2.337s] Level 1:colcon.colcon_core.environment:checking '/home/bot/lab/robo_ai_turku_2025/ros2_lab5_ws/src/lab5_task6/install/lab5_task6' for CMake config files
[2.338s] Level 1:colcon.colcon_core.environment:checking '/home/bot/lab/robo_ai_turku_2025/ros2_lab5_ws/src/lab5_task6/install/lab5_task6/lib'
[2.338s] Level 1:colcon.colcon_core.environment:checking '/home/bot/lab/robo_ai_turku_2025/ros2_lab5_ws/src/lab5_task6/install/lab5_task6/bin'
[2.338s] Level 1:colcon.colcon_core.environment:checking '/home/bot/lab/robo_ai_turku_2025/ros2_lab5_ws/src/lab5_task6/install/lab5_task6/lib/pkgconfig/lab5_task6.pc'
[2.338s] Level 1:colcon.colcon_core.environment:checking '/home/bot/lab/robo_ai_turku_2025/ros2_lab5_ws/src/lab5_task6/install/lab5_task6/lib/python3.10/site-packages'
[2.338s] Level 1:colcon.colcon_core.shell:create_environment_hook('lab5_task6', 'pythonpath')
[2.339s] INFO:colcon.colcon_core.shell:Creating environment hook '/home/bot/lab/robo_ai_turku_2025/ros2_lab5_ws/src/lab5_task6/install/lab5_task6/share/lab5_task6/hook/pythonpath.ps1'
[2.339s] INFO:colcon.colcon_core.shell:Creating environment descriptor '/home/bot/lab/robo_ai_turku_2025/ros2_lab5_ws/src/lab5_task6/install/lab5_task6/share/lab5_task6/hook/pythonpath.dsv'
[2.340s] INFO:colcon.colcon_core.shell:Creating environment hook '/home/bot/lab/robo_ai_turku_2025/ros2_lab5_ws/src/lab5_task6/install/lab5_task6/share/lab5_task6/hook/pythonpath.sh'
[2.341s] Level 1:colcon.colcon_core.environment:checking '/home/bot/lab/robo_ai_turku_2025/ros2_lab5_ws/src/lab5_task6/install/lab5_task6/bin'
[2.342s] Level 1:colcon.colcon_core.environment:create_environment_scripts_only(lab5_task6)
[2.342s] INFO:colcon.colcon_core.shell:Creating package script '/home/bot/lab/robo_ai_turku_2025/ros2_lab5_ws/src/lab5_task6/install/lab5_task6/share/lab5_task6/package.ps1'
[2.343s] INFO:colcon.colcon_core.shell:Creating package descriptor '/home/bot/lab/robo_ai_turku_2025/ros2_lab5_ws/src/lab5_task6/install/lab5_task6/share/lab5_task6/package.dsv'
[2.345s] INFO:colcon.colcon_core.shell:Creating package script '/home/bot/lab/robo_ai_turku_2025/ros2_lab5_ws/src/lab5_task6/install/lab5_task6/share/lab5_task6/package.sh'
[2.347s] INFO:colcon.colcon_core.shell:Creating package script '/home/bot/lab/robo_ai_turku_2025/ros2_lab5_ws/src/lab5_task6/install/lab5_task6/share/lab5_task6/package.bash'
[2.349s] INFO:colcon.colcon_core.shell:Creating package script '/home/bot/lab/robo_ai_turku_2025/ros2_lab5_ws/src/lab5_task6/install/lab5_task6/share/lab5_task6/package.zsh'
[2.351s] Level 1:colcon.colcon_core.environment:create_file_with_runtime_dependencies(/home/bot/lab/robo_ai_turku_2025/ros2_lab5_ws/src/lab5_task6/install/lab5_task6/share/colcon-core/packages/lab5_task6)
[2.351s] DEBUG:colcon.colcon_parallel_executor.executor.parallel:closing loop
[2.352s] DEBUG:colcon.colcon_parallel_executor.executor.parallel:loop closed
[2.352s] DEBUG:colcon.colcon_parallel_executor.executor.parallel:run_until_complete finished with '0'
[2.352s] DEBUG:colcon.colcon_core.event_reactor:joining thread
[2.361s] INFO:colcon.colcon_core.plugin_system:Skipping extension 'colcon_notification.desktop_notification.terminal_notifier': Not used on non-Darwin systems
[2.361s] INFO:colcon.colcon_core.plugin_system:Skipping extension 'colcon_notification.desktop_notification.win32': Not used on non-Windows systems
[2.362s] INFO:colcon.colcon_notification.desktop_notification:Sending desktop notification using 'notify2'
[2.383s] DEBUG:colcon.colcon_core.event_reactor:joined thread
[2.384s] INFO:colcon.colcon_core.shell:Creating prefix script '/home/bot/lab/robo_ai_turku_2025/ros2_lab5_ws/src/lab5_task6/install/local_setup.ps1'
[2.386s] INFO:colcon.colcon_core.shell:Creating prefix util module '/home/bot/lab/robo_ai_turku_2025/ros2_lab5_ws/src/lab5_task6/install/_local_setup_util_ps1.py'
[2.391s] INFO:colcon.colcon_core.shell:Creating prefix chain script '/home/bot/lab/robo_ai_turku_2025/ros2_lab5_ws/src/lab5_task6/install/setup.ps1'
[2.392s] INFO:colcon.colcon_core.shell:Creating prefix script '/home/bot/lab/robo_ai_turku_2025/ros2_lab5_ws/src/lab5_task6/install/local_setup.sh'
[2.393s] INFO:colcon.colcon_core.shell:Creating prefix util module '/home/bot/lab/robo_ai_turku_2025/ros2_lab5_ws/src/lab5_task6/install/_local_setup_util_sh.py'
[2.394s] INFO:colcon.colcon_core.shell:Creating prefix chain script '/home/bot/lab/robo_ai_turku_2025/ros2_lab5_ws/src/lab5_task6/install/setup.sh'
[2.397s] INFO:colcon.colcon_core.shell:Creating prefix script '/home/bot/lab/robo_ai_turku_2025/ros2_lab5_ws/src/lab5_task6/install/local_setup.bash'
[2.398s] INFO:colcon.colcon_core.shell:Creating prefix chain script '/home/bot/lab/robo_ai_turku_2025/ros2_lab5_ws/src/lab5_task6/install/setup.bash'
[2.401s] INFO:colcon.colcon_core.shell:Creating prefix script '/home/bot/lab/robo_ai_turku_2025/ros2_lab5_ws/src/lab5_task6/install/local_setup.zsh'
[2.403s] INFO:colcon.colcon_core.shell:Creating prefix chain script '/home/bot/lab/robo_ai_turku_2025/ros2_lab5_ws/src/lab5_task6/install/setup.zsh'
